[0.007s] Invoking command in '/home/hoapham/ros2_ws/build/zivid_interfaces': CMAKE_PREFIX_PATH=${CMAKE_PREFIX_PATH}:/opt/ros/humble /usr/bin/cmake --build /home/hoapham/ros2_ws/build/zivid_interfaces
[0.056s] [  0%] Built target zivid_interfaces__cpp
[0.060s] [ 12%] Built target zivid_interfaces__rosidl_generator_c
[0.071s] [ 12%] Built target ament_cmake_python_copy_zivid_interfaces
[0.088s] [ 58%] Built target zivid_interfaces__rosidl_typesupport_c
[0.088s] [ 58%] Built target zivid_interfaces__rosidl_typesupport_cpp
[0.088s] [ 59%] Built target zivid_interfaces__rosidl_typesupport_introspection_cpp
[0.088s] [ 61%] Built target zivid_interfaces__rosidl_typesupport_fastrtps_cpp
[0.092s] [ 73%] Built target zivid_interfaces__rosidl_typesupport_introspection_c
[0.095s] [ 85%] Built target zivid_interfaces__rosidl_typesupport_fastrtps_c
[0.113s] [ 85%] Built target zivid_interfaces
[0.133s] [ 86%] Built target zivid_interfaces__py
[0.157s] [ 97%] Built target zivid_interfaces__rosidl_generator_py
[0.176s] [100%] Built target zivid_interfaces__rosidl_typesupport_fastrtps_c__pyext
[0.176s] [100%] Built target zivid_interfaces__rosidl_typesupport_c__pyext
[0.176s] [100%] Built target zivid_interfaces__rosidl_typesupport_introspection_c__pyext
[0.230s] running egg_info
[0.230s] writing zivid_interfaces.egg-info/PKG-INFO
[0.230s] writing dependency_links to zivid_interfaces.egg-info/dependency_links.txt
[0.230s] writing top-level names to zivid_interfaces.egg-info/top_level.txt
[0.232s] reading manifest file 'zivid_interfaces.egg-info/SOURCES.txt'
[0.232s] writing manifest file 'zivid_interfaces.egg-info/SOURCES.txt'
[0.252s] [100%] Built target ament_cmake_python_build_zivid_interfaces_egg
[0.263s] Invoked command in '/home/hoapham/ros2_ws/build/zivid_interfaces' returned '0': CMAKE_PREFIX_PATH=${CMAKE_PREFIX_PATH}:/opt/ros/humble /usr/bin/cmake --build /home/hoapham/ros2_ws/build/zivid_interfaces
[0.265s] Invoking command in '/home/hoapham/ros2_ws/build/zivid_interfaces': CMAKE_PREFIX_PATH=${CMAKE_PREFIX_PATH}:/opt/ros/humble /usr/bin/cmake --install /home/hoapham/ros2_ws/build/zivid_interfaces
[0.271s] -- Install configuration: ""
[0.271s] -- Up-to-date: /home/hoapham/ros2_ws/install/zivid_interfaces/share/ament_index/resource_index/rosidl_interfaces/zivid_interfaces
[0.271s] -- Up-to-date: /home/hoapham/ros2_ws/install/zivid_interfaces/include/zivid_interfaces/zivid_interfaces
[0.272s] -- Up-to-date: /home/hoapham/ros2_ws/install/zivid_interfaces/include/zivid_interfaces/zivid_interfaces/msg
[0.272s] -- Up-to-date: /home/hoapham/ros2_ws/install/zivid_interfaces/include/zivid_interfaces/zivid_interfaces/msg/hand_eye_calibration_residual.h
[0.272s] -- Up-to-date: /home/hoapham/ros2_ws/install/zivid_interfaces/include/zivid_interfaces/zivid_interfaces/msg/marker_shape.h
[0.272s] -- Up-to-date: /home/hoapham/ros2_ws/install/zivid_interfaces/include/zivid_interfaces/zivid_interfaces/msg/detail
[0.272s] -- Up-to-date: /home/hoapham/ros2_ws/install/zivid_interfaces/include/zivid_interfaces/zivid_interfaces/msg/detail/hand_eye_calibration_residual__type_support.h
[0.272s] -- Up-to-date: /home/hoapham/ros2_ws/install/zivid_interfaces/include/zivid_interfaces/zivid_interfaces/msg/detail/detection_result_calibration_board__struct.h
[0.272s] -- Up-to-date: /home/hoapham/ros2_ws/install/zivid_interfaces/include/zivid_interfaces/zivid_interfaces/msg/detail/hand_eye_calibration_objects__type_support.h
[0.272s] -- Up-to-date: /home/hoapham/ros2_ws/install/zivid_interfaces/include/zivid_interfaces/zivid_interfaces/msg/detail/marker_shape__functions.h
[0.272s] -- Up-to-date: /home/hoapham/ros2_ws/install/zivid_interfaces/include/zivid_interfaces/zivid_interfaces/msg/detail/detection_result_calibration_board__type_support.h
[0.272s] -- Up-to-date: /home/hoapham/ros2_ws/install/zivid_interfaces/include/zivid_interfaces/zivid_interfaces/msg/detail/hand_eye_calibration_residual__struct.h
[0.272s] -- Up-to-date: /home/hoapham/ros2_ws/install/zivid_interfaces/include/zivid_interfaces/zivid_interfaces/msg/detail/fixed_placement_of_calibration_board__functions.c
[0.272s] -- Up-to-date: /home/hoapham/ros2_ws/install/zivid_interfaces/include/zivid_interfaces/zivid_interfaces/msg/detail/fixed_placement_of_calibration_objects__type_support.h
[0.272s] -- Up-to-date: /home/hoapham/ros2_ws/install/zivid_interfaces/include/zivid_interfaces/zivid_interfaces/msg/detail/fixed_placement_of_calibration_objects__functions.h
[0.272s] -- Up-to-date: /home/hoapham/ros2_ws/install/zivid_interfaces/include/zivid_interfaces/zivid_interfaces/msg/detail/detection_result_fiducial_markers__functions.c
[0.272s] -- Up-to-date: /home/hoapham/ros2_ws/install/zivid_interfaces/include/zivid_interfaces/zivid_interfaces/msg/detail/detection_result_fiducial_markers__type_support.h
[0.273s] -- Up-to-date: /home/hoapham/ros2_ws/install/zivid_interfaces/include/zivid_interfaces/zivid_interfaces/msg/detail/fixed_placement_of_fiducial_marker__type_support.h
[0.273s] -- Up-to-date: /home/hoapham/ros2_ws/install/zivid_interfaces/include/zivid_interfaces/zivid_interfaces/msg/detail/marker_shape__struct.h
[0.273s] -- Up-to-date: /home/hoapham/ros2_ws/install/zivid_interfaces/include/zivid_interfaces/zivid_interfaces/msg/detail/detection_result_fiducial_markers__struct.h
[0.273s] -- Up-to-date: /home/hoapham/ros2_ws/install/zivid_interfaces/include/zivid_interfaces/zivid_interfaces/msg/detail/fixed_placement_of_calibration_board__type_support.h
[0.273s] -- Up-to-date: /home/hoapham/ros2_ws/install/zivid_interfaces/include/zivid_interfaces/zivid_interfaces/msg/detail/fixed_placement_of_calibration_board__struct.h
[0.273s] -- Up-to-date: /home/hoapham/ros2_ws/install/zivid_interfaces/include/zivid_interfaces/zivid_interfaces/msg/detail/hand_eye_calibration_residual__functions.h
[0.273s] -- Up-to-date: /home/hoapham/ros2_ws/install/zivid_interfaces/include/zivid_interfaces/zivid_interfaces/msg/detail/fixed_placement_of_fiducial_marker__functions.h
[0.273s] -- Up-to-date: /home/hoapham/ros2_ws/install/zivid_interfaces/include/zivid_interfaces/zivid_interfaces/msg/detail/hand_eye_calibration_objects__functions.h
[0.273s] -- Up-to-date: /home/hoapham/ros2_ws/install/zivid_interfaces/include/zivid_interfaces/zivid_interfaces/msg/detail/detection_result_fiducial_markers__functions.h
[0.273s] -- Up-to-date: /home/hoapham/ros2_ws/install/zivid_interfaces/include/zivid_interfaces/zivid_interfaces/msg/detail/fixed_placement_of_calibration_board__functions.h
[0.273s] -- Up-to-date: /home/hoapham/ros2_ws/install/zivid_interfaces/include/zivid_interfaces/zivid_interfaces/msg/detail/marker_shape__functions.c
[0.273s] -- Up-to-date: /home/hoapham/ros2_ws/install/zivid_interfaces/include/zivid_interfaces/zivid_interfaces/msg/detail/detection_result_calibration_board__functions.c
[0.273s] -- Up-to-date: /home/hoapham/ros2_ws/install/zivid_interfaces/include/zivid_interfaces/zivid_interfaces/msg/detail/fixed_placement_of_fiducial_marker__functions.c
[0.273s] -- Up-to-date: /home/hoapham/ros2_ws/install/zivid_interfaces/include/zivid_interfaces/zivid_interfaces/msg/detail/fixed_placement_of_calibration_objects__struct.h
[0.273s] -- Up-to-date: /home/hoapham/ros2_ws/install/zivid_interfaces/include/zivid_interfaces/zivid_interfaces/msg/detail/hand_eye_calibration_objects__functions.c
[0.273s] -- Up-to-date: /home/hoapham/ros2_ws/install/zivid_interfaces/include/zivid_interfaces/zivid_interfaces/msg/detail/hand_eye_calibration_objects__struct.h
[0.273s] -- Up-to-date: /home/hoapham/ros2_ws/install/zivid_interfaces/include/zivid_interfaces/zivid_interfaces/msg/detail/marker_shape__type_support.h
[0.273s] -- Up-to-date: /home/hoapham/ros2_ws/install/zivid_interfaces/include/zivid_interfaces/zivid_interfaces/msg/detail/detection_result_calibration_board__functions.h
[0.273s] -- Up-to-date: /home/hoapham/ros2_ws/install/zivid_interfaces/include/zivid_interfaces/zivid_interfaces/msg/detail/fixed_placement_of_fiducial_marker__struct.h
[0.273s] -- Up-to-date: /home/hoapham/ros2_ws/install/zivid_interfaces/include/zivid_interfaces/zivid_interfaces/msg/detail/hand_eye_calibration_residual__functions.c
[0.273s] -- Up-to-date: /home/hoapham/ros2_ws/install/zivid_interfaces/include/zivid_interfaces/zivid_interfaces/msg/detail/fixed_placement_of_calibration_objects__functions.c
[0.273s] -- Up-to-date: /home/hoapham/ros2_ws/install/zivid_interfaces/include/zivid_interfaces/zivid_interfaces/msg/fixed_placement_of_calibration_objects.h
[0.273s] -- Up-to-date: /home/hoapham/ros2_ws/install/zivid_interfaces/include/zivid_interfaces/zivid_interfaces/msg/hand_eye_calibration_objects.h
[0.273s] -- Up-to-date: /home/hoapham/ros2_ws/install/zivid_interfaces/include/zivid_interfaces/zivid_interfaces/msg/fixed_placement_of_fiducial_marker.h
[0.273s] -- Up-to-date: /home/hoapham/ros2_ws/install/zivid_interfaces/include/zivid_interfaces/zivid_interfaces/msg/fixed_placement_of_calibration_board.h
[0.274s] -- Up-to-date: /home/hoapham/ros2_ws/install/zivid_interfaces/include/zivid_interfaces/zivid_interfaces/msg/rosidl_generator_c__visibility_control.h
[0.274s] -- Up-to-date: /home/hoapham/ros2_ws/install/zivid_interfaces/include/zivid_interfaces/zivid_interfaces/msg/detection_result_calibration_board.h
[0.274s] -- Up-to-date: /home/hoapham/ros2_ws/install/zivid_interfaces/include/zivid_interfaces/zivid_interfaces/msg/detection_result_fiducial_markers.h
[0.274s] -- Up-to-date: /home/hoapham/ros2_ws/install/zivid_interfaces/include/zivid_interfaces/zivid_interfaces/srv
[0.274s] -- Up-to-date: /home/hoapham/ros2_ws/install/zivid_interfaces/include/zivid_interfaces/zivid_interfaces/srv/hand_eye_calibration_capture.h
[0.274s] -- Up-to-date: /home/hoapham/ros2_ws/install/zivid_interfaces/include/zivid_interfaces/zivid_interfaces/srv/is_connected.h
[0.274s] -- Up-to-date: /home/hoapham/ros2_ws/install/zivid_interfaces/include/zivid_interfaces/zivid_interfaces/srv/detail
[0.274s] -- Up-to-date: /home/hoapham/ros2_ws/install/zivid_interfaces/include/zivid_interfaces/zivid_interfaces/srv/detail/capture_and_detect_markers__functions.h
[0.274s] -- Up-to-date: /home/hoapham/ros2_ws/install/zivid_interfaces/include/zivid_interfaces/zivid_interfaces/srv/detail/capture_and_detect_markers__struct.h
[0.274s] -- Up-to-date: /home/hoapham/ros2_ws/install/zivid_interfaces/include/zivid_interfaces/zivid_interfaces/srv/detail/infield_correction_compute__functions.h
[0.274s] -- Up-to-date: /home/hoapham/ros2_ws/install/zivid_interfaces/include/zivid_interfaces/zivid_interfaces/srv/detail/hand_eye_calibration_load__functions.c
[0.274s] -- Up-to-date: /home/hoapham/ros2_ws/install/zivid_interfaces/include/zivid_interfaces/zivid_interfaces/srv/detail/capture_and_detect_calibration_board__type_support.h
[0.274s] -- Up-to-date: /home/hoapham/ros2_ws/install/zivid_interfaces/include/zivid_interfaces/zivid_interfaces/srv/detail/hand_eye_calibration_load__struct.h
[0.274s] -- Up-to-date: /home/hoapham/ros2_ws/install/zivid_interfaces/include/zivid_interfaces/zivid_interfaces/srv/detail/hand_eye_calibration_start__functions.h
[0.274s] -- Up-to-date: /home/hoapham/ros2_ws/install/zivid_interfaces/include/zivid_interfaces/zivid_interfaces/srv/detail/infield_correction_capture__type_support.h
[0.274s] -- Up-to-date: /home/hoapham/ros2_ws/install/zivid_interfaces/include/zivid_interfaces/zivid_interfaces/srv/detail/camera_info_serial_number__functions.c
[0.274s] -- Up-to-date: /home/hoapham/ros2_ws/install/zivid_interfaces/include/zivid_interfaces/zivid_interfaces/srv/detail/is_connected__functions.h
[0.274s] -- Up-to-date: /home/hoapham/ros2_ws/install/zivid_interfaces/include/zivid_interfaces/zivid_interfaces/srv/detail/hand_eye_calibration_calibrate__functions.h
[0.274s] -- Up-to-date: /home/hoapham/ros2_ws/install/zivid_interfaces/include/zivid_interfaces/zivid_interfaces/srv/detail/camera_info_model_name__functions.h
[0.274s] -- Up-to-date: /home/hoapham/ros2_ws/install/zivid_interfaces/include/zivid_interfaces/zivid_interfaces/srv/detail/capture_assistant_suggest_settings__functions.h
[0.274s] -- Up-to-date: /home/hoapham/ros2_ws/install/zivid_interfaces/include/zivid_interfaces/zivid_interfaces/srv/detail/infield_correction_compute__functions.c
[0.274s] -- Up-to-date: /home/hoapham/ros2_ws/install/zivid_interfaces/include/zivid_interfaces/zivid_interfaces/srv/detail/infield_correction_capture__functions.c
[0.274s] -- Up-to-date: /home/hoapham/ros2_ws/install/zivid_interfaces/include/zivid_interfaces/zivid_interfaces/srv/detail/capture_and_detect_calibration_board__struct.h
[0.274s] -- Up-to-date: /home/hoapham/ros2_ws/install/zivid_interfaces/include/zivid_interfaces/zivid_interfaces/srv/detail/camera_info_serial_number__functions.h
[0.274s] -- Up-to-date: /home/hoapham/ros2_ws/install/zivid_interfaces/include/zivid_interfaces/zivid_interfaces/srv/detail/capture_and_save__functions.h
[0.274s] -- Up-to-date: /home/hoapham/ros2_ws/install/zivid_interfaces/include/zivid_interfaces/zivid_interfaces/srv/detail/camera_info_serial_number__struct.h
[0.274s] -- Up-to-date: /home/hoapham/ros2_ws/install/zivid_interfaces/include/zivid_interfaces/zivid_interfaces/srv/detail/hand_eye_calibration_calibrate__struct.h
[0.275s] -- Up-to-date: /home/hoapham/ros2_ws/install/zivid_interfaces/include/zivid_interfaces/zivid_interfaces/srv/detail/hand_eye_calibration_capture__type_support.h
[0.275s] -- Up-to-date: /home/hoapham/ros2_ws/install/zivid_interfaces/include/zivid_interfaces/zivid_interfaces/srv/detail/hand_eye_calibration_capture__struct.h
[0.275s] -- Up-to-date: /home/hoapham/ros2_ws/install/zivid_interfaces/include/zivid_interfaces/zivid_interfaces/srv/detail/capture_assistant_suggest_settings__functions.c
[0.275s] -- Up-to-date: /home/hoapham/ros2_ws/install/zivid_interfaces/include/zivid_interfaces/zivid_interfaces/srv/detail/hand_eye_calibration_load__type_support.h
[0.275s] -- Up-to-date: /home/hoapham/ros2_ws/install/zivid_interfaces/include/zivid_interfaces/zivid_interfaces/srv/detail/capture_and_save__functions.c
[0.275s] -- Up-to-date: /home/hoapham/ros2_ws/install/zivid_interfaces/include/zivid_interfaces/zivid_interfaces/srv/detail/hand_eye_calibration_calibrate__type_support.h
[0.275s] -- Up-to-date: /home/hoapham/ros2_ws/install/zivid_interfaces/include/zivid_interfaces/zivid_interfaces/srv/detail/infield_correction_compute__struct.h
[0.275s] -- Up-to-date: /home/hoapham/ros2_ws/install/zivid_interfaces/include/zivid_interfaces/zivid_interfaces/srv/detail/camera_info_model_name__type_support.h
[0.275s] -- Up-to-date: /home/hoapham/ros2_ws/install/zivid_interfaces/include/zivid_interfaces/zivid_interfaces/srv/detail/infield_correction_read__functions.h
[0.275s] -- Up-to-date: /home/hoapham/ros2_ws/install/zivid_interfaces/include/zivid_interfaces/zivid_interfaces/srv/detail/capture_assistant_suggest_settings__type_support.h
[0.275s] -- Up-to-date: /home/hoapham/ros2_ws/install/zivid_interfaces/include/zivid_interfaces/zivid_interfaces/srv/detail/is_connected__type_support.h
[0.275s] -- Up-to-date: /home/hoapham/ros2_ws/install/zivid_interfaces/include/zivid_interfaces/zivid_interfaces/srv/detail/hand_eye_calibration_capture__functions.c
[0.275s] -- Up-to-date: /home/hoapham/ros2_ws/install/zivid_interfaces/include/zivid_interfaces/zivid_interfaces/srv/detail/camera_info_model_name__functions.c
[0.275s] -- Up-to-date: /home/hoapham/ros2_ws/install/zivid_interfaces/include/zivid_interfaces/zivid_interfaces/srv/detail/capture_and_detect_calibration_board__functions.c
[0.275s] -- Up-to-date: /home/hoapham/ros2_ws/install/zivid_interfaces/include/zivid_interfaces/zivid_interfaces/srv/detail/capture_and_detect_markers__type_support.h
[0.275s] -- Up-to-date: /home/hoapham/ros2_ws/install/zivid_interfaces/include/zivid_interfaces/zivid_interfaces/srv/detail/capture_and_detect_calibration_board__functions.h
[0.275s] -- Up-to-date: /home/hoapham/ros2_ws/install/zivid_interfaces/include/zivid_interfaces/zivid_interfaces/srv/detail/capture_and_detect_markers__functions.c
[0.275s] -- Up-to-date: /home/hoapham/ros2_ws/install/zivid_interfaces/include/zivid_interfaces/zivid_interfaces/srv/detail/infield_correction_capture__struct.h
[0.275s] -- Up-to-date: /home/hoapham/ros2_ws/install/zivid_interfaces/include/zivid_interfaces/zivid_interfaces/srv/detail/camera_info_serial_number__type_support.h
[0.275s] -- Up-to-date: /home/hoapham/ros2_ws/install/zivid_interfaces/include/zivid_interfaces/zivid_interfaces/srv/detail/infield_correction_compute__type_support.h
[0.275s] -- Up-to-date: /home/hoapham/ros2_ws/install/zivid_interfaces/include/zivid_interfaces/zivid_interfaces/srv/detail/hand_eye_calibration_start__struct.h
[0.275s] -- Up-to-date: /home/hoapham/ros2_ws/install/zivid_interfaces/include/zivid_interfaces/zivid_interfaces/srv/detail/is_connected__struct.h
[0.275s] -- Up-to-date: /home/hoapham/ros2_ws/install/zivid_interfaces/include/zivid_interfaces/zivid_interfaces/srv/detail/infield_correction_read__type_support.h
[0.276s] -- Up-to-date: /home/hoapham/ros2_ws/install/zivid_interfaces/include/zivid_interfaces/zivid_interfaces/srv/detail/camera_info_model_name__struct.h
[0.276s] -- Up-to-date: /home/hoapham/ros2_ws/install/zivid_interfaces/include/zivid_interfaces/zivid_interfaces/srv/detail/infield_correction_read__struct.h
[0.276s] -- Up-to-date: /home/hoapham/ros2_ws/install/zivid_interfaces/include/zivid_interfaces/zivid_interfaces/srv/detail/capture_assistant_suggest_settings__struct.h
[0.276s] -- Up-to-date: /home/hoapham/ros2_ws/install/zivid_interfaces/include/zivid_interfaces/zivid_interfaces/srv/detail/hand_eye_calibration_load__functions.h
[0.276s] -- Up-to-date: /home/hoapham/ros2_ws/install/zivid_interfaces/include/zivid_interfaces/zivid_interfaces/srv/detail/infield_correction_capture__functions.h
[0.276s] -- Up-to-date: /home/hoapham/ros2_ws/install/zivid_interfaces/include/zivid_interfaces/zivid_interfaces/srv/detail/hand_eye_calibration_start__functions.c
[0.276s] -- Up-to-date: /home/hoapham/ros2_ws/install/zivid_interfaces/include/zivid_interfaces/zivid_interfaces/srv/detail/capture_and_save__struct.h
[0.276s] -- Up-to-date: /home/hoapham/ros2_ws/install/zivid_interfaces/include/zivid_interfaces/zivid_interfaces/srv/detail/capture_and_save__type_support.h
[0.276s] -- Up-to-date: /home/hoapham/ros2_ws/install/zivid_interfaces/include/zivid_interfaces/zivid_interfaces/srv/detail/infield_correction_read__functions.c
[0.276s] -- Up-to-date: /home/hoapham/ros2_ws/install/zivid_interfaces/include/zivid_interfaces/zivid_interfaces/srv/detail/is_connected__functions.c
[0.276s] -- Up-to-date: /home/hoapham/ros2_ws/install/zivid_interfaces/include/zivid_interfaces/zivid_interfaces/srv/detail/hand_eye_calibration_capture__functions.h
[0.276s] -- Up-to-date: /home/hoapham/ros2_ws/install/zivid_interfaces/include/zivid_interfaces/zivid_interfaces/srv/detail/hand_eye_calibration_calibrate__functions.c
[0.276s] -- Up-to-date: /home/hoapham/ros2_ws/install/zivid_interfaces/include/zivid_interfaces/zivid_interfaces/srv/detail/hand_eye_calibration_start__type_support.h
[0.276s] -- Up-to-date: /home/hoapham/ros2_ws/install/zivid_interfaces/include/zivid_interfaces/zivid_interfaces/srv/hand_eye_calibration_calibrate.h
[0.276s] -- Up-to-date: /home/hoapham/ros2_ws/install/zivid_interfaces/include/zivid_interfaces/zivid_interfaces/srv/capture_and_detect_markers.h
[0.276s] -- Up-to-date: /home/hoapham/ros2_ws/install/zivid_interfaces/include/zivid_interfaces/zivid_interfaces/srv/capture_assistant_suggest_settings.h
[0.276s] -- Up-to-date: /home/hoapham/ros2_ws/install/zivid_interfaces/include/zivid_interfaces/zivid_interfaces/srv/camera_info_model_name.h
[0.276s] -- Up-to-date: /home/hoapham/ros2_ws/install/zivid_interfaces/include/zivid_interfaces/zivid_interfaces/srv/camera_info_serial_number.h
[0.276s] -- Up-to-date: /home/hoapham/ros2_ws/install/zivid_interfaces/include/zivid_interfaces/zivid_interfaces/srv/infield_correction_read.h
[0.276s] -- Up-to-date: /home/hoapham/ros2_ws/install/zivid_interfaces/include/zivid_interfaces/zivid_interfaces/srv/infield_correction_compute.h
[0.276s] -- Up-to-date: /home/hoapham/ros2_ws/install/zivid_interfaces/include/zivid_interfaces/zivid_interfaces/srv/hand_eye_calibration_load.h
[0.276s] -- Up-to-date: /home/hoapham/ros2_ws/install/zivid_interfaces/include/zivid_interfaces/zivid_interfaces/srv/capture_and_save.h
[0.277s] -- Up-to-date: /home/hoapham/ros2_ws/install/zivid_interfaces/include/zivid_interfaces/zivid_interfaces/srv/capture_and_detect_calibration_board.h
[0.277s] -- Up-to-date: /home/hoapham/ros2_ws/install/zivid_interfaces/include/zivid_interfaces/zivid_interfaces/srv/hand_eye_calibration_start.h
[0.277s] -- Up-to-date: /home/hoapham/ros2_ws/install/zivid_interfaces/include/zivid_interfaces/zivid_interfaces/srv/infield_correction_capture.h
[0.277s] -- Up-to-date: /home/hoapham/ros2_ws/install/zivid_interfaces/share/zivid_interfaces/environment/library_path.sh
[0.277s] -- Up-to-date: /home/hoapham/ros2_ws/install/zivid_interfaces/share/zivid_interfaces/environment/library_path.dsv
[0.277s] -- Up-to-date: /home/hoapham/ros2_ws/install/zivid_interfaces/lib/libzivid_interfaces__rosidl_generator_c.so
[0.277s] -- Up-to-date: /home/hoapham/ros2_ws/install/zivid_interfaces/include/zivid_interfaces/zivid_interfaces
[0.277s] -- Up-to-date: /home/hoapham/ros2_ws/install/zivid_interfaces/include/zivid_interfaces/zivid_interfaces/msg
[0.277s] -- Up-to-date: /home/hoapham/ros2_ws/install/zivid_interfaces/include/zivid_interfaces/zivid_interfaces/msg/detail
[0.277s] -- Up-to-date: /home/hoapham/ros2_ws/install/zivid_interfaces/include/zivid_interfaces/zivid_interfaces/msg/detail/hand_eye_calibration_objects__rosidl_typesupport_fastrtps_c.h
[0.277s] -- Up-to-date: /home/hoapham/ros2_ws/install/zivid_interfaces/include/zivid_interfaces/zivid_interfaces/msg/detail/fixed_placement_of_fiducial_marker__rosidl_typesupport_fastrtps_c.h
[0.277s] -- Up-to-date: /home/hoapham/ros2_ws/install/zivid_interfaces/include/zivid_interfaces/zivid_interfaces/msg/detail/detection_result_calibration_board__rosidl_typesupport_fastrtps_c.h
[0.277s] -- Up-to-date: /home/hoapham/ros2_ws/install/zivid_interfaces/include/zivid_interfaces/zivid_interfaces/msg/detail/marker_shape__rosidl_typesupport_fastrtps_c.h
[0.277s] -- Up-to-date: /home/hoapham/ros2_ws/install/zivid_interfaces/include/zivid_interfaces/zivid_interfaces/msg/detail/fixed_placement_of_calibration_objects__rosidl_typesupport_fastrtps_c.h
[0.277s] -- Up-to-date: /home/hoapham/ros2_ws/install/zivid_interfaces/include/zivid_interfaces/zivid_interfaces/msg/detail/detection_result_fiducial_markers__rosidl_typesupport_fastrtps_c.h
[0.277s] -- Up-to-date: /home/hoapham/ros2_ws/install/zivid_interfaces/include/zivid_interfaces/zivid_interfaces/msg/detail/fixed_placement_of_calibration_board__rosidl_typesupport_fastrtps_c.h
[0.277s] -- Up-to-date: /home/hoapham/ros2_ws/install/zivid_interfaces/include/zivid_interfaces/zivid_interfaces/msg/detail/hand_eye_calibration_residual__rosidl_typesupport_fastrtps_c.h
[0.277s] -- Up-to-date: /home/hoapham/ros2_ws/install/zivid_interfaces/include/zivid_interfaces/zivid_interfaces/msg/rosidl_typesupport_fastrtps_c__visibility_control.h
[0.277s] -- Up-to-date: /home/hoapham/ros2_ws/install/zivid_interfaces/include/zivid_interfaces/zivid_interfaces/srv
[0.277s] -- Up-to-date: /home/hoapham/ros2_ws/install/zivid_interfaces/include/zivid_interfaces/zivid_interfaces/srv/detail
[0.277s] -- Up-to-date: /home/hoapham/ros2_ws/install/zivid_interfaces/include/zivid_interfaces/zivid_interfaces/srv/detail/hand_eye_calibration_load__rosidl_typesupport_fastrtps_c.h
[0.277s] -- Up-to-date: /home/hoapham/ros2_ws/install/zivid_interfaces/include/zivid_interfaces/zivid_interfaces/srv/detail/capture_and_save__rosidl_typesupport_fastrtps_c.h
[0.277s] -- Up-to-date: /home/hoapham/ros2_ws/install/zivid_interfaces/include/zivid_interfaces/zivid_interfaces/srv/detail/hand_eye_calibration_start__rosidl_typesupport_fastrtps_c.h
[0.277s] -- Up-to-date: /home/hoapham/ros2_ws/install/zivid_interfaces/include/zivid_interfaces/zivid_interfaces/srv/detail/capture_and_detect_calibration_board__rosidl_typesupport_fastrtps_c.h
[0.277s] -- Up-to-date: /home/hoapham/ros2_ws/install/zivid_interfaces/include/zivid_interfaces/zivid_interfaces/srv/detail/infield_correction_read__rosidl_typesupport_fastrtps_c.h
[0.278s] -- Up-to-date: /home/hoapham/ros2_ws/install/zivid_interfaces/include/zivid_interfaces/zivid_interfaces/srv/detail/capture_assistant_suggest_settings__rosidl_typesupport_fastrtps_c.h
[0.278s] -- Up-to-date: /home/hoapham/ros2_ws/install/zivid_interfaces/include/zivid_interfaces/zivid_interfaces/srv/detail/camera_info_serial_number__rosidl_typesupport_fastrtps_c.h
[0.278s] -- Up-to-date: /home/hoapham/ros2_ws/install/zivid_interfaces/include/zivid_interfaces/zivid_interfaces/srv/detail/camera_info_model_name__rosidl_typesupport_fastrtps_c.h
[0.278s] -- Up-to-date: /home/hoapham/ros2_ws/install/zivid_interfaces/include/zivid_interfaces/zivid_interfaces/srv/detail/hand_eye_calibration_capture__rosidl_typesupport_fastrtps_c.h
[0.278s] -- Up-to-date: /home/hoapham/ros2_ws/install/zivid_interfaces/include/zivid_interfaces/zivid_interfaces/srv/detail/hand_eye_calibration_calibrate__rosidl_typesupport_fastrtps_c.h
[0.278s] -- Up-to-date: /home/hoapham/ros2_ws/install/zivid_interfaces/include/zivid_interfaces/zivid_interfaces/srv/detail/is_connected__rosidl_typesupport_fastrtps_c.h
[0.278s] -- Up-to-date: /home/hoapham/ros2_ws/install/zivid_interfaces/include/zivid_interfaces/zivid_interfaces/srv/detail/infield_correction_capture__rosidl_typesupport_fastrtps_c.h
[0.278s] -- Up-to-date: /home/hoapham/ros2_ws/install/zivid_interfaces/include/zivid_interfaces/zivid_interfaces/srv/detail/infield_correction_compute__rosidl_typesupport_fastrtps_c.h
[0.278s] -- Up-to-date: /home/hoapham/ros2_ws/install/zivid_interfaces/include/zivid_interfaces/zivid_interfaces/srv/detail/capture_and_detect_markers__rosidl_typesupport_fastrtps_c.h
[0.278s] -- Up-to-date: /home/hoapham/ros2_ws/install/zivid_interfaces/lib/libzivid_interfaces__rosidl_typesupport_fastrtps_c.so
[0.278s] -- Up-to-date: /home/hoapham/ros2_ws/install/zivid_interfaces/include/zivid_interfaces/zivid_interfaces
[0.278s] -- Up-to-date: /home/hoapham/ros2_ws/install/zivid_interfaces/include/zivid_interfaces/zivid_interfaces/msg
[0.278s] -- Up-to-date: /home/hoapham/ros2_ws/install/zivid_interfaces/include/zivid_interfaces/zivid_interfaces/msg/detail
[0.278s] -- Up-to-date: /home/hoapham/ros2_ws/install/zivid_interfaces/include/zivid_interfaces/zivid_interfaces/msg/detail/detection_result_calibration_board__struct.hpp
[0.278s] -- Up-to-date: /home/hoapham/ros2_ws/install/zivid_interfaces/include/zivid_interfaces/zivid_interfaces/msg/detail/fixed_placement_of_calibration_board__type_support.hpp
[0.278s] -- Up-to-date: /home/hoapham/ros2_ws/install/zivid_interfaces/include/zivid_interfaces/zivid_interfaces/msg/detail/detection_result_calibration_board__builder.hpp
[0.278s] -- Up-to-date: /home/hoapham/ros2_ws/install/zivid_interfaces/include/zivid_interfaces/zivid_interfaces/msg/detail/hand_eye_calibration_objects__type_support.hpp
[0.278s] -- Up-to-date: /home/hoapham/ros2_ws/install/zivid_interfaces/include/zivid_interfaces/zivid_interfaces/msg/detail/hand_eye_calibration_objects__builder.hpp
[0.278s] -- Up-to-date: /home/hoapham/ros2_ws/install/zivid_interfaces/include/zivid_interfaces/zivid_interfaces/msg/detail/detection_result_calibration_board__traits.hpp
[0.278s] -- Up-to-date: /home/hoapham/ros2_ws/install/zivid_interfaces/include/zivid_interfaces/zivid_interfaces/msg/detail/fixed_placement_of_calibration_objects__traits.hpp
[0.278s] -- Up-to-date: /home/hoapham/ros2_ws/install/zivid_interfaces/include/zivid_interfaces/zivid_interfaces/msg/detail/detection_result_fiducial_markers__type_support.hpp
[0.278s] -- Up-to-date: /home/hoapham/ros2_ws/install/zivid_interfaces/include/zivid_interfaces/zivid_interfaces/msg/detail/fixed_placement_of_calibration_board__struct.hpp
[0.278s] -- Up-to-date: /home/hoapham/ros2_ws/install/zivid_interfaces/include/zivid_interfaces/zivid_interfaces/msg/detail/fixed_placement_of_calibration_objects__builder.hpp
[0.278s] -- Up-to-date: /home/hoapham/ros2_ws/install/zivid_interfaces/include/zivid_interfaces/zivid_interfaces/msg/detail/hand_eye_calibration_objects__struct.hpp
[0.278s] -- Up-to-date: /home/hoapham/ros2_ws/install/zivid_interfaces/include/zivid_interfaces/zivid_interfaces/msg/detail/marker_shape__traits.hpp
[0.279s] -- Up-to-date: /home/hoapham/ros2_ws/install/zivid_interfaces/include/zivid_interfaces/zivid_interfaces/msg/detail/fixed_placement_of_calibration_board__traits.hpp
[0.279s] -- Up-to-date: /home/hoapham/ros2_ws/install/zivid_interfaces/include/zivid_interfaces/zivid_interfaces/msg/detail/hand_eye_calibration_residual__traits.hpp
[0.279s] -- Up-to-date: /home/hoapham/ros2_ws/install/zivid_interfaces/include/zivid_interfaces/zivid_interfaces/msg/detail/detection_result_fiducial_markers__builder.hpp
[0.279s] -- Up-to-date: /home/hoapham/ros2_ws/install/zivid_interfaces/include/zivid_interfaces/zivid_interfaces/msg/detail/detection_result_fiducial_markers__struct.hpp
[0.279s] -- Up-to-date: /home/hoapham/ros2_ws/install/zivid_interfaces/include/zivid_interfaces/zivid_interfaces/msg/detail/hand_eye_calibration_residual__builder.hpp
[0.279s] -- Up-to-date: /home/hoapham/ros2_ws/install/zivid_interfaces/include/zivid_interfaces/zivid_interfaces/msg/detail/fixed_placement_of_calibration_objects__struct.hpp
[0.279s] -- Up-to-date: /home/hoapham/ros2_ws/install/zivid_interfaces/include/zivid_interfaces/zivid_interfaces/msg/detail/marker_shape__type_support.hpp
[0.279s] -- Up-to-date: /home/hoapham/ros2_ws/install/zivid_interfaces/include/zivid_interfaces/zivid_interfaces/msg/detail/detection_result_calibration_board__type_support.hpp
[0.279s] -- Up-to-date: /home/hoapham/ros2_ws/install/zivid_interfaces/include/zivid_interfaces/zivid_interfaces/msg/detail/hand_eye_calibration_objects__traits.hpp
[0.279s] -- Up-to-date: /home/hoapham/ros2_ws/install/zivid_interfaces/include/zivid_interfaces/zivid_interfaces/msg/detail/hand_eye_calibration_residual__struct.hpp
[0.279s] -- Up-to-date: /home/hoapham/ros2_ws/install/zivid_interfaces/include/zivid_interfaces/zivid_interfaces/msg/detail/fixed_placement_of_fiducial_marker__struct.hpp
[0.279s] -- Up-to-date: /home/hoapham/ros2_ws/install/zivid_interfaces/include/zivid_interfaces/zivid_interfaces/msg/detail/fixed_placement_of_fiducial_marker__type_support.hpp
[0.279s] -- Up-to-date: /home/hoapham/ros2_ws/install/zivid_interfaces/include/zivid_interfaces/zivid_interfaces/msg/detail/detection_result_fiducial_markers__traits.hpp
[0.279s] -- Up-to-date: /home/hoapham/ros2_ws/install/zivid_interfaces/include/zivid_interfaces/zivid_interfaces/msg/detail/marker_shape__struct.hpp
[0.279s] -- Up-to-date: /home/hoapham/ros2_ws/install/zivid_interfaces/include/zivid_interfaces/zivid_interfaces/msg/detail/fixed_placement_of_fiducial_marker__builder.hpp
[0.279s] -- Up-to-date: /home/hoapham/ros2_ws/install/zivid_interfaces/include/zivid_interfaces/zivid_interfaces/msg/detail/marker_shape__builder.hpp
[0.279s] -- Up-to-date: /home/hoapham/ros2_ws/install/zivid_interfaces/include/zivid_interfaces/zivid_interfaces/msg/detail/fixed_placement_of_fiducial_marker__traits.hpp
[0.279s] -- Up-to-date: /home/hoapham/ros2_ws/install/zivid_interfaces/include/zivid_interfaces/zivid_interfaces/msg/detail/hand_eye_calibration_residual__type_support.hpp
[0.279s] -- Up-to-date: /home/hoapham/ros2_ws/install/zivid_interfaces/include/zivid_interfaces/zivid_interfaces/msg/detail/fixed_placement_of_calibration_objects__type_support.hpp
[0.279s] -- Up-to-date: /home/hoapham/ros2_ws/install/zivid_interfaces/include/zivid_interfaces/zivid_interfaces/msg/detail/fixed_placement_of_calibration_board__builder.hpp
[0.279s] -- Up-to-date: /home/hoapham/ros2_ws/install/zivid_interfaces/include/zivid_interfaces/zivid_interfaces/msg/hand_eye_calibration_objects.hpp
[0.279s] -- Up-to-date: /home/hoapham/ros2_ws/install/zivid_interfaces/include/zivid_interfaces/zivid_interfaces/msg/marker_shape.hpp
[0.279s] -- Up-to-date: /home/hoapham/ros2_ws/install/zivid_interfaces/include/zivid_interfaces/zivid_interfaces/msg/fixed_placement_of_calibration_objects.hpp
[0.279s] -- Up-to-date: /home/hoapham/ros2_ws/install/zivid_interfaces/include/zivid_interfaces/zivid_interfaces/msg/detection_result_fiducial_markers.hpp
[0.279s] -- Up-to-date: /home/hoapham/ros2_ws/install/zivid_interfaces/include/zivid_interfaces/zivid_interfaces/msg/rosidl_generator_cpp__visibility_control.hpp
[0.279s] -- Up-to-date: /home/hoapham/ros2_ws/install/zivid_interfaces/include/zivid_interfaces/zivid_interfaces/msg/detection_result_calibration_board.hpp
[0.279s] -- Up-to-date: /home/hoapham/ros2_ws/install/zivid_interfaces/include/zivid_interfaces/zivid_interfaces/msg/fixed_placement_of_fiducial_marker.hpp
[0.280s] -- Up-to-date: /home/hoapham/ros2_ws/install/zivid_interfaces/include/zivid_interfaces/zivid_interfaces/msg/fixed_placement_of_calibration_board.hpp
[0.280s] -- Up-to-date: /home/hoapham/ros2_ws/install/zivid_interfaces/include/zivid_interfaces/zivid_interfaces/msg/hand_eye_calibration_residual.hpp
[0.280s] -- Up-to-date: /home/hoapham/ros2_ws/install/zivid_interfaces/include/zivid_interfaces/zivid_interfaces/srv
[0.280s] -- Up-to-date: /home/hoapham/ros2_ws/install/zivid_interfaces/include/zivid_interfaces/zivid_interfaces/srv/capture_and_detect_markers.hpp
[0.280s] -- Up-to-date: /home/hoapham/ros2_ws/install/zivid_interfaces/include/zivid_interfaces/zivid_interfaces/srv/detail
[0.280s] -- Up-to-date: /home/hoapham/ros2_ws/install/zivid_interfaces/include/zivid_interfaces/zivid_interfaces/srv/detail/capture_and_detect_calibration_board__type_support.hpp
[0.280s] -- Up-to-date: /home/hoapham/ros2_ws/install/zivid_interfaces/include/zivid_interfaces/zivid_interfaces/srv/detail/infield_correction_compute__type_support.hpp
[0.280s] -- Up-to-date: /home/hoapham/ros2_ws/install/zivid_interfaces/include/zivid_interfaces/zivid_interfaces/srv/detail/hand_eye_calibration_calibrate__type_support.hpp
[0.280s] -- Up-to-date: /home/hoapham/ros2_ws/install/zivid_interfaces/include/zivid_interfaces/zivid_interfaces/srv/detail/infield_correction_read__type_support.hpp
[0.280s] -- Up-to-date: /home/hoapham/ros2_ws/install/zivid_interfaces/include/zivid_interfaces/zivid_interfaces/srv/detail/infield_correction_compute__struct.hpp
[0.280s] -- Up-to-date: /home/hoapham/ros2_ws/install/zivid_interfaces/include/zivid_interfaces/zivid_interfaces/srv/detail/hand_eye_calibration_capture__type_support.hpp
[0.280s] -- Up-to-date: /home/hoapham/ros2_ws/install/zivid_interfaces/include/zivid_interfaces/zivid_interfaces/srv/detail/infield_correction_capture__traits.hpp
[0.280s] -- Up-to-date: /home/hoapham/ros2_ws/install/zivid_interfaces/include/zivid_interfaces/zivid_interfaces/srv/detail/hand_eye_calibration_load__builder.hpp
[0.280s] -- Up-to-date: /home/hoapham/ros2_ws/install/zivid_interfaces/include/zivid_interfaces/zivid_interfaces/srv/detail/camera_info_serial_number__struct.hpp
[0.280s] -- Up-to-date: /home/hoapham/ros2_ws/install/zivid_interfaces/include/zivid_interfaces/zivid_interfaces/srv/detail/capture_assistant_suggest_settings__struct.hpp
[0.280s] -- Up-to-date: /home/hoapham/ros2_ws/install/zivid_interfaces/include/zivid_interfaces/zivid_interfaces/srv/detail/hand_eye_calibration_start__traits.hpp
[0.280s] -- Up-to-date: /home/hoapham/ros2_ws/install/zivid_interfaces/include/zivid_interfaces/zivid_interfaces/srv/detail/capture_assistant_suggest_settings__builder.hpp
[0.280s] -- Up-to-date: /home/hoapham/ros2_ws/install/zivid_interfaces/include/zivid_interfaces/zivid_interfaces/srv/detail/camera_info_model_name__struct.hpp
[0.280s] -- Up-to-date: /home/hoapham/ros2_ws/install/zivid_interfaces/include/zivid_interfaces/zivid_interfaces/srv/detail/hand_eye_calibration_load__traits.hpp
[0.280s] -- Up-to-date: /home/hoapham/ros2_ws/install/zivid_interfaces/include/zivid_interfaces/zivid_interfaces/srv/detail/capture_and_save__struct.hpp
[0.280s] -- Up-to-date: /home/hoapham/ros2_ws/install/zivid_interfaces/include/zivid_interfaces/zivid_interfaces/srv/detail/infield_correction_capture__builder.hpp
[0.280s] -- Up-to-date: /home/hoapham/ros2_ws/install/zivid_interfaces/include/zivid_interfaces/zivid_interfaces/srv/detail/camera_info_model_name__type_support.hpp
[0.281s] -- Up-to-date: /home/hoapham/ros2_ws/install/zivid_interfaces/include/zivid_interfaces/zivid_interfaces/srv/detail/hand_eye_calibration_calibrate__builder.hpp
[0.281s] -- Up-to-date: /home/hoapham/ros2_ws/install/zivid_interfaces/include/zivid_interfaces/zivid_interfaces/srv/detail/infield_correction_compute__traits.hpp
[0.281s] -- Up-to-date: /home/hoapham/ros2_ws/install/zivid_interfaces/include/zivid_interfaces/zivid_interfaces/srv/detail/hand_eye_calibration_start__type_support.hpp
[0.281s] -- Up-to-date: /home/hoapham/ros2_ws/install/zivid_interfaces/include/zivid_interfaces/zivid_interfaces/srv/detail/hand_eye_calibration_start__struct.hpp
[0.281s] -- Up-to-date: /home/hoapham/ros2_ws/install/zivid_interfaces/include/zivid_interfaces/zivid_interfaces/srv/detail/infield_correction_read__builder.hpp
[0.281s] -- Up-to-date: /home/hoapham/ros2_ws/install/zivid_interfaces/include/zivid_interfaces/zivid_interfaces/srv/detail/capture_and_save__builder.hpp
[0.281s] -- Up-to-date: /home/hoapham/ros2_ws/install/zivid_interfaces/include/zivid_interfaces/zivid_interfaces/srv/detail/capture_and_save__traits.hpp
[0.281s] -- Up-to-date: /home/hoapham/ros2_ws/install/zivid_interfaces/include/zivid_interfaces/zivid_interfaces/srv/detail/is_connected__traits.hpp
[0.281s] -- Up-to-date: /home/hoapham/ros2_ws/install/zivid_interfaces/include/zivid_interfaces/zivid_interfaces/srv/detail/camera_info_serial_number__traits.hpp
[0.281s] -- Up-to-date: /home/hoapham/ros2_ws/install/zivid_interfaces/include/zivid_interfaces/zivid_interfaces/srv/detail/camera_info_serial_number__builder.hpp
[0.281s] -- Up-to-date: /home/hoapham/ros2_ws/install/zivid_interfaces/include/zivid_interfaces/zivid_interfaces/srv/detail/infield_correction_capture__type_support.hpp
[0.281s] -- Up-to-date: /home/hoapham/ros2_ws/install/zivid_interfaces/include/zivid_interfaces/zivid_interfaces/srv/detail/infield_correction_read__struct.hpp
[0.281s] -- Up-to-date: /home/hoapham/ros2_ws/install/zivid_interfaces/include/zivid_interfaces/zivid_interfaces/srv/detail/hand_eye_calibration_capture__builder.hpp
[0.281s] -- Up-to-date: /home/hoapham/ros2_ws/install/zivid_interfaces/include/zivid_interfaces/zivid_interfaces/srv/detail/hand_eye_calibration_load__struct.hpp
[0.281s] -- Up-to-date: /home/hoapham/ros2_ws/install/zivid_interfaces/include/zivid_interfaces/zivid_interfaces/srv/detail/is_connected__type_support.hpp
[0.281s] -- Up-to-date: /home/hoapham/ros2_ws/install/zivid_interfaces/include/zivid_interfaces/zivid_interfaces/srv/detail/capture_and_save__type_support.hpp
[0.281s] -- Up-to-date: /home/hoapham/ros2_ws/install/zivid_interfaces/include/zivid_interfaces/zivid_interfaces/srv/detail/infield_correction_read__traits.hpp
[0.281s] -- Up-to-date: /home/hoapham/ros2_ws/install/zivid_interfaces/include/zivid_interfaces/zivid_interfaces/srv/detail/camera_info_model_name__traits.hpp
[0.281s] -- Up-to-date: /home/hoapham/ros2_ws/install/zivid_interfaces/include/zivid_interfaces/zivid_interfaces/srv/detail/is_connected__builder.hpp
[0.281s] -- Up-to-date: /home/hoapham/ros2_ws/install/zivid_interfaces/include/zivid_interfaces/zivid_interfaces/srv/detail/camera_info_model_name__builder.hpp
[0.281s] -- Up-to-date: /home/hoapham/ros2_ws/install/zivid_interfaces/include/zivid_interfaces/zivid_interfaces/srv/detail/capture_and_detect_markers__type_support.hpp
[0.281s] -- Up-to-date: /home/hoapham/ros2_ws/install/zivid_interfaces/include/zivid_interfaces/zivid_interfaces/srv/detail/hand_eye_calibration_calibrate__struct.hpp
[0.281s] -- Up-to-date: /home/hoapham/ros2_ws/install/zivid_interfaces/include/zivid_interfaces/zivid_interfaces/srv/detail/camera_info_serial_number__type_support.hpp
[0.281s] -- Up-to-date: /home/hoapham/ros2_ws/install/zivid_interfaces/include/zivid_interfaces/zivid_interfaces/srv/detail/infield_correction_compute__builder.hpp
[0.281s] -- Up-to-date: /home/hoapham/ros2_ws/install/zivid_interfaces/include/zivid_interfaces/zivid_interfaces/srv/detail/hand_eye_calibration_load__type_support.hpp
[0.281s] -- Up-to-date: /home/hoapham/ros2_ws/install/zivid_interfaces/include/zivid_interfaces/zivid_interfaces/srv/detail/hand_eye_calibration_capture__struct.hpp
[0.282s] -- Up-to-date: /home/hoapham/ros2_ws/install/zivid_interfaces/include/zivid_interfaces/zivid_interfaces/srv/detail/capture_and_detect_calibration_board__traits.hpp
[0.282s] -- Up-to-date: /home/hoapham/ros2_ws/install/zivid_interfaces/include/zivid_interfaces/zivid_interfaces/srv/detail/capture_assistant_suggest_settings__type_support.hpp
[0.282s] -- Up-to-date: /home/hoapham/ros2_ws/install/zivid_interfaces/include/zivid_interfaces/zivid_interfaces/srv/detail/hand_eye_calibration_capture__traits.hpp
[0.282s] -- Up-to-date: /home/hoapham/ros2_ws/install/zivid_interfaces/include/zivid_interfaces/zivid_interfaces/srv/detail/capture_assistant_suggest_settings__traits.hpp
[0.282s] -- Up-to-date: /home/hoapham/ros2_ws/install/zivid_interfaces/include/zivid_interfaces/zivid_interfaces/srv/detail/capture_and_detect_calibration_board__builder.hpp
[0.282s] -- Up-to-date: /home/hoapham/ros2_ws/install/zivid_interfaces/include/zivid_interfaces/zivid_interfaces/srv/detail/capture_and_detect_markers__traits.hpp
[0.282s] -- Up-to-date: /home/hoapham/ros2_ws/install/zivid_interfaces/include/zivid_interfaces/zivid_interfaces/srv/detail/hand_eye_calibration_calibrate__traits.hpp
[0.282s] -- Up-to-date: /home/hoapham/ros2_ws/install/zivid_interfaces/include/zivid_interfaces/zivid_interfaces/srv/detail/infield_correction_capture__struct.hpp
[0.282s] -- Up-to-date: /home/hoapham/ros2_ws/install/zivid_interfaces/include/zivid_interfaces/zivid_interfaces/srv/detail/capture_and_detect_calibration_board__struct.hpp
[0.282s] -- Up-to-date: /home/hoapham/ros2_ws/install/zivid_interfaces/include/zivid_interfaces/zivid_interfaces/srv/detail/capture_and_detect_markers__builder.hpp
[0.282s] -- Up-to-date: /home/hoapham/ros2_ws/install/zivid_interfaces/include/zivid_interfaces/zivid_interfaces/srv/detail/capture_and_detect_markers__struct.hpp
[0.282s] -- Up-to-date: /home/hoapham/ros2_ws/install/zivid_interfaces/include/zivid_interfaces/zivid_interfaces/srv/detail/hand_eye_calibration_start__builder.hpp
[0.282s] -- Up-to-date: /home/hoapham/ros2_ws/install/zivid_interfaces/include/zivid_interfaces/zivid_interfaces/srv/detail/is_connected__struct.hpp
[0.282s] -- Up-to-date: /home/hoapham/ros2_ws/install/zivid_interfaces/include/zivid_interfaces/zivid_interfaces/srv/hand_eye_calibration_load.hpp
[0.282s] -- Up-to-date: /home/hoapham/ros2_ws/install/zivid_interfaces/include/zivid_interfaces/zivid_interfaces/srv/capture_and_detect_calibration_board.hpp
[0.282s] -- Up-to-date: /home/hoapham/ros2_ws/install/zivid_interfaces/include/zivid_interfaces/zivid_interfaces/srv/hand_eye_calibration_calibrate.hpp
[0.282s] -- Up-to-date: /home/hoapham/ros2_ws/install/zivid_interfaces/include/zivid_interfaces/zivid_interfaces/srv/capture_assistant_suggest_settings.hpp
[0.282s] -- Up-to-date: /home/hoapham/ros2_ws/install/zivid_interfaces/include/zivid_interfaces/zivid_interfaces/srv/hand_eye_calibration_start.hpp
[0.282s] -- Up-to-date: /home/hoapham/ros2_ws/install/zivid_interfaces/include/zivid_interfaces/zivid_interfaces/srv/infield_correction_compute.hpp
[0.282s] -- Up-to-date: /home/hoapham/ros2_ws/install/zivid_interfaces/include/zivid_interfaces/zivid_interfaces/srv/camera_info_model_name.hpp
[0.283s] -- Up-to-date: /home/hoapham/ros2_ws/install/zivid_interfaces/include/zivid_interfaces/zivid_interfaces/srv/is_connected.hpp
[0.283s] -- Up-to-date: /home/hoapham/ros2_ws/install/zivid_interfaces/include/zivid_interfaces/zivid_interfaces/srv/capture_and_save.hpp
[0.283s] -- Up-to-date: /home/hoapham/ros2_ws/install/zivid_interfaces/include/zivid_interfaces/zivid_interfaces/srv/infield_correction_read.hpp
[0.283s] -- Up-to-date: /home/hoapham/ros2_ws/install/zivid_interfaces/include/zivid_interfaces/zivid_interfaces/srv/infield_correction_capture.hpp
[0.283s] -- Up-to-date: /home/hoapham/ros2_ws/install/zivid_interfaces/include/zivid_interfaces/zivid_interfaces/srv/hand_eye_calibration_capture.hpp
[0.283s] -- Up-to-date: /home/hoapham/ros2_ws/install/zivid_interfaces/include/zivid_interfaces/zivid_interfaces/srv/camera_info_serial_number.hpp
[0.283s] -- Up-to-date: /home/hoapham/ros2_ws/install/zivid_interfaces/include/zivid_interfaces/zivid_interfaces
[0.283s] -- Up-to-date: /home/hoapham/ros2_ws/install/zivid_interfaces/include/zivid_interfaces/zivid_interfaces/msg
[0.283s] -- Up-to-date: /home/hoapham/ros2_ws/install/zivid_interfaces/include/zivid_interfaces/zivid_interfaces/msg/detail
[0.283s] -- Up-to-date: /home/hoapham/ros2_ws/install/zivid_interfaces/include/zivid_interfaces/zivid_interfaces/msg/detail/marker_shape__rosidl_typesupport_fastrtps_cpp.hpp
[0.283s] -- Up-to-date: /home/hoapham/ros2_ws/install/zivid_interfaces/include/zivid_interfaces/zivid_interfaces/msg/detail/detection_result_fiducial_markers__rosidl_typesupport_fastrtps_cpp.hpp
[0.283s] -- Up-to-date: /home/hoapham/ros2_ws/install/zivid_interfaces/include/zivid_interfaces/zivid_interfaces/msg/detail/fixed_placement_of_fiducial_marker__rosidl_typesupport_fastrtps_cpp.hpp
[0.283s] -- Up-to-date: /home/hoapham/ros2_ws/install/zivid_interfaces/include/zivid_interfaces/zivid_interfaces/msg/detail/fixed_placement_of_calibration_board__rosidl_typesupport_fastrtps_cpp.hpp
[0.283s] -- Up-to-date: /home/hoapham/ros2_ws/install/zivid_interfaces/include/zivid_interfaces/zivid_interfaces/msg/detail/detection_result_calibration_board__rosidl_typesupport_fastrtps_cpp.hpp
[0.283s] -- Up-to-date: /home/hoapham/ros2_ws/install/zivid_interfaces/include/zivid_interfaces/zivid_interfaces/msg/detail/dds_fastrtps
[0.283s] -- Up-to-date: /home/hoapham/ros2_ws/install/zivid_interfaces/include/zivid_interfaces/zivid_interfaces/msg/detail/fixed_placement_of_calibration_objects__rosidl_typesupport_fastrtps_cpp.hpp
[0.283s] -- Up-to-date: /home/hoapham/ros2_ws/install/zivid_interfaces/include/zivid_interfaces/zivid_interfaces/msg/detail/hand_eye_calibration_objects__rosidl_typesupport_fastrtps_cpp.hpp
[0.283s] -- Up-to-date: /home/hoapham/ros2_ws/install/zivid_interfaces/include/zivid_interfaces/zivid_interfaces/msg/detail/hand_eye_calibration_residual__rosidl_typesupport_fastrtps_cpp.hpp
[0.283s] -- Up-to-date: /home/hoapham/ros2_ws/install/zivid_interfaces/include/zivid_interfaces/zivid_interfaces/msg/rosidl_typesupport_fastrtps_cpp__visibility_control.h
[0.283s] -- Up-to-date: /home/hoapham/ros2_ws/install/zivid_interfaces/include/zivid_interfaces/zivid_interfaces/srv
[0.283s] -- Up-to-date: /home/hoapham/ros2_ws/install/zivid_interfaces/include/zivid_interfaces/zivid_interfaces/srv/detail
[0.283s] -- Up-to-date: /home/hoapham/ros2_ws/install/zivid_interfaces/include/zivid_interfaces/zivid_interfaces/srv/detail/hand_eye_calibration_start__rosidl_typesupport_fastrtps_cpp.hpp
[0.283s] -- Up-to-date: /home/hoapham/ros2_ws/install/zivid_interfaces/include/zivid_interfaces/zivid_interfaces/srv/detail/capture_and_detect_calibration_board__rosidl_typesupport_fastrtps_cpp.hpp
[0.283s] -- Up-to-date: /home/hoapham/ros2_ws/install/zivid_interfaces/include/zivid_interfaces/zivid_interfaces/srv/detail/infield_correction_compute__rosidl_typesupport_fastrtps_cpp.hpp
[0.283s] -- Up-to-date: /home/hoapham/ros2_ws/install/zivid_interfaces/include/zivid_interfaces/zivid_interfaces/srv/detail/capture_and_detect_markers__rosidl_typesupport_fastrtps_cpp.hpp
[0.283s] -- Up-to-date: /home/hoapham/ros2_ws/install/zivid_interfaces/include/zivid_interfaces/zivid_interfaces/srv/detail/capture_and_save__rosidl_typesupport_fastrtps_cpp.hpp
[0.283s] -- Up-to-date: /home/hoapham/ros2_ws/install/zivid_interfaces/include/zivid_interfaces/zivid_interfaces/srv/detail/hand_eye_calibration_capture__rosidl_typesupport_fastrtps_cpp.hpp
[0.284s] -- Up-to-date: /home/hoapham/ros2_ws/install/zivid_interfaces/include/zivid_interfaces/zivid_interfaces/srv/detail/hand_eye_calibration_load__rosidl_typesupport_fastrtps_cpp.hpp
[0.284s] -- Up-to-date: /home/hoapham/ros2_ws/install/zivid_interfaces/include/zivid_interfaces/zivid_interfaces/srv/detail/dds_fastrtps
[0.284s] -- Up-to-date: /home/hoapham/ros2_ws/install/zivid_interfaces/include/zivid_interfaces/zivid_interfaces/srv/detail/infield_correction_read__rosidl_typesupport_fastrtps_cpp.hpp
[0.284s] -- Up-to-date: /home/hoapham/ros2_ws/install/zivid_interfaces/include/zivid_interfaces/zivid_interfaces/srv/detail/camera_info_model_name__rosidl_typesupport_fastrtps_cpp.hpp
[0.284s] -- Up-to-date: /home/hoapham/ros2_ws/install/zivid_interfaces/include/zivid_interfaces/zivid_interfaces/srv/detail/is_connected__rosidl_typesupport_fastrtps_cpp.hpp
[0.284s] -- Up-to-date: /home/hoapham/ros2_ws/install/zivid_interfaces/include/zivid_interfaces/zivid_interfaces/srv/detail/infield_correction_capture__rosidl_typesupport_fastrtps_cpp.hpp
[0.284s] -- Up-to-date: /home/hoapham/ros2_ws/install/zivid_interfaces/include/zivid_interfaces/zivid_interfaces/srv/detail/hand_eye_calibration_calibrate__rosidl_typesupport_fastrtps_cpp.hpp
[0.284s] -- Up-to-date: /home/hoapham/ros2_ws/install/zivid_interfaces/include/zivid_interfaces/zivid_interfaces/srv/detail/camera_info_serial_number__rosidl_typesupport_fastrtps_cpp.hpp
[0.284s] -- Up-to-date: /home/hoapham/ros2_ws/install/zivid_interfaces/include/zivid_interfaces/zivid_interfaces/srv/detail/capture_assistant_suggest_settings__rosidl_typesupport_fastrtps_cpp.hpp
[0.284s] -- Up-to-date: /home/hoapham/ros2_ws/install/zivid_interfaces/lib/libzivid_interfaces__rosidl_typesupport_fastrtps_cpp.so
[0.284s] -- Up-to-date: /home/hoapham/ros2_ws/install/zivid_interfaces/include/zivid_interfaces/zivid_interfaces
[0.284s] -- Up-to-date: /home/hoapham/ros2_ws/install/zivid_interfaces/include/zivid_interfaces/zivid_interfaces/msg
[0.284s] -- Up-to-date: /home/hoapham/ros2_ws/install/zivid_interfaces/include/zivid_interfaces/zivid_interfaces/msg/detail
[0.284s] -- Up-to-date: /home/hoapham/ros2_ws/install/zivid_interfaces/include/zivid_interfaces/zivid_interfaces/msg/detail/marker_shape__rosidl_typesupport_introspection_c.h
[0.284s] -- Up-to-date: /home/hoapham/ros2_ws/install/zivid_interfaces/include/zivid_interfaces/zivid_interfaces/msg/detail/fixed_placement_of_fiducial_marker__rosidl_typesupport_introspection_c.h
[0.284s] -- Up-to-date: /home/hoapham/ros2_ws/install/zivid_interfaces/include/zivid_interfaces/zivid_interfaces/msg/detail/fixed_placement_of_calibration_board__type_support.c
[0.284s] -- Up-to-date: /home/hoapham/ros2_ws/install/zivid_interfaces/include/zivid_interfaces/zivid_interfaces/msg/detail/hand_eye_calibration_residual__type_support.c
[0.284s] -- Up-to-date: /home/hoapham/ros2_ws/install/zivid_interfaces/include/zivid_interfaces/zivid_interfaces/msg/detail/fixed_placement_of_calibration_objects__rosidl_typesupport_introspection_c.h
[0.284s] -- Up-to-date: /home/hoapham/ros2_ws/install/zivid_interfaces/include/zivid_interfaces/zivid_interfaces/msg/detail/fixed_placement_of_calibration_board__rosidl_typesupport_introspection_c.h
[0.284s] -- Up-to-date: /home/hoapham/ros2_ws/install/zivid_interfaces/include/zivid_interfaces/zivid_interfaces/msg/detail/detection_result_fiducial_markers__rosidl_typesupport_introspection_c.h
[0.284s] -- Up-to-date: /home/hoapham/ros2_ws/install/zivid_interfaces/include/zivid_interfaces/zivid_interfaces/msg/detail/detection_result_fiducial_markers__type_support.c
[0.284s] -- Up-to-date: /home/hoapham/ros2_ws/install/zivid_interfaces/include/zivid_interfaces/zivid_interfaces/msg/detail/hand_eye_calibration_objects__type_support.c
[0.284s] -- Up-to-date: /home/hoapham/ros2_ws/install/zivid_interfaces/include/zivid_interfaces/zivid_interfaces/msg/detail/fixed_placement_of_fiducial_marker__type_support.c
[0.285s] -- Up-to-date: /home/hoapham/ros2_ws/install/zivid_interfaces/include/zivid_interfaces/zivid_interfaces/msg/detail/marker_shape__type_support.c
[0.285s] -- Up-to-date: /home/hoapham/ros2_ws/install/zivid_interfaces/include/zivid_interfaces/zivid_interfaces/msg/detail/detection_result_calibration_board__type_support.c
[0.285s] -- Up-to-date: /home/hoapham/ros2_ws/install/zivid_interfaces/include/zivid_interfaces/zivid_interfaces/msg/detail/hand_eye_calibration_residual__rosidl_typesupport_introspection_c.h
[0.285s] -- Up-to-date: /home/hoapham/ros2_ws/install/zivid_interfaces/include/zivid_interfaces/zivid_interfaces/msg/detail/fixed_placement_of_calibration_objects__type_support.c
[0.285s] -- Up-to-date: /home/hoapham/ros2_ws/install/zivid_interfaces/include/zivid_interfaces/zivid_interfaces/msg/detail/detection_result_calibration_board__rosidl_typesupport_introspection_c.h
[0.285s] -- Up-to-date: /home/hoapham/ros2_ws/install/zivid_interfaces/include/zivid_interfaces/zivid_interfaces/msg/detail/hand_eye_calibration_objects__rosidl_typesupport_introspection_c.h
[0.285s] -- Up-to-date: /home/hoapham/ros2_ws/install/zivid_interfaces/include/zivid_interfaces/zivid_interfaces/msg/rosidl_typesupport_introspection_c__visibility_control.h
[0.285s] -- Up-to-date: /home/hoapham/ros2_ws/install/zivid_interfaces/include/zivid_interfaces/zivid_interfaces/srv
[0.285s] -- Up-to-date: /home/hoapham/ros2_ws/install/zivid_interfaces/include/zivid_interfaces/zivid_interfaces/srv/detail
[0.285s] -- Up-to-date: /home/hoapham/ros2_ws/install/zivid_interfaces/include/zivid_interfaces/zivid_interfaces/srv/detail/camera_info_serial_number__type_support.c
[0.285s] -- Up-to-date: /home/hoapham/ros2_ws/install/zivid_interfaces/include/zivid_interfaces/zivid_interfaces/srv/detail/capture_and_save__type_support.c
[0.285s] -- Up-to-date: /home/hoapham/ros2_ws/install/zivid_interfaces/include/zivid_interfaces/zivid_interfaces/srv/detail/capture_assistant_suggest_settings__type_support.c
[0.285s] -- Up-to-date: /home/hoapham/ros2_ws/install/zivid_interfaces/include/zivid_interfaces/zivid_interfaces/srv/detail/capture_and_detect_markers__type_support.c
[0.285s] -- Up-to-date: /home/hoapham/ros2_ws/install/zivid_interfaces/include/zivid_interfaces/zivid_interfaces/srv/detail/infield_correction_read__rosidl_typesupport_introspection_c.h
[0.285s] -- Up-to-date: /home/hoapham/ros2_ws/install/zivid_interfaces/include/zivid_interfaces/zivid_interfaces/srv/detail/capture_assistant_suggest_settings__rosidl_typesupport_introspection_c.h
[0.285s] -- Up-to-date: /home/hoapham/ros2_ws/install/zivid_interfaces/include/zivid_interfaces/zivid_interfaces/srv/detail/camera_info_serial_number__rosidl_typesupport_introspection_c.h
[0.285s] -- Up-to-date: /home/hoapham/ros2_ws/install/zivid_interfaces/include/zivid_interfaces/zivid_interfaces/srv/detail/camera_info_model_name__type_support.c
[0.285s] -- Up-to-date: /home/hoapham/ros2_ws/install/zivid_interfaces/include/zivid_interfaces/zivid_interfaces/srv/detail/infield_correction_read__type_support.c
[0.285s] -- Up-to-date: /home/hoapham/ros2_ws/install/zivid_interfaces/include/zivid_interfaces/zivid_interfaces/srv/detail/infield_correction_compute__rosidl_typesupport_introspection_c.h
[0.285s] -- Up-to-date: /home/hoapham/ros2_ws/install/zivid_interfaces/include/zivid_interfaces/zivid_interfaces/srv/detail/infield_correction_capture__rosidl_typesupport_introspection_c.h
[0.285s] -- Up-to-date: /home/hoapham/ros2_ws/install/zivid_interfaces/include/zivid_interfaces/zivid_interfaces/srv/detail/is_connected__type_support.c
[0.285s] -- Up-to-date: /home/hoapham/ros2_ws/install/zivid_interfaces/include/zivid_interfaces/zivid_interfaces/srv/detail/hand_eye_calibration_load__rosidl_typesupport_introspection_c.h
[0.285s] -- Up-to-date: /home/hoapham/ros2_ws/install/zivid_interfaces/include/zivid_interfaces/zivid_interfaces/srv/detail/capture_and_detect_markers__rosidl_typesupport_introspection_c.h
[0.285s] -- Up-to-date: /home/hoapham/ros2_ws/install/zivid_interfaces/include/zivid_interfaces/zivid_interfaces/srv/detail/hand_eye_calibration_start__type_support.c
[0.285s] -- Up-to-date: /home/hoapham/ros2_ws/install/zivid_interfaces/include/zivid_interfaces/zivid_interfaces/srv/detail/camera_info_model_name__rosidl_typesupport_introspection_c.h
[0.285s] -- Up-to-date: /home/hoapham/ros2_ws/install/zivid_interfaces/include/zivid_interfaces/zivid_interfaces/srv/detail/infield_correction_compute__type_support.c
[0.285s] -- Up-to-date: /home/hoapham/ros2_ws/install/zivid_interfaces/include/zivid_interfaces/zivid_interfaces/srv/detail/hand_eye_calibration_capture__type_support.c
[0.286s] -- Up-to-date: /home/hoapham/ros2_ws/install/zivid_interfaces/include/zivid_interfaces/zivid_interfaces/srv/detail/infield_correction_capture__type_support.c
[0.286s] -- Up-to-date: /home/hoapham/ros2_ws/install/zivid_interfaces/include/zivid_interfaces/zivid_interfaces/srv/detail/hand_eye_calibration_load__type_support.c
[0.286s] -- Up-to-date: /home/hoapham/ros2_ws/install/zivid_interfaces/include/zivid_interfaces/zivid_interfaces/srv/detail/hand_eye_calibration_calibrate__rosidl_typesupport_introspection_c.h
[0.286s] -- Up-to-date: /home/hoapham/ros2_ws/install/zivid_interfaces/include/zivid_interfaces/zivid_interfaces/srv/detail/capture_and_detect_calibration_board__rosidl_typesupport_introspection_c.h
[0.286s] -- Up-to-date: /home/hoapham/ros2_ws/install/zivid_interfaces/include/zivid_interfaces/zivid_interfaces/srv/detail/capture_and_save__rosidl_typesupport_introspection_c.h
[0.286s] -- Up-to-date: /home/hoapham/ros2_ws/install/zivid_interfaces/include/zivid_interfaces/zivid_interfaces/srv/detail/hand_eye_calibration_start__rosidl_typesupport_introspection_c.h
[0.286s] -- Up-to-date: /home/hoapham/ros2_ws/install/zivid_interfaces/include/zivid_interfaces/zivid_interfaces/srv/detail/capture_and_detect_calibration_board__type_support.c
[0.286s] -- Up-to-date: /home/hoapham/ros2_ws/install/zivid_interfaces/include/zivid_interfaces/zivid_interfaces/srv/detail/hand_eye_calibration_capture__rosidl_typesupport_introspection_c.h
[0.286s] -- Up-to-date: /home/hoapham/ros2_ws/install/zivid_interfaces/include/zivid_interfaces/zivid_interfaces/srv/detail/hand_eye_calibration_calibrate__type_support.c
[0.286s] -- Up-to-date: /home/hoapham/ros2_ws/install/zivid_interfaces/include/zivid_interfaces/zivid_interfaces/srv/detail/is_connected__rosidl_typesupport_introspection_c.h
[0.286s] -- Up-to-date: /home/hoapham/ros2_ws/install/zivid_interfaces/lib/libzivid_interfaces__rosidl_typesupport_introspection_c.so
[0.286s] -- Up-to-date: /home/hoapham/ros2_ws/install/zivid_interfaces/lib/libzivid_interfaces__rosidl_typesupport_c.so
[0.286s] -- Up-to-date: /home/hoapham/ros2_ws/install/zivid_interfaces/include/zivid_interfaces/zivid_interfaces
[0.286s] -- Up-to-date: /home/hoapham/ros2_ws/install/zivid_interfaces/include/zivid_interfaces/zivid_interfaces/msg
[0.286s] -- Up-to-date: /home/hoapham/ros2_ws/install/zivid_interfaces/include/zivid_interfaces/zivid_interfaces/msg/detail
[0.286s] -- Up-to-date: /home/hoapham/ros2_ws/install/zivid_interfaces/include/zivid_interfaces/zivid_interfaces/msg/detail/marker_shape__rosidl_typesupport_introspection_cpp.hpp
[0.286s] -- Up-to-date: /home/hoapham/ros2_ws/install/zivid_interfaces/include/zivid_interfaces/zivid_interfaces/msg/detail/detection_result_fiducial_markers__rosidl_typesupport_introspection_cpp.hpp
[0.286s] -- Up-to-date: /home/hoapham/ros2_ws/install/zivid_interfaces/include/zivid_interfaces/zivid_interfaces/msg/detail/marker_shape__type_support.cpp
[0.286s] -- Up-to-date: /home/hoapham/ros2_ws/install/zivid_interfaces/include/zivid_interfaces/zivid_interfaces/msg/detail/fixed_placement_of_calibration_board__rosidl_typesupport_introspection_cpp.hpp
[0.286s] -- Up-to-date: /home/hoapham/ros2_ws/install/zivid_interfaces/include/zivid_interfaces/zivid_interfaces/msg/detail/fixed_placement_of_fiducial_marker__type_support.cpp
[0.286s] -- Up-to-date: /home/hoapham/ros2_ws/install/zivid_interfaces/include/zivid_interfaces/zivid_interfaces/msg/detail/fixed_placement_of_calibration_objects__rosidl_typesupport_introspection_cpp.hpp
[0.286s] -- Up-to-date: /home/hoapham/ros2_ws/install/zivid_interfaces/include/zivid_interfaces/zivid_interfaces/msg/detail/hand_eye_calibration_residual__type_support.cpp
[0.286s] -- Up-to-date: /home/hoapham/ros2_ws/install/zivid_interfaces/include/zivid_interfaces/zivid_interfaces/msg/detail/fixed_placement_of_calibration_board__type_support.cpp
[0.286s] -- Up-to-date: /home/hoapham/ros2_ws/install/zivid_interfaces/include/zivid_interfaces/zivid_interfaces/msg/detail/detection_result_calibration_board__rosidl_typesupport_introspection_cpp.hpp
[0.286s] -- Up-to-date: /home/hoapham/ros2_ws/install/zivid_interfaces/include/zivid_interfaces/zivid_interfaces/msg/detail/hand_eye_calibration_objects__type_support.cpp
[0.286s] -- Up-to-date: /home/hoapham/ros2_ws/install/zivid_interfaces/include/zivid_interfaces/zivid_interfaces/msg/detail/fixed_placement_of_calibration_objects__type_support.cpp
[0.286s] -- Up-to-date: /home/hoapham/ros2_ws/install/zivid_interfaces/include/zivid_interfaces/zivid_interfaces/msg/detail/detection_result_calibration_board__type_support.cpp
[0.286s] -- Up-to-date: /home/hoapham/ros2_ws/install/zivid_interfaces/include/zivid_interfaces/zivid_interfaces/msg/detail/detection_result_fiducial_markers__type_support.cpp
[0.286s] -- Up-to-date: /home/hoapham/ros2_ws/install/zivid_interfaces/include/zivid_interfaces/zivid_interfaces/msg/detail/hand_eye_calibration_residual__rosidl_typesupport_introspection_cpp.hpp
[0.286s] -- Up-to-date: /home/hoapham/ros2_ws/install/zivid_interfaces/include/zivid_interfaces/zivid_interfaces/msg/detail/hand_eye_calibration_objects__rosidl_typesupport_introspection_cpp.hpp
[0.286s] -- Up-to-date: /home/hoapham/ros2_ws/install/zivid_interfaces/include/zivid_interfaces/zivid_interfaces/msg/detail/fixed_placement_of_fiducial_marker__rosidl_typesupport_introspection_cpp.hpp
[0.286s] -- Up-to-date: /home/hoapham/ros2_ws/install/zivid_interfaces/include/zivid_interfaces/zivid_interfaces/srv
[0.287s] -- Up-to-date: /home/hoapham/ros2_ws/install/zivid_interfaces/include/zivid_interfaces/zivid_interfaces/srv/detail
[0.287s] -- Up-to-date: /home/hoapham/ros2_ws/install/zivid_interfaces/include/zivid_interfaces/zivid_interfaces/srv/detail/is_connected__type_support.cpp
[0.287s] -- Up-to-date: /home/hoapham/ros2_ws/install/zivid_interfaces/include/zivid_interfaces/zivid_interfaces/srv/detail/hand_eye_calibration_start__type_support.cpp
[0.287s] -- Up-to-date: /home/hoapham/ros2_ws/install/zivid_interfaces/include/zivid_interfaces/zivid_interfaces/srv/detail/capture_assistant_suggest_settings__rosidl_typesupport_introspection_cpp.hpp
[0.287s] -- Up-to-date: /home/hoapham/ros2_ws/install/zivid_interfaces/include/zivid_interfaces/zivid_interfaces/srv/detail/camera_info_model_name__rosidl_typesupport_introspection_cpp.hpp
[0.287s] -- Up-to-date: /home/hoapham/ros2_ws/install/zivid_interfaces/include/zivid_interfaces/zivid_interfaces/srv/detail/capture_and_save__type_support.cpp
[0.287s] -- Up-to-date: /home/hoapham/ros2_ws/install/zivid_interfaces/include/zivid_interfaces/zivid_interfaces/srv/detail/hand_eye_calibration_capture__type_support.cpp
[0.287s] -- Up-to-date: /home/hoapham/ros2_ws/install/zivid_interfaces/include/zivid_interfaces/zivid_interfaces/srv/detail/capture_and_save__rosidl_typesupport_introspection_cpp.hpp
[0.287s] -- Up-to-date: /home/hoapham/ros2_ws/install/zivid_interfaces/include/zivid_interfaces/zivid_interfaces/srv/detail/capture_assistant_suggest_settings__type_support.cpp
[0.287s] -- Up-to-date: /home/hoapham/ros2_ws/install/zivid_interfaces/include/zivid_interfaces/zivid_interfaces/srv/detail/capture_and_detect_calibration_board__type_support.cpp
[0.287s] -- Up-to-date: /home/hoapham/ros2_ws/install/zivid_interfaces/include/zivid_interfaces/zivid_interfaces/srv/detail/infield_correction_capture__type_support.cpp
[0.287s] -- Up-to-date: /home/hoapham/ros2_ws/install/zivid_interfaces/include/zivid_interfaces/zivid_interfaces/srv/detail/infield_correction_capture__rosidl_typesupport_introspection_cpp.hpp
[0.287s] -- Up-to-date: /home/hoapham/ros2_ws/install/zivid_interfaces/include/zivid_interfaces/zivid_interfaces/srv/detail/infield_correction_read__type_support.cpp
[0.287s] -- Up-to-date: /home/hoapham/ros2_ws/install/zivid_interfaces/include/zivid_interfaces/zivid_interfaces/srv/detail/capture_and_detect_calibration_board__rosidl_typesupport_introspection_cpp.hpp
[0.287s] -- Up-to-date: /home/hoapham/ros2_ws/install/zivid_interfaces/include/zivid_interfaces/zivid_interfaces/srv/detail/capture_and_detect_markers__type_support.cpp
[0.287s] -- Up-to-date: /home/hoapham/ros2_ws/install/zivid_interfaces/include/zivid_interfaces/zivid_interfaces/srv/detail/camera_info_model_name__type_support.cpp
[0.287s] -- Up-to-date: /home/hoapham/ros2_ws/install/zivid_interfaces/include/zivid_interfaces/zivid_interfaces/srv/detail/infield_correction_compute__type_support.cpp
[0.287s] -- Up-to-date: /home/hoapham/ros2_ws/install/zivid_interfaces/include/zivid_interfaces/zivid_interfaces/srv/detail/hand_eye_calibration_load__type_support.cpp
[0.287s] -- Up-to-date: /home/hoapham/ros2_ws/install/zivid_interfaces/include/zivid_interfaces/zivid_interfaces/srv/detail/infield_correction_read__rosidl_typesupport_introspection_cpp.hpp
[0.287s] -- Up-to-date: /home/hoapham/ros2_ws/install/zivid_interfaces/include/zivid_interfaces/zivid_interfaces/srv/detail/is_connected__rosidl_typesupport_introspection_cpp.hpp
[0.287s] -- Up-to-date: /home/hoapham/ros2_ws/install/zivid_interfaces/include/zivid_interfaces/zivid_interfaces/srv/detail/capture_and_detect_markers__rosidl_typesupport_introspection_cpp.hpp
[0.287s] -- Up-to-date: /home/hoapham/ros2_ws/install/zivid_interfaces/include/zivid_interfaces/zivid_interfaces/srv/detail/hand_eye_calibration_calibrate__rosidl_typesupport_introspection_cpp.hpp
[0.287s] -- Up-to-date: /home/hoapham/ros2_ws/install/zivid_interfaces/include/zivid_interfaces/zivid_interfaces/srv/detail/hand_eye_calibration_start__rosidl_typesupport_introspection_cpp.hpp
[0.287s] -- Up-to-date: /home/hoapham/ros2_ws/install/zivid_interfaces/include/zivid_interfaces/zivid_interfaces/srv/detail/infield_correction_compute__rosidl_typesupport_introspection_cpp.hpp
[0.287s] -- Up-to-date: /home/hoapham/ros2_ws/install/zivid_interfaces/include/zivid_interfaces/zivid_interfaces/srv/detail/hand_eye_calibration_calibrate__type_support.cpp
[0.287s] -- Up-to-date: /home/hoapham/ros2_ws/install/zivid_interfaces/include/zivid_interfaces/zivid_interfaces/srv/detail/hand_eye_calibration_capture__rosidl_typesupport_introspection_cpp.hpp
[0.287s] -- Up-to-date: /home/hoapham/ros2_ws/install/zivid_interfaces/include/zivid_interfaces/zivid_interfaces/srv/detail/hand_eye_calibration_load__rosidl_typesupport_introspection_cpp.hpp
[0.287s] -- Up-to-date: /home/hoapham/ros2_ws/install/zivid_interfaces/include/zivid_interfaces/zivid_interfaces/srv/detail/camera_info_serial_number__rosidl_typesupport_introspection_cpp.hpp
[0.287s] -- Up-to-date: /home/hoapham/ros2_ws/install/zivid_interfaces/include/zivid_interfaces/zivid_interfaces/srv/detail/camera_info_serial_number__type_support.cpp
[0.287s] -- Up-to-date: /home/hoapham/ros2_ws/install/zivid_interfaces/lib/libzivid_interfaces__rosidl_typesupport_introspection_cpp.so
[0.287s] -- Up-to-date: /home/hoapham/ros2_ws/install/zivid_interfaces/lib/libzivid_interfaces__rosidl_typesupport_cpp.so
[0.288s] -- Up-to-date: /home/hoapham/ros2_ws/install/zivid_interfaces/share/zivid_interfaces/environment/pythonpath.sh
[0.288s] -- Up-to-date: /home/hoapham/ros2_ws/install/zivid_interfaces/share/zivid_interfaces/environment/pythonpath.dsv
[0.288s] -- Up-to-date: /home/hoapham/ros2_ws/install/zivid_interfaces/local/lib/python3.10/dist-packages/zivid_interfaces-3.1.0-py3.10.egg-info
[0.288s] -- Installing: /home/hoapham/ros2_ws/install/zivid_interfaces/local/lib/python3.10/dist-packages/zivid_interfaces-3.1.0-py3.10.egg-info/dependency_links.txt
[0.288s] -- Installing: /home/hoapham/ros2_ws/install/zivid_interfaces/local/lib/python3.10/dist-packages/zivid_interfaces-3.1.0-py3.10.egg-info/top_level.txt
[0.288s] -- Installing: /home/hoapham/ros2_ws/install/zivid_interfaces/local/lib/python3.10/dist-packages/zivid_interfaces-3.1.0-py3.10.egg-info/SOURCES.txt
[0.288s] -- Installing: /home/hoapham/ros2_ws/install/zivid_interfaces/local/lib/python3.10/dist-packages/zivid_interfaces-3.1.0-py3.10.egg-info/PKG-INFO
[0.288s] -- Up-to-date: /home/hoapham/ros2_ws/install/zivid_interfaces/local/lib/python3.10/dist-packages/zivid_interfaces
[0.288s] -- Up-to-date: /home/hoapham/ros2_ws/install/zivid_interfaces/local/lib/python3.10/dist-packages/zivid_interfaces/msg
[0.288s] -- Up-to-date: /home/hoapham/ros2_ws/install/zivid_interfaces/local/lib/python3.10/dist-packages/zivid_interfaces/msg/_fixed_placement_of_calibration_objects.py
[0.288s] -- Up-to-date: /home/hoapham/ros2_ws/install/zivid_interfaces/local/lib/python3.10/dist-packages/zivid_interfaces/msg/__init__.py
[0.288s] -- Up-to-date: /home/hoapham/ros2_ws/install/zivid_interfaces/local/lib/python3.10/dist-packages/zivid_interfaces/msg/_fixed_placement_of_fiducial_marker.py
[0.288s] -- Up-to-date: /home/hoapham/ros2_ws/install/zivid_interfaces/local/lib/python3.10/dist-packages/zivid_interfaces/msg/_fixed_placement_of_fiducial_marker_s.c
[0.288s] -- Up-to-date: /home/hoapham/ros2_ws/install/zivid_interfaces/local/lib/python3.10/dist-packages/zivid_interfaces/msg/_hand_eye_calibration_residual_s.c
[0.288s] -- Up-to-date: /home/hoapham/ros2_ws/install/zivid_interfaces/local/lib/python3.10/dist-packages/zivid_interfaces/msg/_detection_result_fiducial_markers_s.c
[0.288s] -- Up-to-date: /home/hoapham/ros2_ws/install/zivid_interfaces/local/lib/python3.10/dist-packages/zivid_interfaces/msg/_detection_result_calibration_board.py
[0.288s] -- Up-to-date: /home/hoapham/ros2_ws/install/zivid_interfaces/local/lib/python3.10/dist-packages/zivid_interfaces/msg/_hand_eye_calibration_residual.py
[0.288s] -- Up-to-date: /home/hoapham/ros2_ws/install/zivid_interfaces/local/lib/python3.10/dist-packages/zivid_interfaces/msg/_detection_result_calibration_board_s.c
[0.288s] -- Up-to-date: /home/hoapham/ros2_ws/install/zivid_interfaces/local/lib/python3.10/dist-packages/zivid_interfaces/msg/_fixed_placement_of_calibration_objects_s.c
[0.288s] -- Up-to-date: /home/hoapham/ros2_ws/install/zivid_interfaces/local/lib/python3.10/dist-packages/zivid_interfaces/msg/_hand_eye_calibration_objects_s.c
[0.288s] -- Up-to-date: /home/hoapham/ros2_ws/install/zivid_interfaces/local/lib/python3.10/dist-packages/zivid_interfaces/msg/_fixed_placement_of_calibration_board_s.c
[0.288s] -- Up-to-date: /home/hoapham/ros2_ws/install/zivid_interfaces/local/lib/python3.10/dist-packages/zivid_interfaces/msg/_hand_eye_calibration_objects.py
[0.288s] -- Up-to-date: /home/hoapham/ros2_ws/install/zivid_interfaces/local/lib/python3.10/dist-packages/zivid_interfaces/msg/_marker_shape.py
[0.288s] -- Up-to-date: /home/hoapham/ros2_ws/install/zivid_interfaces/local/lib/python3.10/dist-packages/zivid_interfaces/msg/_marker_shape_s.c
[0.288s] -- Up-to-date: /home/hoapham/ros2_ws/install/zivid_interfaces/local/lib/python3.10/dist-packages/zivid_interfaces/msg/_fixed_placement_of_calibration_board.py
[0.288s] -- Up-to-date: /home/hoapham/ros2_ws/install/zivid_interfaces/local/lib/python3.10/dist-packages/zivid_interfaces/msg/_detection_result_fiducial_markers.py
[0.288s] -- Up-to-date: /home/hoapham/ros2_ws/install/zivid_interfaces/local/lib/python3.10/dist-packages/zivid_interfaces/__init__.py
[0.288s] -- Up-to-date: /home/hoapham/ros2_ws/install/zivid_interfaces/local/lib/python3.10/dist-packages/zivid_interfaces/zivid_interfaces_s__rosidl_typesupport_c.cpython-310-x86_64-linux-gnu.so
[0.288s] -- Up-to-date: /home/hoapham/ros2_ws/install/zivid_interfaces/local/lib/python3.10/dist-packages/zivid_interfaces/srv
[0.288s] -- Up-to-date: /home/hoapham/ros2_ws/install/zivid_interfaces/local/lib/python3.10/dist-packages/zivid_interfaces/srv/_hand_eye_calibration_calibrate.py
[0.288s] -- Up-to-date: /home/hoapham/ros2_ws/install/zivid_interfaces/local/lib/python3.10/dist-packages/zivid_interfaces/srv/_capture_and_detect_markers.py
[0.288s] -- Up-to-date: /home/hoapham/ros2_ws/install/zivid_interfaces/local/lib/python3.10/dist-packages/zivid_interfaces/srv/_hand_eye_calibration_calibrate_s.c
[0.289s] -- Up-to-date: /home/hoapham/ros2_ws/install/zivid_interfaces/local/lib/python3.10/dist-packages/zivid_interfaces/srv/__init__.py
[0.289s] -- Up-to-date: /home/hoapham/ros2_ws/install/zivid_interfaces/local/lib/python3.10/dist-packages/zivid_interfaces/srv/_capture_and_save.py
[0.289s] -- Up-to-date: /home/hoapham/ros2_ws/install/zivid_interfaces/local/lib/python3.10/dist-packages/zivid_interfaces/srv/_infield_correction_read.py
[0.289s] -- Up-to-date: /home/hoapham/ros2_ws/install/zivid_interfaces/local/lib/python3.10/dist-packages/zivid_interfaces/srv/_capture_and_save_s.c
[0.289s] -- Up-to-date: /home/hoapham/ros2_ws/install/zivid_interfaces/local/lib/python3.10/dist-packages/zivid_interfaces/srv/_infield_correction_read_s.c
[0.289s] -- Up-to-date: /home/hoapham/ros2_ws/install/zivid_interfaces/local/lib/python3.10/dist-packages/zivid_interfaces/srv/_camera_info_model_name_s.c
[0.289s] -- Up-to-date: /home/hoapham/ros2_ws/install/zivid_interfaces/local/lib/python3.10/dist-packages/zivid_interfaces/srv/_camera_info_serial_number_s.c
[0.289s] -- Up-to-date: /home/hoapham/ros2_ws/install/zivid_interfaces/local/lib/python3.10/dist-packages/zivid_interfaces/srv/_hand_eye_calibration_start_s.c
[0.289s] -- Up-to-date: /home/hoapham/ros2_ws/install/zivid_interfaces/local/lib/python3.10/dist-packages/zivid_interfaces/srv/_hand_eye_calibration_capture.py
[0.289s] -- Up-to-date: /home/hoapham/ros2_ws/install/zivid_interfaces/local/lib/python3.10/dist-packages/zivid_interfaces/srv/_hand_eye_calibration_capture_s.c
[0.289s] -- Up-to-date: /home/hoapham/ros2_ws/install/zivid_interfaces/local/lib/python3.10/dist-packages/zivid_interfaces/srv/_camera_info_model_name.py
[0.289s] -- Up-to-date: /home/hoapham/ros2_ws/install/zivid_interfaces/local/lib/python3.10/dist-packages/zivid_interfaces/srv/_hand_eye_calibration_load_s.c
[0.289s] -- Up-to-date: /home/hoapham/ros2_ws/install/zivid_interfaces/local/lib/python3.10/dist-packages/zivid_interfaces/srv/_infield_correction_capture.py
[0.289s] -- Up-to-date: /home/hoapham/ros2_ws/install/zivid_interfaces/local/lib/python3.10/dist-packages/zivid_interfaces/srv/_capture_and_detect_calibration_board_s.c
[0.289s] -- Up-to-date: /home/hoapham/ros2_ws/install/zivid_interfaces/local/lib/python3.10/dist-packages/zivid_interfaces/srv/_capture_and_detect_calibration_board.py
[0.289s] -- Up-to-date: /home/hoapham/ros2_ws/install/zivid_interfaces/local/lib/python3.10/dist-packages/zivid_interfaces/srv/_is_connected_s.c
[0.289s] -- Up-to-date: /home/hoapham/ros2_ws/install/zivid_interfaces/local/lib/python3.10/dist-packages/zivid_interfaces/srv/_infield_correction_compute_s.c
[0.289s] -- Up-to-date: /home/hoapham/ros2_ws/install/zivid_interfaces/local/lib/python3.10/dist-packages/zivid_interfaces/srv/_camera_info_serial_number.py
[0.289s] -- Up-to-date: /home/hoapham/ros2_ws/install/zivid_interfaces/local/lib/python3.10/dist-packages/zivid_interfaces/srv/_infield_correction_compute.py
[0.289s] -- Up-to-date: /home/hoapham/ros2_ws/install/zivid_interfaces/local/lib/python3.10/dist-packages/zivid_interfaces/srv/_capture_assistant_suggest_settings_s.c
[0.289s] -- Up-to-date: /home/hoapham/ros2_ws/install/zivid_interfaces/local/lib/python3.10/dist-packages/zivid_interfaces/srv/_capture_and_detect_markers_s.c
[0.289s] -- Up-to-date: /home/hoapham/ros2_ws/install/zivid_interfaces/local/lib/python3.10/dist-packages/zivid_interfaces/srv/_infield_correction_capture_s.c
[0.289s] -- Up-to-date: /home/hoapham/ros2_ws/install/zivid_interfaces/local/lib/python3.10/dist-packages/zivid_interfaces/srv/_hand_eye_calibration_load.py
[0.289s] -- Up-to-date: /home/hoapham/ros2_ws/install/zivid_interfaces/local/lib/python3.10/dist-packages/zivid_interfaces/srv/_capture_assistant_suggest_settings.py
[0.289s] -- Up-to-date: /home/hoapham/ros2_ws/install/zivid_interfaces/local/lib/python3.10/dist-packages/zivid_interfaces/srv/_is_connected.py
[0.289s] -- Up-to-date: /home/hoapham/ros2_ws/install/zivid_interfaces/local/lib/python3.10/dist-packages/zivid_interfaces/srv/_hand_eye_calibration_start.py
[0.289s] -- Up-to-date: /home/hoapham/ros2_ws/install/zivid_interfaces/local/lib/python3.10/dist-packages/zivid_interfaces/zivid_interfaces_s__rosidl_typesupport_introspection_c.cpython-310-x86_64-linux-gnu.so
[0.289s] -- Up-to-date: /home/hoapham/ros2_ws/install/zivid_interfaces/local/lib/python3.10/dist-packages/zivid_interfaces/libzivid_interfaces__rosidl_generator_py.so
[0.289s] -- Up-to-date: /home/hoapham/ros2_ws/install/zivid_interfaces/local/lib/python3.10/dist-packages/zivid_interfaces/_zivid_interfaces_s.ep.rosidl_typesupport_c.c
[0.289s] -- Up-to-date: /home/hoapham/ros2_ws/install/zivid_interfaces/local/lib/python3.10/dist-packages/zivid_interfaces/_zivid_interfaces_s.ep.rosidl_typesupport_introspection_c.c
[0.289s] -- Up-to-date: /home/hoapham/ros2_ws/install/zivid_interfaces/local/lib/python3.10/dist-packages/zivid_interfaces/_zivid_interfaces_s.ep.rosidl_typesupport_fastrtps_c.c
[0.289s] -- Up-to-date: /home/hoapham/ros2_ws/install/zivid_interfaces/local/lib/python3.10/dist-packages/zivid_interfaces/zivid_interfaces_s__rosidl_typesupport_fastrtps_c.cpython-310-x86_64-linux-gnu.so
[0.306s] Listing '/home/hoapham/ros2_ws/install/zivid_interfaces/local/lib/python3.10/dist-packages/zivid_interfaces'...
[0.306s] Listing '/home/hoapham/ros2_ws/install/zivid_interfaces/local/lib/python3.10/dist-packages/zivid_interfaces/msg'...
[0.306s] Listing '/home/hoapham/ros2_ws/install/zivid_interfaces/local/lib/python3.10/dist-packages/zivid_interfaces/srv'...
[0.309s] -- Up-to-date: /home/hoapham/ros2_ws/install/zivid_interfaces/local/lib/python3.10/dist-packages/zivid_interfaces/zivid_interfaces_s__rosidl_typesupport_fastrtps_c.cpython-310-x86_64-linux-gnu.so
[0.310s] -- Up-to-date: /home/hoapham/ros2_ws/install/zivid_interfaces/local/lib/python3.10/dist-packages/zivid_interfaces/zivid_interfaces_s__rosidl_typesupport_introspection_c.cpython-310-x86_64-linux-gnu.so
[0.310s] -- Up-to-date: /home/hoapham/ros2_ws/install/zivid_interfaces/local/lib/python3.10/dist-packages/zivid_interfaces/zivid_interfaces_s__rosidl_typesupport_c.cpython-310-x86_64-linux-gnu.so
[0.310s] -- Up-to-date: /home/hoapham/ros2_ws/install/zivid_interfaces/lib/libzivid_interfaces__rosidl_generator_py.so
[0.310s] -- Up-to-date: /home/hoapham/ros2_ws/install/zivid_interfaces/share/zivid_interfaces/msg/DetectionResultCalibrationBoard.idl
[0.310s] -- Up-to-date: /home/hoapham/ros2_ws/install/zivid_interfaces/share/zivid_interfaces/msg/DetectionResultFiducialMarkers.idl
[0.310s] -- Up-to-date: /home/hoapham/ros2_ws/install/zivid_interfaces/share/zivid_interfaces/msg/FixedPlacementOfCalibrationBoard.idl
[0.311s] -- Up-to-date: /home/hoapham/ros2_ws/install/zivid_interfaces/share/zivid_interfaces/msg/FixedPlacementOfCalibrationObjects.idl
[0.311s] -- Up-to-date: /home/hoapham/ros2_ws/install/zivid_interfaces/share/zivid_interfaces/msg/FixedPlacementOfFiducialMarker.idl
[0.311s] -- Up-to-date: /home/hoapham/ros2_ws/install/zivid_interfaces/share/zivid_interfaces/msg/HandEyeCalibrationObjects.idl
[0.311s] -- Up-to-date: /home/hoapham/ros2_ws/install/zivid_interfaces/share/zivid_interfaces/msg/HandEyeCalibrationResidual.idl
[0.311s] -- Up-to-date: /home/hoapham/ros2_ws/install/zivid_interfaces/share/zivid_interfaces/msg/MarkerShape.idl
[0.311s] -- Up-to-date: /home/hoapham/ros2_ws/install/zivid_interfaces/share/zivid_interfaces/srv/CaptureAndDetectCalibrationBoard.idl
[0.311s] -- Up-to-date: /home/hoapham/ros2_ws/install/zivid_interfaces/share/zivid_interfaces/srv/CaptureAndDetectMarkers.idl
[0.311s] -- Up-to-date: /home/hoapham/ros2_ws/install/zivid_interfaces/share/zivid_interfaces/srv/CaptureAndSave.idl
[0.311s] -- Up-to-date: /home/hoapham/ros2_ws/install/zivid_interfaces/share/zivid_interfaces/srv/CaptureAssistantSuggestSettings.idl
[0.311s] -- Up-to-date: /home/hoapham/ros2_ws/install/zivid_interfaces/share/zivid_interfaces/srv/CameraInfoModelName.idl
[0.311s] -- Up-to-date: /home/hoapham/ros2_ws/install/zivid_interfaces/share/zivid_interfaces/srv/CameraInfoSerialNumber.idl
[0.311s] -- Up-to-date: /home/hoapham/ros2_ws/install/zivid_interfaces/share/zivid_interfaces/srv/HandEyeCalibrationCalibrate.idl
[0.311s] -- Up-to-date: /home/hoapham/ros2_ws/install/zivid_interfaces/share/zivid_interfaces/srv/HandEyeCalibrationCapture.idl
[0.311s] -- Up-to-date: /home/hoapham/ros2_ws/install/zivid_interfaces/share/zivid_interfaces/srv/HandEyeCalibrationLoad.idl
[0.311s] -- Up-to-date: /home/hoapham/ros2_ws/install/zivid_interfaces/share/zivid_interfaces/srv/HandEyeCalibrationStart.idl
[0.311s] -- Up-to-date: /home/hoapham/ros2_ws/install/zivid_interfaces/share/zivid_interfaces/srv/InfieldCorrectionCapture.idl
[0.311s] -- Up-to-date: /home/hoapham/ros2_ws/install/zivid_interfaces/share/zivid_interfaces/srv/InfieldCorrectionCompute.idl
[0.311s] -- Up-to-date: /home/hoapham/ros2_ws/install/zivid_interfaces/share/zivid_interfaces/srv/InfieldCorrectionRead.idl
[0.311s] -- Up-to-date: /home/hoapham/ros2_ws/install/zivid_interfaces/share/zivid_interfaces/srv/IsConnected.idl
[0.311s] -- Up-to-date: /home/hoapham/ros2_ws/install/zivid_interfaces/share/zivid_interfaces/msg/DetectionResultCalibrationBoard.msg
[0.311s] -- Up-to-date: /home/hoapham/ros2_ws/install/zivid_interfaces/share/zivid_interfaces/msg/DetectionResultFiducialMarkers.msg
[0.311s] -- Up-to-date: /home/hoapham/ros2_ws/install/zivid_interfaces/share/zivid_interfaces/msg/FixedPlacementOfCalibrationBoard.msg
[0.312s] -- Up-to-date: /home/hoapham/ros2_ws/install/zivid_interfaces/share/zivid_interfaces/msg/FixedPlacementOfCalibrationObjects.msg
[0.312s] -- Up-to-date: /home/hoapham/ros2_ws/install/zivid_interfaces/share/zivid_interfaces/msg/FixedPlacementOfFiducialMarker.msg
[0.312s] -- Up-to-date: /home/hoapham/ros2_ws/install/zivid_interfaces/share/zivid_interfaces/msg/HandEyeCalibrationObjects.msg
[0.312s] -- Up-to-date: /home/hoapham/ros2_ws/install/zivid_interfaces/share/zivid_interfaces/msg/HandEyeCalibrationResidual.msg
[0.312s] -- Up-to-date: /home/hoapham/ros2_ws/install/zivid_interfaces/share/zivid_interfaces/msg/MarkerShape.msg
[0.312s] -- Up-to-date: /home/hoapham/ros2_ws/install/zivid_interfaces/share/zivid_interfaces/srv/CaptureAndDetectCalibrationBoard.srv
[0.312s] -- Up-to-date: /home/hoapham/ros2_ws/install/zivid_interfaces/share/zivid_interfaces/srv/CaptureAndDetectCalibrationBoard_Request.msg
[0.312s] -- Up-to-date: /home/hoapham/ros2_ws/install/zivid_interfaces/share/zivid_interfaces/srv/CaptureAndDetectCalibrationBoard_Response.msg
[0.312s] -- Up-to-date: /home/hoapham/ros2_ws/install/zivid_interfaces/share/zivid_interfaces/srv/CaptureAndDetectMarkers.srv
[0.312s] -- Up-to-date: /home/hoapham/ros2_ws/install/zivid_interfaces/share/zivid_interfaces/srv/CaptureAndDetectMarkers_Request.msg
[0.312s] -- Up-to-date: /home/hoapham/ros2_ws/install/zivid_interfaces/share/zivid_interfaces/srv/CaptureAndDetectMarkers_Response.msg
[0.312s] -- Up-to-date: /home/hoapham/ros2_ws/install/zivid_interfaces/share/zivid_interfaces/srv/CaptureAndSave.srv
[0.312s] -- Up-to-date: /home/hoapham/ros2_ws/install/zivid_interfaces/share/zivid_interfaces/srv/CaptureAndSave_Request.msg
[0.312s] -- Up-to-date: /home/hoapham/ros2_ws/install/zivid_interfaces/share/zivid_interfaces/srv/CaptureAndSave_Response.msg
[0.312s] -- Up-to-date: /home/hoapham/ros2_ws/install/zivid_interfaces/share/zivid_interfaces/srv/CaptureAssistantSuggestSettings.srv
[0.312s] -- Up-to-date: /home/hoapham/ros2_ws/install/zivid_interfaces/share/zivid_interfaces/srv/CaptureAssistantSuggestSettings_Request.msg
[0.312s] -- Up-to-date: /home/hoapham/ros2_ws/install/zivid_interfaces/share/zivid_interfaces/srv/CaptureAssistantSuggestSettings_Response.msg
[0.312s] -- Up-to-date: /home/hoapham/ros2_ws/install/zivid_interfaces/share/zivid_interfaces/srv/CameraInfoModelName.srv
[0.312s] -- Up-to-date: /home/hoapham/ros2_ws/install/zivid_interfaces/share/zivid_interfaces/srv/CameraInfoModelName_Request.msg
[0.312s] -- Up-to-date: /home/hoapham/ros2_ws/install/zivid_interfaces/share/zivid_interfaces/srv/CameraInfoModelName_Response.msg
[0.313s] -- Up-to-date: /home/hoapham/ros2_ws/install/zivid_interfaces/share/zivid_interfaces/srv/CameraInfoSerialNumber.srv
[0.313s] -- Up-to-date: /home/hoapham/ros2_ws/install/zivid_interfaces/share/zivid_interfaces/srv/CameraInfoSerialNumber_Request.msg
[0.313s] -- Up-to-date: /home/hoapham/ros2_ws/install/zivid_interfaces/share/zivid_interfaces/srv/CameraInfoSerialNumber_Response.msg
[0.313s] -- Up-to-date: /home/hoapham/ros2_ws/install/zivid_interfaces/share/zivid_interfaces/srv/HandEyeCalibrationCalibrate.srv
[0.313s] -- Up-to-date: /home/hoapham/ros2_ws/install/zivid_interfaces/share/zivid_interfaces/srv/HandEyeCalibrationCalibrate_Request.msg
[0.313s] -- Up-to-date: /home/hoapham/ros2_ws/install/zivid_interfaces/share/zivid_interfaces/srv/HandEyeCalibrationCalibrate_Response.msg
[0.313s] -- Up-to-date: /home/hoapham/ros2_ws/install/zivid_interfaces/share/zivid_interfaces/srv/HandEyeCalibrationCapture.srv
[0.313s] -- Up-to-date: /home/hoapham/ros2_ws/install/zivid_interfaces/share/zivid_interfaces/srv/HandEyeCalibrationCapture_Request.msg
[0.313s] -- Up-to-date: /home/hoapham/ros2_ws/install/zivid_interfaces/share/zivid_interfaces/srv/HandEyeCalibrationCapture_Response.msg
[0.313s] -- Up-to-date: /home/hoapham/ros2_ws/install/zivid_interfaces/share/zivid_interfaces/srv/HandEyeCalibrationLoad.srv
[0.313s] -- Up-to-date: /home/hoapham/ros2_ws/install/zivid_interfaces/share/zivid_interfaces/srv/HandEyeCalibrationLoad_Request.msg
[0.313s] -- Up-to-date: /home/hoapham/ros2_ws/install/zivid_interfaces/share/zivid_interfaces/srv/HandEyeCalibrationLoad_Response.msg
[0.313s] -- Up-to-date: /home/hoapham/ros2_ws/install/zivid_interfaces/share/zivid_interfaces/srv/HandEyeCalibrationStart.srv
[0.313s] -- Up-to-date: /home/hoapham/ros2_ws/install/zivid_interfaces/share/zivid_interfaces/srv/HandEyeCalibrationStart_Request.msg
[0.313s] -- Up-to-date: /home/hoapham/ros2_ws/install/zivid_interfaces/share/zivid_interfaces/srv/HandEyeCalibrationStart_Response.msg
[0.313s] -- Up-to-date: /home/hoapham/ros2_ws/install/zivid_interfaces/share/zivid_interfaces/srv/InfieldCorrectionCapture.srv
[0.313s] -- Up-to-date: /home/hoapham/ros2_ws/install/zivid_interfaces/share/zivid_interfaces/srv/InfieldCorrectionCapture_Request.msg
[0.313s] -- Up-to-date: /home/hoapham/ros2_ws/install/zivid_interfaces/share/zivid_interfaces/srv/InfieldCorrectionCapture_Response.msg
[0.314s] -- Up-to-date: /home/hoapham/ros2_ws/install/zivid_interfaces/share/zivid_interfaces/srv/InfieldCorrectionCompute.srv
[0.314s] -- Up-to-date: /home/hoapham/ros2_ws/install/zivid_interfaces/share/zivid_interfaces/srv/InfieldCorrectionCompute_Request.msg
[0.314s] -- Up-to-date: /home/hoapham/ros2_ws/install/zivid_interfaces/share/zivid_interfaces/srv/InfieldCorrectionCompute_Response.msg
[0.314s] -- Up-to-date: /home/hoapham/ros2_ws/install/zivid_interfaces/share/zivid_interfaces/srv/InfieldCorrectionRead.srv
[0.314s] -- Up-to-date: /home/hoapham/ros2_ws/install/zivid_interfaces/share/zivid_interfaces/srv/InfieldCorrectionRead_Request.msg
[0.314s] -- Up-to-date: /home/hoapham/ros2_ws/install/zivid_interfaces/share/zivid_interfaces/srv/InfieldCorrectionRead_Response.msg
[0.314s] -- Up-to-date: /home/hoapham/ros2_ws/install/zivid_interfaces/share/zivid_interfaces/srv/IsConnected.srv
[0.314s] -- Up-to-date: /home/hoapham/ros2_ws/install/zivid_interfaces/share/zivid_interfaces/srv/IsConnected_Request.msg
[0.314s] -- Up-to-date: /home/hoapham/ros2_ws/install/zivid_interfaces/share/zivid_interfaces/srv/IsConnected_Response.msg
[0.314s] -- Up-to-date: /home/hoapham/ros2_ws/install/zivid_interfaces/share/ament_index/resource_index/package_run_dependencies/zivid_interfaces
[0.314s] -- Up-to-date: /home/hoapham/ros2_ws/install/zivid_interfaces/share/ament_index/resource_index/parent_prefix_path/zivid_interfaces
[0.314s] -- Up-to-date: /home/hoapham/ros2_ws/install/zivid_interfaces/share/zivid_interfaces/environment/ament_prefix_path.sh
[0.314s] -- Up-to-date: /home/hoapham/ros2_ws/install/zivid_interfaces/share/zivid_interfaces/environment/ament_prefix_path.dsv
[0.314s] -- Up-to-date: /home/hoapham/ros2_ws/install/zivid_interfaces/share/zivid_interfaces/environment/path.sh
[0.314s] -- Up-to-date: /home/hoapham/ros2_ws/install/zivid_interfaces/share/zivid_interfaces/environment/path.dsv
[0.314s] -- Up-to-date: /home/hoapham/ros2_ws/install/zivid_interfaces/share/zivid_interfaces/local_setup.bash
[0.314s] -- Up-to-date: /home/hoapham/ros2_ws/install/zivid_interfaces/share/zivid_interfaces/local_setup.sh
[0.315s] -- Up-to-date: /home/hoapham/ros2_ws/install/zivid_interfaces/share/zivid_interfaces/local_setup.zsh
[0.315s] -- Up-to-date: /home/hoapham/ros2_ws/install/zivid_interfaces/share/zivid_interfaces/local_setup.dsv
[0.315s] -- Installing: /home/hoapham/ros2_ws/install/zivid_interfaces/share/zivid_interfaces/package.dsv
[0.315s] -- Up-to-date: /home/hoapham/ros2_ws/install/zivid_interfaces/share/ament_index/resource_index/packages/zivid_interfaces
[0.315s] -- Up-to-date: /home/hoapham/ros2_ws/install/zivid_interfaces/share/zivid_interfaces/cmake/export_zivid_interfaces__rosidl_generator_cExport.cmake
[0.315s] -- Up-to-date: /home/hoapham/ros2_ws/install/zivid_interfaces/share/zivid_interfaces/cmake/export_zivid_interfaces__rosidl_generator_cExport-noconfig.cmake
[0.315s] -- Up-to-date: /home/hoapham/ros2_ws/install/zivid_interfaces/share/zivid_interfaces/cmake/export_zivid_interfaces__rosidl_typesupport_fastrtps_cExport.cmake
[0.315s] -- Up-to-date: /home/hoapham/ros2_ws/install/zivid_interfaces/share/zivid_interfaces/cmake/export_zivid_interfaces__rosidl_typesupport_fastrtps_cExport-noconfig.cmake
[0.315s] -- Up-to-date: /home/hoapham/ros2_ws/install/zivid_interfaces/share/zivid_interfaces/cmake/export_zivid_interfaces__rosidl_generator_cppExport.cmake
[0.315s] -- Up-to-date: /home/hoapham/ros2_ws/install/zivid_interfaces/share/zivid_interfaces/cmake/export_zivid_interfaces__rosidl_typesupport_fastrtps_cppExport.cmake
[0.315s] -- Up-to-date: /home/hoapham/ros2_ws/install/zivid_interfaces/share/zivid_interfaces/cmake/export_zivid_interfaces__rosidl_typesupport_fastrtps_cppExport-noconfig.cmake
[0.316s] -- Up-to-date: /home/hoapham/ros2_ws/install/zivid_interfaces/share/zivid_interfaces/cmake/zivid_interfaces__rosidl_typesupport_introspection_cExport.cmake
[0.316s] -- Up-to-date: /home/hoapham/ros2_ws/install/zivid_interfaces/share/zivid_interfaces/cmake/zivid_interfaces__rosidl_typesupport_introspection_cExport-noconfig.cmake
[0.316s] -- Up-to-date: /home/hoapham/ros2_ws/install/zivid_interfaces/share/zivid_interfaces/cmake/zivid_interfaces__rosidl_typesupport_cExport.cmake
[0.316s] -- Up-to-date: /home/hoapham/ros2_ws/install/zivid_interfaces/share/zivid_interfaces/cmake/zivid_interfaces__rosidl_typesupport_cExport-noconfig.cmake
[0.316s] -- Up-to-date: /home/hoapham/ros2_ws/install/zivid_interfaces/share/zivid_interfaces/cmake/zivid_interfaces__rosidl_typesupport_introspection_cppExport.cmake
[0.316s] -- Up-to-date: /home/hoapham/ros2_ws/install/zivid_interfaces/share/zivid_interfaces/cmake/zivid_interfaces__rosidl_typesupport_introspection_cppExport-noconfig.cmake
[0.316s] -- Up-to-date: /home/hoapham/ros2_ws/install/zivid_interfaces/share/zivid_interfaces/cmake/zivid_interfaces__rosidl_typesupport_cppExport.cmake
[0.316s] -- Up-to-date: /home/hoapham/ros2_ws/install/zivid_interfaces/share/zivid_interfaces/cmake/zivid_interfaces__rosidl_typesupport_cppExport-noconfig.cmake
[0.316s] -- Up-to-date: /home/hoapham/ros2_ws/install/zivid_interfaces/share/zivid_interfaces/cmake/export_zivid_interfaces__rosidl_generator_pyExport.cmake
[0.316s] -- Up-to-date: /home/hoapham/ros2_ws/install/zivid_interfaces/share/zivid_interfaces/cmake/export_zivid_interfaces__rosidl_generator_pyExport-noconfig.cmake
[0.316s] -- Up-to-date: /home/hoapham/ros2_ws/install/zivid_interfaces/share/zivid_interfaces/cmake/rosidl_cmake-extras.cmake
[0.316s] -- Up-to-date: /home/hoapham/ros2_ws/install/zivid_interfaces/share/zivid_interfaces/cmake/ament_cmake_export_dependencies-extras.cmake
[0.316s] -- Up-to-date: /home/hoapham/ros2_ws/install/zivid_interfaces/share/zivid_interfaces/cmake/ament_cmake_export_include_directories-extras.cmake
[0.317s] -- Up-to-date: /home/hoapham/ros2_ws/install/zivid_interfaces/share/zivid_interfaces/cmake/ament_cmake_export_libraries-extras.cmake
[0.317s] -- Up-to-date: /home/hoapham/ros2_ws/install/zivid_interfaces/share/zivid_interfaces/cmake/ament_cmake_export_targets-extras.cmake
[0.317s] -- Up-to-date: /home/hoapham/ros2_ws/install/zivid_interfaces/share/zivid_interfaces/cmake/rosidl_cmake_export_typesupport_targets-extras.cmake
[0.317s] -- Up-to-date: /home/hoapham/ros2_ws/install/zivid_interfaces/share/zivid_interfaces/cmake/rosidl_cmake_export_typesupport_libraries-extras.cmake
[0.317s] -- Up-to-date: /home/hoapham/ros2_ws/install/zivid_interfaces/share/zivid_interfaces/cmake/zivid_interfacesConfig.cmake
[0.317s] -- Up-to-date: /home/hoapham/ros2_ws/install/zivid_interfaces/share/zivid_interfaces/cmake/zivid_interfacesConfig-version.cmake
[0.317s] -- Up-to-date: /home/hoapham/ros2_ws/install/zivid_interfaces/share/zivid_interfaces/package.xml
[0.319s] Invoked command in '/home/hoapham/ros2_ws/build/zivid_interfaces' returned '0': CMAKE_PREFIX_PATH=${CMAKE_PREFIX_PATH}:/opt/ros/humble /usr/bin/cmake --install /home/hoapham/ros2_ws/build/zivid_interfaces
