[0.014s] Invoking command in '/home/hoapham/ros2_ws/build/zivid_samples': AMENT_PREFIX_PATH=/home/hoapham/ros2_ws/install/zivid_interfaces:/home/hoapham/ros2_ws/install/zivid_description:${AMENT_PREFIX_PATH} CMAKE_PREFIX_PATH=/home/hoapham/ros2_ws/install/zivid_interfaces:/home/hoapham/ros2_ws/install/zivid_description:/opt/ros/humble LD_LIBRARY_PATH=/home/hoapham/ros2_ws/install/zivid_interfaces/lib:${LD_LIBRARY_PATH} PYTHONPATH=/home/hoapham/ros2_ws/install/zivid_interfaces/local/lib/python3.10/dist-packages:${PYTHONPATH} /usr/bin/cmake --build /home/hoapham/ros2_ws/build/zivid_samples -- -j16 -l16
[0.064s] [35m[1mConsolidate compiler generated dependencies of target sample_capture_cpp[0m
[0.075s] [ 33%] Built target sample_capture_with_settings_from_file_cpp
[0.076s] [ 33%] Built target sample_capture_2d_cpp
[0.076s] [ 33%] Built target sample_capture_assistant_cpp
[0.076s] [ 55%] Built target sample_capture_and_detect_markers_cpp
[0.076s] [ 55%] Built target sample_infield_correction_cpp
[0.077s] [ 66%] Built target sample_capture_and_detect_calibration_board_cpp
[0.080s] [ 88%] Built target sample_capture_and_save_cpp
[0.080s] [ 88%] Built target sample_hand_eye_calibration_cpp
[0.083s] [100%] Built target sample_capture_cpp
[0.093s] Invoked command in '/home/hoapham/ros2_ws/build/zivid_samples' returned '0': AMENT_PREFIX_PATH=/home/hoapham/ros2_ws/install/zivid_interfaces:/home/hoapham/ros2_ws/install/zivid_description:${AMENT_PREFIX_PATH} CMAKE_PREFIX_PATH=/home/hoapham/ros2_ws/install/zivid_interfaces:/home/hoapham/ros2_ws/install/zivid_description:/opt/ros/humble LD_LIBRARY_PATH=/home/hoapham/ros2_ws/install/zivid_interfaces/lib:${LD_LIBRARY_PATH} PYTHONPATH=/home/hoapham/ros2_ws/install/zivid_interfaces/local/lib/python3.10/dist-packages:${PYTHONPATH} /usr/bin/cmake --build /home/hoapham/ros2_ws/build/zivid_samples -- -j16 -l16
[0.095s] Invoking command in '/home/hoapham/ros2_ws/build/zivid_samples': AMENT_PREFIX_PATH=/home/hoapham/ros2_ws/install/zivid_interfaces:/home/hoapham/ros2_ws/install/zivid_description:${AMENT_PREFIX_PATH} CMAKE_PREFIX_PATH=/home/hoapham/ros2_ws/install/zivid_interfaces:/home/hoapham/ros2_ws/install/zivid_description:/opt/ros/humble LD_LIBRARY_PATH=/home/hoapham/ros2_ws/install/zivid_interfaces/lib:${LD_LIBRARY_PATH} PYTHONPATH=/home/hoapham/ros2_ws/install/zivid_interfaces/local/lib/python3.10/dist-packages:${PYTHONPATH} /usr/bin/cmake --install /home/hoapham/ros2_ws/build/zivid_samples
[0.101s] -- Install configuration: ""
[0.101s] -- Up-to-date: /home/hoapham/ros2_ws/install/zivid_samples/lib/zivid_samples/sample_capture_cpp
[0.102s] -- Up-to-date: /home/hoapham/ros2_ws/install/zivid_samples/lib/zivid_samples/sample_capture_2d_cpp
[0.103s] -- Up-to-date: /home/hoapham/ros2_ws/install/zivid_samples/lib/zivid_samples/sample_capture_and_save_cpp
[0.103s] -- Up-to-date: /home/hoapham/ros2_ws/install/zivid_samples/lib/zivid_samples/sample_capture_assistant_cpp
[0.104s] -- Up-to-date: /home/hoapham/ros2_ws/install/zivid_samples/lib/zivid_samples/sample_capture_with_settings_from_file_cpp
[0.105s] -- Up-to-date: /home/hoapham/ros2_ws/install/zivid_samples/lib/zivid_samples/sample_capture_and_detect_calibration_board_cpp
[0.106s] -- Up-to-date: /home/hoapham/ros2_ws/install/zivid_samples/lib/zivid_samples/sample_capture_and_detect_markers_cpp
[0.107s] -- Up-to-date: /home/hoapham/ros2_ws/install/zivid_samples/lib/zivid_samples/sample_infield_correction_cpp
[0.107s] -- Up-to-date: /home/hoapham/ros2_ws/install/zivid_samples/lib/zivid_samples/sample_hand_eye_calibration_cpp
[0.108s] -- Up-to-date: /home/hoapham/ros2_ws/install/zivid_samples/lib/zivid_samples/sample_capture.py
[0.108s] -- Up-to-date: /home/hoapham/ros2_ws/install/zivid_samples/lib/zivid_samples/sample_capture_2d.py
[0.108s] -- Up-to-date: /home/hoapham/ros2_ws/install/zivid_samples/lib/zivid_samples/sample_capture_and_save.py
[0.108s] -- Up-to-date: /home/hoapham/ros2_ws/install/zivid_samples/lib/zivid_samples/sample_capture_assistant.py
[0.108s] -- Up-to-date: /home/hoapham/ros2_ws/install/zivid_samples/lib/zivid_samples/sample_capture_with_settings_from_file.py
[0.108s] -- Up-to-date: /home/hoapham/ros2_ws/install/zivid_samples/lib/zivid_samples/sample_hand_eye_calibration.py
[0.108s] -- Up-to-date: /home/hoapham/ros2_ws/install/zivid_samples/lib/zivid_samples/sample_infield_correction.py
[0.108s] -- Up-to-date: /home/hoapham/ros2_ws/install/zivid_samples/share/zivid_samples/launch
[0.108s] -- Up-to-date: /home/hoapham/ros2_ws/install/zivid_samples/share/zivid_samples/launch/zivid_camera_with_rviz.launch
[0.108s] -- Up-to-date: /home/hoapham/ros2_ws/install/zivid_samples/share/zivid_samples/launch/sample.launch
[0.108s] -- Up-to-date: /home/hoapham/ros2_ws/install/zivid_samples/share/zivid_samples/launch/zivid_camera.launch
[0.108s] -- Up-to-date: /home/hoapham/ros2_ws/install/zivid_samples/share/zivid_samples/launch/sample_with_rviz.launch
[0.108s] -- Up-to-date: /home/hoapham/ros2_ws/install/zivid_samples/share/zivid_samples/settings
[0.108s] -- Up-to-date: /home/hoapham/ros2_ws/install/zivid_samples/share/zivid_samples/settings/camera_settings.yml
[0.108s] -- Up-to-date: /home/hoapham/ros2_ws/install/zivid_samples/share/ament_index/resource_index/package_run_dependencies/zivid_samples
[0.108s] -- Up-to-date: /home/hoapham/ros2_ws/install/zivid_samples/share/ament_index/resource_index/parent_prefix_path/zivid_samples
[0.108s] -- Up-to-date: /home/hoapham/ros2_ws/install/zivid_samples/share/zivid_samples/environment/ament_prefix_path.sh
[0.108s] -- Up-to-date: /home/hoapham/ros2_ws/install/zivid_samples/share/zivid_samples/environment/ament_prefix_path.dsv
[0.109s] -- Up-to-date: /home/hoapham/ros2_ws/install/zivid_samples/share/zivid_samples/environment/path.sh
[0.109s] -- Up-to-date: /home/hoapham/ros2_ws/install/zivid_samples/share/zivid_samples/environment/path.dsv
[0.109s] -- Up-to-date: /home/hoapham/ros2_ws/install/zivid_samples/share/zivid_samples/local_setup.bash
[0.109s] -- Up-to-date: /home/hoapham/ros2_ws/install/zivid_samples/share/zivid_samples/local_setup.sh
[0.109s] -- Up-to-date: /home/hoapham/ros2_ws/install/zivid_samples/share/zivid_samples/local_setup.zsh
[0.109s] -- Up-to-date: /home/hoapham/ros2_ws/install/zivid_samples/share/zivid_samples/local_setup.dsv
[0.109s] -- Installing: /home/hoapham/ros2_ws/install/zivid_samples/share/zivid_samples/package.dsv
[0.109s] -- Up-to-date: /home/hoapham/ros2_ws/install/zivid_samples/share/ament_index/resource_index/packages/zivid_samples
[0.109s] -- Up-to-date: /home/hoapham/ros2_ws/install/zivid_samples/share/zivid_samples/cmake/zivid_samplesConfig.cmake
[0.109s] -- Up-to-date: /home/hoapham/ros2_ws/install/zivid_samples/share/zivid_samples/cmake/zivid_samplesConfig-version.cmake
[0.110s] -- Up-to-date: /home/hoapham/ros2_ws/install/zivid_samples/share/zivid_samples/package.xml
[0.115s] Invoked command in '/home/hoapham/ros2_ws/build/zivid_samples' returned '0': AMENT_PREFIX_PATH=/home/hoapham/ros2_ws/install/zivid_interfaces:/home/hoapham/ros2_ws/install/zivid_description:${AMENT_PREFIX_PATH} CMAKE_PREFIX_PATH=/home/hoapham/ros2_ws/install/zivid_interfaces:/home/hoapham/ros2_ws/install/zivid_description:/opt/ros/humble LD_LIBRARY_PATH=/home/hoapham/ros2_ws/install/zivid_interfaces/lib:${LD_LIBRARY_PATH} PYTHONPATH=/home/hoapham/ros2_ws/install/zivid_interfaces/local/lib/python3.10/dist-packages:${PYTHONPATH} /usr/bin/cmake --install /home/hoapham/ros2_ws/build/zivid_samples
