[0.013s] Invoking command in '/home/hoapham/ur_ws/build/ur_robot_driver': AMENT_PREFIX_PATH=/home/hoapham/ur_ws/install/ur_controllers:/home/hoapham/ur_ws/install/ur_msgs:/home/hoapham/ur_ws/install/ur_dashboard_msgs:${AMENT_PREFIX_PATH} CMAKE_PREFIX_PATH=/home/hoapham/ur_ws/install/ur_controllers:/home/hoapham/ur_ws/install/ur_msgs:/home/hoapham/ur_ws/install/ur_dashboard_msgs:/opt/ros/humble LD_LIBRARY_PATH=/home/hoapham/ur_ws/install/ur_controllers/lib:/home/hoapham/ur_ws/install/ur_msgs/lib:/home/hoapham/ur_ws/install/ur_dashboard_msgs/lib:${LD_LIBRARY_PATH} PYTHONPATH=/home/hoapham/ur_ws/install/ur_msgs/local/lib/python3.10/dist-packages:/home/hoapham/ur_ws/install/ur_dashboard_msgs/local/lib/python3.10/dist-packages:${PYTHONPATH} /usr/bin/cmake /home/hoapham/ur_ws/src/Universal_Robots_ROS2_Driver/ur_robot_driver -DCMAKE_INSTALL_PREFIX=/home/hoapham/ur_ws/install/ur_robot_driver
[0.059s] -- The C compiler identification is GNU 11.4.0
[0.103s] -- The CXX compiler identification is GNU 11.4.0
[0.109s] -- Detecting C compiler ABI info
[0.169s] -- Detecting C compiler ABI info - done
[0.173s] -- Check for working C compiler: /usr/bin/cc - skipped
[0.173s] -- Detecting C compile features
[0.173s] -- Detecting C compile features - done
[0.175s] -- Detecting CXX compiler ABI info
[0.242s] -- Detecting CXX compiler ABI info - done
[0.247s] -- Check for working CXX compiler: /usr/bin/c++ - skipped
[0.247s] -- Detecting CXX compile features
[0.248s] -- Detecting CXX compile features - done
[0.249s] [0mur_robot_driver: You did not request a specific build type: selecting 'RelWithDebInfo'.[0m
[0.250s] -- Found ament_cmake: 1.3.11 (/opt/ros/humble/share/ament_cmake/cmake)
[0.357s] -- Found Python3: /usr/bin/python3 (found version "3.10.12") found components: Interpreter 
[0.424s] -- Found controller_manager: 2.50.0 (/opt/ros/humble/share/controller_manager/cmake)
[0.468s] -- Found rosidl_generator_c: 3.1.6 (/opt/ros/humble/share/rosidl_generator_c/cmake)
[0.472s] -- Found rosidl_adapter: 3.1.6 (/opt/ros/humble/share/rosidl_adapter/cmake)
[0.480s] -- Found rosidl_generator_cpp: 3.1.6 (/opt/ros/humble/share/rosidl_generator_cpp/cmake)
[0.490s] -- Using all available rosidl_typesupport_c: rosidl_typesupport_fastrtps_c;rosidl_typesupport_introspection_c
[0.503s] -- Using all available rosidl_typesupport_cpp: rosidl_typesupport_fastrtps_cpp;rosidl_typesupport_introspection_cpp
[0.665s] -- Found rmw_implementation_cmake: 6.1.2 (/opt/ros/humble/share/rmw_implementation_cmake/cmake)
[0.668s] -- Found rmw_cyclonedds_cpp: 1.3.4 (/opt/ros/humble/share/rmw_cyclonedds_cpp/cmake)
[0.688s] -- Using RMW implementation 'rmw_cyclonedds_cpp' as default
[0.696s] -- Looking for pthread.h
[0.776s] -- Looking for pthread.h - found
[0.776s] -- Performing Test CMAKE_HAVE_LIBC_PTHREAD
[0.862s] -- Performing Test CMAKE_HAVE_LIBC_PTHREAD - Success
[0.862s] -- Found Threads: TRUE  
[0.929s] -- Found rclpy: 3.3.16 (/opt/ros/humble/share/rclpy/cmake)
[0.930s] -- Found std_srvs: 4.8.0 (/opt/ros/humble/share/std_srvs/cmake)
[0.938s] -- Found tf2_geometry_msgs: 0.25.12 (/opt/ros/humble/share/tf2_geometry_msgs/cmake)
[0.951s] -- Found eigen3_cmake_module: 0.1.1 (/opt/ros/humble/share/eigen3_cmake_module/cmake)
[0.952s] -- Found Eigen3: TRUE (found version "3.4.0") 
[0.952s] -- Ensuring Eigen3 include directory is part of orocos-kdl CMake target
[0.999s] -- Found ur_dashboard_msgs: 2.7.0 (/home/hoapham/ur_ws/install/ur_dashboard_msgs/share/ur_dashboard_msgs/cmake)
[1.008s] -- Found ur_msgs: 2.2.0 (/home/hoapham/ur_ws/install/ur_msgs/share/ur_msgs/cmake)
[1.232s] -- Found ur_controllers: 2.7.0 (/home/hoapham/ur_ws/install/ur_controllers/share/ur_controllers/cmake)
[1.308s] -- Found ur_description: 2.5.0 (/opt/ros/humble/share/ur_description/cmake)
[1.310s] -- Found launch_testing_ament_cmake: 1.0.8 (/opt/ros/humble/share/launch_testing_ament_cmake/cmake)
[1.312s] -- Found python_cmake_module: 0.10.0 (/opt/ros/humble/share/python_cmake_module/cmake)
[1.330s] -- Found PythonInterp: /usr/bin/python3 (found suitable version "3.10.12", minimum required is "3.6") 
[1.336s] -- Found PythonLibs: /usr/lib/x86_64-linux-gnu/libpython3.10.so (found suitable version "3.10.12", minimum required is "3.5") 
[1.336s] -- Using PYTHON_EXECUTABLE: /usr/bin/python3
[1.336s] -- Using PYTHON_INCLUDE_DIRS: /usr/include/python3.10
[1.336s] -- Using PYTHON_LIBRARIES: /usr/lib/x86_64-linux-gnu/libpython3.10.so
[1.353s] -- Found PythonExtra: .so  
[1.353s] -- Configuring done
[1.466s] -- Generating done
[1.481s] -- Build files have been written to: /home/hoapham/ur_ws/build/ur_robot_driver
[1.501s] Invoked command in '/home/hoapham/ur_ws/build/ur_robot_driver' returned '0': AMENT_PREFIX_PATH=/home/hoapham/ur_ws/install/ur_controllers:/home/hoapham/ur_ws/install/ur_msgs:/home/hoapham/ur_ws/install/ur_dashboard_msgs:${AMENT_PREFIX_PATH} CMAKE_PREFIX_PATH=/home/hoapham/ur_ws/install/ur_controllers:/home/hoapham/ur_ws/install/ur_msgs:/home/hoapham/ur_ws/install/ur_dashboard_msgs:/opt/ros/humble LD_LIBRARY_PATH=/home/hoapham/ur_ws/install/ur_controllers/lib:/home/hoapham/ur_ws/install/ur_msgs/lib:/home/hoapham/ur_ws/install/ur_dashboard_msgs/lib:${LD_LIBRARY_PATH} PYTHONPATH=/home/hoapham/ur_ws/install/ur_msgs/local/lib/python3.10/dist-packages:/home/hoapham/ur_ws/install/ur_dashboard_msgs/local/lib/python3.10/dist-packages:${PYTHONPATH} /usr/bin/cmake /home/hoapham/ur_ws/src/Universal_Robots_ROS2_Driver/ur_robot_driver -DCMAKE_INSTALL_PREFIX=/home/hoapham/ur_ws/install/ur_robot_driver
[1.502s] Invoking command in '/home/hoapham/ur_ws/build/ur_robot_driver': AMENT_PREFIX_PATH=/home/hoapham/ur_ws/install/ur_controllers:/home/hoapham/ur_ws/install/ur_msgs:/home/hoapham/ur_ws/install/ur_dashboard_msgs:${AMENT_PREFIX_PATH} CMAKE_PREFIX_PATH=/home/hoapham/ur_ws/install/ur_controllers:/home/hoapham/ur_ws/install/ur_msgs:/home/hoapham/ur_ws/install/ur_dashboard_msgs:/opt/ros/humble LD_LIBRARY_PATH=/home/hoapham/ur_ws/install/ur_controllers/lib:/home/hoapham/ur_ws/install/ur_msgs/lib:/home/hoapham/ur_ws/install/ur_dashboard_msgs/lib:${LD_LIBRARY_PATH} PYTHONPATH=/home/hoapham/ur_ws/install/ur_msgs/local/lib/python3.10/dist-packages:/home/hoapham/ur_ws/install/ur_dashboard_msgs/local/lib/python3.10/dist-packages:${PYTHONPATH} /usr/bin/cmake --build /home/hoapham/ur_ws/build/ur_robot_driver
[1.558s] [ 15%] [32mBuilding CXX object CMakeFiles/ur_robot_driver_plugin.dir/src/hardware_interface.cpp.o[0m
[1.558s] [ 15%] [32mBuilding CXX object CMakeFiles/dashboard_client.dir/src/dashboard_client_ros.cpp.o[0m
[1.558s] [ 15%] [32mBuilding CXX object CMakeFiles/robot_state_helper.dir/src/robot_state_helper.cpp.o[0m
[1.558s] [ 25%] [32mBuilding CXX object CMakeFiles/controller_stopper_node.dir/src/controller_stopper.cpp.o[0m
[1.558s] [ 25%] [32mBuilding CXX object CMakeFiles/ur_ros2_control_node.dir/src/ur_ros2_control_node.cpp.o[0m
[1.558s] [ 30%] [32mBuilding CXX object CMakeFiles/ur_robot_driver_plugin.dir/src/dashboard_client_ros.cpp.o[0m
[1.558s] [ 35%] [32mBuilding CXX object CMakeFiles/urscript_interface.dir/src/urscript_interface.cpp.o[0m
[1.570s] [ 35%] Built target ament_cmake_python_copy_ur_robot_driver
[1.579s] [ 40%] [32mBuilding CXX object CMakeFiles/ur_robot_driver_plugin.dir/src/urcl_log_handler.cpp.o[0m
[2.156s] [ 45%] [32mBuilding CXX object CMakeFiles/ur_robot_driver_plugin.dir/src/robot_state_helper.cpp.o[0m
[5.723s] [ 50%] [32m[1mLinking CXX executable ur_ros2_control_node[0m
[5.892s] [ 50%] Built target ur_ros2_control_node
[6.222s] running egg_info
[6.222s] creating ur_robot_driver.egg-info
[6.222s] writing ur_robot_driver.egg-info/PKG-INFO
[6.222s] writing dependency_links to ur_robot_driver.egg-info/dependency_links.txt
[6.222s] writing top-level names to ur_robot_driver.egg-info/top_level.txt
[6.223s] writing manifest file 'ur_robot_driver.egg-info/SOURCES.txt'
[6.225s] reading manifest file 'ur_robot_driver.egg-info/SOURCES.txt'
[6.225s] writing manifest file 'ur_robot_driver.egg-info/SOURCES.txt'
[6.252s] [ 50%] Built target ament_cmake_python_build_ur_robot_driver_egg
[6.259s] [ 55%] [32mBuilding CXX object CMakeFiles/controller_stopper_node.dir/src/controller_stopper_node.cpp.o[0m
[9.920s] [ 60%] [32mBuilding CXX object CMakeFiles/dashboard_client.dir/src/dashboard_client_node.cpp.o[0m
[12.670s] [ 65%] [32mBuilding CXX object CMakeFiles/robot_state_helper.dir/src/robot_state_helper_node.cpp.o[0m
[12.681s] [ 70%] [32m[1mLinking CXX executable urscript_interface[0m
[12.969s] [ 70%] Built target urscript_interface
[12.977s] [ 75%] [32mBuilding CXX object CMakeFiles/dashboard_client.dir/src/urcl_log_handler.cpp.o[0m
[13.605s] [ 80%] [32mBuilding CXX object CMakeFiles/robot_state_helper.dir/src/urcl_log_handler.cpp.o[0m
[15.109s] [ 85%] [32m[1mLinking CXX executable controller_stopper_node[0m
[15.373s] [ 85%] Built target controller_stopper_node
[17.425s] [ 90%] [32m[1mLinking CXX executable dashboard_client[0m
[17.759s] [ 90%] Built target dashboard_client
[23.004s] [ 95%] [32m[1mLinking CXX executable robot_state_helper[0m
[23.423s] [ 95%] Built target robot_state_helper
[23.637s] [100%] [32m[1mLinking CXX shared library libur_robot_driver_plugin.so[0m
[24.189s] [100%] Built target ur_robot_driver_plugin
[24.199s] Invoked command in '/home/hoapham/ur_ws/build/ur_robot_driver' returned '0': AMENT_PREFIX_PATH=/home/hoapham/ur_ws/install/ur_controllers:/home/hoapham/ur_ws/install/ur_msgs:/home/hoapham/ur_ws/install/ur_dashboard_msgs:${AMENT_PREFIX_PATH} CMAKE_PREFIX_PATH=/home/hoapham/ur_ws/install/ur_controllers:/home/hoapham/ur_ws/install/ur_msgs:/home/hoapham/ur_ws/install/ur_dashboard_msgs:/opt/ros/humble LD_LIBRARY_PATH=/home/hoapham/ur_ws/install/ur_controllers/lib:/home/hoapham/ur_ws/install/ur_msgs/lib:/home/hoapham/ur_ws/install/ur_dashboard_msgs/lib:${LD_LIBRARY_PATH} PYTHONPATH=/home/hoapham/ur_ws/install/ur_msgs/local/lib/python3.10/dist-packages:/home/hoapham/ur_ws/install/ur_dashboard_msgs/local/lib/python3.10/dist-packages:${PYTHONPATH} /usr/bin/cmake --build /home/hoapham/ur_ws/build/ur_robot_driver
[24.200s] Invoking command in '/home/hoapham/ur_ws/build/ur_robot_driver': AMENT_PREFIX_PATH=/home/hoapham/ur_ws/install/ur_controllers:/home/hoapham/ur_ws/install/ur_msgs:/home/hoapham/ur_ws/install/ur_dashboard_msgs:${AMENT_PREFIX_PATH} CMAKE_PREFIX_PATH=/home/hoapham/ur_ws/install/ur_controllers:/home/hoapham/ur_ws/install/ur_msgs:/home/hoapham/ur_ws/install/ur_dashboard_msgs:/opt/ros/humble LD_LIBRARY_PATH=/home/hoapham/ur_ws/install/ur_controllers/lib:/home/hoapham/ur_ws/install/ur_msgs/lib:/home/hoapham/ur_ws/install/ur_dashboard_msgs/lib:${LD_LIBRARY_PATH} PYTHONPATH=/home/hoapham/ur_ws/install/ur_msgs/local/lib/python3.10/dist-packages:/home/hoapham/ur_ws/install/ur_dashboard_msgs/local/lib/python3.10/dist-packages:${PYTHONPATH} /usr/bin/cmake --install /home/hoapham/ur_ws/build/ur_robot_driver
[24.206s] -- Install configuration: "RelWithDebInfo"
[24.206s] -- Installing: /home/hoapham/ur_ws/install/ur_robot_driver/share/ur_robot_driver/hardware_interface_plugin.xml
[24.206s] -- Installing: /home/hoapham/ur_ws/install/ur_robot_driver/lib/ur_robot_driver/dashboard_client
[24.219s] -- Set runtime path of "/home/hoapham/ur_ws/install/ur_robot_driver/lib/ur_robot_driver/dashboard_client" to ""
[24.219s] -- Installing: /home/hoapham/ur_ws/install/ur_robot_driver/lib/ur_robot_driver/ur_ros2_control_node
[24.220s] -- Set runtime path of "/home/hoapham/ur_ws/install/ur_robot_driver/lib/ur_robot_driver/ur_ros2_control_node" to ""
[24.220s] -- Installing: /home/hoapham/ur_ws/install/ur_robot_driver/lib/ur_robot_driver/controller_stopper_node
[24.233s] -- Set runtime path of "/home/hoapham/ur_ws/install/ur_robot_driver/lib/ur_robot_driver/controller_stopper_node" to ""
[24.233s] -- Installing: /home/hoapham/ur_ws/install/ur_robot_driver/lib/ur_robot_driver/urscript_interface
[24.243s] -- Set runtime path of "/home/hoapham/ur_ws/install/ur_robot_driver/lib/ur_robot_driver/urscript_interface" to ""
[24.243s] -- Installing: /home/hoapham/ur_ws/install/ur_robot_driver/lib/ur_robot_driver/robot_state_helper
[24.265s] -- Set runtime path of "/home/hoapham/ur_ws/install/ur_robot_driver/lib/ur_robot_driver/robot_state_helper" to ""
[24.265s] -- Installing: /home/hoapham/ur_ws/install/ur_robot_driver/lib/libur_robot_driver_plugin.so
[24.304s] -- Set runtime path of "/home/hoapham/ur_ws/install/ur_robot_driver/lib/libur_robot_driver_plugin.so" to ""
[24.304s] -- Installing: /home/hoapham/ur_ws/install/ur_robot_driver/include
[24.304s] -- Installing: /home/hoapham/ur_ws/install/ur_robot_driver/include/ur_robot_driver
[24.304s] -- Installing: /home/hoapham/ur_ws/install/ur_robot_driver/include/ur_robot_driver/controller_stopper.hpp
[24.305s] -- Installing: /home/hoapham/ur_ws/install/ur_robot_driver/include/ur_robot_driver/robot_state_helper.hpp
[24.305s] -- Installing: /home/hoapham/ur_ws/install/ur_robot_driver/include/ur_robot_driver/dashboard_client_ros.hpp
[24.305s] -- Installing: /home/hoapham/ur_ws/install/ur_robot_driver/include/ur_robot_driver/urcl_log_handler.hpp
[24.305s] -- Installing: /home/hoapham/ur_ws/install/ur_robot_driver/include/ur_robot_driver/hardware_interface.hpp
[24.305s] -- Installing: /home/hoapham/ur_ws/install/ur_robot_driver/share/ur_robot_driver/environment/library_path.sh
[24.305s] -- Installing: /home/hoapham/ur_ws/install/ur_robot_driver/share/ur_robot_driver/environment/library_path.dsv
[24.305s] -- Installing: /home/hoapham/ur_ws/install/ur_robot_driver/share/ur_robot_driver/resources
[24.305s] -- Installing: /home/hoapham/ur_ws/install/ur_robot_driver/share/ur_robot_driver/resources/ros_control.urscript
[24.305s] -- Installing: /home/hoapham/ur_ws/install/ur_robot_driver/share/ur_robot_driver/resources/rtde_output_recipe.txt
[24.305s] -- Installing: /home/hoapham/ur_ws/install/ur_robot_driver/share/ur_robot_driver/resources/rtde_input_recipe.txt
[24.306s] -- Installing: /home/hoapham/ur_ws/install/ur_robot_driver/share/ur_robot_driver/resources/externalcontrol-1.0.5.urcap
[24.306s] -- Installing: /home/hoapham/ur_ws/install/ur_robot_driver/share/ur_robot_driver/resources/rs485-1.0.urcap
[24.307s] -- Up-to-date: /home/hoapham/ur_ws/install/ur_robot_driver/include
[24.307s] -- Up-to-date: /home/hoapham/ur_ws/install/ur_robot_driver/include/ur_robot_driver
[24.307s] -- Up-to-date: /home/hoapham/ur_ws/install/ur_robot_driver/include/ur_robot_driver/controller_stopper.hpp
[24.307s] -- Up-to-date: /home/hoapham/ur_ws/install/ur_robot_driver/include/ur_robot_driver/robot_state_helper.hpp
[24.307s] -- Up-to-date: /home/hoapham/ur_ws/install/ur_robot_driver/include/ur_robot_driver/dashboard_client_ros.hpp
[24.307s] -- Up-to-date: /home/hoapham/ur_ws/install/ur_robot_driver/include/ur_robot_driver/urcl_log_handler.hpp
[24.307s] -- Up-to-date: /home/hoapham/ur_ws/install/ur_robot_driver/include/ur_robot_driver/hardware_interface.hpp
[24.307s] -- Installing: /home/hoapham/ur_ws/install/ur_robot_driver/share/ur_robot_driver/environment/pythonpath.sh
[24.307s] -- Installing: /home/hoapham/ur_ws/install/ur_robot_driver/share/ur_robot_driver/environment/pythonpath.dsv
[24.307s] -- Installing: /home/hoapham/ur_ws/install/ur_robot_driver/local/lib/python3.10/dist-packages/ur_robot_driver-2.7.0-py3.10.egg-info
[24.307s] -- Installing: /home/hoapham/ur_ws/install/ur_robot_driver/local/lib/python3.10/dist-packages/ur_robot_driver-2.7.0-py3.10.egg-info/dependency_links.txt
[24.307s] -- Installing: /home/hoapham/ur_ws/install/ur_robot_driver/local/lib/python3.10/dist-packages/ur_robot_driver-2.7.0-py3.10.egg-info/top_level.txt
[24.307s] -- Installing: /home/hoapham/ur_ws/install/ur_robot_driver/local/lib/python3.10/dist-packages/ur_robot_driver-2.7.0-py3.10.egg-info/SOURCES.txt
[24.307s] -- Installing: /home/hoapham/ur_ws/install/ur_robot_driver/local/lib/python3.10/dist-packages/ur_robot_driver-2.7.0-py3.10.egg-info/PKG-INFO
[24.307s] -- Installing: /home/hoapham/ur_ws/install/ur_robot_driver/local/lib/python3.10/dist-packages/ur_robot_driver
[24.307s] -- Installing: /home/hoapham/ur_ws/install/ur_robot_driver/local/lib/python3.10/dist-packages/ur_robot_driver/__init__.py
[24.330s] Listing '/home/hoapham/ur_ws/install/ur_robot_driver/local/lib/python3.10/dist-packages/ur_robot_driver'...
[24.331s] Compiling '/home/hoapham/ur_ws/install/ur_robot_driver/local/lib/python3.10/dist-packages/ur_robot_driver/__init__.py'...
[24.334s] -- Installing: /home/hoapham/ur_ws/install/ur_robot_driver/lib/ur_robot_driver/tool_communication.py
[24.334s] -- Installing: /home/hoapham/ur_ws/install/ur_robot_driver/lib/ur_robot_driver/example_move.py
[24.335s] -- Installing: /home/hoapham/ur_ws/install/ur_robot_driver/lib/ur_robot_driver/start_ursim.sh
[24.335s] -- Installing: /home/hoapham/ur_ws/install/ur_robot_driver/lib/ur_robot_driver/examples.py
[24.335s] -- Installing: /home/hoapham/ur_ws/install/ur_robot_driver/lib/ur_robot_driver/force_mode.py
[24.335s] -- Installing: /home/hoapham/ur_ws/install/ur_robot_driver/bin/wait_dashboard_server.sh
[24.336s] -- Up-to-date: /home/hoapham/ur_ws/install/ur_robot_driver/lib/ur_robot_driver/start_ursim.sh
[24.336s] -- Installing: /home/hoapham/ur_ws/install/ur_robot_driver/share/ur_robot_driver/config
[24.336s] -- Installing: /home/hoapham/ur_ws/install/ur_robot_driver/share/ur_robot_driver/config/ur30_update_rate.yaml
[24.336s] -- Installing: /home/hoapham/ur_ws/install/ur_robot_driver/share/ur_robot_driver/config/ur5_update_rate.yaml
[24.336s] -- Installing: /home/hoapham/ur_ws/install/ur_robot_driver/share/ur_robot_driver/config/ur_controllers.yaml
[24.336s] -- Installing: /home/hoapham/ur_ws/install/ur_robot_driver/share/ur_robot_driver/config/ur3_update_rate.yaml
[24.336s] -- Installing: /home/hoapham/ur_ws/install/ur_robot_driver/share/ur_robot_driver/config/ur10_update_rate.yaml
[24.337s] -- Installing: /home/hoapham/ur_ws/install/ur_robot_driver/share/ur_robot_driver/config/ur16e_update_rate.yaml
[24.337s] -- Installing: /home/hoapham/ur_ws/install/ur_robot_driver/share/ur_robot_driver/config/test_velocity_goal_publishers_config.yaml
[24.337s] -- Installing: /home/hoapham/ur_ws/install/ur_robot_driver/share/ur_robot_driver/config/test_goal_publishers_config.yaml
[24.337s] -- Installing: /home/hoapham/ur_ws/install/ur_robot_driver/share/ur_robot_driver/config/ur10e_update_rate.yaml
[24.337s] -- Installing: /home/hoapham/ur_ws/install/ur_robot_driver/share/ur_robot_driver/config/ur20_update_rate.yaml
[24.337s] -- Installing: /home/hoapham/ur_ws/install/ur_robot_driver/share/ur_robot_driver/config/ur5e_update_rate.yaml
[24.337s] -- Installing: /home/hoapham/ur_ws/install/ur_robot_driver/share/ur_robot_driver/config/ur3e_update_rate.yaml
[24.337s] -- Installing: /home/hoapham/ur_ws/install/ur_robot_driver/share/ur_robot_driver/launch
[24.337s] -- Installing: /home/hoapham/ur_ws/install/ur_robot_driver/share/ur_robot_driver/launch/ur3.launch.py
[24.338s] -- Installing: /home/hoapham/ur_ws/install/ur_robot_driver/share/ur_robot_driver/launch/ur_dashboard_client.launch.py
[24.338s] -- Installing: /home/hoapham/ur_ws/install/ur_robot_driver/share/ur_robot_driver/launch/ur_control.launch.py
[24.338s] -- Installing: /home/hoapham/ur_ws/install/ur_robot_driver/share/ur_robot_driver/launch/test_forward_velocity_controller.launch.py
[24.338s] -- Installing: /home/hoapham/ur_ws/install/ur_robot_driver/share/ur_robot_driver/launch/ur3e.launch.py
[24.338s] -- Installing: /home/hoapham/ur_ws/install/ur_robot_driver/share/ur_robot_driver/launch/test_joint_trajectory_controller.launch.py
[24.339s] -- Installing: /home/hoapham/ur_ws/install/ur_robot_driver/share/ur_robot_driver/launch/ur16e.launch.py
[24.339s] -- Installing: /home/hoapham/ur_ws/install/ur_robot_driver/share/ur_robot_driver/launch/ur10e.launch.py
[24.339s] -- Installing: /home/hoapham/ur_ws/install/ur_robot_driver/share/ur_robot_driver/launch/ur30.launch.py
[24.339s] -- Installing: /home/hoapham/ur_ws/install/ur_robot_driver/share/ur_robot_driver/launch/ur12e.launch.py
[24.339s] -- Installing: /home/hoapham/ur_ws/install/ur_robot_driver/share/ur_robot_driver/launch/test_scaled_joint_trajectory_controller.launch.py
[24.339s] -- Installing: /home/hoapham/ur_ws/install/ur_robot_driver/share/ur_robot_driver/launch/ur7e.launch.py
[24.339s] -- Installing: /home/hoapham/ur_ws/install/ur_robot_driver/share/ur_robot_driver/launch/ur5e.launch.py
[24.339s] -- Installing: /home/hoapham/ur_ws/install/ur_robot_driver/share/ur_robot_driver/launch/ur20.launch.py
[24.340s] -- Installing: /home/hoapham/ur_ws/install/ur_robot_driver/share/ur_robot_driver/launch/ur5.launch.py
[24.340s] -- Installing: /home/hoapham/ur_ws/install/ur_robot_driver/share/ur_robot_driver/launch/ur10.launch.py
[24.340s] -- Installing: /home/hoapham/ur_ws/install/ur_robot_driver/share/ament_index/resource_index/package_run_dependencies/ur_robot_driver
[24.340s] -- Installing: /home/hoapham/ur_ws/install/ur_robot_driver/share/ament_index/resource_index/parent_prefix_path/ur_robot_driver
[24.340s] -- Installing: /home/hoapham/ur_ws/install/ur_robot_driver/share/ur_robot_driver/environment/ament_prefix_path.sh
[24.340s] -- Installing: /home/hoapham/ur_ws/install/ur_robot_driver/share/ur_robot_driver/environment/ament_prefix_path.dsv
[24.340s] -- Installing: /home/hoapham/ur_ws/install/ur_robot_driver/share/ur_robot_driver/environment/path.sh
[24.341s] -- Installing: /home/hoapham/ur_ws/install/ur_robot_driver/share/ur_robot_driver/environment/path.dsv
[24.341s] -- Installing: /home/hoapham/ur_ws/install/ur_robot_driver/share/ur_robot_driver/local_setup.bash
[24.341s] -- Installing: /home/hoapham/ur_ws/install/ur_robot_driver/share/ur_robot_driver/local_setup.sh
[24.341s] -- Installing: /home/hoapham/ur_ws/install/ur_robot_driver/share/ur_robot_driver/local_setup.zsh
[24.341s] -- Installing: /home/hoapham/ur_ws/install/ur_robot_driver/share/ur_robot_driver/local_setup.dsv
[24.341s] -- Installing: /home/hoapham/ur_ws/install/ur_robot_driver/share/ur_robot_driver/package.dsv
[24.341s] -- Installing: /home/hoapham/ur_ws/install/ur_robot_driver/share/ament_index/resource_index/packages/ur_robot_driver
[24.341s] -- Installing: /home/hoapham/ur_ws/install/ur_robot_driver/share/ament_index/resource_index/hardware_interface__pluginlib__plugin/ur_robot_driver
[24.341s] -- Installing: /home/hoapham/ur_ws/install/ur_robot_driver/share/ur_robot_driver/cmake/ament_cmake_export_include_directories-extras.cmake
[24.341s] -- Installing: /home/hoapham/ur_ws/install/ur_robot_driver/share/ur_robot_driver/cmake/ament_cmake_export_libraries-extras.cmake
[24.341s] -- Installing: /home/hoapham/ur_ws/install/ur_robot_driver/share/ur_robot_driver/cmake/ament_cmake_export_dependencies-extras.cmake
[24.341s] -- Installing: /home/hoapham/ur_ws/install/ur_robot_driver/share/ur_robot_driver/cmake/ur_robot_driverConfig.cmake
[24.342s] -- Installing: /home/hoapham/ur_ws/install/ur_robot_driver/share/ur_robot_driver/cmake/ur_robot_driverConfig-version.cmake
[24.342s] -- Installing: /home/hoapham/ur_ws/install/ur_robot_driver/share/ur_robot_driver/package.xml
[24.344s] Invoked command in '/home/hoapham/ur_ws/build/ur_robot_driver' returned '0': AMENT_PREFIX_PATH=/home/hoapham/ur_ws/install/ur_controllers:/home/hoapham/ur_ws/install/ur_msgs:/home/hoapham/ur_ws/install/ur_dashboard_msgs:${AMENT_PREFIX_PATH} CMAKE_PREFIX_PATH=/home/hoapham/ur_ws/install/ur_controllers:/home/hoapham/ur_ws/install/ur_msgs:/home/hoapham/ur_ws/install/ur_dashboard_msgs:/opt/ros/humble LD_LIBRARY_PATH=/home/hoapham/ur_ws/install/ur_controllers/lib:/home/hoapham/ur_ws/install/ur_msgs/lib:/home/hoapham/ur_ws/install/ur_dashboard_msgs/lib:${LD_LIBRARY_PATH} PYTHONPATH=/home/hoapham/ur_ws/install/ur_msgs/local/lib/python3.10/dist-packages:/home/hoapham/ur_ws/install/ur_dashboard_msgs/local/lib/python3.10/dist-packages:${PYTHONPATH} /usr/bin/cmake --install /home/hoapham/ur_ws/build/ur_robot_driver
