[0.023s] Invoking command in '/home/hoapham/ros2_ws/build/rviz_cloud_annotation': CMAKE_PREFIX_PATH=${CMAKE_PREFIX_PATH}:/opt/ros/humble /usr/bin/cmake --build /home/hoapham/ros2_ws/build/rviz_cloud_annotation -- -j16 -l16
[0.064s] [  1%] [34m[1mAutomatic MOC for target rviz_cloud_annotation_points[0m
[0.064s] [  2%] [34m[1mAutomatic MOC for target rviz_cloud_annotation__rosidl_generator_c[0m
[0.065s] [  3%] Built target rviz_cloud_annotation__cpp
[0.074s] [  3%] Built target ament_cmake_python_copy_rviz_cloud_annotation
[0.079s] [  3%] Built target rviz_cloud_annotation_points_autogen
[0.084s] [  4%] [34m[1mAutomatic MOC for target rviz_cloud_annotation__rosidl_typesupport_cpp[0m
[0.084s] [  5%] Built target rviz_cloud_annotation__rosidl_generator_c_autogen
[0.086s] [  7%] [34m[1mAutomatic MOC for target rviz_cloud_annotation__rosidl_typesupport_fastrtps_cpp[0m
[0.086s] [  8%] [34m[1mAutomatic MOC for target rviz_cloud_annotation__rosidl_typesupport_introspection_cpp[0m
[0.102s] [  9%] Built target rviz_cloud_annotation__rosidl_typesupport_cpp_autogen
[0.102s] [ 10%] Built target rviz_cloud_annotation__rosidl_typesupport_fastrtps_cpp_autogen
[0.102s] [ 11%] Built target rviz_cloud_annotation__rosidl_typesupport_introspection_cpp_autogen
[0.102s] [ 16%] Built target rviz_cloud_annotation__rosidl_generator_c
[0.109s] [ 27%] Built target rviz_cloud_annotation_points
[0.118s] [ 28%] [34m[1mAutomatic MOC for target rviz_cloud_annotation__rosidl_typesupport_introspection_c[0m
[0.118s] [ 29%] [34m[1mAutomatic MOC for target rviz_cloud_annotation__rosidl_typesupport_c[0m
[0.118s] [ 35%] [34m[1mAutomatic MOC for target rviz_cloud_annotation__rosidl_typesupport_fastrtps_c[0m
[0.118s] [ 35%] Built target rviz_cloud_annotation__rosidl_typesupport_introspection_cpp
[0.119s] [ 40%] Built target rviz_cloud_annotation__rosidl_typesupport_fastrtps_cpp
[0.119s] [ 44%] Built target rviz_cloud_annotation__rosidl_typesupport_cpp
[0.127s] [ 45%] [34m[1mAutomatic MOC for target rviz_cloud_annotation_test[0m
[0.134s] [ 49%] Built target rviz_cloud_annotation__rosidl_typesupport_introspection_c_autogen
[0.134s] [ 49%] Built target rviz_cloud_annotation__rosidl_typesupport_c_autogen
[0.134s] [ 49%] Built target rviz_cloud_annotation__rosidl_typesupport_fastrtps_c_autogen
[0.141s] [ 49%] Built target rviz_cloud_annotation_test_autogen
[0.151s] [ 58%] Built target rviz_cloud_annotation__rosidl_typesupport_fastrtps_c
[0.151s] [ 58%] Built target rviz_cloud_annotation__rosidl_typesupport_introspection_c
[0.151s] [ 63%] Built target rviz_cloud_annotation__rosidl_typesupport_c
[0.157s] [ 67%] Built target rviz_cloud_annotation_test
[0.164s] [ 67%] Built target rviz_cloud_annotation
[0.181s] [ 70%] [34m[1mAutomatic MOC for target rviz_cloud_annotation_node[0m
[0.181s] [ 70%] [34m[1mAutomatic MOC for target rviz_cloud_annotation_plugin[0m
[0.181s] [ 70%] Built target rviz_cloud_annotation__py
[0.197s] [ 71%] [34m[1mAutomatic MOC for target rviz_cloud_annotation__rosidl_generator_py[0m
[0.198s] [ 71%] Built target rviz_cloud_annotation_node_autogen
[0.199s] [ 71%] Built target rviz_cloud_annotation_plugin_autogen
[0.212s] [ 71%] Built target rviz_cloud_annotation__rosidl_generator_py_autogen
[0.226s] [ 81%] Built target rviz_cloud_annotation_node
[0.226s] [ 81%] Built target rviz_cloud_annotation_plugin
[0.231s] [ 85%] Built target rviz_cloud_annotation__rosidl_generator_py
[0.231s] running egg_info
[0.232s] writing rviz_cloud_annotation.egg-info/PKG-INFO
[0.232s] writing dependency_links to rviz_cloud_annotation.egg-info/dependency_links.txt
[0.232s] writing top-level names to rviz_cloud_annotation.egg-info/top_level.txt
[0.233s] reading manifest file 'rviz_cloud_annotation.egg-info/SOURCES.txt'
[0.234s] writing manifest file 'rviz_cloud_annotation.egg-info/SOURCES.txt'
[0.247s] [ 89%] [34m[1mAutomatic MOC for target rviz_cloud_annotation__rosidl_typesupport_c__pyext[0m
[0.247s] [ 89%] [34m[1mAutomatic MOC for target rviz_cloud_annotation__rosidl_typesupport_introspection_c__pyext[0m
[0.247s] [ 89%] [34m[1mAutomatic MOC for target rviz_cloud_annotation__rosidl_typesupport_fastrtps_c__pyext[0m
[0.255s] [ 89%] Built target ament_cmake_python_build_rviz_cloud_annotation_egg
[0.263s] [ 89%] Built target rviz_cloud_annotation__rosidl_typesupport_introspection_c__pyext_autogen
[0.263s] [ 89%] Built target rviz_cloud_annotation__rosidl_typesupport_c__pyext_autogen
[0.263s] [ 89%] Built target rviz_cloud_annotation__rosidl_typesupport_fastrtps_c__pyext_autogen
[0.280s] [ 92%] Built target rviz_cloud_annotation__rosidl_typesupport_fastrtps_c__pyext
[0.280s] [ 96%] Built target rviz_cloud_annotation__rosidl_typesupport_c__pyext
[0.280s] [100%] Built target rviz_cloud_annotation__rosidl_typesupport_introspection_c__pyext
[0.290s] Invoked command in '/home/hoapham/ros2_ws/build/rviz_cloud_annotation' returned '0': CMAKE_PREFIX_PATH=${CMAKE_PREFIX_PATH}:/opt/ros/humble /usr/bin/cmake --build /home/hoapham/ros2_ws/build/rviz_cloud_annotation -- -j16 -l16
[0.292s] Invoking command in '/home/hoapham/ros2_ws/build/rviz_cloud_annotation': CMAKE_PREFIX_PATH=${CMAKE_PREFIX_PATH}:/opt/ros/humble /usr/bin/cmake --install /home/hoapham/ros2_ws/build/rviz_cloud_annotation
[0.299s] -- Install configuration: ""
[0.299s] -- Up-to-date: /home/hoapham/ros2_ws/install/rviz_cloud_annotation/share/ament_index/resource_index/rosidl_interfaces/rviz_cloud_annotation
[0.299s] -- Up-to-date: /home/hoapham/ros2_ws/install/rviz_cloud_annotation/include/rviz_cloud_annotation/rviz_cloud_annotation
[0.300s] -- Up-to-date: /home/hoapham/ros2_ws/install/rviz_cloud_annotation/include/rviz_cloud_annotation/rviz_cloud_annotation/msg
[0.300s] -- Up-to-date: /home/hoapham/ros2_ws/install/rviz_cloud_annotation/include/rviz_cloud_annotation/rviz_cloud_annotation/msg/detail
[0.300s] -- Up-to-date: /home/hoapham/ros2_ws/install/rviz_cloud_annotation/include/rviz_cloud_annotation/rviz_cloud_annotation/msg/detail/undo_redo_state__functions.c
[0.300s] -- Up-to-date: /home/hoapham/ros2_ws/install/rviz_cloud_annotation/include/rviz_cloud_annotation/rviz_cloud_annotation/msg/detail/undo_redo_state__type_support.h
[0.300s] -- Up-to-date: /home/hoapham/ros2_ws/install/rviz_cloud_annotation/include/rviz_cloud_annotation/rviz_cloud_annotation/msg/detail/rectangle_selection_viewport__type_support.h
[0.300s] -- Up-to-date: /home/hoapham/ros2_ws/install/rviz_cloud_annotation/include/rviz_cloud_annotation/rviz_cloud_annotation/msg/detail/rectangle_selection_viewport__functions.c
[0.300s] -- Up-to-date: /home/hoapham/ros2_ws/install/rviz_cloud_annotation/include/rviz_cloud_annotation/rviz_cloud_annotation/msg/detail/undo_redo_state__functions.h
[0.300s] -- Up-to-date: /home/hoapham/ros2_ws/install/rviz_cloud_annotation/include/rviz_cloud_annotation/rviz_cloud_annotation/msg/detail/undo_redo_state__struct.h
[0.300s] -- Up-to-date: /home/hoapham/ros2_ws/install/rviz_cloud_annotation/include/rviz_cloud_annotation/rviz_cloud_annotation/msg/detail/rectangle_selection_viewport__struct.h
[0.300s] -- Up-to-date: /home/hoapham/ros2_ws/install/rviz_cloud_annotation/include/rviz_cloud_annotation/rviz_cloud_annotation/msg/detail/rectangle_selection_viewport__functions.h
[0.300s] -- Up-to-date: /home/hoapham/ros2_ws/install/rviz_cloud_annotation/include/rviz_cloud_annotation/rviz_cloud_annotation/msg/rectangle_selection_viewport.h
[0.300s] -- Up-to-date: /home/hoapham/ros2_ws/install/rviz_cloud_annotation/include/rviz_cloud_annotation/rviz_cloud_annotation/msg/rosidl_generator_c__visibility_control.h
[0.300s] -- Up-to-date: /home/hoapham/ros2_ws/install/rviz_cloud_annotation/include/rviz_cloud_annotation/rviz_cloud_annotation/msg/undo_redo_state.h
[0.300s] -- Up-to-date: /home/hoapham/ros2_ws/install/rviz_cloud_annotation/share/rviz_cloud_annotation/environment/library_path.sh
[0.300s] -- Up-to-date: /home/hoapham/ros2_ws/install/rviz_cloud_annotation/share/rviz_cloud_annotation/environment/library_path.dsv
[0.300s] -- Up-to-date: /home/hoapham/ros2_ws/install/rviz_cloud_annotation/lib/librviz_cloud_annotation__rosidl_generator_c.so
[0.300s] -- Up-to-date: /home/hoapham/ros2_ws/install/rviz_cloud_annotation/include/rviz_cloud_annotation/rviz_cloud_annotation
[0.301s] -- Up-to-date: /home/hoapham/ros2_ws/install/rviz_cloud_annotation/include/rviz_cloud_annotation/rviz_cloud_annotation/msg
[0.301s] -- Up-to-date: /home/hoapham/ros2_ws/install/rviz_cloud_annotation/include/rviz_cloud_annotation/rviz_cloud_annotation/msg/detail
[0.301s] -- Up-to-date: /home/hoapham/ros2_ws/install/rviz_cloud_annotation/include/rviz_cloud_annotation/rviz_cloud_annotation/msg/detail/rectangle_selection_viewport__rosidl_typesupport_fastrtps_c.h
[0.301s] -- Up-to-date: /home/hoapham/ros2_ws/install/rviz_cloud_annotation/include/rviz_cloud_annotation/rviz_cloud_annotation/msg/detail/undo_redo_state__rosidl_typesupport_fastrtps_c.h
[0.301s] -- Up-to-date: /home/hoapham/ros2_ws/install/rviz_cloud_annotation/include/rviz_cloud_annotation/rviz_cloud_annotation/msg/rosidl_typesupport_fastrtps_c__visibility_control.h
[0.301s] -- Up-to-date: /home/hoapham/ros2_ws/install/rviz_cloud_annotation/lib/librviz_cloud_annotation__rosidl_typesupport_fastrtps_c.so
[0.301s] -- Up-to-date: /home/hoapham/ros2_ws/install/rviz_cloud_annotation/include/rviz_cloud_annotation/rviz_cloud_annotation
[0.301s] -- Up-to-date: /home/hoapham/ros2_ws/install/rviz_cloud_annotation/include/rviz_cloud_annotation/rviz_cloud_annotation/msg
[0.301s] -- Up-to-date: /home/hoapham/ros2_ws/install/rviz_cloud_annotation/include/rviz_cloud_annotation/rviz_cloud_annotation/msg/detail
[0.301s] -- Up-to-date: /home/hoapham/ros2_ws/install/rviz_cloud_annotation/include/rviz_cloud_annotation/rviz_cloud_annotation/msg/detail/rectangle_selection_viewport__type_support.hpp
[0.301s] -- Up-to-date: /home/hoapham/ros2_ws/install/rviz_cloud_annotation/include/rviz_cloud_annotation/rviz_cloud_annotation/msg/detail/rectangle_selection_viewport__struct.hpp
[0.301s] -- Up-to-date: /home/hoapham/ros2_ws/install/rviz_cloud_annotation/include/rviz_cloud_annotation/rviz_cloud_annotation/msg/detail/rectangle_selection_viewport__builder.hpp
[0.301s] -- Up-to-date: /home/hoapham/ros2_ws/install/rviz_cloud_annotation/include/rviz_cloud_annotation/rviz_cloud_annotation/msg/detail/undo_redo_state__builder.hpp
[0.301s] -- Up-to-date: /home/hoapham/ros2_ws/install/rviz_cloud_annotation/include/rviz_cloud_annotation/rviz_cloud_annotation/msg/detail/rectangle_selection_viewport__traits.hpp
[0.301s] -- Up-to-date: /home/hoapham/ros2_ws/install/rviz_cloud_annotation/include/rviz_cloud_annotation/rviz_cloud_annotation/msg/detail/undo_redo_state__struct.hpp
[0.301s] -- Up-to-date: /home/hoapham/ros2_ws/install/rviz_cloud_annotation/include/rviz_cloud_annotation/rviz_cloud_annotation/msg/detail/undo_redo_state__type_support.hpp
[0.301s] -- Up-to-date: /home/hoapham/ros2_ws/install/rviz_cloud_annotation/include/rviz_cloud_annotation/rviz_cloud_annotation/msg/detail/undo_redo_state__traits.hpp
[0.301s] -- Up-to-date: /home/hoapham/ros2_ws/install/rviz_cloud_annotation/include/rviz_cloud_annotation/rviz_cloud_annotation/msg/rectangle_selection_viewport.hpp
[0.301s] -- Up-to-date: /home/hoapham/ros2_ws/install/rviz_cloud_annotation/include/rviz_cloud_annotation/rviz_cloud_annotation/msg/undo_redo_state.hpp
[0.301s] -- Up-to-date: /home/hoapham/ros2_ws/install/rviz_cloud_annotation/include/rviz_cloud_annotation/rviz_cloud_annotation/msg/rosidl_generator_cpp__visibility_control.hpp
[0.301s] -- Up-to-date: /home/hoapham/ros2_ws/install/rviz_cloud_annotation/include/rviz_cloud_annotation/rviz_cloud_annotation
[0.301s] -- Up-to-date: /home/hoapham/ros2_ws/install/rviz_cloud_annotation/include/rviz_cloud_annotation/rviz_cloud_annotation/msg
[0.301s] -- Up-to-date: /home/hoapham/ros2_ws/install/rviz_cloud_annotation/include/rviz_cloud_annotation/rviz_cloud_annotation/msg/detail
[0.301s] -- Up-to-date: /home/hoapham/ros2_ws/install/rviz_cloud_annotation/include/rviz_cloud_annotation/rviz_cloud_annotation/msg/detail/dds_fastrtps
[0.302s] -- Up-to-date: /home/hoapham/ros2_ws/install/rviz_cloud_annotation/include/rviz_cloud_annotation/rviz_cloud_annotation/msg/detail/undo_redo_state__rosidl_typesupport_fastrtps_cpp.hpp
[0.302s] -- Up-to-date: /home/hoapham/ros2_ws/install/rviz_cloud_annotation/include/rviz_cloud_annotation/rviz_cloud_annotation/msg/detail/rectangle_selection_viewport__rosidl_typesupport_fastrtps_cpp.hpp
[0.302s] -- Up-to-date: /home/hoapham/ros2_ws/install/rviz_cloud_annotation/include/rviz_cloud_annotation/rviz_cloud_annotation/msg/rosidl_typesupport_fastrtps_cpp__visibility_control.h
[0.302s] -- Up-to-date: /home/hoapham/ros2_ws/install/rviz_cloud_annotation/lib/librviz_cloud_annotation__rosidl_typesupport_fastrtps_cpp.so
[0.302s] -- Up-to-date: /home/hoapham/ros2_ws/install/rviz_cloud_annotation/include/rviz_cloud_annotation/rviz_cloud_annotation
[0.302s] -- Up-to-date: /home/hoapham/ros2_ws/install/rviz_cloud_annotation/include/rviz_cloud_annotation/rviz_cloud_annotation/msg
[0.302s] -- Up-to-date: /home/hoapham/ros2_ws/install/rviz_cloud_annotation/include/rviz_cloud_annotation/rviz_cloud_annotation/msg/detail
[0.302s] -- Up-to-date: /home/hoapham/ros2_ws/install/rviz_cloud_annotation/include/rviz_cloud_annotation/rviz_cloud_annotation/msg/detail/undo_redo_state__type_support.c
[0.302s] -- Up-to-date: /home/hoapham/ros2_ws/install/rviz_cloud_annotation/include/rviz_cloud_annotation/rviz_cloud_annotation/msg/detail/rectangle_selection_viewport__rosidl_typesupport_introspection_c.h
[0.302s] -- Up-to-date: /home/hoapham/ros2_ws/install/rviz_cloud_annotation/include/rviz_cloud_annotation/rviz_cloud_annotation/msg/detail/undo_redo_state__rosidl_typesupport_introspection_c.h
[0.302s] -- Up-to-date: /home/hoapham/ros2_ws/install/rviz_cloud_annotation/include/rviz_cloud_annotation/rviz_cloud_annotation/msg/detail/rectangle_selection_viewport__type_support.c
[0.302s] -- Up-to-date: /home/hoapham/ros2_ws/install/rviz_cloud_annotation/include/rviz_cloud_annotation/rviz_cloud_annotation/msg/rosidl_typesupport_introspection_c__visibility_control.h
[0.302s] -- Up-to-date: /home/hoapham/ros2_ws/install/rviz_cloud_annotation/lib/librviz_cloud_annotation__rosidl_typesupport_introspection_c.so
[0.302s] -- Up-to-date: /home/hoapham/ros2_ws/install/rviz_cloud_annotation/lib/librviz_cloud_annotation__rosidl_typesupport_c.so
[0.302s] -- Up-to-date: /home/hoapham/ros2_ws/install/rviz_cloud_annotation/include/rviz_cloud_annotation/rviz_cloud_annotation
[0.302s] -- Up-to-date: /home/hoapham/ros2_ws/install/rviz_cloud_annotation/include/rviz_cloud_annotation/rviz_cloud_annotation/msg
[0.302s] -- Up-to-date: /home/hoapham/ros2_ws/install/rviz_cloud_annotation/include/rviz_cloud_annotation/rviz_cloud_annotation/msg/detail
[0.302s] -- Up-to-date: /home/hoapham/ros2_ws/install/rviz_cloud_annotation/include/rviz_cloud_annotation/rviz_cloud_annotation/msg/detail/rectangle_selection_viewport__type_support.cpp
[0.302s] -- Up-to-date: /home/hoapham/ros2_ws/install/rviz_cloud_annotation/include/rviz_cloud_annotation/rviz_cloud_annotation/msg/detail/undo_redo_state__type_support.cpp
[0.302s] -- Up-to-date: /home/hoapham/ros2_ws/install/rviz_cloud_annotation/include/rviz_cloud_annotation/rviz_cloud_annotation/msg/detail/rectangle_selection_viewport__rosidl_typesupport_introspection_cpp.hpp
[0.302s] -- Up-to-date: /home/hoapham/ros2_ws/install/rviz_cloud_annotation/include/rviz_cloud_annotation/rviz_cloud_annotation/msg/detail/undo_redo_state__rosidl_typesupport_introspection_cpp.hpp
[0.302s] -- Up-to-date: /home/hoapham/ros2_ws/install/rviz_cloud_annotation/lib/librviz_cloud_annotation__rosidl_typesupport_introspection_cpp.so
[0.302s] -- Up-to-date: /home/hoapham/ros2_ws/install/rviz_cloud_annotation/lib/librviz_cloud_annotation__rosidl_typesupport_cpp.so
[0.302s] -- Up-to-date: /home/hoapham/ros2_ws/install/rviz_cloud_annotation/share/rviz_cloud_annotation/environment/pythonpath.sh
[0.302s] -- Up-to-date: /home/hoapham/ros2_ws/install/rviz_cloud_annotation/share/rviz_cloud_annotation/environment/pythonpath.dsv
[0.302s] -- Up-to-date: /home/hoapham/ros2_ws/install/rviz_cloud_annotation/local/lib/python3.10/dist-packages/rviz_cloud_annotation-0.0.0-py3.10.egg-info
[0.302s] -- Installing: /home/hoapham/ros2_ws/install/rviz_cloud_annotation/local/lib/python3.10/dist-packages/rviz_cloud_annotation-0.0.0-py3.10.egg-info/dependency_links.txt
[0.303s] -- Installing: /home/hoapham/ros2_ws/install/rviz_cloud_annotation/local/lib/python3.10/dist-packages/rviz_cloud_annotation-0.0.0-py3.10.egg-info/top_level.txt
[0.303s] -- Installing: /home/hoapham/ros2_ws/install/rviz_cloud_annotation/local/lib/python3.10/dist-packages/rviz_cloud_annotation-0.0.0-py3.10.egg-info/SOURCES.txt
[0.303s] -- Installing: /home/hoapham/ros2_ws/install/rviz_cloud_annotation/local/lib/python3.10/dist-packages/rviz_cloud_annotation-0.0.0-py3.10.egg-info/PKG-INFO
[0.303s] -- Up-to-date: /home/hoapham/ros2_ws/install/rviz_cloud_annotation/local/lib/python3.10/dist-packages/rviz_cloud_annotation
[0.303s] -- Up-to-date: /home/hoapham/ros2_ws/install/rviz_cloud_annotation/local/lib/python3.10/dist-packages/rviz_cloud_annotation/msg
[0.303s] -- Up-to-date: /home/hoapham/ros2_ws/install/rviz_cloud_annotation/local/lib/python3.10/dist-packages/rviz_cloud_annotation/msg/__init__.py
[0.303s] -- Up-to-date: /home/hoapham/ros2_ws/install/rviz_cloud_annotation/local/lib/python3.10/dist-packages/rviz_cloud_annotation/msg/_undo_redo_state.py
[0.303s] -- Up-to-date: /home/hoapham/ros2_ws/install/rviz_cloud_annotation/local/lib/python3.10/dist-packages/rviz_cloud_annotation/msg/_undo_redo_state_s.c
[0.303s] -- Up-to-date: /home/hoapham/ros2_ws/install/rviz_cloud_annotation/local/lib/python3.10/dist-packages/rviz_cloud_annotation/msg/_rectangle_selection_viewport.py
[0.303s] -- Up-to-date: /home/hoapham/ros2_ws/install/rviz_cloud_annotation/local/lib/python3.10/dist-packages/rviz_cloud_annotation/msg/_rectangle_selection_viewport_s.c
[0.303s] -- Up-to-date: /home/hoapham/ros2_ws/install/rviz_cloud_annotation/local/lib/python3.10/dist-packages/rviz_cloud_annotation/__init__.py
[0.303s] -- Up-to-date: /home/hoapham/ros2_ws/install/rviz_cloud_annotation/local/lib/python3.10/dist-packages/rviz_cloud_annotation/librviz_cloud_annotation__rosidl_generator_py.so
[0.303s] -- Up-to-date: /home/hoapham/ros2_ws/install/rviz_cloud_annotation/local/lib/python3.10/dist-packages/rviz_cloud_annotation/rviz_cloud_annotation_s__rosidl_typesupport_c.cpython-310-x86_64-linux-gnu.so
[0.303s] -- Up-to-date: /home/hoapham/ros2_ws/install/rviz_cloud_annotation/local/lib/python3.10/dist-packages/rviz_cloud_annotation/_rviz_cloud_annotation_s.ep.rosidl_typesupport_c.c
[0.303s] -- Up-to-date: /home/hoapham/ros2_ws/install/rviz_cloud_annotation/local/lib/python3.10/dist-packages/rviz_cloud_annotation/rviz_cloud_annotation_s__rosidl_typesupport_fastrtps_c.cpython-310-x86_64-linux-gnu.so
[0.303s] -- Up-to-date: /home/hoapham/ros2_ws/install/rviz_cloud_annotation/local/lib/python3.10/dist-packages/rviz_cloud_annotation/rviz_cloud_annotation_s__rosidl_typesupport_introspection_c.cpython-310-x86_64-linux-gnu.so
[0.303s] -- Up-to-date: /home/hoapham/ros2_ws/install/rviz_cloud_annotation/local/lib/python3.10/dist-packages/rviz_cloud_annotation/_rviz_cloud_annotation_s.ep.rosidl_typesupport_introspection_c.c
[0.303s] -- Up-to-date: /home/hoapham/ros2_ws/install/rviz_cloud_annotation/local/lib/python3.10/dist-packages/rviz_cloud_annotation/_rviz_cloud_annotation_s.ep.rosidl_typesupport_fastrtps_c.c
[0.323s] Listing '/home/hoapham/ros2_ws/install/rviz_cloud_annotation/local/lib/python3.10/dist-packages/rviz_cloud_annotation'...
[0.324s] Listing '/home/hoapham/ros2_ws/install/rviz_cloud_annotation/local/lib/python3.10/dist-packages/rviz_cloud_annotation/msg'...
[0.326s] -- Up-to-date: /home/hoapham/ros2_ws/install/rviz_cloud_annotation/local/lib/python3.10/dist-packages/rviz_cloud_annotation/rviz_cloud_annotation_s__rosidl_typesupport_fastrtps_c.cpython-310-x86_64-linux-gnu.so
[0.326s] -- Up-to-date: /home/hoapham/ros2_ws/install/rviz_cloud_annotation/local/lib/python3.10/dist-packages/rviz_cloud_annotation/rviz_cloud_annotation_s__rosidl_typesupport_introspection_c.cpython-310-x86_64-linux-gnu.so
[0.327s] -- Up-to-date: /home/hoapham/ros2_ws/install/rviz_cloud_annotation/local/lib/python3.10/dist-packages/rviz_cloud_annotation/rviz_cloud_annotation_s__rosidl_typesupport_c.cpython-310-x86_64-linux-gnu.so
[0.327s] -- Up-to-date: /home/hoapham/ros2_ws/install/rviz_cloud_annotation/lib/librviz_cloud_annotation__rosidl_generator_py.so
[0.327s] -- Up-to-date: /home/hoapham/ros2_ws/install/rviz_cloud_annotation/share/rviz_cloud_annotation/msg/UndoRedoState.idl
[0.327s] -- Up-to-date: /home/hoapham/ros2_ws/install/rviz_cloud_annotation/share/rviz_cloud_annotation/msg/RectangleSelectionViewport.idl
[0.327s] -- Up-to-date: /home/hoapham/ros2_ws/install/rviz_cloud_annotation/share/rviz_cloud_annotation/msg/UndoRedoState.msg
[0.327s] -- Up-to-date: /home/hoapham/ros2_ws/install/rviz_cloud_annotation/share/rviz_cloud_annotation/msg/RectangleSelectionViewport.msg
[0.328s] -- Up-to-date: /home/hoapham/ros2_ws/install/rviz_cloud_annotation/lib/librviz_cloud_annotation_points.so
[0.328s] -- Up-to-date: /home/hoapham/ros2_ws/install/rviz_cloud_annotation/lib/rviz_cloud_annotation/rviz_cloud_annotation_test
[0.328s] -- Up-to-date: /home/hoapham/ros2_ws/install/rviz_cloud_annotation/lib/rviz_cloud_annotation/librviz_cloud_annotation_plugin.so
[0.328s] -- Up-to-date: /home/hoapham/ros2_ws/install/rviz_cloud_annotation/lib/rviz_cloud_annotation/rviz_cloud_annotation_node
[0.329s] -- Up-to-date: /home/hoapham/ros2_ws/install/rviz_cloud_annotation/lib/rviz_cloud_annotation/librviz_cloud_annotation_points.so
[0.329s] -- Up-to-date: /home/hoapham/ros2_ws/install/rviz_cloud_annotation/share/rviz_cloud_annotation/icons
[0.329s] -- Up-to-date: /home/hoapham/ros2_ws/install/rviz_cloud_annotation/share/rviz_cloud_annotation/icons/classes
[0.329s] -- Up-to-date: /home/hoapham/ros2_ws/install/rviz_cloud_annotation/share/rviz_cloud_annotation/icons/classes/Annotation.png
[0.329s] -- Up-to-date: /home/hoapham/ros2_ws/install/rviz_cloud_annotation/share/rviz_cloud_annotation/icons/classes/AnnotationTool.png
[0.329s] -- Up-to-date: /home/hoapham/ros2_ws/install/rviz_cloud_annotation/share/rviz_cloud_annotation//launch
[0.329s] -- Up-to-date: /home/hoapham/ros2_ws/install/rviz_cloud_annotation/share/rviz_cloud_annotation//launch/example.launch
[0.329s] -- Up-to-date: /home/hoapham/ros2_ws/install/rviz_cloud_annotation/share/rviz_cloud_annotation//data
[0.329s] -- Up-to-date: /home/hoapham/ros2_ws/install/rviz_cloud_annotation/share/rviz_cloud_annotation//data/Zivid3D.pcd
[0.329s] -- Up-to-date: /home/hoapham/ros2_ws/install/rviz_cloud_annotation/share/rviz_cloud_annotation//data/example.pcd
[0.329s] -- Up-to-date: /home/hoapham/ros2_ws/install/rviz_cloud_annotation/share/rviz_cloud_annotation//rviz
[0.329s] -- Up-to-date: /home/hoapham/ros2_ws/install/rviz_cloud_annotation/share/rviz_cloud_annotation//rviz/annotation.rviz
[0.329s] -- Up-to-date: /home/hoapham/ros2_ws/install/rviz_cloud_annotation/share/rviz_cloud_annotation/rviz_plugin/plugin_description.xml
[0.329s] -- Up-to-date: /home/hoapham/ros2_ws/install/rviz_cloud_annotation/share/ament_index/resource_index/package_run_dependencies/rviz_cloud_annotation
[0.329s] -- Up-to-date: /home/hoapham/ros2_ws/install/rviz_cloud_annotation/share/ament_index/resource_index/parent_prefix_path/rviz_cloud_annotation
[0.329s] -- Up-to-date: /home/hoapham/ros2_ws/install/rviz_cloud_annotation/share/rviz_cloud_annotation/environment/ament_prefix_path.sh
[0.329s] -- Up-to-date: /home/hoapham/ros2_ws/install/rviz_cloud_annotation/share/rviz_cloud_annotation/environment/ament_prefix_path.dsv
[0.329s] -- Up-to-date: /home/hoapham/ros2_ws/install/rviz_cloud_annotation/share/rviz_cloud_annotation/environment/path.sh
[0.329s] -- Up-to-date: /home/hoapham/ros2_ws/install/rviz_cloud_annotation/share/rviz_cloud_annotation/environment/path.dsv
[0.329s] -- Up-to-date: /home/hoapham/ros2_ws/install/rviz_cloud_annotation/share/rviz_cloud_annotation/local_setup.bash
[0.329s] -- Up-to-date: /home/hoapham/ros2_ws/install/rviz_cloud_annotation/share/rviz_cloud_annotation/local_setup.sh
[0.329s] -- Up-to-date: /home/hoapham/ros2_ws/install/rviz_cloud_annotation/share/rviz_cloud_annotation/local_setup.zsh
[0.329s] -- Up-to-date: /home/hoapham/ros2_ws/install/rviz_cloud_annotation/share/rviz_cloud_annotation/local_setup.dsv
[0.330s] -- Installing: /home/hoapham/ros2_ws/install/rviz_cloud_annotation/share/rviz_cloud_annotation/package.dsv
[0.330s] -- Up-to-date: /home/hoapham/ros2_ws/install/rviz_cloud_annotation/share/ament_index/resource_index/packages/rviz_cloud_annotation
[0.330s] -- Up-to-date: /home/hoapham/ros2_ws/install/rviz_cloud_annotation/share/ament_index/resource_index/rviz_common__pluginlib__plugin/rviz_cloud_annotation
[0.330s] -- Up-to-date: /home/hoapham/ros2_ws/install/rviz_cloud_annotation/share/rviz_cloud_annotation/cmake/export_rviz_cloud_annotation__rosidl_generator_cExport.cmake
[0.330s] -- Up-to-date: /home/hoapham/ros2_ws/install/rviz_cloud_annotation/share/rviz_cloud_annotation/cmake/export_rviz_cloud_annotation__rosidl_generator_cExport-noconfig.cmake
[0.330s] -- Up-to-date: /home/hoapham/ros2_ws/install/rviz_cloud_annotation/share/rviz_cloud_annotation/cmake/export_rviz_cloud_annotation__rosidl_typesupport_fastrtps_cExport.cmake
[0.330s] -- Up-to-date: /home/hoapham/ros2_ws/install/rviz_cloud_annotation/share/rviz_cloud_annotation/cmake/export_rviz_cloud_annotation__rosidl_typesupport_fastrtps_cExport-noconfig.cmake
[0.330s] -- Up-to-date: /home/hoapham/ros2_ws/install/rviz_cloud_annotation/share/rviz_cloud_annotation/cmake/export_rviz_cloud_annotation__rosidl_generator_cppExport.cmake
[0.330s] -- Up-to-date: /home/hoapham/ros2_ws/install/rviz_cloud_annotation/share/rviz_cloud_annotation/cmake/export_rviz_cloud_annotation__rosidl_typesupport_fastrtps_cppExport.cmake
[0.330s] -- Up-to-date: /home/hoapham/ros2_ws/install/rviz_cloud_annotation/share/rviz_cloud_annotation/cmake/export_rviz_cloud_annotation__rosidl_typesupport_fastrtps_cppExport-noconfig.cmake
[0.330s] -- Up-to-date: /home/hoapham/ros2_ws/install/rviz_cloud_annotation/share/rviz_cloud_annotation/cmake/rviz_cloud_annotation__rosidl_typesupport_introspection_cExport.cmake
[0.330s] -- Up-to-date: /home/hoapham/ros2_ws/install/rviz_cloud_annotation/share/rviz_cloud_annotation/cmake/rviz_cloud_annotation__rosidl_typesupport_introspection_cExport-noconfig.cmake
[0.330s] -- Up-to-date: /home/hoapham/ros2_ws/install/rviz_cloud_annotation/share/rviz_cloud_annotation/cmake/rviz_cloud_annotation__rosidl_typesupport_cExport.cmake
[0.330s] -- Up-to-date: /home/hoapham/ros2_ws/install/rviz_cloud_annotation/share/rviz_cloud_annotation/cmake/rviz_cloud_annotation__rosidl_typesupport_cExport-noconfig.cmake
[0.330s] -- Up-to-date: /home/hoapham/ros2_ws/install/rviz_cloud_annotation/share/rviz_cloud_annotation/cmake/rviz_cloud_annotation__rosidl_typesupport_introspection_cppExport.cmake
[0.330s] -- Up-to-date: /home/hoapham/ros2_ws/install/rviz_cloud_annotation/share/rviz_cloud_annotation/cmake/rviz_cloud_annotation__rosidl_typesupport_introspection_cppExport-noconfig.cmake
[0.330s] -- Up-to-date: /home/hoapham/ros2_ws/install/rviz_cloud_annotation/share/rviz_cloud_annotation/cmake/rviz_cloud_annotation__rosidl_typesupport_cppExport.cmake
[0.330s] -- Up-to-date: /home/hoapham/ros2_ws/install/rviz_cloud_annotation/share/rviz_cloud_annotation/cmake/rviz_cloud_annotation__rosidl_typesupport_cppExport-noconfig.cmake
[0.330s] -- Up-to-date: /home/hoapham/ros2_ws/install/rviz_cloud_annotation/share/rviz_cloud_annotation/cmake/export_rviz_cloud_annotation__rosidl_generator_pyExport.cmake
[0.330s] -- Up-to-date: /home/hoapham/ros2_ws/install/rviz_cloud_annotation/share/rviz_cloud_annotation/cmake/export_rviz_cloud_annotation__rosidl_generator_pyExport-noconfig.cmake
[0.331s] -- Up-to-date: /home/hoapham/ros2_ws/install/rviz_cloud_annotation/share/rviz_cloud_annotation/cmake/export_rviz_cloud_annotationExport.cmake
[0.331s] -- Up-to-date: /home/hoapham/ros2_ws/install/rviz_cloud_annotation/share/rviz_cloud_annotation/cmake/export_rviz_cloud_annotationExport-noconfig.cmake
[0.331s] -- Up-to-date: /home/hoapham/ros2_ws/install/rviz_cloud_annotation/share/rviz_cloud_annotation/cmake/rosidl_cmake-extras.cmake
[0.331s] -- Up-to-date: /home/hoapham/ros2_ws/install/rviz_cloud_annotation/share/rviz_cloud_annotation/cmake/ament_cmake_export_dependencies-extras.cmake
[0.331s] -- Up-to-date: /home/hoapham/ros2_ws/install/rviz_cloud_annotation/share/rviz_cloud_annotation/cmake/ament_cmake_export_include_directories-extras.cmake
[0.331s] -- Up-to-date: /home/hoapham/ros2_ws/install/rviz_cloud_annotation/share/rviz_cloud_annotation/cmake/ament_cmake_export_libraries-extras.cmake
[0.331s] -- Up-to-date: /home/hoapham/ros2_ws/install/rviz_cloud_annotation/share/rviz_cloud_annotation/cmake/ament_cmake_export_targets-extras.cmake
[0.331s] -- Up-to-date: /home/hoapham/ros2_ws/install/rviz_cloud_annotation/share/rviz_cloud_annotation/cmake/rosidl_cmake_export_typesupport_targets-extras.cmake
[0.331s] -- Up-to-date: /home/hoapham/ros2_ws/install/rviz_cloud_annotation/share/rviz_cloud_annotation/cmake/rosidl_cmake_export_typesupport_libraries-extras.cmake
[0.331s] -- Up-to-date: /home/hoapham/ros2_ws/install/rviz_cloud_annotation/share/rviz_cloud_annotation/cmake/rviz_cloud_annotationConfig.cmake
[0.331s] -- Up-to-date: /home/hoapham/ros2_ws/install/rviz_cloud_annotation/share/rviz_cloud_annotation/cmake/rviz_cloud_annotationConfig-version.cmake
[0.331s] -- Up-to-date: /home/hoapham/ros2_ws/install/rviz_cloud_annotation/share/rviz_cloud_annotation/package.xml
[0.334s] Invoked command in '/home/hoapham/ros2_ws/build/rviz_cloud_annotation' returned '0': CMAKE_PREFIX_PATH=${CMAKE_PREFIX_PATH}:/opt/ros/humble /usr/bin/cmake --install /home/hoapham/ros2_ws/build/rviz_cloud_annotation
