[0.005s] Invoking command in '/home/hoapham/ros2_ws/build/zivid_description': CMAKE_PREFIX_PATH=${CMAKE_PREFIX_PATH}:/opt/ros/humble /usr/bin/cmake /home/hoapham/ros2_ws/src/zivid-ros/zivid_description -DCMAKE_INSTALL_PREFIX=/home/hoapham/ros2_ws/install/zivid_description
[0.053s] -- The C compiler identification is GNU 11.4.0
[0.094s] -- The CXX compiler identification is GNU 11.4.0
[0.101s] -- Detecting C compiler ABI info
[0.161s] -- Detecting C compiler ABI info - done
[0.165s] -- Check for working C compiler: /usr/bin/cc - skipped
[0.166s] -- Detecting C compile features
[0.166s] -- Detecting C compile features - done
[0.168s] -- Detecting CXX compiler ABI info
[0.232s] -- Detecting CXX compiler ABI info - done
[0.236s] -- Check for working CXX compiler: /usr/bin/c++ - skipped
[0.236s] -- Detecting CXX compile features
[0.236s] -- Detecting CXX compile features - done
[0.239s] -- Found ament_cmake: 1.3.11 (/opt/ros/humble/share/ament_cmake/cmake)
[0.350s] -- Found Python3: /usr/bin/python3 (found version "3.10.12") found components: Interpreter 
[0.422s] -- Found ament_lint_auto: 0.12.12 (/opt/ros/humble/share/ament_lint_auto/cmake)
[0.464s] -- Configuring done
[0.466s] -- Generating done
[0.467s] -- Build files have been written to: /home/hoapham/ros2_ws/build/zivid_description
[0.470s] Invoked command in '/home/hoapham/ros2_ws/build/zivid_description' returned '0': CMAKE_PREFIX_PATH=${CMAKE_PREFIX_PATH}:/opt/ros/humble /usr/bin/cmake /home/hoapham/ros2_ws/src/zivid-ros/zivid_description -DCMAKE_INSTALL_PREFIX=/home/hoapham/ros2_ws/install/zivid_description
[0.471s] Invoking command in '/home/hoapham/ros2_ws/build/zivid_description': CMAKE_PREFIX_PATH=${CMAKE_PREFIX_PATH}:/opt/ros/humble /usr/bin/cmake --build /home/hoapham/ros2_ws/build/zivid_description
[0.506s] Invoked command in '/home/hoapham/ros2_ws/build/zivid_description' returned '0': CMAKE_PREFIX_PATH=${CMAKE_PREFIX_PATH}:/opt/ros/humble /usr/bin/cmake --build /home/hoapham/ros2_ws/build/zivid_description
[0.507s] Invoking command in '/home/hoapham/ros2_ws/build/zivid_description': CMAKE_PREFIX_PATH=${CMAKE_PREFIX_PATH}:/opt/ros/humble /usr/bin/cmake --install /home/hoapham/ros2_ws/build/zivid_description
[0.514s] -- Install configuration: ""
[0.514s] -- Installing: /home/hoapham/ros2_ws/install/zivid_description/share/zivid_description/meshes
[0.514s] -- Installing: /home/hoapham/ros2_ws/install/zivid_description/share/zivid_description/meshes/field_of_view
[0.514s] -- Installing: /home/hoapham/ros2_ws/install/zivid_description/share/zivid_description/meshes/field_of_view/zivid_2_l100_fov.stl
[0.515s] -- Installing: /home/hoapham/ros2_ws/install/zivid_description/share/zivid_description/meshes/field_of_view/zivid_2_plus_m60_fov.stl
[0.515s] -- Installing: /home/hoapham/ros2_ws/install/zivid_description/share/zivid_description/meshes/field_of_view/zivid_2_plus_m130_fov.stl
[0.515s] -- Installing: /home/hoapham/ros2_ws/install/zivid_description/share/zivid_description/meshes/field_of_view/zivid_2_plus_l110_fov.stl
[0.515s] -- Installing: /home/hoapham/ros2_ws/install/zivid_description/share/zivid_description/meshes/field_of_view/zivid_2_m70_fov.stl
[0.515s] -- Installing: /home/hoapham/ros2_ws/install/zivid_description/share/zivid_description/meshes/visual
[0.515s] -- Installing: /home/hoapham/ros2_ws/install/zivid_description/share/zivid_description/meshes/visual/zivid_2_plus.stl
[0.516s] -- Installing: /home/hoapham/ros2_ws/install/zivid_description/share/zivid_description/meshes/collision
[0.516s] -- Installing: /home/hoapham/ros2_ws/install/zivid_description/share/zivid_description/meshes/collision/zivid_2_plus_convex_hull.stl
[0.516s] -- Installing: /home/hoapham/ros2_ws/install/zivid_description/share/zivid_description/urdf
[0.516s] -- Installing: /home/hoapham/ros2_ws/install/zivid_description/share/zivid_description/urdf/zivid_materials.xacro
[0.517s] -- Installing: /home/hoapham/ros2_ws/install/zivid_description/share/zivid_description/urdf/macros
[0.517s] -- Installing: /home/hoapham/ros2_ws/install/zivid_description/share/zivid_description/urdf/macros/zivid_camera.xacro
[0.517s] -- Installing: /home/hoapham/ros2_ws/install/zivid_description/share/zivid_description/urdf/zivid_camera.urdf.xacro
[0.517s] -- Installing: /home/hoapham/ros2_ws/install/zivid_description/share/ament_index/resource_index/package_run_dependencies/zivid_description
[0.517s] -- Installing: /home/hoapham/ros2_ws/install/zivid_description/share/ament_index/resource_index/parent_prefix_path/zivid_description
[0.517s] -- Installing: /home/hoapham/ros2_ws/install/zivid_description/share/zivid_description/environment/ament_prefix_path.sh
[0.517s] -- Installing: /home/hoapham/ros2_ws/install/zivid_description/share/zivid_description/environment/ament_prefix_path.dsv
[0.518s] -- Installing: /home/hoapham/ros2_ws/install/zivid_description/share/zivid_description/environment/path.sh
[0.518s] -- Installing: /home/hoapham/ros2_ws/install/zivid_description/share/zivid_description/environment/path.dsv
[0.518s] -- Installing: /home/hoapham/ros2_ws/install/zivid_description/share/zivid_description/local_setup.bash
[0.518s] -- Installing: /home/hoapham/ros2_ws/install/zivid_description/share/zivid_description/local_setup.sh
[0.518s] -- Installing: /home/hoapham/ros2_ws/install/zivid_description/share/zivid_description/local_setup.zsh
[0.518s] -- Installing: /home/hoapham/ros2_ws/install/zivid_description/share/zivid_description/local_setup.dsv
[0.518s] -- Installing: /home/hoapham/ros2_ws/install/zivid_description/share/zivid_description/package.dsv
[0.518s] -- Installing: /home/hoapham/ros2_ws/install/zivid_description/share/ament_index/resource_index/packages/zivid_description
[0.518s] -- Installing: /home/hoapham/ros2_ws/install/zivid_description/share/zivid_description/cmake/zivid_descriptionConfig.cmake
[0.518s] -- Installing: /home/hoapham/ros2_ws/install/zivid_description/share/zivid_description/cmake/zivid_descriptionConfig-version.cmake
[0.518s] -- Installing: /home/hoapham/ros2_ws/install/zivid_description/share/zivid_description/package.xml
[0.520s] Invoked command in '/home/hoapham/ros2_ws/build/zivid_description' returned '0': CMAKE_PREFIX_PATH=${CMAKE_PREFIX_PATH}:/opt/ros/humble /usr/bin/cmake --install /home/hoapham/ros2_ws/build/zivid_description
