[0.010s] Invoking command in '/home/hoapham/ros2_ws/build/gui': CMAKE_PREFIX_PATH=${CMAKE_PREFIX_PATH}:/opt/ros/humble /usr/bin/cmake --build /home/hoapham/ros2_ws/build/gui -- -j16 -l16
[0.059s] [ 11%] [34m[1mAutomatic MOC and UIC for target gui[0m
[0.085s] [ 11%] Built target gui_autogen
[0.104s] [35m[1mConsolidate compiler generated dependencies of target gui[0m
[0.148s] [ 33%] [32mBuilding CXX object CMakeFiles/gui.dir/src/preparation.cpp.o[0m
[0.148s] [ 33%] [32mBuilding CXX object CMakeFiles/gui.dir/src/main.cpp.o[0m
[2.869s] [01m[K/home/hoapham/ros2_ws/src/gui/src/preparation.cpp:[m[K In constructor ‘[01m[KForm::Form(QWidget*, rviz_common::ros_integration::RosNodeAbstractionIface::WeakPtr)[m[K’:
[2.869s] [01m[K/home/hoapham/ros2_ws/src/gui/src/preparation.cpp:8:68:[m[K [01;35m[Kwarning: [m[Kunused parameter ‘[01m[Knode[m[K’ [[01;35m[K]8;;https://gcc.gnu.org/onlinedocs/gcc/Warning-Options.html#index-Wunused-parameter-Wunused-parameter]8;;[m[K]
[2.869s]     8 |     [01;35m[Krviz_common::ros_integration::RosNodeAbstractionIface::WeakPtr node[m[K) :
[2.870s]       |     [01;35m[K~~~~~~~~~~~~~~~~~~~~~~~~~~~~~~~~~~~~~~~~~~~~~~~~~~~~~~~~~~~~~~~^~~~[m[K
[5.917s] [ 44%] [32m[1mLinking CXX executable gui[0m
[7.782s] [100%] Built target gui
[7.793s] Invoked command in '/home/hoapham/ros2_ws/build/gui' returned '0': CMAKE_PREFIX_PATH=${CMAKE_PREFIX_PATH}:/opt/ros/humble /usr/bin/cmake --build /home/hoapham/ros2_ws/build/gui -- -j16 -l16
[7.802s] Invoking command in '/home/hoapham/ros2_ws/build/gui': CMAKE_PREFIX_PATH=${CMAKE_PREFIX_PATH}:/opt/ros/humble /usr/bin/cmake --install /home/hoapham/ros2_ws/build/gui
[7.809s] -- Install configuration: ""
[7.809s] -- Installing: /home/hoapham/ros2_ws/install/gui/lib/gui/gui
[7.813s] -- Set runtime path of "/home/hoapham/ros2_ws/install/gui/lib/gui/gui" to ""
[7.813s] -- Up-to-date: /home/hoapham/ros2_ws/install/gui/include
[7.813s] -- Up-to-date: /home/hoapham/ros2_ws/install/gui/include/gui
[7.814s] -- Up-to-date: /home/hoapham/ros2_ws/install/gui/include/gui/rviz_preparation.h
[7.814s] -- Up-to-date: /home/hoapham/ros2_ws/install/gui/include/gui/rvizpanel.h
[7.814s] -- Up-to-date: /home/hoapham/ros2_ws/install/gui/include/gui/preparation.h
[7.814s] -- Up-to-date: /home/hoapham/ros2_ws/install/gui/include/gui/rrjoystick.h
[7.814s] -- Up-to-date: /home/hoapham/ros2_ws/install/gui/include/gui/hello_gui.h
[7.814s] -- Up-to-date: /home/hoapham/ros2_ws/install/gui/include/gui/parser.h
[7.814s] -- Up-to-date: /home/hoapham/ros2_ws/install/gui/share/gui//launch
[7.814s] -- Up-to-date: /home/hoapham/ros2_ws/install/gui/share/gui//launch/gui.launch.py
[7.814s] -- Up-to-date: /home/hoapham/ros2_ws/install/gui/share/gui//config
[7.814s] -- Up-to-date: /home/hoapham/ros2_ws/install/gui/share/gui//config/params.yaml
[7.814s] -- Up-to-date: /home/hoapham/ros2_ws/install/gui/share/ament_index/resource_index/package_run_dependencies/gui
[7.814s] -- Up-to-date: /home/hoapham/ros2_ws/install/gui/share/ament_index/resource_index/parent_prefix_path/gui
[7.814s] -- Up-to-date: /home/hoapham/ros2_ws/install/gui/share/gui/environment/ament_prefix_path.sh
[7.814s] -- Up-to-date: /home/hoapham/ros2_ws/install/gui/share/gui/environment/ament_prefix_path.dsv
[7.814s] -- Up-to-date: /home/hoapham/ros2_ws/install/gui/share/gui/environment/path.sh
[7.814s] -- Up-to-date: /home/hoapham/ros2_ws/install/gui/share/gui/environment/path.dsv
[7.815s] -- Up-to-date: /home/hoapham/ros2_ws/install/gui/share/gui/local_setup.bash
[7.815s] -- Up-to-date: /home/hoapham/ros2_ws/install/gui/share/gui/local_setup.sh
[7.815s] -- Up-to-date: /home/hoapham/ros2_ws/install/gui/share/gui/local_setup.zsh
[7.815s] -- Up-to-date: /home/hoapham/ros2_ws/install/gui/share/gui/local_setup.dsv
[7.815s] -- Installing: /home/hoapham/ros2_ws/install/gui/share/gui/package.dsv
[7.815s] -- Up-to-date: /home/hoapham/ros2_ws/install/gui/share/ament_index/resource_index/packages/gui
[7.815s] -- Up-to-date: /home/hoapham/ros2_ws/install/gui/share/gui/cmake/ament_cmake_export_include_directories-extras.cmake
[7.815s] -- Up-to-date: /home/hoapham/ros2_ws/install/gui/share/gui/cmake/ament_cmake_export_dependencies-extras.cmake
[7.815s] -- Up-to-date: /home/hoapham/ros2_ws/install/gui/share/gui/cmake/guiConfig.cmake
[7.815s] -- Up-to-date: /home/hoapham/ros2_ws/install/gui/share/gui/cmake/guiConfig-version.cmake
[7.815s] -- Up-to-date: /home/hoapham/ros2_ws/install/gui/share/gui/package.xml
[7.816s] Invoked command in '/home/hoapham/ros2_ws/build/gui' returned '0': CMAKE_PREFIX_PATH=${CMAKE_PREFIX_PATH}:/opt/ros/humble /usr/bin/cmake --install /home/hoapham/ros2_ws/build/gui
