[0.009s] Invoking command in '/home/hoapham/ros2_ws/build/gui_msgs': CMAKE_PREFIX_PATH=${CMAKE_PREFIX_PATH}:/opt/ros/humble /usr/bin/cmake --build /home/hoapham/ros2_ws/build/gui_msgs -- -j16 -l16
[0.031s] -- Found ament_cmake: 1.3.11 (/opt/ros/humble/share/ament_cmake/cmake)
[0.109s] -- Found builtin_interfaces: 1.2.1 (/opt/ros/humble/share/builtin_interfaces/cmake)
[0.125s] -- Found rosidl_generator_c: 3.1.6 (/opt/ros/humble/share/rosidl_generator_c/cmake)
[0.126s] -- Found rosidl_adapter: 3.1.6 (/opt/ros/humble/share/rosidl_adapter/cmake)
[0.129s] -- Found rosidl_generator_cpp: 3.1.6 (/opt/ros/humble/share/rosidl_generator_cpp/cmake)
[0.134s] -- Using all available rosidl_typesupport_c: rosidl_typesupport_fastrtps_c;rosidl_typesupport_introspection_c
[0.141s] -- Using all available rosidl_typesupport_cpp: rosidl_typesupport_fastrtps_cpp;rosidl_typesupport_introspection_cpp
[0.147s] -- Found geometry_msgs: 4.8.0 (/opt/ros/humble/share/geometry_msgs/cmake)
[0.161s] -- Found rosidl_default_generators: 1.2.0 (/opt/ros/humble/share/rosidl_default_generators/cmake)
[0.165s] -- Found action_msgs: 1.2.1 (/opt/ros/humble/share/action_msgs/cmake)
[0.392s] -- Found ament_cmake_ros: 0.10.0 (/opt/ros/humble/share/ament_cmake_ros/cmake)
[0.680s] -- Using all available rosidl_typesupport_c: rosidl_typesupport_fastrtps_c;rosidl_typesupport_introspection_c
[0.785s] -- Using all available rosidl_typesupport_cpp: rosidl_typesupport_fastrtps_cpp;rosidl_typesupport_introspection_cpp
[0.800s] -- Found python_cmake_module: 0.10.0 (/opt/ros/humble/share/python_cmake_module/cmake)
[0.816s] -- Using PYTHON_EXECUTABLE: /usr/bin/python3
[0.816s] -- Using PYTHON_INCLUDE_DIRS: /usr/include/python3.10
[0.816s] -- Using PYTHON_LIBRARIES: /usr/lib/x86_64-linux-gnu/libpython3.10.so
[0.849s] -- Configuring done
[0.882s] -- Generating done
[0.891s] -- Build files have been written to: /home/hoapham/ros2_ws/build/gui_msgs
[0.913s] [  1%] [34m[1mGenerating C code for ROS interfaces[0m
[0.922s] [  2%] [34m[1mGenerating C++ code for ROS interfaces[0m
[0.933s] [  2%] Built target ament_cmake_python_copy_gui_msgs
[1.091s] running egg_info
[1.091s] writing gui_msgs.egg-info/PKG-INFO
[1.092s] writing dependency_links to gui_msgs.egg-info/dependency_links.txt
[1.092s] writing top-level names to gui_msgs.egg-info/top_level.txt
[1.093s] reading manifest file 'gui_msgs.egg-info/SOURCES.txt'
[1.094s] writing manifest file 'gui_msgs.egg-info/SOURCES.txt'
[1.115s] [  2%] Built target ament_cmake_python_build_gui_msgs_egg
[1.329s] [35m[1mConsolidate compiler generated dependencies of target gui_msgs__rosidl_generator_c[0m
[1.349s] [  5%] [32mBuilding C object CMakeFiles/gui_msgs__rosidl_generator_c.dir/rosidl_generator_c/gui_msgs/msg/detail/setting_params__functions.c.o[0m
[1.349s] [  5%] [32mBuilding C object CMakeFiles/gui_msgs__rosidl_generator_c.dir/rosidl_generator_c/gui_msgs/msg/detail/setting_tool__functions.c.o[0m
[1.349s] [  5%] [32mBuilding C object CMakeFiles/gui_msgs__rosidl_generator_c.dir/rosidl_generator_c/gui_msgs/msg/detail/trajectory_setting__functions.c.o[0m
[1.350s] [  8%] [32mBuilding C object CMakeFiles/gui_msgs__rosidl_generator_c.dir/rosidl_generator_c/gui_msgs/srv/detail/setting_params__functions.c.o[0m
[1.350s] [  9%] [32mBuilding C object CMakeFiles/gui_msgs__rosidl_generator_c.dir/rosidl_generator_c/gui_msgs/srv/detail/trajectory_setting__functions.c.o[0m
[1.350s] [  9%] [32mBuilding C object CMakeFiles/gui_msgs__rosidl_generator_c.dir/rosidl_generator_c/gui_msgs/srv/detail/setting_tool__functions.c.o[0m
[1.350s] [ 10%] [32mBuilding C object CMakeFiles/gui_msgs__rosidl_generator_c.dir/rosidl_generator_c/gui_msgs/msg/detail/auto_process__functions.c.o[0m
[1.350s] [ 11%] [32mBuilding C object CMakeFiles/gui_msgs__rosidl_generator_c.dir/rosidl_generator_c/gui_msgs/srv/detail/auto_process__functions.c.o[0m
[1.356s] [ 11%] Built target gui_msgs__cpp
[1.371s] [ 12%] [34m[1mGenerating C++ type support dispatch for ROS interfaces[0m
[1.371s] [ 14%] [34m[1mGenerating C++ type support for eProsima Fast-RTPS[0m
[1.371s] [ 14%] [34m[1mGenerating C++ introspection for ROS interfaces[0m
[1.413s] [ 16%] [32m[1mLinking C shared library libgui_msgs__rosidl_generator_c.so[0m
[1.450s] [ 16%] Built target gui_msgs__rosidl_generator_c
[1.461s] [ 18%] [34m[1mGenerating C introspection for ROS interfaces[0m
[1.461s] [ 19%] [34m[1mGenerating C type support dispatch for ROS interfaces[0m
[1.461s] [ 19%] [34m[1mGenerating C type support for eProsima Fast-RTPS[0m
[1.679s] [35m[1mConsolidate compiler generated dependencies of target gui_msgs__rosidl_typesupport_cpp[0m
[1.698s] [ 26%] [32mBuilding CXX object CMakeFiles/gui_msgs__rosidl_typesupport_cpp.dir/rosidl_typesupport_cpp/gui_msgs/msg/auto_process__type_support.cpp.o[0m
[1.698s] [ 26%] [32mBuilding CXX object CMakeFiles/gui_msgs__rosidl_typesupport_cpp.dir/rosidl_typesupport_cpp/gui_msgs/msg/trajectory_setting__type_support.cpp.o[0m
[1.698s] [ 26%] [32mBuilding CXX object CMakeFiles/gui_msgs__rosidl_typesupport_cpp.dir/rosidl_typesupport_cpp/gui_msgs/msg/setting_tool__type_support.cpp.o[0m
[1.698s] [ 26%] [32mBuilding CXX object CMakeFiles/gui_msgs__rosidl_typesupport_cpp.dir/rosidl_typesupport_cpp/gui_msgs/srv/setting_params__type_support.cpp.o[0m
[1.699s] [ 26%] [32mBuilding CXX object CMakeFiles/gui_msgs__rosidl_typesupport_cpp.dir/rosidl_typesupport_cpp/gui_msgs/msg/setting_params__type_support.cpp.o[0m
[1.700s] [ 26%] [32mBuilding CXX object CMakeFiles/gui_msgs__rosidl_typesupport_cpp.dir/rosidl_typesupport_cpp/gui_msgs/srv/auto_process__type_support.cpp.o[0m
[1.700s] [ 27%] [32mBuilding CXX object CMakeFiles/gui_msgs__rosidl_typesupport_cpp.dir/rosidl_typesupport_cpp/gui_msgs/srv/setting_tool__type_support.cpp.o[0m
[1.700s] [ 28%] [32mBuilding CXX object CMakeFiles/gui_msgs__rosidl_typesupport_cpp.dir/rosidl_typesupport_cpp/gui_msgs/srv/trajectory_setting__type_support.cpp.o[0m
[1.814s] [35m[1mConsolidate compiler generated dependencies of target gui_msgs__rosidl_typesupport_introspection_cpp[0m
[1.833s] [35m[1mConsolidate compiler generated dependencies of target gui_msgs__rosidl_typesupport_c[0m
[1.835s] [ 29%] [32mBuilding CXX object CMakeFiles/gui_msgs__rosidl_typesupport_introspection_cpp.dir/rosidl_typesupport_introspection_cpp/gui_msgs/msg/detail/setting_tool__type_support.cpp.o[0m
[1.837s] [ 31%] [32mBuilding CXX object CMakeFiles/gui_msgs__rosidl_typesupport_introspection_cpp.dir/rosidl_typesupport_introspection_cpp/gui_msgs/msg/detail/auto_process__type_support.cpp.o[0m
[1.842s] [ 32%] [32mBuilding CXX object CMakeFiles/gui_msgs__rosidl_typesupport_introspection_cpp.dir/rosidl_typesupport_introspection_cpp/gui_msgs/msg/detail/setting_params__type_support.cpp.o[0m
[1.844s] [ 33%] [32mBuilding CXX object CMakeFiles/gui_msgs__rosidl_typesupport_introspection_cpp.dir/rosidl_typesupport_introspection_cpp/gui_msgs/msg/detail/trajectory_setting__type_support.cpp.o[0m
[1.878s] [ 34%] [32mBuilding CXX object CMakeFiles/gui_msgs__rosidl_typesupport_c.dir/rosidl_typesupport_c/gui_msgs/msg/setting_params__type_support.cpp.o[0m
[1.970s] [ 35%] [32mBuilding CXX object CMakeFiles/gui_msgs__rosidl_typesupport_c.dir/rosidl_typesupport_c/gui_msgs/msg/setting_tool__type_support.cpp.o[0m
[2.002s] [ 36%] [32mBuilding CXX object CMakeFiles/gui_msgs__rosidl_typesupport_c.dir/rosidl_typesupport_c/gui_msgs/msg/trajectory_setting__type_support.cpp.o[0m
[2.022s] [ 37%] [32mBuilding CXX object CMakeFiles/gui_msgs__rosidl_typesupport_introspection_cpp.dir/rosidl_typesupport_introspection_cpp/gui_msgs/srv/detail/setting_params__type_support.cpp.o[0m
[2.033s] [ 39%] [32mBuilding CXX object CMakeFiles/gui_msgs__rosidl_typesupport_introspection_cpp.dir/rosidl_typesupport_introspection_cpp/gui_msgs/srv/detail/setting_tool__type_support.cpp.o[0m
[2.033s] [ 40%] [32mBuilding CXX object CMakeFiles/gui_msgs__rosidl_typesupport_c.dir/rosidl_typesupport_c/gui_msgs/msg/auto_process__type_support.cpp.o[0m
[2.035s] [ 41%] [32mBuilding CXX object CMakeFiles/gui_msgs__rosidl_typesupport_c.dir/rosidl_typesupport_c/gui_msgs/srv/setting_params__type_support.cpp.o[0m
[2.050s] [ 42%] [32mBuilding CXX object CMakeFiles/gui_msgs__rosidl_typesupport_introspection_cpp.dir/rosidl_typesupport_introspection_cpp/gui_msgs/srv/detail/auto_process__type_support.cpp.o[0m
[2.050s] [ 43%] [32mBuilding CXX object CMakeFiles/gui_msgs__rosidl_typesupport_introspection_cpp.dir/rosidl_typesupport_introspection_cpp/gui_msgs/srv/detail/trajectory_setting__type_support.cpp.o[0m
[2.053s] [ 44%] [32mBuilding CXX object CMakeFiles/gui_msgs__rosidl_typesupport_c.dir/rosidl_typesupport_c/gui_msgs/srv/setting_tool__type_support.cpp.o[0m
[2.064s] [35m[1mConsolidate compiler generated dependencies of target gui_msgs__rosidl_typesupport_fastrtps_cpp[0m
[2.065s] [ 45%] [32mBuilding CXX object CMakeFiles/gui_msgs__rosidl_typesupport_c.dir/rosidl_typesupport_c/gui_msgs/srv/trajectory_setting__type_support.cpp.o[0m
[2.071s] [ 47%] [32m[1mLinking CXX shared library libgui_msgs__rosidl_typesupport_cpp.so[0m
[2.072s] [35m[1mConsolidate compiler generated dependencies of target gui_msgs__rosidl_typesupport_introspection_c[0m
[2.090s] [ 48%] [32mBuilding C object CMakeFiles/gui_msgs__rosidl_typesupport_introspection_c.dir/rosidl_typesupport_introspection_c/gui_msgs/msg/detail/setting_params__type_support.c.o[0m
[2.091s] [ 50%] [32mBuilding CXX object CMakeFiles/gui_msgs__rosidl_typesupport_c.dir/rosidl_typesupport_c/gui_msgs/srv/auto_process__type_support.cpp.o[0m
[2.091s] [ 50%] [32mBuilding C object CMakeFiles/gui_msgs__rosidl_typesupport_introspection_c.dir/rosidl_typesupport_introspection_c/gui_msgs/msg/detail/setting_tool__type_support.c.o[0m
[2.093s] [ 51%] [32mBuilding CXX object CMakeFiles/gui_msgs__rosidl_typesupport_fastrtps_cpp.dir/rosidl_typesupport_fastrtps_cpp/gui_msgs/msg/detail/dds_fastrtps/setting_params__type_support.cpp.o[0m
[2.110s] [ 52%] [32mBuilding C object CMakeFiles/gui_msgs__rosidl_typesupport_introspection_c.dir/rosidl_typesupport_introspection_c/gui_msgs/msg/detail/auto_process__type_support.c.o[0m
[2.110s] [ 54%] [32mBuilding C object CMakeFiles/gui_msgs__rosidl_typesupport_introspection_c.dir/rosidl_typesupport_introspection_c/gui_msgs/msg/detail/trajectory_setting__type_support.c.o[0m
[2.135s] [ 55%] [32m[1mLinking CXX shared library libgui_msgs__rosidl_typesupport_c.so[0m
[2.137s] [ 55%] Built target gui_msgs__rosidl_typesupport_cpp
[2.145s] [ 56%] [32mBuilding CXX object CMakeFiles/gui_msgs__rosidl_typesupport_fastrtps_cpp.dir/rosidl_typesupport_fastrtps_cpp/gui_msgs/msg/detail/dds_fastrtps/setting_tool__type_support.cpp.o[0m
[2.156s] [ 57%] [32mBuilding C object CMakeFiles/gui_msgs__rosidl_typesupport_introspection_c.dir/rosidl_typesupport_introspection_c/gui_msgs/srv/detail/setting_tool__type_support.c.o[0m
[2.157s] [ 58%] [32mBuilding C object CMakeFiles/gui_msgs__rosidl_typesupport_introspection_c.dir/rosidl_typesupport_introspection_c/gui_msgs/srv/detail/setting_params__type_support.c.o[0m
[2.162s] [ 60%] [32mBuilding C object CMakeFiles/gui_msgs__rosidl_typesupport_introspection_c.dir/rosidl_typesupport_introspection_c/gui_msgs/srv/detail/auto_process__type_support.c.o[0m
[2.162s] [ 60%] [32mBuilding C object CMakeFiles/gui_msgs__rosidl_typesupport_introspection_c.dir/rosidl_typesupport_introspection_c/gui_msgs/srv/detail/trajectory_setting__type_support.c.o[0m
[2.172s] [35m[1mConsolidate compiler generated dependencies of target gui_msgs__rosidl_typesupport_fastrtps_c[0m
[2.192s] [ 60%] Built target gui_msgs__rosidl_typesupport_c
[2.195s] [ 62%] [32mBuilding CXX object CMakeFiles/gui_msgs__rosidl_typesupport_fastrtps_c.dir/rosidl_typesupport_fastrtps_c/gui_msgs/msg/detail/setting_params__type_support_c.cpp.o[0m
[2.205s] [ 63%] [32mBuilding CXX object CMakeFiles/gui_msgs__rosidl_typesupport_fastrtps_cpp.dir/rosidl_typesupport_fastrtps_cpp/gui_msgs/msg/detail/dds_fastrtps/trajectory_setting__type_support.cpp.o[0m
[2.220s] [ 64%] [32mBuilding CXX object CMakeFiles/gui_msgs__rosidl_typesupport_fastrtps_c.dir/rosidl_typesupport_fastrtps_c/gui_msgs/msg/detail/setting_tool__type_support_c.cpp.o[0m
[2.225s] [ 65%] [32mBuilding CXX object CMakeFiles/gui_msgs__rosidl_typesupport_fastrtps_cpp.dir/rosidl_typesupport_fastrtps_cpp/gui_msgs/msg/detail/dds_fastrtps/auto_process__type_support.cpp.o[0m
[2.226s] [ 66%] [32mBuilding CXX object CMakeFiles/gui_msgs__rosidl_typesupport_fastrtps_cpp.dir/rosidl_typesupport_fastrtps_cpp/gui_msgs/srv/detail/dds_fastrtps/setting_params__type_support.cpp.o[0m
[2.229s] [ 67%] [32m[1mLinking C shared library libgui_msgs__rosidl_typesupport_introspection_c.so[0m
[2.284s] [ 67%] Built target gui_msgs__rosidl_typesupport_introspection_c
[2.294s] [ 68%] [32mBuilding CXX object CMakeFiles/gui_msgs__rosidl_typesupport_fastrtps_cpp.dir/rosidl_typesupport_fastrtps_cpp/gui_msgs/srv/detail/dds_fastrtps/setting_tool__type_support.cpp.o[0m
[2.297s] [ 70%] [32mBuilding CXX object CMakeFiles/gui_msgs__rosidl_typesupport_fastrtps_c.dir/rosidl_typesupport_fastrtps_c/gui_msgs/msg/detail/trajectory_setting__type_support_c.cpp.o[0m
[2.297s] [ 71%] [32mBuilding CXX object CMakeFiles/gui_msgs__rosidl_typesupport_fastrtps_cpp.dir/rosidl_typesupport_fastrtps_cpp/gui_msgs/srv/detail/dds_fastrtps/trajectory_setting__type_support.cpp.o[0m
[2.302s] [ 72%] [32mBuilding CXX object CMakeFiles/gui_msgs__rosidl_typesupport_fastrtps_c.dir/rosidl_typesupport_fastrtps_c/gui_msgs/msg/detail/auto_process__type_support_c.cpp.o[0m
[2.327s] [ 73%] [32mBuilding CXX object CMakeFiles/gui_msgs__rosidl_typesupport_fastrtps_cpp.dir/rosidl_typesupport_fastrtps_cpp/gui_msgs/srv/detail/dds_fastrtps/auto_process__type_support.cpp.o[0m
[2.479s] [ 74%] [32mBuilding CXX object CMakeFiles/gui_msgs__rosidl_typesupport_fastrtps_c.dir/rosidl_typesupport_fastrtps_c/gui_msgs/srv/detail/setting_params__type_support_c.cpp.o[0m
[2.503s] [ 75%] [32mBuilding CXX object CMakeFiles/gui_msgs__rosidl_typesupport_fastrtps_c.dir/rosidl_typesupport_fastrtps_c/gui_msgs/srv/detail/setting_tool__type_support_c.cpp.o[0m
[2.538s] [ 77%] [32mBuilding CXX object CMakeFiles/gui_msgs__rosidl_typesupport_fastrtps_c.dir/rosidl_typesupport_fastrtps_c/gui_msgs/srv/detail/trajectory_setting__type_support_c.cpp.o[0m
[2.550s] [ 78%] [32m[1mLinking CXX shared library libgui_msgs__rosidl_typesupport_introspection_cpp.so[0m
[2.583s] [ 79%] [32mBuilding CXX object CMakeFiles/gui_msgs__rosidl_typesupport_fastrtps_c.dir/rosidl_typesupport_fastrtps_c/gui_msgs/srv/detail/auto_process__type_support_c.cpp.o[0m
[2.638s] [ 79%] Built target gui_msgs__rosidl_typesupport_introspection_cpp
[2.798s] [ 80%] [32m[1mLinking CXX shared library libgui_msgs__rosidl_typesupport_fastrtps_cpp.so[0m
[2.861s] [ 80%] Built target gui_msgs__rosidl_typesupport_fastrtps_cpp
[2.865s] [ 81%] [32m[1mLinking CXX shared library libgui_msgs__rosidl_typesupport_fastrtps_c.so[0m
[2.920s] [ 81%] Built target gui_msgs__rosidl_typesupport_fastrtps_c
[2.940s] [ 81%] Built target gui_msgs
[2.961s] [ 82%] [34m[1mGenerating Python code for ROS interfaces[0m
[3.570s] [ 82%] Built target gui_msgs__py
[3.580s] [35m[1mConsolidate compiler generated dependencies of target gui_msgs__rosidl_generator_py[0m
[3.596s] [ 86%] [32mBuilding C object CMakeFiles/gui_msgs__rosidl_generator_py.dir/rosidl_generator_py/gui_msgs/msg/_auto_process_s.c.o[0m
[3.596s] [ 86%] [32mBuilding C object CMakeFiles/gui_msgs__rosidl_generator_py.dir/rosidl_generator_py/gui_msgs/msg/_trajectory_setting_s.c.o[0m
[3.596s] [ 86%] [32mBuilding C object CMakeFiles/gui_msgs__rosidl_generator_py.dir/rosidl_generator_py/gui_msgs/msg/_setting_tool_s.c.o[0m
[3.596s] [ 89%] [32mBuilding C object CMakeFiles/gui_msgs__rosidl_generator_py.dir/rosidl_generator_py/gui_msgs/msg/_setting_params_s.c.o[0m
[3.596s] [ 89%] [32mBuilding C object CMakeFiles/gui_msgs__rosidl_generator_py.dir/rosidl_generator_py/gui_msgs/srv/_auto_process_s.c.o[0m
[3.597s] [ 89%] [32mBuilding C object CMakeFiles/gui_msgs__rosidl_generator_py.dir/rosidl_generator_py/gui_msgs/srv/_trajectory_setting_s.c.o[0m
[3.597s] [ 90%] [32mBuilding C object CMakeFiles/gui_msgs__rosidl_generator_py.dir/rosidl_generator_py/gui_msgs/srv/_setting_params_s.c.o[0m
[3.597s] [ 91%] [32mBuilding C object CMakeFiles/gui_msgs__rosidl_generator_py.dir/rosidl_generator_py/gui_msgs/srv/_setting_tool_s.c.o[0m
[3.699s] [ 93%] [32m[1mLinking C shared library rosidl_generator_py/gui_msgs/libgui_msgs__rosidl_generator_py.so[0m
[3.733s] [ 93%] Built target gui_msgs__rosidl_generator_py
[3.743s] [35m[1mConsolidate compiler generated dependencies of target gui_msgs__rosidl_typesupport_fastrtps_c__pyext[0m
[3.743s] [35m[1mConsolidate compiler generated dependencies of target gui_msgs__rosidl_typesupport_c__pyext[0m
[3.743s] [35m[1mConsolidate compiler generated dependencies of target gui_msgs__rosidl_typesupport_introspection_c__pyext[0m
[3.756s] [ 95%] [32mBuilding C object CMakeFiles/gui_msgs__rosidl_typesupport_fastrtps_c__pyext.dir/rosidl_generator_py/gui_msgs/_gui_msgs_s.ep.rosidl_typesupport_fastrtps_c.c.o[0m
[3.756s] [ 95%] [32mBuilding C object CMakeFiles/gui_msgs__rosidl_typesupport_c__pyext.dir/rosidl_generator_py/gui_msgs/_gui_msgs_s.ep.rosidl_typesupport_c.c.o[0m
[3.756s] [ 96%] [32mBuilding C object CMakeFiles/gui_msgs__rosidl_typesupport_introspection_c__pyext.dir/rosidl_generator_py/gui_msgs/_gui_msgs_s.ep.rosidl_typesupport_introspection_c.c.o[0m
[3.849s] [ 98%] [32m[1mLinking C shared library rosidl_generator_py/gui_msgs/gui_msgs_s__rosidl_typesupport_introspection_c.cpython-310-x86_64-linux-gnu.so[0m
[3.849s] [ 98%] [32m[1mLinking C shared library rosidl_generator_py/gui_msgs/gui_msgs_s__rosidl_typesupport_fastrtps_c.cpython-310-x86_64-linux-gnu.so[0m
[3.849s] [100%] [32m[1mLinking C shared library rosidl_generator_py/gui_msgs/gui_msgs_s__rosidl_typesupport_c.cpython-310-x86_64-linux-gnu.so[0m
[3.885s] [100%] Built target gui_msgs__rosidl_typesupport_introspection_c__pyext
[3.885s] [100%] Built target gui_msgs__rosidl_typesupport_c__pyext
[3.886s] [100%] Built target gui_msgs__rosidl_typesupport_fastrtps_c__pyext
[3.899s] Invoked command in '/home/hoapham/ros2_ws/build/gui_msgs' returned '0': CMAKE_PREFIX_PATH=${CMAKE_PREFIX_PATH}:/opt/ros/humble /usr/bin/cmake --build /home/hoapham/ros2_ws/build/gui_msgs -- -j16 -l16
[3.909s] Invoking command in '/home/hoapham/ros2_ws/build/gui_msgs': CMAKE_PREFIX_PATH=${CMAKE_PREFIX_PATH}:/opt/ros/humble /usr/bin/cmake --install /home/hoapham/ros2_ws/build/gui_msgs
[3.916s] -- Install configuration: ""
[3.916s] -- Installing: /home/hoapham/ros2_ws/install/gui_msgs/share/ament_index/resource_index/rosidl_interfaces/gui_msgs
[3.916s] -- Up-to-date: /home/hoapham/ros2_ws/install/gui_msgs/include/gui_msgs/gui_msgs
[3.916s] -- Up-to-date: /home/hoapham/ros2_ws/install/gui_msgs/include/gui_msgs/gui_msgs/msg
[3.916s] -- Up-to-date: /home/hoapham/ros2_ws/install/gui_msgs/include/gui_msgs/gui_msgs/msg/detail
[3.916s] -- Installing: /home/hoapham/ros2_ws/install/gui_msgs/include/gui_msgs/gui_msgs/msg/detail/setting_params__functions.c
[3.916s] -- Installing: /home/hoapham/ros2_ws/install/gui_msgs/include/gui_msgs/gui_msgs/msg/detail/setting_tool__functions.h
[3.917s] -- Installing: /home/hoapham/ros2_ws/install/gui_msgs/include/gui_msgs/gui_msgs/msg/detail/setting_tool__functions.c
[3.917s] -- Installing: /home/hoapham/ros2_ws/install/gui_msgs/include/gui_msgs/gui_msgs/msg/detail/auto_process__struct.h
[3.917s] -- Installing: /home/hoapham/ros2_ws/install/gui_msgs/include/gui_msgs/gui_msgs/msg/detail/setting_tool__struct.h
[3.917s] -- Installing: /home/hoapham/ros2_ws/install/gui_msgs/include/gui_msgs/gui_msgs/msg/detail/auto_process__functions.h
[3.917s] -- Installing: /home/hoapham/ros2_ws/install/gui_msgs/include/gui_msgs/gui_msgs/msg/detail/auto_process__functions.c
[3.917s] -- Installing: /home/hoapham/ros2_ws/install/gui_msgs/include/gui_msgs/gui_msgs/msg/detail/trajectory_setting__type_support.h
[3.917s] -- Installing: /home/hoapham/ros2_ws/install/gui_msgs/include/gui_msgs/gui_msgs/msg/detail/auto_process__type_support.h
[3.917s] -- Installing: /home/hoapham/ros2_ws/install/gui_msgs/include/gui_msgs/gui_msgs/msg/detail/trajectory_setting__functions.h
[3.917s] -- Installing: /home/hoapham/ros2_ws/install/gui_msgs/include/gui_msgs/gui_msgs/msg/detail/setting_params__struct.h
[3.917s] -- Installing: /home/hoapham/ros2_ws/install/gui_msgs/include/gui_msgs/gui_msgs/msg/detail/trajectory_setting__functions.c
[3.917s] -- Installing: /home/hoapham/ros2_ws/install/gui_msgs/include/gui_msgs/gui_msgs/msg/detail/trajectory_setting__struct.h
[3.917s] -- Installing: /home/hoapham/ros2_ws/install/gui_msgs/include/gui_msgs/gui_msgs/msg/detail/setting_tool__type_support.h
[3.917s] -- Installing: /home/hoapham/ros2_ws/install/gui_msgs/include/gui_msgs/gui_msgs/msg/detail/setting_params__functions.h
[3.917s] -- Installing: /home/hoapham/ros2_ws/install/gui_msgs/include/gui_msgs/gui_msgs/msg/detail/setting_params__type_support.h
[3.917s] -- Installing: /home/hoapham/ros2_ws/install/gui_msgs/include/gui_msgs/gui_msgs/msg/trajectory_setting.h
[3.917s] -- Installing: /home/hoapham/ros2_ws/install/gui_msgs/include/gui_msgs/gui_msgs/msg/setting_params.h
[3.917s] -- Up-to-date: /home/hoapham/ros2_ws/install/gui_msgs/include/gui_msgs/gui_msgs/msg/rosidl_generator_c__visibility_control.h
[3.918s] -- Installing: /home/hoapham/ros2_ws/install/gui_msgs/include/gui_msgs/gui_msgs/msg/setting_tool.h
[3.918s] -- Installing: /home/hoapham/ros2_ws/install/gui_msgs/include/gui_msgs/gui_msgs/msg/auto_process.h
[3.918s] -- Up-to-date: /home/hoapham/ros2_ws/install/gui_msgs/include/gui_msgs/gui_msgs/srv
[3.918s] -- Up-to-date: /home/hoapham/ros2_ws/install/gui_msgs/include/gui_msgs/gui_msgs/srv/detail
[3.918s] -- Installing: /home/hoapham/ros2_ws/install/gui_msgs/include/gui_msgs/gui_msgs/srv/detail/setting_params__functions.c
[3.918s] -- Installing: /home/hoapham/ros2_ws/install/gui_msgs/include/gui_msgs/gui_msgs/srv/detail/setting_tool__functions.h
[3.918s] -- Installing: /home/hoapham/ros2_ws/install/gui_msgs/include/gui_msgs/gui_msgs/srv/detail/setting_tool__functions.c
[3.918s] -- Installing: /home/hoapham/ros2_ws/install/gui_msgs/include/gui_msgs/gui_msgs/srv/detail/auto_process__struct.h
[3.918s] -- Installing: /home/hoapham/ros2_ws/install/gui_msgs/include/gui_msgs/gui_msgs/srv/detail/setting_tool__struct.h
[3.918s] -- Installing: /home/hoapham/ros2_ws/install/gui_msgs/include/gui_msgs/gui_msgs/srv/detail/auto_process__functions.h
[3.918s] -- Installing: /home/hoapham/ros2_ws/install/gui_msgs/include/gui_msgs/gui_msgs/srv/detail/auto_process__functions.c
[3.918s] -- Installing: /home/hoapham/ros2_ws/install/gui_msgs/include/gui_msgs/gui_msgs/srv/detail/trajectory_setting__type_support.h
[3.919s] -- Installing: /home/hoapham/ros2_ws/install/gui_msgs/include/gui_msgs/gui_msgs/srv/detail/auto_process__type_support.h
[3.919s] -- Installing: /home/hoapham/ros2_ws/install/gui_msgs/include/gui_msgs/gui_msgs/srv/detail/trajectory_setting__functions.h
[3.919s] -- Installing: /home/hoapham/ros2_ws/install/gui_msgs/include/gui_msgs/gui_msgs/srv/detail/setting_params__struct.h
[3.919s] -- Installing: /home/hoapham/ros2_ws/install/gui_msgs/include/gui_msgs/gui_msgs/srv/detail/trajectory_setting__functions.c
[3.919s] -- Installing: /home/hoapham/ros2_ws/install/gui_msgs/include/gui_msgs/gui_msgs/srv/detail/trajectory_setting__struct.h
[3.919s] -- Installing: /home/hoapham/ros2_ws/install/gui_msgs/include/gui_msgs/gui_msgs/srv/detail/setting_tool__type_support.h
[3.919s] -- Installing: /home/hoapham/ros2_ws/install/gui_msgs/include/gui_msgs/gui_msgs/srv/detail/setting_params__functions.h
[3.919s] -- Installing: /home/hoapham/ros2_ws/install/gui_msgs/include/gui_msgs/gui_msgs/srv/detail/setting_params__type_support.h
[3.919s] -- Installing: /home/hoapham/ros2_ws/install/gui_msgs/include/gui_msgs/gui_msgs/srv/trajectory_setting.h
[3.920s] -- Installing: /home/hoapham/ros2_ws/install/gui_msgs/include/gui_msgs/gui_msgs/srv/setting_params.h
[3.920s] -- Installing: /home/hoapham/ros2_ws/install/gui_msgs/include/gui_msgs/gui_msgs/srv/setting_tool.h
[3.920s] -- Installing: /home/hoapham/ros2_ws/install/gui_msgs/include/gui_msgs/gui_msgs/srv/auto_process.h
[3.920s] -- Up-to-date: /home/hoapham/ros2_ws/install/gui_msgs/share/gui_msgs/environment/library_path.sh
[3.920s] -- Installing: /home/hoapham/ros2_ws/install/gui_msgs/share/gui_msgs/environment/library_path.dsv
[3.920s] -- Installing: /home/hoapham/ros2_ws/install/gui_msgs/lib/libgui_msgs__rosidl_generator_c.so
[3.920s] -- Set runtime path of "/home/hoapham/ros2_ws/install/gui_msgs/lib/libgui_msgs__rosidl_generator_c.so" to ""
[3.921s] -- Up-to-date: /home/hoapham/ros2_ws/install/gui_msgs/include/gui_msgs/gui_msgs
[3.921s] -- Up-to-date: /home/hoapham/ros2_ws/install/gui_msgs/include/gui_msgs/gui_msgs/msg
[3.921s] -- Up-to-date: /home/hoapham/ros2_ws/install/gui_msgs/include/gui_msgs/gui_msgs/msg/detail
[3.921s] -- Installing: /home/hoapham/ros2_ws/install/gui_msgs/include/gui_msgs/gui_msgs/msg/detail/setting_tool__rosidl_typesupport_fastrtps_c.h
[3.921s] -- Installing: /home/hoapham/ros2_ws/install/gui_msgs/include/gui_msgs/gui_msgs/msg/detail/setting_params__rosidl_typesupport_fastrtps_c.h
[3.921s] -- Installing: /home/hoapham/ros2_ws/install/gui_msgs/include/gui_msgs/gui_msgs/msg/detail/auto_process__rosidl_typesupport_fastrtps_c.h
[3.921s] -- Installing: /home/hoapham/ros2_ws/install/gui_msgs/include/gui_msgs/gui_msgs/msg/detail/trajectory_setting__rosidl_typesupport_fastrtps_c.h
[3.921s] -- Up-to-date: /home/hoapham/ros2_ws/install/gui_msgs/include/gui_msgs/gui_msgs/msg/rosidl_typesupport_fastrtps_c__visibility_control.h
[3.921s] -- Up-to-date: /home/hoapham/ros2_ws/install/gui_msgs/include/gui_msgs/gui_msgs/srv
[3.921s] -- Up-to-date: /home/hoapham/ros2_ws/install/gui_msgs/include/gui_msgs/gui_msgs/srv/detail
[3.921s] -- Installing: /home/hoapham/ros2_ws/install/gui_msgs/include/gui_msgs/gui_msgs/srv/detail/setting_tool__rosidl_typesupport_fastrtps_c.h
[3.921s] -- Installing: /home/hoapham/ros2_ws/install/gui_msgs/include/gui_msgs/gui_msgs/srv/detail/setting_params__rosidl_typesupport_fastrtps_c.h
[3.921s] -- Installing: /home/hoapham/ros2_ws/install/gui_msgs/include/gui_msgs/gui_msgs/srv/detail/auto_process__rosidl_typesupport_fastrtps_c.h
[3.921s] -- Installing: /home/hoapham/ros2_ws/install/gui_msgs/include/gui_msgs/gui_msgs/srv/detail/trajectory_setting__rosidl_typesupport_fastrtps_c.h
[3.922s] -- Installing: /home/hoapham/ros2_ws/install/gui_msgs/lib/libgui_msgs__rosidl_typesupport_fastrtps_c.so
[3.922s] -- Set runtime path of "/home/hoapham/ros2_ws/install/gui_msgs/lib/libgui_msgs__rosidl_typesupport_fastrtps_c.so" to ""
[3.922s] -- Up-to-date: /home/hoapham/ros2_ws/install/gui_msgs/include/gui_msgs/gui_msgs
[3.922s] -- Up-to-date: /home/hoapham/ros2_ws/install/gui_msgs/include/gui_msgs/gui_msgs/msg
[3.922s] -- Up-to-date: /home/hoapham/ros2_ws/install/gui_msgs/include/gui_msgs/gui_msgs/msg/detail
[3.922s] -- Installing: /home/hoapham/ros2_ws/install/gui_msgs/include/gui_msgs/gui_msgs/msg/detail/trajectory_setting__type_support.hpp
[3.923s] -- Installing: /home/hoapham/ros2_ws/install/gui_msgs/include/gui_msgs/gui_msgs/msg/detail/auto_process__builder.hpp
[3.923s] -- Installing: /home/hoapham/ros2_ws/install/gui_msgs/include/gui_msgs/gui_msgs/msg/detail/setting_params__struct.hpp
[3.923s] -- Installing: /home/hoapham/ros2_ws/install/gui_msgs/include/gui_msgs/gui_msgs/msg/detail/trajectory_setting__traits.hpp
[3.923s] -- Installing: /home/hoapham/ros2_ws/install/gui_msgs/include/gui_msgs/gui_msgs/msg/detail/setting_params__type_support.hpp
[3.923s] -- Installing: /home/hoapham/ros2_ws/install/gui_msgs/include/gui_msgs/gui_msgs/msg/detail/setting_tool__traits.hpp
[3.923s] -- Installing: /home/hoapham/ros2_ws/install/gui_msgs/include/gui_msgs/gui_msgs/msg/detail/setting_tool__type_support.hpp
[3.923s] -- Installing: /home/hoapham/ros2_ws/install/gui_msgs/include/gui_msgs/gui_msgs/msg/detail/trajectory_setting__builder.hpp
[3.923s] -- Installing: /home/hoapham/ros2_ws/install/gui_msgs/include/gui_msgs/gui_msgs/msg/detail/setting_params__traits.hpp
[3.923s] -- Installing: /home/hoapham/ros2_ws/install/gui_msgs/include/gui_msgs/gui_msgs/msg/detail/setting_tool__struct.hpp
[3.923s] -- Installing: /home/hoapham/ros2_ws/install/gui_msgs/include/gui_msgs/gui_msgs/msg/detail/auto_process__type_support.hpp
[3.923s] -- Installing: /home/hoapham/ros2_ws/install/gui_msgs/include/gui_msgs/gui_msgs/msg/detail/setting_params__builder.hpp
[3.923s] -- Installing: /home/hoapham/ros2_ws/install/gui_msgs/include/gui_msgs/gui_msgs/msg/detail/trajectory_setting__struct.hpp
[3.923s] -- Installing: /home/hoapham/ros2_ws/install/gui_msgs/include/gui_msgs/gui_msgs/msg/detail/auto_process__struct.hpp
[3.924s] -- Installing: /home/hoapham/ros2_ws/install/gui_msgs/include/gui_msgs/gui_msgs/msg/detail/auto_process__traits.hpp
[3.924s] -- Installing: /home/hoapham/ros2_ws/install/gui_msgs/include/gui_msgs/gui_msgs/msg/detail/setting_tool__builder.hpp
[3.924s] -- Installing: /home/hoapham/ros2_ws/install/gui_msgs/include/gui_msgs/gui_msgs/msg/trajectory_setting.hpp
[3.924s] -- Installing: /home/hoapham/ros2_ws/install/gui_msgs/include/gui_msgs/gui_msgs/msg/setting_tool.hpp
[3.924s] -- Installing: /home/hoapham/ros2_ws/install/gui_msgs/include/gui_msgs/gui_msgs/msg/auto_process.hpp
[3.924s] -- Up-to-date: /home/hoapham/ros2_ws/install/gui_msgs/include/gui_msgs/gui_msgs/msg/rosidl_generator_cpp__visibility_control.hpp
[3.924s] -- Installing: /home/hoapham/ros2_ws/install/gui_msgs/include/gui_msgs/gui_msgs/msg/setting_params.hpp
[3.924s] -- Up-to-date: /home/hoapham/ros2_ws/install/gui_msgs/include/gui_msgs/gui_msgs/srv
[3.924s] -- Up-to-date: /home/hoapham/ros2_ws/install/gui_msgs/include/gui_msgs/gui_msgs/srv/detail
[3.924s] -- Installing: /home/hoapham/ros2_ws/install/gui_msgs/include/gui_msgs/gui_msgs/srv/detail/trajectory_setting__type_support.hpp
[3.924s] -- Installing: /home/hoapham/ros2_ws/install/gui_msgs/include/gui_msgs/gui_msgs/srv/detail/auto_process__builder.hpp
[3.924s] -- Installing: /home/hoapham/ros2_ws/install/gui_msgs/include/gui_msgs/gui_msgs/srv/detail/setting_params__struct.hpp
[3.925s] -- Installing: /home/hoapham/ros2_ws/install/gui_msgs/include/gui_msgs/gui_msgs/srv/detail/trajectory_setting__traits.hpp
[3.925s] -- Installing: /home/hoapham/ros2_ws/install/gui_msgs/include/gui_msgs/gui_msgs/srv/detail/setting_params__type_support.hpp
[3.925s] -- Installing: /home/hoapham/ros2_ws/install/gui_msgs/include/gui_msgs/gui_msgs/srv/detail/setting_tool__traits.hpp
[3.925s] -- Installing: /home/hoapham/ros2_ws/install/gui_msgs/include/gui_msgs/gui_msgs/srv/detail/setting_tool__type_support.hpp
[3.925s] -- Installing: /home/hoapham/ros2_ws/install/gui_msgs/include/gui_msgs/gui_msgs/srv/detail/trajectory_setting__builder.hpp
[3.925s] -- Installing: /home/hoapham/ros2_ws/install/gui_msgs/include/gui_msgs/gui_msgs/srv/detail/setting_params__traits.hpp
[3.925s] -- Installing: /home/hoapham/ros2_ws/install/gui_msgs/include/gui_msgs/gui_msgs/srv/detail/setting_tool__struct.hpp
[3.925s] -- Installing: /home/hoapham/ros2_ws/install/gui_msgs/include/gui_msgs/gui_msgs/srv/detail/auto_process__type_support.hpp
[3.925s] -- Installing: /home/hoapham/ros2_ws/install/gui_msgs/include/gui_msgs/gui_msgs/srv/detail/setting_params__builder.hpp
[3.926s] -- Installing: /home/hoapham/ros2_ws/install/gui_msgs/include/gui_msgs/gui_msgs/srv/detail/trajectory_setting__struct.hpp
[3.926s] -- Installing: /home/hoapham/ros2_ws/install/gui_msgs/include/gui_msgs/gui_msgs/srv/detail/auto_process__struct.hpp
[3.926s] -- Installing: /home/hoapham/ros2_ws/install/gui_msgs/include/gui_msgs/gui_msgs/srv/detail/auto_process__traits.hpp
[3.926s] -- Installing: /home/hoapham/ros2_ws/install/gui_msgs/include/gui_msgs/gui_msgs/srv/detail/setting_tool__builder.hpp
[3.926s] -- Installing: /home/hoapham/ros2_ws/install/gui_msgs/include/gui_msgs/gui_msgs/srv/trajectory_setting.hpp
[3.926s] -- Installing: /home/hoapham/ros2_ws/install/gui_msgs/include/gui_msgs/gui_msgs/srv/setting_tool.hpp
[3.926s] -- Installing: /home/hoapham/ros2_ws/install/gui_msgs/include/gui_msgs/gui_msgs/srv/auto_process.hpp
[3.926s] -- Installing: /home/hoapham/ros2_ws/install/gui_msgs/include/gui_msgs/gui_msgs/srv/setting_params.hpp
[3.926s] -- Up-to-date: /home/hoapham/ros2_ws/install/gui_msgs/include/gui_msgs/gui_msgs
[3.926s] -- Up-to-date: /home/hoapham/ros2_ws/install/gui_msgs/include/gui_msgs/gui_msgs/msg
[3.926s] -- Up-to-date: /home/hoapham/ros2_ws/install/gui_msgs/include/gui_msgs/gui_msgs/msg/detail
[3.927s] -- Installing: /home/hoapham/ros2_ws/install/gui_msgs/include/gui_msgs/gui_msgs/msg/detail/setting_tool__rosidl_typesupport_fastrtps_cpp.hpp
[3.927s] -- Up-to-date: /home/hoapham/ros2_ws/install/gui_msgs/include/gui_msgs/gui_msgs/msg/detail/dds_fastrtps
[3.927s] -- Installing: /home/hoapham/ros2_ws/install/gui_msgs/include/gui_msgs/gui_msgs/msg/detail/auto_process__rosidl_typesupport_fastrtps_cpp.hpp
[3.927s] -- Installing: /home/hoapham/ros2_ws/install/gui_msgs/include/gui_msgs/gui_msgs/msg/detail/trajectory_setting__rosidl_typesupport_fastrtps_cpp.hpp
[3.927s] -- Installing: /home/hoapham/ros2_ws/install/gui_msgs/include/gui_msgs/gui_msgs/msg/detail/setting_params__rosidl_typesupport_fastrtps_cpp.hpp
[3.927s] -- Up-to-date: /home/hoapham/ros2_ws/install/gui_msgs/include/gui_msgs/gui_msgs/msg/rosidl_typesupport_fastrtps_cpp__visibility_control.h
[3.927s] -- Up-to-date: /home/hoapham/ros2_ws/install/gui_msgs/include/gui_msgs/gui_msgs/srv
[3.927s] -- Up-to-date: /home/hoapham/ros2_ws/install/gui_msgs/include/gui_msgs/gui_msgs/srv/detail
[3.927s] -- Installing: /home/hoapham/ros2_ws/install/gui_msgs/include/gui_msgs/gui_msgs/srv/detail/setting_tool__rosidl_typesupport_fastrtps_cpp.hpp
[3.927s] -- Up-to-date: /home/hoapham/ros2_ws/install/gui_msgs/include/gui_msgs/gui_msgs/srv/detail/dds_fastrtps
[3.927s] -- Installing: /home/hoapham/ros2_ws/install/gui_msgs/include/gui_msgs/gui_msgs/srv/detail/auto_process__rosidl_typesupport_fastrtps_cpp.hpp
[3.927s] -- Installing: /home/hoapham/ros2_ws/install/gui_msgs/include/gui_msgs/gui_msgs/srv/detail/trajectory_setting__rosidl_typesupport_fastrtps_cpp.hpp
[3.927s] -- Installing: /home/hoapham/ros2_ws/install/gui_msgs/include/gui_msgs/gui_msgs/srv/detail/setting_params__rosidl_typesupport_fastrtps_cpp.hpp
[3.928s] -- Installing: /home/hoapham/ros2_ws/install/gui_msgs/lib/libgui_msgs__rosidl_typesupport_fastrtps_cpp.so
[3.928s] -- Set runtime path of "/home/hoapham/ros2_ws/install/gui_msgs/lib/libgui_msgs__rosidl_typesupport_fastrtps_cpp.so" to ""
[3.928s] -- Up-to-date: /home/hoapham/ros2_ws/install/gui_msgs/include/gui_msgs/gui_msgs
[3.928s] -- Up-to-date: /home/hoapham/ros2_ws/install/gui_msgs/include/gui_msgs/gui_msgs/msg
[3.928s] -- Up-to-date: /home/hoapham/ros2_ws/install/gui_msgs/include/gui_msgs/gui_msgs/msg/detail
[3.928s] -- Installing: /home/hoapham/ros2_ws/install/gui_msgs/include/gui_msgs/gui_msgs/msg/detail/trajectory_setting__type_support.c
[3.928s] -- Installing: /home/hoapham/ros2_ws/install/gui_msgs/include/gui_msgs/gui_msgs/msg/detail/auto_process__rosidl_typesupport_introspection_c.h
[3.928s] -- Installing: /home/hoapham/ros2_ws/install/gui_msgs/include/gui_msgs/gui_msgs/msg/detail/trajectory_setting__rosidl_typesupport_introspection_c.h
[3.928s] -- Installing: /home/hoapham/ros2_ws/install/gui_msgs/include/gui_msgs/gui_msgs/msg/detail/setting_tool__type_support.c
[3.929s] -- Installing: /home/hoapham/ros2_ws/install/gui_msgs/include/gui_msgs/gui_msgs/msg/detail/setting_tool__rosidl_typesupport_introspection_c.h
[3.929s] -- Installing: /home/hoapham/ros2_ws/install/gui_msgs/include/gui_msgs/gui_msgs/msg/detail/auto_process__type_support.c
[3.929s] -- Installing: /home/hoapham/ros2_ws/install/gui_msgs/include/gui_msgs/gui_msgs/msg/detail/setting_params__rosidl_typesupport_introspection_c.h
[3.929s] -- Installing: /home/hoapham/ros2_ws/install/gui_msgs/include/gui_msgs/gui_msgs/msg/detail/setting_params__type_support.c
[3.929s] -- Up-to-date: /home/hoapham/ros2_ws/install/gui_msgs/include/gui_msgs/gui_msgs/msg/rosidl_typesupport_introspection_c__visibility_control.h
[3.929s] -- Up-to-date: /home/hoapham/ros2_ws/install/gui_msgs/include/gui_msgs/gui_msgs/srv
[3.929s] -- Up-to-date: /home/hoapham/ros2_ws/install/gui_msgs/include/gui_msgs/gui_msgs/srv/detail
[3.929s] -- Installing: /home/hoapham/ros2_ws/install/gui_msgs/include/gui_msgs/gui_msgs/srv/detail/trajectory_setting__type_support.c
[3.929s] -- Installing: /home/hoapham/ros2_ws/install/gui_msgs/include/gui_msgs/gui_msgs/srv/detail/auto_process__rosidl_typesupport_introspection_c.h
[3.929s] -- Installing: /home/hoapham/ros2_ws/install/gui_msgs/include/gui_msgs/gui_msgs/srv/detail/trajectory_setting__rosidl_typesupport_introspection_c.h
[3.929s] -- Installing: /home/hoapham/ros2_ws/install/gui_msgs/include/gui_msgs/gui_msgs/srv/detail/setting_tool__type_support.c
[3.930s] -- Installing: /home/hoapham/ros2_ws/install/gui_msgs/include/gui_msgs/gui_msgs/srv/detail/setting_tool__rosidl_typesupport_introspection_c.h
[3.930s] -- Installing: /home/hoapham/ros2_ws/install/gui_msgs/include/gui_msgs/gui_msgs/srv/detail/auto_process__type_support.c
[3.930s] -- Installing: /home/hoapham/ros2_ws/install/gui_msgs/include/gui_msgs/gui_msgs/srv/detail/setting_params__rosidl_typesupport_introspection_c.h
[3.930s] -- Installing: /home/hoapham/ros2_ws/install/gui_msgs/include/gui_msgs/gui_msgs/srv/detail/setting_params__type_support.c
[3.930s] -- Installing: /home/hoapham/ros2_ws/install/gui_msgs/lib/libgui_msgs__rosidl_typesupport_introspection_c.so
[3.930s] -- Set runtime path of "/home/hoapham/ros2_ws/install/gui_msgs/lib/libgui_msgs__rosidl_typesupport_introspection_c.so" to ""
[3.931s] -- Installing: /home/hoapham/ros2_ws/install/gui_msgs/lib/libgui_msgs__rosidl_typesupport_c.so
[3.931s] -- Set runtime path of "/home/hoapham/ros2_ws/install/gui_msgs/lib/libgui_msgs__rosidl_typesupport_c.so" to ""
[3.931s] -- Up-to-date: /home/hoapham/ros2_ws/install/gui_msgs/include/gui_msgs/gui_msgs
[3.931s] -- Up-to-date: /home/hoapham/ros2_ws/install/gui_msgs/include/gui_msgs/gui_msgs/msg
[3.931s] -- Up-to-date: /home/hoapham/ros2_ws/install/gui_msgs/include/gui_msgs/gui_msgs/msg/detail
[3.931s] -- Installing: /home/hoapham/ros2_ws/install/gui_msgs/include/gui_msgs/gui_msgs/msg/detail/setting_tool__type_support.cpp
[3.931s] -- Installing: /home/hoapham/ros2_ws/install/gui_msgs/include/gui_msgs/gui_msgs/msg/detail/auto_process__type_support.cpp
[3.931s] -- Installing: /home/hoapham/ros2_ws/install/gui_msgs/include/gui_msgs/gui_msgs/msg/detail/trajectory_setting__type_support.cpp
[3.931s] -- Installing: /home/hoapham/ros2_ws/install/gui_msgs/include/gui_msgs/gui_msgs/msg/detail/setting_params__rosidl_typesupport_introspection_cpp.hpp
[3.931s] -- Installing: /home/hoapham/ros2_ws/install/gui_msgs/include/gui_msgs/gui_msgs/msg/detail/setting_tool__rosidl_typesupport_introspection_cpp.hpp
[3.931s] -- Installing: /home/hoapham/ros2_ws/install/gui_msgs/include/gui_msgs/gui_msgs/msg/detail/auto_process__rosidl_typesupport_introspection_cpp.hpp
[3.932s] -- Installing: /home/hoapham/ros2_ws/install/gui_msgs/include/gui_msgs/gui_msgs/msg/detail/trajectory_setting__rosidl_typesupport_introspection_cpp.hpp
[3.932s] -- Installing: /home/hoapham/ros2_ws/install/gui_msgs/include/gui_msgs/gui_msgs/msg/detail/setting_params__type_support.cpp
[3.932s] -- Up-to-date: /home/hoapham/ros2_ws/install/gui_msgs/include/gui_msgs/gui_msgs/srv
[3.932s] -- Up-to-date: /home/hoapham/ros2_ws/install/gui_msgs/include/gui_msgs/gui_msgs/srv/detail
[3.932s] -- Installing: /home/hoapham/ros2_ws/install/gui_msgs/include/gui_msgs/gui_msgs/srv/detail/setting_tool__type_support.cpp
[3.932s] -- Installing: /home/hoapham/ros2_ws/install/gui_msgs/include/gui_msgs/gui_msgs/srv/detail/auto_process__type_support.cpp
[3.932s] -- Installing: /home/hoapham/ros2_ws/install/gui_msgs/include/gui_msgs/gui_msgs/srv/detail/trajectory_setting__type_support.cpp
[3.932s] -- Installing: /home/hoapham/ros2_ws/install/gui_msgs/include/gui_msgs/gui_msgs/srv/detail/setting_params__rosidl_typesupport_introspection_cpp.hpp
[3.932s] -- Installing: /home/hoapham/ros2_ws/install/gui_msgs/include/gui_msgs/gui_msgs/srv/detail/setting_tool__rosidl_typesupport_introspection_cpp.hpp
[3.932s] -- Installing: /home/hoapham/ros2_ws/install/gui_msgs/include/gui_msgs/gui_msgs/srv/detail/auto_process__rosidl_typesupport_introspection_cpp.hpp
[3.933s] -- Installing: /home/hoapham/ros2_ws/install/gui_msgs/include/gui_msgs/gui_msgs/srv/detail/trajectory_setting__rosidl_typesupport_introspection_cpp.hpp
[3.933s] -- Installing: /home/hoapham/ros2_ws/install/gui_msgs/include/gui_msgs/gui_msgs/srv/detail/setting_params__type_support.cpp
[3.933s] -- Installing: /home/hoapham/ros2_ws/install/gui_msgs/lib/libgui_msgs__rosidl_typesupport_introspection_cpp.so
[3.933s] -- Set runtime path of "/home/hoapham/ros2_ws/install/gui_msgs/lib/libgui_msgs__rosidl_typesupport_introspection_cpp.so" to ""
[3.933s] -- Installing: /home/hoapham/ros2_ws/install/gui_msgs/lib/libgui_msgs__rosidl_typesupport_cpp.so
[3.934s] -- Set runtime path of "/home/hoapham/ros2_ws/install/gui_msgs/lib/libgui_msgs__rosidl_typesupport_cpp.so" to ""
[3.934s] -- Up-to-date: /home/hoapham/ros2_ws/install/gui_msgs/share/gui_msgs/environment/pythonpath.sh
[3.934s] -- Installing: /home/hoapham/ros2_ws/install/gui_msgs/share/gui_msgs/environment/pythonpath.dsv
[3.934s] -- Up-to-date: /home/hoapham/ros2_ws/install/gui_msgs/local/lib/python3.10/dist-packages/gui_msgs-1.1.0-py3.10.egg-info
[3.934s] -- Installing: /home/hoapham/ros2_ws/install/gui_msgs/local/lib/python3.10/dist-packages/gui_msgs-1.1.0-py3.10.egg-info/dependency_links.txt
[3.934s] -- Installing: /home/hoapham/ros2_ws/install/gui_msgs/local/lib/python3.10/dist-packages/gui_msgs-1.1.0-py3.10.egg-info/top_level.txt
[3.934s] -- Installing: /home/hoapham/ros2_ws/install/gui_msgs/local/lib/python3.10/dist-packages/gui_msgs-1.1.0-py3.10.egg-info/SOURCES.txt
[3.934s] -- Installing: /home/hoapham/ros2_ws/install/gui_msgs/local/lib/python3.10/dist-packages/gui_msgs-1.1.0-py3.10.egg-info/PKG-INFO
[3.934s] -- Up-to-date: /home/hoapham/ros2_ws/install/gui_msgs/local/lib/python3.10/dist-packages/gui_msgs
[3.934s] -- Up-to-date: /home/hoapham/ros2_ws/install/gui_msgs/local/lib/python3.10/dist-packages/gui_msgs/msg
[3.934s] -- Installing: /home/hoapham/ros2_ws/install/gui_msgs/local/lib/python3.10/dist-packages/gui_msgs/msg/_setting_params_s.c
[3.934s] -- Installing: /home/hoapham/ros2_ws/install/gui_msgs/local/lib/python3.10/dist-packages/gui_msgs/msg/__init__.py
[3.935s] -- Installing: /home/hoapham/ros2_ws/install/gui_msgs/local/lib/python3.10/dist-packages/gui_msgs/msg/_auto_process.py
[3.935s] -- Installing: /home/hoapham/ros2_ws/install/gui_msgs/local/lib/python3.10/dist-packages/gui_msgs/msg/_auto_process_s.c
[3.935s] -- Installing: /home/hoapham/ros2_ws/install/gui_msgs/local/lib/python3.10/dist-packages/gui_msgs/msg/_setting_tool.py
[3.935s] -- Installing: /home/hoapham/ros2_ws/install/gui_msgs/local/lib/python3.10/dist-packages/gui_msgs/msg/_setting_params.py
[3.935s] -- Installing: /home/hoapham/ros2_ws/install/gui_msgs/local/lib/python3.10/dist-packages/gui_msgs/msg/_trajectory_setting.py
[3.935s] -- Installing: /home/hoapham/ros2_ws/install/gui_msgs/local/lib/python3.10/dist-packages/gui_msgs/msg/_setting_tool_s.c
[3.935s] -- Installing: /home/hoapham/ros2_ws/install/gui_msgs/local/lib/python3.10/dist-packages/gui_msgs/msg/_trajectory_setting_s.c
[3.935s] -- Installing: /home/hoapham/ros2_ws/install/gui_msgs/local/lib/python3.10/dist-packages/gui_msgs/__init__.py
[3.935s] -- Installing: /home/hoapham/ros2_ws/install/gui_msgs/local/lib/python3.10/dist-packages/gui_msgs/libgui_msgs__rosidl_generator_py.so
[3.936s] -- Up-to-date: /home/hoapham/ros2_ws/install/gui_msgs/local/lib/python3.10/dist-packages/gui_msgs/srv
[3.936s] -- Installing: /home/hoapham/ros2_ws/install/gui_msgs/local/lib/python3.10/dist-packages/gui_msgs/srv/_setting_params_s.c
[3.936s] -- Installing: /home/hoapham/ros2_ws/install/gui_msgs/local/lib/python3.10/dist-packages/gui_msgs/srv/__init__.py
[3.936s] -- Installing: /home/hoapham/ros2_ws/install/gui_msgs/local/lib/python3.10/dist-packages/gui_msgs/srv/_auto_process.py
[3.936s] -- Installing: /home/hoapham/ros2_ws/install/gui_msgs/local/lib/python3.10/dist-packages/gui_msgs/srv/_auto_process_s.c
[3.936s] -- Installing: /home/hoapham/ros2_ws/install/gui_msgs/local/lib/python3.10/dist-packages/gui_msgs/srv/_setting_tool.py
[3.936s] -- Installing: /home/hoapham/ros2_ws/install/gui_msgs/local/lib/python3.10/dist-packages/gui_msgs/srv/_setting_params.py
[3.936s] -- Installing: /home/hoapham/ros2_ws/install/gui_msgs/local/lib/python3.10/dist-packages/gui_msgs/srv/_trajectory_setting.py
[3.936s] -- Installing: /home/hoapham/ros2_ws/install/gui_msgs/local/lib/python3.10/dist-packages/gui_msgs/srv/_setting_tool_s.c
[3.936s] -- Installing: /home/hoapham/ros2_ws/install/gui_msgs/local/lib/python3.10/dist-packages/gui_msgs/srv/_trajectory_setting_s.c
[3.937s] -- Installing: /home/hoapham/ros2_ws/install/gui_msgs/local/lib/python3.10/dist-packages/gui_msgs/gui_msgs_s__rosidl_typesupport_fastrtps_c.cpython-310-x86_64-linux-gnu.so
[3.937s] -- Installing: /home/hoapham/ros2_ws/install/gui_msgs/local/lib/python3.10/dist-packages/gui_msgs/_gui_msgs_s.ep.rosidl_typesupport_fastrtps_c.c
[3.937s] -- Installing: /home/hoapham/ros2_ws/install/gui_msgs/local/lib/python3.10/dist-packages/gui_msgs/_gui_msgs_s.ep.rosidl_typesupport_c.c
[3.937s] -- Installing: /home/hoapham/ros2_ws/install/gui_msgs/local/lib/python3.10/dist-packages/gui_msgs/_gui_msgs_s.ep.rosidl_typesupport_introspection_c.c
[3.937s] -- Installing: /home/hoapham/ros2_ws/install/gui_msgs/local/lib/python3.10/dist-packages/gui_msgs/gui_msgs_s__rosidl_typesupport_introspection_c.cpython-310-x86_64-linux-gnu.so
[3.937s] -- Installing: /home/hoapham/ros2_ws/install/gui_msgs/local/lib/python3.10/dist-packages/gui_msgs/gui_msgs_s__rosidl_typesupport_c.cpython-310-x86_64-linux-gnu.so
[3.971s] Listing '/home/hoapham/ros2_ws/install/gui_msgs/local/lib/python3.10/dist-packages/gui_msgs'...
[3.971s] Compiling '/home/hoapham/ros2_ws/install/gui_msgs/local/lib/python3.10/dist-packages/gui_msgs/__init__.py'...
[3.971s] Listing '/home/hoapham/ros2_ws/install/gui_msgs/local/lib/python3.10/dist-packages/gui_msgs/msg'...
[3.971s] Compiling '/home/hoapham/ros2_ws/install/gui_msgs/local/lib/python3.10/dist-packages/gui_msgs/msg/__init__.py'...
[3.971s] Compiling '/home/hoapham/ros2_ws/install/gui_msgs/local/lib/python3.10/dist-packages/gui_msgs/msg/_auto_process.py'...
[3.971s] Compiling '/home/hoapham/ros2_ws/install/gui_msgs/local/lib/python3.10/dist-packages/gui_msgs/msg/_setting_params.py'...
[3.971s] Compiling '/home/hoapham/ros2_ws/install/gui_msgs/local/lib/python3.10/dist-packages/gui_msgs/msg/_setting_tool.py'...
[3.971s] Compiling '/home/hoapham/ros2_ws/install/gui_msgs/local/lib/python3.10/dist-packages/gui_msgs/msg/_trajectory_setting.py'...
[3.971s] Listing '/home/hoapham/ros2_ws/install/gui_msgs/local/lib/python3.10/dist-packages/gui_msgs/srv'...
[3.971s] Compiling '/home/hoapham/ros2_ws/install/gui_msgs/local/lib/python3.10/dist-packages/gui_msgs/srv/__init__.py'...
[3.971s] Compiling '/home/hoapham/ros2_ws/install/gui_msgs/local/lib/python3.10/dist-packages/gui_msgs/srv/_auto_process.py'...
[3.972s] Compiling '/home/hoapham/ros2_ws/install/gui_msgs/local/lib/python3.10/dist-packages/gui_msgs/srv/_setting_params.py'...
[3.972s] Compiling '/home/hoapham/ros2_ws/install/gui_msgs/local/lib/python3.10/dist-packages/gui_msgs/srv/_setting_tool.py'...
[3.972s] Compiling '/home/hoapham/ros2_ws/install/gui_msgs/local/lib/python3.10/dist-packages/gui_msgs/srv/_trajectory_setting.py'...
[3.974s] -- Installing: /home/hoapham/ros2_ws/install/gui_msgs/local/lib/python3.10/dist-packages/gui_msgs/gui_msgs_s__rosidl_typesupport_fastrtps_c.cpython-310-x86_64-linux-gnu.so
[3.974s] -- Set runtime path of "/home/hoapham/ros2_ws/install/gui_msgs/local/lib/python3.10/dist-packages/gui_msgs/gui_msgs_s__rosidl_typesupport_fastrtps_c.cpython-310-x86_64-linux-gnu.so" to ""
[3.974s] -- Installing: /home/hoapham/ros2_ws/install/gui_msgs/local/lib/python3.10/dist-packages/gui_msgs/gui_msgs_s__rosidl_typesupport_introspection_c.cpython-310-x86_64-linux-gnu.so
[3.974s] -- Set runtime path of "/home/hoapham/ros2_ws/install/gui_msgs/local/lib/python3.10/dist-packages/gui_msgs/gui_msgs_s__rosidl_typesupport_introspection_c.cpython-310-x86_64-linux-gnu.so" to ""
[3.975s] -- Installing: /home/hoapham/ros2_ws/install/gui_msgs/local/lib/python3.10/dist-packages/gui_msgs/gui_msgs_s__rosidl_typesupport_c.cpython-310-x86_64-linux-gnu.so
[3.975s] -- Set runtime path of "/home/hoapham/ros2_ws/install/gui_msgs/local/lib/python3.10/dist-packages/gui_msgs/gui_msgs_s__rosidl_typesupport_c.cpython-310-x86_64-linux-gnu.so" to ""
[3.975s] -- Installing: /home/hoapham/ros2_ws/install/gui_msgs/lib/libgui_msgs__rosidl_generator_py.so
[3.975s] -- Set runtime path of "/home/hoapham/ros2_ws/install/gui_msgs/lib/libgui_msgs__rosidl_generator_py.so" to ""
[3.975s] -- Up-to-date: /home/hoapham/ros2_ws/install/gui_msgs/share/gui_msgs/msg/SettingParams.idl
[3.975s] -- Up-to-date: /home/hoapham/ros2_ws/install/gui_msgs/share/gui_msgs/msg/SettingTool.idl
[3.975s] -- Up-to-date: /home/hoapham/ros2_ws/install/gui_msgs/share/gui_msgs/msg/TrajectorySetting.idl
[3.975s] -- Up-to-date: /home/hoapham/ros2_ws/install/gui_msgs/share/gui_msgs/msg/AutoProcess.idl
[3.975s] -- Up-to-date: /home/hoapham/ros2_ws/install/gui_msgs/share/gui_msgs/srv/SettingParams.idl
[3.975s] -- Up-to-date: /home/hoapham/ros2_ws/install/gui_msgs/share/gui_msgs/srv/SettingTool.idl
[3.976s] -- Up-to-date: /home/hoapham/ros2_ws/install/gui_msgs/share/gui_msgs/srv/TrajectorySetting.idl
[3.976s] -- Installing: /home/hoapham/ros2_ws/install/gui_msgs/share/gui_msgs/srv/AutoProcess.idl
[3.976s] -- Up-to-date: /home/hoapham/ros2_ws/install/gui_msgs/share/gui_msgs/msg/SettingParams.msg
[3.976s] -- Up-to-date: /home/hoapham/ros2_ws/install/gui_msgs/share/gui_msgs/msg/SettingTool.msg
[3.976s] -- Up-to-date: /home/hoapham/ros2_ws/install/gui_msgs/share/gui_msgs/msg/TrajectorySetting.msg
[3.976s] -- Up-to-date: /home/hoapham/ros2_ws/install/gui_msgs/share/gui_msgs/msg/AutoProcess.msg
[3.976s] -- Up-to-date: /home/hoapham/ros2_ws/install/gui_msgs/share/gui_msgs/srv/SettingParams.srv
[3.976s] -- Up-to-date: /home/hoapham/ros2_ws/install/gui_msgs/share/gui_msgs/srv/SettingParams_Request.msg
[3.976s] -- Up-to-date: /home/hoapham/ros2_ws/install/gui_msgs/share/gui_msgs/srv/SettingParams_Response.msg
[3.976s] -- Up-to-date: /home/hoapham/ros2_ws/install/gui_msgs/share/gui_msgs/srv/SettingTool.srv
[3.976s] -- Up-to-date: /home/hoapham/ros2_ws/install/gui_msgs/share/gui_msgs/srv/SettingTool_Request.msg
[3.976s] -- Up-to-date: /home/hoapham/ros2_ws/install/gui_msgs/share/gui_msgs/srv/SettingTool_Response.msg
[3.976s] -- Up-to-date: /home/hoapham/ros2_ws/install/gui_msgs/share/gui_msgs/srv/TrajectorySetting.srv
[3.976s] -- Up-to-date: /home/hoapham/ros2_ws/install/gui_msgs/share/gui_msgs/srv/TrajectorySetting_Request.msg
[3.976s] -- Up-to-date: /home/hoapham/ros2_ws/install/gui_msgs/share/gui_msgs/srv/TrajectorySetting_Response.msg
[3.976s] -- Installing: /home/hoapham/ros2_ws/install/gui_msgs/share/gui_msgs/srv/AutoProcess.srv
[3.976s] -- Installing: /home/hoapham/ros2_ws/install/gui_msgs/share/gui_msgs/srv/AutoProcess_Request.msg
[3.976s] -- Installing: /home/hoapham/ros2_ws/install/gui_msgs/share/gui_msgs/srv/AutoProcess_Response.msg
[3.976s] -- Up-to-date: /home/hoapham/ros2_ws/install/gui_msgs/share/ament_index/resource_index/package_run_dependencies/gui_msgs
[3.976s] -- Up-to-date: /home/hoapham/ros2_ws/install/gui_msgs/share/ament_index/resource_index/parent_prefix_path/gui_msgs
[3.976s] -- Up-to-date: /home/hoapham/ros2_ws/install/gui_msgs/share/gui_msgs/environment/ament_prefix_path.sh
[3.976s] -- Installing: /home/hoapham/ros2_ws/install/gui_msgs/share/gui_msgs/environment/ament_prefix_path.dsv
[3.976s] -- Up-to-date: /home/hoapham/ros2_ws/install/gui_msgs/share/gui_msgs/environment/path.sh
[3.976s] -- Installing: /home/hoapham/ros2_ws/install/gui_msgs/share/gui_msgs/environment/path.dsv
[3.977s] -- Up-to-date: /home/hoapham/ros2_ws/install/gui_msgs/share/gui_msgs/local_setup.bash
[3.977s] -- Up-to-date: /home/hoapham/ros2_ws/install/gui_msgs/share/gui_msgs/local_setup.sh
[3.977s] -- Up-to-date: /home/hoapham/ros2_ws/install/gui_msgs/share/gui_msgs/local_setup.zsh
[3.977s] -- Installing: /home/hoapham/ros2_ws/install/gui_msgs/share/gui_msgs/local_setup.dsv
[3.977s] -- Installing: /home/hoapham/ros2_ws/install/gui_msgs/share/gui_msgs/package.dsv
[3.977s] -- Up-to-date: /home/hoapham/ros2_ws/install/gui_msgs/share/ament_index/resource_index/packages/gui_msgs
[3.977s] -- Up-to-date: /home/hoapham/ros2_ws/install/gui_msgs/share/gui_msgs/cmake/export_gui_msgs__rosidl_generator_cExport.cmake
[3.977s] -- Up-to-date: /home/hoapham/ros2_ws/install/gui_msgs/share/gui_msgs/cmake/export_gui_msgs__rosidl_generator_cExport-noconfig.cmake
[3.977s] -- Up-to-date: /home/hoapham/ros2_ws/install/gui_msgs/share/gui_msgs/cmake/export_gui_msgs__rosidl_typesupport_fastrtps_cExport.cmake
[3.977s] -- Up-to-date: /home/hoapham/ros2_ws/install/gui_msgs/share/gui_msgs/cmake/export_gui_msgs__rosidl_typesupport_fastrtps_cExport-noconfig.cmake
[3.977s] -- Up-to-date: /home/hoapham/ros2_ws/install/gui_msgs/share/gui_msgs/cmake/export_gui_msgs__rosidl_generator_cppExport.cmake
[3.977s] -- Up-to-date: /home/hoapham/ros2_ws/install/gui_msgs/share/gui_msgs/cmake/export_gui_msgs__rosidl_typesupport_fastrtps_cppExport.cmake
[3.977s] -- Up-to-date: /home/hoapham/ros2_ws/install/gui_msgs/share/gui_msgs/cmake/export_gui_msgs__rosidl_typesupport_fastrtps_cppExport-noconfig.cmake
[3.977s] -- Up-to-date: /home/hoapham/ros2_ws/install/gui_msgs/share/gui_msgs/cmake/gui_msgs__rosidl_typesupport_introspection_cExport.cmake
[3.977s] -- Up-to-date: /home/hoapham/ros2_ws/install/gui_msgs/share/gui_msgs/cmake/gui_msgs__rosidl_typesupport_introspection_cExport-noconfig.cmake
[3.977s] -- Up-to-date: /home/hoapham/ros2_ws/install/gui_msgs/share/gui_msgs/cmake/gui_msgs__rosidl_typesupport_cExport.cmake
[3.977s] -- Up-to-date: /home/hoapham/ros2_ws/install/gui_msgs/share/gui_msgs/cmake/gui_msgs__rosidl_typesupport_cExport-noconfig.cmake
[3.977s] -- Up-to-date: /home/hoapham/ros2_ws/install/gui_msgs/share/gui_msgs/cmake/gui_msgs__rosidl_typesupport_introspection_cppExport.cmake
[3.977s] -- Up-to-date: /home/hoapham/ros2_ws/install/gui_msgs/share/gui_msgs/cmake/gui_msgs__rosidl_typesupport_introspection_cppExport-noconfig.cmake
[3.977s] -- Up-to-date: /home/hoapham/ros2_ws/install/gui_msgs/share/gui_msgs/cmake/gui_msgs__rosidl_typesupport_cppExport.cmake
[3.977s] -- Up-to-date: /home/hoapham/ros2_ws/install/gui_msgs/share/gui_msgs/cmake/gui_msgs__rosidl_typesupport_cppExport-noconfig.cmake
[3.978s] -- Up-to-date: /home/hoapham/ros2_ws/install/gui_msgs/share/gui_msgs/cmake/export_gui_msgs__rosidl_generator_pyExport.cmake
[3.978s] -- Up-to-date: /home/hoapham/ros2_ws/install/gui_msgs/share/gui_msgs/cmake/export_gui_msgs__rosidl_generator_pyExport-noconfig.cmake
[3.978s] -- Installing: /home/hoapham/ros2_ws/install/gui_msgs/share/gui_msgs/cmake/rosidl_cmake-extras.cmake
[3.978s] -- Up-to-date: /home/hoapham/ros2_ws/install/gui_msgs/share/gui_msgs/cmake/ament_cmake_export_dependencies-extras.cmake
[3.978s] -- Up-to-date: /home/hoapham/ros2_ws/install/gui_msgs/share/gui_msgs/cmake/ament_cmake_export_include_directories-extras.cmake
[3.978s] -- Up-to-date: /home/hoapham/ros2_ws/install/gui_msgs/share/gui_msgs/cmake/ament_cmake_export_libraries-extras.cmake
[3.978s] -- Up-to-date: /home/hoapham/ros2_ws/install/gui_msgs/share/gui_msgs/cmake/ament_cmake_export_targets-extras.cmake
[3.978s] -- Up-to-date: /home/hoapham/ros2_ws/install/gui_msgs/share/gui_msgs/cmake/rosidl_cmake_export_typesupport_targets-extras.cmake
[3.978s] -- Up-to-date: /home/hoapham/ros2_ws/install/gui_msgs/share/gui_msgs/cmake/rosidl_cmake_export_typesupport_libraries-extras.cmake
[3.978s] -- Up-to-date: /home/hoapham/ros2_ws/install/gui_msgs/share/gui_msgs/cmake/gui_msgsConfig.cmake
[3.978s] -- Up-to-date: /home/hoapham/ros2_ws/install/gui_msgs/share/gui_msgs/cmake/gui_msgsConfig-version.cmake
[3.978s] -- Up-to-date: /home/hoapham/ros2_ws/install/gui_msgs/share/gui_msgs/package.xml
[3.980s] Invoked command in '/home/hoapham/ros2_ws/build/gui_msgs' returned '0': CMAKE_PREFIX_PATH=${CMAKE_PREFIX_PATH}:/opt/ros/humble /usr/bin/cmake --install /home/hoapham/ros2_ws/build/gui_msgs
