[ 12%] [34m[1mAutomatic MOC and UIC for target gui[0m
[ 12%] Built target gui_autogen
[35m[1mConsolidate compiler generated dependencies of target gui[0m
[ 25%] [32mBuilding CXX object CMakeFiles/gui.dir/src/main.cpp.o[0m
[01m[K/home/hoapham/ros2_ws/src/gui/src/main.cpp:[m[K In lambda function:
[01m[K/home/hoapham/ros2_ws/src/gui/src/main.cpp:43:128:[m[K [01;31m[Kerror: [m[K‘[01m[KFalse[m[K’ was not declared in this scope; did you mean ‘[01m[KQCborSimpleType::False[m[K’?
   43 | createDisplay("rviz_default_plugins/RobotModel", "Robot Model", [01;31m[KFalse[m[K);
      |                                                                 [01;31m[K^~~~~[m[K
      |                                                                 [32m[KQCborSimpleType::False[m[K
In file included from [01m[K/usr/include/x86_64-linux-gnu/qt5/QtCore/qcborvalue.h:45[m[K,
                 from [01m[K/usr/include/x86_64-linux-gnu/qt5/QtCore/qcborarray.h:43[m[K,
                 from [01m[K/usr/include/x86_64-linux-gnu/qt5/QtCore/QtCore:38[m[K,
                 from [01m[K/usr/include/x86_64-linux-gnu/qt5/QtMultimedia/QtMultimediaDepends:3[m[K,
                 from [01m[K/usr/include/x86_64-linux-gnu/qt5/QtMultimedia/QtMultimedia:3[m[K,
                 from [01m[K/home/hoapham/ros2_ws/src/gui/include/gui/hello_gui.h:6[m[K,
                 from [01m[K/home/hoapham/ros2_ws/src/gui/src/main.cpp:4[m[K:
[01m[K/usr/include/x86_64-linux-gnu/qt5/QtCore/qcborcommon.h:61:5:[m[K [01;36m[Knote: [m[K‘[01m[KQCborSimpleType::False[m[K’ declared here
   61 |     [01;36m[KFalse[m[K = 20,
      |     [01;36m[K^~~~~[m[K
[01m[K/home/hoapham/ros2_ws/src/gui/src/main.cpp:53:117:[m[K [01;31m[Kerror: [m[K‘[01m[KTrue[m[K’ was not declared in this scope; did you mean ‘[01m[KQCborSimpleType::True[m[K’?
   53 | >createDisplay("rviz_default_plugins/RobotModel", "Robot Model", [01;31m[KTrue[m[K);
      |                                                                  [01;31m[K^~~~[m[K
      |                                                                  [32m[KQCborSimpleType::True[m[K
In file included from [01m[K/usr/include/x86_64-linux-gnu/qt5/QtCore/qcborvalue.h:45[m[K,
                 from [01m[K/usr/include/x86_64-linux-gnu/qt5/QtCore/qcborarray.h:43[m[K,
                 from [01m[K/usr/include/x86_64-linux-gnu/qt5/QtCore/QtCore:38[m[K,
                 from [01m[K/usr/include/x86_64-linux-gnu/qt5/QtMultimedia/QtMultimediaDepends:3[m[K,
                 from [01m[K/usr/include/x86_64-linux-gnu/qt5/QtMultimedia/QtMultimedia:3[m[K,
                 from [01m[K/home/hoapham/ros2_ws/src/gui/include/gui/hello_gui.h:6[m[K,
                 from [01m[K/home/hoapham/ros2_ws/src/gui/src/main.cpp:4[m[K:
[01m[K/usr/include/x86_64-linux-gnu/qt5/QtCore/qcborcommon.h:62:5:[m[K [01;36m[Knote: [m[K‘[01m[KQCborSimpleType::True[m[K’ declared here
   62 |     [01;36m[KTrue[m[K = 21,
      |     [01;36m[K^~~~[m[K
gmake[2]: *** [CMakeFiles/gui.dir/build.make:90: CMakeFiles/gui.dir/src/main.cpp.o] Error 1
gmake[1]: *** [CMakeFiles/Makefile2:138: CMakeFiles/gui.dir/all] Error 2
gmake: *** [Makefile:146: all] Error 2
