[35m[1mConsolidate compiler generated dependencies of target ur_msgs__rosidl_generator_c[0m
[  0%] Built target ur_msgs__cpp
[ 12%] Built target ur_msgs__rosidl_generator_c
[ 12%] Built target ament_cmake_python_copy_ur_msgs
[35m[1mConsolidate compiler generated dependencies of target ur_msgs__rosidl_typesupport_fastrtps_cpp[0m
[35m[1mConsolidate compiler generated dependencies of target ur_msgs__rosidl_typesupport_cpp[0m
[35m[1mConsolidate compiler generated dependencies of target ur_msgs__rosidl_typesupport_introspection_cpp[0m
[35m[1mConsolidate compiler generated dependencies of target ur_msgs__rosidl_typesupport_introspection_c[0m
[35m[1mConsolidate compiler generated dependencies of target ur_msgs__rosidl_typesupport_c[0m
[35m[1mConsolidate compiler generated dependencies of target ur_msgs__rosidl_typesupport_fastrtps_c[0m
[ 13%] [32mBuilding C object CMakeFiles/ur_msgs__rosidl_typesupport_introspection_c.dir/rosidl_typesupport_introspection_c/ur_msgs/msg/detail/io_states__type_support.c.o[0m
[ 13%] [32mBuilding CXX object CMakeFiles/ur_msgs__rosidl_typesupport_fastrtps_cpp.dir/rosidl_typesupport_fastrtps_cpp/ur_msgs/msg/detail/dds_fastrtps/tool_data_msg__type_support.cpp.o[0m
[ 13%] [32mBuilding CXX object CMakeFiles/ur_msgs__rosidl_typesupport_fastrtps_cpp.dir/rosidl_typesupport_fastrtps_cpp/ur_msgs/srv/detail/dds_fastrtps/set_analog_output__type_support.cpp.o[0m
[ 25%] Built target ur_msgs__rosidl_typesupport_c
[ 26%] [32mBuilding CXX object CMakeFiles/ur_msgs__rosidl_typesupport_cpp.dir/rosidl_typesupport_cpp/ur_msgs/srv/set_force_mode__type_support.cpp.o[0m
[ 28%] [32m[1mLinking CXX shared library libur_msgs__rosidl_typesupport_introspection_cpp.so[0m
[ 28%] [32mBuilding CXX object CMakeFiles/ur_msgs__rosidl_typesupport_fastrtps_c.dir/rosidl_typesupport_fastrtps_c/ur_msgs/srv/detail/set_analog_output__type_support_c.cpp.o[0m
[ 29%] [32mBuilding CXX object CMakeFiles/ur_msgs__rosidl_typesupport_fastrtps_cpp.dir/rosidl_typesupport_fastrtps_cpp/ur_msgs/srv/detail/dds_fastrtps/set_payload__type_support.cpp.o[0m
[ 30%] [32mBuilding C object CMakeFiles/ur_msgs__rosidl_typesupport_introspection_c.dir/rosidl_typesupport_introspection_c/ur_msgs/msg/detail/robot_state_rt_msg__type_support.c.o[0m
[ 41%] Built target ur_msgs__rosidl_typesupport_introspection_cpp
[ 42%] [32mBuilding CXX object CMakeFiles/ur_msgs__rosidl_typesupport_fastrtps_cpp.dir/rosidl_typesupport_fastrtps_cpp/ur_msgs/srv/detail/dds_fastrtps/set_speed_slider_fraction__type_support.cpp.o[0m
[ 43%] [32mBuilding C object CMakeFiles/ur_msgs__rosidl_typesupport_introspection_c.dir/rosidl_typesupport_introspection_c/ur_msgs/msg/detail/masterboard_data_msg__type_support.c.o[0m
[ 44%] [32mBuilding C object CMakeFiles/ur_msgs__rosidl_typesupport_introspection_c.dir/rosidl_typesupport_introspection_c/ur_msgs/msg/detail/robot_mode_data_msg__type_support.c.o[0m
[ 44%] [32mBuilding C object CMakeFiles/ur_msgs__rosidl_typesupport_introspection_c.dir/rosidl_typesupport_introspection_c/ur_msgs/msg/detail/tool_data_msg__type_support.c.o[0m
running egg_info
writing ur_msgs.egg-info/PKG-INFO
writing dependency_links to ur_msgs.egg-info/dependency_links.txt
writing top-level names to ur_msgs.egg-info/top_level.txt
reading manifest file 'ur_msgs.egg-info/SOURCES.txt'
writing manifest file 'ur_msgs.egg-info/SOURCES.txt'
[ 45%] [32mBuilding C object CMakeFiles/ur_msgs__rosidl_typesupport_introspection_c.dir/rosidl_typesupport_introspection_c/ur_msgs/srv/detail/set_analog_output__type_support.c.o[0m
[ 45%] Built target ament_cmake_python_build_ur_msgs_egg
[ 45%] [32mBuilding CXX object CMakeFiles/ur_msgs__rosidl_typesupport_cpp.dir/rosidl_typesupport_cpp/ur_msgs/action/tool_contact__type_support.cpp.o[0m
[ 47%] [32mBuilding CXX object CMakeFiles/ur_msgs__rosidl_typesupport_fastrtps_c.dir/rosidl_typesupport_fastrtps_c/ur_msgs/srv/detail/set_payload__type_support_c.cpp.o[0m
[ 47%] [32mBuilding C object CMakeFiles/ur_msgs__rosidl_typesupport_introspection_c.dir/rosidl_typesupport_introspection_c/ur_msgs/srv/detail/set_payload__type_support.c.o[0m
[ 47%] [32mBuilding C object CMakeFiles/ur_msgs__rosidl_typesupport_introspection_c.dir/rosidl_typesupport_introspection_c/ur_msgs/srv/detail/set_speed_slider_fraction__type_support.c.o[0m
[ 47%] [32mBuilding CXX object CMakeFiles/ur_msgs__rosidl_typesupport_fastrtps_c.dir/rosidl_typesupport_fastrtps_c/ur_msgs/srv/detail/set_speed_slider_fraction__type_support_c.cpp.o[0m
[ 48%] [32mBuilding C object CMakeFiles/ur_msgs__rosidl_typesupport_introspection_c.dir/rosidl_typesupport_introspection_c/ur_msgs/srv/detail/set_io__type_support.c.o[0m
[ 48%] [32mBuilding CXX object CMakeFiles/ur_msgs__rosidl_typesupport_fastrtps_cpp.dir/rosidl_typesupport_fastrtps_cpp/ur_msgs/srv/detail/dds_fastrtps/set_io__type_support.cpp.o[0m
[ 49%] [32mBuilding CXX object CMakeFiles/ur_msgs__rosidl_typesupport_fastrtps_cpp.dir/rosidl_typesupport_fastrtps_cpp/ur_msgs/srv/detail/dds_fastrtps/get_robot_software_version__type_support.cpp.o[0m
[ 50%] [32mBuilding CXX object CMakeFiles/ur_msgs__rosidl_typesupport_fastrtps_cpp.dir/rosidl_typesupport_fastrtps_cpp/ur_msgs/srv/detail/dds_fastrtps/set_force_mode__type_support.cpp.o[0m
[ 51%] [32mBuilding C object CMakeFiles/ur_msgs__rosidl_typesupport_introspection_c.dir/rosidl_typesupport_introspection_c/ur_msgs/srv/detail/get_robot_software_version__type_support.c.o[0m
[ 52%] [32mBuilding C object CMakeFiles/ur_msgs__rosidl_typesupport_introspection_c.dir/rosidl_typesupport_introspection_c/ur_msgs/srv/detail/set_force_mode__type_support.c.o[0m
[ 52%] [32mBuilding C object CMakeFiles/ur_msgs__rosidl_typesupport_introspection_c.dir/rosidl_typesupport_introspection_c/ur_msgs/action/detail/tool_contact__type_support.c.o[0m
[ 53%] [32mBuilding CXX object CMakeFiles/ur_msgs__rosidl_typesupport_fastrtps_cpp.dir/rosidl_typesupport_fastrtps_cpp/ur_msgs/action/detail/dds_fastrtps/tool_contact__type_support.cpp.o[0m
[ 54%] [32m[1mLinking C shared library libur_msgs__rosidl_typesupport_introspection_c.so[0m
[ 57%] Built target ur_msgs__rosidl_typesupport_introspection_c
[ 58%] [32mBuilding CXX object CMakeFiles/ur_msgs__rosidl_typesupport_fastrtps_c.dir/rosidl_typesupport_fastrtps_c/ur_msgs/srv/detail/set_io__type_support_c.cpp.o[0m
[ 59%] [32mBuilding CXX object CMakeFiles/ur_msgs__rosidl_typesupport_fastrtps_c.dir/rosidl_typesupport_fastrtps_c/ur_msgs/srv/detail/get_robot_software_version__type_support_c.cpp.o[0m
[ 60%] [32mBuilding CXX object CMakeFiles/ur_msgs__rosidl_typesupport_fastrtps_c.dir/rosidl_typesupport_fastrtps_c/ur_msgs/srv/detail/set_force_mode__type_support_c.cpp.o[0m
[ 61%] [32m[1mLinking CXX shared library libur_msgs__rosidl_typesupport_cpp.so[0m
[ 71%] Built target ur_msgs__rosidl_typesupport_cpp
[ 71%] [32mBuilding CXX object CMakeFiles/ur_msgs__rosidl_typesupport_fastrtps_c.dir/rosidl_typesupport_fastrtps_c/ur_msgs/action/detail/tool_contact__type_support_c.cpp.o[0m
[ 71%] [32m[1mLinking CXX shared library libur_msgs__rosidl_typesupport_fastrtps_cpp.so[0m
[ 72%] [32m[1mLinking CXX shared library libur_msgs__rosidl_typesupport_fastrtps_c.so[0m
[ 78%] Built target ur_msgs__rosidl_typesupport_fastrtps_cpp
[ 84%] Built target ur_msgs__rosidl_typesupport_fastrtps_c
[ 84%] Built target ur_msgs
[ 85%] [34m[1mGenerating Python code for ROS interfaces[0m
[ 85%] Built target ur_msgs__py
[ 89%] [32mBuilding C object CMakeFiles/ur_msgs__rosidl_generator_py.dir/rosidl_generator_py/ur_msgs/msg/_tool_data_msg_s.c.o[0m
[ 89%] [32mBuilding C object CMakeFiles/ur_msgs__rosidl_generator_py.dir/rosidl_generator_py/ur_msgs/msg/_analog_s.c.o[0m
[ 89%] [32mBuilding C object CMakeFiles/ur_msgs__rosidl_generator_py.dir/rosidl_generator_py/ur_msgs/msg/_robot_mode_data_msg_s.c.o[0m
[ 89%] [32mBuilding C object CMakeFiles/ur_msgs__rosidl_generator_py.dir/rosidl_generator_py/ur_msgs/msg/_masterboard_data_msg_s.c.o[0m
[ 89%] [32mBuilding C object CMakeFiles/ur_msgs__rosidl_generator_py.dir/rosidl_generator_py/ur_msgs/srv/_set_analog_output_s.c.o[0m
[ 89%] [32mBuilding C object CMakeFiles/ur_msgs__rosidl_generator_py.dir/rosidl_generator_py/ur_msgs/msg/_digital_s.c.o[0m
[ 90%] [32mBuilding C object CMakeFiles/ur_msgs__rosidl_generator_py.dir/rosidl_generator_py/ur_msgs/msg/_io_states_s.c.o[0m
[ 91%] [32mBuilding C object CMakeFiles/ur_msgs__rosidl_generator_py.dir/rosidl_generator_py/ur_msgs/msg/_robot_state_rt_msg_s.c.o[0m
[ 93%] [32mBuilding C object CMakeFiles/ur_msgs__rosidl_generator_py.dir/rosidl_generator_py/ur_msgs/srv/_set_io_s.c.o[0m
[ 93%] [32mBuilding C object CMakeFiles/ur_msgs__rosidl_generator_py.dir/rosidl_generator_py/ur_msgs/srv/_set_payload_s.c.o[0m
[ 93%] [32mBuilding C object CMakeFiles/ur_msgs__rosidl_generator_py.dir/rosidl_generator_py/ur_msgs/srv/_set_speed_slider_fraction_s.c.o[0m
[ 94%] [32mBuilding C object CMakeFiles/ur_msgs__rosidl_generator_py.dir/rosidl_generator_py/ur_msgs/srv/_get_robot_software_version_s.c.o[0m
[ 95%] [32mBuilding C object CMakeFiles/ur_msgs__rosidl_generator_py.dir/rosidl_generator_py/ur_msgs/action/_tool_contact_s.c.o[0m
[ 95%] [32mBuilding C object CMakeFiles/ur_msgs__rosidl_generator_py.dir/rosidl_generator_py/ur_msgs/srv/_set_force_mode_s.c.o[0m
[ 96%] [32m[1mLinking C shared library rosidl_generator_py/ur_msgs/libur_msgs__rosidl_generator_py.so[0m
[ 96%] Built target ur_msgs__rosidl_generator_py
[ 97%] [32mBuilding C object CMakeFiles/ur_msgs__rosidl_typesupport_c__pyext.dir/rosidl_generator_py/ur_msgs/_ur_msgs_s.ep.rosidl_typesupport_c.c.o[0m
[ 98%] [32mBuilding C object CMakeFiles/ur_msgs__rosidl_typesupport_introspection_c__pyext.dir/rosidl_generator_py/ur_msgs/_ur_msgs_s.ep.rosidl_typesupport_introspection_c.c.o[0m
[ 99%] [32mBuilding C object CMakeFiles/ur_msgs__rosidl_typesupport_fastrtps_c__pyext.dir/rosidl_generator_py/ur_msgs/_ur_msgs_s.ep.rosidl_typesupport_fastrtps_c.c.o[0m
[100%] [32m[1mLinking C shared library rosidl_generator_py/ur_msgs/ur_msgs_s__rosidl_typesupport_fastrtps_c.cpython-310-x86_64-linux-gnu.so[0m
[100%] [32m[1mLinking C shared library rosidl_generator_py/ur_msgs/ur_msgs_s__rosidl_typesupport_introspection_c.cpython-310-x86_64-linux-gnu.so[0m
[100%] [32m[1mLinking C shared library rosidl_generator_py/ur_msgs/ur_msgs_s__rosidl_typesupport_c.cpython-310-x86_64-linux-gnu.so[0m
[100%] Built target ur_msgs__rosidl_typesupport_fastrtps_c__pyext
[100%] Built target ur_msgs__rosidl_typesupport_introspection_c__pyext
[100%] Built target ur_msgs__rosidl_typesupport_c__pyext
-- Install configuration: ""
-- Installing: /home/hoapham/ur_ws/install/ur_msgs/share/ament_index/resource_index/rosidl_interfaces/ur_msgs
-- Installing: /home/hoapham/ur_ws/install/ur_msgs/include/ur_msgs/ur_msgs
-- Installing: /home/hoapham/ur_ws/install/ur_msgs/include/ur_msgs/ur_msgs/msg
-- Installing: /home/hoapham/ur_ws/install/ur_msgs/include/ur_msgs/ur_msgs/msg/digital.h
-- Installing: /home/hoapham/ur_ws/install/ur_msgs/include/ur_msgs/ur_msgs/msg/detail
-- Installing: /home/hoapham/ur_ws/install/ur_msgs/include/ur_msgs/ur_msgs/msg/detail/digital__functions.h
-- Installing: /home/hoapham/ur_ws/install/ur_msgs/include/ur_msgs/ur_msgs/msg/detail/robot_state_rt_msg__struct.h
-- Installing: /home/hoapham/ur_ws/install/ur_msgs/include/ur_msgs/ur_msgs/msg/detail/analog__struct.h
-- Installing: /home/hoapham/ur_ws/install/ur_msgs/include/ur_msgs/ur_msgs/msg/detail/robot_mode_data_msg__struct.h
-- Installing: /home/hoapham/ur_ws/install/ur_msgs/include/ur_msgs/ur_msgs/msg/detail/io_states__struct.h
-- Installing: /home/hoapham/ur_ws/install/ur_msgs/include/ur_msgs/ur_msgs/msg/detail/io_states__functions.h
-- Installing: /home/hoapham/ur_ws/install/ur_msgs/include/ur_msgs/ur_msgs/msg/detail/tool_data_msg__functions.c
-- Installing: /home/hoapham/ur_ws/install/ur_msgs/include/ur_msgs/ur_msgs/msg/detail/io_states__type_support.h
-- Installing: /home/hoapham/ur_ws/install/ur_msgs/include/ur_msgs/ur_msgs/msg/detail/robot_mode_data_msg__functions.h
-- Installing: /home/hoapham/ur_ws/install/ur_msgs/include/ur_msgs/ur_msgs/msg/detail/masterboard_data_msg__functions.h
-- Installing: /home/hoapham/ur_ws/install/ur_msgs/include/ur_msgs/ur_msgs/msg/detail/robot_state_rt_msg__functions.h
-- Installing: /home/hoapham/ur_ws/install/ur_msgs/include/ur_msgs/ur_msgs/msg/detail/digital__type_support.h
-- Installing: /home/hoapham/ur_ws/install/ur_msgs/include/ur_msgs/ur_msgs/msg/detail/analog__functions.c
-- Installing: /home/hoapham/ur_ws/install/ur_msgs/include/ur_msgs/ur_msgs/msg/detail/robot_state_rt_msg__type_support.h
-- Installing: /home/hoapham/ur_ws/install/ur_msgs/include/ur_msgs/ur_msgs/msg/detail/robot_state_rt_msg__functions.c
-- Installing: /home/hoapham/ur_ws/install/ur_msgs/include/ur_msgs/ur_msgs/msg/detail/masterboard_data_msg__functions.c
-- Installing: /home/hoapham/ur_ws/install/ur_msgs/include/ur_msgs/ur_msgs/msg/detail/tool_data_msg__type_support.h
-- Installing: /home/hoapham/ur_ws/install/ur_msgs/include/ur_msgs/ur_msgs/msg/detail/masterboard_data_msg__type_support.h
-- Installing: /home/hoapham/ur_ws/install/ur_msgs/include/ur_msgs/ur_msgs/msg/detail/tool_data_msg__functions.h
-- Installing: /home/hoapham/ur_ws/install/ur_msgs/include/ur_msgs/ur_msgs/msg/detail/tool_data_msg__struct.h
-- Installing: /home/hoapham/ur_ws/install/ur_msgs/include/ur_msgs/ur_msgs/msg/detail/digital__functions.c
-- Installing: /home/hoapham/ur_ws/install/ur_msgs/include/ur_msgs/ur_msgs/msg/detail/digital__struct.h
-- Installing: /home/hoapham/ur_ws/install/ur_msgs/include/ur_msgs/ur_msgs/msg/detail/masterboard_data_msg__struct.h
-- Installing: /home/hoapham/ur_ws/install/ur_msgs/include/ur_msgs/ur_msgs/msg/detail/robot_mode_data_msg__type_support.h
-- Installing: /home/hoapham/ur_ws/install/ur_msgs/include/ur_msgs/ur_msgs/msg/detail/analog__type_support.h
-- Installing: /home/hoapham/ur_ws/install/ur_msgs/include/ur_msgs/ur_msgs/msg/detail/io_states__functions.c
-- Installing: /home/hoapham/ur_ws/install/ur_msgs/include/ur_msgs/ur_msgs/msg/detail/robot_mode_data_msg__functions.c
-- Installing: /home/hoapham/ur_ws/install/ur_msgs/include/ur_msgs/ur_msgs/msg/detail/analog__functions.h
-- Installing: /home/hoapham/ur_ws/install/ur_msgs/include/ur_msgs/ur_msgs/msg/analog.h
-- Installing: /home/hoapham/ur_ws/install/ur_msgs/include/ur_msgs/ur_msgs/msg/robot_state_rt_msg.h
-- Installing: /home/hoapham/ur_ws/install/ur_msgs/include/ur_msgs/ur_msgs/msg/io_states.h
-- Installing: /home/hoapham/ur_ws/install/ur_msgs/include/ur_msgs/ur_msgs/msg/masterboard_data_msg.h
-- Installing: /home/hoapham/ur_ws/install/ur_msgs/include/ur_msgs/ur_msgs/msg/tool_data_msg.h
-- Installing: /home/hoapham/ur_ws/install/ur_msgs/include/ur_msgs/ur_msgs/msg/robot_mode_data_msg.h
-- Installing: /home/hoapham/ur_ws/install/ur_msgs/include/ur_msgs/ur_msgs/msg/rosidl_generator_c__visibility_control.h
-- Installing: /home/hoapham/ur_ws/install/ur_msgs/include/ur_msgs/ur_msgs/srv
-- Installing: /home/hoapham/ur_ws/install/ur_msgs/include/ur_msgs/ur_msgs/srv/detail
-- Installing: /home/hoapham/ur_ws/install/ur_msgs/include/ur_msgs/ur_msgs/srv/detail/set_analog_output__functions.h
-- Installing: /home/hoapham/ur_ws/install/ur_msgs/include/ur_msgs/ur_msgs/srv/detail/set_speed_slider_fraction__struct.h
-- Installing: /home/hoapham/ur_ws/install/ur_msgs/include/ur_msgs/ur_msgs/srv/detail/get_robot_software_version__functions.c
-- Installing: /home/hoapham/ur_ws/install/ur_msgs/include/ur_msgs/ur_msgs/srv/detail/set_io__functions.c
-- Installing: /home/hoapham/ur_ws/install/ur_msgs/include/ur_msgs/ur_msgs/srv/detail/set_io__functions.h
-- Installing: /home/hoapham/ur_ws/install/ur_msgs/include/ur_msgs/ur_msgs/srv/detail/set_analog_output__type_support.h
-- Installing: /home/hoapham/ur_ws/install/ur_msgs/include/ur_msgs/ur_msgs/srv/detail/set_force_mode__functions.h
-- Installing: /home/hoapham/ur_ws/install/ur_msgs/include/ur_msgs/ur_msgs/srv/detail/set_speed_slider_fraction__functions.c
-- Installing: /home/hoapham/ur_ws/install/ur_msgs/include/ur_msgs/ur_msgs/srv/detail/set_force_mode__type_support.h
-- Installing: /home/hoapham/ur_ws/install/ur_msgs/include/ur_msgs/ur_msgs/srv/detail/set_analog_output__struct.h
-- Installing: /home/hoapham/ur_ws/install/ur_msgs/include/ur_msgs/ur_msgs/srv/detail/set_speed_slider_fraction__type_support.h
-- Installing: /home/hoapham/ur_ws/install/ur_msgs/include/ur_msgs/ur_msgs/srv/detail/get_robot_software_version__functions.h
-- Installing: /home/hoapham/ur_ws/install/ur_msgs/include/ur_msgs/ur_msgs/srv/detail/get_robot_software_version__type_support.h
-- Installing: /home/hoapham/ur_ws/install/ur_msgs/include/ur_msgs/ur_msgs/srv/detail/set_payload__struct.h
-- Installing: /home/hoapham/ur_ws/install/ur_msgs/include/ur_msgs/ur_msgs/srv/detail/set_payload__type_support.h
-- Installing: /home/hoapham/ur_ws/install/ur_msgs/include/ur_msgs/ur_msgs/srv/detail/set_speed_slider_fraction__functions.h
-- Installing: /home/hoapham/ur_ws/install/ur_msgs/include/ur_msgs/ur_msgs/srv/detail/set_force_mode__functions.c
-- Installing: /home/hoapham/ur_ws/install/ur_msgs/include/ur_msgs/ur_msgs/srv/detail/set_io__type_support.h
-- Installing: /home/hoapham/ur_ws/install/ur_msgs/include/ur_msgs/ur_msgs/srv/detail/set_force_mode__struct.h
-- Installing: /home/hoapham/ur_ws/install/ur_msgs/include/ur_msgs/ur_msgs/srv/detail/set_payload__functions.h
-- Installing: /home/hoapham/ur_ws/install/ur_msgs/include/ur_msgs/ur_msgs/srv/detail/set_analog_output__functions.c
-- Installing: /home/hoapham/ur_ws/install/ur_msgs/include/ur_msgs/ur_msgs/srv/detail/get_robot_software_version__struct.h
-- Installing: /home/hoapham/ur_ws/install/ur_msgs/include/ur_msgs/ur_msgs/srv/detail/set_io__struct.h
-- Installing: /home/hoapham/ur_ws/install/ur_msgs/include/ur_msgs/ur_msgs/srv/detail/set_payload__functions.c
-- Installing: /home/hoapham/ur_ws/install/ur_msgs/include/ur_msgs/ur_msgs/srv/set_io.h
-- Installing: /home/hoapham/ur_ws/install/ur_msgs/include/ur_msgs/ur_msgs/srv/set_force_mode.h
-- Installing: /home/hoapham/ur_ws/install/ur_msgs/include/ur_msgs/ur_msgs/srv/set_payload.h
-- Installing: /home/hoapham/ur_ws/install/ur_msgs/include/ur_msgs/ur_msgs/srv/get_robot_software_version.h
-- Installing: /home/hoapham/ur_ws/install/ur_msgs/include/ur_msgs/ur_msgs/srv/set_analog_output.h
-- Installing: /home/hoapham/ur_ws/install/ur_msgs/include/ur_msgs/ur_msgs/srv/set_speed_slider_fraction.h
-- Installing: /home/hoapham/ur_ws/install/ur_msgs/include/ur_msgs/ur_msgs/action
-- Installing: /home/hoapham/ur_ws/install/ur_msgs/include/ur_msgs/ur_msgs/action/detail
-- Installing: /home/hoapham/ur_ws/install/ur_msgs/include/ur_msgs/ur_msgs/action/detail/tool_contact__struct.h
-- Installing: /home/hoapham/ur_ws/install/ur_msgs/include/ur_msgs/ur_msgs/action/detail/tool_contact__functions.h
-- Installing: /home/hoapham/ur_ws/install/ur_msgs/include/ur_msgs/ur_msgs/action/detail/tool_contact__functions.c
-- Installing: /home/hoapham/ur_ws/install/ur_msgs/include/ur_msgs/ur_msgs/action/detail/tool_contact__type_support.h
-- Installing: /home/hoapham/ur_ws/install/ur_msgs/include/ur_msgs/ur_msgs/action/tool_contact.h
-- Installing: /home/hoapham/ur_ws/install/ur_msgs/share/ur_msgs/environment/library_path.sh
-- Installing: /home/hoapham/ur_ws/install/ur_msgs/share/ur_msgs/environment/library_path.dsv
-- Installing: /home/hoapham/ur_ws/install/ur_msgs/lib/libur_msgs__rosidl_generator_c.so
-- Set runtime path of "/home/hoapham/ur_ws/install/ur_msgs/lib/libur_msgs__rosidl_generator_c.so" to ""
-- Up-to-date: /home/hoapham/ur_ws/install/ur_msgs/include/ur_msgs/ur_msgs
-- Up-to-date: /home/hoapham/ur_ws/install/ur_msgs/include/ur_msgs/ur_msgs/msg
-- Up-to-date: /home/hoapham/ur_ws/install/ur_msgs/include/ur_msgs/ur_msgs/msg/detail
-- Installing: /home/hoapham/ur_ws/install/ur_msgs/include/ur_msgs/ur_msgs/msg/detail/io_states__rosidl_typesupport_fastrtps_c.h
-- Installing: /home/hoapham/ur_ws/install/ur_msgs/include/ur_msgs/ur_msgs/msg/detail/robot_mode_data_msg__rosidl_typesupport_fastrtps_c.h
-- Installing: /home/hoapham/ur_ws/install/ur_msgs/include/ur_msgs/ur_msgs/msg/detail/robot_state_rt_msg__rosidl_typesupport_fastrtps_c.h
-- Installing: /home/hoapham/ur_ws/install/ur_msgs/include/ur_msgs/ur_msgs/msg/detail/tool_data_msg__rosidl_typesupport_fastrtps_c.h
-- Installing: /home/hoapham/ur_ws/install/ur_msgs/include/ur_msgs/ur_msgs/msg/detail/analog__rosidl_typesupport_fastrtps_c.h
-- Installing: /home/hoapham/ur_ws/install/ur_msgs/include/ur_msgs/ur_msgs/msg/detail/digital__rosidl_typesupport_fastrtps_c.h
-- Installing: /home/hoapham/ur_ws/install/ur_msgs/include/ur_msgs/ur_msgs/msg/detail/masterboard_data_msg__rosidl_typesupport_fastrtps_c.h
-- Installing: /home/hoapham/ur_ws/install/ur_msgs/include/ur_msgs/ur_msgs/msg/rosidl_typesupport_fastrtps_c__visibility_control.h
-- Up-to-date: /home/hoapham/ur_ws/install/ur_msgs/include/ur_msgs/ur_msgs/srv
-- Up-to-date: /home/hoapham/ur_ws/install/ur_msgs/include/ur_msgs/ur_msgs/srv/detail
-- Installing: /home/hoapham/ur_ws/install/ur_msgs/include/ur_msgs/ur_msgs/srv/detail/set_io__rosidl_typesupport_fastrtps_c.h
-- Installing: /home/hoapham/ur_ws/install/ur_msgs/include/ur_msgs/ur_msgs/srv/detail/set_payload__rosidl_typesupport_fastrtps_c.h
-- Installing: /home/hoapham/ur_ws/install/ur_msgs/include/ur_msgs/ur_msgs/srv/detail/set_force_mode__rosidl_typesupport_fastrtps_c.h
-- Installing: /home/hoapham/ur_ws/install/ur_msgs/include/ur_msgs/ur_msgs/srv/detail/get_robot_software_version__rosidl_typesupport_fastrtps_c.h
-- Installing: /home/hoapham/ur_ws/install/ur_msgs/include/ur_msgs/ur_msgs/srv/detail/set_analog_output__rosidl_typesupport_fastrtps_c.h
-- Installing: /home/hoapham/ur_ws/install/ur_msgs/include/ur_msgs/ur_msgs/srv/detail/set_speed_slider_fraction__rosidl_typesupport_fastrtps_c.h
-- Up-to-date: /home/hoapham/ur_ws/install/ur_msgs/include/ur_msgs/ur_msgs/action
-- Up-to-date: /home/hoapham/ur_ws/install/ur_msgs/include/ur_msgs/ur_msgs/action/detail
-- Installing: /home/hoapham/ur_ws/install/ur_msgs/include/ur_msgs/ur_msgs/action/detail/tool_contact__rosidl_typesupport_fastrtps_c.h
-- Installing: /home/hoapham/ur_ws/install/ur_msgs/lib/libur_msgs__rosidl_typesupport_fastrtps_c.so
-- Set runtime path of "/home/hoapham/ur_ws/install/ur_msgs/lib/libur_msgs__rosidl_typesupport_fastrtps_c.so" to ""
-- Up-to-date: /home/hoapham/ur_ws/install/ur_msgs/include/ur_msgs/ur_msgs
-- Up-to-date: /home/hoapham/ur_ws/install/ur_msgs/include/ur_msgs/ur_msgs/msg
-- Installing: /home/hoapham/ur_ws/install/ur_msgs/include/ur_msgs/ur_msgs/msg/robot_state_rt_msg.hpp
-- Up-to-date: /home/hoapham/ur_ws/install/ur_msgs/include/ur_msgs/ur_msgs/msg/detail
-- Installing: /home/hoapham/ur_ws/install/ur_msgs/include/ur_msgs/ur_msgs/msg/detail/io_states__builder.hpp
-- Installing: /home/hoapham/ur_ws/install/ur_msgs/include/ur_msgs/ur_msgs/msg/detail/digital__type_support.hpp
-- Installing: /home/hoapham/ur_ws/install/ur_msgs/include/ur_msgs/ur_msgs/msg/detail/tool_data_msg__builder.hpp
-- Installing: /home/hoapham/ur_ws/install/ur_msgs/include/ur_msgs/ur_msgs/msg/detail/tool_data_msg__type_support.hpp
-- Installing: /home/hoapham/ur_ws/install/ur_msgs/include/ur_msgs/ur_msgs/msg/detail/digital__traits.hpp
-- Installing: /home/hoapham/ur_ws/install/ur_msgs/include/ur_msgs/ur_msgs/msg/detail/robot_state_rt_msg__type_support.hpp
-- Installing: /home/hoapham/ur_ws/install/ur_msgs/include/ur_msgs/ur_msgs/msg/detail/robot_mode_data_msg__builder.hpp
-- Installing: /home/hoapham/ur_ws/install/ur_msgs/include/ur_msgs/ur_msgs/msg/detail/io_states__struct.hpp
-- Installing: /home/hoapham/ur_ws/install/ur_msgs/include/ur_msgs/ur_msgs/msg/detail/analog__type_support.hpp
-- Installing: /home/hoapham/ur_ws/install/ur_msgs/include/ur_msgs/ur_msgs/msg/detail/tool_data_msg__traits.hpp
-- Installing: /home/hoapham/ur_ws/install/ur_msgs/include/ur_msgs/ur_msgs/msg/detail/analog__traits.hpp
-- Installing: /home/hoapham/ur_ws/install/ur_msgs/include/ur_msgs/ur_msgs/msg/detail/robot_state_rt_msg__struct.hpp
-- Installing: /home/hoapham/ur_ws/install/ur_msgs/include/ur_msgs/ur_msgs/msg/detail/robot_mode_data_msg__struct.hpp
-- Installing: /home/hoapham/ur_ws/install/ur_msgs/include/ur_msgs/ur_msgs/msg/detail/masterboard_data_msg__struct.hpp
-- Installing: /home/hoapham/ur_ws/install/ur_msgs/include/ur_msgs/ur_msgs/msg/detail/robot_state_rt_msg__traits.hpp
-- Installing: /home/hoapham/ur_ws/install/ur_msgs/include/ur_msgs/ur_msgs/msg/detail/digital__builder.hpp
-- Installing: /home/hoapham/ur_ws/install/ur_msgs/include/ur_msgs/ur_msgs/msg/detail/analog__builder.hpp
-- Installing: /home/hoapham/ur_ws/install/ur_msgs/include/ur_msgs/ur_msgs/msg/detail/analog__struct.hpp
-- Installing: /home/hoapham/ur_ws/install/ur_msgs/include/ur_msgs/ur_msgs/msg/detail/robot_mode_data_msg__type_support.hpp
-- Installing: /home/hoapham/ur_ws/install/ur_msgs/include/ur_msgs/ur_msgs/msg/detail/masterboard_data_msg__traits.hpp
-- Installing: /home/hoapham/ur_ws/install/ur_msgs/include/ur_msgs/ur_msgs/msg/detail/io_states__type_support.hpp
-- Installing: /home/hoapham/ur_ws/install/ur_msgs/include/ur_msgs/ur_msgs/msg/detail/tool_data_msg__struct.hpp
-- Installing: /home/hoapham/ur_ws/install/ur_msgs/include/ur_msgs/ur_msgs/msg/detail/robot_mode_data_msg__traits.hpp
-- Installing: /home/hoapham/ur_ws/install/ur_msgs/include/ur_msgs/ur_msgs/msg/detail/robot_state_rt_msg__builder.hpp
-- Installing: /home/hoapham/ur_ws/install/ur_msgs/include/ur_msgs/ur_msgs/msg/detail/masterboard_data_msg__type_support.hpp
-- Installing: /home/hoapham/ur_ws/install/ur_msgs/include/ur_msgs/ur_msgs/msg/detail/digital__struct.hpp
-- Installing: /home/hoapham/ur_ws/install/ur_msgs/include/ur_msgs/ur_msgs/msg/detail/masterboard_data_msg__builder.hpp
-- Installing: /home/hoapham/ur_ws/install/ur_msgs/include/ur_msgs/ur_msgs/msg/detail/io_states__traits.hpp
-- Installing: /home/hoapham/ur_ws/install/ur_msgs/include/ur_msgs/ur_msgs/msg/robot_mode_data_msg.hpp
-- Installing: /home/hoapham/ur_ws/install/ur_msgs/include/ur_msgs/ur_msgs/msg/tool_data_msg.hpp
-- Installing: /home/hoapham/ur_ws/install/ur_msgs/include/ur_msgs/ur_msgs/msg/io_states.hpp
-- Installing: /home/hoapham/ur_ws/install/ur_msgs/include/ur_msgs/ur_msgs/msg/rosidl_generator_cpp__visibility_control.hpp
-- Installing: /home/hoapham/ur_ws/install/ur_msgs/include/ur_msgs/ur_msgs/msg/masterboard_data_msg.hpp
-- Installing: /home/hoapham/ur_ws/install/ur_msgs/include/ur_msgs/ur_msgs/msg/digital.hpp
-- Installing: /home/hoapham/ur_ws/install/ur_msgs/include/ur_msgs/ur_msgs/msg/analog.hpp
-- Up-to-date: /home/hoapham/ur_ws/install/ur_msgs/include/ur_msgs/ur_msgs/srv
-- Installing: /home/hoapham/ur_ws/install/ur_msgs/include/ur_msgs/ur_msgs/srv/set_io.hpp
-- Up-to-date: /home/hoapham/ur_ws/install/ur_msgs/include/ur_msgs/ur_msgs/srv/detail
-- Installing: /home/hoapham/ur_ws/install/ur_msgs/include/ur_msgs/ur_msgs/srv/detail/set_force_mode__builder.hpp
-- Installing: /home/hoapham/ur_ws/install/ur_msgs/include/ur_msgs/ur_msgs/srv/detail/get_robot_software_version__type_support.hpp
-- Installing: /home/hoapham/ur_ws/install/ur_msgs/include/ur_msgs/ur_msgs/srv/detail/set_analog_output__type_support.hpp
-- Installing: /home/hoapham/ur_ws/install/ur_msgs/include/ur_msgs/ur_msgs/srv/detail/set_analog_output__builder.hpp
-- Installing: /home/hoapham/ur_ws/install/ur_msgs/include/ur_msgs/ur_msgs/srv/detail/set_payload__traits.hpp
-- Installing: /home/hoapham/ur_ws/install/ur_msgs/include/ur_msgs/ur_msgs/srv/detail/set_speed_slider_fraction__type_support.hpp
-- Installing: /home/hoapham/ur_ws/install/ur_msgs/include/ur_msgs/ur_msgs/srv/detail/set_speed_slider_fraction__builder.hpp
-- Installing: /home/hoapham/ur_ws/install/ur_msgs/include/ur_msgs/ur_msgs/srv/detail/get_robot_software_version__traits.hpp
-- Installing: /home/hoapham/ur_ws/install/ur_msgs/include/ur_msgs/ur_msgs/srv/detail/set_analog_output__traits.hpp
-- Installing: /home/hoapham/ur_ws/install/ur_msgs/include/ur_msgs/ur_msgs/srv/detail/set_payload__type_support.hpp
-- Installing: /home/hoapham/ur_ws/install/ur_msgs/include/ur_msgs/ur_msgs/srv/detail/set_io__struct.hpp
-- Installing: /home/hoapham/ur_ws/install/ur_msgs/include/ur_msgs/ur_msgs/srv/detail/set_io__type_support.hpp
-- Installing: /home/hoapham/ur_ws/install/ur_msgs/include/ur_msgs/ur_msgs/srv/detail/set_speed_slider_fraction__traits.hpp
-- Installing: /home/hoapham/ur_ws/install/ur_msgs/include/ur_msgs/ur_msgs/srv/detail/set_force_mode__type_support.hpp
-- Installing: /home/hoapham/ur_ws/install/ur_msgs/include/ur_msgs/ur_msgs/srv/detail/set_analog_output__struct.hpp
-- Installing: /home/hoapham/ur_ws/install/ur_msgs/include/ur_msgs/ur_msgs/srv/detail/set_payload__builder.hpp
-- Installing: /home/hoapham/ur_ws/install/ur_msgs/include/ur_msgs/ur_msgs/srv/detail/get_robot_software_version__builder.hpp
-- Installing: /home/hoapham/ur_ws/install/ur_msgs/include/ur_msgs/ur_msgs/srv/detail/set_io__traits.hpp
-- Installing: /home/hoapham/ur_ws/install/ur_msgs/include/ur_msgs/ur_msgs/srv/detail/set_force_mode__traits.hpp
-- Installing: /home/hoapham/ur_ws/install/ur_msgs/include/ur_msgs/ur_msgs/srv/detail/set_payload__struct.hpp
-- Installing: /home/hoapham/ur_ws/install/ur_msgs/include/ur_msgs/ur_msgs/srv/detail/set_force_mode__struct.hpp
-- Installing: /home/hoapham/ur_ws/install/ur_msgs/include/ur_msgs/ur_msgs/srv/detail/get_robot_software_version__struct.hpp
-- Installing: /home/hoapham/ur_ws/install/ur_msgs/include/ur_msgs/ur_msgs/srv/detail/set_speed_slider_fraction__struct.hpp
-- Installing: /home/hoapham/ur_ws/install/ur_msgs/include/ur_msgs/ur_msgs/srv/detail/set_io__builder.hpp
-- Installing: /home/hoapham/ur_ws/install/ur_msgs/include/ur_msgs/ur_msgs/srv/set_speed_slider_fraction.hpp
-- Installing: /home/hoapham/ur_ws/install/ur_msgs/include/ur_msgs/ur_msgs/srv/set_analog_output.hpp
-- Installing: /home/hoapham/ur_ws/install/ur_msgs/include/ur_msgs/ur_msgs/srv/set_force_mode.hpp
-- Installing: /home/hoapham/ur_ws/install/ur_msgs/include/ur_msgs/ur_msgs/srv/set_payload.hpp
-- Installing: /home/hoapham/ur_ws/install/ur_msgs/include/ur_msgs/ur_msgs/srv/get_robot_software_version.hpp
-- Up-to-date: /home/hoapham/ur_ws/install/ur_msgs/include/ur_msgs/ur_msgs/action
-- Up-to-date: /home/hoapham/ur_ws/install/ur_msgs/include/ur_msgs/ur_msgs/action/detail
-- Installing: /home/hoapham/ur_ws/install/ur_msgs/include/ur_msgs/ur_msgs/action/detail/tool_contact__type_support.hpp
-- Installing: /home/hoapham/ur_ws/install/ur_msgs/include/ur_msgs/ur_msgs/action/detail/tool_contact__struct.hpp
-- Installing: /home/hoapham/ur_ws/install/ur_msgs/include/ur_msgs/ur_msgs/action/detail/tool_contact__builder.hpp
-- Installing: /home/hoapham/ur_ws/install/ur_msgs/include/ur_msgs/ur_msgs/action/detail/tool_contact__traits.hpp
-- Installing: /home/hoapham/ur_ws/install/ur_msgs/include/ur_msgs/ur_msgs/action/tool_contact.hpp
-- Up-to-date: /home/hoapham/ur_ws/install/ur_msgs/include/ur_msgs/ur_msgs
-- Up-to-date: /home/hoapham/ur_ws/install/ur_msgs/include/ur_msgs/ur_msgs/msg
-- Up-to-date: /home/hoapham/ur_ws/install/ur_msgs/include/ur_msgs/ur_msgs/msg/detail
-- Installing: /home/hoapham/ur_ws/install/ur_msgs/include/ur_msgs/ur_msgs/msg/detail/masterboard_data_msg__rosidl_typesupport_fastrtps_cpp.hpp
-- Installing: /home/hoapham/ur_ws/install/ur_msgs/include/ur_msgs/ur_msgs/msg/detail/robot_mode_data_msg__rosidl_typesupport_fastrtps_cpp.hpp
-- Installing: /home/hoapham/ur_ws/install/ur_msgs/include/ur_msgs/ur_msgs/msg/detail/io_states__rosidl_typesupport_fastrtps_cpp.hpp
-- Installing: /home/hoapham/ur_ws/install/ur_msgs/include/ur_msgs/ur_msgs/msg/detail/dds_fastrtps
-- Installing: /home/hoapham/ur_ws/install/ur_msgs/include/ur_msgs/ur_msgs/msg/detail/analog__rosidl_typesupport_fastrtps_cpp.hpp
-- Installing: /home/hoapham/ur_ws/install/ur_msgs/include/ur_msgs/ur_msgs/msg/detail/tool_data_msg__rosidl_typesupport_fastrtps_cpp.hpp
-- Installing: /home/hoapham/ur_ws/install/ur_msgs/include/ur_msgs/ur_msgs/msg/detail/digital__rosidl_typesupport_fastrtps_cpp.hpp
-- Installing: /home/hoapham/ur_ws/install/ur_msgs/include/ur_msgs/ur_msgs/msg/detail/robot_state_rt_msg__rosidl_typesupport_fastrtps_cpp.hpp
-- Installing: /home/hoapham/ur_ws/install/ur_msgs/include/ur_msgs/ur_msgs/msg/rosidl_typesupport_fastrtps_cpp__visibility_control.h
-- Up-to-date: /home/hoapham/ur_ws/install/ur_msgs/include/ur_msgs/ur_msgs/srv
-- Up-to-date: /home/hoapham/ur_ws/install/ur_msgs/include/ur_msgs/ur_msgs/srv/detail
-- Installing: /home/hoapham/ur_ws/install/ur_msgs/include/ur_msgs/ur_msgs/srv/detail/set_speed_slider_fraction__rosidl_typesupport_fastrtps_cpp.hpp
-- Installing: /home/hoapham/ur_ws/install/ur_msgs/include/ur_msgs/ur_msgs/srv/detail/set_io__rosidl_typesupport_fastrtps_cpp.hpp
-- Installing: /home/hoapham/ur_ws/install/ur_msgs/include/ur_msgs/ur_msgs/srv/detail/dds_fastrtps
-- Installing: /home/hoapham/ur_ws/install/ur_msgs/include/ur_msgs/ur_msgs/srv/detail/set_analog_output__rosidl_typesupport_fastrtps_cpp.hpp
-- Installing: /home/hoapham/ur_ws/install/ur_msgs/include/ur_msgs/ur_msgs/srv/detail/get_robot_software_version__rosidl_typesupport_fastrtps_cpp.hpp
-- Installing: /home/hoapham/ur_ws/install/ur_msgs/include/ur_msgs/ur_msgs/srv/detail/set_force_mode__rosidl_typesupport_fastrtps_cpp.hpp
-- Installing: /home/hoapham/ur_ws/install/ur_msgs/include/ur_msgs/ur_msgs/srv/detail/set_payload__rosidl_typesupport_fastrtps_cpp.hpp
-- Up-to-date: /home/hoapham/ur_ws/install/ur_msgs/include/ur_msgs/ur_msgs/action
-- Up-to-date: /home/hoapham/ur_ws/install/ur_msgs/include/ur_msgs/ur_msgs/action/detail
-- Installing: /home/hoapham/ur_ws/install/ur_msgs/include/ur_msgs/ur_msgs/action/detail/tool_contact__rosidl_typesupport_fastrtps_cpp.hpp
-- Installing: /home/hoapham/ur_ws/install/ur_msgs/include/ur_msgs/ur_msgs/action/detail/dds_fastrtps
-- Installing: /home/hoapham/ur_ws/install/ur_msgs/lib/libur_msgs__rosidl_typesupport_fastrtps_cpp.so
-- Set runtime path of "/home/hoapham/ur_ws/install/ur_msgs/lib/libur_msgs__rosidl_typesupport_fastrtps_cpp.so" to ""
-- Up-to-date: /home/hoapham/ur_ws/install/ur_msgs/include/ur_msgs/ur_msgs
-- Up-to-date: /home/hoapham/ur_ws/install/ur_msgs/include/ur_msgs/ur_msgs/msg
-- Up-to-date: /home/hoapham/ur_ws/install/ur_msgs/include/ur_msgs/ur_msgs/msg/detail
-- Installing: /home/hoapham/ur_ws/install/ur_msgs/include/ur_msgs/ur_msgs/msg/detail/masterboard_data_msg__rosidl_typesupport_introspection_c.h
-- Installing: /home/hoapham/ur_ws/install/ur_msgs/include/ur_msgs/ur_msgs/msg/detail/analog__type_support.c
-- Installing: /home/hoapham/ur_ws/install/ur_msgs/include/ur_msgs/ur_msgs/msg/detail/analog__rosidl_typesupport_introspection_c.h
-- Installing: /home/hoapham/ur_ws/install/ur_msgs/include/ur_msgs/ur_msgs/msg/detail/robot_state_rt_msg__type_support.c
-- Installing: /home/hoapham/ur_ws/install/ur_msgs/include/ur_msgs/ur_msgs/msg/detail/io_states__rosidl_typesupport_introspection_c.h
-- Installing: /home/hoapham/ur_ws/install/ur_msgs/include/ur_msgs/ur_msgs/msg/detail/robot_mode_data_msg__rosidl_typesupport_introspection_c.h
-- Installing: /home/hoapham/ur_ws/install/ur_msgs/include/ur_msgs/ur_msgs/msg/detail/robot_state_rt_msg__rosidl_typesupport_introspection_c.h
-- Installing: /home/hoapham/ur_ws/install/ur_msgs/include/ur_msgs/ur_msgs/msg/detail/tool_data_msg__rosidl_typesupport_introspection_c.h
-- Installing: /home/hoapham/ur_ws/install/ur_msgs/include/ur_msgs/ur_msgs/msg/detail/masterboard_data_msg__type_support.c
-- Installing: /home/hoapham/ur_ws/install/ur_msgs/include/ur_msgs/ur_msgs/msg/detail/digital__rosidl_typesupport_introspection_c.h
-- Installing: /home/hoapham/ur_ws/install/ur_msgs/include/ur_msgs/ur_msgs/msg/detail/robot_mode_data_msg__type_support.c
-- Installing: /home/hoapham/ur_ws/install/ur_msgs/include/ur_msgs/ur_msgs/msg/detail/digital__type_support.c
-- Installing: /home/hoapham/ur_ws/install/ur_msgs/include/ur_msgs/ur_msgs/msg/detail/tool_data_msg__type_support.c
-- Installing: /home/hoapham/ur_ws/install/ur_msgs/include/ur_msgs/ur_msgs/msg/detail/io_states__type_support.c
-- Installing: /home/hoapham/ur_ws/install/ur_msgs/include/ur_msgs/ur_msgs/msg/rosidl_typesupport_introspection_c__visibility_control.h
-- Up-to-date: /home/hoapham/ur_ws/install/ur_msgs/include/ur_msgs/ur_msgs/srv
-- Up-to-date: /home/hoapham/ur_ws/install/ur_msgs/include/ur_msgs/ur_msgs/srv/detail
-- Installing: /home/hoapham/ur_ws/install/ur_msgs/include/ur_msgs/ur_msgs/srv/detail/set_io__rosidl_typesupport_introspection_c.h
-- Installing: /home/hoapham/ur_ws/install/ur_msgs/include/ur_msgs/ur_msgs/srv/detail/set_io__type_support.c
-- Installing: /home/hoapham/ur_ws/install/ur_msgs/include/ur_msgs/ur_msgs/srv/detail/set_analog_output__rosidl_typesupport_introspection_c.h
-- Installing: /home/hoapham/ur_ws/install/ur_msgs/include/ur_msgs/ur_msgs/srv/detail/get_robot_software_version__type_support.c
-- Installing: /home/hoapham/ur_ws/install/ur_msgs/include/ur_msgs/ur_msgs/srv/detail/get_robot_software_version__rosidl_typesupport_introspection_c.h
-- Installing: /home/hoapham/ur_ws/install/ur_msgs/include/ur_msgs/ur_msgs/srv/detail/set_speed_slider_fraction__rosidl_typesupport_introspection_c.h
-- Installing: /home/hoapham/ur_ws/install/ur_msgs/include/ur_msgs/ur_msgs/srv/detail/set_payload__rosidl_typesupport_introspection_c.h
-- Installing: /home/hoapham/ur_ws/install/ur_msgs/include/ur_msgs/ur_msgs/srv/detail/set_force_mode__rosidl_typesupport_introspection_c.h
-- Installing: /home/hoapham/ur_ws/install/ur_msgs/include/ur_msgs/ur_msgs/srv/detail/set_payload__type_support.c
-- Installing: /home/hoapham/ur_ws/install/ur_msgs/include/ur_msgs/ur_msgs/srv/detail/set_analog_output__type_support.c
-- Installing: /home/hoapham/ur_ws/install/ur_msgs/include/ur_msgs/ur_msgs/srv/detail/set_speed_slider_fraction__type_support.c
-- Installing: /home/hoapham/ur_ws/install/ur_msgs/include/ur_msgs/ur_msgs/srv/detail/set_force_mode__type_support.c
-- Up-to-date: /home/hoapham/ur_ws/install/ur_msgs/include/ur_msgs/ur_msgs/action
-- Up-to-date: /home/hoapham/ur_ws/install/ur_msgs/include/ur_msgs/ur_msgs/action/detail
-- Installing: /home/hoapham/ur_ws/install/ur_msgs/include/ur_msgs/ur_msgs/action/detail/tool_contact__rosidl_typesupport_introspection_c.h
-- Installing: /home/hoapham/ur_ws/install/ur_msgs/include/ur_msgs/ur_msgs/action/detail/tool_contact__type_support.c
-- Installing: /home/hoapham/ur_ws/install/ur_msgs/lib/libur_msgs__rosidl_typesupport_introspection_c.so
-- Set runtime path of "/home/hoapham/ur_ws/install/ur_msgs/lib/libur_msgs__rosidl_typesupport_introspection_c.so" to ""
-- Installing: /home/hoapham/ur_ws/install/ur_msgs/lib/libur_msgs__rosidl_typesupport_c.so
-- Set runtime path of "/home/hoapham/ur_ws/install/ur_msgs/lib/libur_msgs__rosidl_typesupport_c.so" to ""
-- Up-to-date: /home/hoapham/ur_ws/install/ur_msgs/include/ur_msgs/ur_msgs
-- Up-to-date: /home/hoapham/ur_ws/install/ur_msgs/include/ur_msgs/ur_msgs/msg
-- Up-to-date: /home/hoapham/ur_ws/install/ur_msgs/include/ur_msgs/ur_msgs/msg/detail
-- Installing: /home/hoapham/ur_ws/install/ur_msgs/include/ur_msgs/ur_msgs/msg/detail/masterboard_data_msg__rosidl_typesupport_introspection_cpp.hpp
-- Installing: /home/hoapham/ur_ws/install/ur_msgs/include/ur_msgs/ur_msgs/msg/detail/masterboard_data_msg__type_support.cpp
-- Installing: /home/hoapham/ur_ws/install/ur_msgs/include/ur_msgs/ur_msgs/msg/detail/digital__type_support.cpp
-- Installing: /home/hoapham/ur_ws/install/ur_msgs/include/ur_msgs/ur_msgs/msg/detail/robot_state_rt_msg__type_support.cpp
-- Installing: /home/hoapham/ur_ws/install/ur_msgs/include/ur_msgs/ur_msgs/msg/detail/tool_data_msg__type_support.cpp
-- Installing: /home/hoapham/ur_ws/install/ur_msgs/include/ur_msgs/ur_msgs/msg/detail/digital__rosidl_typesupport_introspection_cpp.hpp
-- Installing: /home/hoapham/ur_ws/install/ur_msgs/include/ur_msgs/ur_msgs/msg/detail/analog__type_support.cpp
-- Installing: /home/hoapham/ur_ws/install/ur_msgs/include/ur_msgs/ur_msgs/msg/detail/robot_mode_data_msg__rosidl_typesupport_introspection_cpp.hpp
-- Installing: /home/hoapham/ur_ws/install/ur_msgs/include/ur_msgs/ur_msgs/msg/detail/io_states__rosidl_typesupport_introspection_cpp.hpp
-- Installing: /home/hoapham/ur_ws/install/ur_msgs/include/ur_msgs/ur_msgs/msg/detail/io_states__type_support.cpp
-- Installing: /home/hoapham/ur_ws/install/ur_msgs/include/ur_msgs/ur_msgs/msg/detail/robot_mode_data_msg__type_support.cpp
-- Installing: /home/hoapham/ur_ws/install/ur_msgs/include/ur_msgs/ur_msgs/msg/detail/robot_state_rt_msg__rosidl_typesupport_introspection_cpp.hpp
-- Installing: /home/hoapham/ur_ws/install/ur_msgs/include/ur_msgs/ur_msgs/msg/detail/tool_data_msg__rosidl_typesupport_introspection_cpp.hpp
-- Installing: /home/hoapham/ur_ws/install/ur_msgs/include/ur_msgs/ur_msgs/msg/detail/analog__rosidl_typesupport_introspection_cpp.hpp
-- Up-to-date: /home/hoapham/ur_ws/install/ur_msgs/include/ur_msgs/ur_msgs/srv
-- Up-to-date: /home/hoapham/ur_ws/install/ur_msgs/include/ur_msgs/ur_msgs/srv/detail
-- Installing: /home/hoapham/ur_ws/install/ur_msgs/include/ur_msgs/ur_msgs/srv/detail/set_payload__rosidl_typesupport_introspection_cpp.hpp
-- Installing: /home/hoapham/ur_ws/install/ur_msgs/include/ur_msgs/ur_msgs/srv/detail/set_payload__type_support.cpp
-- Installing: /home/hoapham/ur_ws/install/ur_msgs/include/ur_msgs/ur_msgs/srv/detail/get_robot_software_version__rosidl_typesupport_introspection_cpp.hpp
-- Installing: /home/hoapham/ur_ws/install/ur_msgs/include/ur_msgs/ur_msgs/srv/detail/set_force_mode__type_support.cpp
-- Installing: /home/hoapham/ur_ws/install/ur_msgs/include/ur_msgs/ur_msgs/srv/detail/set_analog_output__rosidl_typesupport_introspection_cpp.hpp
-- Installing: /home/hoapham/ur_ws/install/ur_msgs/include/ur_msgs/ur_msgs/srv/detail/set_force_mode__rosidl_typesupport_introspection_cpp.hpp
-- Installing: /home/hoapham/ur_ws/install/ur_msgs/include/ur_msgs/ur_msgs/srv/detail/set_io__type_support.cpp
-- Installing: /home/hoapham/ur_ws/install/ur_msgs/include/ur_msgs/ur_msgs/srv/detail/set_io__rosidl_typesupport_introspection_cpp.hpp
-- Installing: /home/hoapham/ur_ws/install/ur_msgs/include/ur_msgs/ur_msgs/srv/detail/set_speed_slider_fraction__type_support.cpp
-- Installing: /home/hoapham/ur_ws/install/ur_msgs/include/ur_msgs/ur_msgs/srv/detail/set_analog_output__type_support.cpp
-- Installing: /home/hoapham/ur_ws/install/ur_msgs/include/ur_msgs/ur_msgs/srv/detail/get_robot_software_version__type_support.cpp
-- Installing: /home/hoapham/ur_ws/install/ur_msgs/include/ur_msgs/ur_msgs/srv/detail/set_speed_slider_fraction__rosidl_typesupport_introspection_cpp.hpp
-- Up-to-date: /home/hoapham/ur_ws/install/ur_msgs/include/ur_msgs/ur_msgs/action
-- Up-to-date: /home/hoapham/ur_ws/install/ur_msgs/include/ur_msgs/ur_msgs/action/detail
-- Installing: /home/hoapham/ur_ws/install/ur_msgs/include/ur_msgs/ur_msgs/action/detail/tool_contact__rosidl_typesupport_introspection_cpp.hpp
-- Installing: /home/hoapham/ur_ws/install/ur_msgs/include/ur_msgs/ur_msgs/action/detail/tool_contact__type_support.cpp
-- Installing: /home/hoapham/ur_ws/install/ur_msgs/lib/libur_msgs__rosidl_typesupport_introspection_cpp.so
-- Set runtime path of "/home/hoapham/ur_ws/install/ur_msgs/lib/libur_msgs__rosidl_typesupport_introspection_cpp.so" to ""
-- Installing: /home/hoapham/ur_ws/install/ur_msgs/lib/libur_msgs__rosidl_typesupport_cpp.so
-- Set runtime path of "/home/hoapham/ur_ws/install/ur_msgs/lib/libur_msgs__rosidl_typesupport_cpp.so" to ""
-- Installing: /home/hoapham/ur_ws/install/ur_msgs/share/ur_msgs/environment/pythonpath.sh
-- Installing: /home/hoapham/ur_ws/install/ur_msgs/share/ur_msgs/environment/pythonpath.dsv
-- Installing: /home/hoapham/ur_ws/install/ur_msgs/local/lib/python3.10/dist-packages/ur_msgs-2.2.0-py3.10.egg-info
-- Installing: /home/hoapham/ur_ws/install/ur_msgs/local/lib/python3.10/dist-packages/ur_msgs-2.2.0-py3.10.egg-info/dependency_links.txt
-- Installing: /home/hoapham/ur_ws/install/ur_msgs/local/lib/python3.10/dist-packages/ur_msgs-2.2.0-py3.10.egg-info/top_level.txt
-- Installing: /home/hoapham/ur_ws/install/ur_msgs/local/lib/python3.10/dist-packages/ur_msgs-2.2.0-py3.10.egg-info/SOURCES.txt
-- Installing: /home/hoapham/ur_ws/install/ur_msgs/local/lib/python3.10/dist-packages/ur_msgs-2.2.0-py3.10.egg-info/PKG-INFO
-- Installing: /home/hoapham/ur_ws/install/ur_msgs/local/lib/python3.10/dist-packages/ur_msgs
-- Installing: /home/hoapham/ur_ws/install/ur_msgs/local/lib/python3.10/dist-packages/ur_msgs/msg
-- Installing: /home/hoapham/ur_ws/install/ur_msgs/local/lib/python3.10/dist-packages/ur_msgs/msg/_robot_state_rt_msg.py
-- Installing: /home/hoapham/ur_ws/install/ur_msgs/local/lib/python3.10/dist-packages/ur_msgs/msg/_robot_mode_data_msg.py
-- Installing: /home/hoapham/ur_ws/install/ur_msgs/local/lib/python3.10/dist-packages/ur_msgs/msg/__init__.py
-- Installing: /home/hoapham/ur_ws/install/ur_msgs/local/lib/python3.10/dist-packages/ur_msgs/msg/_tool_data_msg.py
-- Installing: /home/hoapham/ur_ws/install/ur_msgs/local/lib/python3.10/dist-packages/ur_msgs/msg/_tool_data_msg_s.c
-- Installing: /home/hoapham/ur_ws/install/ur_msgs/local/lib/python3.10/dist-packages/ur_msgs/msg/_digital_s.c
-- Installing: /home/hoapham/ur_ws/install/ur_msgs/local/lib/python3.10/dist-packages/ur_msgs/msg/_masterboard_data_msg_s.c
-- Installing: /home/hoapham/ur_ws/install/ur_msgs/local/lib/python3.10/dist-packages/ur_msgs/msg/_analog_s.c
-- Installing: /home/hoapham/ur_ws/install/ur_msgs/local/lib/python3.10/dist-packages/ur_msgs/msg/_robot_mode_data_msg_s.c
-- Installing: /home/hoapham/ur_ws/install/ur_msgs/local/lib/python3.10/dist-packages/ur_msgs/msg/_analog.py
-- Installing: /home/hoapham/ur_ws/install/ur_msgs/local/lib/python3.10/dist-packages/ur_msgs/msg/_io_states_s.c
-- Installing: /home/hoapham/ur_ws/install/ur_msgs/local/lib/python3.10/dist-packages/ur_msgs/msg/_robot_state_rt_msg_s.c
-- Installing: /home/hoapham/ur_ws/install/ur_msgs/local/lib/python3.10/dist-packages/ur_msgs/msg/_masterboard_data_msg.py
-- Installing: /home/hoapham/ur_ws/install/ur_msgs/local/lib/python3.10/dist-packages/ur_msgs/msg/_digital.py
-- Installing: /home/hoapham/ur_ws/install/ur_msgs/local/lib/python3.10/dist-packages/ur_msgs/msg/_io_states.py
-- Installing: /home/hoapham/ur_ws/install/ur_msgs/local/lib/python3.10/dist-packages/ur_msgs/__init__.py
-- Installing: /home/hoapham/ur_ws/install/ur_msgs/local/lib/python3.10/dist-packages/ur_msgs/srv
-- Installing: /home/hoapham/ur_ws/install/ur_msgs/local/lib/python3.10/dist-packages/ur_msgs/srv/_set_analog_output.py
-- Installing: /home/hoapham/ur_ws/install/ur_msgs/local/lib/python3.10/dist-packages/ur_msgs/srv/__init__.py
-- Installing: /home/hoapham/ur_ws/install/ur_msgs/local/lib/python3.10/dist-packages/ur_msgs/srv/_set_force_mode_s.c
-- Installing: /home/hoapham/ur_ws/install/ur_msgs/local/lib/python3.10/dist-packages/ur_msgs/srv/_get_robot_software_version_s.c
-- Installing: /home/hoapham/ur_ws/install/ur_msgs/local/lib/python3.10/dist-packages/ur_msgs/srv/_set_force_mode.py
-- Installing: /home/hoapham/ur_ws/install/ur_msgs/local/lib/python3.10/dist-packages/ur_msgs/srv/_set_speed_slider_fraction_s.c
-- Installing: /home/hoapham/ur_ws/install/ur_msgs/local/lib/python3.10/dist-packages/ur_msgs/srv/_set_payload_s.c
-- Installing: /home/hoapham/ur_ws/install/ur_msgs/local/lib/python3.10/dist-packages/ur_msgs/srv/_set_io_s.c
-- Installing: /home/hoapham/ur_ws/install/ur_msgs/local/lib/python3.10/dist-packages/ur_msgs/srv/_set_speed_slider_fraction.py
-- Installing: /home/hoapham/ur_ws/install/ur_msgs/local/lib/python3.10/dist-packages/ur_msgs/srv/_set_payload.py
-- Installing: /home/hoapham/ur_ws/install/ur_msgs/local/lib/python3.10/dist-packages/ur_msgs/srv/_set_io.py
-- Installing: /home/hoapham/ur_ws/install/ur_msgs/local/lib/python3.10/dist-packages/ur_msgs/srv/_get_robot_software_version.py
-- Installing: /home/hoapham/ur_ws/install/ur_msgs/local/lib/python3.10/dist-packages/ur_msgs/srv/_set_analog_output_s.c
-- Installing: /home/hoapham/ur_ws/install/ur_msgs/local/lib/python3.10/dist-packages/ur_msgs/_ur_msgs_s.ep.rosidl_typesupport_c.c
-- Installing: /home/hoapham/ur_ws/install/ur_msgs/local/lib/python3.10/dist-packages/ur_msgs/ur_msgs_s__rosidl_typesupport_introspection_c.cpython-310-x86_64-linux-gnu.so
-- Installing: /home/hoapham/ur_ws/install/ur_msgs/local/lib/python3.10/dist-packages/ur_msgs/action
-- Installing: /home/hoapham/ur_ws/install/ur_msgs/local/lib/python3.10/dist-packages/ur_msgs/action/__init__.py
-- Installing: /home/hoapham/ur_ws/install/ur_msgs/local/lib/python3.10/dist-packages/ur_msgs/action/_tool_contact.py
-- Installing: /home/hoapham/ur_ws/install/ur_msgs/local/lib/python3.10/dist-packages/ur_msgs/action/_tool_contact_s.c
-- Installing: /home/hoapham/ur_ws/install/ur_msgs/local/lib/python3.10/dist-packages/ur_msgs/ur_msgs_s__rosidl_typesupport_fastrtps_c.cpython-310-x86_64-linux-gnu.so
-- Installing: /home/hoapham/ur_ws/install/ur_msgs/local/lib/python3.10/dist-packages/ur_msgs/_ur_msgs_s.ep.rosidl_typesupport_introspection_c.c
-- Installing: /home/hoapham/ur_ws/install/ur_msgs/local/lib/python3.10/dist-packages/ur_msgs/_ur_msgs_s.ep.rosidl_typesupport_fastrtps_c.c
-- Installing: /home/hoapham/ur_ws/install/ur_msgs/local/lib/python3.10/dist-packages/ur_msgs/ur_msgs_s__rosidl_typesupport_c.cpython-310-x86_64-linux-gnu.so
-- Installing: /home/hoapham/ur_ws/install/ur_msgs/local/lib/python3.10/dist-packages/ur_msgs/libur_msgs__rosidl_generator_py.so
Listing '/home/hoapham/ur_ws/install/ur_msgs/local/lib/python3.10/dist-packages/ur_msgs'...
Compiling '/home/hoapham/ur_ws/install/ur_msgs/local/lib/python3.10/dist-packages/ur_msgs/__init__.py'...
Listing '/home/hoapham/ur_ws/install/ur_msgs/local/lib/python3.10/dist-packages/ur_msgs/action'...
Compiling '/home/hoapham/ur_ws/install/ur_msgs/local/lib/python3.10/dist-packages/ur_msgs/action/__init__.py'...
Compiling '/home/hoapham/ur_ws/install/ur_msgs/local/lib/python3.10/dist-packages/ur_msgs/action/_tool_contact.py'...
Listing '/home/hoapham/ur_ws/install/ur_msgs/local/lib/python3.10/dist-packages/ur_msgs/msg'...
Compiling '/home/hoapham/ur_ws/install/ur_msgs/local/lib/python3.10/dist-packages/ur_msgs/msg/__init__.py'...
Compiling '/home/hoapham/ur_ws/install/ur_msgs/local/lib/python3.10/dist-packages/ur_msgs/msg/_analog.py'...
Compiling '/home/hoapham/ur_ws/install/ur_msgs/local/lib/python3.10/dist-packages/ur_msgs/msg/_digital.py'...
Compiling '/home/hoapham/ur_ws/install/ur_msgs/local/lib/python3.10/dist-packages/ur_msgs/msg/_io_states.py'...
Compiling '/home/hoapham/ur_ws/install/ur_msgs/local/lib/python3.10/dist-packages/ur_msgs/msg/_masterboard_data_msg.py'...
Compiling '/home/hoapham/ur_ws/install/ur_msgs/local/lib/python3.10/dist-packages/ur_msgs/msg/_robot_mode_data_msg.py'...
Compiling '/home/hoapham/ur_ws/install/ur_msgs/local/lib/python3.10/dist-packages/ur_msgs/msg/_robot_state_rt_msg.py'...
Compiling '/home/hoapham/ur_ws/install/ur_msgs/local/lib/python3.10/dist-packages/ur_msgs/msg/_tool_data_msg.py'...
Listing '/home/hoapham/ur_ws/install/ur_msgs/local/lib/python3.10/dist-packages/ur_msgs/srv'...
Compiling '/home/hoapham/ur_ws/install/ur_msgs/local/lib/python3.10/dist-packages/ur_msgs/srv/__init__.py'...
Compiling '/home/hoapham/ur_ws/install/ur_msgs/local/lib/python3.10/dist-packages/ur_msgs/srv/_get_robot_software_version.py'...
Compiling '/home/hoapham/ur_ws/install/ur_msgs/local/lib/python3.10/dist-packages/ur_msgs/srv/_set_analog_output.py'...
Compiling '/home/hoapham/ur_ws/install/ur_msgs/local/lib/python3.10/dist-packages/ur_msgs/srv/_set_force_mode.py'...
Compiling '/home/hoapham/ur_ws/install/ur_msgs/local/lib/python3.10/dist-packages/ur_msgs/srv/_set_io.py'...
Compiling '/home/hoapham/ur_ws/install/ur_msgs/local/lib/python3.10/dist-packages/ur_msgs/srv/_set_payload.py'...
Compiling '/home/hoapham/ur_ws/install/ur_msgs/local/lib/python3.10/dist-packages/ur_msgs/srv/_set_speed_slider_fraction.py'...
-- Installing: /home/hoapham/ur_ws/install/ur_msgs/local/lib/python3.10/dist-packages/ur_msgs/ur_msgs_s__rosidl_typesupport_fastrtps_c.cpython-310-x86_64-linux-gnu.so
-- Set runtime path of "/home/hoapham/ur_ws/install/ur_msgs/local/lib/python3.10/dist-packages/ur_msgs/ur_msgs_s__rosidl_typesupport_fastrtps_c.cpython-310-x86_64-linux-gnu.so" to ""
-- Installing: /home/hoapham/ur_ws/install/ur_msgs/local/lib/python3.10/dist-packages/ur_msgs/ur_msgs_s__rosidl_typesupport_introspection_c.cpython-310-x86_64-linux-gnu.so
-- Set runtime path of "/home/hoapham/ur_ws/install/ur_msgs/local/lib/python3.10/dist-packages/ur_msgs/ur_msgs_s__rosidl_typesupport_introspection_c.cpython-310-x86_64-linux-gnu.so" to ""
-- Installing: /home/hoapham/ur_ws/install/ur_msgs/local/lib/python3.10/dist-packages/ur_msgs/ur_msgs_s__rosidl_typesupport_c.cpython-310-x86_64-linux-gnu.so
-- Set runtime path of "/home/hoapham/ur_ws/install/ur_msgs/local/lib/python3.10/dist-packages/ur_msgs/ur_msgs_s__rosidl_typesupport_c.cpython-310-x86_64-linux-gnu.so" to ""
-- Installing: /home/hoapham/ur_ws/install/ur_msgs/lib/libur_msgs__rosidl_generator_py.so
-- Set runtime path of "/home/hoapham/ur_ws/install/ur_msgs/lib/libur_msgs__rosidl_generator_py.so" to ""
-- Installing: /home/hoapham/ur_ws/install/ur_msgs/share/ur_msgs/msg/Analog.idl
-- Installing: /home/hoapham/ur_ws/install/ur_msgs/share/ur_msgs/msg/Digital.idl
-- Installing: /home/hoapham/ur_ws/install/ur_msgs/share/ur_msgs/msg/IOStates.idl
-- Installing: /home/hoapham/ur_ws/install/ur_msgs/share/ur_msgs/msg/RobotStateRTMsg.idl
-- Installing: /home/hoapham/ur_ws/install/ur_msgs/share/ur_msgs/msg/MasterboardDataMsg.idl
-- Installing: /home/hoapham/ur_ws/install/ur_msgs/share/ur_msgs/msg/RobotModeDataMsg.idl
-- Installing: /home/hoapham/ur_ws/install/ur_msgs/share/ur_msgs/msg/ToolDataMsg.idl
-- Installing: /home/hoapham/ur_ws/install/ur_msgs/share/ur_msgs/srv/SetAnalogOutput.idl
-- Installing: /home/hoapham/ur_ws/install/ur_msgs/share/ur_msgs/srv/SetPayload.idl
-- Installing: /home/hoapham/ur_ws/install/ur_msgs/share/ur_msgs/srv/SetSpeedSliderFraction.idl
-- Installing: /home/hoapham/ur_ws/install/ur_msgs/share/ur_msgs/srv/SetIO.idl
-- Installing: /home/hoapham/ur_ws/install/ur_msgs/share/ur_msgs/srv/GetRobotSoftwareVersion.idl
-- Installing: /home/hoapham/ur_ws/install/ur_msgs/share/ur_msgs/srv/SetForceMode.idl
-- Installing: /home/hoapham/ur_ws/install/ur_msgs/share/ur_msgs/action/ToolContact.idl
-- Installing: /home/hoapham/ur_ws/install/ur_msgs/share/ur_msgs/msg/Analog.msg
-- Installing: /home/hoapham/ur_ws/install/ur_msgs/share/ur_msgs/msg/Digital.msg
-- Installing: /home/hoapham/ur_ws/install/ur_msgs/share/ur_msgs/msg/IOStates.msg
-- Installing: /home/hoapham/ur_ws/install/ur_msgs/share/ur_msgs/msg/RobotStateRTMsg.msg
-- Installing: /home/hoapham/ur_ws/install/ur_msgs/share/ur_msgs/msg/MasterboardDataMsg.msg
-- Installing: /home/hoapham/ur_ws/install/ur_msgs/share/ur_msgs/msg/RobotModeDataMsg.msg
-- Installing: /home/hoapham/ur_ws/install/ur_msgs/share/ur_msgs/msg/ToolDataMsg.msg
-- Installing: /home/hoapham/ur_ws/install/ur_msgs/share/ur_msgs/srv/SetAnalogOutput.srv
-- Installing: /home/hoapham/ur_ws/install/ur_msgs/share/ur_msgs/srv/SetAnalogOutput_Request.msg
-- Installing: /home/hoapham/ur_ws/install/ur_msgs/share/ur_msgs/srv/SetAnalogOutput_Response.msg
-- Installing: /home/hoapham/ur_ws/install/ur_msgs/share/ur_msgs/srv/SetPayload.srv
-- Installing: /home/hoapham/ur_ws/install/ur_msgs/share/ur_msgs/srv/SetPayload_Request.msg
-- Installing: /home/hoapham/ur_ws/install/ur_msgs/share/ur_msgs/srv/SetPayload_Response.msg
-- Installing: /home/hoapham/ur_ws/install/ur_msgs/share/ur_msgs/srv/SetSpeedSliderFraction.srv
-- Installing: /home/hoapham/ur_ws/install/ur_msgs/share/ur_msgs/srv/SetSpeedSliderFraction_Request.msg
-- Installing: /home/hoapham/ur_ws/install/ur_msgs/share/ur_msgs/srv/SetSpeedSliderFraction_Response.msg
-- Installing: /home/hoapham/ur_ws/install/ur_msgs/share/ur_msgs/srv/SetIO.srv
-- Installing: /home/hoapham/ur_ws/install/ur_msgs/share/ur_msgs/srv/SetIO_Request.msg
-- Installing: /home/hoapham/ur_ws/install/ur_msgs/share/ur_msgs/srv/SetIO_Response.msg
-- Installing: /home/hoapham/ur_ws/install/ur_msgs/share/ur_msgs/srv/GetRobotSoftwareVersion.srv
-- Installing: /home/hoapham/ur_ws/install/ur_msgs/share/ur_msgs/srv/GetRobotSoftwareVersion_Request.msg
-- Installing: /home/hoapham/ur_ws/install/ur_msgs/share/ur_msgs/srv/GetRobotSoftwareVersion_Response.msg
-- Installing: /home/hoapham/ur_ws/install/ur_msgs/share/ur_msgs/srv/SetForceMode.srv
-- Installing: /home/hoapham/ur_ws/install/ur_msgs/share/ur_msgs/srv/SetForceMode_Request.msg
-- Installing: /home/hoapham/ur_ws/install/ur_msgs/share/ur_msgs/srv/SetForceMode_Response.msg
-- Installing: /home/hoapham/ur_ws/install/ur_msgs/share/ur_msgs/action/ToolContact.action
-- Installing: /home/hoapham/ur_ws/install/ur_msgs/share/ament_index/resource_index/package_run_dependencies/ur_msgs
-- Installing: /home/hoapham/ur_ws/install/ur_msgs/share/ament_index/resource_index/parent_prefix_path/ur_msgs
-- Installing: /home/hoapham/ur_ws/install/ur_msgs/share/ur_msgs/environment/ament_prefix_path.sh
-- Installing: /home/hoapham/ur_ws/install/ur_msgs/share/ur_msgs/environment/ament_prefix_path.dsv
-- Installing: /home/hoapham/ur_ws/install/ur_msgs/share/ur_msgs/environment/path.sh
-- Installing: /home/hoapham/ur_ws/install/ur_msgs/share/ur_msgs/environment/path.dsv
-- Installing: /home/hoapham/ur_ws/install/ur_msgs/share/ur_msgs/local_setup.bash
-- Installing: /home/hoapham/ur_ws/install/ur_msgs/share/ur_msgs/local_setup.sh
-- Installing: /home/hoapham/ur_ws/install/ur_msgs/share/ur_msgs/local_setup.zsh
-- Installing: /home/hoapham/ur_ws/install/ur_msgs/share/ur_msgs/local_setup.dsv
-- Installing: /home/hoapham/ur_ws/install/ur_msgs/share/ur_msgs/package.dsv
-- Installing: /home/hoapham/ur_ws/install/ur_msgs/share/ament_index/resource_index/packages/ur_msgs
-- Installing: /home/hoapham/ur_ws/install/ur_msgs/share/ur_msgs/cmake/export_ur_msgs__rosidl_generator_cExport.cmake
-- Installing: /home/hoapham/ur_ws/install/ur_msgs/share/ur_msgs/cmake/export_ur_msgs__rosidl_generator_cExport-noconfig.cmake
-- Installing: /home/hoapham/ur_ws/install/ur_msgs/share/ur_msgs/cmake/export_ur_msgs__rosidl_typesupport_fastrtps_cExport.cmake
-- Installing: /home/hoapham/ur_ws/install/ur_msgs/share/ur_msgs/cmake/export_ur_msgs__rosidl_typesupport_fastrtps_cExport-noconfig.cmake
-- Installing: /home/hoapham/ur_ws/install/ur_msgs/share/ur_msgs/cmake/export_ur_msgs__rosidl_generator_cppExport.cmake
-- Installing: /home/hoapham/ur_ws/install/ur_msgs/share/ur_msgs/cmake/export_ur_msgs__rosidl_typesupport_fastrtps_cppExport.cmake
-- Installing: /home/hoapham/ur_ws/install/ur_msgs/share/ur_msgs/cmake/export_ur_msgs__rosidl_typesupport_fastrtps_cppExport-noconfig.cmake
-- Installing: /home/hoapham/ur_ws/install/ur_msgs/share/ur_msgs/cmake/ur_msgs__rosidl_typesupport_introspection_cExport.cmake
-- Installing: /home/hoapham/ur_ws/install/ur_msgs/share/ur_msgs/cmake/ur_msgs__rosidl_typesupport_introspection_cExport-noconfig.cmake
-- Installing: /home/hoapham/ur_ws/install/ur_msgs/share/ur_msgs/cmake/ur_msgs__rosidl_typesupport_cExport.cmake
-- Installing: /home/hoapham/ur_ws/install/ur_msgs/share/ur_msgs/cmake/ur_msgs__rosidl_typesupport_cExport-noconfig.cmake
-- Installing: /home/hoapham/ur_ws/install/ur_msgs/share/ur_msgs/cmake/ur_msgs__rosidl_typesupport_introspection_cppExport.cmake
-- Installing: /home/hoapham/ur_ws/install/ur_msgs/share/ur_msgs/cmake/ur_msgs__rosidl_typesupport_introspection_cppExport-noconfig.cmake
-- Installing: /home/hoapham/ur_ws/install/ur_msgs/share/ur_msgs/cmake/ur_msgs__rosidl_typesupport_cppExport.cmake
-- Installing: /home/hoapham/ur_ws/install/ur_msgs/share/ur_msgs/cmake/ur_msgs__rosidl_typesupport_cppExport-noconfig.cmake
-- Installing: /home/hoapham/ur_ws/install/ur_msgs/share/ur_msgs/cmake/export_ur_msgs__rosidl_generator_pyExport.cmake
-- Installing: /home/hoapham/ur_ws/install/ur_msgs/share/ur_msgs/cmake/export_ur_msgs__rosidl_generator_pyExport-noconfig.cmake
-- Installing: /home/hoapham/ur_ws/install/ur_msgs/share/ur_msgs/cmake/rosidl_cmake-extras.cmake
-- Installing: /home/hoapham/ur_ws/install/ur_msgs/share/ur_msgs/cmake/ament_cmake_export_dependencies-extras.cmake
-- Installing: /home/hoapham/ur_ws/install/ur_msgs/share/ur_msgs/cmake/ament_cmake_export_include_directories-extras.cmake
-- Installing: /home/hoapham/ur_ws/install/ur_msgs/share/ur_msgs/cmake/ament_cmake_export_libraries-extras.cmake
-- Installing: /home/hoapham/ur_ws/install/ur_msgs/share/ur_msgs/cmake/ament_cmake_export_targets-extras.cmake
-- Installing: /home/hoapham/ur_ws/install/ur_msgs/share/ur_msgs/cmake/rosidl_cmake_export_typesupport_targets-extras.cmake
-- Installing: /home/hoapham/ur_ws/install/ur_msgs/share/ur_msgs/cmake/rosidl_cmake_export_typesupport_libraries-extras.cmake
-- Installing: /home/hoapham/ur_ws/install/ur_msgs/share/ur_msgs/cmake/ur_msgsConfig.cmake
-- Installing: /home/hoapham/ur_ws/install/ur_msgs/share/ur_msgs/cmake/ur_msgsConfig-version.cmake
-- Installing: /home/hoapham/ur_ws/install/ur_msgs/share/ur_msgs/package.xml
