[0.007s] Invoking command in '/home/hoapham/ur_ws/build/ur_msgs': CMAKE_PREFIX_PATH=/opt/ros/humble /usr/bin/cmake --build /home/hoapham/ur_ws/build/ur_msgs
[0.044s] [35m[1mConsolidate compiler generated dependencies of target ur_msgs__rosidl_generator_c[0m
[0.051s] [  0%] Built target ur_msgs__cpp
[0.054s] [ 12%] Built target ur_msgs__rosidl_generator_c
[0.058s] [ 12%] Built target ament_cmake_python_copy_ur_msgs
[0.059s] [35m[1mConsolidate compiler generated dependencies of target ur_msgs__rosidl_typesupport_fastrtps_cpp[0m
[0.059s] [35m[1mConsolidate compiler generated dependencies of target ur_msgs__rosidl_typesupport_cpp[0m
[0.060s] [35m[1mConsolidate compiler generated dependencies of target ur_msgs__rosidl_typesupport_introspection_cpp[0m
[0.063s] [35m[1mConsolidate compiler generated dependencies of target ur_msgs__rosidl_typesupport_introspection_c[0m
[0.063s] [35m[1mConsolidate compiler generated dependencies of target ur_msgs__rosidl_typesupport_c[0m
[0.063s] [35m[1mConsolidate compiler generated dependencies of target ur_msgs__rosidl_typesupport_fastrtps_c[0m
[0.072s] [ 13%] [32mBuilding C object CMakeFiles/ur_msgs__rosidl_typesupport_introspection_c.dir/rosidl_typesupport_introspection_c/ur_msgs/msg/detail/io_states__type_support.c.o[0m
[0.072s] [ 13%] [32mBuilding CXX object CMakeFiles/ur_msgs__rosidl_typesupport_fastrtps_cpp.dir/rosidl_typesupport_fastrtps_cpp/ur_msgs/msg/detail/dds_fastrtps/tool_data_msg__type_support.cpp.o[0m
[0.072s] [ 13%] [32mBuilding CXX object CMakeFiles/ur_msgs__rosidl_typesupport_fastrtps_cpp.dir/rosidl_typesupport_fastrtps_cpp/ur_msgs/srv/detail/dds_fastrtps/set_analog_output__type_support.cpp.o[0m
[0.072s] [ 25%] Built target ur_msgs__rosidl_typesupport_c
[0.073s] [ 26%] [32mBuilding CXX object CMakeFiles/ur_msgs__rosidl_typesupport_cpp.dir/rosidl_typesupport_cpp/ur_msgs/srv/set_force_mode__type_support.cpp.o[0m
[0.075s] [ 28%] [32m[1mLinking CXX shared library libur_msgs__rosidl_typesupport_introspection_cpp.so[0m
[0.075s] [ 28%] [32mBuilding CXX object CMakeFiles/ur_msgs__rosidl_typesupport_fastrtps_c.dir/rosidl_typesupport_fastrtps_c/ur_msgs/srv/detail/set_analog_output__type_support_c.cpp.o[0m
[0.079s] [ 29%] [32mBuilding CXX object CMakeFiles/ur_msgs__rosidl_typesupport_fastrtps_cpp.dir/rosidl_typesupport_fastrtps_cpp/ur_msgs/srv/detail/dds_fastrtps/set_payload__type_support.cpp.o[0m
[0.105s] [ 30%] [32mBuilding C object CMakeFiles/ur_msgs__rosidl_typesupport_introspection_c.dir/rosidl_typesupport_introspection_c/ur_msgs/msg/detail/robot_state_rt_msg__type_support.c.o[0m
[0.139s] [ 41%] Built target ur_msgs__rosidl_typesupport_introspection_cpp
[0.146s] [ 42%] [32mBuilding CXX object CMakeFiles/ur_msgs__rosidl_typesupport_fastrtps_cpp.dir/rosidl_typesupport_fastrtps_cpp/ur_msgs/srv/detail/dds_fastrtps/set_speed_slider_fraction__type_support.cpp.o[0m
[0.151s] [ 43%] [32mBuilding C object CMakeFiles/ur_msgs__rosidl_typesupport_introspection_c.dir/rosidl_typesupport_introspection_c/ur_msgs/msg/detail/masterboard_data_msg__type_support.c.o[0m
[0.178s] [ 44%] [32mBuilding C object CMakeFiles/ur_msgs__rosidl_typesupport_introspection_c.dir/rosidl_typesupport_introspection_c/ur_msgs/msg/detail/robot_mode_data_msg__type_support.c.o[0m
[0.203s] [ 44%] [32mBuilding C object CMakeFiles/ur_msgs__rosidl_typesupport_introspection_c.dir/rosidl_typesupport_introspection_c/ur_msgs/msg/detail/tool_data_msg__type_support.c.o[0m
[0.214s] running egg_info
[0.215s] writing ur_msgs.egg-info/PKG-INFO
[0.215s] writing dependency_links to ur_msgs.egg-info/dependency_links.txt
[0.215s] writing top-level names to ur_msgs.egg-info/top_level.txt
[0.217s] reading manifest file 'ur_msgs.egg-info/SOURCES.txt'
[0.217s] writing manifest file 'ur_msgs.egg-info/SOURCES.txt'
[0.229s] [ 45%] [32mBuilding C object CMakeFiles/ur_msgs__rosidl_typesupport_introspection_c.dir/rosidl_typesupport_introspection_c/ur_msgs/srv/detail/set_analog_output__type_support.c.o[0m
[0.249s] [ 45%] Built target ament_cmake_python_build_ur_msgs_egg
[0.249s] [ 45%] [32mBuilding CXX object CMakeFiles/ur_msgs__rosidl_typesupport_cpp.dir/rosidl_typesupport_cpp/ur_msgs/action/tool_contact__type_support.cpp.o[0m
[0.256s] [ 47%] [32mBuilding CXX object CMakeFiles/ur_msgs__rosidl_typesupport_fastrtps_c.dir/rosidl_typesupport_fastrtps_c/ur_msgs/srv/detail/set_payload__type_support_c.cpp.o[0m
[0.256s] [ 47%] [32mBuilding C object CMakeFiles/ur_msgs__rosidl_typesupport_introspection_c.dir/rosidl_typesupport_introspection_c/ur_msgs/srv/detail/set_payload__type_support.c.o[0m
[0.285s] [ 47%] [32mBuilding C object CMakeFiles/ur_msgs__rosidl_typesupport_introspection_c.dir/rosidl_typesupport_introspection_c/ur_msgs/srv/detail/set_speed_slider_fraction__type_support.c.o[0m
[0.297s] [ 47%] [32mBuilding CXX object CMakeFiles/ur_msgs__rosidl_typesupport_fastrtps_c.dir/rosidl_typesupport_fastrtps_c/ur_msgs/srv/detail/set_speed_slider_fraction__type_support_c.cpp.o[0m
[0.313s] [ 48%] [32mBuilding C object CMakeFiles/ur_msgs__rosidl_typesupport_introspection_c.dir/rosidl_typesupport_introspection_c/ur_msgs/srv/detail/set_io__type_support.c.o[0m
[0.324s] [ 48%] [32mBuilding CXX object CMakeFiles/ur_msgs__rosidl_typesupport_fastrtps_cpp.dir/rosidl_typesupport_fastrtps_cpp/ur_msgs/srv/detail/dds_fastrtps/set_io__type_support.cpp.o[0m
[0.329s] [ 49%] [32mBuilding CXX object CMakeFiles/ur_msgs__rosidl_typesupport_fastrtps_cpp.dir/rosidl_typesupport_fastrtps_cpp/ur_msgs/srv/detail/dds_fastrtps/get_robot_software_version__type_support.cpp.o[0m
[0.338s] [ 50%] [32mBuilding CXX object CMakeFiles/ur_msgs__rosidl_typesupport_fastrtps_cpp.dir/rosidl_typesupport_fastrtps_cpp/ur_msgs/srv/detail/dds_fastrtps/set_force_mode__type_support.cpp.o[0m
[0.341s] [ 51%] [32mBuilding C object CMakeFiles/ur_msgs__rosidl_typesupport_introspection_c.dir/rosidl_typesupport_introspection_c/ur_msgs/srv/detail/get_robot_software_version__type_support.c.o[0m
[0.368s] [ 52%] [32mBuilding C object CMakeFiles/ur_msgs__rosidl_typesupport_introspection_c.dir/rosidl_typesupport_introspection_c/ur_msgs/srv/detail/set_force_mode__type_support.c.o[0m
[0.400s] [ 52%] [32mBuilding C object CMakeFiles/ur_msgs__rosidl_typesupport_introspection_c.dir/rosidl_typesupport_introspection_c/ur_msgs/action/detail/tool_contact__type_support.c.o[0m
[0.410s] [ 53%] [32mBuilding CXX object CMakeFiles/ur_msgs__rosidl_typesupport_fastrtps_cpp.dir/rosidl_typesupport_fastrtps_cpp/ur_msgs/action/detail/dds_fastrtps/tool_contact__type_support.cpp.o[0m
[0.433s] [ 54%] [32m[1mLinking C shared library libur_msgs__rosidl_typesupport_introspection_c.so[0m
[0.462s] [ 57%] Built target ur_msgs__rosidl_typesupport_introspection_c
[0.469s] [ 58%] [32mBuilding CXX object CMakeFiles/ur_msgs__rosidl_typesupport_fastrtps_c.dir/rosidl_typesupport_fastrtps_c/ur_msgs/srv/detail/set_io__type_support_c.cpp.o[0m
[0.479s] [ 59%] [32mBuilding CXX object CMakeFiles/ur_msgs__rosidl_typesupport_fastrtps_c.dir/rosidl_typesupport_fastrtps_c/ur_msgs/srv/detail/get_robot_software_version__type_support_c.cpp.o[0m
[0.517s] [ 60%] [32mBuilding CXX object CMakeFiles/ur_msgs__rosidl_typesupport_fastrtps_c.dir/rosidl_typesupport_fastrtps_c/ur_msgs/srv/detail/set_force_mode__type_support_c.cpp.o[0m
[0.545s] [ 61%] [32m[1mLinking CXX shared library libur_msgs__rosidl_typesupport_cpp.so[0m
[0.583s] [ 71%] Built target ur_msgs__rosidl_typesupport_cpp
[0.585s] [ 71%] [32mBuilding CXX object CMakeFiles/ur_msgs__rosidl_typesupport_fastrtps_c.dir/rosidl_typesupport_fastrtps_c/ur_msgs/action/detail/tool_contact__type_support_c.cpp.o[0m
[0.763s] [ 71%] [32m[1mLinking CXX shared library libur_msgs__rosidl_typesupport_fastrtps_cpp.so[0m
[0.818s] [ 72%] [32m[1mLinking CXX shared library libur_msgs__rosidl_typesupport_fastrtps_c.so[0m
[0.824s] [ 78%] Built target ur_msgs__rosidl_typesupport_fastrtps_cpp
[0.880s] [ 84%] Built target ur_msgs__rosidl_typesupport_fastrtps_c
[0.898s] [ 84%] Built target ur_msgs
[0.918s] [ 85%] [34m[1mGenerating Python code for ROS interfaces[0m
[2.876s] [ 85%] Built target ur_msgs__py
[2.898s] [ 89%] [32mBuilding C object CMakeFiles/ur_msgs__rosidl_generator_py.dir/rosidl_generator_py/ur_msgs/msg/_tool_data_msg_s.c.o[0m
[2.898s] [ 89%] [32mBuilding C object CMakeFiles/ur_msgs__rosidl_generator_py.dir/rosidl_generator_py/ur_msgs/msg/_analog_s.c.o[0m
[2.898s] [ 89%] [32mBuilding C object CMakeFiles/ur_msgs__rosidl_generator_py.dir/rosidl_generator_py/ur_msgs/msg/_robot_mode_data_msg_s.c.o[0m
[2.898s] [ 89%] [32mBuilding C object CMakeFiles/ur_msgs__rosidl_generator_py.dir/rosidl_generator_py/ur_msgs/msg/_masterboard_data_msg_s.c.o[0m
[2.898s] [ 89%] [32mBuilding C object CMakeFiles/ur_msgs__rosidl_generator_py.dir/rosidl_generator_py/ur_msgs/srv/_set_analog_output_s.c.o[0m
[2.898s] [ 89%] [32mBuilding C object CMakeFiles/ur_msgs__rosidl_generator_py.dir/rosidl_generator_py/ur_msgs/msg/_digital_s.c.o[0m
[2.898s] [ 90%] [32mBuilding C object CMakeFiles/ur_msgs__rosidl_generator_py.dir/rosidl_generator_py/ur_msgs/msg/_io_states_s.c.o[0m
[2.898s] [ 91%] [32mBuilding C object CMakeFiles/ur_msgs__rosidl_generator_py.dir/rosidl_generator_py/ur_msgs/msg/_robot_state_rt_msg_s.c.o[0m
[2.974s] [ 93%] [32mBuilding C object CMakeFiles/ur_msgs__rosidl_generator_py.dir/rosidl_generator_py/ur_msgs/srv/_set_io_s.c.o[0m
[2.974s] [ 93%] [32mBuilding C object CMakeFiles/ur_msgs__rosidl_generator_py.dir/rosidl_generator_py/ur_msgs/srv/_set_payload_s.c.o[0m
[2.974s] [ 93%] [32mBuilding C object CMakeFiles/ur_msgs__rosidl_generator_py.dir/rosidl_generator_py/ur_msgs/srv/_set_speed_slider_fraction_s.c.o[0m
[2.977s] [ 94%] [32mBuilding C object CMakeFiles/ur_msgs__rosidl_generator_py.dir/rosidl_generator_py/ur_msgs/srv/_get_robot_software_version_s.c.o[0m
[2.979s] [ 95%] [32mBuilding C object CMakeFiles/ur_msgs__rosidl_generator_py.dir/rosidl_generator_py/ur_msgs/action/_tool_contact_s.c.o[0m
[2.979s] [ 95%] [32mBuilding C object CMakeFiles/ur_msgs__rosidl_generator_py.dir/rosidl_generator_py/ur_msgs/srv/_set_force_mode_s.c.o[0m
[3.068s] [ 96%] [32m[1mLinking C shared library rosidl_generator_py/ur_msgs/libur_msgs__rosidl_generator_py.so[0m
[3.106s] [ 96%] Built target ur_msgs__rosidl_generator_py
[3.122s] [ 97%] [32mBuilding C object CMakeFiles/ur_msgs__rosidl_typesupport_c__pyext.dir/rosidl_generator_py/ur_msgs/_ur_msgs_s.ep.rosidl_typesupport_c.c.o[0m
[3.122s] [ 98%] [32mBuilding C object CMakeFiles/ur_msgs__rosidl_typesupport_introspection_c__pyext.dir/rosidl_generator_py/ur_msgs/_ur_msgs_s.ep.rosidl_typesupport_introspection_c.c.o[0m
[3.122s] [ 99%] [32mBuilding C object CMakeFiles/ur_msgs__rosidl_typesupport_fastrtps_c__pyext.dir/rosidl_generator_py/ur_msgs/_ur_msgs_s.ep.rosidl_typesupport_fastrtps_c.c.o[0m
[3.234s] [100%] [32m[1mLinking C shared library rosidl_generator_py/ur_msgs/ur_msgs_s__rosidl_typesupport_fastrtps_c.cpython-310-x86_64-linux-gnu.so[0m
[3.234s] [100%] [32m[1mLinking C shared library rosidl_generator_py/ur_msgs/ur_msgs_s__rosidl_typesupport_introspection_c.cpython-310-x86_64-linux-gnu.so[0m
[3.236s] [100%] [32m[1mLinking C shared library rosidl_generator_py/ur_msgs/ur_msgs_s__rosidl_typesupport_c.cpython-310-x86_64-linux-gnu.so[0m
[3.267s] [100%] Built target ur_msgs__rosidl_typesupport_fastrtps_c__pyext
[3.267s] [100%] Built target ur_msgs__rosidl_typesupport_introspection_c__pyext
[3.268s] [100%] Built target ur_msgs__rosidl_typesupport_c__pyext
[3.280s] Invoked command in '/home/hoapham/ur_ws/build/ur_msgs' returned '0': CMAKE_PREFIX_PATH=/opt/ros/humble /usr/bin/cmake --build /home/hoapham/ur_ws/build/ur_msgs
[3.281s] Invoking command in '/home/hoapham/ur_ws/build/ur_msgs': CMAKE_PREFIX_PATH=/opt/ros/humble /usr/bin/cmake --install /home/hoapham/ur_ws/build/ur_msgs
[3.288s] -- Install configuration: ""
[3.288s] -- Installing: /home/hoapham/ur_ws/install/ur_msgs/share/ament_index/resource_index/rosidl_interfaces/ur_msgs
[3.289s] -- Installing: /home/hoapham/ur_ws/install/ur_msgs/include/ur_msgs/ur_msgs
[3.289s] -- Installing: /home/hoapham/ur_ws/install/ur_msgs/include/ur_msgs/ur_msgs/msg
[3.289s] -- Installing: /home/hoapham/ur_ws/install/ur_msgs/include/ur_msgs/ur_msgs/msg/digital.h
[3.289s] -- Installing: /home/hoapham/ur_ws/install/ur_msgs/include/ur_msgs/ur_msgs/msg/detail
[3.289s] -- Installing: /home/hoapham/ur_ws/install/ur_msgs/include/ur_msgs/ur_msgs/msg/detail/digital__functions.h
[3.289s] -- Installing: /home/hoapham/ur_ws/install/ur_msgs/include/ur_msgs/ur_msgs/msg/detail/robot_state_rt_msg__struct.h
[3.289s] -- Installing: /home/hoapham/ur_ws/install/ur_msgs/include/ur_msgs/ur_msgs/msg/detail/analog__struct.h
[3.289s] -- Installing: /home/hoapham/ur_ws/install/ur_msgs/include/ur_msgs/ur_msgs/msg/detail/robot_mode_data_msg__struct.h
[3.289s] -- Installing: /home/hoapham/ur_ws/install/ur_msgs/include/ur_msgs/ur_msgs/msg/detail/io_states__struct.h
[3.289s] -- Installing: /home/hoapham/ur_ws/install/ur_msgs/include/ur_msgs/ur_msgs/msg/detail/io_states__functions.h
[3.290s] -- Installing: /home/hoapham/ur_ws/install/ur_msgs/include/ur_msgs/ur_msgs/msg/detail/tool_data_msg__functions.c
[3.290s] -- Installing: /home/hoapham/ur_ws/install/ur_msgs/include/ur_msgs/ur_msgs/msg/detail/io_states__type_support.h
[3.290s] -- Installing: /home/hoapham/ur_ws/install/ur_msgs/include/ur_msgs/ur_msgs/msg/detail/robot_mode_data_msg__functions.h
[3.290s] -- Installing: /home/hoapham/ur_ws/install/ur_msgs/include/ur_msgs/ur_msgs/msg/detail/masterboard_data_msg__functions.h
[3.290s] -- Installing: /home/hoapham/ur_ws/install/ur_msgs/include/ur_msgs/ur_msgs/msg/detail/robot_state_rt_msg__functions.h
[3.290s] -- Installing: /home/hoapham/ur_ws/install/ur_msgs/include/ur_msgs/ur_msgs/msg/detail/digital__type_support.h
[3.290s] -- Installing: /home/hoapham/ur_ws/install/ur_msgs/include/ur_msgs/ur_msgs/msg/detail/analog__functions.c
[3.290s] -- Installing: /home/hoapham/ur_ws/install/ur_msgs/include/ur_msgs/ur_msgs/msg/detail/robot_state_rt_msg__type_support.h
[3.290s] -- Installing: /home/hoapham/ur_ws/install/ur_msgs/include/ur_msgs/ur_msgs/msg/detail/robot_state_rt_msg__functions.c
[3.290s] -- Installing: /home/hoapham/ur_ws/install/ur_msgs/include/ur_msgs/ur_msgs/msg/detail/masterboard_data_msg__functions.c
[3.290s] -- Installing: /home/hoapham/ur_ws/install/ur_msgs/include/ur_msgs/ur_msgs/msg/detail/tool_data_msg__type_support.h
[3.290s] -- Installing: /home/hoapham/ur_ws/install/ur_msgs/include/ur_msgs/ur_msgs/msg/detail/masterboard_data_msg__type_support.h
[3.290s] -- Installing: /home/hoapham/ur_ws/install/ur_msgs/include/ur_msgs/ur_msgs/msg/detail/tool_data_msg__functions.h
[3.290s] -- Installing: /home/hoapham/ur_ws/install/ur_msgs/include/ur_msgs/ur_msgs/msg/detail/tool_data_msg__struct.h
[3.290s] -- Installing: /home/hoapham/ur_ws/install/ur_msgs/include/ur_msgs/ur_msgs/msg/detail/digital__functions.c
[3.290s] -- Installing: /home/hoapham/ur_ws/install/ur_msgs/include/ur_msgs/ur_msgs/msg/detail/digital__struct.h
[3.290s] -- Installing: /home/hoapham/ur_ws/install/ur_msgs/include/ur_msgs/ur_msgs/msg/detail/masterboard_data_msg__struct.h
[3.290s] -- Installing: /home/hoapham/ur_ws/install/ur_msgs/include/ur_msgs/ur_msgs/msg/detail/robot_mode_data_msg__type_support.h
[3.290s] -- Installing: /home/hoapham/ur_ws/install/ur_msgs/include/ur_msgs/ur_msgs/msg/detail/analog__type_support.h
[3.291s] -- Installing: /home/hoapham/ur_ws/install/ur_msgs/include/ur_msgs/ur_msgs/msg/detail/io_states__functions.c
[3.291s] -- Installing: /home/hoapham/ur_ws/install/ur_msgs/include/ur_msgs/ur_msgs/msg/detail/robot_mode_data_msg__functions.c
[3.291s] -- Installing: /home/hoapham/ur_ws/install/ur_msgs/include/ur_msgs/ur_msgs/msg/detail/analog__functions.h
[3.291s] -- Installing: /home/hoapham/ur_ws/install/ur_msgs/include/ur_msgs/ur_msgs/msg/analog.h
[3.291s] -- Installing: /home/hoapham/ur_ws/install/ur_msgs/include/ur_msgs/ur_msgs/msg/robot_state_rt_msg.h
[3.291s] -- Installing: /home/hoapham/ur_ws/install/ur_msgs/include/ur_msgs/ur_msgs/msg/io_states.h
[3.291s] -- Installing: /home/hoapham/ur_ws/install/ur_msgs/include/ur_msgs/ur_msgs/msg/masterboard_data_msg.h
[3.291s] -- Installing: /home/hoapham/ur_ws/install/ur_msgs/include/ur_msgs/ur_msgs/msg/tool_data_msg.h
[3.291s] -- Installing: /home/hoapham/ur_ws/install/ur_msgs/include/ur_msgs/ur_msgs/msg/robot_mode_data_msg.h
[3.291s] -- Installing: /home/hoapham/ur_ws/install/ur_msgs/include/ur_msgs/ur_msgs/msg/rosidl_generator_c__visibility_control.h
[3.291s] -- Installing: /home/hoapham/ur_ws/install/ur_msgs/include/ur_msgs/ur_msgs/srv
[3.291s] -- Installing: /home/hoapham/ur_ws/install/ur_msgs/include/ur_msgs/ur_msgs/srv/detail
[3.291s] -- Installing: /home/hoapham/ur_ws/install/ur_msgs/include/ur_msgs/ur_msgs/srv/detail/set_analog_output__functions.h
[3.291s] -- Installing: /home/hoapham/ur_ws/install/ur_msgs/include/ur_msgs/ur_msgs/srv/detail/set_speed_slider_fraction__struct.h
[3.292s] -- Installing: /home/hoapham/ur_ws/install/ur_msgs/include/ur_msgs/ur_msgs/srv/detail/get_robot_software_version__functions.c
[3.292s] -- Installing: /home/hoapham/ur_ws/install/ur_msgs/include/ur_msgs/ur_msgs/srv/detail/set_io__functions.c
[3.292s] -- Installing: /home/hoapham/ur_ws/install/ur_msgs/include/ur_msgs/ur_msgs/srv/detail/set_io__functions.h
[3.292s] -- Installing: /home/hoapham/ur_ws/install/ur_msgs/include/ur_msgs/ur_msgs/srv/detail/set_analog_output__type_support.h
[3.292s] -- Installing: /home/hoapham/ur_ws/install/ur_msgs/include/ur_msgs/ur_msgs/srv/detail/set_force_mode__functions.h
[3.292s] -- Installing: /home/hoapham/ur_ws/install/ur_msgs/include/ur_msgs/ur_msgs/srv/detail/set_speed_slider_fraction__functions.c
[3.292s] -- Installing: /home/hoapham/ur_ws/install/ur_msgs/include/ur_msgs/ur_msgs/srv/detail/set_force_mode__type_support.h
[3.292s] -- Installing: /home/hoapham/ur_ws/install/ur_msgs/include/ur_msgs/ur_msgs/srv/detail/set_analog_output__struct.h
[3.292s] -- Installing: /home/hoapham/ur_ws/install/ur_msgs/include/ur_msgs/ur_msgs/srv/detail/set_speed_slider_fraction__type_support.h
[3.292s] -- Installing: /home/hoapham/ur_ws/install/ur_msgs/include/ur_msgs/ur_msgs/srv/detail/get_robot_software_version__functions.h
[3.292s] -- Installing: /home/hoapham/ur_ws/install/ur_msgs/include/ur_msgs/ur_msgs/srv/detail/get_robot_software_version__type_support.h
[3.292s] -- Installing: /home/hoapham/ur_ws/install/ur_msgs/include/ur_msgs/ur_msgs/srv/detail/set_payload__struct.h
[3.292s] -- Installing: /home/hoapham/ur_ws/install/ur_msgs/include/ur_msgs/ur_msgs/srv/detail/set_payload__type_support.h
[3.293s] -- Installing: /home/hoapham/ur_ws/install/ur_msgs/include/ur_msgs/ur_msgs/srv/detail/set_speed_slider_fraction__functions.h
[3.293s] -- Installing: /home/hoapham/ur_ws/install/ur_msgs/include/ur_msgs/ur_msgs/srv/detail/set_force_mode__functions.c
[3.293s] -- Installing: /home/hoapham/ur_ws/install/ur_msgs/include/ur_msgs/ur_msgs/srv/detail/set_io__type_support.h
[3.293s] -- Installing: /home/hoapham/ur_ws/install/ur_msgs/include/ur_msgs/ur_msgs/srv/detail/set_force_mode__struct.h
[3.293s] -- Installing: /home/hoapham/ur_ws/install/ur_msgs/include/ur_msgs/ur_msgs/srv/detail/set_payload__functions.h
[3.293s] -- Installing: /home/hoapham/ur_ws/install/ur_msgs/include/ur_msgs/ur_msgs/srv/detail/set_analog_output__functions.c
[3.293s] -- Installing: /home/hoapham/ur_ws/install/ur_msgs/include/ur_msgs/ur_msgs/srv/detail/get_robot_software_version__struct.h
[3.293s] -- Installing: /home/hoapham/ur_ws/install/ur_msgs/include/ur_msgs/ur_msgs/srv/detail/set_io__struct.h
[3.293s] -- Installing: /home/hoapham/ur_ws/install/ur_msgs/include/ur_msgs/ur_msgs/srv/detail/set_payload__functions.c
[3.293s] -- Installing: /home/hoapham/ur_ws/install/ur_msgs/include/ur_msgs/ur_msgs/srv/set_io.h
[3.293s] -- Installing: /home/hoapham/ur_ws/install/ur_msgs/include/ur_msgs/ur_msgs/srv/set_force_mode.h
[3.293s] -- Installing: /home/hoapham/ur_ws/install/ur_msgs/include/ur_msgs/ur_msgs/srv/set_payload.h
[3.294s] -- Installing: /home/hoapham/ur_ws/install/ur_msgs/include/ur_msgs/ur_msgs/srv/get_robot_software_version.h
[3.294s] -- Installing: /home/hoapham/ur_ws/install/ur_msgs/include/ur_msgs/ur_msgs/srv/set_analog_output.h
[3.294s] -- Installing: /home/hoapham/ur_ws/install/ur_msgs/include/ur_msgs/ur_msgs/srv/set_speed_slider_fraction.h
[3.294s] -- Installing: /home/hoapham/ur_ws/install/ur_msgs/include/ur_msgs/ur_msgs/action
[3.294s] -- Installing: /home/hoapham/ur_ws/install/ur_msgs/include/ur_msgs/ur_msgs/action/detail
[3.294s] -- Installing: /home/hoapham/ur_ws/install/ur_msgs/include/ur_msgs/ur_msgs/action/detail/tool_contact__struct.h
[3.294s] -- Installing: /home/hoapham/ur_ws/install/ur_msgs/include/ur_msgs/ur_msgs/action/detail/tool_contact__functions.h
[3.294s] -- Installing: /home/hoapham/ur_ws/install/ur_msgs/include/ur_msgs/ur_msgs/action/detail/tool_contact__functions.c
[3.294s] -- Installing: /home/hoapham/ur_ws/install/ur_msgs/include/ur_msgs/ur_msgs/action/detail/tool_contact__type_support.h
[3.294s] -- Installing: /home/hoapham/ur_ws/install/ur_msgs/include/ur_msgs/ur_msgs/action/tool_contact.h
[3.295s] -- Installing: /home/hoapham/ur_ws/install/ur_msgs/share/ur_msgs/environment/library_path.sh
[3.295s] -- Installing: /home/hoapham/ur_ws/install/ur_msgs/share/ur_msgs/environment/library_path.dsv
[3.295s] -- Installing: /home/hoapham/ur_ws/install/ur_msgs/lib/libur_msgs__rosidl_generator_c.so
[3.295s] -- Set runtime path of "/home/hoapham/ur_ws/install/ur_msgs/lib/libur_msgs__rosidl_generator_c.so" to ""
[3.295s] -- Up-to-date: /home/hoapham/ur_ws/install/ur_msgs/include/ur_msgs/ur_msgs
[3.295s] -- Up-to-date: /home/hoapham/ur_ws/install/ur_msgs/include/ur_msgs/ur_msgs/msg
[3.295s] -- Up-to-date: /home/hoapham/ur_ws/install/ur_msgs/include/ur_msgs/ur_msgs/msg/detail
[3.296s] -- Installing: /home/hoapham/ur_ws/install/ur_msgs/include/ur_msgs/ur_msgs/msg/detail/io_states__rosidl_typesupport_fastrtps_c.h
[3.296s] -- Installing: /home/hoapham/ur_ws/install/ur_msgs/include/ur_msgs/ur_msgs/msg/detail/robot_mode_data_msg__rosidl_typesupport_fastrtps_c.h
[3.296s] -- Installing: /home/hoapham/ur_ws/install/ur_msgs/include/ur_msgs/ur_msgs/msg/detail/robot_state_rt_msg__rosidl_typesupport_fastrtps_c.h
[3.296s] -- Installing: /home/hoapham/ur_ws/install/ur_msgs/include/ur_msgs/ur_msgs/msg/detail/tool_data_msg__rosidl_typesupport_fastrtps_c.h
[3.296s] -- Installing: /home/hoapham/ur_ws/install/ur_msgs/include/ur_msgs/ur_msgs/msg/detail/analog__rosidl_typesupport_fastrtps_c.h
[3.296s] -- Installing: /home/hoapham/ur_ws/install/ur_msgs/include/ur_msgs/ur_msgs/msg/detail/digital__rosidl_typesupport_fastrtps_c.h
[3.296s] -- Installing: /home/hoapham/ur_ws/install/ur_msgs/include/ur_msgs/ur_msgs/msg/detail/masterboard_data_msg__rosidl_typesupport_fastrtps_c.h
[3.296s] -- Installing: /home/hoapham/ur_ws/install/ur_msgs/include/ur_msgs/ur_msgs/msg/rosidl_typesupport_fastrtps_c__visibility_control.h
[3.296s] -- Up-to-date: /home/hoapham/ur_ws/install/ur_msgs/include/ur_msgs/ur_msgs/srv
[3.296s] -- Up-to-date: /home/hoapham/ur_ws/install/ur_msgs/include/ur_msgs/ur_msgs/srv/detail
[3.296s] -- Installing: /home/hoapham/ur_ws/install/ur_msgs/include/ur_msgs/ur_msgs/srv/detail/set_io__rosidl_typesupport_fastrtps_c.h
[3.296s] -- Installing: /home/hoapham/ur_ws/install/ur_msgs/include/ur_msgs/ur_msgs/srv/detail/set_payload__rosidl_typesupport_fastrtps_c.h
[3.296s] -- Installing: /home/hoapham/ur_ws/install/ur_msgs/include/ur_msgs/ur_msgs/srv/detail/set_force_mode__rosidl_typesupport_fastrtps_c.h
[3.296s] -- Installing: /home/hoapham/ur_ws/install/ur_msgs/include/ur_msgs/ur_msgs/srv/detail/get_robot_software_version__rosidl_typesupport_fastrtps_c.h
[3.296s] -- Installing: /home/hoapham/ur_ws/install/ur_msgs/include/ur_msgs/ur_msgs/srv/detail/set_analog_output__rosidl_typesupport_fastrtps_c.h
[3.296s] -- Installing: /home/hoapham/ur_ws/install/ur_msgs/include/ur_msgs/ur_msgs/srv/detail/set_speed_slider_fraction__rosidl_typesupport_fastrtps_c.h
[3.296s] -- Up-to-date: /home/hoapham/ur_ws/install/ur_msgs/include/ur_msgs/ur_msgs/action
[3.296s] -- Up-to-date: /home/hoapham/ur_ws/install/ur_msgs/include/ur_msgs/ur_msgs/action/detail
[3.296s] -- Installing: /home/hoapham/ur_ws/install/ur_msgs/include/ur_msgs/ur_msgs/action/detail/tool_contact__rosidl_typesupport_fastrtps_c.h
[3.296s] -- Installing: /home/hoapham/ur_ws/install/ur_msgs/lib/libur_msgs__rosidl_typesupport_fastrtps_c.so
[3.297s] -- Set runtime path of "/home/hoapham/ur_ws/install/ur_msgs/lib/libur_msgs__rosidl_typesupport_fastrtps_c.so" to ""
[3.297s] -- Up-to-date: /home/hoapham/ur_ws/install/ur_msgs/include/ur_msgs/ur_msgs
[3.297s] -- Up-to-date: /home/hoapham/ur_ws/install/ur_msgs/include/ur_msgs/ur_msgs/msg
[3.297s] -- Installing: /home/hoapham/ur_ws/install/ur_msgs/include/ur_msgs/ur_msgs/msg/robot_state_rt_msg.hpp
[3.297s] -- Up-to-date: /home/hoapham/ur_ws/install/ur_msgs/include/ur_msgs/ur_msgs/msg/detail
[3.297s] -- Installing: /home/hoapham/ur_ws/install/ur_msgs/include/ur_msgs/ur_msgs/msg/detail/io_states__builder.hpp
[3.297s] -- Installing: /home/hoapham/ur_ws/install/ur_msgs/include/ur_msgs/ur_msgs/msg/detail/digital__type_support.hpp
[3.297s] -- Installing: /home/hoapham/ur_ws/install/ur_msgs/include/ur_msgs/ur_msgs/msg/detail/tool_data_msg__builder.hpp
[3.297s] -- Installing: /home/hoapham/ur_ws/install/ur_msgs/include/ur_msgs/ur_msgs/msg/detail/tool_data_msg__type_support.hpp
[3.297s] -- Installing: /home/hoapham/ur_ws/install/ur_msgs/include/ur_msgs/ur_msgs/msg/detail/digital__traits.hpp
[3.297s] -- Installing: /home/hoapham/ur_ws/install/ur_msgs/include/ur_msgs/ur_msgs/msg/detail/robot_state_rt_msg__type_support.hpp
[3.297s] -- Installing: /home/hoapham/ur_ws/install/ur_msgs/include/ur_msgs/ur_msgs/msg/detail/robot_mode_data_msg__builder.hpp
[3.297s] -- Installing: /home/hoapham/ur_ws/install/ur_msgs/include/ur_msgs/ur_msgs/msg/detail/io_states__struct.hpp
[3.298s] -- Installing: /home/hoapham/ur_ws/install/ur_msgs/include/ur_msgs/ur_msgs/msg/detail/analog__type_support.hpp
[3.298s] -- Installing: /home/hoapham/ur_ws/install/ur_msgs/include/ur_msgs/ur_msgs/msg/detail/tool_data_msg__traits.hpp
[3.298s] -- Installing: /home/hoapham/ur_ws/install/ur_msgs/include/ur_msgs/ur_msgs/msg/detail/analog__traits.hpp
[3.298s] -- Installing: /home/hoapham/ur_ws/install/ur_msgs/include/ur_msgs/ur_msgs/msg/detail/robot_state_rt_msg__struct.hpp
[3.298s] -- Installing: /home/hoapham/ur_ws/install/ur_msgs/include/ur_msgs/ur_msgs/msg/detail/robot_mode_data_msg__struct.hpp
[3.298s] -- Installing: /home/hoapham/ur_ws/install/ur_msgs/include/ur_msgs/ur_msgs/msg/detail/masterboard_data_msg__struct.hpp
[3.298s] -- Installing: /home/hoapham/ur_ws/install/ur_msgs/include/ur_msgs/ur_msgs/msg/detail/robot_state_rt_msg__traits.hpp
[3.298s] -- Installing: /home/hoapham/ur_ws/install/ur_msgs/include/ur_msgs/ur_msgs/msg/detail/digital__builder.hpp
[3.298s] -- Installing: /home/hoapham/ur_ws/install/ur_msgs/include/ur_msgs/ur_msgs/msg/detail/analog__builder.hpp
[3.298s] -- Installing: /home/hoapham/ur_ws/install/ur_msgs/include/ur_msgs/ur_msgs/msg/detail/analog__struct.hpp
[3.298s] -- Installing: /home/hoapham/ur_ws/install/ur_msgs/include/ur_msgs/ur_msgs/msg/detail/robot_mode_data_msg__type_support.hpp
[3.298s] -- Installing: /home/hoapham/ur_ws/install/ur_msgs/include/ur_msgs/ur_msgs/msg/detail/masterboard_data_msg__traits.hpp
[3.299s] -- Installing: /home/hoapham/ur_ws/install/ur_msgs/include/ur_msgs/ur_msgs/msg/detail/io_states__type_support.hpp
[3.299s] -- Installing: /home/hoapham/ur_ws/install/ur_msgs/include/ur_msgs/ur_msgs/msg/detail/tool_data_msg__struct.hpp
[3.299s] -- Installing: /home/hoapham/ur_ws/install/ur_msgs/include/ur_msgs/ur_msgs/msg/detail/robot_mode_data_msg__traits.hpp
[3.299s] -- Installing: /home/hoapham/ur_ws/install/ur_msgs/include/ur_msgs/ur_msgs/msg/detail/robot_state_rt_msg__builder.hpp
[3.299s] -- Installing: /home/hoapham/ur_ws/install/ur_msgs/include/ur_msgs/ur_msgs/msg/detail/masterboard_data_msg__type_support.hpp
[3.299s] -- Installing: /home/hoapham/ur_ws/install/ur_msgs/include/ur_msgs/ur_msgs/msg/detail/digital__struct.hpp
[3.299s] -- Installing: /home/hoapham/ur_ws/install/ur_msgs/include/ur_msgs/ur_msgs/msg/detail/masterboard_data_msg__builder.hpp
[3.299s] -- Installing: /home/hoapham/ur_ws/install/ur_msgs/include/ur_msgs/ur_msgs/msg/detail/io_states__traits.hpp
[3.299s] -- Installing: /home/hoapham/ur_ws/install/ur_msgs/include/ur_msgs/ur_msgs/msg/robot_mode_data_msg.hpp
[3.299s] -- Installing: /home/hoapham/ur_ws/install/ur_msgs/include/ur_msgs/ur_msgs/msg/tool_data_msg.hpp
[3.299s] -- Installing: /home/hoapham/ur_ws/install/ur_msgs/include/ur_msgs/ur_msgs/msg/io_states.hpp
[3.299s] -- Installing: /home/hoapham/ur_ws/install/ur_msgs/include/ur_msgs/ur_msgs/msg/rosidl_generator_cpp__visibility_control.hpp
[3.300s] -- Installing: /home/hoapham/ur_ws/install/ur_msgs/include/ur_msgs/ur_msgs/msg/masterboard_data_msg.hpp
[3.300s] -- Installing: /home/hoapham/ur_ws/install/ur_msgs/include/ur_msgs/ur_msgs/msg/digital.hpp
[3.300s] -- Installing: /home/hoapham/ur_ws/install/ur_msgs/include/ur_msgs/ur_msgs/msg/analog.hpp
[3.300s] -- Up-to-date: /home/hoapham/ur_ws/install/ur_msgs/include/ur_msgs/ur_msgs/srv
[3.300s] -- Installing: /home/hoapham/ur_ws/install/ur_msgs/include/ur_msgs/ur_msgs/srv/set_io.hpp
[3.300s] -- Up-to-date: /home/hoapham/ur_ws/install/ur_msgs/include/ur_msgs/ur_msgs/srv/detail
[3.300s] -- Installing: /home/hoapham/ur_ws/install/ur_msgs/include/ur_msgs/ur_msgs/srv/detail/set_force_mode__builder.hpp
[3.300s] -- Installing: /home/hoapham/ur_ws/install/ur_msgs/include/ur_msgs/ur_msgs/srv/detail/get_robot_software_version__type_support.hpp
[3.300s] -- Installing: /home/hoapham/ur_ws/install/ur_msgs/include/ur_msgs/ur_msgs/srv/detail/set_analog_output__type_support.hpp
[3.300s] -- Installing: /home/hoapham/ur_ws/install/ur_msgs/include/ur_msgs/ur_msgs/srv/detail/set_analog_output__builder.hpp
[3.300s] -- Installing: /home/hoapham/ur_ws/install/ur_msgs/include/ur_msgs/ur_msgs/srv/detail/set_payload__traits.hpp
[3.300s] -- Installing: /home/hoapham/ur_ws/install/ur_msgs/include/ur_msgs/ur_msgs/srv/detail/set_speed_slider_fraction__type_support.hpp
[3.300s] -- Installing: /home/hoapham/ur_ws/install/ur_msgs/include/ur_msgs/ur_msgs/srv/detail/set_speed_slider_fraction__builder.hpp
[3.300s] -- Installing: /home/hoapham/ur_ws/install/ur_msgs/include/ur_msgs/ur_msgs/srv/detail/get_robot_software_version__traits.hpp
[3.301s] -- Installing: /home/hoapham/ur_ws/install/ur_msgs/include/ur_msgs/ur_msgs/srv/detail/set_analog_output__traits.hpp
[3.301s] -- Installing: /home/hoapham/ur_ws/install/ur_msgs/include/ur_msgs/ur_msgs/srv/detail/set_payload__type_support.hpp
[3.301s] -- Installing: /home/hoapham/ur_ws/install/ur_msgs/include/ur_msgs/ur_msgs/srv/detail/set_io__struct.hpp
[3.301s] -- Installing: /home/hoapham/ur_ws/install/ur_msgs/include/ur_msgs/ur_msgs/srv/detail/set_io__type_support.hpp
[3.301s] -- Installing: /home/hoapham/ur_ws/install/ur_msgs/include/ur_msgs/ur_msgs/srv/detail/set_speed_slider_fraction__traits.hpp
[3.301s] -- Installing: /home/hoapham/ur_ws/install/ur_msgs/include/ur_msgs/ur_msgs/srv/detail/set_force_mode__type_support.hpp
[3.301s] -- Installing: /home/hoapham/ur_ws/install/ur_msgs/include/ur_msgs/ur_msgs/srv/detail/set_analog_output__struct.hpp
[3.301s] -- Installing: /home/hoapham/ur_ws/install/ur_msgs/include/ur_msgs/ur_msgs/srv/detail/set_payload__builder.hpp
[3.301s] -- Installing: /home/hoapham/ur_ws/install/ur_msgs/include/ur_msgs/ur_msgs/srv/detail/get_robot_software_version__builder.hpp
[3.301s] -- Installing: /home/hoapham/ur_ws/install/ur_msgs/include/ur_msgs/ur_msgs/srv/detail/set_io__traits.hpp
[3.301s] -- Installing: /home/hoapham/ur_ws/install/ur_msgs/include/ur_msgs/ur_msgs/srv/detail/set_force_mode__traits.hpp
[3.301s] -- Installing: /home/hoapham/ur_ws/install/ur_msgs/include/ur_msgs/ur_msgs/srv/detail/set_payload__struct.hpp
[3.302s] -- Installing: /home/hoapham/ur_ws/install/ur_msgs/include/ur_msgs/ur_msgs/srv/detail/set_force_mode__struct.hpp
[3.302s] -- Installing: /home/hoapham/ur_ws/install/ur_msgs/include/ur_msgs/ur_msgs/srv/detail/get_robot_software_version__struct.hpp
[3.302s] -- Installing: /home/hoapham/ur_ws/install/ur_msgs/include/ur_msgs/ur_msgs/srv/detail/set_speed_slider_fraction__struct.hpp
[3.302s] -- Installing: /home/hoapham/ur_ws/install/ur_msgs/include/ur_msgs/ur_msgs/srv/detail/set_io__builder.hpp
[3.302s] -- Installing: /home/hoapham/ur_ws/install/ur_msgs/include/ur_msgs/ur_msgs/srv/set_speed_slider_fraction.hpp
[3.302s] -- Installing: /home/hoapham/ur_ws/install/ur_msgs/include/ur_msgs/ur_msgs/srv/set_analog_output.hpp
[3.302s] -- Installing: /home/hoapham/ur_ws/install/ur_msgs/include/ur_msgs/ur_msgs/srv/set_force_mode.hpp
[3.302s] -- Installing: /home/hoapham/ur_ws/install/ur_msgs/include/ur_msgs/ur_msgs/srv/set_payload.hpp
[3.302s] -- Installing: /home/hoapham/ur_ws/install/ur_msgs/include/ur_msgs/ur_msgs/srv/get_robot_software_version.hpp
[3.302s] -- Up-to-date: /home/hoapham/ur_ws/install/ur_msgs/include/ur_msgs/ur_msgs/action
[3.302s] -- Up-to-date: /home/hoapham/ur_ws/install/ur_msgs/include/ur_msgs/ur_msgs/action/detail
[3.302s] -- Installing: /home/hoapham/ur_ws/install/ur_msgs/include/ur_msgs/ur_msgs/action/detail/tool_contact__type_support.hpp
[3.302s] -- Installing: /home/hoapham/ur_ws/install/ur_msgs/include/ur_msgs/ur_msgs/action/detail/tool_contact__struct.hpp
[3.303s] -- Installing: /home/hoapham/ur_ws/install/ur_msgs/include/ur_msgs/ur_msgs/action/detail/tool_contact__builder.hpp
[3.303s] -- Installing: /home/hoapham/ur_ws/install/ur_msgs/include/ur_msgs/ur_msgs/action/detail/tool_contact__traits.hpp
[3.303s] -- Installing: /home/hoapham/ur_ws/install/ur_msgs/include/ur_msgs/ur_msgs/action/tool_contact.hpp
[3.303s] -- Up-to-date: /home/hoapham/ur_ws/install/ur_msgs/include/ur_msgs/ur_msgs
[3.303s] -- Up-to-date: /home/hoapham/ur_ws/install/ur_msgs/include/ur_msgs/ur_msgs/msg
[3.303s] -- Up-to-date: /home/hoapham/ur_ws/install/ur_msgs/include/ur_msgs/ur_msgs/msg/detail
[3.303s] -- Installing: /home/hoapham/ur_ws/install/ur_msgs/include/ur_msgs/ur_msgs/msg/detail/masterboard_data_msg__rosidl_typesupport_fastrtps_cpp.hpp
[3.303s] -- Installing: /home/hoapham/ur_ws/install/ur_msgs/include/ur_msgs/ur_msgs/msg/detail/robot_mode_data_msg__rosidl_typesupport_fastrtps_cpp.hpp
[3.303s] -- Installing: /home/hoapham/ur_ws/install/ur_msgs/include/ur_msgs/ur_msgs/msg/detail/io_states__rosidl_typesupport_fastrtps_cpp.hpp
[3.303s] -- Installing: /home/hoapham/ur_ws/install/ur_msgs/include/ur_msgs/ur_msgs/msg/detail/dds_fastrtps
[3.303s] -- Installing: /home/hoapham/ur_ws/install/ur_msgs/include/ur_msgs/ur_msgs/msg/detail/analog__rosidl_typesupport_fastrtps_cpp.hpp
[3.303s] -- Installing: /home/hoapham/ur_ws/install/ur_msgs/include/ur_msgs/ur_msgs/msg/detail/tool_data_msg__rosidl_typesupport_fastrtps_cpp.hpp
[3.303s] -- Installing: /home/hoapham/ur_ws/install/ur_msgs/include/ur_msgs/ur_msgs/msg/detail/digital__rosidl_typesupport_fastrtps_cpp.hpp
[3.303s] -- Installing: /home/hoapham/ur_ws/install/ur_msgs/include/ur_msgs/ur_msgs/msg/detail/robot_state_rt_msg__rosidl_typesupport_fastrtps_cpp.hpp
[3.304s] -- Installing: /home/hoapham/ur_ws/install/ur_msgs/include/ur_msgs/ur_msgs/msg/rosidl_typesupport_fastrtps_cpp__visibility_control.h
[3.304s] -- Up-to-date: /home/hoapham/ur_ws/install/ur_msgs/include/ur_msgs/ur_msgs/srv
[3.304s] -- Up-to-date: /home/hoapham/ur_ws/install/ur_msgs/include/ur_msgs/ur_msgs/srv/detail
[3.304s] -- Installing: /home/hoapham/ur_ws/install/ur_msgs/include/ur_msgs/ur_msgs/srv/detail/set_speed_slider_fraction__rosidl_typesupport_fastrtps_cpp.hpp
[3.304s] -- Installing: /home/hoapham/ur_ws/install/ur_msgs/include/ur_msgs/ur_msgs/srv/detail/set_io__rosidl_typesupport_fastrtps_cpp.hpp
[3.304s] -- Installing: /home/hoapham/ur_ws/install/ur_msgs/include/ur_msgs/ur_msgs/srv/detail/dds_fastrtps
[3.304s] -- Installing: /home/hoapham/ur_ws/install/ur_msgs/include/ur_msgs/ur_msgs/srv/detail/set_analog_output__rosidl_typesupport_fastrtps_cpp.hpp
[3.304s] -- Installing: /home/hoapham/ur_ws/install/ur_msgs/include/ur_msgs/ur_msgs/srv/detail/get_robot_software_version__rosidl_typesupport_fastrtps_cpp.hpp
[3.304s] -- Installing: /home/hoapham/ur_ws/install/ur_msgs/include/ur_msgs/ur_msgs/srv/detail/set_force_mode__rosidl_typesupport_fastrtps_cpp.hpp
[3.304s] -- Installing: /home/hoapham/ur_ws/install/ur_msgs/include/ur_msgs/ur_msgs/srv/detail/set_payload__rosidl_typesupport_fastrtps_cpp.hpp
[3.304s] -- Up-to-date: /home/hoapham/ur_ws/install/ur_msgs/include/ur_msgs/ur_msgs/action
[3.304s] -- Up-to-date: /home/hoapham/ur_ws/install/ur_msgs/include/ur_msgs/ur_msgs/action/detail
[3.304s] -- Installing: /home/hoapham/ur_ws/install/ur_msgs/include/ur_msgs/ur_msgs/action/detail/tool_contact__rosidl_typesupport_fastrtps_cpp.hpp
[3.305s] -- Installing: /home/hoapham/ur_ws/install/ur_msgs/include/ur_msgs/ur_msgs/action/detail/dds_fastrtps
[3.305s] -- Installing: /home/hoapham/ur_ws/install/ur_msgs/lib/libur_msgs__rosidl_typesupport_fastrtps_cpp.so
[3.305s] -- Set runtime path of "/home/hoapham/ur_ws/install/ur_msgs/lib/libur_msgs__rosidl_typesupport_fastrtps_cpp.so" to ""
[3.305s] -- Up-to-date: /home/hoapham/ur_ws/install/ur_msgs/include/ur_msgs/ur_msgs
[3.305s] -- Up-to-date: /home/hoapham/ur_ws/install/ur_msgs/include/ur_msgs/ur_msgs/msg
[3.305s] -- Up-to-date: /home/hoapham/ur_ws/install/ur_msgs/include/ur_msgs/ur_msgs/msg/detail
[3.305s] -- Installing: /home/hoapham/ur_ws/install/ur_msgs/include/ur_msgs/ur_msgs/msg/detail/masterboard_data_msg__rosidl_typesupport_introspection_c.h
[3.305s] -- Installing: /home/hoapham/ur_ws/install/ur_msgs/include/ur_msgs/ur_msgs/msg/detail/analog__type_support.c
[3.305s] -- Installing: /home/hoapham/ur_ws/install/ur_msgs/include/ur_msgs/ur_msgs/msg/detail/analog__rosidl_typesupport_introspection_c.h
[3.305s] -- Installing: /home/hoapham/ur_ws/install/ur_msgs/include/ur_msgs/ur_msgs/msg/detail/robot_state_rt_msg__type_support.c
[3.305s] -- Installing: /home/hoapham/ur_ws/install/ur_msgs/include/ur_msgs/ur_msgs/msg/detail/io_states__rosidl_typesupport_introspection_c.h
[3.306s] -- Installing: /home/hoapham/ur_ws/install/ur_msgs/include/ur_msgs/ur_msgs/msg/detail/robot_mode_data_msg__rosidl_typesupport_introspection_c.h
[3.306s] -- Installing: /home/hoapham/ur_ws/install/ur_msgs/include/ur_msgs/ur_msgs/msg/detail/robot_state_rt_msg__rosidl_typesupport_introspection_c.h
[3.306s] -- Installing: /home/hoapham/ur_ws/install/ur_msgs/include/ur_msgs/ur_msgs/msg/detail/tool_data_msg__rosidl_typesupport_introspection_c.h
[3.306s] -- Installing: /home/hoapham/ur_ws/install/ur_msgs/include/ur_msgs/ur_msgs/msg/detail/masterboard_data_msg__type_support.c
[3.306s] -- Installing: /home/hoapham/ur_ws/install/ur_msgs/include/ur_msgs/ur_msgs/msg/detail/digital__rosidl_typesupport_introspection_c.h
[3.306s] -- Installing: /home/hoapham/ur_ws/install/ur_msgs/include/ur_msgs/ur_msgs/msg/detail/robot_mode_data_msg__type_support.c
[3.306s] -- Installing: /home/hoapham/ur_ws/install/ur_msgs/include/ur_msgs/ur_msgs/msg/detail/digital__type_support.c
[3.306s] -- Installing: /home/hoapham/ur_ws/install/ur_msgs/include/ur_msgs/ur_msgs/msg/detail/tool_data_msg__type_support.c
[3.306s] -- Installing: /home/hoapham/ur_ws/install/ur_msgs/include/ur_msgs/ur_msgs/msg/detail/io_states__type_support.c
[3.306s] -- Installing: /home/hoapham/ur_ws/install/ur_msgs/include/ur_msgs/ur_msgs/msg/rosidl_typesupport_introspection_c__visibility_control.h
[3.306s] -- Up-to-date: /home/hoapham/ur_ws/install/ur_msgs/include/ur_msgs/ur_msgs/srv
[3.306s] -- Up-to-date: /home/hoapham/ur_ws/install/ur_msgs/include/ur_msgs/ur_msgs/srv/detail
[3.306s] -- Installing: /home/hoapham/ur_ws/install/ur_msgs/include/ur_msgs/ur_msgs/srv/detail/set_io__rosidl_typesupport_introspection_c.h
[3.307s] -- Installing: /home/hoapham/ur_ws/install/ur_msgs/include/ur_msgs/ur_msgs/srv/detail/set_io__type_support.c
[3.307s] -- Installing: /home/hoapham/ur_ws/install/ur_msgs/include/ur_msgs/ur_msgs/srv/detail/set_analog_output__rosidl_typesupport_introspection_c.h
[3.307s] -- Installing: /home/hoapham/ur_ws/install/ur_msgs/include/ur_msgs/ur_msgs/srv/detail/get_robot_software_version__type_support.c
[3.307s] -- Installing: /home/hoapham/ur_ws/install/ur_msgs/include/ur_msgs/ur_msgs/srv/detail/get_robot_software_version__rosidl_typesupport_introspection_c.h
[3.307s] -- Installing: /home/hoapham/ur_ws/install/ur_msgs/include/ur_msgs/ur_msgs/srv/detail/set_speed_slider_fraction__rosidl_typesupport_introspection_c.h
[3.307s] -- Installing: /home/hoapham/ur_ws/install/ur_msgs/include/ur_msgs/ur_msgs/srv/detail/set_payload__rosidl_typesupport_introspection_c.h
[3.307s] -- Installing: /home/hoapham/ur_ws/install/ur_msgs/include/ur_msgs/ur_msgs/srv/detail/set_force_mode__rosidl_typesupport_introspection_c.h
[3.307s] -- Installing: /home/hoapham/ur_ws/install/ur_msgs/include/ur_msgs/ur_msgs/srv/detail/set_payload__type_support.c
[3.307s] -- Installing: /home/hoapham/ur_ws/install/ur_msgs/include/ur_msgs/ur_msgs/srv/detail/set_analog_output__type_support.c
[3.307s] -- Installing: /home/hoapham/ur_ws/install/ur_msgs/include/ur_msgs/ur_msgs/srv/detail/set_speed_slider_fraction__type_support.c
[3.307s] -- Installing: /home/hoapham/ur_ws/install/ur_msgs/include/ur_msgs/ur_msgs/srv/detail/set_force_mode__type_support.c
[3.307s] -- Up-to-date: /home/hoapham/ur_ws/install/ur_msgs/include/ur_msgs/ur_msgs/action
[3.307s] -- Up-to-date: /home/hoapham/ur_ws/install/ur_msgs/include/ur_msgs/ur_msgs/action/detail
[3.308s] -- Installing: /home/hoapham/ur_ws/install/ur_msgs/include/ur_msgs/ur_msgs/action/detail/tool_contact__rosidl_typesupport_introspection_c.h
[3.308s] -- Installing: /home/hoapham/ur_ws/install/ur_msgs/include/ur_msgs/ur_msgs/action/detail/tool_contact__type_support.c
[3.308s] -- Installing: /home/hoapham/ur_ws/install/ur_msgs/lib/libur_msgs__rosidl_typesupport_introspection_c.so
[3.308s] -- Set runtime path of "/home/hoapham/ur_ws/install/ur_msgs/lib/libur_msgs__rosidl_typesupport_introspection_c.so" to ""
[3.308s] -- Installing: /home/hoapham/ur_ws/install/ur_msgs/lib/libur_msgs__rosidl_typesupport_c.so
[3.308s] -- Set runtime path of "/home/hoapham/ur_ws/install/ur_msgs/lib/libur_msgs__rosidl_typesupport_c.so" to ""
[3.308s] -- Up-to-date: /home/hoapham/ur_ws/install/ur_msgs/include/ur_msgs/ur_msgs
[3.308s] -- Up-to-date: /home/hoapham/ur_ws/install/ur_msgs/include/ur_msgs/ur_msgs/msg
[3.309s] -- Up-to-date: /home/hoapham/ur_ws/install/ur_msgs/include/ur_msgs/ur_msgs/msg/detail
[3.309s] -- Installing: /home/hoapham/ur_ws/install/ur_msgs/include/ur_msgs/ur_msgs/msg/detail/masterboard_data_msg__rosidl_typesupport_introspection_cpp.hpp
[3.309s] -- Installing: /home/hoapham/ur_ws/install/ur_msgs/include/ur_msgs/ur_msgs/msg/detail/masterboard_data_msg__type_support.cpp
[3.309s] -- Installing: /home/hoapham/ur_ws/install/ur_msgs/include/ur_msgs/ur_msgs/msg/detail/digital__type_support.cpp
[3.309s] -- Installing: /home/hoapham/ur_ws/install/ur_msgs/include/ur_msgs/ur_msgs/msg/detail/robot_state_rt_msg__type_support.cpp
[3.309s] -- Installing: /home/hoapham/ur_ws/install/ur_msgs/include/ur_msgs/ur_msgs/msg/detail/tool_data_msg__type_support.cpp
[3.309s] -- Installing: /home/hoapham/ur_ws/install/ur_msgs/include/ur_msgs/ur_msgs/msg/detail/digital__rosidl_typesupport_introspection_cpp.hpp
[3.309s] -- Installing: /home/hoapham/ur_ws/install/ur_msgs/include/ur_msgs/ur_msgs/msg/detail/analog__type_support.cpp
[3.309s] -- Installing: /home/hoapham/ur_ws/install/ur_msgs/include/ur_msgs/ur_msgs/msg/detail/robot_mode_data_msg__rosidl_typesupport_introspection_cpp.hpp
[3.309s] -- Installing: /home/hoapham/ur_ws/install/ur_msgs/include/ur_msgs/ur_msgs/msg/detail/io_states__rosidl_typesupport_introspection_cpp.hpp
[3.309s] -- Installing: /home/hoapham/ur_ws/install/ur_msgs/include/ur_msgs/ur_msgs/msg/detail/io_states__type_support.cpp
[3.309s] -- Installing: /home/hoapham/ur_ws/install/ur_msgs/include/ur_msgs/ur_msgs/msg/detail/robot_mode_data_msg__type_support.cpp
[3.310s] -- Installing: /home/hoapham/ur_ws/install/ur_msgs/include/ur_msgs/ur_msgs/msg/detail/robot_state_rt_msg__rosidl_typesupport_introspection_cpp.hpp
[3.310s] -- Installing: /home/hoapham/ur_ws/install/ur_msgs/include/ur_msgs/ur_msgs/msg/detail/tool_data_msg__rosidl_typesupport_introspection_cpp.hpp
[3.310s] -- Installing: /home/hoapham/ur_ws/install/ur_msgs/include/ur_msgs/ur_msgs/msg/detail/analog__rosidl_typesupport_introspection_cpp.hpp
[3.310s] -- Up-to-date: /home/hoapham/ur_ws/install/ur_msgs/include/ur_msgs/ur_msgs/srv
[3.310s] -- Up-to-date: /home/hoapham/ur_ws/install/ur_msgs/include/ur_msgs/ur_msgs/srv/detail
[3.310s] -- Installing: /home/hoapham/ur_ws/install/ur_msgs/include/ur_msgs/ur_msgs/srv/detail/set_payload__rosidl_typesupport_introspection_cpp.hpp
[3.310s] -- Installing: /home/hoapham/ur_ws/install/ur_msgs/include/ur_msgs/ur_msgs/srv/detail/set_payload__type_support.cpp
[3.310s] -- Installing: /home/hoapham/ur_ws/install/ur_msgs/include/ur_msgs/ur_msgs/srv/detail/get_robot_software_version__rosidl_typesupport_introspection_cpp.hpp
[3.310s] -- Installing: /home/hoapham/ur_ws/install/ur_msgs/include/ur_msgs/ur_msgs/srv/detail/set_force_mode__type_support.cpp
[3.310s] -- Installing: /home/hoapham/ur_ws/install/ur_msgs/include/ur_msgs/ur_msgs/srv/detail/set_analog_output__rosidl_typesupport_introspection_cpp.hpp
[3.310s] -- Installing: /home/hoapham/ur_ws/install/ur_msgs/include/ur_msgs/ur_msgs/srv/detail/set_force_mode__rosidl_typesupport_introspection_cpp.hpp
[3.310s] -- Installing: /home/hoapham/ur_ws/install/ur_msgs/include/ur_msgs/ur_msgs/srv/detail/set_io__type_support.cpp
[3.311s] -- Installing: /home/hoapham/ur_ws/install/ur_msgs/include/ur_msgs/ur_msgs/srv/detail/set_io__rosidl_typesupport_introspection_cpp.hpp
[3.311s] -- Installing: /home/hoapham/ur_ws/install/ur_msgs/include/ur_msgs/ur_msgs/srv/detail/set_speed_slider_fraction__type_support.cpp
[3.311s] -- Installing: /home/hoapham/ur_ws/install/ur_msgs/include/ur_msgs/ur_msgs/srv/detail/set_analog_output__type_support.cpp
[3.311s] -- Installing: /home/hoapham/ur_ws/install/ur_msgs/include/ur_msgs/ur_msgs/srv/detail/get_robot_software_version__type_support.cpp
[3.311s] -- Installing: /home/hoapham/ur_ws/install/ur_msgs/include/ur_msgs/ur_msgs/srv/detail/set_speed_slider_fraction__rosidl_typesupport_introspection_cpp.hpp
[3.311s] -- Up-to-date: /home/hoapham/ur_ws/install/ur_msgs/include/ur_msgs/ur_msgs/action
[3.311s] -- Up-to-date: /home/hoapham/ur_ws/install/ur_msgs/include/ur_msgs/ur_msgs/action/detail
[3.311s] -- Installing: /home/hoapham/ur_ws/install/ur_msgs/include/ur_msgs/ur_msgs/action/detail/tool_contact__rosidl_typesupport_introspection_cpp.hpp
[3.311s] -- Installing: /home/hoapham/ur_ws/install/ur_msgs/include/ur_msgs/ur_msgs/action/detail/tool_contact__type_support.cpp
[3.311s] -- Installing: /home/hoapham/ur_ws/install/ur_msgs/lib/libur_msgs__rosidl_typesupport_introspection_cpp.so
[3.312s] -- Set runtime path of "/home/hoapham/ur_ws/install/ur_msgs/lib/libur_msgs__rosidl_typesupport_introspection_cpp.so" to ""
[3.312s] -- Installing: /home/hoapham/ur_ws/install/ur_msgs/lib/libur_msgs__rosidl_typesupport_cpp.so
[3.312s] -- Set runtime path of "/home/hoapham/ur_ws/install/ur_msgs/lib/libur_msgs__rosidl_typesupport_cpp.so" to ""
[3.312s] -- Installing: /home/hoapham/ur_ws/install/ur_msgs/share/ur_msgs/environment/pythonpath.sh
[3.312s] -- Installing: /home/hoapham/ur_ws/install/ur_msgs/share/ur_msgs/environment/pythonpath.dsv
[3.312s] -- Installing: /home/hoapham/ur_ws/install/ur_msgs/local/lib/python3.10/dist-packages/ur_msgs-2.2.0-py3.10.egg-info
[3.312s] -- Installing: /home/hoapham/ur_ws/install/ur_msgs/local/lib/python3.10/dist-packages/ur_msgs-2.2.0-py3.10.egg-info/dependency_links.txt
[3.312s] -- Installing: /home/hoapham/ur_ws/install/ur_msgs/local/lib/python3.10/dist-packages/ur_msgs-2.2.0-py3.10.egg-info/top_level.txt
[3.312s] -- Installing: /home/hoapham/ur_ws/install/ur_msgs/local/lib/python3.10/dist-packages/ur_msgs-2.2.0-py3.10.egg-info/SOURCES.txt
[3.312s] -- Installing: /home/hoapham/ur_ws/install/ur_msgs/local/lib/python3.10/dist-packages/ur_msgs-2.2.0-py3.10.egg-info/PKG-INFO
[3.312s] -- Installing: /home/hoapham/ur_ws/install/ur_msgs/local/lib/python3.10/dist-packages/ur_msgs
[3.313s] -- Installing: /home/hoapham/ur_ws/install/ur_msgs/local/lib/python3.10/dist-packages/ur_msgs/msg
[3.313s] -- Installing: /home/hoapham/ur_ws/install/ur_msgs/local/lib/python3.10/dist-packages/ur_msgs/msg/_robot_state_rt_msg.py
[3.313s] -- Installing: /home/hoapham/ur_ws/install/ur_msgs/local/lib/python3.10/dist-packages/ur_msgs/msg/_robot_mode_data_msg.py
[3.313s] -- Installing: /home/hoapham/ur_ws/install/ur_msgs/local/lib/python3.10/dist-packages/ur_msgs/msg/__init__.py
[3.313s] -- Installing: /home/hoapham/ur_ws/install/ur_msgs/local/lib/python3.10/dist-packages/ur_msgs/msg/_tool_data_msg.py
[3.313s] -- Installing: /home/hoapham/ur_ws/install/ur_msgs/local/lib/python3.10/dist-packages/ur_msgs/msg/_tool_data_msg_s.c
[3.313s] -- Installing: /home/hoapham/ur_ws/install/ur_msgs/local/lib/python3.10/dist-packages/ur_msgs/msg/_digital_s.c
[3.314s] -- Installing: /home/hoapham/ur_ws/install/ur_msgs/local/lib/python3.10/dist-packages/ur_msgs/msg/_masterboard_data_msg_s.c
[3.314s] -- Installing: /home/hoapham/ur_ws/install/ur_msgs/local/lib/python3.10/dist-packages/ur_msgs/msg/_analog_s.c
[3.314s] -- Installing: /home/hoapham/ur_ws/install/ur_msgs/local/lib/python3.10/dist-packages/ur_msgs/msg/_robot_mode_data_msg_s.c
[3.314s] -- Installing: /home/hoapham/ur_ws/install/ur_msgs/local/lib/python3.10/dist-packages/ur_msgs/msg/_analog.py
[3.314s] -- Installing: /home/hoapham/ur_ws/install/ur_msgs/local/lib/python3.10/dist-packages/ur_msgs/msg/_io_states_s.c
[3.314s] -- Installing: /home/hoapham/ur_ws/install/ur_msgs/local/lib/python3.10/dist-packages/ur_msgs/msg/_robot_state_rt_msg_s.c
[3.314s] -- Installing: /home/hoapham/ur_ws/install/ur_msgs/local/lib/python3.10/dist-packages/ur_msgs/msg/_masterboard_data_msg.py
[3.314s] -- Installing: /home/hoapham/ur_ws/install/ur_msgs/local/lib/python3.10/dist-packages/ur_msgs/msg/_digital.py
[3.314s] -- Installing: /home/hoapham/ur_ws/install/ur_msgs/local/lib/python3.10/dist-packages/ur_msgs/msg/_io_states.py
[3.315s] -- Installing: /home/hoapham/ur_ws/install/ur_msgs/local/lib/python3.10/dist-packages/ur_msgs/__init__.py
[3.315s] -- Installing: /home/hoapham/ur_ws/install/ur_msgs/local/lib/python3.10/dist-packages/ur_msgs/srv
[3.315s] -- Installing: /home/hoapham/ur_ws/install/ur_msgs/local/lib/python3.10/dist-packages/ur_msgs/srv/_set_analog_output.py
[3.315s] -- Installing: /home/hoapham/ur_ws/install/ur_msgs/local/lib/python3.10/dist-packages/ur_msgs/srv/__init__.py
[3.315s] -- Installing: /home/hoapham/ur_ws/install/ur_msgs/local/lib/python3.10/dist-packages/ur_msgs/srv/_set_force_mode_s.c
[3.315s] -- Installing: /home/hoapham/ur_ws/install/ur_msgs/local/lib/python3.10/dist-packages/ur_msgs/srv/_get_robot_software_version_s.c
[3.315s] -- Installing: /home/hoapham/ur_ws/install/ur_msgs/local/lib/python3.10/dist-packages/ur_msgs/srv/_set_force_mode.py
[3.315s] -- Installing: /home/hoapham/ur_ws/install/ur_msgs/local/lib/python3.10/dist-packages/ur_msgs/srv/_set_speed_slider_fraction_s.c
[3.315s] -- Installing: /home/hoapham/ur_ws/install/ur_msgs/local/lib/python3.10/dist-packages/ur_msgs/srv/_set_payload_s.c
[3.315s] -- Installing: /home/hoapham/ur_ws/install/ur_msgs/local/lib/python3.10/dist-packages/ur_msgs/srv/_set_io_s.c
[3.315s] -- Installing: /home/hoapham/ur_ws/install/ur_msgs/local/lib/python3.10/dist-packages/ur_msgs/srv/_set_speed_slider_fraction.py
[3.315s] -- Installing: /home/hoapham/ur_ws/install/ur_msgs/local/lib/python3.10/dist-packages/ur_msgs/srv/_set_payload.py
[3.315s] -- Installing: /home/hoapham/ur_ws/install/ur_msgs/local/lib/python3.10/dist-packages/ur_msgs/srv/_set_io.py
[3.315s] -- Installing: /home/hoapham/ur_ws/install/ur_msgs/local/lib/python3.10/dist-packages/ur_msgs/srv/_get_robot_software_version.py
[3.315s] -- Installing: /home/hoapham/ur_ws/install/ur_msgs/local/lib/python3.10/dist-packages/ur_msgs/srv/_set_analog_output_s.c
[3.315s] -- Installing: /home/hoapham/ur_ws/install/ur_msgs/local/lib/python3.10/dist-packages/ur_msgs/_ur_msgs_s.ep.rosidl_typesupport_c.c
[3.315s] -- Installing: /home/hoapham/ur_ws/install/ur_msgs/local/lib/python3.10/dist-packages/ur_msgs/ur_msgs_s__rosidl_typesupport_introspection_c.cpython-310-x86_64-linux-gnu.so
[3.315s] -- Installing: /home/hoapham/ur_ws/install/ur_msgs/local/lib/python3.10/dist-packages/ur_msgs/action
[3.316s] -- Installing: /home/hoapham/ur_ws/install/ur_msgs/local/lib/python3.10/dist-packages/ur_msgs/action/__init__.py
[3.316s] -- Installing: /home/hoapham/ur_ws/install/ur_msgs/local/lib/python3.10/dist-packages/ur_msgs/action/_tool_contact.py
[3.316s] -- Installing: /home/hoapham/ur_ws/install/ur_msgs/local/lib/python3.10/dist-packages/ur_msgs/action/_tool_contact_s.c
[3.316s] -- Installing: /home/hoapham/ur_ws/install/ur_msgs/local/lib/python3.10/dist-packages/ur_msgs/ur_msgs_s__rosidl_typesupport_fastrtps_c.cpython-310-x86_64-linux-gnu.so
[3.316s] -- Installing: /home/hoapham/ur_ws/install/ur_msgs/local/lib/python3.10/dist-packages/ur_msgs/_ur_msgs_s.ep.rosidl_typesupport_introspection_c.c
[3.316s] -- Installing: /home/hoapham/ur_ws/install/ur_msgs/local/lib/python3.10/dist-packages/ur_msgs/_ur_msgs_s.ep.rosidl_typesupport_fastrtps_c.c
[3.316s] -- Installing: /home/hoapham/ur_ws/install/ur_msgs/local/lib/python3.10/dist-packages/ur_msgs/ur_msgs_s__rosidl_typesupport_c.cpython-310-x86_64-linux-gnu.so
[3.316s] -- Installing: /home/hoapham/ur_ws/install/ur_msgs/local/lib/python3.10/dist-packages/ur_msgs/libur_msgs__rosidl_generator_py.so
[3.356s] Listing '/home/hoapham/ur_ws/install/ur_msgs/local/lib/python3.10/dist-packages/ur_msgs'...
[3.356s] Compiling '/home/hoapham/ur_ws/install/ur_msgs/local/lib/python3.10/dist-packages/ur_msgs/__init__.py'...
[3.356s] Listing '/home/hoapham/ur_ws/install/ur_msgs/local/lib/python3.10/dist-packages/ur_msgs/action'...
[3.356s] Compiling '/home/hoapham/ur_ws/install/ur_msgs/local/lib/python3.10/dist-packages/ur_msgs/action/__init__.py'...
[3.356s] Compiling '/home/hoapham/ur_ws/install/ur_msgs/local/lib/python3.10/dist-packages/ur_msgs/action/_tool_contact.py'...
[3.356s] Listing '/home/hoapham/ur_ws/install/ur_msgs/local/lib/python3.10/dist-packages/ur_msgs/msg'...
[3.356s] Compiling '/home/hoapham/ur_ws/install/ur_msgs/local/lib/python3.10/dist-packages/ur_msgs/msg/__init__.py'...
[3.357s] Compiling '/home/hoapham/ur_ws/install/ur_msgs/local/lib/python3.10/dist-packages/ur_msgs/msg/_analog.py'...
[3.357s] Compiling '/home/hoapham/ur_ws/install/ur_msgs/local/lib/python3.10/dist-packages/ur_msgs/msg/_digital.py'...
[3.357s] Compiling '/home/hoapham/ur_ws/install/ur_msgs/local/lib/python3.10/dist-packages/ur_msgs/msg/_io_states.py'...
[3.357s] Compiling '/home/hoapham/ur_ws/install/ur_msgs/local/lib/python3.10/dist-packages/ur_msgs/msg/_masterboard_data_msg.py'...
[3.357s] Compiling '/home/hoapham/ur_ws/install/ur_msgs/local/lib/python3.10/dist-packages/ur_msgs/msg/_robot_mode_data_msg.py'...
[3.357s] Compiling '/home/hoapham/ur_ws/install/ur_msgs/local/lib/python3.10/dist-packages/ur_msgs/msg/_robot_state_rt_msg.py'...
[3.357s] Compiling '/home/hoapham/ur_ws/install/ur_msgs/local/lib/python3.10/dist-packages/ur_msgs/msg/_tool_data_msg.py'...
[3.357s] Listing '/home/hoapham/ur_ws/install/ur_msgs/local/lib/python3.10/dist-packages/ur_msgs/srv'...
[3.357s] Compiling '/home/hoapham/ur_ws/install/ur_msgs/local/lib/python3.10/dist-packages/ur_msgs/srv/__init__.py'...
[3.357s] Compiling '/home/hoapham/ur_ws/install/ur_msgs/local/lib/python3.10/dist-packages/ur_msgs/srv/_get_robot_software_version.py'...
[3.357s] Compiling '/home/hoapham/ur_ws/install/ur_msgs/local/lib/python3.10/dist-packages/ur_msgs/srv/_set_analog_output.py'...
[3.357s] Compiling '/home/hoapham/ur_ws/install/ur_msgs/local/lib/python3.10/dist-packages/ur_msgs/srv/_set_force_mode.py'...
[3.357s] Compiling '/home/hoapham/ur_ws/install/ur_msgs/local/lib/python3.10/dist-packages/ur_msgs/srv/_set_io.py'...
[3.357s] Compiling '/home/hoapham/ur_ws/install/ur_msgs/local/lib/python3.10/dist-packages/ur_msgs/srv/_set_payload.py'...
[3.357s] Compiling '/home/hoapham/ur_ws/install/ur_msgs/local/lib/python3.10/dist-packages/ur_msgs/srv/_set_speed_slider_fraction.py'...
[3.359s] -- Installing: /home/hoapham/ur_ws/install/ur_msgs/local/lib/python3.10/dist-packages/ur_msgs/ur_msgs_s__rosidl_typesupport_fastrtps_c.cpython-310-x86_64-linux-gnu.so
[3.360s] -- Set runtime path of "/home/hoapham/ur_ws/install/ur_msgs/local/lib/python3.10/dist-packages/ur_msgs/ur_msgs_s__rosidl_typesupport_fastrtps_c.cpython-310-x86_64-linux-gnu.so" to ""
[3.360s] -- Installing: /home/hoapham/ur_ws/install/ur_msgs/local/lib/python3.10/dist-packages/ur_msgs/ur_msgs_s__rosidl_typesupport_introspection_c.cpython-310-x86_64-linux-gnu.so
[3.360s] -- Set runtime path of "/home/hoapham/ur_ws/install/ur_msgs/local/lib/python3.10/dist-packages/ur_msgs/ur_msgs_s__rosidl_typesupport_introspection_c.cpython-310-x86_64-linux-gnu.so" to ""
[3.360s] -- Installing: /home/hoapham/ur_ws/install/ur_msgs/local/lib/python3.10/dist-packages/ur_msgs/ur_msgs_s__rosidl_typesupport_c.cpython-310-x86_64-linux-gnu.so
[3.360s] -- Set runtime path of "/home/hoapham/ur_ws/install/ur_msgs/local/lib/python3.10/dist-packages/ur_msgs/ur_msgs_s__rosidl_typesupport_c.cpython-310-x86_64-linux-gnu.so" to ""
[3.360s] -- Installing: /home/hoapham/ur_ws/install/ur_msgs/lib/libur_msgs__rosidl_generator_py.so
[3.361s] -- Set runtime path of "/home/hoapham/ur_ws/install/ur_msgs/lib/libur_msgs__rosidl_generator_py.so" to ""
[3.361s] -- Installing: /home/hoapham/ur_ws/install/ur_msgs/share/ur_msgs/msg/Analog.idl
[3.361s] -- Installing: /home/hoapham/ur_ws/install/ur_msgs/share/ur_msgs/msg/Digital.idl
[3.361s] -- Installing: /home/hoapham/ur_ws/install/ur_msgs/share/ur_msgs/msg/IOStates.idl
[3.361s] -- Installing: /home/hoapham/ur_ws/install/ur_msgs/share/ur_msgs/msg/RobotStateRTMsg.idl
[3.361s] -- Installing: /home/hoapham/ur_ws/install/ur_msgs/share/ur_msgs/msg/MasterboardDataMsg.idl
[3.361s] -- Installing: /home/hoapham/ur_ws/install/ur_msgs/share/ur_msgs/msg/RobotModeDataMsg.idl
[3.361s] -- Installing: /home/hoapham/ur_ws/install/ur_msgs/share/ur_msgs/msg/ToolDataMsg.idl
[3.361s] -- Installing: /home/hoapham/ur_ws/install/ur_msgs/share/ur_msgs/srv/SetAnalogOutput.idl
[3.362s] -- Installing: /home/hoapham/ur_ws/install/ur_msgs/share/ur_msgs/srv/SetPayload.idl
[3.362s] -- Installing: /home/hoapham/ur_ws/install/ur_msgs/share/ur_msgs/srv/SetSpeedSliderFraction.idl
[3.362s] -- Installing: /home/hoapham/ur_ws/install/ur_msgs/share/ur_msgs/srv/SetIO.idl
[3.362s] -- Installing: /home/hoapham/ur_ws/install/ur_msgs/share/ur_msgs/srv/GetRobotSoftwareVersion.idl
[3.362s] -- Installing: /home/hoapham/ur_ws/install/ur_msgs/share/ur_msgs/srv/SetForceMode.idl
[3.362s] -- Installing: /home/hoapham/ur_ws/install/ur_msgs/share/ur_msgs/action/ToolContact.idl
[3.362s] -- Installing: /home/hoapham/ur_ws/install/ur_msgs/share/ur_msgs/msg/Analog.msg
[3.362s] -- Installing: /home/hoapham/ur_ws/install/ur_msgs/share/ur_msgs/msg/Digital.msg
[3.362s] -- Installing: /home/hoapham/ur_ws/install/ur_msgs/share/ur_msgs/msg/IOStates.msg
[3.363s] -- Installing: /home/hoapham/ur_ws/install/ur_msgs/share/ur_msgs/msg/RobotStateRTMsg.msg
[3.363s] -- Installing: /home/hoapham/ur_ws/install/ur_msgs/share/ur_msgs/msg/MasterboardDataMsg.msg
[3.363s] -- Installing: /home/hoapham/ur_ws/install/ur_msgs/share/ur_msgs/msg/RobotModeDataMsg.msg
[3.363s] -- Installing: /home/hoapham/ur_ws/install/ur_msgs/share/ur_msgs/msg/ToolDataMsg.msg
[3.363s] -- Installing: /home/hoapham/ur_ws/install/ur_msgs/share/ur_msgs/srv/SetAnalogOutput.srv
[3.363s] -- Installing: /home/hoapham/ur_ws/install/ur_msgs/share/ur_msgs/srv/SetAnalogOutput_Request.msg
[3.363s] -- Installing: /home/hoapham/ur_ws/install/ur_msgs/share/ur_msgs/srv/SetAnalogOutput_Response.msg
[3.363s] -- Installing: /home/hoapham/ur_ws/install/ur_msgs/share/ur_msgs/srv/SetPayload.srv
[3.363s] -- Installing: /home/hoapham/ur_ws/install/ur_msgs/share/ur_msgs/srv/SetPayload_Request.msg
[3.364s] -- Installing: /home/hoapham/ur_ws/install/ur_msgs/share/ur_msgs/srv/SetPayload_Response.msg
[3.364s] -- Installing: /home/hoapham/ur_ws/install/ur_msgs/share/ur_msgs/srv/SetSpeedSliderFraction.srv
[3.364s] -- Installing: /home/hoapham/ur_ws/install/ur_msgs/share/ur_msgs/srv/SetSpeedSliderFraction_Request.msg
[3.364s] -- Installing: /home/hoapham/ur_ws/install/ur_msgs/share/ur_msgs/srv/SetSpeedSliderFraction_Response.msg
[3.364s] -- Installing: /home/hoapham/ur_ws/install/ur_msgs/share/ur_msgs/srv/SetIO.srv
[3.364s] -- Installing: /home/hoapham/ur_ws/install/ur_msgs/share/ur_msgs/srv/SetIO_Request.msg
[3.364s] -- Installing: /home/hoapham/ur_ws/install/ur_msgs/share/ur_msgs/srv/SetIO_Response.msg
[3.364s] -- Installing: /home/hoapham/ur_ws/install/ur_msgs/share/ur_msgs/srv/GetRobotSoftwareVersion.srv
[3.364s] -- Installing: /home/hoapham/ur_ws/install/ur_msgs/share/ur_msgs/srv/GetRobotSoftwareVersion_Request.msg
[3.364s] -- Installing: /home/hoapham/ur_ws/install/ur_msgs/share/ur_msgs/srv/GetRobotSoftwareVersion_Response.msg
[3.364s] -- Installing: /home/hoapham/ur_ws/install/ur_msgs/share/ur_msgs/srv/SetForceMode.srv
[3.364s] -- Installing: /home/hoapham/ur_ws/install/ur_msgs/share/ur_msgs/srv/SetForceMode_Request.msg
[3.365s] -- Installing: /home/hoapham/ur_ws/install/ur_msgs/share/ur_msgs/srv/SetForceMode_Response.msg
[3.365s] -- Installing: /home/hoapham/ur_ws/install/ur_msgs/share/ur_msgs/action/ToolContact.action
[3.365s] -- Installing: /home/hoapham/ur_ws/install/ur_msgs/share/ament_index/resource_index/package_run_dependencies/ur_msgs
[3.365s] -- Installing: /home/hoapham/ur_ws/install/ur_msgs/share/ament_index/resource_index/parent_prefix_path/ur_msgs
[3.365s] -- Installing: /home/hoapham/ur_ws/install/ur_msgs/share/ur_msgs/environment/ament_prefix_path.sh
[3.365s] -- Installing: /home/hoapham/ur_ws/install/ur_msgs/share/ur_msgs/environment/ament_prefix_path.dsv
[3.365s] -- Installing: /home/hoapham/ur_ws/install/ur_msgs/share/ur_msgs/environment/path.sh
[3.365s] -- Installing: /home/hoapham/ur_ws/install/ur_msgs/share/ur_msgs/environment/path.dsv
[3.365s] -- Installing: /home/hoapham/ur_ws/install/ur_msgs/share/ur_msgs/local_setup.bash
[3.366s] -- Installing: /home/hoapham/ur_ws/install/ur_msgs/share/ur_msgs/local_setup.sh
[3.366s] -- Installing: /home/hoapham/ur_ws/install/ur_msgs/share/ur_msgs/local_setup.zsh
[3.366s] -- Installing: /home/hoapham/ur_ws/install/ur_msgs/share/ur_msgs/local_setup.dsv
[3.366s] -- Installing: /home/hoapham/ur_ws/install/ur_msgs/share/ur_msgs/package.dsv
[3.366s] -- Installing: /home/hoapham/ur_ws/install/ur_msgs/share/ament_index/resource_index/packages/ur_msgs
[3.366s] -- Installing: /home/hoapham/ur_ws/install/ur_msgs/share/ur_msgs/cmake/export_ur_msgs__rosidl_generator_cExport.cmake
[3.366s] -- Installing: /home/hoapham/ur_ws/install/ur_msgs/share/ur_msgs/cmake/export_ur_msgs__rosidl_generator_cExport-noconfig.cmake
[3.366s] -- Installing: /home/hoapham/ur_ws/install/ur_msgs/share/ur_msgs/cmake/export_ur_msgs__rosidl_typesupport_fastrtps_cExport.cmake
[3.367s] -- Installing: /home/hoapham/ur_ws/install/ur_msgs/share/ur_msgs/cmake/export_ur_msgs__rosidl_typesupport_fastrtps_cExport-noconfig.cmake
[3.367s] -- Installing: /home/hoapham/ur_ws/install/ur_msgs/share/ur_msgs/cmake/export_ur_msgs__rosidl_generator_cppExport.cmake
[3.367s] -- Installing: /home/hoapham/ur_ws/install/ur_msgs/share/ur_msgs/cmake/export_ur_msgs__rosidl_typesupport_fastrtps_cppExport.cmake
[3.367s] -- Installing: /home/hoapham/ur_ws/install/ur_msgs/share/ur_msgs/cmake/export_ur_msgs__rosidl_typesupport_fastrtps_cppExport-noconfig.cmake
[3.367s] -- Installing: /home/hoapham/ur_ws/install/ur_msgs/share/ur_msgs/cmake/ur_msgs__rosidl_typesupport_introspection_cExport.cmake
[3.367s] -- Installing: /home/hoapham/ur_ws/install/ur_msgs/share/ur_msgs/cmake/ur_msgs__rosidl_typesupport_introspection_cExport-noconfig.cmake
[3.367s] -- Installing: /home/hoapham/ur_ws/install/ur_msgs/share/ur_msgs/cmake/ur_msgs__rosidl_typesupport_cExport.cmake
[3.367s] -- Installing: /home/hoapham/ur_ws/install/ur_msgs/share/ur_msgs/cmake/ur_msgs__rosidl_typesupport_cExport-noconfig.cmake
[3.367s] -- Installing: /home/hoapham/ur_ws/install/ur_msgs/share/ur_msgs/cmake/ur_msgs__rosidl_typesupport_introspection_cppExport.cmake
[3.367s] -- Installing: /home/hoapham/ur_ws/install/ur_msgs/share/ur_msgs/cmake/ur_msgs__rosidl_typesupport_introspection_cppExport-noconfig.cmake
[3.368s] -- Installing: /home/hoapham/ur_ws/install/ur_msgs/share/ur_msgs/cmake/ur_msgs__rosidl_typesupport_cppExport.cmake
[3.368s] -- Installing: /home/hoapham/ur_ws/install/ur_msgs/share/ur_msgs/cmake/ur_msgs__rosidl_typesupport_cppExport-noconfig.cmake
[3.368s] -- Installing: /home/hoapham/ur_ws/install/ur_msgs/share/ur_msgs/cmake/export_ur_msgs__rosidl_generator_pyExport.cmake
[3.368s] -- Installing: /home/hoapham/ur_ws/install/ur_msgs/share/ur_msgs/cmake/export_ur_msgs__rosidl_generator_pyExport-noconfig.cmake
[3.368s] -- Installing: /home/hoapham/ur_ws/install/ur_msgs/share/ur_msgs/cmake/rosidl_cmake-extras.cmake
[3.368s] -- Installing: /home/hoapham/ur_ws/install/ur_msgs/share/ur_msgs/cmake/ament_cmake_export_dependencies-extras.cmake
[3.368s] -- Installing: /home/hoapham/ur_ws/install/ur_msgs/share/ur_msgs/cmake/ament_cmake_export_include_directories-extras.cmake
[3.368s] -- Installing: /home/hoapham/ur_ws/install/ur_msgs/share/ur_msgs/cmake/ament_cmake_export_libraries-extras.cmake
[3.368s] -- Installing: /home/hoapham/ur_ws/install/ur_msgs/share/ur_msgs/cmake/ament_cmake_export_targets-extras.cmake
[3.369s] -- Installing: /home/hoapham/ur_ws/install/ur_msgs/share/ur_msgs/cmake/rosidl_cmake_export_typesupport_targets-extras.cmake
[3.369s] -- Installing: /home/hoapham/ur_ws/install/ur_msgs/share/ur_msgs/cmake/rosidl_cmake_export_typesupport_libraries-extras.cmake
[3.369s] -- Installing: /home/hoapham/ur_ws/install/ur_msgs/share/ur_msgs/cmake/ur_msgsConfig.cmake
[3.369s] -- Installing: /home/hoapham/ur_ws/install/ur_msgs/share/ur_msgs/cmake/ur_msgsConfig-version.cmake
[3.369s] -- Installing: /home/hoapham/ur_ws/install/ur_msgs/share/ur_msgs/package.xml
[3.371s] Invoked command in '/home/hoapham/ur_ws/build/ur_msgs' returned '0': CMAKE_PREFIX_PATH=/opt/ros/humble /usr/bin/cmake --install /home/hoapham/ur_ws/build/ur_msgs
