[0.060s] DEBUG:colcon:Command line arguments: ['/usr/bin/colcon', 'build', '--packages-select', 'gui']
[0.060s] DEBUG:colcon:Parsed command line arguments: Namespace(log_base=None, log_level=None, verb_name='build', build_base='build', install_base='install', merge_install=False, symlink_install=False, test_result_base=None, continue_on_error=False, executor='parallel', parallel_workers=16, event_handlers=None, ignore_user_meta=False, metas=['./colcon.meta'], base_paths=['.'], packages_ignore=None, packages_ignore_regex=None, paths=None, packages_up_to=None, packages_up_to_regex=None, packages_above=None, packages_above_and_dependencies=None, packages_above_depth=None, packages_select_by_dep=None, packages_skip_by_dep=None, packages_skip_up_to=None, packages_select_build_failed=False, packages_skip_build_finished=False, packages_select_test_failures=False, packages_skip_test_passed=False, packages_select=['gui'], packages_skip=None, packages_select_regex=None, packages_skip_regex=None, packages_start=None, packages_end=None, allow_overriding=[], cmake_args=None, cmake_target=None, cmake_target_skip_unavailable=False, cmake_clean_cache=False, cmake_clean_first=False, cmake_force_configure=False, ament_cmake_args=None, catkin_cmake_args=None, catkin_skip_building_tests=False, mixin_files=None, mixin=None, verb_parser=<colcon_mixin.mixin.mixin_argument.MixinArgumentDecorator object at 0x71a85d595690>, verb_extension=<colcon_core.verb.build.BuildVerb object at 0x71a85d595120>, main=<bound method BuildVerb.main of <colcon_core.verb.build.BuildVerb object at 0x71a85d595120>>, mixin_verb=('build',))
[0.160s] Level 1:colcon.colcon_core.package_discovery:discover_packages(colcon_meta) check parameters
[0.160s] Level 1:colcon.colcon_core.package_discovery:discover_packages(recursive) check parameters
[0.160s] Level 1:colcon.colcon_core.package_discovery:discover_packages(ignore) check parameters
[0.160s] Level 1:colcon.colcon_core.package_discovery:discover_packages(path) check parameters
[0.161s] Level 1:colcon.colcon_core.package_discovery:discover_packages(colcon_meta) discover
[0.161s] Level 1:colcon.colcon_core.package_discovery:discover_packages(recursive) discover
[0.161s] INFO:colcon.colcon_core.package_discovery:Crawling recursively for packages in '/home/hoapham/ros2_ws'
[0.161s] Level 1:colcon.colcon_core.package_identification:_identify(.) by extensions ['ignore', 'ignore_ament_install']
[0.161s] Level 1:colcon.colcon_core.package_identification:_identify(.) by extension 'ignore'
[0.161s] Level 1:colcon.colcon_core.package_identification:_identify(.) by extension 'ignore_ament_install'
[0.161s] Level 1:colcon.colcon_core.package_identification:_identify(.) by extensions ['colcon_pkg']
[0.161s] Level 1:colcon.colcon_core.package_identification:_identify(.) by extension 'colcon_pkg'
[0.161s] Level 1:colcon.colcon_core.package_identification:_identify(.) by extensions ['colcon_meta']
[0.161s] Level 1:colcon.colcon_core.package_identification:_identify(.) by extension 'colcon_meta'
[0.161s] Level 1:colcon.colcon_core.package_identification:_identify(.) by extensions ['ros']
[0.161s] Level 1:colcon.colcon_core.package_identification:_identify(.) by extension 'ros'
[0.188s] Level 1:colcon.colcon_core.package_identification:_identify(.) by extensions ['cmake', 'python']
[0.188s] Level 1:colcon.colcon_core.package_identification:_identify(.) by extension 'cmake'
[0.188s] Level 1:colcon.colcon_core.package_identification:_identify(.) by extension 'python'
[0.188s] Level 1:colcon.colcon_core.package_identification:_identify(.) by extensions ['python_setup_py']
[0.188s] Level 1:colcon.colcon_core.package_identification:_identify(.) by extension 'python_setup_py'
[0.188s] Level 1:colcon.colcon_core.package_identification:_identify(build) by extensions ['ignore', 'ignore_ament_install']
[0.188s] Level 1:colcon.colcon_core.package_identification:_identify(build) by extension 'ignore'
[0.188s] Level 1:colcon.colcon_core.package_identification:_identify(build) ignored
[0.188s] Level 1:colcon.colcon_core.package_identification:_identify(config) by extensions ['ignore', 'ignore_ament_install']
[0.188s] Level 1:colcon.colcon_core.package_identification:_identify(config) by extension 'ignore'
[0.188s] Level 1:colcon.colcon_core.package_identification:_identify(config) by extension 'ignore_ament_install'
[0.188s] Level 1:colcon.colcon_core.package_identification:_identify(config) by extensions ['colcon_pkg']
[0.188s] Level 1:colcon.colcon_core.package_identification:_identify(config) by extension 'colcon_pkg'
[0.189s] Level 1:colcon.colcon_core.package_identification:_identify(config) by extensions ['colcon_meta']
[0.189s] Level 1:colcon.colcon_core.package_identification:_identify(config) by extension 'colcon_meta'
[0.189s] Level 1:colcon.colcon_core.package_identification:_identify(config) by extensions ['ros']
[0.189s] Level 1:colcon.colcon_core.package_identification:_identify(config) by extension 'ros'
[0.189s] Level 1:colcon.colcon_core.package_identification:_identify(config) by extensions ['cmake', 'python']
[0.189s] Level 1:colcon.colcon_core.package_identification:_identify(config) by extension 'cmake'
[0.189s] Level 1:colcon.colcon_core.package_identification:_identify(config) by extension 'python'
[0.189s] Level 1:colcon.colcon_core.package_identification:_identify(config) by extensions ['python_setup_py']
[0.189s] Level 1:colcon.colcon_core.package_identification:_identify(config) by extension 'python_setup_py'
[0.189s] Level 1:colcon.colcon_core.package_identification:_identify(data) by extensions ['ignore', 'ignore_ament_install']
[0.189s] Level 1:colcon.colcon_core.package_identification:_identify(data) by extension 'ignore'
[0.189s] Level 1:colcon.colcon_core.package_identification:_identify(data) by extension 'ignore_ament_install'
[0.189s] Level 1:colcon.colcon_core.package_identification:_identify(data) by extensions ['colcon_pkg']
[0.189s] Level 1:colcon.colcon_core.package_identification:_identify(data) by extension 'colcon_pkg'
[0.189s] Level 1:colcon.colcon_core.package_identification:_identify(data) by extensions ['colcon_meta']
[0.189s] Level 1:colcon.colcon_core.package_identification:_identify(data) by extension 'colcon_meta'
[0.189s] Level 1:colcon.colcon_core.package_identification:_identify(data) by extensions ['ros']
[0.189s] Level 1:colcon.colcon_core.package_identification:_identify(data) by extension 'ros'
[0.189s] Level 1:colcon.colcon_core.package_identification:_identify(data) by extensions ['cmake', 'python']
[0.189s] Level 1:colcon.colcon_core.package_identification:_identify(data) by extension 'cmake'
[0.189s] Level 1:colcon.colcon_core.package_identification:_identify(data) by extension 'python'
[0.189s] Level 1:colcon.colcon_core.package_identification:_identify(data) by extensions ['python_setup_py']
[0.189s] Level 1:colcon.colcon_core.package_identification:_identify(data) by extension 'python_setup_py'
[0.189s] Level 1:colcon.colcon_core.package_identification:_identify(install) by extensions ['ignore', 'ignore_ament_install']
[0.189s] Level 1:colcon.colcon_core.package_identification:_identify(install) by extension 'ignore'
[0.189s] Level 1:colcon.colcon_core.package_identification:_identify(install) ignored
[0.189s] Level 1:colcon.colcon_core.package_identification:_identify(log) by extensions ['ignore', 'ignore_ament_install']
[0.189s] Level 1:colcon.colcon_core.package_identification:_identify(log) by extension 'ignore'
[0.189s] Level 1:colcon.colcon_core.package_identification:_identify(log) ignored
[0.189s] Level 1:colcon.colcon_core.package_identification:_identify(logs) by extensions ['ignore', 'ignore_ament_install']
[0.189s] Level 1:colcon.colcon_core.package_identification:_identify(logs) by extension 'ignore'
[0.189s] Level 1:colcon.colcon_core.package_identification:_identify(logs) by extension 'ignore_ament_install'
[0.190s] Level 1:colcon.colcon_core.package_identification:_identify(logs) by extensions ['colcon_pkg']
[0.190s] Level 1:colcon.colcon_core.package_identification:_identify(logs) by extension 'colcon_pkg'
[0.190s] Level 1:colcon.colcon_core.package_identification:_identify(logs) by extensions ['colcon_meta']
[0.190s] Level 1:colcon.colcon_core.package_identification:_identify(logs) by extension 'colcon_meta'
[0.190s] Level 1:colcon.colcon_core.package_identification:_identify(logs) by extensions ['ros']
[0.190s] Level 1:colcon.colcon_core.package_identification:_identify(logs) by extension 'ros'
[0.190s] Level 1:colcon.colcon_core.package_identification:_identify(logs) by extensions ['cmake', 'python']
[0.190s] Level 1:colcon.colcon_core.package_identification:_identify(logs) by extension 'cmake'
[0.190s] Level 1:colcon.colcon_core.package_identification:_identify(logs) by extension 'python'
[0.190s] Level 1:colcon.colcon_core.package_identification:_identify(logs) by extensions ['python_setup_py']
[0.190s] Level 1:colcon.colcon_core.package_identification:_identify(logs) by extension 'python_setup_py'
[0.190s] Level 1:colcon.colcon_core.package_identification:_identify(src) by extensions ['ignore', 'ignore_ament_install']
[0.190s] Level 1:colcon.colcon_core.package_identification:_identify(src) by extension 'ignore'
[0.190s] Level 1:colcon.colcon_core.package_identification:_identify(src) by extension 'ignore_ament_install'
[0.190s] Level 1:colcon.colcon_core.package_identification:_identify(src) by extensions ['colcon_pkg']
[0.190s] Level 1:colcon.colcon_core.package_identification:_identify(src) by extension 'colcon_pkg'
[0.190s] Level 1:colcon.colcon_core.package_identification:_identify(src) by extensions ['colcon_meta']
[0.190s] Level 1:colcon.colcon_core.package_identification:_identify(src) by extension 'colcon_meta'
[0.190s] Level 1:colcon.colcon_core.package_identification:_identify(src) by extensions ['ros']
[0.190s] Level 1:colcon.colcon_core.package_identification:_identify(src) by extension 'ros'
[0.190s] Level 1:colcon.colcon_core.package_identification:_identify(src) by extensions ['cmake', 'python']
[0.190s] Level 1:colcon.colcon_core.package_identification:_identify(src) by extension 'cmake'
[0.190s] Level 1:colcon.colcon_core.package_identification:_identify(src) by extension 'python'
[0.190s] Level 1:colcon.colcon_core.package_identification:_identify(src) by extensions ['python_setup_py']
[0.190s] Level 1:colcon.colcon_core.package_identification:_identify(src) by extension 'python_setup_py'
[0.190s] Level 1:colcon.colcon_core.package_identification:_identify(src/fake_livox) by extensions ['ignore', 'ignore_ament_install']
[0.190s] Level 1:colcon.colcon_core.package_identification:_identify(src/fake_livox) by extension 'ignore'
[0.190s] Level 1:colcon.colcon_core.package_identification:_identify(src/fake_livox) by extension 'ignore_ament_install'
[0.190s] Level 1:colcon.colcon_core.package_identification:_identify(src/fake_livox) by extensions ['colcon_pkg']
[0.190s] Level 1:colcon.colcon_core.package_identification:_identify(src/fake_livox) by extension 'colcon_pkg'
[0.190s] Level 1:colcon.colcon_core.package_identification:_identify(src/fake_livox) by extensions ['colcon_meta']
[0.190s] Level 1:colcon.colcon_core.package_identification:_identify(src/fake_livox) by extension 'colcon_meta'
[0.190s] Level 1:colcon.colcon_core.package_identification:_identify(src/fake_livox) by extensions ['ros']
[0.190s] Level 1:colcon.colcon_core.package_identification:_identify(src/fake_livox) by extension 'ros'
[0.192s] DEBUG:colcon.colcon_core.package_identification:Package 'src/fake_livox' with type 'ros.ament_cmake' and name 'fake_livox_publisher'
[0.192s] Level 1:colcon.colcon_core.package_identification:_identify(src/gui) by extensions ['ignore', 'ignore_ament_install']
[0.192s] Level 1:colcon.colcon_core.package_identification:_identify(src/gui) by extension 'ignore'
[0.192s] Level 1:colcon.colcon_core.package_identification:_identify(src/gui) by extension 'ignore_ament_install'
[0.192s] Level 1:colcon.colcon_core.package_identification:_identify(src/gui) by extensions ['colcon_pkg']
[0.192s] Level 1:colcon.colcon_core.package_identification:_identify(src/gui) by extension 'colcon_pkg'
[0.192s] Level 1:colcon.colcon_core.package_identification:_identify(src/gui) by extensions ['colcon_meta']
[0.192s] Level 1:colcon.colcon_core.package_identification:_identify(src/gui) by extension 'colcon_meta'
[0.192s] Level 1:colcon.colcon_core.package_identification:_identify(src/gui) by extensions ['ros']
[0.192s] Level 1:colcon.colcon_core.package_identification:_identify(src/gui) by extension 'ros'
[0.192s] DEBUG:colcon.colcon_core.package_identification:Package 'src/gui' with type 'ros.ament_cmake' and name 'gui'
[0.193s] Level 1:colcon.colcon_core.package_identification:_identify(src/gui_msgs) by extensions ['ignore', 'ignore_ament_install']
[0.193s] Level 1:colcon.colcon_core.package_identification:_identify(src/gui_msgs) by extension 'ignore'
[0.193s] Level 1:colcon.colcon_core.package_identification:_identify(src/gui_msgs) by extension 'ignore_ament_install'
[0.193s] Level 1:colcon.colcon_core.package_identification:_identify(src/gui_msgs) by extensions ['colcon_pkg']
[0.193s] Level 1:colcon.colcon_core.package_identification:_identify(src/gui_msgs) by extension 'colcon_pkg'
[0.193s] Level 1:colcon.colcon_core.package_identification:_identify(src/gui_msgs) by extensions ['colcon_meta']
[0.193s] Level 1:colcon.colcon_core.package_identification:_identify(src/gui_msgs) by extension 'colcon_meta'
[0.193s] Level 1:colcon.colcon_core.package_identification:_identify(src/gui_msgs) by extensions ['ros']
[0.193s] Level 1:colcon.colcon_core.package_identification:_identify(src/gui_msgs) by extension 'ros'
[0.193s] DEBUG:colcon.colcon_core.package_identification:Package 'src/gui_msgs' with type 'ros.ament_cmake' and name 'gui_msgs'
[0.193s] Level 1:colcon.colcon_core.package_identification:_identify(src/pcd_visualizer) by extensions ['ignore', 'ignore_ament_install']
[0.193s] Level 1:colcon.colcon_core.package_identification:_identify(src/pcd_visualizer) by extension 'ignore'
[0.193s] Level 1:colcon.colcon_core.package_identification:_identify(src/pcd_visualizer) by extension 'ignore_ament_install'
[0.193s] Level 1:colcon.colcon_core.package_identification:_identify(src/pcd_visualizer) by extensions ['colcon_pkg']
[0.193s] Level 1:colcon.colcon_core.package_identification:_identify(src/pcd_visualizer) by extension 'colcon_pkg'
[0.193s] Level 1:colcon.colcon_core.package_identification:_identify(src/pcd_visualizer) by extensions ['colcon_meta']
[0.193s] Level 1:colcon.colcon_core.package_identification:_identify(src/pcd_visualizer) by extension 'colcon_meta'
[0.193s] Level 1:colcon.colcon_core.package_identification:_identify(src/pcd_visualizer) by extensions ['ros']
[0.193s] Level 1:colcon.colcon_core.package_identification:_identify(src/pcd_visualizer) by extension 'ros'
[0.195s] DEBUG:colcon.colcon_core.package_identification:Package 'src/pcd_visualizer' with type 'ros.ament_cmake' and name 'pcd_visualizer'
[0.195s] Level 1:colcon.colcon_core.package_identification:_identify(src/pointcloud_marker) by extensions ['ignore', 'ignore_ament_install']
[0.195s] Level 1:colcon.colcon_core.package_identification:_identify(src/pointcloud_marker) by extension 'ignore'
[0.195s] Level 1:colcon.colcon_core.package_identification:_identify(src/pointcloud_marker) by extension 'ignore_ament_install'
[0.195s] Level 1:colcon.colcon_core.package_identification:_identify(src/pointcloud_marker) by extensions ['colcon_pkg']
[0.195s] Level 1:colcon.colcon_core.package_identification:_identify(src/pointcloud_marker) by extension 'colcon_pkg'
[0.195s] Level 1:colcon.colcon_core.package_identification:_identify(src/pointcloud_marker) by extensions ['colcon_meta']
[0.195s] Level 1:colcon.colcon_core.package_identification:_identify(src/pointcloud_marker) by extension 'colcon_meta'
[0.195s] Level 1:colcon.colcon_core.package_identification:_identify(src/pointcloud_marker) by extensions ['ros']
[0.195s] Level 1:colcon.colcon_core.package_identification:_identify(src/pointcloud_marker) by extension 'ros'
[0.195s] DEBUG:colcon.colcon_core.package_identification:Package 'src/pointcloud_marker' with type 'ros.ament_cmake' and name 'pointcloud_marker'
[0.196s] Level 1:colcon.colcon_core.package_identification:_identify(src/ros2_qt_template) by extensions ['ignore', 'ignore_ament_install']
[0.196s] Level 1:colcon.colcon_core.package_identification:_identify(src/ros2_qt_template) by extension 'ignore'
[0.196s] Level 1:colcon.colcon_core.package_identification:_identify(src/ros2_qt_template) by extension 'ignore_ament_install'
[0.196s] Level 1:colcon.colcon_core.package_identification:_identify(src/ros2_qt_template) by extensions ['colcon_pkg']
[0.196s] Level 1:colcon.colcon_core.package_identification:_identify(src/ros2_qt_template) by extension 'colcon_pkg'
[0.196s] Level 1:colcon.colcon_core.package_identification:_identify(src/ros2_qt_template) by extensions ['colcon_meta']
[0.196s] Level 1:colcon.colcon_core.package_identification:_identify(src/ros2_qt_template) by extension 'colcon_meta'
[0.196s] Level 1:colcon.colcon_core.package_identification:_identify(src/ros2_qt_template) by extensions ['ros']
[0.196s] Level 1:colcon.colcon_core.package_identification:_identify(src/ros2_qt_template) by extension 'ros'
[0.196s] Level 1:colcon.colcon_core.package_identification:_identify(src/ros2_qt_template) by extensions ['cmake', 'python']
[0.196s] Level 1:colcon.colcon_core.package_identification:_identify(src/ros2_qt_template) by extension 'cmake'
[0.196s] Level 1:colcon.colcon_core.package_identification:_identify(src/ros2_qt_template) by extension 'python'
[0.196s] Level 1:colcon.colcon_core.package_identification:_identify(src/ros2_qt_template) by extensions ['python_setup_py']
[0.196s] Level 1:colcon.colcon_core.package_identification:_identify(src/ros2_qt_template) by extension 'python_setup_py'
[0.196s] Level 1:colcon.colcon_core.package_identification:_identify(src/ros2_qt_template/docs) by extensions ['ignore', 'ignore_ament_install']
[0.196s] Level 1:colcon.colcon_core.package_identification:_identify(src/ros2_qt_template/docs) by extension 'ignore'
[0.196s] Level 1:colcon.colcon_core.package_identification:_identify(src/ros2_qt_template/docs) by extension 'ignore_ament_install'
[0.196s] Level 1:colcon.colcon_core.package_identification:_identify(src/ros2_qt_template/docs) by extensions ['colcon_pkg']
[0.196s] Level 1:colcon.colcon_core.package_identification:_identify(src/ros2_qt_template/docs) by extension 'colcon_pkg'
[0.196s] Level 1:colcon.colcon_core.package_identification:_identify(src/ros2_qt_template/docs) by extensions ['colcon_meta']
[0.196s] Level 1:colcon.colcon_core.package_identification:_identify(src/ros2_qt_template/docs) by extension 'colcon_meta'
[0.196s] Level 1:colcon.colcon_core.package_identification:_identify(src/ros2_qt_template/docs) by extensions ['ros']
[0.196s] Level 1:colcon.colcon_core.package_identification:_identify(src/ros2_qt_template/docs) by extension 'ros'
[0.196s] Level 1:colcon.colcon_core.package_identification:_identify(src/ros2_qt_template/docs) by extensions ['cmake', 'python']
[0.196s] Level 1:colcon.colcon_core.package_identification:_identify(src/ros2_qt_template/docs) by extension 'cmake'
[0.196s] Level 1:colcon.colcon_core.package_identification:_identify(src/ros2_qt_template/docs) by extension 'python'
[0.196s] Level 1:colcon.colcon_core.package_identification:_identify(src/ros2_qt_template/docs) by extensions ['python_setup_py']
[0.196s] Level 1:colcon.colcon_core.package_identification:_identify(src/ros2_qt_template/docs) by extension 'python_setup_py'
[0.196s] Level 1:colcon.colcon_core.package_identification:_identify(src/ros2_qt_template/docs/images) by extensions ['ignore', 'ignore_ament_install']
[0.196s] Level 1:colcon.colcon_core.package_identification:_identify(src/ros2_qt_template/docs/images) by extension 'ignore'
[0.196s] Level 1:colcon.colcon_core.package_identification:_identify(src/ros2_qt_template/docs/images) by extension 'ignore_ament_install'
[0.196s] Level 1:colcon.colcon_core.package_identification:_identify(src/ros2_qt_template/docs/images) by extensions ['colcon_pkg']
[0.196s] Level 1:colcon.colcon_core.package_identification:_identify(src/ros2_qt_template/docs/images) by extension 'colcon_pkg'
[0.196s] Level 1:colcon.colcon_core.package_identification:_identify(src/ros2_qt_template/docs/images) by extensions ['colcon_meta']
[0.196s] Level 1:colcon.colcon_core.package_identification:_identify(src/ros2_qt_template/docs/images) by extension 'colcon_meta'
[0.196s] Level 1:colcon.colcon_core.package_identification:_identify(src/ros2_qt_template/docs/images) by extensions ['ros']
[0.196s] Level 1:colcon.colcon_core.package_identification:_identify(src/ros2_qt_template/docs/images) by extension 'ros'
[0.196s] Level 1:colcon.colcon_core.package_identification:_identify(src/ros2_qt_template/docs/images) by extensions ['cmake', 'python']
[0.196s] Level 1:colcon.colcon_core.package_identification:_identify(src/ros2_qt_template/docs/images) by extension 'cmake'
[0.196s] Level 1:colcon.colcon_core.package_identification:_identify(src/ros2_qt_template/docs/images) by extension 'python'
[0.196s] Level 1:colcon.colcon_core.package_identification:_identify(src/ros2_qt_template/docs/images) by extensions ['python_setup_py']
[0.196s] Level 1:colcon.colcon_core.package_identification:_identify(src/ros2_qt_template/docs/images) by extension 'python_setup_py'
[0.196s] Level 1:colcon.colcon_core.package_identification:_identify(src/ros2_qt_template/ros2_qt_rviz2) by extensions ['ignore', 'ignore_ament_install']
[0.196s] Level 1:colcon.colcon_core.package_identification:_identify(src/ros2_qt_template/ros2_qt_rviz2) by extension 'ignore'
[0.197s] Level 1:colcon.colcon_core.package_identification:_identify(src/ros2_qt_template/ros2_qt_rviz2) by extension 'ignore_ament_install'
[0.197s] Level 1:colcon.colcon_core.package_identification:_identify(src/ros2_qt_template/ros2_qt_rviz2) by extensions ['colcon_pkg']
[0.197s] Level 1:colcon.colcon_core.package_identification:_identify(src/ros2_qt_template/ros2_qt_rviz2) by extension 'colcon_pkg'
[0.197s] Level 1:colcon.colcon_core.package_identification:_identify(src/ros2_qt_template/ros2_qt_rviz2) by extensions ['colcon_meta']
[0.197s] Level 1:colcon.colcon_core.package_identification:_identify(src/ros2_qt_template/ros2_qt_rviz2) by extension 'colcon_meta'
[0.197s] Level 1:colcon.colcon_core.package_identification:_identify(src/ros2_qt_template/ros2_qt_rviz2) by extensions ['ros']
[0.197s] Level 1:colcon.colcon_core.package_identification:_identify(src/ros2_qt_template/ros2_qt_rviz2) by extension 'ros'
[0.197s] DEBUG:colcon.colcon_core.package_identification:Package 'src/ros2_qt_template/ros2_qt_rviz2' with type 'ros.ament_cmake' and name 'ros2_qt_rviz2'
[0.197s] Level 1:colcon.colcon_core.package_identification:_identify(src/ros2_qt_template/ros2_qt_template) by extensions ['ignore', 'ignore_ament_install']
[0.197s] Level 1:colcon.colcon_core.package_identification:_identify(src/ros2_qt_template/ros2_qt_template) by extension 'ignore'
[0.197s] Level 1:colcon.colcon_core.package_identification:_identify(src/ros2_qt_template/ros2_qt_template) by extension 'ignore_ament_install'
[0.197s] Level 1:colcon.colcon_core.package_identification:_identify(src/ros2_qt_template/ros2_qt_template) by extensions ['colcon_pkg']
[0.197s] Level 1:colcon.colcon_core.package_identification:_identify(src/ros2_qt_template/ros2_qt_template) by extension 'colcon_pkg'
[0.197s] Level 1:colcon.colcon_core.package_identification:_identify(src/ros2_qt_template/ros2_qt_template) by extensions ['colcon_meta']
[0.197s] Level 1:colcon.colcon_core.package_identification:_identify(src/ros2_qt_template/ros2_qt_template) by extension 'colcon_meta'
[0.197s] Level 1:colcon.colcon_core.package_identification:_identify(src/ros2_qt_template/ros2_qt_template) by extensions ['ros']
[0.197s] Level 1:colcon.colcon_core.package_identification:_identify(src/ros2_qt_template/ros2_qt_template) by extension 'ros'
[0.197s] DEBUG:colcon.colcon_core.package_identification:Package 'src/ros2_qt_template/ros2_qt_template' with type 'ros.ament_cmake' and name 'ros2_qt_template'
[0.198s] Level 1:colcon.colcon_core.package_identification:_identify(src/rviz2_cloud_annotation) by extensions ['ignore', 'ignore_ament_install']
[0.198s] Level 1:colcon.colcon_core.package_identification:_identify(src/rviz2_cloud_annotation) by extension 'ignore'
[0.198s] Level 1:colcon.colcon_core.package_identification:_identify(src/rviz2_cloud_annotation) by extension 'ignore_ament_install'
[0.198s] Level 1:colcon.colcon_core.package_identification:_identify(src/rviz2_cloud_annotation) by extensions ['colcon_pkg']
[0.198s] Level 1:colcon.colcon_core.package_identification:_identify(src/rviz2_cloud_annotation) by extension 'colcon_pkg'
[0.198s] Level 1:colcon.colcon_core.package_identification:_identify(src/rviz2_cloud_annotation) by extensions ['colcon_meta']
[0.198s] Level 1:colcon.colcon_core.package_identification:_identify(src/rviz2_cloud_annotation) by extension 'colcon_meta'
[0.198s] Level 1:colcon.colcon_core.package_identification:_identify(src/rviz2_cloud_annotation) by extensions ['ros']
[0.198s] Level 1:colcon.colcon_core.package_identification:_identify(src/rviz2_cloud_annotation) by extension 'ros'
[0.198s] Level 1:colcon.colcon_core.package_identification:_identify(src/rviz2_cloud_annotation) by extensions ['cmake', 'python']
[0.198s] Level 1:colcon.colcon_core.package_identification:_identify(src/rviz2_cloud_annotation) by extension 'cmake'
[0.198s] Level 1:colcon.colcon_core.package_identification:_identify(src/rviz2_cloud_annotation) by extension 'python'
[0.198s] Level 1:colcon.colcon_core.package_identification:_identify(src/rviz2_cloud_annotation) by extensions ['python_setup_py']
[0.198s] Level 1:colcon.colcon_core.package_identification:_identify(src/rviz2_cloud_annotation) by extension 'python_setup_py'
[0.198s] Level 1:colcon.colcon_core.package_identification:_identify(src/rviz2_cloud_annotation/rviz_3d_view_controller) by extensions ['ignore', 'ignore_ament_install']
[0.198s] Level 1:colcon.colcon_core.package_identification:_identify(src/rviz2_cloud_annotation/rviz_3d_view_controller) by extension 'ignore'
[0.198s] Level 1:colcon.colcon_core.package_identification:_identify(src/rviz2_cloud_annotation/rviz_3d_view_controller) by extension 'ignore_ament_install'
[0.198s] Level 1:colcon.colcon_core.package_identification:_identify(src/rviz2_cloud_annotation/rviz_3d_view_controller) by extensions ['colcon_pkg']
[0.198s] Level 1:colcon.colcon_core.package_identification:_identify(src/rviz2_cloud_annotation/rviz_3d_view_controller) by extension 'colcon_pkg'
[0.198s] Level 1:colcon.colcon_core.package_identification:_identify(src/rviz2_cloud_annotation/rviz_3d_view_controller) by extensions ['colcon_meta']
[0.198s] Level 1:colcon.colcon_core.package_identification:_identify(src/rviz2_cloud_annotation/rviz_3d_view_controller) by extension 'colcon_meta'
[0.198s] Level 1:colcon.colcon_core.package_identification:_identify(src/rviz2_cloud_annotation/rviz_3d_view_controller) by extensions ['ros']
[0.198s] Level 1:colcon.colcon_core.package_identification:_identify(src/rviz2_cloud_annotation/rviz_3d_view_controller) by extension 'ros'
[0.198s] DEBUG:colcon.colcon_core.package_identification:Package 'src/rviz2_cloud_annotation/rviz_3d_view_controller' with type 'ros.ament_cmake' and name 'rviz_3d_view_controller'
[0.199s] Level 1:colcon.colcon_core.package_identification:_identify(src/rviz2_cloud_annotation/rviz_cloud_annotation) by extensions ['ignore', 'ignore_ament_install']
[0.199s] Level 1:colcon.colcon_core.package_identification:_identify(src/rviz2_cloud_annotation/rviz_cloud_annotation) by extension 'ignore'
[0.199s] Level 1:colcon.colcon_core.package_identification:_identify(src/rviz2_cloud_annotation/rviz_cloud_annotation) by extension 'ignore_ament_install'
[0.199s] Level 1:colcon.colcon_core.package_identification:_identify(src/rviz2_cloud_annotation/rviz_cloud_annotation) by extensions ['colcon_pkg']
[0.199s] Level 1:colcon.colcon_core.package_identification:_identify(src/rviz2_cloud_annotation/rviz_cloud_annotation) by extension 'colcon_pkg'
[0.199s] Level 1:colcon.colcon_core.package_identification:_identify(src/rviz2_cloud_annotation/rviz_cloud_annotation) by extensions ['colcon_meta']
[0.199s] Level 1:colcon.colcon_core.package_identification:_identify(src/rviz2_cloud_annotation/rviz_cloud_annotation) by extension 'colcon_meta'
[0.199s] Level 1:colcon.colcon_core.package_identification:_identify(src/rviz2_cloud_annotation/rviz_cloud_annotation) by extensions ['ros']
[0.199s] Level 1:colcon.colcon_core.package_identification:_identify(src/rviz2_cloud_annotation/rviz_cloud_annotation) by extension 'ros'
[0.199s] DEBUG:colcon.colcon_core.package_identification:Package 'src/rviz2_cloud_annotation/rviz_cloud_annotation' with type 'ros.ament_cmake' and name 'rviz_cloud_annotation'
[0.200s] Level 1:colcon.colcon_core.package_identification:_identify(src/rviz_embed_test) by extensions ['ignore', 'ignore_ament_install']
[0.200s] Level 1:colcon.colcon_core.package_identification:_identify(src/rviz_embed_test) by extension 'ignore'
[0.200s] Level 1:colcon.colcon_core.package_identification:_identify(src/rviz_embed_test) by extension 'ignore_ament_install'
[0.200s] Level 1:colcon.colcon_core.package_identification:_identify(src/rviz_embed_test) by extensions ['colcon_pkg']
[0.200s] Level 1:colcon.colcon_core.package_identification:_identify(src/rviz_embed_test) by extension 'colcon_pkg'
[0.200s] Level 1:colcon.colcon_core.package_identification:_identify(src/rviz_embed_test) by extensions ['colcon_meta']
[0.200s] Level 1:colcon.colcon_core.package_identification:_identify(src/rviz_embed_test) by extension 'colcon_meta'
[0.200s] Level 1:colcon.colcon_core.package_identification:_identify(src/rviz_embed_test) by extensions ['ros']
[0.200s] Level 1:colcon.colcon_core.package_identification:_identify(src/rviz_embed_test) by extension 'ros'
[0.200s] DEBUG:colcon.colcon_core.package_identification:Package 'src/rviz_embed_test' with type 'ros.ament_cmake' and name 'rviz_embed_test'
[0.200s] Level 1:colcon.colcon_core.package_identification:_identify(src/zivid-ros) by extensions ['ignore', 'ignore_ament_install']
[0.200s] Level 1:colcon.colcon_core.package_identification:_identify(src/zivid-ros) by extension 'ignore'
[0.200s] Level 1:colcon.colcon_core.package_identification:_identify(src/zivid-ros) by extension 'ignore_ament_install'
[0.200s] Level 1:colcon.colcon_core.package_identification:_identify(src/zivid-ros) by extensions ['colcon_pkg']
[0.200s] Level 1:colcon.colcon_core.package_identification:_identify(src/zivid-ros) by extension 'colcon_pkg'
[0.200s] Level 1:colcon.colcon_core.package_identification:_identify(src/zivid-ros) by extensions ['colcon_meta']
[0.200s] Level 1:colcon.colcon_core.package_identification:_identify(src/zivid-ros) by extension 'colcon_meta'
[0.200s] Level 1:colcon.colcon_core.package_identification:_identify(src/zivid-ros) by extensions ['ros']
[0.200s] Level 1:colcon.colcon_core.package_identification:_identify(src/zivid-ros) by extension 'ros'
[0.200s] Level 1:colcon.colcon_core.package_identification:_identify(src/zivid-ros) by extensions ['cmake', 'python']
[0.200s] Level 1:colcon.colcon_core.package_identification:_identify(src/zivid-ros) by extension 'cmake'
[0.200s] Level 1:colcon.colcon_core.package_identification:_identify(src/zivid-ros) by extension 'python'
[0.200s] Level 1:colcon.colcon_core.package_identification:_identify(src/zivid-ros) by extensions ['python_setup_py']
[0.200s] Level 1:colcon.colcon_core.package_identification:_identify(src/zivid-ros) by extension 'python_setup_py'
[0.201s] Level 1:colcon.colcon_core.package_identification:_identify(src/zivid-ros/continuous-integration) by extensions ['ignore', 'ignore_ament_install']
[0.201s] Level 1:colcon.colcon_core.package_identification:_identify(src/zivid-ros/continuous-integration) by extension 'ignore'
[0.201s] Level 1:colcon.colcon_core.package_identification:_identify(src/zivid-ros/continuous-integration) by extension 'ignore_ament_install'
[0.201s] Level 1:colcon.colcon_core.package_identification:_identify(src/zivid-ros/continuous-integration) by extensions ['colcon_pkg']
[0.201s] Level 1:colcon.colcon_core.package_identification:_identify(src/zivid-ros/continuous-integration) by extension 'colcon_pkg'
[0.201s] Level 1:colcon.colcon_core.package_identification:_identify(src/zivid-ros/continuous-integration) by extensions ['colcon_meta']
[0.201s] Level 1:colcon.colcon_core.package_identification:_identify(src/zivid-ros/continuous-integration) by extension 'colcon_meta'
[0.201s] Level 1:colcon.colcon_core.package_identification:_identify(src/zivid-ros/continuous-integration) by extensions ['ros']
[0.201s] Level 1:colcon.colcon_core.package_identification:_identify(src/zivid-ros/continuous-integration) by extension 'ros'
[0.201s] Level 1:colcon.colcon_core.package_identification:_identify(src/zivid-ros/continuous-integration) by extensions ['cmake', 'python']
[0.201s] Level 1:colcon.colcon_core.package_identification:_identify(src/zivid-ros/continuous-integration) by extension 'cmake'
[0.201s] Level 1:colcon.colcon_core.package_identification:_identify(src/zivid-ros/continuous-integration) by extension 'python'
[0.201s] Level 1:colcon.colcon_core.package_identification:_identify(src/zivid-ros/continuous-integration) by extensions ['python_setup_py']
[0.201s] Level 1:colcon.colcon_core.package_identification:_identify(src/zivid-ros/continuous-integration) by extension 'python_setup_py'
[0.201s] Level 1:colcon.colcon_core.package_identification:_identify(src/zivid-ros/continuous-integration/setup) by extensions ['ignore', 'ignore_ament_install']
[0.201s] Level 1:colcon.colcon_core.package_identification:_identify(src/zivid-ros/continuous-integration/setup) by extension 'ignore'
[0.201s] Level 1:colcon.colcon_core.package_identification:_identify(src/zivid-ros/continuous-integration/setup) by extension 'ignore_ament_install'
[0.201s] Level 1:colcon.colcon_core.package_identification:_identify(src/zivid-ros/continuous-integration/setup) by extensions ['colcon_pkg']
[0.201s] Level 1:colcon.colcon_core.package_identification:_identify(src/zivid-ros/continuous-integration/setup) by extension 'colcon_pkg'
[0.201s] Level 1:colcon.colcon_core.package_identification:_identify(src/zivid-ros/continuous-integration/setup) by extensions ['colcon_meta']
[0.201s] Level 1:colcon.colcon_core.package_identification:_identify(src/zivid-ros/continuous-integration/setup) by extension 'colcon_meta'
[0.201s] Level 1:colcon.colcon_core.package_identification:_identify(src/zivid-ros/continuous-integration/setup) by extensions ['ros']
[0.201s] Level 1:colcon.colcon_core.package_identification:_identify(src/zivid-ros/continuous-integration/setup) by extension 'ros'
[0.201s] Level 1:colcon.colcon_core.package_identification:_identify(src/zivid-ros/continuous-integration/setup) by extensions ['cmake', 'python']
[0.201s] Level 1:colcon.colcon_core.package_identification:_identify(src/zivid-ros/continuous-integration/setup) by extension 'cmake'
[0.201s] Level 1:colcon.colcon_core.package_identification:_identify(src/zivid-ros/continuous-integration/setup) by extension 'python'
[0.201s] Level 1:colcon.colcon_core.package_identification:_identify(src/zivid-ros/continuous-integration/setup) by extensions ['python_setup_py']
[0.201s] Level 1:colcon.colcon_core.package_identification:_identify(src/zivid-ros/continuous-integration/setup) by extension 'python_setup_py'
[0.201s] Level 1:colcon.colcon_core.package_identification:_identify(src/zivid-ros/zivid_camera) by extensions ['ignore', 'ignore_ament_install']
[0.201s] Level 1:colcon.colcon_core.package_identification:_identify(src/zivid-ros/zivid_camera) by extension 'ignore'
[0.201s] Level 1:colcon.colcon_core.package_identification:_identify(src/zivid-ros/zivid_camera) by extension 'ignore_ament_install'
[0.201s] Level 1:colcon.colcon_core.package_identification:_identify(src/zivid-ros/zivid_camera) by extensions ['colcon_pkg']
[0.201s] Level 1:colcon.colcon_core.package_identification:_identify(src/zivid-ros/zivid_camera) by extension 'colcon_pkg'
[0.201s] Level 1:colcon.colcon_core.package_identification:_identify(src/zivid-ros/zivid_camera) by extensions ['colcon_meta']
[0.201s] Level 1:colcon.colcon_core.package_identification:_identify(src/zivid-ros/zivid_camera) by extension 'colcon_meta'
[0.201s] Level 1:colcon.colcon_core.package_identification:_identify(src/zivid-ros/zivid_camera) by extensions ['ros']
[0.201s] Level 1:colcon.colcon_core.package_identification:_identify(src/zivid-ros/zivid_camera) by extension 'ros'
[0.202s] DEBUG:colcon.colcon_core.package_identification:Package 'src/zivid-ros/zivid_camera' with type 'ros.ament_cmake' and name 'zivid_camera'
[0.202s] Level 1:colcon.colcon_core.package_identification:_identify(src/zivid-ros/zivid_description) by extensions ['ignore', 'ignore_ament_install']
[0.202s] Level 1:colcon.colcon_core.package_identification:_identify(src/zivid-ros/zivid_description) by extension 'ignore'
[0.202s] Level 1:colcon.colcon_core.package_identification:_identify(src/zivid-ros/zivid_description) by extension 'ignore_ament_install'
[0.202s] Level 1:colcon.colcon_core.package_identification:_identify(src/zivid-ros/zivid_description) by extensions ['colcon_pkg']
[0.202s] Level 1:colcon.colcon_core.package_identification:_identify(src/zivid-ros/zivid_description) by extension 'colcon_pkg'
[0.202s] Level 1:colcon.colcon_core.package_identification:_identify(src/zivid-ros/zivid_description) by extensions ['colcon_meta']
[0.202s] Level 1:colcon.colcon_core.package_identification:_identify(src/zivid-ros/zivid_description) by extension 'colcon_meta'
[0.202s] Level 1:colcon.colcon_core.package_identification:_identify(src/zivid-ros/zivid_description) by extensions ['ros']
[0.202s] Level 1:colcon.colcon_core.package_identification:_identify(src/zivid-ros/zivid_description) by extension 'ros'
[0.203s] DEBUG:colcon.colcon_core.package_identification:Package 'src/zivid-ros/zivid_description' with type 'ros.ament_cmake' and name 'zivid_description'
[0.203s] Level 1:colcon.colcon_core.package_identification:_identify(src/zivid-ros/zivid_interfaces) by extensions ['ignore', 'ignore_ament_install']
[0.203s] Level 1:colcon.colcon_core.package_identification:_identify(src/zivid-ros/zivid_interfaces) by extension 'ignore'
[0.203s] Level 1:colcon.colcon_core.package_identification:_identify(src/zivid-ros/zivid_interfaces) by extension 'ignore_ament_install'
[0.203s] Level 1:colcon.colcon_core.package_identification:_identify(src/zivid-ros/zivid_interfaces) by extensions ['colcon_pkg']
[0.203s] Level 1:colcon.colcon_core.package_identification:_identify(src/zivid-ros/zivid_interfaces) by extension 'colcon_pkg'
[0.203s] Level 1:colcon.colcon_core.package_identification:_identify(src/zivid-ros/zivid_interfaces) by extensions ['colcon_meta']
[0.203s] Level 1:colcon.colcon_core.package_identification:_identify(src/zivid-ros/zivid_interfaces) by extension 'colcon_meta'
[0.203s] Level 1:colcon.colcon_core.package_identification:_identify(src/zivid-ros/zivid_interfaces) by extensions ['ros']
[0.203s] Level 1:colcon.colcon_core.package_identification:_identify(src/zivid-ros/zivid_interfaces) by extension 'ros'
[0.203s] DEBUG:colcon.colcon_core.package_identification:Package 'src/zivid-ros/zivid_interfaces' with type 'ros.ament_cmake' and name 'zivid_interfaces'
[0.203s] Level 1:colcon.colcon_core.package_identification:_identify(src/zivid-ros/zivid_rviz_plugin) by extensions ['ignore', 'ignore_ament_install']
[0.203s] Level 1:colcon.colcon_core.package_identification:_identify(src/zivid-ros/zivid_rviz_plugin) by extension 'ignore'
[0.203s] Level 1:colcon.colcon_core.package_identification:_identify(src/zivid-ros/zivid_rviz_plugin) by extension 'ignore_ament_install'
[0.203s] Level 1:colcon.colcon_core.package_identification:_identify(src/zivid-ros/zivid_rviz_plugin) by extensions ['colcon_pkg']
[0.203s] Level 1:colcon.colcon_core.package_identification:_identify(src/zivid-ros/zivid_rviz_plugin) by extension 'colcon_pkg'
[0.203s] Level 1:colcon.colcon_core.package_identification:_identify(src/zivid-ros/zivid_rviz_plugin) by extensions ['colcon_meta']
[0.203s] Level 1:colcon.colcon_core.package_identification:_identify(src/zivid-ros/zivid_rviz_plugin) by extension 'colcon_meta'
[0.203s] Level 1:colcon.colcon_core.package_identification:_identify(src/zivid-ros/zivid_rviz_plugin) by extensions ['ros']
[0.203s] Level 1:colcon.colcon_core.package_identification:_identify(src/zivid-ros/zivid_rviz_plugin) by extension 'ros'
[0.204s] DEBUG:colcon.colcon_core.package_identification:Package 'src/zivid-ros/zivid_rviz_plugin' with type 'ros.ament_cmake' and name 'zivid_rviz_plugin'
[0.204s] Level 1:colcon.colcon_core.package_identification:_identify(src/zivid-ros/zivid_samples) by extensions ['ignore', 'ignore_ament_install']
[0.204s] Level 1:colcon.colcon_core.package_identification:_identify(src/zivid-ros/zivid_samples) by extension 'ignore'
[0.204s] Level 1:colcon.colcon_core.package_identification:_identify(src/zivid-ros/zivid_samples) by extension 'ignore_ament_install'
[0.204s] Level 1:colcon.colcon_core.package_identification:_identify(src/zivid-ros/zivid_samples) by extensions ['colcon_pkg']
[0.204s] Level 1:colcon.colcon_core.package_identification:_identify(src/zivid-ros/zivid_samples) by extension 'colcon_pkg'
[0.204s] Level 1:colcon.colcon_core.package_identification:_identify(src/zivid-ros/zivid_samples) by extensions ['colcon_meta']
[0.204s] Level 1:colcon.colcon_core.package_identification:_identify(src/zivid-ros/zivid_samples) by extension 'colcon_meta'
[0.204s] Level 1:colcon.colcon_core.package_identification:_identify(src/zivid-ros/zivid_samples) by extensions ['ros']
[0.204s] Level 1:colcon.colcon_core.package_identification:_identify(src/zivid-ros/zivid_samples) by extension 'ros'
[0.205s] DEBUG:colcon.colcon_core.package_identification:Package 'src/zivid-ros/zivid_samples' with type 'ros.ament_cmake' and name 'zivid_samples'
[0.205s] Level 1:colcon.colcon_core.package_discovery:discover_packages(recursive) using defaults
[0.205s] Level 1:colcon.colcon_core.package_discovery:discover_packages(ignore) discover
[0.205s] Level 1:colcon.colcon_core.package_discovery:discover_packages(ignore) using defaults
[0.205s] Level 1:colcon.colcon_core.package_discovery:discover_packages(path) discover
[0.205s] Level 1:colcon.colcon_core.package_discovery:discover_packages(path) using defaults
[0.218s] INFO:colcon.colcon_core.package_selection:Skipping not selected package 'fake_livox_publisher' in 'src/fake_livox'
[0.218s] INFO:colcon.colcon_core.package_selection:Skipping not selected package 'gui_msgs' in 'src/gui_msgs'
[0.218s] INFO:colcon.colcon_core.package_selection:Skipping not selected package 'pcd_visualizer' in 'src/pcd_visualizer'
[0.218s] INFO:colcon.colcon_core.package_selection:Skipping not selected package 'pointcloud_marker' in 'src/pointcloud_marker'
[0.218s] INFO:colcon.colcon_core.package_selection:Skipping not selected package 'ros2_qt_rviz2' in 'src/ros2_qt_template/ros2_qt_rviz2'
[0.218s] INFO:colcon.colcon_core.package_selection:Skipping not selected package 'ros2_qt_template' in 'src/ros2_qt_template/ros2_qt_template'
[0.218s] INFO:colcon.colcon_core.package_selection:Skipping not selected package 'rviz_3d_view_controller' in 'src/rviz2_cloud_annotation/rviz_3d_view_controller'
[0.218s] INFO:colcon.colcon_core.package_selection:Skipping not selected package 'rviz_cloud_annotation' in 'src/rviz2_cloud_annotation/rviz_cloud_annotation'
[0.218s] INFO:colcon.colcon_core.package_selection:Skipping not selected package 'rviz_embed_test' in 'src/rviz_embed_test'
[0.218s] INFO:colcon.colcon_core.package_selection:Skipping not selected package 'zivid_description' in 'src/zivid-ros/zivid_description'
[0.218s] INFO:colcon.colcon_core.package_selection:Skipping not selected package 'zivid_interfaces' in 'src/zivid-ros/zivid_interfaces'
[0.218s] INFO:colcon.colcon_core.package_selection:Skipping not selected package 'zivid_camera' in 'src/zivid-ros/zivid_camera'
[0.219s] INFO:colcon.colcon_core.package_selection:Skipping not selected package 'zivid_rviz_plugin' in 'src/zivid-ros/zivid_rviz_plugin'
[0.219s] INFO:colcon.colcon_core.package_selection:Skipping not selected package 'zivid_samples' in 'src/zivid-ros/zivid_samples'
[0.219s] Level 1:colcon.colcon_core.package_discovery:discover_packages(prefix_path) check parameters
[0.219s] Level 1:colcon.colcon_core.package_discovery:discover_packages(prefix_path) discover
[0.221s] DEBUG:colcon.colcon_installed_package_information.package_discovery:Found 15 installed packages in /home/hoapham/ros2_ws/install
[0.221s] DEBUG:colcon.colcon_installed_package_information.package_discovery:Found 11 installed packages in /home/hoapham/ur_ws/install
[0.222s] DEBUG:colcon.colcon_installed_package_information.package_discovery:Found 393 installed packages in /opt/ros/humble
[0.224s] Level 1:colcon.colcon_core.package_discovery:discover_packages(prefix_path) using defaults
[0.251s] Level 5:colcon.colcon_core.verb:set package 'gui' build argument 'cmake_args' from command line to 'None'
[0.251s] Level 5:colcon.colcon_core.verb:set package 'gui' build argument 'cmake_target' from command line to 'None'
[0.251s] Level 5:colcon.colcon_core.verb:set package 'gui' build argument 'cmake_target_skip_unavailable' from command line to 'False'
[0.251s] Level 5:colcon.colcon_core.verb:set package 'gui' build argument 'cmake_clean_cache' from command line to 'False'
[0.251s] Level 5:colcon.colcon_core.verb:set package 'gui' build argument 'cmake_clean_first' from command line to 'False'
[0.251s] Level 5:colcon.colcon_core.verb:set package 'gui' build argument 'cmake_force_configure' from command line to 'False'
[0.251s] Level 5:colcon.colcon_core.verb:set package 'gui' build argument 'ament_cmake_args' from command line to 'None'
[0.251s] Level 5:colcon.colcon_core.verb:set package 'gui' build argument 'catkin_cmake_args' from command line to 'None'
[0.251s] Level 5:colcon.colcon_core.verb:set package 'gui' build argument 'catkin_skip_building_tests' from command line to 'False'
[0.251s] DEBUG:colcon.colcon_core.verb:Building package 'gui' with the following arguments: {'ament_cmake_args': None, 'build_base': '/home/hoapham/ros2_ws/build/gui', 'catkin_cmake_args': None, 'catkin_skip_building_tests': False, 'cmake_args': None, 'cmake_clean_cache': False, 'cmake_clean_first': False, 'cmake_force_configure': False, 'cmake_target': None, 'cmake_target_skip_unavailable': False, 'install_base': '/home/hoapham/ros2_ws/install/gui', 'merge_install': False, 'path': '/home/hoapham/ros2_ws/src/gui', 'symlink_install': False, 'test_result_base': None}
[0.251s] INFO:colcon.colcon_core.executor:Executing jobs using 'parallel' executor
[0.252s] DEBUG:colcon.colcon_parallel_executor.executor.parallel:run_until_complete
[0.252s] INFO:colcon.colcon_ros.task.ament_cmake.build:Building ROS package in '/home/hoapham/ros2_ws/src/gui' with build type 'ament_cmake'
[0.252s] INFO:colcon.colcon_cmake.task.cmake.build:Building CMake package in '/home/hoapham/ros2_ws/src/gui'
[0.253s] INFO:colcon.colcon_core.plugin_system:Skipping extension 'colcon_core.shell.bat': Not used on non-Windows systems
[0.253s] INFO:colcon.colcon_core.shell:Skip shell extension 'powershell' for command environment: Not usable outside of PowerShell
[0.253s] DEBUG:colcon.colcon_core.shell:Skip shell extension 'dsv' for command environment
[0.261s] DEBUG:colcon.colcon_core.event_handler.log_command:Invoking command in '/home/hoapham/ros2_ws/build/gui': CMAKE_PREFIX_PATH=${CMAKE_PREFIX_PATH}:/opt/ros/humble /usr/bin/cmake --build /home/hoapham/ros2_ws/build/gui -- -j16 -l16
[12.605s] DEBUG:colcon.colcon_core.event_handler.log_command:Invoked command in '/home/hoapham/ros2_ws/build/gui' returned '0': CMAKE_PREFIX_PATH=${CMAKE_PREFIX_PATH}:/opt/ros/humble /usr/bin/cmake --build /home/hoapham/ros2_ws/build/gui -- -j16 -l16
[12.615s] DEBUG:colcon.colcon_core.event_handler.log_command:Invoking command in '/home/hoapham/ros2_ws/build/gui': CMAKE_PREFIX_PATH=${CMAKE_PREFIX_PATH}:/opt/ros/humble /usr/bin/cmake --install /home/hoapham/ros2_ws/build/gui
[12.634s] Level 1:colcon.colcon_core.environment:create_environment_scripts_only(gui)
[12.634s] DEBUG:colcon.colcon_core.event_handler.log_command:Invoked command in '/home/hoapham/ros2_ws/build/gui' returned '0': CMAKE_PREFIX_PATH=${CMAKE_PREFIX_PATH}:/opt/ros/humble /usr/bin/cmake --install /home/hoapham/ros2_ws/build/gui
[12.635s] Level 1:colcon.colcon_core.environment:checking '/home/hoapham/ros2_ws/install/gui' for CMake module files
[12.635s] Level 1:colcon.colcon_core.environment:checking '/home/hoapham/ros2_ws/install/gui' for CMake config files
[12.636s] Level 1:colcon.colcon_core.shell:create_environment_hook('gui', 'cmake_prefix_path')
[12.636s] INFO:colcon.colcon_core.shell:Creating environment hook '/home/hoapham/ros2_ws/install/gui/share/gui/hook/cmake_prefix_path.ps1'
[12.636s] INFO:colcon.colcon_core.shell:Creating environment descriptor '/home/hoapham/ros2_ws/install/gui/share/gui/hook/cmake_prefix_path.dsv'
[12.636s] INFO:colcon.colcon_core.shell:Creating environment hook '/home/hoapham/ros2_ws/install/gui/share/gui/hook/cmake_prefix_path.sh'
[12.637s] Level 1:colcon.colcon_core.environment:checking '/home/hoapham/ros2_ws/install/gui/lib'
[12.637s] Level 1:colcon.colcon_core.environment:checking '/home/hoapham/ros2_ws/install/gui/bin'
[12.637s] Level 1:colcon.colcon_core.environment:checking '/home/hoapham/ros2_ws/install/gui/lib/pkgconfig/gui.pc'
[12.637s] Level 1:colcon.colcon_core.environment:checking '/home/hoapham/ros2_ws/install/gui/lib/python3.10/site-packages'
[12.637s] Level 1:colcon.colcon_core.environment:checking '/home/hoapham/ros2_ws/install/gui/bin'
[12.637s] INFO:colcon.colcon_core.shell:Creating package script '/home/hoapham/ros2_ws/install/gui/share/gui/package.ps1'
[12.638s] INFO:colcon.colcon_core.shell:Creating package descriptor '/home/hoapham/ros2_ws/install/gui/share/gui/package.dsv'
[12.638s] INFO:colcon.colcon_core.shell:Creating package script '/home/hoapham/ros2_ws/install/gui/share/gui/package.sh'
[12.639s] INFO:colcon.colcon_core.shell:Creating package script '/home/hoapham/ros2_ws/install/gui/share/gui/package.bash'
[12.640s] INFO:colcon.colcon_core.shell:Creating package script '/home/hoapham/ros2_ws/install/gui/share/gui/package.zsh'
[12.640s] Level 1:colcon.colcon_core.environment:create_file_with_runtime_dependencies(/home/hoapham/ros2_ws/install/gui/share/colcon-core/packages/gui)
[12.641s] Level 1:colcon.colcon_core.environment:create_environment_scripts_only(gui)
[12.641s] Level 1:colcon.colcon_core.environment:checking '/home/hoapham/ros2_ws/install/gui' for CMake module files
[12.641s] Level 1:colcon.colcon_core.environment:checking '/home/hoapham/ros2_ws/install/gui' for CMake config files
[12.641s] Level 1:colcon.colcon_core.shell:create_environment_hook('gui', 'cmake_prefix_path')
[12.642s] INFO:colcon.colcon_core.shell:Creating environment hook '/home/hoapham/ros2_ws/install/gui/share/gui/hook/cmake_prefix_path.ps1'
[12.642s] INFO:colcon.colcon_core.shell:Creating environment descriptor '/home/hoapham/ros2_ws/install/gui/share/gui/hook/cmake_prefix_path.dsv'
[12.642s] INFO:colcon.colcon_core.shell:Creating environment hook '/home/hoapham/ros2_ws/install/gui/share/gui/hook/cmake_prefix_path.sh'
[12.642s] Level 1:colcon.colcon_core.environment:checking '/home/hoapham/ros2_ws/install/gui/lib'
[12.642s] Level 1:colcon.colcon_core.environment:checking '/home/hoapham/ros2_ws/install/gui/bin'
[12.642s] Level 1:colcon.colcon_core.environment:checking '/home/hoapham/ros2_ws/install/gui/lib/pkgconfig/gui.pc'
[12.642s] Level 1:colcon.colcon_core.environment:checking '/home/hoapham/ros2_ws/install/gui/lib/python3.10/site-packages'
[12.642s] Level 1:colcon.colcon_core.environment:checking '/home/hoapham/ros2_ws/install/gui/bin'
[12.643s] INFO:colcon.colcon_core.shell:Creating package script '/home/hoapham/ros2_ws/install/gui/share/gui/package.ps1'
[12.643s] INFO:colcon.colcon_core.shell:Creating package descriptor '/home/hoapham/ros2_ws/install/gui/share/gui/package.dsv'
[12.643s] INFO:colcon.colcon_core.shell:Creating package script '/home/hoapham/ros2_ws/install/gui/share/gui/package.sh'
[12.643s] INFO:colcon.colcon_core.shell:Creating package script '/home/hoapham/ros2_ws/install/gui/share/gui/package.bash'
[12.643s] INFO:colcon.colcon_core.shell:Creating package script '/home/hoapham/ros2_ws/install/gui/share/gui/package.zsh'
[12.644s] Level 1:colcon.colcon_core.environment:create_file_with_runtime_dependencies(/home/hoapham/ros2_ws/install/gui/share/colcon-core/packages/gui)
[12.644s] DEBUG:colcon.colcon_parallel_executor.executor.parallel:closing loop
[12.644s] DEBUG:colcon.colcon_parallel_executor.executor.parallel:loop closed
[12.644s] DEBUG:colcon.colcon_parallel_executor.executor.parallel:run_until_complete finished with '0'
[12.644s] DEBUG:colcon.colcon_core.event_reactor:joining thread
[12.647s] INFO:colcon.colcon_core.plugin_system:Skipping extension 'colcon_notification.desktop_notification.terminal_notifier': Not used on non-Darwin systems
[12.647s] INFO:colcon.colcon_core.plugin_system:Skipping extension 'colcon_notification.desktop_notification.win32': Not used on non-Windows systems
[12.647s] INFO:colcon.colcon_notification.desktop_notification:Sending desktop notification using 'notify2'
[12.657s] DEBUG:colcon.colcon_core.event_reactor:joined thread
[12.657s] INFO:colcon.colcon_core.shell:Creating prefix script '/home/hoapham/ros2_ws/install/local_setup.ps1'
[12.658s] INFO:colcon.colcon_core.shell:Creating prefix util module '/home/hoapham/ros2_ws/install/_local_setup_util_ps1.py'
[12.659s] INFO:colcon.colcon_core.shell:Creating prefix chain script '/home/hoapham/ros2_ws/install/setup.ps1'
[12.660s] INFO:colcon.colcon_core.shell:Creating prefix script '/home/hoapham/ros2_ws/install/local_setup.sh'
[12.661s] INFO:colcon.colcon_core.shell:Creating prefix util module '/home/hoapham/ros2_ws/install/_local_setup_util_sh.py'
[12.661s] INFO:colcon.colcon_core.shell:Creating prefix chain script '/home/hoapham/ros2_ws/install/setup.sh'
[12.662s] INFO:colcon.colcon_core.shell:Creating prefix script '/home/hoapham/ros2_ws/install/local_setup.bash'
[12.662s] INFO:colcon.colcon_core.shell:Creating prefix chain script '/home/hoapham/ros2_ws/install/setup.bash'
[12.663s] INFO:colcon.colcon_core.shell:Creating prefix script '/home/hoapham/ros2_ws/install/local_setup.zsh'
[12.664s] INFO:colcon.colcon_core.shell:Creating prefix chain script '/home/hoapham/ros2_ws/install/setup.zsh'
