[0.014s] Invoking command in '/home/hoapham/ur_ws/build/ur': AMENT_PREFIX_PATH=/home/hoapham/ur_ws/install/ur_calibration:/home/hoapham/ur_ws/install/ur_robot_driver:/home/hoapham/ur_ws/install/ur_controllers:/home/hoapham/ur_ws/install/ur_msgs:/home/hoapham/ur_ws/install/ur_moveit_config:/home/hoapham/ur_ws/install/ur_dashboard_msgs:${AMENT_PREFIX_PATH} CMAKE_PREFIX_PATH=/home/hoapham/ur_ws/install/ur_calibration:/home/hoapham/ur_ws/install/ur_robot_driver:/home/hoapham/ur_ws/install/ur_controllers:/home/hoapham/ur_ws/install/ur_msgs:/home/hoapham/ur_ws/install/ur_moveit_config:/home/hoapham/ur_ws/install/ur_dashboard_msgs:/opt/ros/humble LD_LIBRARY_PATH=/home/hoapham/ur_ws/install/ur_robot_driver/lib:/home/hoapham/ur_ws/install/ur_controllers/lib:/home/hoapham/ur_ws/install/ur_msgs/lib:/home/hoapham/ur_ws/install/ur_dashboard_msgs/lib:${LD_LIBRARY_PATH} PATH=/home/hoapham/ur_ws/install/ur_robot_driver/bin:${PATH} PYTHONPATH=/home/hoapham/ur_ws/install/ur_robot_driver/local/lib/python3.10/dist-packages:/home/hoapham/ur_ws/install/ur_msgs/local/lib/python3.10/dist-packages:/home/hoapham/ur_ws/install/ur_moveit_config/local/lib/python3.10/dist-packages:/home/hoapham/ur_ws/install/ur_dashboard_msgs/local/lib/python3.10/dist-packages:${PYTHONPATH} /usr/bin/cmake /home/hoapham/ur_ws/src/Universal_Robots_ROS2_Driver/ur -DCMAKE_INSTALL_PREFIX=/home/hoapham/ur_ws/install/ur
[0.057s] -- The C compiler identification is GNU 11.4.0
[0.102s] -- The CXX compiler identification is GNU 11.4.0
[0.107s] -- Detecting C compiler ABI info
[0.166s] -- Detecting C compiler ABI info - done
[0.171s] -- Check for working C compiler: /usr/bin/cc - skipped
[0.171s] -- Detecting C compile features
[0.171s] -- Detecting C compile features - done
[0.173s] -- Detecting CXX compiler ABI info
[0.244s] -- Detecting CXX compiler ABI info - done
[0.248s] -- Check for working CXX compiler: /usr/bin/c++ - skipped
[0.248s] -- Detecting CXX compile features
[0.248s] -- Detecting CXX compile features - done
[0.251s] -- Found ament_cmake: 1.3.11 (/opt/ros/humble/share/ament_cmake/cmake)
[0.360s] -- Found Python3: /usr/bin/python3 (found version "3.10.12") found components: Interpreter 
[0.430s] -- Found ament_lint_auto: 0.12.12 (/opt/ros/humble/share/ament_lint_auto/cmake)
[0.511s] -- Added test 'lint_cmake' to check CMake code style
[0.512s] -- Added test 'xmllint' to check XML markup files
[0.513s] -- Configuring done
[0.516s] -- Generating done
[0.517s] -- Build files have been written to: /home/hoapham/ur_ws/build/ur
[0.524s] Invoked command in '/home/hoapham/ur_ws/build/ur' returned '0': AMENT_PREFIX_PATH=/home/hoapham/ur_ws/install/ur_calibration:/home/hoapham/ur_ws/install/ur_robot_driver:/home/hoapham/ur_ws/install/ur_controllers:/home/hoapham/ur_ws/install/ur_msgs:/home/hoapham/ur_ws/install/ur_moveit_config:/home/hoapham/ur_ws/install/ur_dashboard_msgs:${AMENT_PREFIX_PATH} CMAKE_PREFIX_PATH=/home/hoapham/ur_ws/install/ur_calibration:/home/hoapham/ur_ws/install/ur_robot_driver:/home/hoapham/ur_ws/install/ur_controllers:/home/hoapham/ur_ws/install/ur_msgs:/home/hoapham/ur_ws/install/ur_moveit_config:/home/hoapham/ur_ws/install/ur_dashboard_msgs:/opt/ros/humble LD_LIBRARY_PATH=/home/hoapham/ur_ws/install/ur_robot_driver/lib:/home/hoapham/ur_ws/install/ur_controllers/lib:/home/hoapham/ur_ws/install/ur_msgs/lib:/home/hoapham/ur_ws/install/ur_dashboard_msgs/lib:${LD_LIBRARY_PATH} PATH=/home/hoapham/ur_ws/install/ur_robot_driver/bin:${PATH} PYTHONPATH=/home/hoapham/ur_ws/install/ur_robot_driver/local/lib/python3.10/dist-packages:/home/hoapham/ur_ws/install/ur_msgs/local/lib/python3.10/dist-packages:/home/hoapham/ur_ws/install/ur_moveit_config/local/lib/python3.10/dist-packages:/home/hoapham/ur_ws/install/ur_dashboard_msgs/local/lib/python3.10/dist-packages:${PYTHONPATH} /usr/bin/cmake /home/hoapham/ur_ws/src/Universal_Robots_ROS2_Driver/ur -DCMAKE_INSTALL_PREFIX=/home/hoapham/ur_ws/install/ur
[0.524s] Invoking command in '/home/hoapham/ur_ws/build/ur': AMENT_PREFIX_PATH=/home/hoapham/ur_ws/install/ur_calibration:/home/hoapham/ur_ws/install/ur_robot_driver:/home/hoapham/ur_ws/install/ur_controllers:/home/hoapham/ur_ws/install/ur_msgs:/home/hoapham/ur_ws/install/ur_moveit_config:/home/hoapham/ur_ws/install/ur_dashboard_msgs:${AMENT_PREFIX_PATH} CMAKE_PREFIX_PATH=/home/hoapham/ur_ws/install/ur_calibration:/home/hoapham/ur_ws/install/ur_robot_driver:/home/hoapham/ur_ws/install/ur_controllers:/home/hoapham/ur_ws/install/ur_msgs:/home/hoapham/ur_ws/install/ur_moveit_config:/home/hoapham/ur_ws/install/ur_dashboard_msgs:/opt/ros/humble LD_LIBRARY_PATH=/home/hoapham/ur_ws/install/ur_robot_driver/lib:/home/hoapham/ur_ws/install/ur_controllers/lib:/home/hoapham/ur_ws/install/ur_msgs/lib:/home/hoapham/ur_ws/install/ur_dashboard_msgs/lib:${LD_LIBRARY_PATH} PATH=/home/hoapham/ur_ws/install/ur_robot_driver/bin:${PATH} PYTHONPATH=/home/hoapham/ur_ws/install/ur_robot_driver/local/lib/python3.10/dist-packages:/home/hoapham/ur_ws/install/ur_msgs/local/lib/python3.10/dist-packages:/home/hoapham/ur_ws/install/ur_moveit_config/local/lib/python3.10/dist-packages:/home/hoapham/ur_ws/install/ur_dashboard_msgs/local/lib/python3.10/dist-packages:${PYTHONPATH} /usr/bin/cmake --build /home/hoapham/ur_ws/build/ur
[0.564s] Invoked command in '/home/hoapham/ur_ws/build/ur' returned '0': AMENT_PREFIX_PATH=/home/hoapham/ur_ws/install/ur_calibration:/home/hoapham/ur_ws/install/ur_robot_driver:/home/hoapham/ur_ws/install/ur_controllers:/home/hoapham/ur_ws/install/ur_msgs:/home/hoapham/ur_ws/install/ur_moveit_config:/home/hoapham/ur_ws/install/ur_dashboard_msgs:${AMENT_PREFIX_PATH} CMAKE_PREFIX_PATH=/home/hoapham/ur_ws/install/ur_calibration:/home/hoapham/ur_ws/install/ur_robot_driver:/home/hoapham/ur_ws/install/ur_controllers:/home/hoapham/ur_ws/install/ur_msgs:/home/hoapham/ur_ws/install/ur_moveit_config:/home/hoapham/ur_ws/install/ur_dashboard_msgs:/opt/ros/humble LD_LIBRARY_PATH=/home/hoapham/ur_ws/install/ur_robot_driver/lib:/home/hoapham/ur_ws/install/ur_controllers/lib:/home/hoapham/ur_ws/install/ur_msgs/lib:/home/hoapham/ur_ws/install/ur_dashboard_msgs/lib:${LD_LIBRARY_PATH} PATH=/home/hoapham/ur_ws/install/ur_robot_driver/bin:${PATH} PYTHONPATH=/home/hoapham/ur_ws/install/ur_robot_driver/local/lib/python3.10/dist-packages:/home/hoapham/ur_ws/install/ur_msgs/local/lib/python3.10/dist-packages:/home/hoapham/ur_ws/install/ur_moveit_config/local/lib/python3.10/dist-packages:/home/hoapham/ur_ws/install/ur_dashboard_msgs/local/lib/python3.10/dist-packages:${PYTHONPATH} /usr/bin/cmake --build /home/hoapham/ur_ws/build/ur
[0.565s] Invoking command in '/home/hoapham/ur_ws/build/ur': AMENT_PREFIX_PATH=/home/hoapham/ur_ws/install/ur_calibration:/home/hoapham/ur_ws/install/ur_robot_driver:/home/hoapham/ur_ws/install/ur_controllers:/home/hoapham/ur_ws/install/ur_msgs:/home/hoapham/ur_ws/install/ur_moveit_config:/home/hoapham/ur_ws/install/ur_dashboard_msgs:${AMENT_PREFIX_PATH} CMAKE_PREFIX_PATH=/home/hoapham/ur_ws/install/ur_calibration:/home/hoapham/ur_ws/install/ur_robot_driver:/home/hoapham/ur_ws/install/ur_controllers:/home/hoapham/ur_ws/install/ur_msgs:/home/hoapham/ur_ws/install/ur_moveit_config:/home/hoapham/ur_ws/install/ur_dashboard_msgs:/opt/ros/humble LD_LIBRARY_PATH=/home/hoapham/ur_ws/install/ur_robot_driver/lib:/home/hoapham/ur_ws/install/ur_controllers/lib:/home/hoapham/ur_ws/install/ur_msgs/lib:/home/hoapham/ur_ws/install/ur_dashboard_msgs/lib:${LD_LIBRARY_PATH} PATH=/home/hoapham/ur_ws/install/ur_robot_driver/bin:${PATH} PYTHONPATH=/home/hoapham/ur_ws/install/ur_robot_driver/local/lib/python3.10/dist-packages:/home/hoapham/ur_ws/install/ur_msgs/local/lib/python3.10/dist-packages:/home/hoapham/ur_ws/install/ur_moveit_config/local/lib/python3.10/dist-packages:/home/hoapham/ur_ws/install/ur_dashboard_msgs/local/lib/python3.10/dist-packages:${PYTHONPATH} /usr/bin/cmake --install /home/hoapham/ur_ws/build/ur
[0.571s] -- Install configuration: ""
[0.571s] -- Installing: /home/hoapham/ur_ws/install/ur/share/ament_index/resource_index/package_run_dependencies/ur
[0.572s] -- Installing: /home/hoapham/ur_ws/install/ur/share/ament_index/resource_index/parent_prefix_path/ur
[0.572s] -- Installing: /home/hoapham/ur_ws/install/ur/share/ur/environment/ament_prefix_path.sh
[0.572s] -- Installing: /home/hoapham/ur_ws/install/ur/share/ur/environment/ament_prefix_path.dsv
[0.572s] -- Installing: /home/hoapham/ur_ws/install/ur/share/ur/environment/path.sh
[0.572s] -- Installing: /home/hoapham/ur_ws/install/ur/share/ur/environment/path.dsv
[0.573s] -- Installing: /home/hoapham/ur_ws/install/ur/share/ur/local_setup.bash
[0.573s] -- Installing: /home/hoapham/ur_ws/install/ur/share/ur/local_setup.sh
[0.573s] -- Installing: /home/hoapham/ur_ws/install/ur/share/ur/local_setup.zsh
[0.573s] -- Installing: /home/hoapham/ur_ws/install/ur/share/ur/local_setup.dsv
[0.573s] -- Installing: /home/hoapham/ur_ws/install/ur/share/ur/package.dsv
[0.573s] -- Installing: /home/hoapham/ur_ws/install/ur/share/ament_index/resource_index/packages/ur
[0.573s] -- Installing: /home/hoapham/ur_ws/install/ur/share/ur/cmake/urConfig.cmake
[0.573s] -- Installing: /home/hoapham/ur_ws/install/ur/share/ur/cmake/urConfig-version.cmake
[0.573s] -- Installing: /home/hoapham/ur_ws/install/ur/share/ur/package.xml
[0.575s] Invoked command in '/home/hoapham/ur_ws/build/ur' returned '0': AMENT_PREFIX_PATH=/home/hoapham/ur_ws/install/ur_calibration:/home/hoapham/ur_ws/install/ur_robot_driver:/home/hoapham/ur_ws/install/ur_controllers:/home/hoapham/ur_ws/install/ur_msgs:/home/hoapham/ur_ws/install/ur_moveit_config:/home/hoapham/ur_ws/install/ur_dashboard_msgs:${AMENT_PREFIX_PATH} CMAKE_PREFIX_PATH=/home/hoapham/ur_ws/install/ur_calibration:/home/hoapham/ur_ws/install/ur_robot_driver:/home/hoapham/ur_ws/install/ur_controllers:/home/hoapham/ur_ws/install/ur_msgs:/home/hoapham/ur_ws/install/ur_moveit_config:/home/hoapham/ur_ws/install/ur_dashboard_msgs:/opt/ros/humble LD_LIBRARY_PATH=/home/hoapham/ur_ws/install/ur_robot_driver/lib:/home/hoapham/ur_ws/install/ur_controllers/lib:/home/hoapham/ur_ws/install/ur_msgs/lib:/home/hoapham/ur_ws/install/ur_dashboard_msgs/lib:${LD_LIBRARY_PATH} PATH=/home/hoapham/ur_ws/install/ur_robot_driver/bin:${PATH} PYTHONPATH=/home/hoapham/ur_ws/install/ur_robot_driver/local/lib/python3.10/dist-packages:/home/hoapham/ur_ws/install/ur_msgs/local/lib/python3.10/dist-packages:/home/hoapham/ur_ws/install/ur_moveit_config/local/lib/python3.10/dist-packages:/home/hoapham/ur_ws/install/ur_dashboard_msgs/local/lib/python3.10/dist-packages:${PYTHONPATH} /usr/bin/cmake --install /home/hoapham/ur_ws/build/ur
