-- Install configuration: ""
-- Up-to-date: /home/hoapham/ros2_ws/install/zivid_description/share/zivid_description/meshes
-- Up-to-date: /home/hoapham/ros2_ws/install/zivid_description/share/zivid_description/meshes/field_of_view
-- Up-to-date: /home/hoapham/ros2_ws/install/zivid_description/share/zivid_description/meshes/field_of_view/zivid_2_l100_fov.stl
-- Up-to-date: /home/hoapham/ros2_ws/install/zivid_description/share/zivid_description/meshes/field_of_view/zivid_2_plus_m60_fov.stl
-- Up-to-date: /home/hoapham/ros2_ws/install/zivid_description/share/zivid_description/meshes/field_of_view/zivid_2_plus_m130_fov.stl
-- Up-to-date: /home/hoapham/ros2_ws/install/zivid_description/share/zivid_description/meshes/field_of_view/zivid_2_plus_l110_fov.stl
-- Up-to-date: /home/hoapham/ros2_ws/install/zivid_description/share/zivid_description/meshes/field_of_view/zivid_2_m70_fov.stl
-- Up-to-date: /home/hoapham/ros2_ws/install/zivid_description/share/zivid_description/meshes/visual
-- Up-to-date: /home/hoapham/ros2_ws/install/zivid_description/share/zivid_description/meshes/visual/zivid_2_plus.stl
-- Up-to-date: /home/hoapham/ros2_ws/install/zivid_description/share/zivid_description/meshes/collision
-- Up-to-date: /home/hoapham/ros2_ws/install/zivid_description/share/zivid_description/meshes/collision/zivid_2_plus_convex_hull.stl
-- Up-to-date: /home/hoapham/ros2_ws/install/zivid_description/share/zivid_description/urdf
-- Up-to-date: /home/hoapham/ros2_ws/install/zivid_description/share/zivid_description/urdf/zivid_materials.xacro
-- Up-to-date: /home/hoapham/ros2_ws/install/zivid_description/share/zivid_description/urdf/macros
-- Up-to-date: /home/hoapham/ros2_ws/install/zivid_description/share/zivid_description/urdf/macros/zivid_camera.xacro
-- Up-to-date: /home/hoapham/ros2_ws/install/zivid_description/share/zivid_description/urdf/zivid_camera.urdf.xacro
-- Up-to-date: /home/hoapham/ros2_ws/install/zivid_description/share/ament_index/resource_index/package_run_dependencies/zivid_description
-- Up-to-date: /home/hoapham/ros2_ws/install/zivid_description/share/ament_index/resource_index/parent_prefix_path/zivid_description
-- Up-to-date: /home/hoapham/ros2_ws/install/zivid_description/share/zivid_description/environment/ament_prefix_path.sh
-- Up-to-date: /home/hoapham/ros2_ws/install/zivid_description/share/zivid_description/environment/ament_prefix_path.dsv
-- Up-to-date: /home/hoapham/ros2_ws/install/zivid_description/share/zivid_description/environment/path.sh
-- Up-to-date: /home/hoapham/ros2_ws/install/zivid_description/share/zivid_description/environment/path.dsv
-- Up-to-date: /home/hoapham/ros2_ws/install/zivid_description/share/zivid_description/local_setup.bash
-- Up-to-date: /home/hoapham/ros2_ws/install/zivid_description/share/zivid_description/local_setup.sh
-- Up-to-date: /home/hoapham/ros2_ws/install/zivid_description/share/zivid_description/local_setup.zsh
-- Up-to-date: /home/hoapham/ros2_ws/install/zivid_description/share/zivid_description/local_setup.dsv
-- Installing: /home/hoapham/ros2_ws/install/zivid_description/share/zivid_description/package.dsv
-- Up-to-date: /home/hoapham/ros2_ws/install/zivid_description/share/ament_index/resource_index/packages/zivid_description
-- Up-to-date: /home/hoapham/ros2_ws/install/zivid_description/share/zivid_description/cmake/zivid_descriptionConfig.cmake
-- Up-to-date: /home/hoapham/ros2_ws/install/zivid_description/share/zivid_description/cmake/zivid_descriptionConfig-version.cmake
-- Up-to-date: /home/hoapham/ros2_ws/install/zivid_description/share/zivid_description/package.xml
