[0.016s] Invoking command in '/home/hoapham/ros2_ws/build/gui': CMAKE_PREFIX_PATH=${CMAKE_PREFIX_PATH}:/opt/ros/humble /usr/bin/cmake --build /home/hoapham/ros2_ws/build/gui -- -j16 -l16
[0.081s] [ 12%] [34m[1mAutomatic MOC and UIC for target gui[0m
[0.120s] [ 12%] Built target gui_autogen
[0.142s] [35m[1mConsolidate compiler generated dependencies of target gui[0m
[0.186s] [ 25%] [32mBuilding CXX object CMakeFiles/gui.dir/src/preparation.cpp.o[0m
[1.152s] [ 37%] [32m[1mLinking CXX executable gui[0m
[3.566s] [100%] Built target gui
[3.577s] Invoked command in '/home/hoapham/ros2_ws/build/gui' returned '0': CMAKE_PREFIX_PATH=${CMAKE_PREFIX_PATH}:/opt/ros/humble /usr/bin/cmake --build /home/hoapham/ros2_ws/build/gui -- -j16 -l16
[3.586s] Invoking command in '/home/hoapham/ros2_ws/build/gui': CMAKE_PREFIX_PATH=${CMAKE_PREFIX_PATH}:/opt/ros/humble /usr/bin/cmake --install /home/hoapham/ros2_ws/build/gui
[3.591s] -- Install configuration: ""
[3.591s] -- Installing: /home/hoapham/ros2_ws/install/gui/lib/gui/gui
[3.595s] -- Set runtime path of "/home/hoapham/ros2_ws/install/gui/lib/gui/gui" to ""
[3.595s] -- Up-to-date: /home/hoapham/ros2_ws/install/gui/include
[3.596s] -- Up-to-date: /home/hoapham/ros2_ws/install/gui/include/gui
[3.596s] -- Up-to-date: /home/hoapham/ros2_ws/install/gui/include/gui/rvizpanel.h
[3.596s] -- Up-to-date: /home/hoapham/ros2_ws/install/gui/include/gui/preparation.h
[3.596s] -- Up-to-date: /home/hoapham/ros2_ws/install/gui/include/gui/rrjoystick.h
[3.596s] -- Up-to-date: /home/hoapham/ros2_ws/install/gui/include/gui/hello_gui.h
[3.596s] -- Up-to-date: /home/hoapham/ros2_ws/install/gui/include/gui/parser.h
[3.596s] -- Up-to-date: /home/hoapham/ros2_ws/install/gui/share/gui//launch
[3.596s] -- Up-to-date: /home/hoapham/ros2_ws/install/gui/share/gui//launch/gui.launch.py
[3.596s] -- Up-to-date: /home/hoapham/ros2_ws/install/gui/share/gui//config
[3.596s] -- Up-to-date: /home/hoapham/ros2_ws/install/gui/share/gui//config/params.yaml
[3.596s] -- Up-to-date: /home/hoapham/ros2_ws/install/gui/share/ament_index/resource_index/package_run_dependencies/gui
[3.596s] -- Up-to-date: /home/hoapham/ros2_ws/install/gui/share/ament_index/resource_index/parent_prefix_path/gui
[3.596s] -- Up-to-date: /home/hoapham/ros2_ws/install/gui/share/gui/environment/ament_prefix_path.sh
[3.596s] -- Up-to-date: /home/hoapham/ros2_ws/install/gui/share/gui/environment/ament_prefix_path.dsv
[3.596s] -- Up-to-date: /home/hoapham/ros2_ws/install/gui/share/gui/environment/path.sh
[3.596s] -- Up-to-date: /home/hoapham/ros2_ws/install/gui/share/gui/environment/path.dsv
[3.596s] -- Up-to-date: /home/hoapham/ros2_ws/install/gui/share/gui/local_setup.bash
[3.596s] -- Up-to-date: /home/hoapham/ros2_ws/install/gui/share/gui/local_setup.sh
[3.596s] -- Up-to-date: /home/hoapham/ros2_ws/install/gui/share/gui/local_setup.zsh
[3.596s] -- Up-to-date: /home/hoapham/ros2_ws/install/gui/share/gui/local_setup.dsv
[3.596s] -- Installing: /home/hoapham/ros2_ws/install/gui/share/gui/package.dsv
[3.596s] -- Up-to-date: /home/hoapham/ros2_ws/install/gui/share/ament_index/resource_index/packages/gui
[3.596s] -- Up-to-date: /home/hoapham/ros2_ws/install/gui/share/gui/cmake/ament_cmake_export_include_directories-extras.cmake
[3.596s] -- Up-to-date: /home/hoapham/ros2_ws/install/gui/share/gui/cmake/ament_cmake_export_dependencies-extras.cmake
[3.596s] -- Up-to-date: /home/hoapham/ros2_ws/install/gui/share/gui/cmake/guiConfig.cmake
[3.596s] -- Up-to-date: /home/hoapham/ros2_ws/install/gui/share/gui/cmake/guiConfig-version.cmake
[3.596s] -- Up-to-date: /home/hoapham/ros2_ws/install/gui/share/gui/package.xml
[3.598s] Invoked command in '/home/hoapham/ros2_ws/build/gui' returned '0': CMAKE_PREFIX_PATH=${CMAKE_PREFIX_PATH}:/opt/ros/humble /usr/bin/cmake --install /home/hoapham/ros2_ws/build/gui
