[0.010s] Invoking command in '/home/hoapham/ur_ws/build/ur_controllers': AMENT_PREFIX_PATH=/home/hoapham/ur_ws/install/ur_msgs:/home/hoapham/ur_ws/install/ur_dashboard_msgs:${AMENT_PREFIX_PATH} CMAKE_PREFIX_PATH=/home/hoapham/ur_ws/install/ur_msgs:/home/hoapham/ur_ws/install/ur_dashboard_msgs:/opt/ros/humble LD_LIBRARY_PATH=/home/hoapham/ur_ws/install/ur_msgs/lib:/home/hoapham/ur_ws/install/ur_dashboard_msgs/lib:${LD_LIBRARY_PATH} PYTHONPATH=/home/hoapham/ur_ws/install/ur_msgs/local/lib/python3.10/dist-packages:/home/hoapham/ur_ws/install/ur_dashboard_msgs/local/lib/python3.10/dist-packages:${PYTHONPATH} /usr/bin/cmake /home/hoapham/ur_ws/src/Universal_Robots_ROS2_Driver/ur_controllers -DCMAKE_INSTALL_PREFIX=/home/hoapham/ur_ws/install/ur_controllers
[0.052s] -- The C compiler identification is GNU 11.4.0
[0.091s] -- The CXX compiler identification is GNU 11.4.0
[0.098s] -- Detecting C compiler ABI info
[0.154s] -- Detecting C compiler ABI info - done
[0.158s] -- Check for working C compiler: /usr/bin/cc - skipped
[0.159s] -- Detecting C compile features
[0.159s] -- Detecting C compile features - done
[0.161s] -- Detecting CXX compiler ABI info
[0.225s] -- Detecting CXX compiler ABI info - done
[0.230s] -- Check for working CXX compiler: /usr/bin/c++ - skipped
[0.230s] -- Detecting CXX compile features
[0.230s] -- Detecting CXX compile features - done
[0.232s] -- Found ament_cmake: 1.3.11 (/opt/ros/humble/share/ament_cmake/cmake)
[0.335s] -- Found Python3: /usr/bin/python3 (found version "3.10.12") found components: Interpreter 
[0.397s] -- Found angles: 1.15.0 (/opt/ros/humble/share/angles/cmake)
[0.399s] -- Found controller_interface: 2.50.0 (/opt/ros/humble/share/controller_interface/cmake)
[0.430s] -- Found rosidl_generator_c: 3.1.6 (/opt/ros/humble/share/rosidl_generator_c/cmake)
[0.434s] -- Found rosidl_adapter: 3.1.6 (/opt/ros/humble/share/rosidl_adapter/cmake)
[0.440s] -- Found rosidl_generator_cpp: 3.1.6 (/opt/ros/humble/share/rosidl_generator_cpp/cmake)
[0.447s] -- Using all available rosidl_typesupport_c: rosidl_typesupport_fastrtps_c;rosidl_typesupport_introspection_c
[0.458s] -- Using all available rosidl_typesupport_cpp: rosidl_typesupport_fastrtps_cpp;rosidl_typesupport_introspection_cpp
[0.593s] -- Found rmw_implementation_cmake: 6.1.2 (/opt/ros/humble/share/rmw_implementation_cmake/cmake)
[0.594s] -- Found rmw_cyclonedds_cpp: 1.3.4 (/opt/ros/humble/share/rmw_cyclonedds_cpp/cmake)
[0.608s] -- Using RMW implementation 'rmw_cyclonedds_cpp' as default
[0.614s] -- Looking for pthread.h
[0.675s] -- Looking for pthread.h - found
[0.675s] -- Performing Test CMAKE_HAVE_LIBC_PTHREAD
[0.735s] -- Performing Test CMAKE_HAVE_LIBC_PTHREAD - Success
[0.736s] -- Found Threads: TRUE  
[0.770s] -- Found joint_trajectory_controller: 2.44.0 (/opt/ros/humble/share/joint_trajectory_controller/cmake)
[0.823s] -- Found std_srvs: 4.8.0 (/opt/ros/humble/share/std_srvs/cmake)
[0.831s] -- Found tf2_geometry_msgs: 0.25.12 (/opt/ros/humble/share/tf2_geometry_msgs/cmake)
[0.837s] -- Found eigen3_cmake_module: 0.1.1 (/opt/ros/humble/share/eigen3_cmake_module/cmake)
[0.838s] -- Found Eigen3: TRUE (found version "3.4.0") 
[0.838s] -- Ensuring Eigen3 include directory is part of orocos-kdl CMake target
[0.877s] -- Found ur_dashboard_msgs: 2.7.0 (/home/hoapham/ur_ws/install/ur_dashboard_msgs/share/ur_dashboard_msgs/cmake)
[0.887s] -- Found ur_msgs: 2.2.0 (/home/hoapham/ur_ws/install/ur_msgs/share/ur_msgs/cmake)
[0.907s] -- Found ament_cmake_gmock: 1.3.11 (/opt/ros/humble/share/ament_cmake_gmock/cmake)
[0.909s] -- Found controller_manager: 2.50.0 (/opt/ros/humble/share/controller_manager/cmake)
[0.929s] -- Found ros2_control_test_assets: 2.50.0 (/opt/ros/humble/share/ros2_control_test_assets/cmake)
[0.931s] -- Found gmock sources under '/opt/ros/humble/src/gmock_vendor': C++ tests using 'Google Mock' will be built
[0.938s] -- Found ament_cmake_gtest: 1.3.11 (/opt/ros/humble/share/ament_cmake_gtest/cmake)
[0.938s] -- Found gtest sources under '/opt/ros/humble/src/gtest_vendor': C++ tests using 'Google Test' will be built
[1.028s] -- Configuring done
[1.116s] -- Generating done
[1.127s] -- Build files have been written to: /home/hoapham/ur_ws/build/ur_controllers
[1.154s] Invoked command in '/home/hoapham/ur_ws/build/ur_controllers' returned '0': AMENT_PREFIX_PATH=/home/hoapham/ur_ws/install/ur_msgs:/home/hoapham/ur_ws/install/ur_dashboard_msgs:${AMENT_PREFIX_PATH} CMAKE_PREFIX_PATH=/home/hoapham/ur_ws/install/ur_msgs:/home/hoapham/ur_ws/install/ur_dashboard_msgs:/opt/ros/humble LD_LIBRARY_PATH=/home/hoapham/ur_ws/install/ur_msgs/lib:/home/hoapham/ur_ws/install/ur_dashboard_msgs/lib:${LD_LIBRARY_PATH} PYTHONPATH=/home/hoapham/ur_ws/install/ur_msgs/local/lib/python3.10/dist-packages:/home/hoapham/ur_ws/install/ur_dashboard_msgs/local/lib/python3.10/dist-packages:${PYTHONPATH} /usr/bin/cmake /home/hoapham/ur_ws/src/Universal_Robots_ROS2_Driver/ur_controllers -DCMAKE_INSTALL_PREFIX=/home/hoapham/ur_ws/install/ur_controllers
[1.156s] Invoking command in '/home/hoapham/ur_ws/build/ur_controllers': AMENT_PREFIX_PATH=/home/hoapham/ur_ws/install/ur_msgs:/home/hoapham/ur_ws/install/ur_dashboard_msgs:${AMENT_PREFIX_PATH} CMAKE_PREFIX_PATH=/home/hoapham/ur_ws/install/ur_msgs:/home/hoapham/ur_ws/install/ur_dashboard_msgs:/opt/ros/humble LD_LIBRARY_PATH=/home/hoapham/ur_ws/install/ur_msgs/lib:/home/hoapham/ur_ws/install/ur_dashboard_msgs/lib:${LD_LIBRARY_PATH} PYTHONPATH=/home/hoapham/ur_ws/install/ur_msgs/local/lib/python3.10/dist-packages:/home/hoapham/ur_ws/install/ur_dashboard_msgs/local/lib/python3.10/dist-packages:${PYTHONPATH} /usr/bin/cmake --build /home/hoapham/ur_ws/build/ur_controllers
[1.210s] [ 11%] [34m[1mRunning `/opt/ros/humble/bin/generate_parameter_library_cpp /home/hoapham/ur_ws/build/ur_controllers/include/ur_controllers/freedrive_mode_controller_parameters.hpp /home/hoapham/ur_ws/src/Universal_Robots_ROS2_Driver/ur_controllers/src/freedrive_mode_controller_parameters.yaml `[0m
[1.210s] [ 11%] [34m[1mRunning `/opt/ros/humble/bin/generate_parameter_library_cpp /home/hoapham/ur_ws/build/ur_controllers/include/ur_controllers/passthrough_trajectory_controller_parameters.hpp /home/hoapham/ur_ws/src/Universal_Robots_ROS2_Driver/ur_controllers/src/passthrough_trajectory_controller_parameters.yaml `[0m
[1.210s] [ 11%] [34m[1mRunning `/opt/ros/humble/bin/generate_parameter_library_cpp /home/hoapham/ur_ws/build/ur_controllers/include/ur_controllers/tool_contact_controller_parameters.hpp /home/hoapham/ur_ws/src/Universal_Robots_ROS2_Driver/ur_controllers/src/tool_contact_controller_parameters.yaml `[0m
[1.210s] [ 11%] [34m[1mRunning `/opt/ros/humble/bin/generate_parameter_library_cpp /home/hoapham/ur_ws/build/ur_controllers/include/ur_controllers/speed_scaling_state_broadcaster_parameters.hpp /home/hoapham/ur_ws/src/Universal_Robots_ROS2_Driver/ur_controllers/src/speed_scaling_state_broadcaster_parameters.yaml `[0m
[1.210s] [ 14%] [34m[1mRunning `/opt/ros/humble/bin/generate_parameter_library_cpp /home/hoapham/ur_ws/build/ur_controllers/include/ur_controllers/ur_configuration_controller_parameters.hpp /home/hoapham/ur_ws/src/Universal_Robots_ROS2_Driver/ur_controllers/src/ur_configuration_controller_parameters.yaml `[0m
[1.210s] [ 17%] [34m[1mRunning `/opt/ros/humble/bin/generate_parameter_library_cpp /home/hoapham/ur_ws/build/ur_controllers/include/ur_controllers/scaled_joint_trajectory_controller_parameters.hpp /home/hoapham/ur_ws/src/Universal_Robots_ROS2_Driver/ur_controllers/src/scaled_joint_trajectory_controller_parameters.yaml `[0m
[1.210s] [ 20%] [34m[1mRunning `/opt/ros/humble/bin/generate_parameter_library_cpp /home/hoapham/ur_ws/build/ur_controllers/include/ur_controllers/gpio_controller_parameters.hpp /home/hoapham/ur_ws/src/Universal_Robots_ROS2_Driver/ur_controllers/src/gpio_controller_parameters.yaml `[0m
[1.211s] [ 23%] [34m[1mRunning `/opt/ros/humble/bin/generate_parameter_library_cpp /home/hoapham/ur_ws/build/ur_controllers/include/ur_controllers/force_mode_controller_parameters.hpp /home/hoapham/ur_ws/src/Universal_Robots_ROS2_Driver/ur_controllers/src/force_mode_controller_parameters.yaml `[0m
[1.310s] [ 26%] [34m[1mCreating deprecated header file /home/hoapham/ur_ws/build/ur_controllers/include/scaled_joint_trajectory_controller_parameters.hpp[0m
[1.313s] [ 29%] [34m[1mCreating deprecated header file /home/hoapham/ur_ws/build/ur_controllers/include/ur_configuration_controller_parameters.hpp[0m
[1.325s] [ 35%] [34m[1mCreating deprecated header file /home/hoapham/ur_ws/build/ur_controllers/include/speed_scaling_state_broadcaster_parameters.hpp[0m
[1.325s] [ 35%] [34m[1mCreating deprecated header file /home/hoapham/ur_ws/build/ur_controllers/include/force_mode_controller_parameters.hpp[0m
[1.327s] [ 38%] [34m[1mCreating deprecated header file /home/hoapham/ur_ws/build/ur_controllers/include/gpio_controller_parameters.hpp[0m
[1.329s] [ 41%] [34m[1mCreating deprecated header file /home/hoapham/ur_ws/build/ur_controllers/include/tool_contact_controller_parameters.hpp[0m
[1.333s] [ 44%] [34m[1mCreating deprecated header file /home/hoapham/ur_ws/build/ur_controllers/include/freedrive_mode_controller_parameters.hpp[0m
[1.345s] [ 44%] Built target scaled_joint_trajectory_controller_parameters
[1.345s] [ 44%] Built target ur_configuration_controller_parameters
[1.346s] [ 47%] [34m[1mCreating deprecated header file /home/hoapham/ur_ws/build/ur_controllers/include/passthrough_trajectory_controller_parameters.hpp[0m
[1.356s] [ 47%] Built target force_mode_controller_parameters
[1.356s] [ 47%] Built target gpio_controller_parameters
[1.357s] [ 47%] Built target speed_scaling_state_broadcaster_parameters
[1.358s] [ 50%] [32mBuilding CXX object gmock/CMakeFiles/gmock_main.dir/src/gmock_main.cc.o[0m
[1.358s] [ 52%] [32mBuilding CXX object gmock/CMakeFiles/gmock.dir/opt/ros/humble/src/gtest_vendor/src/gtest-all.cc.o[0m
[1.363s] [ 55%] [32mBuilding CXX object gmock/CMakeFiles/gmock.dir/src/gmock-all.cc.o[0m
[1.363s] [ 55%] Built target tool_contact_controller_parameters
[1.363s] [ 55%] Built target freedrive_mode_controller_parameters
[1.378s] [ 55%] Built target passthrough_trajectory_controller_parameters
[1.397s] [ 64%] [32mBuilding CXX object CMakeFiles/ur_controllers.dir/src/freedrive_mode_controller.cpp.o[0m
[1.397s] [ 64%] [32mBuilding CXX object CMakeFiles/ur_controllers.dir/src/tool_contact_controller.cpp.o[0m
[1.397s] [ 64%] [32mBuilding CXX object CMakeFiles/ur_controllers.dir/src/scaled_joint_trajectory_controller.cpp.o[0m
[1.397s] [ 67%] [32mBuilding CXX object CMakeFiles/ur_controllers.dir/src/force_mode_controller.cpp.o[0m
[1.397s] [ 70%] [32mBuilding CXX object CMakeFiles/ur_controllers.dir/src/speed_scaling_state_broadcaster.cpp.o[0m
[2.155s] [ 73%] [32m[1mLinking CXX static library libgmock_main.a[0m
[2.211s] [ 73%] Built target gmock_main
[2.218s] [ 76%] [32mBuilding CXX object CMakeFiles/ur_controllers.dir/src/gpio_controller.cpp.o[0m
[2.690s] [ 79%] [32mBuilding CXX object CMakeFiles/ur_controllers.dir/src/passthrough_trajectory_controller.cpp.o[0m
[3.547s] [ 82%] [32m[1mLinking CXX static library libgmock.a[0m
[3.627s] [ 82%] Built target gmock
[3.634s] [ 85%] [32mBuilding CXX object CMakeFiles/ur_controllers.dir/src/ur_configuration_controller.cpp.o[0m
[9.082s] [ 88%] [32m[1mLinking CXX shared library libur_controllers.so[0m
[10.177s] [ 88%] Built target ur_controllers
[10.196s] [ 94%] [32mBuilding CXX object CMakeFiles/test_load_freedrive_mode_controller.dir/test/test_load_freedrive_mode_controller.cpp.o[0m
[10.196s] [ 94%] [32mBuilding CXX object CMakeFiles/test_load_force_mode_controller.dir/test/test_load_force_mode_controller.cpp.o[0m
[13.781s] [ 97%] [32m[1mLinking CXX executable test_load_freedrive_mode_controller[0m
[13.788s] [100%] [32m[1mLinking CXX executable test_load_force_mode_controller[0m
[14.053s] [100%] Built target test_load_freedrive_mode_controller
[14.055s] [100%] Built target test_load_force_mode_controller
[14.065s] Invoked command in '/home/hoapham/ur_ws/build/ur_controllers' returned '0': AMENT_PREFIX_PATH=/home/hoapham/ur_ws/install/ur_msgs:/home/hoapham/ur_ws/install/ur_dashboard_msgs:${AMENT_PREFIX_PATH} CMAKE_PREFIX_PATH=/home/hoapham/ur_ws/install/ur_msgs:/home/hoapham/ur_ws/install/ur_dashboard_msgs:/opt/ros/humble LD_LIBRARY_PATH=/home/hoapham/ur_ws/install/ur_msgs/lib:/home/hoapham/ur_ws/install/ur_dashboard_msgs/lib:${LD_LIBRARY_PATH} PYTHONPATH=/home/hoapham/ur_ws/install/ur_msgs/local/lib/python3.10/dist-packages:/home/hoapham/ur_ws/install/ur_dashboard_msgs/local/lib/python3.10/dist-packages:${PYTHONPATH} /usr/bin/cmake --build /home/hoapham/ur_ws/build/ur_controllers
[14.067s] Invoking command in '/home/hoapham/ur_ws/build/ur_controllers': AMENT_PREFIX_PATH=/home/hoapham/ur_ws/install/ur_msgs:/home/hoapham/ur_ws/install/ur_dashboard_msgs:${AMENT_PREFIX_PATH} CMAKE_PREFIX_PATH=/home/hoapham/ur_ws/install/ur_msgs:/home/hoapham/ur_ws/install/ur_dashboard_msgs:/opt/ros/humble LD_LIBRARY_PATH=/home/hoapham/ur_ws/install/ur_msgs/lib:/home/hoapham/ur_ws/install/ur_dashboard_msgs/lib:${LD_LIBRARY_PATH} PYTHONPATH=/home/hoapham/ur_ws/install/ur_msgs/local/lib/python3.10/dist-packages:/home/hoapham/ur_ws/install/ur_dashboard_msgs/local/lib/python3.10/dist-packages:${PYTHONPATH} /usr/bin/cmake --install /home/hoapham/ur_ws/build/ur_controllers
[14.073s] -- Install configuration: ""
[14.073s] -- Installing: /home/hoapham/ur_ws/install/ur_controllers/include/ur_controllers
[14.073s] -- Installing: /home/hoapham/ur_ws/install/ur_controllers/include/ur_controllers/freedrive_mode_controller_parameters.hpp
[14.073s] -- Installing: /home/hoapham/ur_ws/install/ur_controllers/include/ur_controllers/passthrough_trajectory_controller_parameters.hpp
[14.074s] -- Installing: /home/hoapham/ur_ws/install/ur_controllers/include/ur_controllers/tool_contact_controller_parameters.hpp
[14.074s] -- Installing: /home/hoapham/ur_ws/install/ur_controllers/include/ur_controllers/force_mode_controller_parameters.hpp
[14.074s] -- Installing: /home/hoapham/ur_ws/install/ur_controllers/include/ur_controllers/scaled_joint_trajectory_controller_parameters.hpp
[14.074s] -- Installing: /home/hoapham/ur_ws/install/ur_controllers/include/ur_controllers/gpio_controller_parameters.hpp
[14.074s] -- Installing: /home/hoapham/ur_ws/install/ur_controllers/include/ur_controllers/ur_configuration_controller_parameters.hpp
[14.074s] -- Installing: /home/hoapham/ur_ws/install/ur_controllers/include/ur_controllers/speed_scaling_state_broadcaster_parameters.hpp
[14.074s] -- Up-to-date: /home/hoapham/ur_ws/install/ur_controllers/include/ur_controllers
[14.075s] -- Up-to-date: /home/hoapham/ur_ws/install/ur_controllers/include/ur_controllers/freedrive_mode_controller_parameters.hpp
[14.075s] -- Up-to-date: /home/hoapham/ur_ws/install/ur_controllers/include/ur_controllers/passthrough_trajectory_controller_parameters.hpp
[14.075s] -- Up-to-date: /home/hoapham/ur_ws/install/ur_controllers/include/ur_controllers/tool_contact_controller_parameters.hpp
[14.075s] -- Up-to-date: /home/hoapham/ur_ws/install/ur_controllers/include/ur_controllers/force_mode_controller_parameters.hpp
[14.075s] -- Up-to-date: /home/hoapham/ur_ws/install/ur_controllers/include/ur_controllers/scaled_joint_trajectory_controller_parameters.hpp
[14.075s] -- Up-to-date: /home/hoapham/ur_ws/install/ur_controllers/include/ur_controllers/gpio_controller_parameters.hpp
[14.075s] -- Up-to-date: /home/hoapham/ur_ws/install/ur_controllers/include/ur_controllers/ur_configuration_controller_parameters.hpp
[14.075s] -- Up-to-date: /home/hoapham/ur_ws/install/ur_controllers/include/ur_controllers/speed_scaling_state_broadcaster_parameters.hpp
[14.075s] -- Up-to-date: /home/hoapham/ur_ws/install/ur_controllers/include/ur_controllers
[14.075s] -- Up-to-date: /home/hoapham/ur_ws/install/ur_controllers/include/ur_controllers/freedrive_mode_controller_parameters.hpp
[14.075s] -- Up-to-date: /home/hoapham/ur_ws/install/ur_controllers/include/ur_controllers/passthrough_trajectory_controller_parameters.hpp
[14.075s] -- Up-to-date: /home/hoapham/ur_ws/install/ur_controllers/include/ur_controllers/tool_contact_controller_parameters.hpp
[14.075s] -- Up-to-date: /home/hoapham/ur_ws/install/ur_controllers/include/ur_controllers/force_mode_controller_parameters.hpp
[14.075s] -- Up-to-date: /home/hoapham/ur_ws/install/ur_controllers/include/ur_controllers/scaled_joint_trajectory_controller_parameters.hpp
[14.075s] -- Up-to-date: /home/hoapham/ur_ws/install/ur_controllers/include/ur_controllers/gpio_controller_parameters.hpp
[14.075s] -- Up-to-date: /home/hoapham/ur_ws/install/ur_controllers/include/ur_controllers/ur_configuration_controller_parameters.hpp
[14.075s] -- Up-to-date: /home/hoapham/ur_ws/install/ur_controllers/include/ur_controllers/speed_scaling_state_broadcaster_parameters.hpp
[14.075s] -- Up-to-date: /home/hoapham/ur_ws/install/ur_controllers/include/ur_controllers
[14.075s] -- Up-to-date: /home/hoapham/ur_ws/install/ur_controllers/include/ur_controllers/freedrive_mode_controller_parameters.hpp
[14.075s] -- Up-to-date: /home/hoapham/ur_ws/install/ur_controllers/include/ur_controllers/passthrough_trajectory_controller_parameters.hpp
[14.075s] -- Up-to-date: /home/hoapham/ur_ws/install/ur_controllers/include/ur_controllers/tool_contact_controller_parameters.hpp
[14.075s] -- Up-to-date: /home/hoapham/ur_ws/install/ur_controllers/include/ur_controllers/force_mode_controller_parameters.hpp
[14.075s] -- Up-to-date: /home/hoapham/ur_ws/install/ur_controllers/include/ur_controllers/scaled_joint_trajectory_controller_parameters.hpp
[14.075s] -- Up-to-date: /home/hoapham/ur_ws/install/ur_controllers/include/ur_controllers/gpio_controller_parameters.hpp
[14.075s] -- Up-to-date: /home/hoapham/ur_ws/install/ur_controllers/include/ur_controllers/ur_configuration_controller_parameters.hpp
[14.075s] -- Up-to-date: /home/hoapham/ur_ws/install/ur_controllers/include/ur_controllers/speed_scaling_state_broadcaster_parameters.hpp
[14.075s] -- Up-to-date: /home/hoapham/ur_ws/install/ur_controllers/include/ur_controllers
[14.076s] -- Up-to-date: /home/hoapham/ur_ws/install/ur_controllers/include/ur_controllers/freedrive_mode_controller_parameters.hpp
[14.076s] -- Up-to-date: /home/hoapham/ur_ws/install/ur_controllers/include/ur_controllers/passthrough_trajectory_controller_parameters.hpp
[14.076s] -- Up-to-date: /home/hoapham/ur_ws/install/ur_controllers/include/ur_controllers/tool_contact_controller_parameters.hpp
[14.076s] -- Up-to-date: /home/hoapham/ur_ws/install/ur_controllers/include/ur_controllers/force_mode_controller_parameters.hpp
[14.076s] -- Up-to-date: /home/hoapham/ur_ws/install/ur_controllers/include/ur_controllers/scaled_joint_trajectory_controller_parameters.hpp
[14.076s] -- Up-to-date: /home/hoapham/ur_ws/install/ur_controllers/include/ur_controllers/gpio_controller_parameters.hpp
[14.076s] -- Up-to-date: /home/hoapham/ur_ws/install/ur_controllers/include/ur_controllers/ur_configuration_controller_parameters.hpp
[14.076s] -- Up-to-date: /home/hoapham/ur_ws/install/ur_controllers/include/ur_controllers/speed_scaling_state_broadcaster_parameters.hpp
[14.076s] -- Up-to-date: /home/hoapham/ur_ws/install/ur_controllers/include/ur_controllers
[14.076s] -- Up-to-date: /home/hoapham/ur_ws/install/ur_controllers/include/ur_controllers/freedrive_mode_controller_parameters.hpp
[14.076s] -- Up-to-date: /home/hoapham/ur_ws/install/ur_controllers/include/ur_controllers/passthrough_trajectory_controller_parameters.hpp
[14.076s] -- Up-to-date: /home/hoapham/ur_ws/install/ur_controllers/include/ur_controllers/tool_contact_controller_parameters.hpp
[14.076s] -- Up-to-date: /home/hoapham/ur_ws/install/ur_controllers/include/ur_controllers/force_mode_controller_parameters.hpp
[14.076s] -- Up-to-date: /home/hoapham/ur_ws/install/ur_controllers/include/ur_controllers/scaled_joint_trajectory_controller_parameters.hpp
[14.076s] -- Up-to-date: /home/hoapham/ur_ws/install/ur_controllers/include/ur_controllers/gpio_controller_parameters.hpp
[14.076s] -- Up-to-date: /home/hoapham/ur_ws/install/ur_controllers/include/ur_controllers/ur_configuration_controller_parameters.hpp
[14.076s] -- Up-to-date: /home/hoapham/ur_ws/install/ur_controllers/include/ur_controllers/speed_scaling_state_broadcaster_parameters.hpp
[14.076s] -- Up-to-date: /home/hoapham/ur_ws/install/ur_controllers/include/ur_controllers
[14.076s] -- Up-to-date: /home/hoapham/ur_ws/install/ur_controllers/include/ur_controllers/freedrive_mode_controller_parameters.hpp
[14.076s] -- Up-to-date: /home/hoapham/ur_ws/install/ur_controllers/include/ur_controllers/passthrough_trajectory_controller_parameters.hpp
[14.076s] -- Up-to-date: /home/hoapham/ur_ws/install/ur_controllers/include/ur_controllers/tool_contact_controller_parameters.hpp
[14.076s] -- Up-to-date: /home/hoapham/ur_ws/install/ur_controllers/include/ur_controllers/force_mode_controller_parameters.hpp
[14.076s] -- Up-to-date: /home/hoapham/ur_ws/install/ur_controllers/include/ur_controllers/scaled_joint_trajectory_controller_parameters.hpp
[14.076s] -- Up-to-date: /home/hoapham/ur_ws/install/ur_controllers/include/ur_controllers/gpio_controller_parameters.hpp
[14.076s] -- Up-to-date: /home/hoapham/ur_ws/install/ur_controllers/include/ur_controllers/ur_configuration_controller_parameters.hpp
[14.076s] -- Up-to-date: /home/hoapham/ur_ws/install/ur_controllers/include/ur_controllers/speed_scaling_state_broadcaster_parameters.hpp
[14.076s] -- Up-to-date: /home/hoapham/ur_ws/install/ur_controllers/include/ur_controllers
[14.076s] -- Up-to-date: /home/hoapham/ur_ws/install/ur_controllers/include/ur_controllers/freedrive_mode_controller_parameters.hpp
[14.076s] -- Up-to-date: /home/hoapham/ur_ws/install/ur_controllers/include/ur_controllers/passthrough_trajectory_controller_parameters.hpp
[14.076s] -- Up-to-date: /home/hoapham/ur_ws/install/ur_controllers/include/ur_controllers/tool_contact_controller_parameters.hpp
[14.076s] -- Up-to-date: /home/hoapham/ur_ws/install/ur_controllers/include/ur_controllers/force_mode_controller_parameters.hpp
[14.076s] -- Up-to-date: /home/hoapham/ur_ws/install/ur_controllers/include/ur_controllers/scaled_joint_trajectory_controller_parameters.hpp
[14.076s] -- Up-to-date: /home/hoapham/ur_ws/install/ur_controllers/include/ur_controllers/gpio_controller_parameters.hpp
[14.077s] -- Up-to-date: /home/hoapham/ur_ws/install/ur_controllers/include/ur_controllers/ur_configuration_controller_parameters.hpp
[14.077s] -- Up-to-date: /home/hoapham/ur_ws/install/ur_controllers/include/ur_controllers/speed_scaling_state_broadcaster_parameters.hpp
[14.077s] -- Installing: /home/hoapham/ur_ws/install/ur_controllers/share/ur_controllers/controller_plugins.xml
[14.077s] -- Installing: /home/hoapham/ur_ws/install/ur_controllers/lib/libur_controllers.so
[14.089s] -- Set runtime path of "/home/hoapham/ur_ws/install/ur_controllers/lib/libur_controllers.so" to ""
[14.089s] -- Up-to-date: /home/hoapham/ur_ws/install/ur_controllers/include
[14.089s] -- Up-to-date: /home/hoapham/ur_ws/install/ur_controllers/include/ur_controllers
[14.089s] -- Installing: /home/hoapham/ur_ws/install/ur_controllers/include/ur_controllers/freedrive_mode_controller.hpp
[14.089s] -- Installing: /home/hoapham/ur_ws/install/ur_controllers/include/ur_controllers/force_mode_controller.hpp
[14.089s] -- Installing: /home/hoapham/ur_ws/install/ur_controllers/include/ur_controllers/tool_contact_controller.hpp
[14.089s] -- Installing: /home/hoapham/ur_ws/install/ur_controllers/include/ur_controllers/ur_configuration_controller.hpp
[14.089s] -- Installing: /home/hoapham/ur_ws/install/ur_controllers/include/ur_controllers/speed_scaling_state_broadcaster.hpp
[14.089s] -- Installing: /home/hoapham/ur_ws/install/ur_controllers/include/ur_controllers/passthrough_trajectory_controller.hpp
[14.090s] -- Installing: /home/hoapham/ur_ws/install/ur_controllers/include/ur_controllers/scaled_joint_trajectory_controller.hpp
[14.090s] -- Installing: /home/hoapham/ur_ws/install/ur_controllers/include/ur_controllers/gpio_controller.hpp
[14.090s] -- Up-to-date: /home/hoapham/ur_ws/install/ur_controllers/share/ur_controllers/controller_plugins.xml
[14.090s] -- Installing: /home/hoapham/ur_ws/install/ur_controllers/share/ur_controllers/environment/library_path.sh
[14.090s] -- Installing: /home/hoapham/ur_ws/install/ur_controllers/share/ur_controllers/environment/library_path.dsv
[14.090s] -- Installing: /home/hoapham/ur_ws/install/ur_controllers/share/ament_index/resource_index/package_run_dependencies/ur_controllers
[14.090s] -- Installing: /home/hoapham/ur_ws/install/ur_controllers/share/ament_index/resource_index/parent_prefix_path/ur_controllers
[14.090s] -- Installing: /home/hoapham/ur_ws/install/ur_controllers/share/ur_controllers/environment/ament_prefix_path.sh
[14.090s] -- Installing: /home/hoapham/ur_ws/install/ur_controllers/share/ur_controllers/environment/ament_prefix_path.dsv
[14.090s] -- Installing: /home/hoapham/ur_ws/install/ur_controllers/share/ur_controllers/environment/path.sh
[14.090s] -- Installing: /home/hoapham/ur_ws/install/ur_controllers/share/ur_controllers/environment/path.dsv
[14.091s] -- Installing: /home/hoapham/ur_ws/install/ur_controllers/share/ur_controllers/local_setup.bash
[14.091s] -- Installing: /home/hoapham/ur_ws/install/ur_controllers/share/ur_controllers/local_setup.sh
[14.091s] -- Installing: /home/hoapham/ur_ws/install/ur_controllers/share/ur_controllers/local_setup.zsh
[14.091s] -- Installing: /home/hoapham/ur_ws/install/ur_controllers/share/ur_controllers/local_setup.dsv
[14.091s] -- Installing: /home/hoapham/ur_ws/install/ur_controllers/share/ur_controllers/package.dsv
[14.091s] -- Installing: /home/hoapham/ur_ws/install/ur_controllers/share/ament_index/resource_index/packages/ur_controllers
[14.091s] -- Installing: /home/hoapham/ur_ws/install/ur_controllers/share/ament_index/resource_index/controller_interface__pluginlib__plugin/ur_controllers
[14.091s] -- Installing: /home/hoapham/ur_ws/install/ur_controllers/share/ur_controllers/cmake/ament_cmake_export_dependencies-extras.cmake
[14.091s] -- Installing: /home/hoapham/ur_ws/install/ur_controllers/share/ur_controllers/cmake/ament_cmake_export_include_directories-extras.cmake
[14.091s] -- Installing: /home/hoapham/ur_ws/install/ur_controllers/share/ur_controllers/cmake/ament_cmake_export_libraries-extras.cmake
[14.092s] -- Installing: /home/hoapham/ur_ws/install/ur_controllers/share/ur_controllers/cmake/ur_controllersConfig.cmake
[14.092s] -- Installing: /home/hoapham/ur_ws/install/ur_controllers/share/ur_controllers/cmake/ur_controllersConfig-version.cmake
[14.092s] -- Installing: /home/hoapham/ur_ws/install/ur_controllers/share/ur_controllers/package.xml
[14.095s] Invoked command in '/home/hoapham/ur_ws/build/ur_controllers' returned '0': AMENT_PREFIX_PATH=/home/hoapham/ur_ws/install/ur_msgs:/home/hoapham/ur_ws/install/ur_dashboard_msgs:${AMENT_PREFIX_PATH} CMAKE_PREFIX_PATH=/home/hoapham/ur_ws/install/ur_msgs:/home/hoapham/ur_ws/install/ur_dashboard_msgs:/opt/ros/humble LD_LIBRARY_PATH=/home/hoapham/ur_ws/install/ur_msgs/lib:/home/hoapham/ur_ws/install/ur_dashboard_msgs/lib:${LD_LIBRARY_PATH} PYTHONPATH=/home/hoapham/ur_ws/install/ur_msgs/local/lib/python3.10/dist-packages:/home/hoapham/ur_ws/install/ur_dashboard_msgs/local/lib/python3.10/dist-packages:${PYTHONPATH} /usr/bin/cmake --install /home/hoapham/ur_ws/build/ur_controllers
