[0.010s] Invoking command in '/home/hoapham/ros2_ws/build/gui': CMAKE_PREFIX_PATH=${CMAKE_PREFIX_PATH}:/opt/ros/humble /usr/bin/cmake --build /home/hoapham/ros2_ws/build/gui -- -j16 -l16
[0.056s] -- Found ament_cmake: 1.3.11 (/opt/ros/humble/share/ament_cmake/cmake)
[0.153s] -- Found rclcpp: 16.0.12 (/opt/ros/humble/share/rclcpp/cmake)
[0.174s] -- Found rosidl_generator_c: 3.1.6 (/opt/ros/humble/share/rosidl_generator_c/cmake)
[0.176s] -- Found rosidl_adapter: 3.1.6 (/opt/ros/humble/share/rosidl_adapter/cmake)
[0.181s] -- Found rosidl_generator_cpp: 3.1.6 (/opt/ros/humble/share/rosidl_generator_cpp/cmake)
[0.188s] -- Using all available rosidl_typesupport_c: rosidl_typesupport_fastrtps_c;rosidl_typesupport_introspection_c
[0.197s] -- Using all available rosidl_typesupport_cpp: rosidl_typesupport_fastrtps_cpp;rosidl_typesupport_introspection_cpp
[0.222s] -- Found rmw_implementation_cmake: 6.1.2 (/opt/ros/humble/share/rmw_implementation_cmake/cmake)
[0.224s] -- Found rmw_cyclonedds_cpp: 1.3.4 (/opt/ros/humble/share/rmw_cyclonedds_cpp/cmake)
[0.242s] -- Using RMW implementation 'rmw_cyclonedds_cpp' as default
[0.279s] -- Found example_interfaces: 0.9.3 (/opt/ros/humble/share/example_interfaces/cmake)
[0.305s] -- Found action_tutorials_interfaces: 0.20.5 (/opt/ros/humble/share/action_tutorials_interfaces/cmake)
[0.314s] -- Found rclcpp_action: 16.0.12 (/opt/ros/humble/share/rclcpp_action/cmake)
[0.320s] -- Found geometry_msgs: 4.8.0 (/opt/ros/humble/share/geometry_msgs/cmake)
[0.331s] -- Found rviz_default_plugins: 11.2.16 (/opt/ros/humble/share/rviz_default_plugins/cmake)
[0.450s] -- library: /usr/lib/x86_64-linux-gnu/libcurl.so
[0.453s] -- Setting assimp_DIR to: '/opt/ros/humble/share/rviz_assimp_vendor/cmake/../../../opt/rviz_assimp_vendor/lib/cmake/assimp-4.1'
[0.458s] -- Setting OGRE_DIR to: '/opt/ros/humble/share/rviz_ogre_vendor/cmake/../../../opt/rviz_ogre_vendor/lib/OGRE/cmake'
[0.460s] -- Found OGRE
[0.460s] --   static     : OFF
[0.460s] --   components : HLMS;MeshLodGenerator;Overlay;Paging;Property;RTShaderSystem;Terrain;Volume
[0.460s] --   plugins    : Plugin_BSPSceneManager;Plugin_OctreeSceneManager;Plugin_PCZSceneManager;Plugin_ParticleFX;RenderSystem_GL;RenderSystem_GL3Plus;Codec_STBI
[0.460s] --   media      : /opt/ros/humble/opt/rviz_ogre_vendor/share/OGRE/Media
[0.460s] -- OGRE_LIBRARIES: OgreHLMS;OgreMeshLodGenerator;OgreOverlay;OgrePaging;OgreProperty;OgreRTShaderSystem;OgreTerrain;OgreVolume;OgreMain
[0.460s] -- OGRE_LIBRARY_DIRS: /opt/ros/humble/opt/rviz_ogre_vendor/lib
[0.460s] -- OGRE_PLUGINS: Plugin_BSPSceneManager;Plugin_OctreeSceneManager;Plugin_PCZSceneManager;Plugin_ParticleFX;RenderSystem_GL;RenderSystem_GL3Plus;Codec_STBI
[0.460s] -- OGRE_PLUGIN_DIR: /opt/ros/humble/opt/rviz_ogre_vendor/lib/OGRE
[0.460s] -- rviz_ogre_vendor::OgreOverlay for IMPORTED_LOCATION_RELEASE: /opt/ros/humble/opt/rviz_ogre_vendor/lib/libOgreOverlay.so
[0.460s] -- rviz_ogre_vendor::OgreOverlay for IMPORTED_LOCATION_DEBUG: /opt/ros/humble/opt/rviz_ogre_vendor/lib/libOgreOverlay.so
[0.460s] -- rviz_ogre_vendor::OgreMain for IMPORTED_LOCATION_RELEASE: /opt/ros/humble/opt/rviz_ogre_vendor/lib/libOgreMain.so
[0.460s] -- rviz_ogre_vendor::OgreMain for IMPORTED_LOCATION_DEBUG: /opt/ros/humble/opt/rviz_ogre_vendor/lib/libOgreMain.so
[0.500s] -- Ensuring Eigen3 include directory is part of orocos-kdl CMake target
[0.543s] -- Found gui_msgs: 1.1.0 (/home/hoapham/ros2_ws/install/gui_msgs/share/gui_msgs/cmake)
[0.556s] -- Found std_srvs: 4.8.0 (/opt/ros/humble/share/std_srvs/cmake)
[0.568s] -- Found ament_lint_auto: 0.12.12 (/opt/ros/humble/share/ament_lint_auto/cmake)
[0.618s] -- Added test 'copyright' to check source files copyright and LICENSE
[0.620s] -- Added test 'cppcheck' to perform static code analysis on C / C++ code
[0.620s] -- Configured cppcheck include dirs: /home/hoapham/ros2_ws/src/gui/include
[0.620s] -- Configured cppcheck exclude dirs and/or files: 
[0.621s] -- Added test 'cpplint' to check C / C++ code against the Google style
[0.621s] -- Configured cpplint exclude dirs and/or files: 
[0.621s] -- Added test 'flake8' to check Python code syntax and style conventions
[0.622s] -- Added test 'lint_cmake' to check CMake code style
[0.622s] -- Added test 'pep257' to check Python code against some of the docstring style conventions in PEP 257
[0.624s] -- Added test 'uncrustify' to check C / C++ code style
[0.624s] -- Configured uncrustify additional arguments: 
[0.624s] -- Added test 'xmllint' to check XML markup files
[0.625s] -- Configuring done
[0.664s] -- Generating done
[0.668s] -- Build files have been written to: /home/hoapham/ros2_ws/build/gui
[0.702s] [ 10%] [34m[1mAutomatic MOC and UIC for target gui[0m
[0.950s] [ 10%] Built target gui_autogen
[0.967s] [35m[1mConsolidate compiler generated dependencies of target gui[0m
[1.008s] [ 30%] [32mBuilding CXX object CMakeFiles/gui.dir/src/RvizWindow.cpp.o[0m
[1.009s] [ 30%] [32mBuilding CXX object CMakeFiles/gui.dir/gui_autogen/mocs_compilation.cpp.o[0m
[1.017s] [01m[K/home/hoapham/ros2_ws/src/gui/src/RvizWindow.cpp:2:10:[m[K [01;31m[Kfatal error: [m[Krvizwindow.hpp: No such file or directory
[1.018s]     2 | #include [01;31m[K"rvizwindow.hpp"[m[K
[1.018s]       |          [01;31m[K^~~~~~~~~~~~~~~~[m[K
[1.018s] compilation terminated.
[1.018s] gmake[2]: *** [CMakeFiles/gui.dir/build.make:174: CMakeFiles/gui.dir/src/RvizWindow.cpp.o] Error 1
[1.018s] gmake[2]: *** Waiting for unfinished jobs....
[6.165s] gmake[1]: *** [CMakeFiles/Makefile2:138: CMakeFiles/gui.dir/all] Error 2
[6.165s] gmake: *** [Makefile:146: all] Error 2
[6.168s] Invoked command in '/home/hoapham/ros2_ws/build/gui' returned '2': CMAKE_PREFIX_PATH=${CMAKE_PREFIX_PATH}:/opt/ros/humble /usr/bin/cmake --build /home/hoapham/ros2_ws/build/gui -- -j16 -l16
