[0.012s] Invoking command in '/home/hoapham/ros2_ws/build/fake_livox_publisher': CMAKE_PREFIX_PATH=${CMAKE_PREFIX_PATH}:/opt/ros/humble /usr/bin/cmake --build /home/hoapham/ros2_ws/build/fake_livox_publisher
[0.086s] [100%] Built target fake_livox
[0.100s] Invoked command in '/home/hoapham/ros2_ws/build/fake_livox_publisher' returned '0': CMAKE_PREFIX_PATH=${CMAKE_PREFIX_PATH}:/opt/ros/humble /usr/bin/cmake --build /home/hoapham/ros2_ws/build/fake_livox_publisher
[0.115s] Invoking command in '/home/hoapham/ros2_ws/build/fake_livox_publisher': CMAKE_PREFIX_PATH=${CMAKE_PREFIX_PATH}:/opt/ros/humble /usr/bin/cmake --install /home/hoapham/ros2_ws/build/fake_livox_publisher
[0.123s] -- Install configuration: ""
[0.123s] -- Up-to-date: /home/hoapham/ros2_ws/install/fake_livox_publisher/lib/fake_livox_publisher/fake_livox
[0.123s] -- Up-to-date: /home/hoapham/ros2_ws/install/fake_livox_publisher/share/ament_index/resource_index/package_run_dependencies/fake_livox_publisher
[0.123s] -- Up-to-date: /home/hoapham/ros2_ws/install/fake_livox_publisher/share/ament_index/resource_index/parent_prefix_path/fake_livox_publisher
[0.123s] -- Up-to-date: /home/hoapham/ros2_ws/install/fake_livox_publisher/share/fake_livox_publisher/environment/ament_prefix_path.sh
[0.123s] -- Up-to-date: /home/hoapham/ros2_ws/install/fake_livox_publisher/share/fake_livox_publisher/environment/ament_prefix_path.dsv
[0.123s] -- Up-to-date: /home/hoapham/ros2_ws/install/fake_livox_publisher/share/fake_livox_publisher/environment/path.sh
[0.124s] -- Up-to-date: /home/hoapham/ros2_ws/install/fake_livox_publisher/share/fake_livox_publisher/environment/path.dsv
[0.124s] -- Up-to-date: /home/hoapham/ros2_ws/install/fake_livox_publisher/share/fake_livox_publisher/local_setup.bash
[0.124s] -- Up-to-date: /home/hoapham/ros2_ws/install/fake_livox_publisher/share/fake_livox_publisher/local_setup.sh
[0.124s] -- Up-to-date: /home/hoapham/ros2_ws/install/fake_livox_publisher/share/fake_livox_publisher/local_setup.zsh
[0.124s] -- Up-to-date: /home/hoapham/ros2_ws/install/fake_livox_publisher/share/fake_livox_publisher/local_setup.dsv
[0.124s] -- Installing: /home/hoapham/ros2_ws/install/fake_livox_publisher/share/fake_livox_publisher/package.dsv
[0.124s] -- Up-to-date: /home/hoapham/ros2_ws/install/fake_livox_publisher/share/ament_index/resource_index/packages/fake_livox_publisher
[0.124s] -- Up-to-date: /home/hoapham/ros2_ws/install/fake_livox_publisher/share/fake_livox_publisher/cmake/fake_livox_publisherConfig.cmake
[0.124s] -- Up-to-date: /home/hoapham/ros2_ws/install/fake_livox_publisher/share/fake_livox_publisher/cmake/fake_livox_publisherConfig-version.cmake
[0.124s] -- Up-to-date: /home/hoapham/ros2_ws/install/fake_livox_publisher/share/fake_livox_publisher/package.xml
[0.127s] Invoked command in '/home/hoapham/ros2_ws/build/fake_livox_publisher' returned '0': CMAKE_PREFIX_PATH=${CMAKE_PREFIX_PATH}:/opt/ros/humble /usr/bin/cmake --install /home/hoapham/ros2_ws/build/fake_livox_publisher
