[0.009s] Invoking command in '/home/hoapham/ros2_ws/build/zivid_samples': CMAKE_PREFIX_PATH=${CMAKE_PREFIX_PATH}:/opt/ros/humble /usr/bin/cmake /home/hoapham/ros2_ws/src/zivid-ros/zivid_samples -DCMAKE_INSTALL_PREFIX=/home/hoapham/ros2_ws/install/zivid_samples
[0.051s] -- The C compiler identification is GNU 11.4.0
[0.092s] -- The CXX compiler identification is GNU 11.4.0
[0.097s] -- Detecting C compiler ABI info
[0.157s] -- Detecting C compiler ABI info - done
[0.161s] -- Check for working C compiler: /usr/bin/cc - skipped
[0.161s] -- Detecting C compile features
[0.161s] -- Detecting C compile features - done
[0.163s] -- Detecting CXX compiler ABI info
[0.227s] -- Detecting CXX compiler ABI info - done
[0.232s] -- Check for working CXX compiler: /usr/bin/c++ - skipped
[0.232s] -- Detecting CXX compile features
[0.232s] -- Detecting CXX compile features - done
[0.235s] -- Found ament_cmake: 1.3.11 (/opt/ros/humble/share/ament_cmake/cmake)
[0.343s] -- Found Python3: /usr/bin/python3 (found version "3.10.12") found components: Interpreter 
[0.420s] -- Found ament_index_cpp: 1.4.0 (/opt/ros/humble/share/ament_index_cpp/cmake)
[0.422s] -- Found rclcpp: 16.0.12 (/opt/ros/humble/share/rclcpp/cmake)
[0.458s] -- Found rosidl_generator_c: 3.1.6 (/opt/ros/humble/share/rosidl_generator_c/cmake)
[0.463s] -- Found rosidl_adapter: 3.1.6 (/opt/ros/humble/share/rosidl_adapter/cmake)
[0.470s] -- Found rosidl_generator_cpp: 3.1.6 (/opt/ros/humble/share/rosidl_generator_cpp/cmake)
[0.481s] -- Using all available rosidl_typesupport_c: rosidl_typesupport_fastrtps_c;rosidl_typesupport_introspection_c
[0.493s] -- Using all available rosidl_typesupport_cpp: rosidl_typesupport_fastrtps_cpp;rosidl_typesupport_introspection_cpp
[0.531s] -- Found rmw_implementation_cmake: 6.1.2 (/opt/ros/humble/share/rmw_implementation_cmake/cmake)
[0.534s] -- Found rmw_cyclonedds_cpp: 1.3.4 (/opt/ros/humble/share/rmw_cyclonedds_cpp/cmake)
[0.553s] -- Using RMW implementation 'rmw_cyclonedds_cpp' as default
[0.561s] -- Looking for pthread.h
[0.621s] -- Looking for pthread.h - found
[0.621s] -- Performing Test CMAKE_HAVE_LIBC_PTHREAD
[0.681s] -- Performing Test CMAKE_HAVE_LIBC_PTHREAD - Success
[0.681s] -- Found Threads: TRUE  
[0.715s] -- Found zivid_interfaces: 3.1.0 (/home/hoapham/ros2_ws/install/zivid_interfaces/share/zivid_interfaces/cmake)
[0.734s] -- Found sensor_msgs: 4.8.0 (/opt/ros/humble/share/sensor_msgs/cmake)
[0.746s] -- Found std_srvs: 4.8.0 (/opt/ros/humble/share/std_srvs/cmake)
[0.754s] -- Found tf2: 0.25.12 (/opt/ros/humble/share/tf2/cmake)
[0.764s] -- Found tf2_ros: 0.25.12 (/opt/ros/humble/share/tf2_ros/cmake)
[0.827s] -- Found tf2_geometry_msgs: 0.25.12 (/opt/ros/humble/share/tf2_geometry_msgs/cmake)
[0.841s] -- Found eigen3_cmake_module: 0.1.1 (/opt/ros/humble/share/eigen3_cmake_module/cmake)
[0.841s] -- Found Eigen3: TRUE (found version "3.4.0") 
[0.842s] -- Ensuring Eigen3 include directory is part of orocos-kdl CMake target
[0.852s] -- Found ament_lint_auto: 0.12.12 (/opt/ros/humble/share/ament_lint_auto/cmake)
[0.916s] -- Added test 'clang_format' to check C / C++ code style
[0.917s] -- Added test 'clang_tidy' to check C / C++ code style
[0.918s] -- Added test 'cppcheck' to perform static code analysis on C / C++ code
[0.918s] -- Configured cppcheck include dirs: 
[0.919s] -- Configured cppcheck exclude dirs and/or files: 
[0.919s] -- Added test 'flake8' to check Python code syntax and style conventions
[0.919s] -- Added test 'lint_cmake' to check CMake code style
[0.920s] -- Added test 'pep257' to check Python code against some of the docstring style conventions in PEP 257
[0.920s] -- Added test 'xmllint' to check XML markup files
[0.921s] -- Configuring done
[0.945s] -- Generating done
[0.954s] -- Build files have been written to: /home/hoapham/ros2_ws/build/zivid_samples
[0.965s] Invoked command in '/home/hoapham/ros2_ws/build/zivid_samples' returned '0': CMAKE_PREFIX_PATH=${CMAKE_PREFIX_PATH}:/opt/ros/humble /usr/bin/cmake /home/hoapham/ros2_ws/src/zivid-ros/zivid_samples -DCMAKE_INSTALL_PREFIX=/home/hoapham/ros2_ws/install/zivid_samples
[0.966s] Invoking command in '/home/hoapham/ros2_ws/build/zivid_samples': CMAKE_PREFIX_PATH=${CMAKE_PREFIX_PATH}:/opt/ros/humble /usr/bin/cmake --build /home/hoapham/ros2_ws/build/zivid_samples
[1.014s] [ 44%] [32mBuilding CXX object CMakeFiles/sample_infield_correction_cpp.dir/src/sample_infield_correction.cpp.o[0m
[1.014s] [ 44%] [32mBuilding CXX object CMakeFiles/sample_capture_cpp.dir/src/sample_capture.cpp.o[0m
[1.014s] [ 44%] [32mBuilding CXX object CMakeFiles/sample_capture_with_settings_from_file_cpp.dir/src/sample_capture_with_settings_from_file.cpp.o[0m
[1.014s] [ 44%] [32mBuilding CXX object CMakeFiles/sample_capture_assistant_cpp.dir/src/sample_capture_assistant.cpp.o[0m
[1.014s] [ 44%] [32mBuilding CXX object CMakeFiles/sample_capture_and_detect_calibration_board_cpp.dir/src/sample_capture_and_detect_calibration_board.cpp.o[0m
[1.014s] [ 44%] [32mBuilding CXX object CMakeFiles/sample_capture_and_save_cpp.dir/src/sample_capture_and_save.cpp.o[0m
[1.014s] [ 44%] [32mBuilding CXX object CMakeFiles/sample_capture_and_detect_markers_cpp.dir/src/sample_capture_and_detect_markers.cpp.o[0m
[1.015s] [ 44%] [32mBuilding CXX object CMakeFiles/sample_capture_2d_cpp.dir/src/sample_capture_2d.cpp.o[0m
[3.812s] [ 50%] [32m[1mLinking CXX executable sample_capture_and_detect_calibration_board_cpp[0m
[3.898s] [ 55%] [32m[1mLinking CXX executable sample_capture_and_save_cpp[0m
[3.926s] [ 61%] [32m[1mLinking CXX executable sample_capture_and_detect_markers_cpp[0m
[3.940s] [ 61%] Built target sample_capture_and_detect_calibration_board_cpp
[3.960s] [ 66%] [32mBuilding CXX object CMakeFiles/sample_hand_eye_calibration_cpp.dir/src/sample_hand_eye_calibration.cpp.o[0m
[4.028s] [ 66%] Built target sample_capture_and_save_cpp
[4.059s] [ 66%] Built target sample_capture_and_detect_markers_cpp
[5.955s] [ 72%] [32m[1mLinking CXX executable sample_infield_correction_cpp[0m
[6.198s] [ 72%] Built target sample_infield_correction_cpp
[7.833s] [ 77%] [32m[1mLinking CXX executable sample_capture_2d_cpp[0m
[7.843s] [ 83%] [32m[1mLinking CXX executable sample_capture_with_settings_from_file_cpp[0m
[7.843s] [ 88%] [32m[1mLinking CXX executable sample_capture_cpp[0m
[8.170s] [ 88%] Built target sample_capture_2d_cpp
[8.190s] [ 88%] Built target sample_capture_cpp
[8.197s] [ 88%] Built target sample_capture_with_settings_from_file_cpp
[8.739s] [ 94%] [32m[1mLinking CXX executable sample_hand_eye_calibration_cpp[0m
[8.930s] [ 94%] Built target sample_hand_eye_calibration_cpp
[10.382s] [100%] [32m[1mLinking CXX executable sample_capture_assistant_cpp[0m
[10.785s] [100%] Built target sample_capture_assistant_cpp
[10.796s] Invoked command in '/home/hoapham/ros2_ws/build/zivid_samples' returned '0': CMAKE_PREFIX_PATH=${CMAKE_PREFIX_PATH}:/opt/ros/humble /usr/bin/cmake --build /home/hoapham/ros2_ws/build/zivid_samples
[10.797s] Invoking command in '/home/hoapham/ros2_ws/build/zivid_samples': CMAKE_PREFIX_PATH=${CMAKE_PREFIX_PATH}:/opt/ros/humble /usr/bin/cmake --install /home/hoapham/ros2_ws/build/zivid_samples
[10.802s] -- Install configuration: ""
[10.802s] -- Installing: /home/hoapham/ros2_ws/install/zivid_samples/lib/zivid_samples/sample_capture_cpp
[10.805s] -- Set runtime path of "/home/hoapham/ros2_ws/install/zivid_samples/lib/zivid_samples/sample_capture_cpp" to ""
[10.805s] -- Installing: /home/hoapham/ros2_ws/install/zivid_samples/lib/zivid_samples/sample_capture_2d_cpp
[10.808s] -- Set runtime path of "/home/hoapham/ros2_ws/install/zivid_samples/lib/zivid_samples/sample_capture_2d_cpp" to ""
[10.809s] -- Installing: /home/hoapham/ros2_ws/install/zivid_samples/lib/zivid_samples/sample_capture_and_save_cpp
[10.809s] -- Set runtime path of "/home/hoapham/ros2_ws/install/zivid_samples/lib/zivid_samples/sample_capture_and_save_cpp" to ""
[10.809s] -- Installing: /home/hoapham/ros2_ws/install/zivid_samples/lib/zivid_samples/sample_capture_assistant_cpp
[10.815s] -- Set runtime path of "/home/hoapham/ros2_ws/install/zivid_samples/lib/zivid_samples/sample_capture_assistant_cpp" to ""
[10.815s] -- Installing: /home/hoapham/ros2_ws/install/zivid_samples/lib/zivid_samples/sample_capture_with_settings_from_file_cpp
[10.818s] -- Set runtime path of "/home/hoapham/ros2_ws/install/zivid_samples/lib/zivid_samples/sample_capture_with_settings_from_file_cpp" to ""
[10.818s] -- Installing: /home/hoapham/ros2_ws/install/zivid_samples/lib/zivid_samples/sample_capture_and_detect_calibration_board_cpp
[10.818s] -- Set runtime path of "/home/hoapham/ros2_ws/install/zivid_samples/lib/zivid_samples/sample_capture_and_detect_calibration_board_cpp" to ""
[10.819s] -- Installing: /home/hoapham/ros2_ws/install/zivid_samples/lib/zivid_samples/sample_capture_and_detect_markers_cpp
[10.819s] -- Set runtime path of "/home/hoapham/ros2_ws/install/zivid_samples/lib/zivid_samples/sample_capture_and_detect_markers_cpp" to ""
[10.819s] -- Installing: /home/hoapham/ros2_ws/install/zivid_samples/lib/zivid_samples/sample_infield_correction_cpp
[10.821s] -- Set runtime path of "/home/hoapham/ros2_ws/install/zivid_samples/lib/zivid_samples/sample_infield_correction_cpp" to ""
[10.821s] -- Installing: /home/hoapham/ros2_ws/install/zivid_samples/lib/zivid_samples/sample_hand_eye_calibration_cpp
[10.823s] -- Set runtime path of "/home/hoapham/ros2_ws/install/zivid_samples/lib/zivid_samples/sample_hand_eye_calibration_cpp" to ""
[10.823s] -- Installing: /home/hoapham/ros2_ws/install/zivid_samples/lib/zivid_samples/sample_capture.py
[10.824s] -- Installing: /home/hoapham/ros2_ws/install/zivid_samples/lib/zivid_samples/sample_capture_2d.py
[10.824s] -- Installing: /home/hoapham/ros2_ws/install/zivid_samples/lib/zivid_samples/sample_capture_and_save.py
[10.824s] -- Installing: /home/hoapham/ros2_ws/install/zivid_samples/lib/zivid_samples/sample_capture_assistant.py
[10.824s] -- Installing: /home/hoapham/ros2_ws/install/zivid_samples/lib/zivid_samples/sample_capture_with_settings_from_file.py
[10.824s] -- Installing: /home/hoapham/ros2_ws/install/zivid_samples/lib/zivid_samples/sample_hand_eye_calibration.py
[10.825s] -- Installing: /home/hoapham/ros2_ws/install/zivid_samples/lib/zivid_samples/sample_infield_correction.py
[10.825s] -- Installing: /home/hoapham/ros2_ws/install/zivid_samples/share/zivid_samples/launch
[10.825s] -- Installing: /home/hoapham/ros2_ws/install/zivid_samples/share/zivid_samples/launch/zivid_camera_with_rviz.launch
[10.825s] -- Installing: /home/hoapham/ros2_ws/install/zivid_samples/share/zivid_samples/launch/sample.launch
[10.825s] -- Installing: /home/hoapham/ros2_ws/install/zivid_samples/share/zivid_samples/launch/zivid_camera.launch
[10.825s] -- Installing: /home/hoapham/ros2_ws/install/zivid_samples/share/zivid_samples/launch/sample_with_rviz.launch
[10.825s] -- Installing: /home/hoapham/ros2_ws/install/zivid_samples/share/zivid_samples/settings
[10.825s] -- Installing: /home/hoapham/ros2_ws/install/zivid_samples/share/zivid_samples/settings/camera_settings.yml
[10.826s] -- Installing: /home/hoapham/ros2_ws/install/zivid_samples/share/ament_index/resource_index/package_run_dependencies/zivid_samples
[10.826s] -- Installing: /home/hoapham/ros2_ws/install/zivid_samples/share/ament_index/resource_index/parent_prefix_path/zivid_samples
[10.826s] -- Installing: /home/hoapham/ros2_ws/install/zivid_samples/share/zivid_samples/environment/ament_prefix_path.sh
[10.826s] -- Installing: /home/hoapham/ros2_ws/install/zivid_samples/share/zivid_samples/environment/ament_prefix_path.dsv
[10.826s] -- Installing: /home/hoapham/ros2_ws/install/zivid_samples/share/zivid_samples/environment/path.sh
[10.826s] -- Installing: /home/hoapham/ros2_ws/install/zivid_samples/share/zivid_samples/environment/path.dsv
[10.826s] -- Installing: /home/hoapham/ros2_ws/install/zivid_samples/share/zivid_samples/local_setup.bash
[10.826s] -- Installing: /home/hoapham/ros2_ws/install/zivid_samples/share/zivid_samples/local_setup.sh
[10.826s] -- Installing: /home/hoapham/ros2_ws/install/zivid_samples/share/zivid_samples/local_setup.zsh
[10.826s] -- Installing: /home/hoapham/ros2_ws/install/zivid_samples/share/zivid_samples/local_setup.dsv
[10.827s] -- Installing: /home/hoapham/ros2_ws/install/zivid_samples/share/zivid_samples/package.dsv
[10.827s] -- Installing: /home/hoapham/ros2_ws/install/zivid_samples/share/ament_index/resource_index/packages/zivid_samples
[10.827s] -- Installing: /home/hoapham/ros2_ws/install/zivid_samples/share/zivid_samples/cmake/zivid_samplesConfig.cmake
[10.827s] -- Installing: /home/hoapham/ros2_ws/install/zivid_samples/share/zivid_samples/cmake/zivid_samplesConfig-version.cmake
[10.827s] -- Installing: /home/hoapham/ros2_ws/install/zivid_samples/share/zivid_samples/package.xml
[10.829s] Invoked command in '/home/hoapham/ros2_ws/build/zivid_samples' returned '0': CMAKE_PREFIX_PATH=${CMAKE_PREFIX_PATH}:/opt/ros/humble /usr/bin/cmake --install /home/hoapham/ros2_ws/build/zivid_samples
