[0.009s] Invoking command in '/home/hoapham/ros2_ws/build/gui': CMAKE_PREFIX_PATH=${CMAKE_PREFIX_PATH}:/opt/ros/humble /usr/bin/cmake --build /home/hoapham/ros2_ws/build/gui -- -j16 -l16
[0.056s] [ 11%] [34m[1mAutomatic MOC and UIC for target gui[0m
[0.083s] [ 11%] Built target gui_autogen
[0.103s] [35m[1mConsolidate compiler generated dependencies of target gui[0m
[0.148s] [ 22%] [32mBuilding CXX object CMakeFiles/gui.dir/src/preparation.cpp.o[0m
[3.002s] [01m[K/home/hoapham/ros2_ws/src/gui/src/preparation.cpp:[m[K In constructor ‘[01m[KForm::Form(QWidget*, rviz_common::ros_integration::RosNodeAbstractionIface::WeakPtr)[m[K’:
[3.002s] [01m[K/home/hoapham/ros2_ws/src/gui/src/preparation.cpp:12:68:[m[K [01;35m[Kwarning: [m[Kunused parameter ‘[01m[Knode[m[K’ [[01;35m[K]8;;https://gcc.gnu.org/onlinedocs/gcc/Warning-Options.html#index-Wunused-parameter-Wunused-parameter]8;;[m[K]
[3.002s]    12 |     [01;35m[Krviz_common::ros_integration::RosNodeAbstractionIface::WeakPtr node[m[K) :
[3.002s]       |     [01;35m[K~~~~~~~~~~~~~~~~~~~~~~~~~~~~~~~~~~~~~~~~~~~~~~~~~~~~~~~~~~~~~~~^~~~[m[K
[3.773s] [ 33%] [32m[1mLinking CXX executable gui[0m
[5.387s] [100%] Built target gui
[5.398s] Invoked command in '/home/hoapham/ros2_ws/build/gui' returned '0': CMAKE_PREFIX_PATH=${CMAKE_PREFIX_PATH}:/opt/ros/humble /usr/bin/cmake --build /home/hoapham/ros2_ws/build/gui -- -j16 -l16
[5.408s] Invoking command in '/home/hoapham/ros2_ws/build/gui': CMAKE_PREFIX_PATH=${CMAKE_PREFIX_PATH}:/opt/ros/humble /usr/bin/cmake --install /home/hoapham/ros2_ws/build/gui
[5.414s] -- Install configuration: ""
[5.414s] -- Installing: /home/hoapham/ros2_ws/install/gui/lib/gui/gui
[5.418s] -- Set runtime path of "/home/hoapham/ros2_ws/install/gui/lib/gui/gui" to ""
[5.419s] -- Up-to-date: /home/hoapham/ros2_ws/install/gui/include
[5.419s] -- Up-to-date: /home/hoapham/ros2_ws/install/gui/include/gui
[5.419s] -- Up-to-date: /home/hoapham/ros2_ws/install/gui/include/gui/rviz_preparation.h
[5.419s] -- Up-to-date: /home/hoapham/ros2_ws/install/gui/include/gui/rvizpanel.h
[5.419s] -- Up-to-date: /home/hoapham/ros2_ws/install/gui/include/gui/preparation.h
[5.419s] -- Up-to-date: /home/hoapham/ros2_ws/install/gui/include/gui/rrjoystick.h
[5.419s] -- Up-to-date: /home/hoapham/ros2_ws/install/gui/include/gui/hello_gui.h
[5.419s] -- Up-to-date: /home/hoapham/ros2_ws/install/gui/include/gui/parser.h
[5.419s] -- Up-to-date: /home/hoapham/ros2_ws/install/gui/share/gui//launch
[5.420s] -- Up-to-date: /home/hoapham/ros2_ws/install/gui/share/gui//launch/gui.launch.py
[5.420s] -- Up-to-date: /home/hoapham/ros2_ws/install/gui/share/gui//config
[5.420s] -- Up-to-date: /home/hoapham/ros2_ws/install/gui/share/gui//config/params.yaml
[5.420s] -- Up-to-date: /home/hoapham/ros2_ws/install/gui/share/ament_index/resource_index/package_run_dependencies/gui
[5.420s] -- Up-to-date: /home/hoapham/ros2_ws/install/gui/share/ament_index/resource_index/parent_prefix_path/gui
[5.420s] -- Up-to-date: /home/hoapham/ros2_ws/install/gui/share/gui/environment/ament_prefix_path.sh
[5.420s] -- Up-to-date: /home/hoapham/ros2_ws/install/gui/share/gui/environment/ament_prefix_path.dsv
[5.420s] -- Up-to-date: /home/hoapham/ros2_ws/install/gui/share/gui/environment/path.sh
[5.420s] -- Up-to-date: /home/hoapham/ros2_ws/install/gui/share/gui/environment/path.dsv
[5.420s] -- Up-to-date: /home/hoapham/ros2_ws/install/gui/share/gui/local_setup.bash
[5.420s] -- Up-to-date: /home/hoapham/ros2_ws/install/gui/share/gui/local_setup.sh
[5.420s] -- Up-to-date: /home/hoapham/ros2_ws/install/gui/share/gui/local_setup.zsh
[5.420s] -- Up-to-date: /home/hoapham/ros2_ws/install/gui/share/gui/local_setup.dsv
[5.421s] -- Installing: /home/hoapham/ros2_ws/install/gui/share/gui/package.dsv
[5.421s] -- Up-to-date: /home/hoapham/ros2_ws/install/gui/share/ament_index/resource_index/packages/gui
[5.421s] -- Up-to-date: /home/hoapham/ros2_ws/install/gui/share/gui/cmake/ament_cmake_export_include_directories-extras.cmake
[5.421s] -- Up-to-date: /home/hoapham/ros2_ws/install/gui/share/gui/cmake/ament_cmake_export_dependencies-extras.cmake
[5.421s] -- Up-to-date: /home/hoapham/ros2_ws/install/gui/share/gui/cmake/guiConfig.cmake
[5.421s] -- Up-to-date: /home/hoapham/ros2_ws/install/gui/share/gui/cmake/guiConfig-version.cmake
[5.421s] -- Up-to-date: /home/hoapham/ros2_ws/install/gui/share/gui/package.xml
[5.422s] Invoked command in '/home/hoapham/ros2_ws/build/gui' returned '0': CMAKE_PREFIX_PATH=${CMAKE_PREFIX_PATH}:/opt/ros/humble /usr/bin/cmake --install /home/hoapham/ros2_ws/build/gui
