[0.006s] Invoking command in '/home/hoapham/ros2_ws/build/zivid_description': CMAKE_PREFIX_PATH=${CMAKE_PREFIX_PATH}:/opt/ros/humble /usr/bin/cmake --build /home/hoapham/ros2_ws/build/zivid_description
[0.042s] Invoked command in '/home/hoapham/ros2_ws/build/zivid_description' returned '0': CMAKE_PREFIX_PATH=${CMAKE_PREFIX_PATH}:/opt/ros/humble /usr/bin/cmake --build /home/hoapham/ros2_ws/build/zivid_description
[0.043s] Invoking command in '/home/hoapham/ros2_ws/build/zivid_description': CMAKE_PREFIX_PATH=${CMAKE_PREFIX_PATH}:/opt/ros/humble /usr/bin/cmake --install /home/hoapham/ros2_ws/build/zivid_description
[0.049s] -- Install configuration: ""
[0.050s] -- Up-to-date: /home/hoapham/ros2_ws/install/zivid_description/share/zivid_description/meshes
[0.050s] -- Up-to-date: /home/hoapham/ros2_ws/install/zivid_description/share/zivid_description/meshes/field_of_view
[0.050s] -- Up-to-date: /home/hoapham/ros2_ws/install/zivid_description/share/zivid_description/meshes/field_of_view/zivid_2_l100_fov.stl
[0.050s] -- Up-to-date: /home/hoapham/ros2_ws/install/zivid_description/share/zivid_description/meshes/field_of_view/zivid_2_plus_m60_fov.stl
[0.050s] -- Up-to-date: /home/hoapham/ros2_ws/install/zivid_description/share/zivid_description/meshes/field_of_view/zivid_2_plus_m130_fov.stl
[0.050s] -- Up-to-date: /home/hoapham/ros2_ws/install/zivid_description/share/zivid_description/meshes/field_of_view/zivid_2_plus_l110_fov.stl
[0.050s] -- Up-to-date: /home/hoapham/ros2_ws/install/zivid_description/share/zivid_description/meshes/field_of_view/zivid_2_m70_fov.stl
[0.050s] -- Up-to-date: /home/hoapham/ros2_ws/install/zivid_description/share/zivid_description/meshes/visual
[0.050s] -- Up-to-date: /home/hoapham/ros2_ws/install/zivid_description/share/zivid_description/meshes/visual/zivid_2_plus.stl
[0.050s] -- Up-to-date: /home/hoapham/ros2_ws/install/zivid_description/share/zivid_description/meshes/collision
[0.050s] -- Up-to-date: /home/hoapham/ros2_ws/install/zivid_description/share/zivid_description/meshes/collision/zivid_2_plus_convex_hull.stl
[0.050s] -- Up-to-date: /home/hoapham/ros2_ws/install/zivid_description/share/zivid_description/urdf
[0.050s] -- Up-to-date: /home/hoapham/ros2_ws/install/zivid_description/share/zivid_description/urdf/zivid_materials.xacro
[0.050s] -- Up-to-date: /home/hoapham/ros2_ws/install/zivid_description/share/zivid_description/urdf/macros
[0.050s] -- Up-to-date: /home/hoapham/ros2_ws/install/zivid_description/share/zivid_description/urdf/macros/zivid_camera.xacro
[0.051s] -- Up-to-date: /home/hoapham/ros2_ws/install/zivid_description/share/zivid_description/urdf/zivid_camera.urdf.xacro
[0.051s] -- Up-to-date: /home/hoapham/ros2_ws/install/zivid_description/share/ament_index/resource_index/package_run_dependencies/zivid_description
[0.051s] -- Up-to-date: /home/hoapham/ros2_ws/install/zivid_description/share/ament_index/resource_index/parent_prefix_path/zivid_description
[0.051s] -- Up-to-date: /home/hoapham/ros2_ws/install/zivid_description/share/zivid_description/environment/ament_prefix_path.sh
[0.051s] -- Up-to-date: /home/hoapham/ros2_ws/install/zivid_description/share/zivid_description/environment/ament_prefix_path.dsv
[0.051s] -- Up-to-date: /home/hoapham/ros2_ws/install/zivid_description/share/zivid_description/environment/path.sh
[0.051s] -- Up-to-date: /home/hoapham/ros2_ws/install/zivid_description/share/zivid_description/environment/path.dsv
[0.051s] -- Up-to-date: /home/hoapham/ros2_ws/install/zivid_description/share/zivid_description/local_setup.bash
[0.051s] -- Up-to-date: /home/hoapham/ros2_ws/install/zivid_description/share/zivid_description/local_setup.sh
[0.051s] -- Up-to-date: /home/hoapham/ros2_ws/install/zivid_description/share/zivid_description/local_setup.zsh
[0.051s] -- Up-to-date: /home/hoapham/ros2_ws/install/zivid_description/share/zivid_description/local_setup.dsv
[0.051s] -- Installing: /home/hoapham/ros2_ws/install/zivid_description/share/zivid_description/package.dsv
[0.051s] -- Up-to-date: /home/hoapham/ros2_ws/install/zivid_description/share/ament_index/resource_index/packages/zivid_description
[0.051s] -- Up-to-date: /home/hoapham/ros2_ws/install/zivid_description/share/zivid_description/cmake/zivid_descriptionConfig.cmake
[0.051s] -- Up-to-date: /home/hoapham/ros2_ws/install/zivid_description/share/zivid_description/cmake/zivid_descriptionConfig-version.cmake
[0.051s] -- Up-to-date: /home/hoapham/ros2_ws/install/zivid_description/share/zivid_description/package.xml
[0.052s] Invoked command in '/home/hoapham/ros2_ws/build/zivid_description' returned '0': CMAKE_PREFIX_PATH=${CMAKE_PREFIX_PATH}:/opt/ros/humble /usr/bin/cmake --install /home/hoapham/ros2_ws/build/zivid_description
