[01m[K/home/hoapham/ros2_ws/src/gui/src/main.cpp:[m[K In function ‘[01m[Kint main(int, char**)[m[K’:
[01m[K/home/hoapham/ros2_ws/src/gui/src/main.cpp:16:14:[m[K [01;31m[Kerror: [m[Kno matching function for call to ‘[01m[KHelloGui::HelloGui()[m[K’
   16 |     HelloGui [01;31m[Kgui[m[K;
      |              [01;31m[K^~~[m[K
In file included from [01m[K/home/hoapham/ros2_ws/src/gui/src/main.cpp:4[m[K:
[01m[K/home/hoapham/ros2_ws/src/gui/include/gui/hello_gui.h:44:5:[m[K [01;36m[Knote: [m[Kcandidate: ‘[01m[KHelloGui::HelloGui(QApplication*, rviz_common::ros_integration::RosNodeAbstractionIface::WeakPtr, QWidget*)[m[K’
   44 |     [01;36m[KHelloGui[m[K(QApplication *app,
      |     [01;36m[K^~~~~~~~[m[K
[01m[K/home/hoapham/ros2_ws/src/gui/include/gui/hello_gui.h:44:5:[m[K [01;36m[Knote: [m[K  candidate expects 3 arguments, 0 provided
[01m[K/home/hoapham/ros2_ws/src/gui/src/main.cpp:[m[K In lambda function:
[01m[K/home/hoapham/ros2_ws/src/gui/src/main.cpp:42:13:[m[K [01;31m[Kerror: [m[K‘[01m[Kgui[m[K’ is not captured
   42 |             [01;31m[Kgui[m[K.closeRviz();
      |             [01;31m[K^~~[m[K
[01m[K/home/hoapham/ros2_ws/src/gui/src/main.cpp:39:63:[m[K [01;36m[Knote: [m[Kthe lambda has no capture-default
   39 |   QObject::connect(stack, &QStackedWidget::currentChanged, [[01;36m[K][m[K(int index) {
      |                                                             [01;36m[K^[m[K

[01m[K/home/hoapham/ros2_ws/src/gui/src/main.cpp:16:14:[m[K [01;36m[Knote: [m[K‘[01m[KHelloGui gui[m[K’ declared here
   16 |     HelloGui [01;36m[Kgui[m[K;
      |              [01;36m[K^~~[m[K
[01m[K/home/hoapham/ros2_ws/src/gui/src/main.cpp:45:13:[m[K [01;31m[Kerror: [m[K‘[01m[Kgui[m[K’ is not captured
   45 |             [01;31m[Kgui[m[K.openRviz();
      |             [01;31m[K^~~[m[K
[01m[K/home/hoapham/ros2_ws/src/gui/src/main.cpp:39:63:[m[K [01;36m[Knote: [m[Kthe lambda has no capture-default
   39 |   QObject::connect(stack, &QStackedWidget::currentChanged, [[01;36m[K][m[K(int index) {
      |                                                             [01;36m[K^[m[K

[01m[K/home/hoapham/ros2_ws/src/gui/src/main.cpp:16:14:[m[K [01;36m[Knote: [m[K‘[01m[KHelloGui gui[m[K’ declared here
   16 |     HelloGui [01;36m[Kgui[m[K;
      |              [01;36m[K^~~[m[K
gmake[2]: *** [CMakeFiles/gui.dir/build.make:90: CMakeFiles/gui.dir/src/main.cpp.o] Error 1
gmake[1]: *** [CMakeFiles/Makefile2:138: CMakeFiles/gui.dir/all] Error 2
gmake: *** [Makefile:146: all] Error 2
