[0.015s] Invoking command in '/home/hoapham/ros2_ws/build/gui_msgs': CMAKE_PREFIX_PATH=${CMAKE_PREFIX_PATH}:/opt/ros/humble /usr/bin/cmake /home/hoapham/ros2_ws/src/gui_msgs -DCMAKE_INSTALL_PREFIX=/home/hoapham/ros2_ws/install/gui_msgs
[0.029s] -- Found ament_cmake: 1.3.11 (/opt/ros/humble/share/ament_cmake/cmake)
[0.149s] -- Found builtin_interfaces: 1.2.1 (/opt/ros/humble/share/builtin_interfaces/cmake)
[0.171s] -- Found rosidl_generator_c: 3.1.6 (/opt/ros/humble/share/rosidl_generator_c/cmake)
[0.173s] -- Found rosidl_adapter: 3.1.6 (/opt/ros/humble/share/rosidl_adapter/cmake)
[0.178s] -- Found rosidl_generator_cpp: 3.1.6 (/opt/ros/humble/share/rosidl_generator_cpp/cmake)
[0.186s] -- Using all available rosidl_typesupport_c: rosidl_typesupport_fastrtps_c;rosidl_typesupport_introspection_c
[0.197s] -- Using all available rosidl_typesupport_cpp: rosidl_typesupport_fastrtps_cpp;rosidl_typesupport_introspection_cpp
[0.206s] -- Found geometry_msgs: 4.8.0 (/opt/ros/humble/share/geometry_msgs/cmake)
[0.229s] -- Found rosidl_default_generators: 1.2.0 (/opt/ros/humble/share/rosidl_default_generators/cmake)
[0.235s] -- Found action_msgs: 1.2.1 (/opt/ros/humble/share/action_msgs/cmake)
[0.570s] -- Found ament_cmake_ros: 0.10.0 (/opt/ros/humble/share/ament_cmake_ros/cmake)
[0.996s] -- Using all available rosidl_typesupport_c: rosidl_typesupport_fastrtps_c;rosidl_typesupport_introspection_c
[1.161s] -- Using all available rosidl_typesupport_cpp: rosidl_typesupport_fastrtps_cpp;rosidl_typesupport_introspection_cpp
[1.186s] -- Found PythonInterp: /usr/bin/python3 (found suitable version "3.10.12", minimum required is "3.6") 
[1.191s] -- Found python_cmake_module: 0.10.0 (/opt/ros/humble/share/python_cmake_module/cmake)
[1.220s] -- Found PythonLibs: /usr/lib/x86_64-linux-gnu/libpython3.10.so (found suitable version "3.10.12", minimum required is "3.5") 
[1.221s] -- Using PYTHON_EXECUTABLE: /usr/bin/python3
[1.221s] -- Using PYTHON_INCLUDE_DIRS: /usr/include/python3.10
[1.221s] -- Using PYTHON_LIBRARIES: /usr/lib/x86_64-linux-gnu/libpython3.10.so
[1.241s] -- Found PythonExtra: .so  
[1.294s] -- Configuring done
[1.318s] -- Generating done
[1.326s] -- Build files have been written to: /home/hoapham/ros2_ws/build/gui_msgs
[1.336s] Invoked command in '/home/hoapham/ros2_ws/build/gui_msgs' returned '0': CMAKE_PREFIX_PATH=${CMAKE_PREFIX_PATH}:/opt/ros/humble /usr/bin/cmake /home/hoapham/ros2_ws/src/gui_msgs -DCMAKE_INSTALL_PREFIX=/home/hoapham/ros2_ws/install/gui_msgs
[1.338s] Invoking command in '/home/hoapham/ros2_ws/build/gui_msgs': CMAKE_PREFIX_PATH=${CMAKE_PREFIX_PATH}:/opt/ros/humble /usr/bin/cmake --build /home/hoapham/ros2_ws/build/gui_msgs -- -j16 -l16
[1.374s] [  2%] [34m[1mGenerating C code for ROS interfaces[0m
[1.382s] [  4%] [34m[1mGenerating C++ code for ROS interfaces[0m
[1.390s] [  4%] Built target ament_cmake_python_copy_gui_msgs
[1.542s] running egg_info
[1.543s] creating gui_msgs.egg-info
[1.543s] writing gui_msgs.egg-info/PKG-INFO
[1.543s] writing dependency_links to gui_msgs.egg-info/dependency_links.txt
[1.543s] writing top-level names to gui_msgs.egg-info/top_level.txt
[1.543s] writing manifest file 'gui_msgs.egg-info/SOURCES.txt'
[1.545s] reading manifest file 'gui_msgs.egg-info/SOURCES.txt'
[1.546s] writing manifest file 'gui_msgs.egg-info/SOURCES.txt'
[1.581s] [  4%] Built target ament_cmake_python_build_gui_msgs_egg
[1.607s] [  4%] Built target gui_msgs__cpp
[1.617s] [ 12%] [32mBuilding C object CMakeFiles/gui_msgs__rosidl_generator_c.dir/rosidl_generator_c/gui_msgs/msg/detail/trajectory_setting__functions.c.o[0m
[1.617s] [ 12%] [34m[1mGenerating C++ introspection for ROS interfaces[0m
[1.617s] [ 12%] [32mBuilding C object CMakeFiles/gui_msgs__rosidl_generator_c.dir/rosidl_generator_c/gui_msgs/msg/detail/setting_params__functions.c.o[0m
[1.617s] [ 12%] [34m[1mGenerating C++ type support dispatch for ROS interfaces[0m
[1.618s] [ 14%] [32mBuilding C object CMakeFiles/gui_msgs__rosidl_generator_c.dir/rosidl_generator_c/gui_msgs/msg/detail/setting_tool__functions.c.o[0m
[1.618s] [ 17%] [34m[1mGenerating C++ type support for eProsima Fast-RTPS[0m
[1.669s] [ 19%] [32m[1mLinking C shared library libgui_msgs__rosidl_generator_c.so[0m
[1.708s] [ 19%] Built target gui_msgs__rosidl_generator_c
[1.717s] [ 25%] [34m[1mGenerating C type support dispatch for ROS interfaces[0m
[1.717s] [ 25%] [34m[1mGenerating C introspection for ROS interfaces[0m
[1.718s] [ 25%] [34m[1mGenerating C type support for eProsima Fast-RTPS[0m
[1.815s] [ 27%] [32mBuilding CXX object CMakeFiles/gui_msgs__rosidl_typesupport_cpp.dir/rosidl_typesupport_cpp/gui_msgs/msg/setting_tool__type_support.cpp.o[0m
[1.815s] [ 29%] [32mBuilding CXX object CMakeFiles/gui_msgs__rosidl_typesupport_cpp.dir/rosidl_typesupport_cpp/gui_msgs/msg/setting_params__type_support.cpp.o[0m
[1.817s] [ 31%] [32mBuilding CXX object CMakeFiles/gui_msgs__rosidl_typesupport_cpp.dir/rosidl_typesupport_cpp/gui_msgs/msg/trajectory_setting__type_support.cpp.o[0m
[1.838s] [ 38%] [32mBuilding CXX object CMakeFiles/gui_msgs__rosidl_typesupport_introspection_cpp.dir/rosidl_typesupport_introspection_cpp/gui_msgs/msg/detail/trajectory_setting__type_support.cpp.o[0m
[1.838s] [ 38%] [32mBuilding CXX object CMakeFiles/gui_msgs__rosidl_typesupport_introspection_cpp.dir/rosidl_typesupport_introspection_cpp/gui_msgs/msg/detail/setting_tool__type_support.cpp.o[0m
[1.839s] [ 38%] [32mBuilding CXX object CMakeFiles/gui_msgs__rosidl_typesupport_introspection_cpp.dir/rosidl_typesupport_introspection_cpp/gui_msgs/msg/detail/setting_params__type_support.cpp.o[0m
[1.864s] [ 44%] [32mBuilding CXX object CMakeFiles/gui_msgs__rosidl_typesupport_fastrtps_cpp.dir/rosidl_typesupport_fastrtps_cpp/gui_msgs/msg/detail/dds_fastrtps/setting_tool__type_support.cpp.o[0m
[1.864s] [ 44%] [32mBuilding CXX object CMakeFiles/gui_msgs__rosidl_typesupport_fastrtps_cpp.dir/rosidl_typesupport_fastrtps_cpp/gui_msgs/msg/detail/dds_fastrtps/setting_params__type_support.cpp.o[0m
[1.864s] [ 44%] [32mBuilding CXX object CMakeFiles/gui_msgs__rosidl_typesupport_fastrtps_cpp.dir/rosidl_typesupport_fastrtps_cpp/gui_msgs/msg/detail/dds_fastrtps/trajectory_setting__type_support.cpp.o[0m
[1.967s] [ 46%] [32mBuilding CXX object CMakeFiles/gui_msgs__rosidl_typesupport_c.dir/rosidl_typesupport_c/gui_msgs/msg/setting_params__type_support.cpp.o[0m
[1.975s] [ 51%] [32mBuilding CXX object CMakeFiles/gui_msgs__rosidl_typesupport_c.dir/rosidl_typesupport_c/gui_msgs/msg/setting_tool__type_support.cpp.o[0m
[1.975s] [ 51%] [32mBuilding CXX object CMakeFiles/gui_msgs__rosidl_typesupport_c.dir/rosidl_typesupport_c/gui_msgs/msg/trajectory_setting__type_support.cpp.o[0m
[1.993s] [ 57%] [32mBuilding C object CMakeFiles/gui_msgs__rosidl_typesupport_introspection_c.dir/rosidl_typesupport_introspection_c/gui_msgs/msg/detail/trajectory_setting__type_support.c.o[0m
[1.994s] [ 57%] [32mBuilding C object CMakeFiles/gui_msgs__rosidl_typesupport_introspection_c.dir/rosidl_typesupport_introspection_c/gui_msgs/msg/detail/setting_tool__type_support.c.o[0m
[1.994s] [ 57%] [32mBuilding C object CMakeFiles/gui_msgs__rosidl_typesupport_introspection_c.dir/rosidl_typesupport_introspection_c/gui_msgs/msg/detail/setting_params__type_support.c.o[0m
[2.021s] [ 59%] [32m[1mLinking CXX shared library libgui_msgs__rosidl_typesupport_c.so[0m
[2.047s] [ 61%] [32m[1mLinking C shared library libgui_msgs__rosidl_typesupport_introspection_c.so[0m
[2.071s] [ 65%] [32mBuilding CXX object CMakeFiles/gui_msgs__rosidl_typesupport_fastrtps_c.dir/rosidl_typesupport_fastrtps_c/gui_msgs/msg/detail/setting_tool__type_support_c.cpp.o[0m
[2.071s] [ 68%] [32mBuilding CXX object CMakeFiles/gui_msgs__rosidl_typesupport_fastrtps_c.dir/rosidl_typesupport_fastrtps_c/gui_msgs/msg/detail/trajectory_setting__type_support_c.cpp.o[0m
[2.071s] [ 65%] [32mBuilding CXX object CMakeFiles/gui_msgs__rosidl_typesupport_fastrtps_c.dir/rosidl_typesupport_fastrtps_c/gui_msgs/msg/detail/setting_params__type_support_c.cpp.o[0m
[2.087s] [ 68%] Built target gui_msgs__rosidl_typesupport_c
[2.095s] [ 68%] Built target gui_msgs__rosidl_typesupport_introspection_c
[2.130s] [ 70%] [32m[1mLinking CXX shared library libgui_msgs__rosidl_typesupport_cpp.so[0m
[2.170s] [ 70%] Built target gui_msgs__rosidl_typesupport_cpp
[2.247s] [ 72%] [32m[1mLinking CXX shared library libgui_msgs__rosidl_typesupport_introspection_cpp.so[0m
[2.270s] [ 74%] [32m[1mLinking CXX shared library libgui_msgs__rosidl_typesupport_fastrtps_cpp.so[0m
[2.281s] [ 74%] Built target gui_msgs__rosidl_typesupport_introspection_cpp
[2.328s] [ 74%] Built target gui_msgs__rosidl_typesupport_fastrtps_cpp
[2.330s] [ 76%] [32m[1mLinking CXX shared library libgui_msgs__rosidl_typesupport_fastrtps_c.so[0m
[2.385s] [ 76%] Built target gui_msgs__rosidl_typesupport_fastrtps_c
[2.404s] [ 76%] Built target gui_msgs
[2.422s] [ 78%] [34m[1mGenerating Python code for ROS interfaces[0m
[2.683s] [ 78%] Built target gui_msgs__py
[2.701s] [ 82%] [32mBuilding C object CMakeFiles/gui_msgs__rosidl_generator_py.dir/rosidl_generator_py/gui_msgs/msg/_trajectory_setting_s.c.o[0m
[2.701s] [ 82%] [32mBuilding C object CMakeFiles/gui_msgs__rosidl_generator_py.dir/rosidl_generator_py/gui_msgs/msg/_setting_params_s.c.o[0m
[2.701s] [ 85%] [32mBuilding C object CMakeFiles/gui_msgs__rosidl_generator_py.dir/rosidl_generator_py/gui_msgs/msg/_setting_tool_s.c.o[0m
[2.784s] [ 87%] [32m[1mLinking C shared library rosidl_generator_py/gui_msgs/libgui_msgs__rosidl_generator_py.so[0m
[2.819s] [ 87%] Built target gui_msgs__rosidl_generator_py
[2.837s] [ 91%] [32mBuilding C object CMakeFiles/gui_msgs__rosidl_typesupport_fastrtps_c__pyext.dir/rosidl_generator_py/gui_msgs/_gui_msgs_s.ep.rosidl_typesupport_fastrtps_c.c.o[0m
[2.837s] [ 91%] [32mBuilding C object CMakeFiles/gui_msgs__rosidl_typesupport_c__pyext.dir/rosidl_generator_py/gui_msgs/_gui_msgs_s.ep.rosidl_typesupport_c.c.o[0m
[2.837s] [ 93%] [32mBuilding C object CMakeFiles/gui_msgs__rosidl_typesupport_introspection_c__pyext.dir/rosidl_generator_py/gui_msgs/_gui_msgs_s.ep.rosidl_typesupport_introspection_c.c.o[0m
[2.905s] [ 95%] [32m[1mLinking C shared library rosidl_generator_py/gui_msgs/gui_msgs_s__rosidl_typesupport_c.cpython-310-x86_64-linux-gnu.so[0m
[2.905s] [ 97%] [32m[1mLinking C shared library rosidl_generator_py/gui_msgs/gui_msgs_s__rosidl_typesupport_introspection_c.cpython-310-x86_64-linux-gnu.so[0m
[2.905s] [100%] [32m[1mLinking C shared library rosidl_generator_py/gui_msgs/gui_msgs_s__rosidl_typesupport_fastrtps_c.cpython-310-x86_64-linux-gnu.so[0m
[2.937s] [100%] Built target gui_msgs__rosidl_typesupport_c__pyext
[2.938s] [100%] Built target gui_msgs__rosidl_typesupport_fastrtps_c__pyext
[2.938s] [100%] Built target gui_msgs__rosidl_typesupport_introspection_c__pyext
[2.947s] Invoked command in '/home/hoapham/ros2_ws/build/gui_msgs' returned '0': CMAKE_PREFIX_PATH=${CMAKE_PREFIX_PATH}:/opt/ros/humble /usr/bin/cmake --build /home/hoapham/ros2_ws/build/gui_msgs -- -j16 -l16
[2.955s] Invoking command in '/home/hoapham/ros2_ws/build/gui_msgs': CMAKE_PREFIX_PATH=${CMAKE_PREFIX_PATH}:/opt/ros/humble /usr/bin/cmake --install /home/hoapham/ros2_ws/build/gui_msgs
[2.961s] -- Install configuration: ""
[2.961s] -- Installing: /home/hoapham/ros2_ws/install/gui_msgs/share/ament_index/resource_index/rosidl_interfaces/gui_msgs
[2.961s] -- Installing: /home/hoapham/ros2_ws/install/gui_msgs/include/gui_msgs/gui_msgs
[2.961s] -- Installing: /home/hoapham/ros2_ws/install/gui_msgs/include/gui_msgs/gui_msgs/msg
[2.962s] -- Installing: /home/hoapham/ros2_ws/install/gui_msgs/include/gui_msgs/gui_msgs/msg/detail
[2.962s] -- Installing: /home/hoapham/ros2_ws/install/gui_msgs/include/gui_msgs/gui_msgs/msg/detail/setting_params__functions.c
[2.962s] -- Installing: /home/hoapham/ros2_ws/install/gui_msgs/include/gui_msgs/gui_msgs/msg/detail/setting_tool__functions.h
[2.962s] -- Installing: /home/hoapham/ros2_ws/install/gui_msgs/include/gui_msgs/gui_msgs/msg/detail/setting_tool__functions.c
[2.962s] -- Installing: /home/hoapham/ros2_ws/install/gui_msgs/include/gui_msgs/gui_msgs/msg/detail/setting_tool__struct.h
[2.962s] -- Installing: /home/hoapham/ros2_ws/install/gui_msgs/include/gui_msgs/gui_msgs/msg/detail/trajectory_setting__type_support.h
[2.962s] -- Installing: /home/hoapham/ros2_ws/install/gui_msgs/include/gui_msgs/gui_msgs/msg/detail/trajectory_setting__functions.h
[2.962s] -- Installing: /home/hoapham/ros2_ws/install/gui_msgs/include/gui_msgs/gui_msgs/msg/detail/setting_params__struct.h
[2.962s] -- Installing: /home/hoapham/ros2_ws/install/gui_msgs/include/gui_msgs/gui_msgs/msg/detail/trajectory_setting__functions.c
[2.962s] -- Installing: /home/hoapham/ros2_ws/install/gui_msgs/include/gui_msgs/gui_msgs/msg/detail/trajectory_setting__struct.h
[2.962s] -- Installing: /home/hoapham/ros2_ws/install/gui_msgs/include/gui_msgs/gui_msgs/msg/detail/setting_tool__type_support.h
[2.962s] -- Installing: /home/hoapham/ros2_ws/install/gui_msgs/include/gui_msgs/gui_msgs/msg/detail/setting_params__functions.h
[2.962s] -- Installing: /home/hoapham/ros2_ws/install/gui_msgs/include/gui_msgs/gui_msgs/msg/detail/setting_params__type_support.h
[2.963s] -- Installing: /home/hoapham/ros2_ws/install/gui_msgs/include/gui_msgs/gui_msgs/msg/trajectory_setting.h
[2.963s] -- Installing: /home/hoapham/ros2_ws/install/gui_msgs/include/gui_msgs/gui_msgs/msg/setting_params.h
[2.963s] -- Installing: /home/hoapham/ros2_ws/install/gui_msgs/include/gui_msgs/gui_msgs/msg/rosidl_generator_c__visibility_control.h
[2.963s] -- Installing: /home/hoapham/ros2_ws/install/gui_msgs/include/gui_msgs/gui_msgs/msg/setting_tool.h
[2.963s] -- Installing: /home/hoapham/ros2_ws/install/gui_msgs/share/gui_msgs/environment/library_path.sh
[2.963s] -- Installing: /home/hoapham/ros2_ws/install/gui_msgs/share/gui_msgs/environment/library_path.dsv
[2.963s] -- Installing: /home/hoapham/ros2_ws/install/gui_msgs/lib/libgui_msgs__rosidl_generator_c.so
[2.963s] -- Set runtime path of "/home/hoapham/ros2_ws/install/gui_msgs/lib/libgui_msgs__rosidl_generator_c.so" to ""
[2.963s] -- Up-to-date: /home/hoapham/ros2_ws/install/gui_msgs/include/gui_msgs/gui_msgs
[2.963s] -- Up-to-date: /home/hoapham/ros2_ws/install/gui_msgs/include/gui_msgs/gui_msgs/msg
[2.963s] -- Up-to-date: /home/hoapham/ros2_ws/install/gui_msgs/include/gui_msgs/gui_msgs/msg/detail
[2.963s] -- Installing: /home/hoapham/ros2_ws/install/gui_msgs/include/gui_msgs/gui_msgs/msg/detail/setting_tool__rosidl_typesupport_fastrtps_c.h
[2.963s] -- Installing: /home/hoapham/ros2_ws/install/gui_msgs/include/gui_msgs/gui_msgs/msg/detail/setting_params__rosidl_typesupport_fastrtps_c.h
[2.963s] -- Installing: /home/hoapham/ros2_ws/install/gui_msgs/include/gui_msgs/gui_msgs/msg/detail/trajectory_setting__rosidl_typesupport_fastrtps_c.h
[2.963s] -- Installing: /home/hoapham/ros2_ws/install/gui_msgs/include/gui_msgs/gui_msgs/msg/rosidl_typesupport_fastrtps_c__visibility_control.h
[2.963s] -- Installing: /home/hoapham/ros2_ws/install/gui_msgs/lib/libgui_msgs__rosidl_typesupport_fastrtps_c.so
[2.964s] -- Set runtime path of "/home/hoapham/ros2_ws/install/gui_msgs/lib/libgui_msgs__rosidl_typesupport_fastrtps_c.so" to ""
[2.964s] -- Up-to-date: /home/hoapham/ros2_ws/install/gui_msgs/include/gui_msgs/gui_msgs
[2.964s] -- Up-to-date: /home/hoapham/ros2_ws/install/gui_msgs/include/gui_msgs/gui_msgs/msg
[2.964s] -- Up-to-date: /home/hoapham/ros2_ws/install/gui_msgs/include/gui_msgs/gui_msgs/msg/detail
[2.964s] -- Installing: /home/hoapham/ros2_ws/install/gui_msgs/include/gui_msgs/gui_msgs/msg/detail/trajectory_setting__type_support.hpp
[2.964s] -- Installing: /home/hoapham/ros2_ws/install/gui_msgs/include/gui_msgs/gui_msgs/msg/detail/setting_params__struct.hpp
[2.964s] -- Installing: /home/hoapham/ros2_ws/install/gui_msgs/include/gui_msgs/gui_msgs/msg/detail/trajectory_setting__traits.hpp
[2.964s] -- Installing: /home/hoapham/ros2_ws/install/gui_msgs/include/gui_msgs/gui_msgs/msg/detail/setting_params__type_support.hpp
[2.964s] -- Installing: /home/hoapham/ros2_ws/install/gui_msgs/include/gui_msgs/gui_msgs/msg/detail/setting_tool__traits.hpp
[2.964s] -- Installing: /home/hoapham/ros2_ws/install/gui_msgs/include/gui_msgs/gui_msgs/msg/detail/setting_tool__type_support.hpp
[2.964s] -- Installing: /home/hoapham/ros2_ws/install/gui_msgs/include/gui_msgs/gui_msgs/msg/detail/trajectory_setting__builder.hpp
[2.964s] -- Installing: /home/hoapham/ros2_ws/install/gui_msgs/include/gui_msgs/gui_msgs/msg/detail/setting_params__traits.hpp
[2.964s] -- Installing: /home/hoapham/ros2_ws/install/gui_msgs/include/gui_msgs/gui_msgs/msg/detail/setting_tool__struct.hpp
[2.964s] -- Installing: /home/hoapham/ros2_ws/install/gui_msgs/include/gui_msgs/gui_msgs/msg/detail/setting_params__builder.hpp
[2.964s] -- Installing: /home/hoapham/ros2_ws/install/gui_msgs/include/gui_msgs/gui_msgs/msg/detail/trajectory_setting__struct.hpp
[2.965s] -- Installing: /home/hoapham/ros2_ws/install/gui_msgs/include/gui_msgs/gui_msgs/msg/detail/setting_tool__builder.hpp
[2.965s] -- Installing: /home/hoapham/ros2_ws/install/gui_msgs/include/gui_msgs/gui_msgs/msg/trajectory_setting.hpp
[2.965s] -- Installing: /home/hoapham/ros2_ws/install/gui_msgs/include/gui_msgs/gui_msgs/msg/setting_tool.hpp
[2.965s] -- Installing: /home/hoapham/ros2_ws/install/gui_msgs/include/gui_msgs/gui_msgs/msg/rosidl_generator_cpp__visibility_control.hpp
[2.965s] -- Installing: /home/hoapham/ros2_ws/install/gui_msgs/include/gui_msgs/gui_msgs/msg/setting_params.hpp
[2.965s] -- Up-to-date: /home/hoapham/ros2_ws/install/gui_msgs/include/gui_msgs/gui_msgs
[2.965s] -- Up-to-date: /home/hoapham/ros2_ws/install/gui_msgs/include/gui_msgs/gui_msgs/msg
[2.965s] -- Up-to-date: /home/hoapham/ros2_ws/install/gui_msgs/include/gui_msgs/gui_msgs/msg/detail
[2.965s] -- Installing: /home/hoapham/ros2_ws/install/gui_msgs/include/gui_msgs/gui_msgs/msg/detail/setting_tool__rosidl_typesupport_fastrtps_cpp.hpp
[2.965s] -- Installing: /home/hoapham/ros2_ws/install/gui_msgs/include/gui_msgs/gui_msgs/msg/detail/dds_fastrtps
[2.965s] -- Installing: /home/hoapham/ros2_ws/install/gui_msgs/include/gui_msgs/gui_msgs/msg/detail/trajectory_setting__rosidl_typesupport_fastrtps_cpp.hpp
[2.965s] -- Installing: /home/hoapham/ros2_ws/install/gui_msgs/include/gui_msgs/gui_msgs/msg/detail/setting_params__rosidl_typesupport_fastrtps_cpp.hpp
[2.965s] -- Installing: /home/hoapham/ros2_ws/install/gui_msgs/include/gui_msgs/gui_msgs/msg/rosidl_typesupport_fastrtps_cpp__visibility_control.h
[2.965s] -- Installing: /home/hoapham/ros2_ws/install/gui_msgs/lib/libgui_msgs__rosidl_typesupport_fastrtps_cpp.so
[2.966s] -- Set runtime path of "/home/hoapham/ros2_ws/install/gui_msgs/lib/libgui_msgs__rosidl_typesupport_fastrtps_cpp.so" to ""
[2.966s] -- Up-to-date: /home/hoapham/ros2_ws/install/gui_msgs/include/gui_msgs/gui_msgs
[2.966s] -- Up-to-date: /home/hoapham/ros2_ws/install/gui_msgs/include/gui_msgs/gui_msgs/msg
[2.966s] -- Up-to-date: /home/hoapham/ros2_ws/install/gui_msgs/include/gui_msgs/gui_msgs/msg/detail
[2.966s] -- Installing: /home/hoapham/ros2_ws/install/gui_msgs/include/gui_msgs/gui_msgs/msg/detail/trajectory_setting__type_support.c
[2.966s] -- Installing: /home/hoapham/ros2_ws/install/gui_msgs/include/gui_msgs/gui_msgs/msg/detail/trajectory_setting__rosidl_typesupport_introspection_c.h
[2.966s] -- Installing: /home/hoapham/ros2_ws/install/gui_msgs/include/gui_msgs/gui_msgs/msg/detail/setting_tool__type_support.c
[2.966s] -- Installing: /home/hoapham/ros2_ws/install/gui_msgs/include/gui_msgs/gui_msgs/msg/detail/setting_tool__rosidl_typesupport_introspection_c.h
[2.966s] -- Installing: /home/hoapham/ros2_ws/install/gui_msgs/include/gui_msgs/gui_msgs/msg/detail/setting_params__rosidl_typesupport_introspection_c.h
[2.966s] -- Installing: /home/hoapham/ros2_ws/install/gui_msgs/include/gui_msgs/gui_msgs/msg/detail/setting_params__type_support.c
[2.966s] -- Installing: /home/hoapham/ros2_ws/install/gui_msgs/include/gui_msgs/gui_msgs/msg/rosidl_typesupport_introspection_c__visibility_control.h
[2.966s] -- Installing: /home/hoapham/ros2_ws/install/gui_msgs/lib/libgui_msgs__rosidl_typesupport_introspection_c.so
[2.967s] -- Set runtime path of "/home/hoapham/ros2_ws/install/gui_msgs/lib/libgui_msgs__rosidl_typesupport_introspection_c.so" to ""
[2.967s] -- Installing: /home/hoapham/ros2_ws/install/gui_msgs/lib/libgui_msgs__rosidl_typesupport_c.so
[2.967s] -- Set runtime path of "/home/hoapham/ros2_ws/install/gui_msgs/lib/libgui_msgs__rosidl_typesupport_c.so" to ""
[2.967s] -- Up-to-date: /home/hoapham/ros2_ws/install/gui_msgs/include/gui_msgs/gui_msgs
[2.967s] -- Up-to-date: /home/hoapham/ros2_ws/install/gui_msgs/include/gui_msgs/gui_msgs/msg
[2.967s] -- Up-to-date: /home/hoapham/ros2_ws/install/gui_msgs/include/gui_msgs/gui_msgs/msg/detail
[2.967s] -- Installing: /home/hoapham/ros2_ws/install/gui_msgs/include/gui_msgs/gui_msgs/msg/detail/setting_tool__type_support.cpp
[2.967s] -- Installing: /home/hoapham/ros2_ws/install/gui_msgs/include/gui_msgs/gui_msgs/msg/detail/trajectory_setting__type_support.cpp
[2.967s] -- Installing: /home/hoapham/ros2_ws/install/gui_msgs/include/gui_msgs/gui_msgs/msg/detail/setting_params__rosidl_typesupport_introspection_cpp.hpp
[2.967s] -- Installing: /home/hoapham/ros2_ws/install/gui_msgs/include/gui_msgs/gui_msgs/msg/detail/setting_tool__rosidl_typesupport_introspection_cpp.hpp
[2.967s] -- Installing: /home/hoapham/ros2_ws/install/gui_msgs/include/gui_msgs/gui_msgs/msg/detail/trajectory_setting__rosidl_typesupport_introspection_cpp.hpp
[2.967s] -- Installing: /home/hoapham/ros2_ws/install/gui_msgs/include/gui_msgs/gui_msgs/msg/detail/setting_params__type_support.cpp
[2.967s] -- Installing: /home/hoapham/ros2_ws/install/gui_msgs/lib/libgui_msgs__rosidl_typesupport_introspection_cpp.so
[2.968s] -- Set runtime path of "/home/hoapham/ros2_ws/install/gui_msgs/lib/libgui_msgs__rosidl_typesupport_introspection_cpp.so" to ""
[2.968s] -- Installing: /home/hoapham/ros2_ws/install/gui_msgs/lib/libgui_msgs__rosidl_typesupport_cpp.so
[2.968s] -- Set runtime path of "/home/hoapham/ros2_ws/install/gui_msgs/lib/libgui_msgs__rosidl_typesupport_cpp.so" to ""
[2.968s] -- Installing: /home/hoapham/ros2_ws/install/gui_msgs/share/gui_msgs/environment/pythonpath.sh
[2.968s] -- Installing: /home/hoapham/ros2_ws/install/gui_msgs/share/gui_msgs/environment/pythonpath.dsv
[2.968s] -- Installing: /home/hoapham/ros2_ws/install/gui_msgs/local/lib/python3.10/dist-packages/gui_msgs-1.1.0-py3.10.egg-info
[2.968s] -- Installing: /home/hoapham/ros2_ws/install/gui_msgs/local/lib/python3.10/dist-packages/gui_msgs-1.1.0-py3.10.egg-info/dependency_links.txt
[2.968s] -- Installing: /home/hoapham/ros2_ws/install/gui_msgs/local/lib/python3.10/dist-packages/gui_msgs-1.1.0-py3.10.egg-info/top_level.txt
[2.969s] -- Installing: /home/hoapham/ros2_ws/install/gui_msgs/local/lib/python3.10/dist-packages/gui_msgs-1.1.0-py3.10.egg-info/SOURCES.txt
[2.969s] -- Installing: /home/hoapham/ros2_ws/install/gui_msgs/local/lib/python3.10/dist-packages/gui_msgs-1.1.0-py3.10.egg-info/PKG-INFO
[2.969s] -- Installing: /home/hoapham/ros2_ws/install/gui_msgs/local/lib/python3.10/dist-packages/gui_msgs
[2.969s] -- Installing: /home/hoapham/ros2_ws/install/gui_msgs/local/lib/python3.10/dist-packages/gui_msgs/msg
[2.969s] -- Installing: /home/hoapham/ros2_ws/install/gui_msgs/local/lib/python3.10/dist-packages/gui_msgs/msg/_setting_params_s.c
[2.969s] -- Installing: /home/hoapham/ros2_ws/install/gui_msgs/local/lib/python3.10/dist-packages/gui_msgs/msg/__init__.py
[2.969s] -- Installing: /home/hoapham/ros2_ws/install/gui_msgs/local/lib/python3.10/dist-packages/gui_msgs/msg/_setting_tool.py
[2.969s] -- Installing: /home/hoapham/ros2_ws/install/gui_msgs/local/lib/python3.10/dist-packages/gui_msgs/msg/_setting_params.py
[2.969s] -- Installing: /home/hoapham/ros2_ws/install/gui_msgs/local/lib/python3.10/dist-packages/gui_msgs/msg/_trajectory_setting.py
[2.969s] -- Installing: /home/hoapham/ros2_ws/install/gui_msgs/local/lib/python3.10/dist-packages/gui_msgs/msg/_setting_tool_s.c
[2.969s] -- Installing: /home/hoapham/ros2_ws/install/gui_msgs/local/lib/python3.10/dist-packages/gui_msgs/msg/_trajectory_setting_s.c
[2.969s] -- Installing: /home/hoapham/ros2_ws/install/gui_msgs/local/lib/python3.10/dist-packages/gui_msgs/__init__.py
[2.969s] -- Installing: /home/hoapham/ros2_ws/install/gui_msgs/local/lib/python3.10/dist-packages/gui_msgs/libgui_msgs__rosidl_generator_py.so
[2.969s] -- Installing: /home/hoapham/ros2_ws/install/gui_msgs/local/lib/python3.10/dist-packages/gui_msgs/gui_msgs_s__rosidl_typesupport_fastrtps_c.cpython-310-x86_64-linux-gnu.so
[2.970s] -- Installing: /home/hoapham/ros2_ws/install/gui_msgs/local/lib/python3.10/dist-packages/gui_msgs/_gui_msgs_s.ep.rosidl_typesupport_fastrtps_c.c
[2.970s] -- Installing: /home/hoapham/ros2_ws/install/gui_msgs/local/lib/python3.10/dist-packages/gui_msgs/_gui_msgs_s.ep.rosidl_typesupport_c.c
[2.970s] -- Installing: /home/hoapham/ros2_ws/install/gui_msgs/local/lib/python3.10/dist-packages/gui_msgs/_gui_msgs_s.ep.rosidl_typesupport_introspection_c.c
[2.970s] -- Installing: /home/hoapham/ros2_ws/install/gui_msgs/local/lib/python3.10/dist-packages/gui_msgs/gui_msgs_s__rosidl_typesupport_introspection_c.cpython-310-x86_64-linux-gnu.so
[2.970s] -- Installing: /home/hoapham/ros2_ws/install/gui_msgs/local/lib/python3.10/dist-packages/gui_msgs/gui_msgs_s__rosidl_typesupport_c.cpython-310-x86_64-linux-gnu.so
[2.994s] Listing '/home/hoapham/ros2_ws/install/gui_msgs/local/lib/python3.10/dist-packages/gui_msgs'...
[2.994s] Compiling '/home/hoapham/ros2_ws/install/gui_msgs/local/lib/python3.10/dist-packages/gui_msgs/__init__.py'...
[2.994s] Listing '/home/hoapham/ros2_ws/install/gui_msgs/local/lib/python3.10/dist-packages/gui_msgs/msg'...
[2.994s] Compiling '/home/hoapham/ros2_ws/install/gui_msgs/local/lib/python3.10/dist-packages/gui_msgs/msg/__init__.py'...
[2.994s] Compiling '/home/hoapham/ros2_ws/install/gui_msgs/local/lib/python3.10/dist-packages/gui_msgs/msg/_setting_params.py'...
[2.994s] Compiling '/home/hoapham/ros2_ws/install/gui_msgs/local/lib/python3.10/dist-packages/gui_msgs/msg/_setting_tool.py'...
[2.994s] Compiling '/home/hoapham/ros2_ws/install/gui_msgs/local/lib/python3.10/dist-packages/gui_msgs/msg/_trajectory_setting.py'...
[2.996s] -- Installing: /home/hoapham/ros2_ws/install/gui_msgs/local/lib/python3.10/dist-packages/gui_msgs/gui_msgs_s__rosidl_typesupport_fastrtps_c.cpython-310-x86_64-linux-gnu.so
[2.997s] -- Set runtime path of "/home/hoapham/ros2_ws/install/gui_msgs/local/lib/python3.10/dist-packages/gui_msgs/gui_msgs_s__rosidl_typesupport_fastrtps_c.cpython-310-x86_64-linux-gnu.so" to ""
[2.997s] -- Installing: /home/hoapham/ros2_ws/install/gui_msgs/local/lib/python3.10/dist-packages/gui_msgs/gui_msgs_s__rosidl_typesupport_introspection_c.cpython-310-x86_64-linux-gnu.so
[2.997s] -- Set runtime path of "/home/hoapham/ros2_ws/install/gui_msgs/local/lib/python3.10/dist-packages/gui_msgs/gui_msgs_s__rosidl_typesupport_introspection_c.cpython-310-x86_64-linux-gnu.so" to ""
[2.998s] -- Installing: /home/hoapham/ros2_ws/install/gui_msgs/local/lib/python3.10/dist-packages/gui_msgs/gui_msgs_s__rosidl_typesupport_c.cpython-310-x86_64-linux-gnu.so
[2.998s] -- Set runtime path of "/home/hoapham/ros2_ws/install/gui_msgs/local/lib/python3.10/dist-packages/gui_msgs/gui_msgs_s__rosidl_typesupport_c.cpython-310-x86_64-linux-gnu.so" to ""
[2.998s] -- Installing: /home/hoapham/ros2_ws/install/gui_msgs/lib/libgui_msgs__rosidl_generator_py.so
[2.998s] -- Set runtime path of "/home/hoapham/ros2_ws/install/gui_msgs/lib/libgui_msgs__rosidl_generator_py.so" to ""
[2.998s] -- Installing: /home/hoapham/ros2_ws/install/gui_msgs/share/gui_msgs/msg/SettingParams.idl
[2.998s] -- Installing: /home/hoapham/ros2_ws/install/gui_msgs/share/gui_msgs/msg/SettingTool.idl
[2.998s] -- Installing: /home/hoapham/ros2_ws/install/gui_msgs/share/gui_msgs/msg/TrajectorySetting.idl
[2.998s] -- Installing: /home/hoapham/ros2_ws/install/gui_msgs/share/gui_msgs/msg/SettingParams.msg
[2.998s] -- Installing: /home/hoapham/ros2_ws/install/gui_msgs/share/gui_msgs/msg/SettingTool.msg
[2.998s] -- Installing: /home/hoapham/ros2_ws/install/gui_msgs/share/gui_msgs/msg/TrajectorySetting.msg
[2.999s] -- Installing: /home/hoapham/ros2_ws/install/gui_msgs/share/ament_index/resource_index/package_run_dependencies/gui_msgs
[2.999s] -- Installing: /home/hoapham/ros2_ws/install/gui_msgs/share/ament_index/resource_index/parent_prefix_path/gui_msgs
[2.999s] -- Installing: /home/hoapham/ros2_ws/install/gui_msgs/share/gui_msgs/environment/ament_prefix_path.sh
[2.999s] -- Installing: /home/hoapham/ros2_ws/install/gui_msgs/share/gui_msgs/environment/ament_prefix_path.dsv
[2.999s] -- Installing: /home/hoapham/ros2_ws/install/gui_msgs/share/gui_msgs/environment/path.sh
[2.999s] -- Installing: /home/hoapham/ros2_ws/install/gui_msgs/share/gui_msgs/environment/path.dsv
[2.999s] -- Installing: /home/hoapham/ros2_ws/install/gui_msgs/share/gui_msgs/local_setup.bash
[2.999s] -- Installing: /home/hoapham/ros2_ws/install/gui_msgs/share/gui_msgs/local_setup.sh
[2.999s] -- Installing: /home/hoapham/ros2_ws/install/gui_msgs/share/gui_msgs/local_setup.zsh
[2.999s] -- Installing: /home/hoapham/ros2_ws/install/gui_msgs/share/gui_msgs/local_setup.dsv
[2.999s] -- Installing: /home/hoapham/ros2_ws/install/gui_msgs/share/gui_msgs/package.dsv
[3.000s] -- Installing: /home/hoapham/ros2_ws/install/gui_msgs/share/ament_index/resource_index/packages/gui_msgs
[3.000s] -- Installing: /home/hoapham/ros2_ws/install/gui_msgs/share/gui_msgs/cmake/export_gui_msgs__rosidl_generator_cExport.cmake
[3.000s] -- Installing: /home/hoapham/ros2_ws/install/gui_msgs/share/gui_msgs/cmake/export_gui_msgs__rosidl_generator_cExport-noconfig.cmake
[3.000s] -- Installing: /home/hoapham/ros2_ws/install/gui_msgs/share/gui_msgs/cmake/export_gui_msgs__rosidl_typesupport_fastrtps_cExport.cmake
[3.000s] -- Installing: /home/hoapham/ros2_ws/install/gui_msgs/share/gui_msgs/cmake/export_gui_msgs__rosidl_typesupport_fastrtps_cExport-noconfig.cmake
[3.000s] -- Installing: /home/hoapham/ros2_ws/install/gui_msgs/share/gui_msgs/cmake/export_gui_msgs__rosidl_generator_cppExport.cmake
[3.000s] -- Installing: /home/hoapham/ros2_ws/install/gui_msgs/share/gui_msgs/cmake/export_gui_msgs__rosidl_typesupport_fastrtps_cppExport.cmake
[3.000s] -- Installing: /home/hoapham/ros2_ws/install/gui_msgs/share/gui_msgs/cmake/export_gui_msgs__rosidl_typesupport_fastrtps_cppExport-noconfig.cmake
[3.000s] -- Installing: /home/hoapham/ros2_ws/install/gui_msgs/share/gui_msgs/cmake/gui_msgs__rosidl_typesupport_introspection_cExport.cmake
[3.000s] -- Installing: /home/hoapham/ros2_ws/install/gui_msgs/share/gui_msgs/cmake/gui_msgs__rosidl_typesupport_introspection_cExport-noconfig.cmake
[3.001s] -- Installing: /home/hoapham/ros2_ws/install/gui_msgs/share/gui_msgs/cmake/gui_msgs__rosidl_typesupport_cExport.cmake
[3.001s] -- Installing: /home/hoapham/ros2_ws/install/gui_msgs/share/gui_msgs/cmake/gui_msgs__rosidl_typesupport_cExport-noconfig.cmake
[3.001s] -- Installing: /home/hoapham/ros2_ws/install/gui_msgs/share/gui_msgs/cmake/gui_msgs__rosidl_typesupport_introspection_cppExport.cmake
[3.001s] -- Installing: /home/hoapham/ros2_ws/install/gui_msgs/share/gui_msgs/cmake/gui_msgs__rosidl_typesupport_introspection_cppExport-noconfig.cmake
[3.001s] -- Installing: /home/hoapham/ros2_ws/install/gui_msgs/share/gui_msgs/cmake/gui_msgs__rosidl_typesupport_cppExport.cmake
[3.001s] -- Installing: /home/hoapham/ros2_ws/install/gui_msgs/share/gui_msgs/cmake/gui_msgs__rosidl_typesupport_cppExport-noconfig.cmake
[3.001s] -- Installing: /home/hoapham/ros2_ws/install/gui_msgs/share/gui_msgs/cmake/export_gui_msgs__rosidl_generator_pyExport.cmake
[3.001s] -- Installing: /home/hoapham/ros2_ws/install/gui_msgs/share/gui_msgs/cmake/export_gui_msgs__rosidl_generator_pyExport-noconfig.cmake
[3.001s] -- Installing: /home/hoapham/ros2_ws/install/gui_msgs/share/gui_msgs/cmake/rosidl_cmake-extras.cmake
[3.001s] -- Installing: /home/hoapham/ros2_ws/install/gui_msgs/share/gui_msgs/cmake/ament_cmake_export_dependencies-extras.cmake
[3.002s] -- Installing: /home/hoapham/ros2_ws/install/gui_msgs/share/gui_msgs/cmake/ament_cmake_export_include_directories-extras.cmake
[3.002s] -- Installing: /home/hoapham/ros2_ws/install/gui_msgs/share/gui_msgs/cmake/ament_cmake_export_libraries-extras.cmake
[3.002s] -- Installing: /home/hoapham/ros2_ws/install/gui_msgs/share/gui_msgs/cmake/ament_cmake_export_targets-extras.cmake
[3.002s] -- Installing: /home/hoapham/ros2_ws/install/gui_msgs/share/gui_msgs/cmake/rosidl_cmake_export_typesupport_targets-extras.cmake
[3.002s] -- Installing: /home/hoapham/ros2_ws/install/gui_msgs/share/gui_msgs/cmake/rosidl_cmake_export_typesupport_libraries-extras.cmake
[3.002s] -- Installing: /home/hoapham/ros2_ws/install/gui_msgs/share/gui_msgs/cmake/gui_msgsConfig.cmake
[3.002s] -- Installing: /home/hoapham/ros2_ws/install/gui_msgs/share/gui_msgs/cmake/gui_msgsConfig-version.cmake
[3.002s] -- Installing: /home/hoapham/ros2_ws/install/gui_msgs/share/gui_msgs/package.xml
[3.005s] Invoked command in '/home/hoapham/ros2_ws/build/gui_msgs' returned '0': CMAKE_PREFIX_PATH=${CMAKE_PREFIX_PATH}:/opt/ros/humble /usr/bin/cmake --install /home/hoapham/ros2_ws/build/gui_msgs
