gmake[2]: *** Deleting file 'libur_msgs__rosidl_typesupport_introspection_cpp.so'
gmake[2]: *** [CMakeFiles/ur_msgs__rosidl_typesupport_fastrtps_c.dir/build.make:375: CMakeFiles/ur_msgs__rosidl_typesupport_fastrtps_c.dir/rosidl_typesupport_fastrtps_c/ur_msgs/srv/detail/set_speed_slider_fraction__type_support_c.cpp.o] Interrupt
gmake[2]: *** [CMakeFiles/ur_msgs__rosidl_typesupport_fastrtps_c.dir/build.make:389: CMakeFiles/ur_msgs__rosidl_typesupport_fastrtps_c.dir/rosidl_typesupport_fastrtps_c/ur_msgs/srv/detail/set_io__type_support_c.cpp.o] Interrupt
gmake[2]: *** [CMakeFiles/ur_msgs__rosidl_typesupport_fastrtps_c.dir/build.make:403: CMakeFiles/ur_msgs__rosidl_typesupport_fastrtps_c.dir/rosidl_typesupport_fastrtps_c/ur_msgs/srv/detail/get_robot_software_version__type_support_c.cpp.o] Interrupt
gmake[2]: *** [CMakeFiles/ur_msgs__rosidl_typesupport_fastrtps_c.dir/build.make:417: CMakeFiles/ur_msgs__rosidl_typesupport_fastrtps_c.dir/rosidl_typesupport_fastrtps_c/ur_msgs/srv/detail/set_force_mode__type_support_c.cpp.o] Interrupt
gmake[2]: *** [CMakeFiles/ur_msgs__rosidl_typesupport_fastrtps_cpp.dir/build.make:333: CMakeFiles/ur_msgs__rosidl_typesupport_fastrtps_cpp.dir/rosidl_typesupport_fastrtps_cpp/ur_msgs/msg/detail/dds_fastrtps/tool_data_msg__type_support.cpp.o] Interrupt
gmake[2]: *** [CMakeFiles/ur_msgs__rosidl_typesupport_fastrtps_cpp.dir/build.make:375: CMakeFiles/ur_msgs__rosidl_typesupport_fastrtps_cpp.dir/rosidl_typesupport_fastrtps_cpp/ur_msgs/srv/detail/dds_fastrtps/set_speed_slider_fraction__type_support.cpp.o] Interrupt
gmake[2]: *** [CMakeFiles/ur_msgs__rosidl_typesupport_fastrtps_cpp.dir/build.make:361: CMakeFiles/ur_msgs__rosidl_typesupport_fastrtps_cpp.dir/rosidl_typesupport_fastrtps_cpp/ur_msgs/srv/detail/dds_fastrtps/set_payload__type_support.cpp.o] Interrupt
gmake[2]: *** [CMakeFiles/ur_msgs__rosidl_typesupport_fastrtps_cpp.dir/build.make:403: CMakeFiles/ur_msgs__rosidl_typesupport_fastrtps_cpp.dir/rosidl_typesupport_fastrtps_cpp/ur_msgs/srv/detail/dds_fastrtps/get_robot_software_version__type_support.cpp.o] Interrupt
gmake[2]: *** [CMakeFiles/ur_msgs__rosidl_typesupport_fastrtps_c.dir/build.make:347: CMakeFiles/ur_msgs__rosidl_typesupport_fastrtps_c.dir/rosidl_typesupport_fastrtps_c/ur_msgs/srv/detail/set_analog_output__type_support_c.cpp.o] Interrupt
gmake[2]: *** [CMakeFiles/ur_msgs__rosidl_typesupport_cpp.dir/build.make:373: CMakeFiles/ur_msgs__rosidl_typesupport_cpp.dir/rosidl_typesupport_cpp/ur_msgs/srv/set_force_mode__type_support.cpp.o] Interrupt
gmake[2]: *** [CMakeFiles/ur_msgs__rosidl_typesupport_cpp.dir/build.make:387: CMakeFiles/ur_msgs__rosidl_typesupport_cpp.dir/rosidl_typesupport_cpp/ur_msgs/action/tool_contact__type_support.cpp.o] Interrupt
gmake[2]: *** [CMakeFiles/ur_msgs__rosidl_typesupport_fastrtps_c.dir/build.make:361: CMakeFiles/ur_msgs__rosidl_typesupport_fastrtps_c.dir/rosidl_typesupport_fastrtps_c/ur_msgs/srv/detail/set_payload__type_support_c.cpp.o] Interrupt
gmake[2]: *** [CMakeFiles/ur_msgs__rosidl_typesupport_fastrtps_cpp.dir/build.make:389: CMakeFiles/ur_msgs__rosidl_typesupport_fastrtps_cpp.dir/rosidl_typesupport_fastrtps_cpp/ur_msgs/srv/detail/dds_fastrtps/set_io__type_support.cpp.o] Interrupt
gmake[1]: *** [CMakeFiles/Makefile2:239: CMakeFiles/ur_msgs__rosidl_typesupport_fastrtps_c.dir/all] Interrupt
gmake[2]: *** [CMakeFiles/ur_msgs__rosidl_typesupport_fastrtps_cpp.dir/build.make:347: CMakeFiles/ur_msgs__rosidl_typesupport_fastrtps_cpp.dir/rosidl_typesupport_fastrtps_cpp/ur_msgs/srv/detail/dds_fastrtps/set_analog_output__type_support.cpp.o] Interrupt
gmake[2]: *** [CMakeFiles/ur_msgs__rosidl_typesupport_introspection_cpp.dir/build.make:487: libur_msgs__rosidl_typesupport_introspection_cpp.so] Interrupt
gmake[1]: *** [CMakeFiles/Makefile2:291: CMakeFiles/ur_msgs__rosidl_typesupport_fastrtps_cpp.dir/all] Interrupt
gmake[1]: *** [CMakeFiles/Makefile2:369: CMakeFiles/ur_msgs__rosidl_typesupport_introspection_cpp.dir/all] Interrupt
gmake[2]: *** [CMakeFiles/ur_msgs__rosidl_typesupport_introspection_c.dir/build.make:277: CMakeFiles/ur_msgs__rosidl_typesupport_introspection_c.dir/rosidl_typesupport_introspection_c/ur_msgs/msg/detail/io_states__type_support.c.o] Interrupt
gmake[1]: *** [CMakeFiles/Makefile2:317: CMakeFiles/ur_msgs__rosidl_typesupport_introspection_c.dir/all] Interrupt
gmake[1]: *** wait: No child processes.  Stop.
gmake[1]: *** Waiting for unfinished jobs....
gmake[1]: *** wait: No child processes.  Stop.
gmake: *** [Makefile:146: all] Error 2
