-- The C compiler identification is GNU 11.4.0
-- The CXX compiler identification is GNU 11.4.0
-- Detecting C compiler ABI info
-- Detecting C compiler ABI info - done
-- Check for working C compiler: /usr/bin/cc - skipped
-- Detecting C compile features
-- Detecting C compile features - done
-- Detecting CXX compiler ABI info
-- Detecting CXX compiler ABI info - done
-- Check for working CXX compiler: /usr/bin/c++ - skipped
-- Detecting CXX compile features
-- Detecting CXX compile features - done
-- Found ament_cmake: 1.3.11 (/opt/ros/humble/share/ament_cmake/cmake)
-- Found Python3: /usr/bin/python3 (found version "3.10.12") found components: Interpreter 
-- Found builtin_interfaces: 1.2.1 (/opt/ros/humble/share/builtin_interfaces/cmake)
-- Found rosidl_generator_c: 3.1.6 (/opt/ros/humble/share/rosidl_generator_c/cmake)
-- Found rosidl_adapter: 3.1.6 (/opt/ros/humble/share/rosidl_adapter/cmake)
-- Found rosidl_generator_cpp: 3.1.6 (/opt/ros/humble/share/rosidl_generator_cpp/cmake)
-- Using all available rosidl_typesupport_c: rosidl_typesupport_fastrtps_c;rosidl_typesupport_introspection_c
-- Using all available rosidl_typesupport_cpp: rosidl_typesupport_fastrtps_cpp;rosidl_typesupport_introspection_cpp
-- Found rosidl_default_generators: 1.2.0 (/opt/ros/humble/share/rosidl_default_generators/cmake)
-- Found geometry_msgs: 4.8.0 (/opt/ros/humble/share/geometry_msgs/cmake)
-- Found ament_lint_auto: 0.12.12 (/opt/ros/humble/share/ament_lint_auto/cmake)
-- Found ament_cmake_ros: 0.10.0 (/opt/ros/humble/share/ament_cmake_ros/cmake)
-- Using all available rosidl_typesupport_c: rosidl_typesupport_fastrtps_c;rosidl_typesupport_introspection_c
-- Using all available rosidl_typesupport_cpp: rosidl_typesupport_fastrtps_cpp;rosidl_typesupport_introspection_cpp
-- Found PythonInterp: /usr/bin/python3 (found suitable version "3.10.12", minimum required is "3.6") 
-- Found python_cmake_module: 0.10.0 (/opt/ros/humble/share/python_cmake_module/cmake)
-- Found PythonLibs: /usr/lib/x86_64-linux-gnu/libpython3.10.so (found suitable version "3.10.12", minimum required is "3.5") 
-- Using PYTHON_EXECUTABLE: /usr/bin/python3
-- Using PYTHON_INCLUDE_DIRS: /usr/include/python3.10
-- Using PYTHON_LIBRARIES: /usr/lib/x86_64-linux-gnu/libpython3.10.so
-- Found PythonExtra: .so  
-- Added test 'copyright' to check source files copyright and LICENSE
-- Added test 'lint_cmake' to check CMake code style
-- Added test 'xmllint' to check XML markup files
-- Configuring done
-- Generating done
-- Build files have been written to: /home/hoapham/ur_ws/build/ur_msgs
[  1%] [34m[1mGenerating C code for ROS interfaces[0m
[  1%] [34m[1mGenerating C++ code for ROS interfaces[0m
[  1%] Built target ament_cmake_python_copy_ur_msgs
running egg_info
creating ur_msgs.egg-info
writing ur_msgs.egg-info/PKG-INFO
writing dependency_links to ur_msgs.egg-info/dependency_links.txt
writing top-level names to ur_msgs.egg-info/top_level.txt
writing manifest file 'ur_msgs.egg-info/SOURCES.txt'
reading manifest file 'ur_msgs.egg-info/SOURCES.txt'
writing manifest file 'ur_msgs.egg-info/SOURCES.txt'
[  1%] Built target ament_cmake_python_build_ur_msgs_egg
[  1%] Built target ur_msgs__cpp
[  3%] [34m[1mGenerating C++ type support dispatch for ROS interfaces[0m
[  3%] [34m[1mGenerating C++ type support for eProsima Fast-RTPS[0m
[  3%] [34m[1mGenerating C++ introspection for ROS interfaces[0m
[  3%] [32mBuilding C object CMakeFiles/ur_msgs__rosidl_generator_c.dir/rosidl_generator_c/ur_msgs/msg/detail/analog__functions.c.o[0m
[  4%] [32mBuilding C object CMakeFiles/ur_msgs__rosidl_generator_c.dir/rosidl_generator_c/ur_msgs/msg/detail/io_states__functions.c.o[0m
[  5%] [32mBuilding C object CMakeFiles/ur_msgs__rosidl_generator_c.dir/rosidl_generator_c/ur_msgs/msg/detail/digital__functions.c.o[0m
[  6%] [32mBuilding C object CMakeFiles/ur_msgs__rosidl_generator_c.dir/rosidl_generator_c/ur_msgs/msg/detail/robot_state_rt_msg__functions.c.o[0m
[  7%] [32mBuilding C object CMakeFiles/ur_msgs__rosidl_generator_c.dir/rosidl_generator_c/ur_msgs/srv/detail/set_analog_output__functions.c.o[0m
[  7%] [32mBuilding C object CMakeFiles/ur_msgs__rosidl_generator_c.dir/rosidl_generator_c/ur_msgs/msg/detail/masterboard_data_msg__functions.c.o[0m
[  8%] [32mBuilding C object CMakeFiles/ur_msgs__rosidl_generator_c.dir/rosidl_generator_c/ur_msgs/msg/detail/robot_mode_data_msg__functions.c.o[0m
[  9%] [32mBuilding C object CMakeFiles/ur_msgs__rosidl_generator_c.dir/rosidl_generator_c/ur_msgs/msg/detail/tool_data_msg__functions.c.o[0m
[  9%] [32mBuilding C object CMakeFiles/ur_msgs__rosidl_generator_c.dir/rosidl_generator_c/ur_msgs/srv/detail/set_payload__functions.c.o[0m
[ 10%] [32mBuilding C object CMakeFiles/ur_msgs__rosidl_generator_c.dir/rosidl_generator_c/ur_msgs/srv/detail/get_robot_software_version__functions.c.o[0m
[ 11%] [32mBuilding C object CMakeFiles/ur_msgs__rosidl_generator_c.dir/rosidl_generator_c/ur_msgs/srv/detail/set_speed_slider_fraction__functions.c.o[0m
[ 12%] [32mBuilding C object CMakeFiles/ur_msgs__rosidl_generator_c.dir/rosidl_generator_c/ur_msgs/srv/detail/set_io__functions.c.o[0m
[ 12%] [32mBuilding C object CMakeFiles/ur_msgs__rosidl_generator_c.dir/rosidl_generator_c/ur_msgs/srv/detail/set_force_mode__functions.c.o[0m
[ 13%] [32mBuilding C object CMakeFiles/ur_msgs__rosidl_generator_c.dir/rosidl_generator_c/ur_msgs/action/detail/tool_contact__functions.c.o[0m
[ 14%] [32m[1mLinking C shared library libur_msgs__rosidl_generator_c.so[0m
[ 14%] Built target ur_msgs__rosidl_generator_c
[ 16%] [34m[1mGenerating C type support for eProsima Fast-RTPS[0m
[ 17%] [34m[1mGenerating C introspection for ROS interfaces[0m
[ 17%] [34m[1mGenerating C type support dispatch for ROS interfaces[0m
[ 18%] [32mBuilding CXX object CMakeFiles/ur_msgs__rosidl_typesupport_introspection_cpp.dir/rosidl_typesupport_introspection_cpp/ur_msgs/msg/detail/analog__type_support.cpp.o[0m
[ 19%] [32mBuilding CXX object CMakeFiles/ur_msgs__rosidl_typesupport_introspection_cpp.dir/rosidl_typesupport_introspection_cpp/ur_msgs/msg/detail/io_states__type_support.cpp.o[0m
[ 20%] [32mBuilding CXX object CMakeFiles/ur_msgs__rosidl_typesupport_introspection_cpp.dir/rosidl_typesupport_introspection_cpp/ur_msgs/msg/detail/masterboard_data_msg__type_support.cpp.o[0m
[ 21%] [32mBuilding CXX object CMakeFiles/ur_msgs__rosidl_typesupport_introspection_cpp.dir/rosidl_typesupport_introspection_cpp/ur_msgs/msg/detail/digital__type_support.cpp.o[0m
[ 21%] [32mBuilding CXX object CMakeFiles/ur_msgs__rosidl_typesupport_introspection_cpp.dir/rosidl_typesupport_introspection_cpp/ur_msgs/msg/detail/robot_state_rt_msg__type_support.cpp.o[0m
[ 22%] [32mBuilding CXX object CMakeFiles/ur_msgs__rosidl_typesupport_introspection_cpp.dir/rosidl_typesupport_introspection_cpp/ur_msgs/msg/detail/robot_mode_data_msg__type_support.cpp.o[0m
[ 22%] [32mBuilding CXX object CMakeFiles/ur_msgs__rosidl_typesupport_introspection_cpp.dir/rosidl_typesupport_introspection_cpp/ur_msgs/srv/detail/set_analog_output__type_support.cpp.o[0m
[ 23%] [32mBuilding CXX object CMakeFiles/ur_msgs__rosidl_typesupport_introspection_cpp.dir/rosidl_typesupport_introspection_cpp/ur_msgs/msg/detail/tool_data_msg__type_support.cpp.o[0m
[ 24%] [32mBuilding CXX object CMakeFiles/ur_msgs__rosidl_typesupport_introspection_cpp.dir/rosidl_typesupport_introspection_cpp/ur_msgs/srv/detail/set_payload__type_support.cpp.o[0m
[ 25%] [32mBuilding CXX object CMakeFiles/ur_msgs__rosidl_typesupport_introspection_cpp.dir/rosidl_typesupport_introspection_cpp/ur_msgs/srv/detail/set_speed_slider_fraction__type_support.cpp.o[0m
[ 26%] [32mBuilding CXX object CMakeFiles/ur_msgs__rosidl_typesupport_introspection_cpp.dir/rosidl_typesupport_introspection_cpp/ur_msgs/srv/detail/set_io__type_support.cpp.o[0m
[ 27%] [32mBuilding CXX object CMakeFiles/ur_msgs__rosidl_typesupport_cpp.dir/rosidl_typesupport_cpp/ur_msgs/msg/analog__type_support.cpp.o[0m
[ 27%] [32mBuilding CXX object CMakeFiles/ur_msgs__rosidl_typesupport_c.dir/rosidl_typesupport_c/ur_msgs/msg/analog__type_support.cpp.o[0m
[ 28%] [32mBuilding CXX object CMakeFiles/ur_msgs__rosidl_typesupport_c.dir/rosidl_typesupport_c/ur_msgs/msg/digital__type_support.cpp.o[0m
[ 29%] [32mBuilding CXX object CMakeFiles/ur_msgs__rosidl_typesupport_c.dir/rosidl_typesupport_c/ur_msgs/msg/io_states__type_support.cpp.o[0m
[ 30%] [32mBuilding CXX object CMakeFiles/ur_msgs__rosidl_typesupport_c.dir/rosidl_typesupport_c/ur_msgs/msg/robot_state_rt_msg__type_support.cpp.o[0m
[ 30%] [32mBuilding CXX object CMakeFiles/ur_msgs__rosidl_typesupport_c.dir/rosidl_typesupport_c/ur_msgs/msg/masterboard_data_msg__type_support.cpp.o[0m
[ 30%] [32mBuilding CXX object CMakeFiles/ur_msgs__rosidl_typesupport_introspection_cpp.dir/rosidl_typesupport_introspection_cpp/ur_msgs/srv/detail/get_robot_software_version__type_support.cpp.o[0m
[ 31%] [32mBuilding CXX object CMakeFiles/ur_msgs__rosidl_typesupport_introspection_cpp.dir/rosidl_typesupport_introspection_cpp/ur_msgs/srv/detail/set_force_mode__type_support.cpp.o[0m
[ 32%] [32mBuilding CXX object CMakeFiles/ur_msgs__rosidl_typesupport_c.dir/rosidl_typesupport_c/ur_msgs/msg/robot_mode_data_msg__type_support.cpp.o[0m
[ 33%] [32mBuilding CXX object CMakeFiles/ur_msgs__rosidl_typesupport_c.dir/rosidl_typesupport_c/ur_msgs/msg/tool_data_msg__type_support.cpp.o[0m
[ 34%] [32mBuilding CXX object CMakeFiles/ur_msgs__rosidl_typesupport_cpp.dir/rosidl_typesupport_cpp/ur_msgs/msg/digital__type_support.cpp.o[0m
[ 34%] [32mBuilding CXX object CMakeFiles/ur_msgs__rosidl_typesupport_cpp.dir/rosidl_typesupport_cpp/ur_msgs/msg/io_states__type_support.cpp.o[0m
[ 35%] [32mBuilding CXX object CMakeFiles/ur_msgs__rosidl_typesupport_cpp.dir/rosidl_typesupport_cpp/ur_msgs/msg/robot_state_rt_msg__type_support.cpp.o[0m
[ 36%] [32mBuilding CXX object CMakeFiles/ur_msgs__rosidl_typesupport_c.dir/rosidl_typesupport_c/ur_msgs/srv/set_analog_output__type_support.cpp.o[0m
[ 37%] [32mBuilding CXX object CMakeFiles/ur_msgs__rosidl_typesupport_introspection_cpp.dir/rosidl_typesupport_introspection_cpp/ur_msgs/action/detail/tool_contact__type_support.cpp.o[0m
[ 38%] [32mBuilding CXX object CMakeFiles/ur_msgs__rosidl_typesupport_fastrtps_cpp.dir/rosidl_typesupport_fastrtps_cpp/ur_msgs/msg/detail/dds_fastrtps/analog__type_support.cpp.o[0m
[ 38%] [32mBuilding CXX object CMakeFiles/ur_msgs__rosidl_typesupport_c.dir/rosidl_typesupport_c/ur_msgs/srv/set_payload__type_support.cpp.o[0m
[ 39%] [32mBuilding CXX object CMakeFiles/ur_msgs__rosidl_typesupport_c.dir/rosidl_typesupport_c/ur_msgs/srv/set_speed_slider_fraction__type_support.cpp.o[0m
[ 40%] [32mBuilding CXX object CMakeFiles/ur_msgs__rosidl_typesupport_fastrtps_cpp.dir/rosidl_typesupport_fastrtps_cpp/ur_msgs/msg/detail/dds_fastrtps/digital__type_support.cpp.o[0m
[ 41%] [32mBuilding CXX object CMakeFiles/ur_msgs__rosidl_typesupport_cpp.dir/rosidl_typesupport_cpp/ur_msgs/msg/masterboard_data_msg__type_support.cpp.o[0m
[ 41%] [32mBuilding CXX object CMakeFiles/ur_msgs__rosidl_typesupport_fastrtps_cpp.dir/rosidl_typesupport_fastrtps_cpp/ur_msgs/msg/detail/dds_fastrtps/io_states__type_support.cpp.o[0m
[ 42%] [32mBuilding CXX object CMakeFiles/ur_msgs__rosidl_typesupport_c.dir/rosidl_typesupport_c/ur_msgs/srv/set_io__type_support.cpp.o[0m
[ 43%] [32mBuilding CXX object CMakeFiles/ur_msgs__rosidl_typesupport_fastrtps_c.dir/rosidl_typesupport_fastrtps_c/ur_msgs/msg/detail/analog__type_support_c.cpp.o[0m
[ 44%] [32mBuilding CXX object CMakeFiles/ur_msgs__rosidl_typesupport_fastrtps_cpp.dir/rosidl_typesupport_fastrtps_cpp/ur_msgs/msg/detail/dds_fastrtps/robot_state_rt_msg__type_support.cpp.o[0m
[ 45%] [32mBuilding CXX object CMakeFiles/ur_msgs__rosidl_typesupport_c.dir/rosidl_typesupport_c/ur_msgs/srv/get_robot_software_version__type_support.cpp.o[0m
[ 45%] [32mBuilding CXX object CMakeFiles/ur_msgs__rosidl_typesupport_fastrtps_c.dir/rosidl_typesupport_fastrtps_c/ur_msgs/msg/detail/digital__type_support_c.cpp.o[0m
[ 45%] [32mBuilding CXX object CMakeFiles/ur_msgs__rosidl_typesupport_cpp.dir/rosidl_typesupport_cpp/ur_msgs/msg/robot_mode_data_msg__type_support.cpp.o[0m
[ 45%] [32mBuilding CXX object CMakeFiles/ur_msgs__rosidl_typesupport_c.dir/rosidl_typesupport_c/ur_msgs/srv/set_force_mode__type_support.cpp.o[0m
[ 46%] [32mBuilding CXX object CMakeFiles/ur_msgs__rosidl_typesupport_fastrtps_c.dir/rosidl_typesupport_fastrtps_c/ur_msgs/msg/detail/io_states__type_support_c.cpp.o[0m
[ 47%] [32mBuilding CXX object CMakeFiles/ur_msgs__rosidl_typesupport_fastrtps_cpp.dir/rosidl_typesupport_fastrtps_cpp/ur_msgs/msg/detail/dds_fastrtps/masterboard_data_msg__type_support.cpp.o[0m
[ 48%] [32mBuilding CXX object CMakeFiles/ur_msgs__rosidl_typesupport_c.dir/rosidl_typesupport_c/ur_msgs/action/tool_contact__type_support.cpp.o[0m
[ 49%] [32m[1mLinking CXX shared library libur_msgs__rosidl_typesupport_c.so[0m
[ 50%] [32mBuilding CXX object CMakeFiles/ur_msgs__rosidl_typesupport_fastrtps_c.dir/rosidl_typesupport_fastrtps_c/ur_msgs/msg/detail/robot_state_rt_msg__type_support_c.cpp.o[0m
[ 51%] [32mBuilding CXX object CMakeFiles/ur_msgs__rosidl_typesupport_fastrtps_cpp.dir/rosidl_typesupport_fastrtps_cpp/ur_msgs/msg/detail/dds_fastrtps/robot_mode_data_msg__type_support.cpp.o[0m
[ 52%] [32mBuilding CXX object CMakeFiles/ur_msgs__rosidl_typesupport_fastrtps_c.dir/rosidl_typesupport_fastrtps_c/ur_msgs/msg/detail/masterboard_data_msg__type_support_c.cpp.o[0m
[ 52%] Built target ur_msgs__rosidl_typesupport_c
[ 52%] [32mBuilding CXX object CMakeFiles/ur_msgs__rosidl_typesupport_fastrtps_c.dir/rosidl_typesupport_fastrtps_c/ur_msgs/msg/detail/robot_mode_data_msg__type_support_c.cpp.o[0m
[ 53%] [32mBuilding CXX object CMakeFiles/ur_msgs__rosidl_typesupport_cpp.dir/rosidl_typesupport_cpp/ur_msgs/msg/tool_data_msg__type_support.cpp.o[0m
[ 54%] [32mBuilding CXX object CMakeFiles/ur_msgs__rosidl_typesupport_cpp.dir/rosidl_typesupport_cpp/ur_msgs/srv/set_payload__type_support.cpp.o[0m
[ 55%] [32mBuilding CXX object CMakeFiles/ur_msgs__rosidl_typesupport_cpp.dir/rosidl_typesupport_cpp/ur_msgs/srv/set_analog_output__type_support.cpp.o[0m
[ 55%] [32mBuilding CXX object CMakeFiles/ur_msgs__rosidl_typesupport_cpp.dir/rosidl_typesupport_cpp/ur_msgs/srv/set_speed_slider_fraction__type_support.cpp.o[0m
[ 56%] [32mBuilding CXX object CMakeFiles/ur_msgs__rosidl_typesupport_fastrtps_c.dir/rosidl_typesupport_fastrtps_c/ur_msgs/msg/detail/tool_data_msg__type_support_c.cpp.o[0m
[ 57%] [32mBuilding CXX object CMakeFiles/ur_msgs__rosidl_typesupport_cpp.dir/rosidl_typesupport_cpp/ur_msgs/srv/set_io__type_support.cpp.o[0m
[ 58%] [32mBuilding CXX object CMakeFiles/ur_msgs__rosidl_typesupport_cpp.dir/rosidl_typesupport_cpp/ur_msgs/srv/get_robot_software_version__type_support.cpp.o[0m
[ 58%] [32mBuilding CXX object CMakeFiles/ur_msgs__rosidl_typesupport_fastrtps_cpp.dir/rosidl_typesupport_fastrtps_cpp/ur_msgs/msg/detail/dds_fastrtps/tool_data_msg__type_support.cpp.o[0m
[ 59%] [32mBuilding CXX object CMakeFiles/ur_msgs__rosidl_typesupport_fastrtps_c.dir/rosidl_typesupport_fastrtps_c/ur_msgs/srv/detail/set_analog_output__type_support_c.cpp.o[0m
[ 60%] [32mBuilding CXX object CMakeFiles/ur_msgs__rosidl_typesupport_cpp.dir/rosidl_typesupport_cpp/ur_msgs/srv/set_force_mode__type_support.cpp.o[0m
[ 61%] [32mBuilding CXX object CMakeFiles/ur_msgs__rosidl_typesupport_fastrtps_c.dir/rosidl_typesupport_fastrtps_c/ur_msgs/srv/detail/set_payload__type_support_c.cpp.o[0m
[ 61%] [32mBuilding CXX object CMakeFiles/ur_msgs__rosidl_typesupport_cpp.dir/rosidl_typesupport_cpp/ur_msgs/action/tool_contact__type_support.cpp.o[0m
[ 62%] [32mBuilding CXX object CMakeFiles/ur_msgs__rosidl_typesupport_fastrtps_cpp.dir/rosidl_typesupport_fastrtps_cpp/ur_msgs/srv/detail/dds_fastrtps/set_analog_output__type_support.cpp.o[0m
[ 62%] [32mBuilding CXX object CMakeFiles/ur_msgs__rosidl_typesupport_fastrtps_c.dir/rosidl_typesupport_fastrtps_c/ur_msgs/srv/detail/set_speed_slider_fraction__type_support_c.cpp.o[0m
[ 63%] [32mBuilding CXX object CMakeFiles/ur_msgs__rosidl_typesupport_fastrtps_cpp.dir/rosidl_typesupport_fastrtps_cpp/ur_msgs/srv/detail/dds_fastrtps/set_payload__type_support.cpp.o[0m
[ 64%] [32mBuilding CXX object CMakeFiles/ur_msgs__rosidl_typesupport_fastrtps_cpp.dir/rosidl_typesupport_fastrtps_cpp/ur_msgs/srv/detail/dds_fastrtps/set_speed_slider_fraction__type_support.cpp.o[0m
[ 65%] [32mBuilding C object CMakeFiles/ur_msgs__rosidl_typesupport_introspection_c.dir/rosidl_typesupport_introspection_c/ur_msgs/msg/detail/analog__type_support.c.o[0m
[ 66%] [32m[1mLinking CXX shared library libur_msgs__rosidl_typesupport_introspection_cpp.so[0m
[ 67%] [32mBuilding C object CMakeFiles/ur_msgs__rosidl_typesupport_introspection_c.dir/rosidl_typesupport_introspection_c/ur_msgs/msg/detail/digital__type_support.c.o[0m
[ 68%] [32mBuilding CXX object CMakeFiles/ur_msgs__rosidl_typesupport_fastrtps_c.dir/rosidl_typesupport_fastrtps_c/ur_msgs/srv/detail/set_io__type_support_c.cpp.o[0m
[ 68%] [32mBuilding CXX object CMakeFiles/ur_msgs__rosidl_typesupport_fastrtps_cpp.dir/rosidl_typesupport_fastrtps_cpp/ur_msgs/srv/detail/dds_fastrtps/set_io__type_support.cpp.o[0m
[ 69%] [32mBuilding CXX object CMakeFiles/ur_msgs__rosidl_typesupport_fastrtps_cpp.dir/rosidl_typesupport_fastrtps_cpp/ur_msgs/srv/detail/dds_fastrtps/get_robot_software_version__type_support.cpp.o[0m
[ 70%] [32mBuilding CXX object CMakeFiles/ur_msgs__rosidl_typesupport_fastrtps_c.dir/rosidl_typesupport_fastrtps_c/ur_msgs/srv/detail/get_robot_software_version__type_support_c.cpp.o[0m
[ 70%] [32mBuilding C object CMakeFiles/ur_msgs__rosidl_typesupport_introspection_c.dir/rosidl_typesupport_introspection_c/ur_msgs/msg/detail/io_states__type_support.c.o[0m
[ 71%] [32mBuilding CXX object CMakeFiles/ur_msgs__rosidl_typesupport_fastrtps_c.dir/rosidl_typesupport_fastrtps_c/ur_msgs/srv/detail/set_force_mode__type_support_c.cpp.o[0m
