[0.014s] Invoking command in '/home/hoapham/ur_ws/build/ur_msgs': CMAKE_PREFIX_PATH=/opt/ros/humble /usr/bin/cmake /home/hoapham/ur_ws/src/ur_msgs -DCMAKE_INSTALL_PREFIX=/home/hoapham/ur_ws/install/ur_msgs
[0.078s] -- The C compiler identification is GNU 11.4.0
[0.117s] -- The CXX compiler identification is GNU 11.4.0
[0.124s] -- Detecting C compiler ABI info
[0.174s] -- Detecting C compiler ABI info - done
[0.179s] -- Check for working C compiler: /usr/bin/cc - skipped
[0.179s] -- Detecting C compile features
[0.179s] -- Detecting C compile features - done
[0.181s] -- Detecting CXX compiler ABI info
[0.238s] -- Detecting CXX compiler ABI info - done
[0.245s] -- Check for working CXX compiler: /usr/bin/c++ - skipped
[0.245s] -- Detecting CXX compile features
[0.245s] -- Detecting CXX compile features - done
[0.247s] -- Found ament_cmake: 1.3.11 (/opt/ros/humble/share/ament_cmake/cmake)
[0.344s] -- Found Python3: /usr/bin/python3 (found version "3.10.12") found components: Interpreter 
[0.416s] -- Found builtin_interfaces: 1.2.1 (/opt/ros/humble/share/builtin_interfaces/cmake)
[0.441s] -- Found rosidl_generator_c: 3.1.6 (/opt/ros/humble/share/rosidl_generator_c/cmake)
[0.445s] -- Found rosidl_adapter: 3.1.6 (/opt/ros/humble/share/rosidl_adapter/cmake)
[0.451s] -- Found rosidl_generator_cpp: 3.1.6 (/opt/ros/humble/share/rosidl_generator_cpp/cmake)
[0.460s] -- Using all available rosidl_typesupport_c: rosidl_typesupport_fastrtps_c;rosidl_typesupport_introspection_c
[0.470s] -- Using all available rosidl_typesupport_cpp: rosidl_typesupport_fastrtps_cpp;rosidl_typesupport_introspection_cpp
[0.479s] -- Found rosidl_default_generators: 1.2.0 (/opt/ros/humble/share/rosidl_default_generators/cmake)
[0.485s] -- Found geometry_msgs: 4.8.0 (/opt/ros/humble/share/geometry_msgs/cmake)
[0.509s] -- Found ament_lint_auto: 0.12.12 (/opt/ros/humble/share/ament_lint_auto/cmake)
[0.794s] -- Found ament_cmake_ros: 0.10.0 (/opt/ros/humble/share/ament_cmake_ros/cmake)
[1.066s] -- Using all available rosidl_typesupport_c: rosidl_typesupport_fastrtps_c;rosidl_typesupport_introspection_c
[1.171s] -- Using all available rosidl_typesupport_cpp: rosidl_typesupport_fastrtps_cpp;rosidl_typesupport_introspection_cpp
[1.188s] -- Found PythonInterp: /usr/bin/python3 (found suitable version "3.10.12", minimum required is "3.6") 
[1.189s] -- Found python_cmake_module: 0.10.0 (/opt/ros/humble/share/python_cmake_module/cmake)
[1.207s] -- Found PythonLibs: /usr/lib/x86_64-linux-gnu/libpython3.10.so (found suitable version "3.10.12", minimum required is "3.5") 
[1.207s] -- Using PYTHON_EXECUTABLE: /usr/bin/python3
[1.207s] -- Using PYTHON_INCLUDE_DIRS: /usr/include/python3.10
[1.207s] -- Using PYTHON_LIBRARIES: /usr/lib/x86_64-linux-gnu/libpython3.10.so
[1.222s] -- Found PythonExtra: .so  
[1.264s] -- Added test 'copyright' to check source files copyright and LICENSE
[1.270s] -- Added test 'lint_cmake' to check CMake code style
[1.274s] -- Added test 'xmllint' to check XML markup files
[1.278s] -- Configuring done
[1.316s] -- Generating done
[1.325s] -- Build files have been written to: /home/hoapham/ur_ws/build/ur_msgs
[1.336s] Invoked command in '/home/hoapham/ur_ws/build/ur_msgs' returned '0': CMAKE_PREFIX_PATH=/opt/ros/humble /usr/bin/cmake /home/hoapham/ur_ws/src/ur_msgs -DCMAKE_INSTALL_PREFIX=/home/hoapham/ur_ws/install/ur_msgs
[1.337s] Invoking command in '/home/hoapham/ur_ws/build/ur_msgs': CMAKE_PREFIX_PATH=/opt/ros/humble /usr/bin/cmake --build /home/hoapham/ur_ws/build/ur_msgs -- -j16 -l16
[1.369s] [  1%] [34m[1mGenerating C code for ROS interfaces[0m
[1.378s] [  1%] [34m[1mGenerating C++ code for ROS interfaces[0m
[1.386s] [  1%] Built target ament_cmake_python_copy_ur_msgs
[1.543s] running egg_info
[1.543s] creating ur_msgs.egg-info
[1.544s] writing ur_msgs.egg-info/PKG-INFO
[1.544s] writing dependency_links to ur_msgs.egg-info/dependency_links.txt
[1.544s] writing top-level names to ur_msgs.egg-info/top_level.txt
[1.544s] writing manifest file 'ur_msgs.egg-info/SOURCES.txt'
[1.545s] reading manifest file 'ur_msgs.egg-info/SOURCES.txt'
[1.545s] writing manifest file 'ur_msgs.egg-info/SOURCES.txt'
[1.566s] [  1%] Built target ament_cmake_python_build_ur_msgs_egg
[2.649s] [  1%] Built target ur_msgs__cpp
[2.660s] [  3%] [34m[1mGenerating C++ type support dispatch for ROS interfaces[0m
[2.660s] [  3%] [34m[1mGenerating C++ type support for eProsima Fast-RTPS[0m
[2.661s] [  3%] [34m[1mGenerating C++ introspection for ROS interfaces[0m
[2.661s] [  3%] [32mBuilding C object CMakeFiles/ur_msgs__rosidl_generator_c.dir/rosidl_generator_c/ur_msgs/msg/detail/analog__functions.c.o[0m
[2.662s] [  4%] [32mBuilding C object CMakeFiles/ur_msgs__rosidl_generator_c.dir/rosidl_generator_c/ur_msgs/msg/detail/io_states__functions.c.o[0m
[2.665s] [  5%] [32mBuilding C object CMakeFiles/ur_msgs__rosidl_generator_c.dir/rosidl_generator_c/ur_msgs/msg/detail/digital__functions.c.o[0m
[2.666s] [  6%] [32mBuilding C object CMakeFiles/ur_msgs__rosidl_generator_c.dir/rosidl_generator_c/ur_msgs/msg/detail/robot_state_rt_msg__functions.c.o[0m
[2.669s] [  7%] [32mBuilding C object CMakeFiles/ur_msgs__rosidl_generator_c.dir/rosidl_generator_c/ur_msgs/srv/detail/set_analog_output__functions.c.o[0m
[2.670s] [  7%] [32mBuilding C object CMakeFiles/ur_msgs__rosidl_generator_c.dir/rosidl_generator_c/ur_msgs/msg/detail/masterboard_data_msg__functions.c.o[0m
[2.675s] [  8%] [32mBuilding C object CMakeFiles/ur_msgs__rosidl_generator_c.dir/rosidl_generator_c/ur_msgs/msg/detail/robot_mode_data_msg__functions.c.o[0m
[2.682s] [  9%] [32mBuilding C object CMakeFiles/ur_msgs__rosidl_generator_c.dir/rosidl_generator_c/ur_msgs/msg/detail/tool_data_msg__functions.c.o[0m
[2.685s] [  9%] [32mBuilding C object CMakeFiles/ur_msgs__rosidl_generator_c.dir/rosidl_generator_c/ur_msgs/srv/detail/set_payload__functions.c.o[0m
[2.710s] [ 10%] [32mBuilding C object CMakeFiles/ur_msgs__rosidl_generator_c.dir/rosidl_generator_c/ur_msgs/srv/detail/get_robot_software_version__functions.c.o[0m
[2.716s] [ 11%] [32mBuilding C object CMakeFiles/ur_msgs__rosidl_generator_c.dir/rosidl_generator_c/ur_msgs/srv/detail/set_speed_slider_fraction__functions.c.o[0m
[2.716s] [ 12%] [32mBuilding C object CMakeFiles/ur_msgs__rosidl_generator_c.dir/rosidl_generator_c/ur_msgs/srv/detail/set_io__functions.c.o[0m
[2.716s] [ 12%] [32mBuilding C object CMakeFiles/ur_msgs__rosidl_generator_c.dir/rosidl_generator_c/ur_msgs/srv/detail/set_force_mode__functions.c.o[0m
[2.762s] [ 13%] [32mBuilding C object CMakeFiles/ur_msgs__rosidl_generator_c.dir/rosidl_generator_c/ur_msgs/action/detail/tool_contact__functions.c.o[0m
[2.884s] [ 14%] [32m[1mLinking C shared library libur_msgs__rosidl_generator_c.so[0m
[2.930s] [ 14%] Built target ur_msgs__rosidl_generator_c
[2.942s] [ 16%] [34m[1mGenerating C type support for eProsima Fast-RTPS[0m
[2.942s] [ 17%] [34m[1mGenerating C introspection for ROS interfaces[0m
[2.942s] [ 17%] [34m[1mGenerating C type support dispatch for ROS interfaces[0m
[4.595s] [ 18%] [32mBuilding CXX object CMakeFiles/ur_msgs__rosidl_typesupport_introspection_cpp.dir/rosidl_typesupport_introspection_cpp/ur_msgs/msg/detail/analog__type_support.cpp.o[0m
[4.604s] [ 19%] [32mBuilding CXX object CMakeFiles/ur_msgs__rosidl_typesupport_introspection_cpp.dir/rosidl_typesupport_introspection_cpp/ur_msgs/msg/detail/io_states__type_support.cpp.o[0m
[4.614s] [ 20%] [32mBuilding CXX object CMakeFiles/ur_msgs__rosidl_typesupport_introspection_cpp.dir/rosidl_typesupport_introspection_cpp/ur_msgs/msg/detail/masterboard_data_msg__type_support.cpp.o[0m
[4.614s] [ 21%] [32mBuilding CXX object CMakeFiles/ur_msgs__rosidl_typesupport_introspection_cpp.dir/rosidl_typesupport_introspection_cpp/ur_msgs/msg/detail/digital__type_support.cpp.o[0m
[4.614s] [ 21%] [32mBuilding CXX object CMakeFiles/ur_msgs__rosidl_typesupport_introspection_cpp.dir/rosidl_typesupport_introspection_cpp/ur_msgs/msg/detail/robot_state_rt_msg__type_support.cpp.o[0m
[4.614s] [ 22%] [32mBuilding CXX object CMakeFiles/ur_msgs__rosidl_typesupport_introspection_cpp.dir/rosidl_typesupport_introspection_cpp/ur_msgs/msg/detail/robot_mode_data_msg__type_support.cpp.o[0m
[4.619s] [ 22%] [32mBuilding CXX object CMakeFiles/ur_msgs__rosidl_typesupport_introspection_cpp.dir/rosidl_typesupport_introspection_cpp/ur_msgs/srv/detail/set_analog_output__type_support.cpp.o[0m
[4.623s] [ 23%] [32mBuilding CXX object CMakeFiles/ur_msgs__rosidl_typesupport_introspection_cpp.dir/rosidl_typesupport_introspection_cpp/ur_msgs/msg/detail/tool_data_msg__type_support.cpp.o[0m
[4.658s] [ 24%] [32mBuilding CXX object CMakeFiles/ur_msgs__rosidl_typesupport_introspection_cpp.dir/rosidl_typesupport_introspection_cpp/ur_msgs/srv/detail/set_payload__type_support.cpp.o[0m
[4.664s] [ 25%] [32mBuilding CXX object CMakeFiles/ur_msgs__rosidl_typesupport_introspection_cpp.dir/rosidl_typesupport_introspection_cpp/ur_msgs/srv/detail/set_speed_slider_fraction__type_support.cpp.o[0m
[4.679s] [ 26%] [32mBuilding CXX object CMakeFiles/ur_msgs__rosidl_typesupport_introspection_cpp.dir/rosidl_typesupport_introspection_cpp/ur_msgs/srv/detail/set_io__type_support.cpp.o[0m
[4.763s] [ 27%] [32mBuilding CXX object CMakeFiles/ur_msgs__rosidl_typesupport_cpp.dir/rosidl_typesupport_cpp/ur_msgs/msg/analog__type_support.cpp.o[0m
[5.143s] [ 27%] [32mBuilding CXX object CMakeFiles/ur_msgs__rosidl_typesupport_c.dir/rosidl_typesupport_c/ur_msgs/msg/analog__type_support.cpp.o[0m
[5.208s] [ 28%] [32mBuilding CXX object CMakeFiles/ur_msgs__rosidl_typesupport_c.dir/rosidl_typesupport_c/ur_msgs/msg/digital__type_support.cpp.o[0m
[5.284s] [ 29%] [32mBuilding CXX object CMakeFiles/ur_msgs__rosidl_typesupport_c.dir/rosidl_typesupport_c/ur_msgs/msg/io_states__type_support.cpp.o[0m
[5.303s] [ 30%] [32mBuilding CXX object CMakeFiles/ur_msgs__rosidl_typesupport_c.dir/rosidl_typesupport_c/ur_msgs/msg/robot_state_rt_msg__type_support.cpp.o[0m
[5.364s] [ 30%] [32mBuilding CXX object CMakeFiles/ur_msgs__rosidl_typesupport_c.dir/rosidl_typesupport_c/ur_msgs/msg/masterboard_data_msg__type_support.cpp.o[0m
[5.367s] [ 30%] [32mBuilding CXX object CMakeFiles/ur_msgs__rosidl_typesupport_introspection_cpp.dir/rosidl_typesupport_introspection_cpp/ur_msgs/srv/detail/get_robot_software_version__type_support.cpp.o[0m
[5.435s] [ 31%] [32mBuilding CXX object CMakeFiles/ur_msgs__rosidl_typesupport_introspection_cpp.dir/rosidl_typesupport_introspection_cpp/ur_msgs/srv/detail/set_force_mode__type_support.cpp.o[0m
[5.453s] [ 32%] [32mBuilding CXX object CMakeFiles/ur_msgs__rosidl_typesupport_c.dir/rosidl_typesupport_c/ur_msgs/msg/robot_mode_data_msg__type_support.cpp.o[0m
[5.499s] [ 33%] [32mBuilding CXX object CMakeFiles/ur_msgs__rosidl_typesupport_c.dir/rosidl_typesupport_c/ur_msgs/msg/tool_data_msg__type_support.cpp.o[0m
[5.508s] [ 34%] [32mBuilding CXX object CMakeFiles/ur_msgs__rosidl_typesupport_cpp.dir/rosidl_typesupport_cpp/ur_msgs/msg/digital__type_support.cpp.o[0m
[5.541s] [ 34%] [32mBuilding CXX object CMakeFiles/ur_msgs__rosidl_typesupport_cpp.dir/rosidl_typesupport_cpp/ur_msgs/msg/io_states__type_support.cpp.o[0m
[5.542s] [ 35%] [32mBuilding CXX object CMakeFiles/ur_msgs__rosidl_typesupport_cpp.dir/rosidl_typesupport_cpp/ur_msgs/msg/robot_state_rt_msg__type_support.cpp.o[0m
[5.568s] [ 36%] [32mBuilding CXX object CMakeFiles/ur_msgs__rosidl_typesupport_c.dir/rosidl_typesupport_c/ur_msgs/srv/set_analog_output__type_support.cpp.o[0m
[5.582s] [ 37%] [32mBuilding CXX object CMakeFiles/ur_msgs__rosidl_typesupport_introspection_cpp.dir/rosidl_typesupport_introspection_cpp/ur_msgs/action/detail/tool_contact__type_support.cpp.o[0m
[5.640s] [ 38%] [32mBuilding CXX object CMakeFiles/ur_msgs__rosidl_typesupport_fastrtps_cpp.dir/rosidl_typesupport_fastrtps_cpp/ur_msgs/msg/detail/dds_fastrtps/analog__type_support.cpp.o[0m
[5.640s] [ 38%] [32mBuilding CXX object CMakeFiles/ur_msgs__rosidl_typesupport_c.dir/rosidl_typesupport_c/ur_msgs/srv/set_payload__type_support.cpp.o[0m
[5.660s] [ 39%] [32mBuilding CXX object CMakeFiles/ur_msgs__rosidl_typesupport_c.dir/rosidl_typesupport_c/ur_msgs/srv/set_speed_slider_fraction__type_support.cpp.o[0m
[5.702s] [ 40%] [32mBuilding CXX object CMakeFiles/ur_msgs__rosidl_typesupport_fastrtps_cpp.dir/rosidl_typesupport_fastrtps_cpp/ur_msgs/msg/detail/dds_fastrtps/digital__type_support.cpp.o[0m
[5.709s] [ 41%] [32mBuilding CXX object CMakeFiles/ur_msgs__rosidl_typesupport_cpp.dir/rosidl_typesupport_cpp/ur_msgs/msg/masterboard_data_msg__type_support.cpp.o[0m
[5.710s] [ 41%] [32mBuilding CXX object CMakeFiles/ur_msgs__rosidl_typesupport_fastrtps_cpp.dir/rosidl_typesupport_fastrtps_cpp/ur_msgs/msg/detail/dds_fastrtps/io_states__type_support.cpp.o[0m
[5.723s] [ 42%] [32mBuilding CXX object CMakeFiles/ur_msgs__rosidl_typesupport_c.dir/rosidl_typesupport_c/ur_msgs/srv/set_io__type_support.cpp.o[0m
[5.773s] [ 43%] [32mBuilding CXX object CMakeFiles/ur_msgs__rosidl_typesupport_fastrtps_c.dir/rosidl_typesupport_fastrtps_c/ur_msgs/msg/detail/analog__type_support_c.cpp.o[0m
[5.794s] [ 44%] [32mBuilding CXX object CMakeFiles/ur_msgs__rosidl_typesupport_fastrtps_cpp.dir/rosidl_typesupport_fastrtps_cpp/ur_msgs/msg/detail/dds_fastrtps/robot_state_rt_msg__type_support.cpp.o[0m
[5.801s] [ 45%] [32mBuilding CXX object CMakeFiles/ur_msgs__rosidl_typesupport_c.dir/rosidl_typesupport_c/ur_msgs/srv/get_robot_software_version__type_support.cpp.o[0m
[5.816s] [ 45%] [32mBuilding CXX object CMakeFiles/ur_msgs__rosidl_typesupport_fastrtps_c.dir/rosidl_typesupport_fastrtps_c/ur_msgs/msg/detail/digital__type_support_c.cpp.o[0m
[5.838s] [ 45%] [32mBuilding CXX object CMakeFiles/ur_msgs__rosidl_typesupport_cpp.dir/rosidl_typesupport_cpp/ur_msgs/msg/robot_mode_data_msg__type_support.cpp.o[0m
[5.875s] [ 45%] [32mBuilding CXX object CMakeFiles/ur_msgs__rosidl_typesupport_c.dir/rosidl_typesupport_c/ur_msgs/srv/set_force_mode__type_support.cpp.o[0m
[5.884s] [ 46%] [32mBuilding CXX object CMakeFiles/ur_msgs__rosidl_typesupport_fastrtps_c.dir/rosidl_typesupport_fastrtps_c/ur_msgs/msg/detail/io_states__type_support_c.cpp.o[0m
[5.906s] [ 47%] [32mBuilding CXX object CMakeFiles/ur_msgs__rosidl_typesupport_fastrtps_cpp.dir/rosidl_typesupport_fastrtps_cpp/ur_msgs/msg/detail/dds_fastrtps/masterboard_data_msg__type_support.cpp.o[0m
[5.939s] [ 48%] [32mBuilding CXX object CMakeFiles/ur_msgs__rosidl_typesupport_c.dir/rosidl_typesupport_c/ur_msgs/action/tool_contact__type_support.cpp.o[0m
[6.039s] [ 49%] [32m[1mLinking CXX shared library libur_msgs__rosidl_typesupport_c.so[0m
[6.056s] [ 50%] [32mBuilding CXX object CMakeFiles/ur_msgs__rosidl_typesupport_fastrtps_c.dir/rosidl_typesupport_fastrtps_c/ur_msgs/msg/detail/robot_state_rt_msg__type_support_c.cpp.o[0m
[6.058s] [ 51%] [32mBuilding CXX object CMakeFiles/ur_msgs__rosidl_typesupport_fastrtps_cpp.dir/rosidl_typesupport_fastrtps_cpp/ur_msgs/msg/detail/dds_fastrtps/robot_mode_data_msg__type_support.cpp.o[0m
[6.080s] [ 52%] [32mBuilding CXX object CMakeFiles/ur_msgs__rosidl_typesupport_fastrtps_c.dir/rosidl_typesupport_fastrtps_c/ur_msgs/msg/detail/masterboard_data_msg__type_support_c.cpp.o[0m
[6.131s] [ 52%] Built target ur_msgs__rosidl_typesupport_c
[6.150s] [ 52%] [32mBuilding CXX object CMakeFiles/ur_msgs__rosidl_typesupport_fastrtps_c.dir/rosidl_typesupport_fastrtps_c/ur_msgs/msg/detail/robot_mode_data_msg__type_support_c.cpp.o[0m
[6.243s] [ 53%] [32mBuilding CXX object CMakeFiles/ur_msgs__rosidl_typesupport_cpp.dir/rosidl_typesupport_cpp/ur_msgs/msg/tool_data_msg__type_support.cpp.o[0m
[6.298s] [ 54%] [32mBuilding CXX object CMakeFiles/ur_msgs__rosidl_typesupport_cpp.dir/rosidl_typesupport_cpp/ur_msgs/srv/set_payload__type_support.cpp.o[0m
[6.298s] [ 55%] [32mBuilding CXX object CMakeFiles/ur_msgs__rosidl_typesupport_cpp.dir/rosidl_typesupport_cpp/ur_msgs/srv/set_analog_output__type_support.cpp.o[0m
[6.314s] [ 55%] [32mBuilding CXX object CMakeFiles/ur_msgs__rosidl_typesupport_cpp.dir/rosidl_typesupport_cpp/ur_msgs/srv/set_speed_slider_fraction__type_support.cpp.o[0m
[6.321s] [ 56%] [32mBuilding CXX object CMakeFiles/ur_msgs__rosidl_typesupport_fastrtps_c.dir/rosidl_typesupport_fastrtps_c/ur_msgs/msg/detail/tool_data_msg__type_support_c.cpp.o[0m
[6.341s] [ 57%] [32mBuilding CXX object CMakeFiles/ur_msgs__rosidl_typesupport_cpp.dir/rosidl_typesupport_cpp/ur_msgs/srv/set_io__type_support.cpp.o[0m
[6.353s] [ 58%] [32mBuilding CXX object CMakeFiles/ur_msgs__rosidl_typesupport_cpp.dir/rosidl_typesupport_cpp/ur_msgs/srv/get_robot_software_version__type_support.cpp.o[0m
[6.403s] [ 58%] [32mBuilding CXX object CMakeFiles/ur_msgs__rosidl_typesupport_fastrtps_cpp.dir/rosidl_typesupport_fastrtps_cpp/ur_msgs/msg/detail/dds_fastrtps/tool_data_msg__type_support.cpp.o[0m
[6.502s] [ 59%] [32mBuilding CXX object CMakeFiles/ur_msgs__rosidl_typesupport_fastrtps_c.dir/rosidl_typesupport_fastrtps_c/ur_msgs/srv/detail/set_analog_output__type_support_c.cpp.o[0m
[6.516s] [ 60%] [32mBuilding CXX object CMakeFiles/ur_msgs__rosidl_typesupport_cpp.dir/rosidl_typesupport_cpp/ur_msgs/srv/set_force_mode__type_support.cpp.o[0m
[6.539s] [ 61%] [32mBuilding CXX object CMakeFiles/ur_msgs__rosidl_typesupport_fastrtps_c.dir/rosidl_typesupport_fastrtps_c/ur_msgs/srv/detail/set_payload__type_support_c.cpp.o[0m
[6.561s] [ 61%] [32mBuilding CXX object CMakeFiles/ur_msgs__rosidl_typesupport_cpp.dir/rosidl_typesupport_cpp/ur_msgs/action/tool_contact__type_support.cpp.o[0m
[6.603s] [ 62%] [32mBuilding CXX object CMakeFiles/ur_msgs__rosidl_typesupport_fastrtps_cpp.dir/rosidl_typesupport_fastrtps_cpp/ur_msgs/srv/detail/dds_fastrtps/set_analog_output__type_support.cpp.o[0m
[6.610s] [ 62%] [32mBuilding CXX object CMakeFiles/ur_msgs__rosidl_typesupport_fastrtps_c.dir/rosidl_typesupport_fastrtps_c/ur_msgs/srv/detail/set_speed_slider_fraction__type_support_c.cpp.o[0m
[6.611s] [ 63%] [32mBuilding CXX object CMakeFiles/ur_msgs__rosidl_typesupport_fastrtps_cpp.dir/rosidl_typesupport_fastrtps_cpp/ur_msgs/srv/detail/dds_fastrtps/set_payload__type_support.cpp.o[0m
[6.638s] [ 64%] [32mBuilding CXX object CMakeFiles/ur_msgs__rosidl_typesupport_fastrtps_cpp.dir/rosidl_typesupport_fastrtps_cpp/ur_msgs/srv/detail/dds_fastrtps/set_speed_slider_fraction__type_support.cpp.o[0m
[6.639s] [ 65%] [32mBuilding C object CMakeFiles/ur_msgs__rosidl_typesupport_introspection_c.dir/rosidl_typesupport_introspection_c/ur_msgs/msg/detail/analog__type_support.c.o[0m
[6.656s] [ 66%] [32m[1mLinking CXX shared library libur_msgs__rosidl_typesupport_introspection_cpp.so[0m
[6.664s] [ 67%] [32mBuilding C object CMakeFiles/ur_msgs__rosidl_typesupport_introspection_c.dir/rosidl_typesupport_introspection_c/ur_msgs/msg/detail/digital__type_support.c.o[0m
[6.671s] [ 68%] [32mBuilding CXX object CMakeFiles/ur_msgs__rosidl_typesupport_fastrtps_c.dir/rosidl_typesupport_fastrtps_c/ur_msgs/srv/detail/set_io__type_support_c.cpp.o[0m
[6.671s] [ 68%] [32mBuilding CXX object CMakeFiles/ur_msgs__rosidl_typesupport_fastrtps_cpp.dir/rosidl_typesupport_fastrtps_cpp/ur_msgs/srv/detail/dds_fastrtps/set_io__type_support.cpp.o[0m
[6.671s] [ 69%] [32mBuilding CXX object CMakeFiles/ur_msgs__rosidl_typesupport_fastrtps_cpp.dir/rosidl_typesupport_fastrtps_cpp/ur_msgs/srv/detail/dds_fastrtps/get_robot_software_version__type_support.cpp.o[0m
[6.688s] [ 70%] [32mBuilding CXX object CMakeFiles/ur_msgs__rosidl_typesupport_fastrtps_c.dir/rosidl_typesupport_fastrtps_c/ur_msgs/srv/detail/get_robot_software_version__type_support_c.cpp.o[0m
[6.700s] [ 70%] [32mBuilding C object CMakeFiles/ur_msgs__rosidl_typesupport_introspection_c.dir/rosidl_typesupport_introspection_c/ur_msgs/msg/detail/io_states__type_support.c.o[0m
[6.711s] [ 71%] [32mBuilding CXX object CMakeFiles/ur_msgs__rosidl_typesupport_fastrtps_c.dir/rosidl_typesupport_fastrtps_c/ur_msgs/srv/detail/set_force_mode__type_support_c.cpp.o[0m
[6.736s] gmake[2]: *** Deleting file 'libur_msgs__rosidl_typesupport_introspection_cpp.so'
[6.736s] gmake[2]: *** [CMakeFiles/ur_msgs__rosidl_typesupport_fastrtps_c.dir/build.make:375: CMakeFiles/ur_msgs__rosidl_typesupport_fastrtps_c.dir/rosidl_typesupport_fastrtps_c/ur_msgs/srv/detail/set_speed_slider_fraction__type_support_c.cpp.o] Interrupt
[6.736s] gmake[2]: *** [CMakeFiles/ur_msgs__rosidl_typesupport_fastrtps_c.dir/build.make:389: CMakeFiles/ur_msgs__rosidl_typesupport_fastrtps_c.dir/rosidl_typesupport_fastrtps_c/ur_msgs/srv/detail/set_io__type_support_c.cpp.o] Interrupt
[6.736s] gmake[2]: *** [CMakeFiles/ur_msgs__rosidl_typesupport_fastrtps_c.dir/build.make:403: CMakeFiles/ur_msgs__rosidl_typesupport_fastrtps_c.dir/rosidl_typesupport_fastrtps_c/ur_msgs/srv/detail/get_robot_software_version__type_support_c.cpp.o] Interrupt
[6.736s] gmake[2]: *** [CMakeFiles/ur_msgs__rosidl_typesupport_fastrtps_c.dir/build.make:417: CMakeFiles/ur_msgs__rosidl_typesupport_fastrtps_c.dir/rosidl_typesupport_fastrtps_c/ur_msgs/srv/detail/set_force_mode__type_support_c.cpp.o] Interrupt
[6.736s] gmake[2]: *** [CMakeFiles/ur_msgs__rosidl_typesupport_fastrtps_cpp.dir/build.make:333: CMakeFiles/ur_msgs__rosidl_typesupport_fastrtps_cpp.dir/rosidl_typesupport_fastrtps_cpp/ur_msgs/msg/detail/dds_fastrtps/tool_data_msg__type_support.cpp.o] Interrupt
[6.736s] gmake[2]: *** [CMakeFiles/ur_msgs__rosidl_typesupport_fastrtps_cpp.dir/build.make:375: CMakeFiles/ur_msgs__rosidl_typesupport_fastrtps_cpp.dir/rosidl_typesupport_fastrtps_cpp/ur_msgs/srv/detail/dds_fastrtps/set_speed_slider_fraction__type_support.cpp.o] Interrupt
[6.736s] gmake[2]: *** [CMakeFiles/ur_msgs__rosidl_typesupport_fastrtps_cpp.dir/build.make:361: CMakeFiles/ur_msgs__rosidl_typesupport_fastrtps_cpp.dir/rosidl_typesupport_fastrtps_cpp/ur_msgs/srv/detail/dds_fastrtps/set_payload__type_support.cpp.o] Interrupt
[6.737s] gmake[2]: *** [CMakeFiles/ur_msgs__rosidl_typesupport_fastrtps_cpp.dir/build.make:403: CMakeFiles/ur_msgs__rosidl_typesupport_fastrtps_cpp.dir/rosidl_typesupport_fastrtps_cpp/ur_msgs/srv/detail/dds_fastrtps/get_robot_software_version__type_support.cpp.o] Interrupt
[6.737s] gmake[2]: *** [CMakeFiles/ur_msgs__rosidl_typesupport_fastrtps_c.dir/build.make:347: CMakeFiles/ur_msgs__rosidl_typesupport_fastrtps_c.dir/rosidl_typesupport_fastrtps_c/ur_msgs/srv/detail/set_analog_output__type_support_c.cpp.o] Interrupt
[6.737s] gmake[2]: *** [CMakeFiles/ur_msgs__rosidl_typesupport_cpp.dir/build.make:373: CMakeFiles/ur_msgs__rosidl_typesupport_cpp.dir/rosidl_typesupport_cpp/ur_msgs/srv/set_force_mode__type_support.cpp.o] Interrupt
[6.737s] gmake[2]: *** [CMakeFiles/ur_msgs__rosidl_typesupport_cpp.dir/build.make:387: CMakeFiles/ur_msgs__rosidl_typesupport_cpp.dir/rosidl_typesupport_cpp/ur_msgs/action/tool_contact__type_support.cpp.o] Interrupt
[6.737s] gmake[2]: *** [CMakeFiles/ur_msgs__rosidl_typesupport_fastrtps_c.dir/build.make:361: CMakeFiles/ur_msgs__rosidl_typesupport_fastrtps_c.dir/rosidl_typesupport_fastrtps_c/ur_msgs/srv/detail/set_payload__type_support_c.cpp.o] Interrupt
[6.737s] gmake[2]: *** [CMakeFiles/ur_msgs__rosidl_typesupport_fastrtps_cpp.dir/build.make:389: CMakeFiles/ur_msgs__rosidl_typesupport_fastrtps_cpp.dir/rosidl_typesupport_fastrtps_cpp/ur_msgs/srv/detail/dds_fastrtps/set_io__type_support.cpp.o] Interrupt
[6.737s] gmake[1]: *** [CMakeFiles/Makefile2:239: CMakeFiles/ur_msgs__rosidl_typesupport_fastrtps_c.dir/all] Interrupt
[6.737s] gmake[2]: *** [CMakeFiles/ur_msgs__rosidl_typesupport_fastrtps_cpp.dir/build.make:347: CMakeFiles/ur_msgs__rosidl_typesupport_fastrtps_cpp.dir/rosidl_typesupport_fastrtps_cpp/ur_msgs/srv/detail/dds_fastrtps/set_analog_output__type_support.cpp.o] Interrupt
[6.737s] gmake[2]: *** [CMakeFiles/ur_msgs__rosidl_typesupport_introspection_cpp.dir/build.make:487: libur_msgs__rosidl_typesupport_introspection_cpp.so] Interrupt
[6.737s] gmake[1]: *** [CMakeFiles/Makefile2:291: CMakeFiles/ur_msgs__rosidl_typesupport_fastrtps_cpp.dir/all] Interrupt
[6.738s] gmake[1]: *** [CMakeFiles/Makefile2:369: CMakeFiles/ur_msgs__rosidl_typesupport_introspection_cpp.dir/all] Interrupt
[6.738s] gmake[2]: *** [CMakeFiles/ur_msgs__rosidl_typesupport_introspection_c.dir/build.make:277: CMakeFiles/ur_msgs__rosidl_typesupport_introspection_c.dir/rosidl_typesupport_introspection_c/ur_msgs/msg/detail/io_states__type_support.c.o] Interrupt
[6.738s] gmake[1]: *** [CMakeFiles/Makefile2:317: CMakeFiles/ur_msgs__rosidl_typesupport_introspection_c.dir/all] Interrupt
[6.738s] gmake[1]: *** wait: No child processes.  Stop.
[6.738s] gmake[1]: *** Waiting for unfinished jobs....
[6.738s] gmake[1]: *** wait: No child processes.  Stop.
[6.742s] gmake: *** [Makefile:146: all] Error 2
[6.743s] Invoked command in '/home/hoapham/ur_ws/build/ur_msgs' returned '-2': CMAKE_PREFIX_PATH=/opt/ros/humble /usr/bin/cmake --build /home/hoapham/ur_ws/build/ur_msgs -- -j16 -l16
