[0.010s] Invoking command in '/home/hoapham/ros2_ws/build/gui': CMAKE_PREFIX_PATH=${CMAKE_PREFIX_PATH}:/opt/ros/humble /usr/bin/cmake --build /home/hoapham/ros2_ws/build/gui -- -j16 -l16
[0.058s] [ 12%] [34m[1mAutomatic MOC and UIC for target gui[0m
[0.083s] [ 12%] Built target gui_autogen
[0.102s] [35m[1mConsolidate compiler generated dependencies of target gui[0m
[0.144s] [ 25%] [32mBuilding CXX object CMakeFiles/gui.dir/src/main.cpp.o[0m
[4.648s] [01m[K/home/hoapham/ros2_ws/src/gui/src/main.cpp:[m[K In lambda function:
[4.648s] [01m[K/home/hoapham/ros2_ws/src/gui/src/main.cpp:46:36:[m[K [01;35m[Kwarning: [m[Kunused variable ‘[01m[Krobot_model_display_[m[K’ [[01;35m[K]8;;https://gcc.gnu.org/onlinedocs/gcc/Warning-Options.html#index-Wunused-variable-Wunused-variable]8;;[m[K]
[4.649s]    46 |             rviz_common::Display * [01;35m[Krobot_model_display_[m[K = manager->createDisplay("rviz_default_plugins/RobotModel", "Robot Model", true);
[4.649s]       |                                    [01;35m[K^~~~~~~~~~~~~~~~~~~~[m[K
[4.671s] [01m[K/home/hoapham/ros2_ws/src/gui/src/main.cpp:55:26:[m[K [01;31m[Kerror: [m[K‘[01m[Krobot_model_display_[m[K’ was not declared in this scope
[4.671s]    55 |                     if (![01;31m[Krobot_model_display_[m[K) {
[4.671s]       |                          [01;31m[K^~~~~~~~~~~~~~~~~~~~[m[K
[4.697s] [01m[K/home/hoapham/ros2_ws/src/gui/src/main.cpp:58:21:[m[K [01;31m[Kerror: [m[K‘[01m[Krobot_model_display_[m[K’ was not declared in this scope
[4.697s]    58 |                     [01;31m[Krobot_model_display_[m[K = manager->createDisplay("rviz_default_plugins/RobotModel", "RobotModel", true);
[4.697s]       |                     [01;31m[K^~~~~~~~~~~~~~~~~~~~[m[K
[4.720s] [01m[K/home/hoapham/ros2_ws/src/gui/src/main.cpp:72:17:[m[K [01;31m[Kerror: [m[K‘[01m[Krobot_model_display_[m[K’ was not declared in this scope
[4.720s]    72 |                 [01;31m[Krobot_model_display_[m[K = manager->createDisplay("rviz_default_plugins/RobotModel", "Robot Model", false);
[4.720s]       |                 [01;31m[K^~~~~~~~~~~~~~~~~~~~[m[K
[5.553s] gmake[2]: *** [CMakeFiles/gui.dir/build.make:90: CMakeFiles/gui.dir/src/main.cpp.o] Error 1
[5.554s] gmake[1]: *** [CMakeFiles/Makefile2:138: CMakeFiles/gui.dir/all] Error 2
[5.554s] gmake: *** [Makefile:146: all] Error 2
[5.556s] Invoked command in '/home/hoapham/ros2_ws/build/gui' returned '2': CMAKE_PREFIX_PATH=${CMAKE_PREFIX_PATH}:/opt/ros/humble /usr/bin/cmake --build /home/hoapham/ros2_ws/build/gui -- -j16 -l16
