[ 12%] [34m[1mAutomatic MOC and UIC for target gui[0m
[ 12%] Built target gui_autogen
[35m[1mConsolidate compiler generated dependencies of target gui[0m
[ 25%] [32mBuilding CXX object CMakeFiles/gui.dir/src/main.cpp.o[0m
[01m[K/home/hoapham/ros2_ws/src/gui/src/main.cpp:[m[K In lambda function:
[01m[K/home/hoapham/ros2_ws/src/gui/src/main.cpp:56:39:[m[K [01;35m[Kwarning: [m[Kunused variable ‘[01m[Krobot_model_display_[m[K’ [[01;35m[K]8;;https://gcc.gnu.org/onlinedocs/gcc/Warning-Options.html#index-Wunused-variable-Wunused-variable]8;;[m[K]
   56 |                 rviz_common::Display* [01;35m[Krobot_model_display_[m[K = manager->createDisplay("rviz_default_plugins/RobotModel", "Robot Model", false);
      |                                       [01;35m[K^~~~~~~~~~~~~~~~~~~~[m[K
[ 37%] [32m[1mLinking CXX executable gui[0m
[100%] Built target gui
-- Install configuration: ""
-- Installing: /home/hoapham/ros2_ws/install/gui/lib/gui/gui
-- Set runtime path of "/home/hoapham/ros2_ws/install/gui/lib/gui/gui" to ""
-- Up-to-date: /home/hoapham/ros2_ws/install/gui/include
-- Up-to-date: /home/hoapham/ros2_ws/install/gui/include/gui
-- Up-to-date: /home/hoapham/ros2_ws/install/gui/include/gui/rvizpanel.h
-- Up-to-date: /home/hoapham/ros2_ws/install/gui/include/gui/preparation.h
-- Up-to-date: /home/hoapham/ros2_ws/install/gui/include/gui/rrjoystick.h
-- Up-to-date: /home/hoapham/ros2_ws/install/gui/include/gui/hello_gui.h
-- Up-to-date: /home/hoapham/ros2_ws/install/gui/include/gui/parser.h
-- Up-to-date: /home/hoapham/ros2_ws/install/gui/share/gui//launch
-- Up-to-date: /home/hoapham/ros2_ws/install/gui/share/gui//launch/gui.launch.py
-- Up-to-date: /home/hoapham/ros2_ws/install/gui/share/gui//config
-- Up-to-date: /home/hoapham/ros2_ws/install/gui/share/gui//config/params.yaml
-- Up-to-date: /home/hoapham/ros2_ws/install/gui/share/ament_index/resource_index/package_run_dependencies/gui
-- Up-to-date: /home/hoapham/ros2_ws/install/gui/share/ament_index/resource_index/parent_prefix_path/gui
-- Up-to-date: /home/hoapham/ros2_ws/install/gui/share/gui/environment/ament_prefix_path.sh
-- Up-to-date: /home/hoapham/ros2_ws/install/gui/share/gui/environment/ament_prefix_path.dsv
-- Up-to-date: /home/hoapham/ros2_ws/install/gui/share/gui/environment/path.sh
-- Up-to-date: /home/hoapham/ros2_ws/install/gui/share/gui/environment/path.dsv
-- Up-to-date: /home/hoapham/ros2_ws/install/gui/share/gui/local_setup.bash
-- Up-to-date: /home/hoapham/ros2_ws/install/gui/share/gui/local_setup.sh
-- Up-to-date: /home/hoapham/ros2_ws/install/gui/share/gui/local_setup.zsh
-- Up-to-date: /home/hoapham/ros2_ws/install/gui/share/gui/local_setup.dsv
-- Installing: /home/hoapham/ros2_ws/install/gui/share/gui/package.dsv
-- Up-to-date: /home/hoapham/ros2_ws/install/gui/share/ament_index/resource_index/packages/gui
-- Up-to-date: /home/hoapham/ros2_ws/install/gui/share/gui/cmake/ament_cmake_export_include_directories-extras.cmake
-- Up-to-date: /home/hoapham/ros2_ws/install/gui/share/gui/cmake/ament_cmake_export_dependencies-extras.cmake
-- Up-to-date: /home/hoapham/ros2_ws/install/gui/share/gui/cmake/guiConfig.cmake
-- Up-to-date: /home/hoapham/ros2_ws/install/gui/share/gui/cmake/guiConfig-version.cmake
-- Up-to-date: /home/hoapham/ros2_ws/install/gui/share/gui/package.xml
