[0.009s] Invoking command in '/home/hoapham/ros2_ws/build/zivid_camera': CMAKE_PREFIX_PATH=${CMAKE_PREFIX_PATH}:/opt/ros/humble /usr/bin/cmake /home/hoapham/ros2_ws/src/zivid-ros/zivid_camera -DCMAKE_INSTALL_PREFIX=/home/hoapham/ros2_ws/install/zivid_camera
[0.018s] -- Found ament_cmake: 1.3.11 (/opt/ros/humble/share/ament_cmake/cmake)
[0.099s] -- Found rclcpp: 16.0.12 (/opt/ros/humble/share/rclcpp/cmake)
[0.117s] -- Found rosidl_generator_c: 3.1.6 (/opt/ros/humble/share/rosidl_generator_c/cmake)
[0.118s] -- Found rosidl_adapter: 3.1.6 (/opt/ros/humble/share/rosidl_adapter/cmake)
[0.122s] -- Found rosidl_generator_cpp: 3.1.6 (/opt/ros/humble/share/rosidl_generator_cpp/cmake)
[0.127s] -- Using all available rosidl_typesupport_c: rosidl_typesupport_fastrtps_c;rosidl_typesupport_introspection_c
[0.134s] -- Using all available rosidl_typesupport_cpp: rosidl_typesupport_fastrtps_cpp;rosidl_typesupport_introspection_cpp
[0.153s] -- Found rmw_implementation_cmake: 6.1.2 (/opt/ros/humble/share/rmw_implementation_cmake/cmake)
[0.153s] -- Found rmw_cyclonedds_cpp: 1.3.4 (/opt/ros/humble/share/rmw_cyclonedds_cpp/cmake)
[0.163s] -- Using RMW implementation 'rmw_cyclonedds_cpp' as default
[0.190s] -- Found rclcpp_components: 16.0.12 (/opt/ros/humble/share/rclcpp_components/cmake)
[0.200s] -- Found std_srvs: 4.8.0 (/opt/ros/humble/share/std_srvs/cmake)
[0.205s] -- Found sensor_msgs: 4.8.0 (/opt/ros/humble/share/sensor_msgs/cmake)
[0.221s] -- Found image_transport: 3.1.11 (/opt/ros/humble/share/image_transport/cmake)
[0.235s] -- Found tf2: 0.25.12 (/opt/ros/humble/share/tf2/cmake)
[0.237s] -- Found tf2_ros: 0.25.12 (/opt/ros/humble/share/tf2_ros/cmake)
[0.269s] -- Found tf2_geometry_msgs: 0.25.12 (/opt/ros/humble/share/tf2_geometry_msgs/cmake)
[0.271s] -- Found eigen3_cmake_module: 0.1.1 (/opt/ros/humble/share/eigen3_cmake_module/cmake)
[0.272s] -- Ensuring Eigen3 include directory is part of orocos-kdl CMake target
[0.273s] -- Found zivid_interfaces: 3.1.0 (/home/hoapham/ros2_ws/install/zivid_interfaces/share/zivid_interfaces/cmake)
[0.290s] [31mCMake Error at CMakeLists.txt:33 (find_package):
[0.290s]   By not providing "FindZivid.cmake" in CMAKE_MODULE_PATH this project has
[0.290s]   asked CMake to find a package configuration file provided by "Zivid", but
[0.290s]   CMake did not find one.
[0.290s] 
[0.291s]   Could not find a package configuration file provided by "Zivid" (requested
[0.291s]   version 2.15.0) with any of the following names:
[0.291s] 
[0.291s]     ZividConfig.cmake
[0.291s]     zivid-config.cmake
[0.291s] 
[0.291s]   Add the installation prefix of "Zivid" to CMAKE_PREFIX_PATH or set
[0.291s]   "Zivid_DIR" to a directory containing one of the above files.  If "Zivid"
[0.291s]   provides a separate development package or SDK, be sure it has been
[0.291s]   installed.
[0.291s] 
[0.291s] [0m
[0.291s] -- Configuring incomplete, errors occurred!
[0.291s] See also "/home/hoapham/ros2_ws/build/zivid_camera/CMakeFiles/CMakeOutput.log".
[0.299s] Invoked command in '/home/hoapham/ros2_ws/build/zivid_camera' returned '1': CMAKE_PREFIX_PATH=${CMAKE_PREFIX_PATH}:/opt/ros/humble /usr/bin/cmake /home/hoapham/ros2_ws/src/zivid-ros/zivid_camera -DCMAKE_INSTALL_PREFIX=/home/hoapham/ros2_ws/install/zivid_camera
