[0.011s] Invoking command in '/home/hoapham/ros2_ws/build/gui': CMAKE_PREFIX_PATH=${CMAKE_PREFIX_PATH}:/opt/ros/humble /usr/bin/cmake --build /home/hoapham/ros2_ws/build/gui -- -j16 -l16
[0.072s] [ 11%] [34m[1mAutomatic MOC and UIC for target gui[0m
[0.106s] [ 11%] Built target gui_autogen
[0.128s] [35m[1mConsolidate compiler generated dependencies of target gui[0m
[0.174s] [ 33%] [32mBuilding CXX object CMakeFiles/gui.dir/src/rviz_window.cpp.o[0m
[0.174s] [ 33%] [32mBuilding CXX object CMakeFiles/gui.dir/src/preparation.cpp.o[0m
[0.549s] [01m[K/home/hoapham/ros2_ws/src/gui/src/rviz_window.cpp:8:10:[m[K [01;31m[Kfatal error: [m[Krviz_common/ros_integration/init_ros.hpp: No such file or directory
[0.549s]     8 | #include [01;31m[K<rviz_common/ros_integration/init_ros.hpp>[m[K
[0.549s]       |          [01;31m[K^~~~~~~~~~~~~~~~~~~~~~~~~~~~~~~~~~~~~~~~~~[m[K
[0.549s] compilation terminated.
[0.553s] gmake[2]: *** [CMakeFiles/gui.dir/build.make:160: CMakeFiles/gui.dir/src/rviz_window.cpp.o] Error 1
[0.553s] gmake[2]: *** Waiting for unfinished jobs....
[2.792s] [01m[K/home/hoapham/ros2_ws/src/gui/src/preparation.cpp:8:1:[m[K [01;31m[Kerror: [m[Kno declaration matches ‘[01m[KForm::Form(QWidget*)[m[K’
[2.792s]     8 | [01;31m[KForm[m[K::Form(QWidget *parent)
[2.792s]       | [01;31m[K^~~~[m[K
[2.793s] In file included from [01m[K/home/hoapham/ros2_ws/src/gui/src/preparation.cpp:1[m[K:
[2.793s] [01m[K/home/hoapham/ros2_ws/src/gui/include/gui/preparation.h:12:7:[m[K [01;36m[Knote: [m[Kcandidates are: ‘[01m[KForm::Form(const Form&)[m[K’
[2.793s]    12 | class [01;36m[KForm[m[K : public QMainWindow
[2.793s]       |       [01;36m[K^~~~[m[K
[2.793s] [01m[K/home/hoapham/ros2_ws/src/gui/include/gui/preparation.h:17:14:[m[K [01;36m[Knote: [m[K                ‘[01m[KForm::Form(QWidget*, rviz_common::ros_integration::RosNodeAbstractionIface::WeakPtr)[m[K’
[2.793s]    17 |     explicit [01;36m[KForm[m[K(QWidget *parent, rviz_common::ros_integration::RosNodeAbstractionIface::WeakPtr node);
[2.793s]       |              [01;36m[K^~~~[m[K
[2.793s] [01m[K/home/hoapham/ros2_ws/src/gui/include/gui/preparation.h:12:7:[m[K [01;36m[Knote: [m[K‘[01m[Kclass Form[m[K’ defined here
[2.793s]    12 | class [01;36m[KForm[m[K : public QMainWindow
[2.793s]       |       [01;36m[K^~~~[m[K
[2.793s] [01m[K/home/hoapham/ros2_ws/src/gui/src/preparation.cpp:15:6:[m[K [01;31m[Kerror: [m[Kno declaration matches ‘[01m[Kvoid Form::onPreparationClicked()[m[K’
[2.793s]    15 | void [01;31m[KForm[m[K::onPreparationClicked()
[2.793s]       |      [01;31m[K^~~~[m[K
[2.793s] [01m[K/home/hoapham/ros2_ws/src/gui/src/preparation.cpp:15:6:[m[K [01;36m[Knote: [m[Kno functions named ‘[01m[Kvoid Form::onPreparationClicked()[m[K’
[2.793s] In file included from [01m[K/home/hoapham/ros2_ws/src/gui/src/preparation.cpp:1[m[K:
[2.793s] [01m[K/home/hoapham/ros2_ws/src/gui/include/gui/preparation.h:12:7:[m[K [01;36m[Knote: [m[K‘[01m[Kclass Form[m[K’ defined here
[2.793s]    12 | class [01;36m[KForm[m[K : public QMainWindow
[2.793s]       |       [01;36m[K^~~~[m[K
[3.407s] gmake[2]: *** [CMakeFiles/gui.dir/build.make:146: CMakeFiles/gui.dir/src/preparation.cpp.o] Error 1
[3.407s] gmake[1]: *** [CMakeFiles/Makefile2:138: CMakeFiles/gui.dir/all] Error 2
[3.407s] gmake: *** [Makefile:146: all] Error 2
[3.409s] Invoked command in '/home/hoapham/ros2_ws/build/gui' returned '2': CMAKE_PREFIX_PATH=${CMAKE_PREFIX_PATH}:/opt/ros/humble /usr/bin/cmake --build /home/hoapham/ros2_ws/build/gui -- -j16 -l16
