[0.032s] Invoking command in '/home/hoapham/ros2_ws/build/gui_msgs': CMAKE_PREFIX_PATH=${CMAKE_PREFIX_PATH}:/opt/ros/humble /usr/bin/cmake /home/hoapham/ros2_ws/src/gui_msgs -DCMAKE_INSTALL_PREFIX=/home/hoapham/ros2_ws/install/gui_msgs
[0.136s] -- The C compiler identification is GNU 11.4.0
[0.223s] -- The CXX compiler identification is GNU 11.4.0
[0.235s] -- Detecting C compiler ABI info
[0.321s] -- Detecting C compiler ABI info - done
[0.329s] -- Check for working C compiler: /usr/bin/cc - skipped
[0.330s] -- Detecting C compile features
[0.330s] -- Detecting C compile features - done
[0.334s] -- Detecting CXX compiler ABI info
[0.436s] -- Detecting CXX compiler ABI info - done
[0.443s] -- Check for working CXX compiler: /usr/bin/c++ - skipped
[0.443s] -- Detecting CXX compile features
[0.443s] -- Detecting CXX compile features - done
[0.452s] -- Found ament_cmake: 1.3.11 (/opt/ros/humble/share/ament_cmake/cmake)
[0.614s] -- Found Python3: /usr/bin/python3 (found version "3.10.12") found components: Interpreter 
[0.735s] -- Found builtin_interfaces: 1.2.1 (/opt/ros/humble/share/builtin_interfaces/cmake)
[0.785s] -- Found rosidl_generator_c: 3.1.6 (/opt/ros/humble/share/rosidl_generator_c/cmake)
[0.794s] -- Found rosidl_adapter: 3.1.6 (/opt/ros/humble/share/rosidl_adapter/cmake)
[0.807s] -- Found rosidl_generator_cpp: 3.1.6 (/opt/ros/humble/share/rosidl_generator_cpp/cmake)
[0.824s] -- Using all available rosidl_typesupport_c: rosidl_typesupport_fastrtps_c;rosidl_typesupport_introspection_c
[0.846s] -- Using all available rosidl_typesupport_cpp: rosidl_typesupport_fastrtps_cpp;rosidl_typesupport_introspection_cpp
[0.866s] -- Found geometry_msgs: 4.8.0 (/opt/ros/humble/share/geometry_msgs/cmake)
[0.901s] -- Found rosidl_default_generators: 1.2.0 (/opt/ros/humble/share/rosidl_default_generators/cmake)
[0.915s] -- Found action_msgs: 1.2.1 (/opt/ros/humble/share/action_msgs/cmake)
[1.112s] [31mCMake Error at /opt/ros/humble/share/rosidl_adapter/cmake/rosidl_adapt_interfaces.cmake:59 (message):
[1.113s]   execute_process(/usr/bin/python3 -m rosidl_adapter --package-name gui_msgs
[1.113s]   --arguments-file
[1.113s]   /home/hoapham/ros2_ws/build/gui_msgs/rosidl_adapter__arguments__gui_msgs.json
[1.113s]   --output-dir /home/hoapham/ros2_ws/build/gui_msgs/rosidl_adapter/gui_msgs
[1.113s]   --output-file
[1.113s]   /home/hoapham/ros2_ws/build/gui_msgs/rosidl_adapter/gui_msgs.idls) returned
[1.113s]   error code 1:
[1.113s] 
[1.113s]   Error processing 'int32 comboBox_dir' of 'gui_msgs/SettingTool':
[1.113s]   ''comboBox_dir' is an invalid field name.  It should have the pattern
[1.113s]   '^(?!.*__)(?!.*_$)[a-z][a-z0-9_]*$''
[1.113s] 
[1.113s]   Traceback (most recent call last):
[1.113s] 
[1.113s]     File "/usr/lib/python3.10/runpy.py", line 196, in _run_module_as_main
[1.113s]       return _run_code(code, main_globals, None,
[1.113s]     File "/usr/lib/python3.10/runpy.py", line 86, in _run_code
[1.113s]       exec(code, run_globals)
[1.113s]     File "/opt/ros/humble/local/lib/python3.10/dist-packages/rosidl_adapter/__main__.py", line 19, in <module>
[1.113s]       sys.exit(main())
[1.113s]     File "/opt/ros/humble/local/lib/python3.10/dist-packages/rosidl_adapter/main.py", line 53, in main
[1.114s]       abs_idl_file = convert_to_idl(
[1.114s]     File "/opt/ros/humble/local/lib/python3.10/dist-packages/rosidl_adapter/__init__.py", line 19, in convert_to_idl
[1.114s]       return convert_msg_to_idl(
[1.114s]     File "/opt/ros/humble/local/lib/python3.10/dist-packages/rosidl_adapter/msg/__init__.py", line 28, in convert_msg_to_idl
[1.114s]       msg = parse_message_string(package_name, input_file.stem, content)
[1.114s]     File "/opt/ros/humble/local/lib/python3.10/dist-packages/rosidl_adapter/parser.py", line 519, in parse_message_string
[1.114s]       fields.append(Field(
[1.114s]     File "/opt/ros/humble/local/lib/python3.10/dist-packages/rosidl_adapter/parser.py", line 354, in __init__
[1.114s]       raise NameError(
[1.114s] 
[1.114s]   NameError: 'comboBox_dir' is an invalid field name.  It should have the
[1.114s]   pattern '^(?!.*__)(?!.*_$)[a-z][a-z0-9_]*$'
[1.114s] 
[1.114s] Call Stack (most recent call first):
[1.114s]   /opt/ros/humble/share/rosidl_cmake/cmake/rosidl_generate_interfaces.cmake:130 (rosidl_adapt_interfaces)
[1.114s]   CMakeLists.txt:11 (rosidl_generate_interfaces)
[1.114s] 
[1.114s] [0m
[1.114s] -- Configuring incomplete, errors occurred!
[1.114s] See also "/home/hoapham/ros2_ws/build/gui_msgs/CMakeFiles/CMakeOutput.log".
[1.123s] Invoked command in '/home/hoapham/ros2_ws/build/gui_msgs' returned '1': CMAKE_PREFIX_PATH=${CMAKE_PREFIX_PATH}:/opt/ros/humble /usr/bin/cmake /home/hoapham/ros2_ws/src/gui_msgs -DCMAKE_INSTALL_PREFIX=/home/hoapham/ros2_ws/install/gui_msgs
