[0.011s] Invoking command in '/home/hoapham/ros2_ws/build/gui': CMAKE_PREFIX_PATH=${CMAKE_PREFIX_PATH}:/opt/ros/humble /usr/bin/cmake --build /home/hoapham/ros2_ws/build/gui -- -j16 -l16
[0.062s] [ 11%] [34m[1mAutomatic MOC and UIC for target gui[0m
[0.089s] [ 11%] Built target gui_autogen
[0.109s] [35m[1mConsolidate compiler generated dependencies of target gui[0m
[0.152s] [ 22%] [32mBuilding CXX object CMakeFiles/gui.dir/src/preparation.cpp.o[0m
[2.910s] [01m[K/home/hoapham/ros2_ws/src/gui/src/preparation.cpp:[m[K In constructor ‘[01m[KForm::Form(QWidget*, rviz_common::ros_integration::RosNodeAbstractionIface::WeakPtr)[m[K’:
[2.910s] [01m[K/home/hoapham/ros2_ws/src/gui/src/preparation.cpp:28:76:[m[K [01;31m[Kerror: [m[Kinvalid new-expression of abstract class type ‘[01m[Krviz_common::DisplayContext[m[K’
[2.910s]    28 |     rviz_common::DisplayContext* context = new rviz_common::DisplayContext([01;31m[K)[m[K;
[2.910s]       |                                                                            [01;31m[K^[m[K
[2.910s] In file included from [01m[K/opt/ros/humble/include/rviz_common/rviz_common/visualization_manager.hpp:44[m[K,
[2.910s]                  from [01m[K/home/hoapham/ros2_ws/src/gui/include/gui/preparation.h:5[m[K,
[2.910s]                  from [01m[K/home/hoapham/ros2_ws/src/gui/src/preparation.cpp:1[m[K:
[2.910s] [01m[K/opt/ros/humble/include/rviz_common/rviz_common/display_context.hpp:98:26:[m[K [01;36m[Knote: [m[K  because the following virtual functions are pure within ‘[01m[Krviz_common::DisplayContext[m[K’:
[2.910s]    98 | class RVIZ_COMMON_PUBLIC [01;36m[KDisplayContext[m[K : public QObject
[2.910s]       |                          [01;36m[K^~~~~~~~~~~~~~[m[K
[2.910s] [01m[K/opt/ros/humble/include/rviz_common/rviz_common/display_context.hpp:113:32:[m[K [01;36m[Knote: [m[K    ‘[01m[Kvirtual Ogre::SceneManager* rviz_common::DisplayContext::getSceneManager() const[m[K’
[2.911s]   113 |   virtual Ogre::SceneManager * [01;36m[KgetSceneManager[m[K() const = 0;
[2.911s]       |                                [01;36m[K^~~~~~~~~~~~~~~[m[K
[2.911s] [01m[K/opt/ros/humble/include/rviz_common/rviz_common/display_context.hpp:118:3:[m[K [01;36m[Knote: [m[K    ‘[01m[Kvirtual rviz_common::WindowManagerInterface* rviz_common::DisplayContext::getWindowManager() const[m[K’
[2.911s]   118 |   [01;36m[KgetWindowManager[m[K() const = 0;
[2.911s]       |   [01;36m[K^~~~~~~~~~~~~~~~[m[K
[2.911s] [01m[K/opt/ros/humble/include/rviz_common/rviz_common/display_context.hpp:123:3:[m[K [01;36m[Knote: [m[K    ‘[01m[Kvirtual std::shared_ptr<rviz_common::interaction::SelectionManagerIface> rviz_common::DisplayContext::getSelectionManager() const[m[K’
[2.911s]   123 |   [01;36m[KgetSelectionManager[m[K() const = 0;
[2.911s]       |   [01;36m[K^~~~~~~~~~~~~~~~~~~[m[K
[2.911s] [01m[K/opt/ros/humble/include/rviz_common/rviz_common/display_context.hpp:128:3:[m[K [01;36m[Knote: [m[K    ‘[01m[Kvirtual std::shared_ptr<rviz_common::interaction::HandlerManagerIface> rviz_common::DisplayContext::getHandlerManager() const[m[K’
[2.911s]   128 |   [01;36m[KgetHandlerManager[m[K() const = 0;
[2.911s]       |   [01;36m[K^~~~~~~~~~~~~~~~~[m[K
[2.911s] [01m[K/opt/ros/humble/include/rviz_common/rviz_common/display_context.hpp:133:3:[m[K [01;36m[Knote: [m[K    ‘[01m[Kvirtual std::shared_ptr<rviz_common::interaction::ViewPickerIface> rviz_common::DisplayContext::getViewPicker() const[m[K’
[2.911s]   133 |   [01;36m[KgetViewPicker[m[K() const = 0;
[2.911s]       |   [01;36m[K^~~~~~~~~~~~~[m[K
[2.911s] [01m[K/opt/ros/humble/include/rviz_common/rviz_common/display_context.hpp:138:3:[m[K [01;36m[Knote: [m[K    ‘[01m[Kvirtual rviz_common::FrameManagerIface* rviz_common::DisplayContext::getFrameManager() const[m[K’
[2.911s]   138 |   [01;36m[KgetFrameManager[m[K() const = 0;
[2.911s]       |   [01;36m[K^~~~~~~~~~~~~~~[m[K
[2.911s] [01m[K/opt/ros/humble/include/rviz_common/rviz_common/display_context.hpp:143:3:[m[K [01;36m[Knote: [m[K    ‘[01m[Kvirtual QString rviz_common::DisplayContext::getFixedFrame() const[m[K’
[2.911s]   143 |   [01;36m[KgetFixedFrame[m[K() const = 0;
[2.911s]       |   [01;36m[K^~~~~~~~~~~~~[m[K
[2.911s] [01m[K/opt/ros/humble/include/rviz_common/rviz_common/display_context.hpp:154:3:[m[K [01;36m[Knote: [m[K    ‘[01m[Kvirtual uint64_t rviz_common::DisplayContext::getFrameCount() const[m[K’
[2.911s]   154 |   [01;36m[KgetFrameCount[m[K() const = 0;
[2.911s]       |   [01;36m[K^~~~~~~~~~~~~[m[K
[2.911s] [01m[K/opt/ros/humble/include/rviz_common/rviz_common/display_context.hpp:159:3:[m[K [01;36m[Knote: [m[K    ‘[01m[Kvirtual rviz_common::DisplayFactory* rviz_common::DisplayContext::getDisplayFactory() const[m[K’
[2.911s]   159 |   [01;36m[KgetDisplayFactory[m[K() const = 0;
[2.911s]       |   [01;36m[K^~~~~~~~~~~~~~~~~[m[K
[2.911s] [01m[K/opt/ros/humble/include/rviz_common/rviz_common/display_context.hpp:164:3:[m[K [01;36m[Knote: [m[K    ‘[01m[Kvirtual rviz_common::ros_integration::RosNodeAbstractionIface::WeakPtr rviz_common::DisplayContext::getRosNodeAbstraction() const[m[K’
[2.911s]   164 |   [01;36m[KgetRosNodeAbstraction[m[K() const = 0;
[2.911s]       |   [01;36m[K^~~~~~~~~~~~~~~~~~~~~[m[K
[2.912s] [01m[K/opt/ros/humble/include/rviz_common/rviz_common/display_context.hpp:174:3:[m[K [01;36m[Knote: [m[K    ‘[01m[Kvirtual void rviz_common::DisplayContext::handleChar(QKeyEvent*, rviz_common::RenderPanel*)[m[K’
[2.912s]   174 |   [01;36m[KhandleChar[m[K(QKeyEvent * event, RenderPanel * panel) = 0;
[2.912s]       |   [01;36m[K^~~~~~~~~~[m[K
[2.912s] [01m[K/opt/ros/humble/include/rviz_common/rviz_common/display_context.hpp:179:3:[m[K [01;36m[Knote: [m[K    ‘[01m[Kvirtual void rviz_common::DisplayContext::handleMouseEvent(const rviz_common::ViewportMouseEvent&)[m[K’
[2.912s]   179 |   [01;36m[KhandleMouseEvent[m[K(const ViewportMouseEvent & event) = 0;
[2.912s]       |   [01;36m[K^~~~~~~~~~~~~~~~[m[K
[2.912s] [01m[K/opt/ros/humble/include/rviz_common/rviz_common/display_context.hpp:184:3:[m[K [01;36m[Knote: [m[K    ‘[01m[Kvirtual rviz_common::ToolManager* rviz_common::DisplayContext::getToolManager() const[m[K’
[2.912s]   184 |   [01;36m[KgetToolManager[m[K() const = 0;
[2.912s]       |   [01;36m[K^~~~~~~~~~~~~~[m[K
[2.912s] [01m[K/opt/ros/humble/include/rviz_common/rviz_common/display_context.hpp:189:3:[m[K [01;36m[Knote: [m[K    ‘[01m[Kvirtual rviz_common::ViewManager* rviz_common::DisplayContext::getViewManager() const[m[K’
[2.912s]   189 |   [01;36m[KgetViewManager[m[K() const = 0;
[2.912s]       |   [01;36m[K^~~~~~~~~~~~~~[m[K
[2.912s] [01m[K/opt/ros/humble/include/rviz_common/rviz_common/display_context.hpp:193:3:[m[K [01;36m[Knote: [m[K    ‘[01m[Kvirtual rviz_common::transformation::TransformationManager* rviz_common::DisplayContext::getTransformationManager()[m[K’
[2.912s]   193 |   [01;36m[KgetTransformationManager[m[K() = 0;
[2.912s]       |   [01;36m[K^~~~~~~~~~~~~~~~~~~~~~~~[m[K
[2.912s] [01m[K/opt/ros/humble/include/rviz_common/rviz_common/display_context.hpp:198:3:[m[K [01;36m[Knote: [m[K    ‘[01m[Kvirtual rviz_common::DisplayGroup* rviz_common::DisplayContext::getRootDisplayGroup() const[m[K’
[2.912s]   198 |   [01;36m[KgetRootDisplayGroup[m[K() const = 0;
[2.912s]       |   [01;36m[K^~~~~~~~~~~~~~~~~~~[m[K
[2.912s] [01m[K/opt/ros/humble/include/rviz_common/rviz_common/display_context.hpp:203:3:[m[K [01;36m[Knote: [m[K    ‘[01m[Kvirtual uint32_t rviz_common::DisplayContext::getDefaultVisibilityBit() const[m[K’
[2.912s]   203 |   [01;36m[KgetDefaultVisibilityBit[m[K() const = 0;
[2.912s]       |   [01;36m[K^~~~~~~~~~~~~~~~~~~~~~~[m[K
[2.912s] [01m[K/opt/ros/humble/include/rviz_common/rviz_common/display_context.hpp:208:3:[m[K [01;36m[Knote: [m[K    ‘[01m[Kvirtual rviz_common::BitAllocator* rviz_common::DisplayContext::visibilityBits()[m[K’
[2.912s]   208 |   [01;36m[KvisibilityBits[m[K() = 0;
[2.912s]       |   [01;36m[K^~~~~~~~~~~~~~[m[K
[2.912s] [01m[K/opt/ros/humble/include/rviz_common/rviz_common/display_context.hpp:213:3:[m[K [01;36m[Knote: [m[K    ‘[01m[Kvirtual void rviz_common::DisplayContext::setStatus(const QString&)[m[K’
[2.912s]   213 |   [01;36m[KsetStatus[m[K(const QString & message) = 0;
[2.912s]       |   [01;36m[K^~~~~~~~~[m[K
[2.912s] [01m[K/opt/ros/humble/include/rviz_common/rviz_common/display_context.hpp:217:3:[m[K [01;36m[Knote: [m[K    ‘[01m[Kvirtual QString rviz_common::DisplayContext::getHelpPath() const[m[K’
[2.912s]   217 |   [01;36m[KgetHelpPath[m[K() const = 0;
[2.912s]       |   [01;36m[K^~~~~~~~~~~[m[K
[2.912s] [01m[K/opt/ros/humble/include/rviz_common/rviz_common/display_context.hpp:221:3:[m[K [01;36m[Knote: [m[K    ‘[01m[Kvirtual std::shared_ptr<rclcpp::Clock> rviz_common::DisplayContext::getClock()[m[K’
[2.913s]   221 |   [01;36m[KgetClock[m[K() = 0;
[2.913s]       |   [01;36m[K^~~~~~~~[m[K
[2.913s] [01m[K/opt/ros/humble/include/rviz_common/rviz_common/display_context.hpp:225:3:[m[K [01;36m[Knote: [m[K    ‘[01m[Kvirtual void rviz_common::DisplayContext::lockRender()[m[K’
[2.913s]   225 |   [01;36m[KlockRender[m[K() = 0;
[2.913s]       |   [01;36m[K^~~~~~~~~~[m[K
[2.913s] [01m[K/opt/ros/humble/include/rviz_common/rviz_common/display_context.hpp:229:3:[m[K [01;36m[Knote: [m[K    ‘[01m[Kvirtual void rviz_common::DisplayContext::unlockRender()[m[K’
[2.913s]   229 |   [01;36m[KunlockRender[m[K() = 0;
[2.913s]       |   [01;36m[K^~~~~~~~~~~~[m[K
[2.913s] [01m[K/opt/ros/humble/include/rviz_common/rviz_common/display_context.hpp:240:3:[m[K [01;36m[Knote: [m[K    ‘[01m[Kvirtual void rviz_common::DisplayContext::queueRender()[m[K’
[2.913s]   240 |   [01;36m[KqueueRender[m[K() = 0;
[2.913s]       |   [01;36m[K^~~~~~~~~~~[m[K
[2.913s] [01m[K/home/hoapham/ros2_ws/src/gui/src/preparation.cpp:29:14:[m[K [01;31m[Kerror: [m[K‘[01m[Kclass rviz_common::DisplayContext[m[K’ has no member named ‘[01m[KsetSceneManager[m[K’; did you mean ‘[01m[KgetSceneManager[m[K’?
[2.913s]    29 |     context->[01;31m[KsetSceneManager[m[K(viz_manager_->getSceneManager());
[2.913s]       |              [01;31m[K^~~~~~~~~~~~~~~[m[K
[2.913s]       |              [32m[KgetSceneManager[m[K
[3.609s] gmake[2]: *** [CMakeFiles/gui.dir/build.make:160: CMakeFiles/gui.dir/src/preparation.cpp.o] Error 1
[3.609s] gmake[1]: *** [CMakeFiles/Makefile2:138: CMakeFiles/gui.dir/all] Error 2
[3.609s] gmake: *** [Makefile:146: all] Error 2
[3.612s] Invoked command in '/home/hoapham/ros2_ws/build/gui' returned '2': CMAKE_PREFIX_PATH=${CMAKE_PREFIX_PATH}:/opt/ros/humble /usr/bin/cmake --build /home/hoapham/ros2_ws/build/gui -- -j16 -l16
