[0.010s] Invoking command in '/home/hoapham/ros2_ws/build/zivid_rviz_plugin': CMAKE_PREFIX_PATH=${CMAKE_PREFIX_PATH}:/opt/ros/humble /usr/bin/cmake /home/hoapham/ros2_ws/src/zivid-ros/zivid_rviz_plugin -DCMAKE_INSTALL_PREFIX=/home/hoapham/ros2_ws/install/zivid_rviz_plugin
[0.055s] -- The C compiler identification is GNU 11.4.0
[0.095s] -- The CXX compiler identification is GNU 11.4.0
[0.101s] -- Detecting C compiler ABI info
[0.159s] -- Detecting C compiler ABI info - done
[0.163s] -- Check for working C compiler: /usr/bin/cc - skipped
[0.163s] -- Detecting C compile features
[0.163s] -- Detecting C compile features - done
[0.165s] -- Detecting CXX compiler ABI info
[0.226s] -- Detecting CXX compiler ABI info - done
[0.230s] -- Check for working CXX compiler: /usr/bin/c++ - skipped
[0.230s] -- Detecting CXX compile features
[0.231s] -- Detecting CXX compile features - done
[0.234s] -- Found ament_cmake: 1.3.11 (/opt/ros/humble/share/ament_cmake/cmake)
[0.337s] -- Found Python3: /usr/bin/python3 (found version "3.10.12") found components: Interpreter 
[0.414s] -- Found ament_cmake_ros: 0.10.0 (/opt/ros/humble/share/ament_cmake_ros/cmake)
[0.423s] -- Found rclcpp: 16.0.12 (/opt/ros/humble/share/rclcpp/cmake)
[0.463s] -- Found rosidl_generator_c: 3.1.6 (/opt/ros/humble/share/rosidl_generator_c/cmake)
[0.468s] -- Found rosidl_adapter: 3.1.6 (/opt/ros/humble/share/rosidl_adapter/cmake)
[0.476s] -- Found rosidl_generator_cpp: 3.1.6 (/opt/ros/humble/share/rosidl_generator_cpp/cmake)
[0.485s] -- Using all available rosidl_typesupport_c: rosidl_typesupport_fastrtps_c;rosidl_typesupport_introspection_c
[0.498s] -- Using all available rosidl_typesupport_cpp: rosidl_typesupport_fastrtps_cpp;rosidl_typesupport_introspection_cpp
[0.534s] -- Found rmw_implementation_cmake: 6.1.2 (/opt/ros/humble/share/rmw_implementation_cmake/cmake)
[0.537s] -- Found rmw_cyclonedds_cpp: 1.3.4 (/opt/ros/humble/share/rmw_cyclonedds_cpp/cmake)
[0.556s] -- Using RMW implementation 'rmw_cyclonedds_cpp' as default
[0.564s] -- Looking for pthread.h
[0.621s] -- Looking for pthread.h - found
[0.621s] -- Performing Test CMAKE_HAVE_LIBC_PTHREAD
[0.685s] -- Performing Test CMAKE_HAVE_LIBC_PTHREAD - Success
[0.685s] -- Found Threads: TRUE  
[0.723s] -- Found pluginlib: 5.1.0 (/opt/ros/humble/share/pluginlib/cmake)
[0.748s] -- Found rviz_common: 11.2.16 (/opt/ros/humble/share/rviz_common/cmake)
[0.767s] -- Setting assimp_DIR to: '/opt/ros/humble/share/rviz_assimp_vendor/cmake/../../../opt/rviz_assimp_vendor/lib/cmake/assimp-4.1'
[0.775s] -- Setting OGRE_DIR to: '/opt/ros/humble/share/rviz_ogre_vendor/cmake/../../../opt/rviz_ogre_vendor/lib/OGRE/cmake'
[0.775s] -- Found OGRE
[0.775s] --   static     : OFF
[0.775s] --   components : HLMS;MeshLodGenerator;Overlay;Paging;Property;RTShaderSystem;Terrain;Volume
[0.775s] --   plugins    : Plugin_BSPSceneManager;Plugin_OctreeSceneManager;Plugin_PCZSceneManager;Plugin_ParticleFX;RenderSystem_GL;RenderSystem_GL3Plus;Codec_STBI
[0.775s] --   media      : /opt/ros/humble/opt/rviz_ogre_vendor/share/OGRE/Media
[0.775s] -- OGRE_LIBRARIES: OgreHLMS;OgreMeshLodGenerator;OgreOverlay;OgrePaging;OgreProperty;OgreRTShaderSystem;OgreTerrain;OgreVolume;OgreMain
[0.775s] -- OGRE_LIBRARY_DIRS: /opt/ros/humble/opt/rviz_ogre_vendor/lib
[0.776s] -- OGRE_PLUGINS: Plugin_BSPSceneManager;Plugin_OctreeSceneManager;Plugin_PCZSceneManager;Plugin_ParticleFX;RenderSystem_GL;RenderSystem_GL3Plus;Codec_STBI
[0.776s] -- OGRE_PLUGIN_DIR: /opt/ros/humble/opt/rviz_ogre_vendor/lib/OGRE
[0.776s] -- rviz_ogre_vendor::OgreOverlay for IMPORTED_LOCATION_RELEASE: /opt/ros/humble/opt/rviz_ogre_vendor/lib/libOgreOverlay.so
[0.776s] -- rviz_ogre_vendor::OgreOverlay for IMPORTED_LOCATION_DEBUG: /opt/ros/humble/opt/rviz_ogre_vendor/lib/libOgreOverlay.so
[0.776s] -- rviz_ogre_vendor::OgreMain for IMPORTED_LOCATION_RELEASE: /opt/ros/humble/opt/rviz_ogre_vendor/lib/libOgreMain.so
[0.776s] -- rviz_ogre_vendor::OgreMain for IMPORTED_LOCATION_DEBUG: /opt/ros/humble/opt/rviz_ogre_vendor/lib/libOgreMain.so
[0.792s] -- Found ZLIB: /usr/lib/x86_64-linux-gnu/libz.so (found version "1.2.11") 
[0.797s] -- Found OpenGL: /usr/lib/x86_64-linux-gnu/libOpenGL.so   
[0.873s] -- Found X11: /usr/include   
[0.873s] -- Looking for XOpenDisplay in /usr/lib/x86_64-linux-gnu/libX11.so;/usr/lib/x86_64-linux-gnu/libXext.so
[0.935s] -- Looking for XOpenDisplay in /usr/lib/x86_64-linux-gnu/libX11.so;/usr/lib/x86_64-linux-gnu/libXext.so - found
[0.935s] -- Looking for gethostbyname
[0.993s] -- Looking for gethostbyname - found
[0.993s] -- Looking for connect
[1.052s] -- Looking for connect - found
[1.052s] -- Looking for remove
[1.112s] -- Looking for remove - found
[1.112s] -- Looking for shmat
[1.172s] -- Looking for shmat - found
[1.172s] -- Looking for IceConnectionNumber in ICE
[1.234s] -- Looking for IceConnectionNumber in ICE - found
[1.319s] -- library: /usr/lib/x86_64-linux-gnu/libcurl.so
[1.358s] -- Found Eigen3: TRUE (found version "3.4.0") 
[1.359s] -- Ensuring Eigen3 include directory is part of orocos-kdl CMake target
[1.445s] -- Found std_srvs: 4.8.0 (/opt/ros/humble/share/std_srvs/cmake)
[1.450s] -- Found zivid_interfaces: 3.1.0 (/home/hoapham/ros2_ws/install/zivid_interfaces/share/zivid_interfaces/cmake)
[1.462s] -- Found ament_lint_auto: 0.12.12 (/opt/ros/humble/share/ament_lint_auto/cmake)
[1.519s] -- Added test 'clang_format' to check C / C++ code style
[1.520s] -- Added test 'clang_tidy' to check C / C++ code style
[1.521s] -- Added test 'cppcheck' to perform static code analysis on C / C++ code
[1.521s] -- Configured cppcheck include dirs: $<BUILD_INTERFACE:/home/hoapham/ros2_ws/src/zivid-ros/zivid_rviz_plugin/include>
[1.521s] -- Configured cppcheck exclude dirs and/or files: 
[1.521s] -- Added test 'lint_cmake' to check CMake code style
[1.522s] -- Added test 'xmllint' to check XML markup files
[1.523s] -- Configuring done
[1.544s] -- Generating done
[1.548s] -- Build files have been written to: /home/hoapham/ros2_ws/build/zivid_rviz_plugin
[1.558s] Invoked command in '/home/hoapham/ros2_ws/build/zivid_rviz_plugin' returned '0': CMAKE_PREFIX_PATH=${CMAKE_PREFIX_PATH}:/opt/ros/humble /usr/bin/cmake /home/hoapham/ros2_ws/src/zivid-ros/zivid_rviz_plugin -DCMAKE_INSTALL_PREFIX=/home/hoapham/ros2_ws/install/zivid_rviz_plugin
[1.559s] Invoking command in '/home/hoapham/ros2_ws/build/zivid_rviz_plugin': CMAKE_PREFIX_PATH=${CMAKE_PREFIX_PATH}:/opt/ros/humble /usr/bin/cmake --build /home/hoapham/ros2_ws/build/zivid_rviz_plugin
[1.606s] [ 16%] [34m[1mAutomatic MOC for target zivid_rviz_plugin[0m
[1.634s] [ 16%] Built target zivid_rviz_plugin_autogen
[1.644s] [ 33%] [34m[1mGenerating include/zivid_rviz_plugin/moc_infield_correction.cpp[0m
[1.666s] [ 83%] [32mBuilding CXX object CMakeFiles/zivid_rviz_plugin.dir/src/infield_correction.cpp.o[0m
[1.666s] [ 83%] [32mBuilding CXX object CMakeFiles/zivid_rviz_plugin.dir/include/zivid_rviz_plugin/moc_infield_correction.cpp.o[0m
[1.666s] [ 83%] [32mBuilding CXX object CMakeFiles/zivid_rviz_plugin.dir/zivid_rviz_plugin_autogen/mocs_compilation.cpp.o[0m
[5.722s] [100%] [32m[1mLinking CXX shared library libzivid_rviz_plugin.so[0m
[6.546s] [100%] Built target zivid_rviz_plugin
[6.557s] Invoked command in '/home/hoapham/ros2_ws/build/zivid_rviz_plugin' returned '0': CMAKE_PREFIX_PATH=${CMAKE_PREFIX_PATH}:/opt/ros/humble /usr/bin/cmake --build /home/hoapham/ros2_ws/build/zivid_rviz_plugin
[6.558s] Invoking command in '/home/hoapham/ros2_ws/build/zivid_rviz_plugin': CMAKE_PREFIX_PATH=${CMAKE_PREFIX_PATH}:/opt/ros/humble /usr/bin/cmake --install /home/hoapham/ros2_ws/build/zivid_rviz_plugin
[6.564s] -- Install configuration: ""
[6.564s] -- Installing: /home/hoapham/ros2_ws/install/zivid_rviz_plugin/lib/libzivid_rviz_plugin.so
[6.566s] -- Set runtime path of "/home/hoapham/ros2_ws/install/zivid_rviz_plugin/lib/libzivid_rviz_plugin.so" to ""
[6.566s] -- Installing: /home/hoapham/ros2_ws/install/zivid_rviz_plugin/include
[6.566s] -- Installing: /home/hoapham/ros2_ws/install/zivid_rviz_plugin/include/zivid_rviz_plugin
[6.566s] -- Installing: /home/hoapham/ros2_ws/install/zivid_rviz_plugin/include/zivid_rviz_plugin/infield_correction.hpp
[6.566s] -- Installing: /home/hoapham/ros2_ws/install/zivid_rviz_plugin/share/zivid_rviz_plugin/plugins.xml
[6.567s] -- Installing: /home/hoapham/ros2_ws/install/zivid_rviz_plugin/share/zivid_rviz_plugin/icons/classes/Zivid Infield Correction.png
[6.567s] -- Up-to-date: /home/hoapham/ros2_ws/install/zivid_rviz_plugin/share/zivid_rviz_plugin/plugins.xml
[6.567s] -- Installing: /home/hoapham/ros2_ws/install/zivid_rviz_plugin/share/ament_index/resource_index/package_run_dependencies/zivid_rviz_plugin
[6.567s] -- Installing: /home/hoapham/ros2_ws/install/zivid_rviz_plugin/share/ament_index/resource_index/parent_prefix_path/zivid_rviz_plugin
[6.567s] -- Installing: /home/hoapham/ros2_ws/install/zivid_rviz_plugin/share/zivid_rviz_plugin/environment/ament_prefix_path.sh
[6.568s] -- Installing: /home/hoapham/ros2_ws/install/zivid_rviz_plugin/share/zivid_rviz_plugin/environment/ament_prefix_path.dsv
[6.568s] -- Installing: /home/hoapham/ros2_ws/install/zivid_rviz_plugin/share/zivid_rviz_plugin/environment/path.sh
[6.568s] -- Installing: /home/hoapham/ros2_ws/install/zivid_rviz_plugin/share/zivid_rviz_plugin/environment/path.dsv
[6.568s] -- Installing: /home/hoapham/ros2_ws/install/zivid_rviz_plugin/share/zivid_rviz_plugin/local_setup.bash
[6.568s] -- Installing: /home/hoapham/ros2_ws/install/zivid_rviz_plugin/share/zivid_rviz_plugin/local_setup.sh
[6.568s] -- Installing: /home/hoapham/ros2_ws/install/zivid_rviz_plugin/share/zivid_rviz_plugin/local_setup.zsh
[6.568s] -- Installing: /home/hoapham/ros2_ws/install/zivid_rviz_plugin/share/zivid_rviz_plugin/local_setup.dsv
[6.568s] -- Installing: /home/hoapham/ros2_ws/install/zivid_rviz_plugin/share/zivid_rviz_plugin/package.dsv
[6.568s] -- Installing: /home/hoapham/ros2_ws/install/zivid_rviz_plugin/share/ament_index/resource_index/packages/zivid_rviz_plugin
[6.568s] -- Installing: /home/hoapham/ros2_ws/install/zivid_rviz_plugin/share/ament_index/resource_index/rviz_common__pluginlib__plugin/zivid_rviz_plugin
[6.568s] -- Installing: /home/hoapham/ros2_ws/install/zivid_rviz_plugin/share/zivid_rviz_plugin/cmake/export_zivid_rviz_pluginExport.cmake
[6.568s] -- Installing: /home/hoapham/ros2_ws/install/zivid_rviz_plugin/share/zivid_rviz_plugin/cmake/export_zivid_rviz_pluginExport-noconfig.cmake
[6.569s] -- Installing: /home/hoapham/ros2_ws/install/zivid_rviz_plugin/share/zivid_rviz_plugin/cmake/ament_cmake_export_include_directories-extras.cmake
[6.569s] -- Installing: /home/hoapham/ros2_ws/install/zivid_rviz_plugin/share/zivid_rviz_plugin/cmake/ament_cmake_export_targets-extras.cmake
[6.569s] -- Installing: /home/hoapham/ros2_ws/install/zivid_rviz_plugin/share/zivid_rviz_plugin/cmake/zivid_rviz_pluginConfig.cmake
[6.569s] -- Installing: /home/hoapham/ros2_ws/install/zivid_rviz_plugin/share/zivid_rviz_plugin/cmake/zivid_rviz_pluginConfig-version.cmake
[6.569s] -- Installing: /home/hoapham/ros2_ws/install/zivid_rviz_plugin/share/zivid_rviz_plugin/package.xml
[6.571s] Invoked command in '/home/hoapham/ros2_ws/build/zivid_rviz_plugin' returned '0': CMAKE_PREFIX_PATH=${CMAKE_PREFIX_PATH}:/opt/ros/humble /usr/bin/cmake --install /home/hoapham/ros2_ws/build/zivid_rviz_plugin
