[0.012s] Invoking command in '/home/hoapham/ros2_ws/build/gui': CMAKE_PREFIX_PATH=${CMAKE_PREFIX_PATH}:/opt/ros/humble /usr/bin/cmake --build /home/hoapham/ros2_ws/build/gui -- -j16 -l16
[0.057s] [ 11%] [34m[1mAutomatic MOC and UIC for target gui[0m
[0.084s] [ 11%] Built target gui_autogen
[0.109s] [35m[1mConsolidate compiler generated dependencies of target gui[0m
[0.154s] [ 33%] [32mBuilding CXX object CMakeFiles/gui.dir/src/main.cpp.o[0m
[0.154s] [ 33%] [32mBuilding CXX object CMakeFiles/gui.dir/src/preparation.cpp.o[0m
[4.097s] [01m[K/home/hoapham/ros2_ws/src/gui/src/preparation.cpp:[m[K In constructor ‘[01m[KForm::Form(QWidget*)[m[K’:
[4.097s] [01m[K/home/hoapham/ros2_ws/src/gui/src/preparation.cpp:18:24:[m[K [01;31m[Kerror: [m[Kexpected type-specifier before ‘[01m[KVisualizationManager[m[K’
[4.097s]    18 |     viz_manager_ = new [01;31m[KVisualizationManager[m[K(render_panel_);
[4.097s]       |                        [01;31m[K^~~~~~~~~~~~~~~~~~~~[m[K
[4.097s] [01m[K/home/hoapham/ros2_ws/src/gui/src/preparation.cpp:19:43:[m[K [01;31m[Kerror: [m[Kinvalid use of incomplete type ‘[01m[Kclass rviz_common::VisualizationManager[m[K’
[4.097s]    19 |     render_panel_->initialize(viz_manager_[01;31m[K->[m[KgetSceneManager(), viz_manager_);
[4.098s]       |                                           [01;31m[K^~[m[K
[4.098s] In file included from [01m[K/home/hoapham/ros2_ws/src/gui/include/gui/preparation.h:18[m[K,
[4.098s]                  from [01m[K/home/hoapham/ros2_ws/src/gui/src/preparation.cpp:1[m[K:
[4.098s] [01m[K/home/hoapham/ros2_ws/src/gui/include/gui/rviz_preparation.h:28:7:[m[K [01;36m[Knote: [m[Kforward declaration of ‘[01m[Kclass rviz_common::VisualizationManager[m[K’
[4.098s]    28 | class [01;36m[KVisualizationManager[m[K;
[4.098s]       |       [01;36m[K^~~~~~~~~~~~~~~~~~~~[m[K
[4.098s] [01m[K/home/hoapham/ros2_ws/src/gui/src/preparation.cpp:20:17:[m[K [01;31m[Kerror: [m[Kinvalid use of incomplete type ‘[01m[Kclass rviz_common::VisualizationManager[m[K’
[4.098s]    20 |     viz_manager_[01;31m[K->[m[Kinitialize();
[4.098s]       |                 [01;31m[K^~[m[K
[4.098s] In file included from [01m[K/home/hoapham/ros2_ws/src/gui/include/gui/preparation.h:18[m[K,
[4.098s]                  from [01m[K/home/hoapham/ros2_ws/src/gui/src/preparation.cpp:1[m[K:
[4.098s] [01m[K/home/hoapham/ros2_ws/src/gui/include/gui/rviz_preparation.h:28:7:[m[K [01;36m[Knote: [m[Kforward declaration of ‘[01m[Kclass rviz_common::VisualizationManager[m[K’
[4.098s]    28 | class [01;36m[KVisualizationManager[m[K;
[4.098s]       |       [01;36m[K^~~~~~~~~~~~~~~~~~~~[m[K
[4.098s] [01m[K/home/hoapham/ros2_ws/src/gui/src/preparation.cpp:21:17:[m[K [01;31m[Kerror: [m[Kinvalid use of incomplete type ‘[01m[Kclass rviz_common::VisualizationManager[m[K’
[4.098s]    21 |     viz_manager_[01;31m[K->[m[KstartUpdate();
[4.098s]       |                 [01;31m[K^~[m[K
[4.098s] In file included from [01m[K/home/hoapham/ros2_ws/src/gui/include/gui/preparation.h:18[m[K,
[4.098s]                  from [01m[K/home/hoapham/ros2_ws/src/gui/src/preparation.cpp:1[m[K:
[4.098s] [01m[K/home/hoapham/ros2_ws/src/gui/include/gui/rviz_preparation.h:28:7:[m[K [01;36m[Knote: [m[Kforward declaration of ‘[01m[Kclass rviz_common::VisualizationManager[m[K’
[4.098s]    28 | class [01;36m[KVisualizationManager[m[K;
[4.098s]       |       [01;36m[K^~~~~~~~~~~~~~~~~~~~[m[K
[4.098s] [01m[K/home/hoapham/ros2_ws/src/gui/src/preparation.cpp:24:38:[m[K [01;31m[Kerror: [m[Kinvalid use of incomplete type ‘[01m[Kclass rviz_common::VisualizationManager[m[K’
[4.098s]    24 |     auto *grid_display = viz_manager_[01;31m[K->[m[KcreateDisplay("rviz_default_plugins/Grid", "Grid", true);
[4.098s]       |                                      [01;31m[K^~[m[K
[4.098s] In file included from [01m[K/home/hoapham/ros2_ws/src/gui/include/gui/preparation.h:18[m[K,
[4.098s]                  from [01m[K/home/hoapham/ros2_ws/src/gui/src/preparation.cpp:1[m[K:
[4.099s] [01m[K/home/hoapham/ros2_ws/src/gui/include/gui/rviz_preparation.h:28:7:[m[K [01;36m[Knote: [m[Kforward declaration of ‘[01m[Kclass rviz_common::VisualizationManager[m[K’
[4.099s]    28 | class [01;36m[KVisualizationManager[m[K;
[4.099s]       |       [01;36m[K^~~~~~~~~~~~~~~~~~~~[m[K
[4.099s] [01m[K/home/hoapham/ros2_ws/src/gui/src/preparation.cpp:[m[K In destructor ‘[01m[Kvirtual Form::~Form()[m[K’:
[4.099s] [01m[K/home/hoapham/ros2_ws/src/gui/src/preparation.cpp:33:5:[m[K [01;35m[Kwarning: [m[Kpossible problem detected in invocation of ‘[01m[Koperator delete[m[K’ [[01;35m[K]8;;https://gcc.gnu.org/onlinedocs/gcc/Warning-Options.html#index-Wdelete-incomplete-Wdelete-incomplete]8;;[m[K]
[4.099s]    33 |     [01;35m[Kdelete viz_manager_[m[K;
[4.099s]       |     [01;35m[K^~~~~~~~~~~~~~~~~~~[m[K
[4.099s] [01m[K/home/hoapham/ros2_ws/src/gui/src/preparation.cpp:33:12:[m[K [01;35m[Kwarning: [m[Kinvalid use of incomplete type ‘[01m[Kclass rviz_common::VisualizationManager[m[K’
[4.099s]    33 |     delete [01;35m[Kviz_manager_[m[K;
[4.099s]       |            [01;35m[K^~~~~~~~~~~~[m[K
[4.099s] In file included from [01m[K/home/hoapham/ros2_ws/src/gui/include/gui/preparation.h:18[m[K,
[4.099s]                  from [01m[K/home/hoapham/ros2_ws/src/gui/src/preparation.cpp:1[m[K:
[4.099s] [01m[K/home/hoapham/ros2_ws/src/gui/include/gui/rviz_preparation.h:28:7:[m[K [01;36m[Knote: [m[Kforward declaration of ‘[01m[Kclass rviz_common::VisualizationManager[m[K’
[4.099s]    28 | class [01;36m[KVisualizationManager[m[K;
[4.099s]       |       [01;36m[K^~~~~~~~~~~~~~~~~~~~[m[K
[4.099s] [01m[K/home/hoapham/ros2_ws/src/gui/src/preparation.cpp:33:5:[m[K [01;36m[Knote: [m[Kneither the destructor nor the class-specific ‘[01m[Koperator delete[m[K’ will be called, even if they are declared when the class is defined
[4.099s]    33 |     [01;36m[Kdelete viz_manager_[m[K;
[4.099s]       |     [01;36m[K^~~~~~~~~~~~~~~~~~~[m[K
[4.620s] [01m[K/home/hoapham/ros2_ws/src/gui/src/main.cpp:[m[K In function ‘[01m[Kint main(int, char**)[m[K’:
[4.621s] [01m[K/home/hoapham/ros2_ws/src/gui/src/main.cpp:20:54:[m[K [01;31m[Kerror: [m[Kno matching function for call to ‘[01m[KForm::Form(QApplication*, std::shared_ptr<rviz_common::ros_integration::RosNodeAbstraction>&)[m[K’
[4.621s]    20 |     auto second_window = new Form(&app, node_weak_ptr[01;31m[K)[m[K;
[4.621s]       |                                                      [01;31m[K^[m[K
[4.621s] In file included from [01m[K/home/hoapham/ros2_ws/src/gui/include/gui/hello_gui.h:31[m[K,
[4.621s]                  from [01m[K/home/hoapham/ros2_ws/src/gui/src/main.cpp:4[m[K:
[4.621s] [01m[K/home/hoapham/ros2_ws/src/gui/include/gui/preparation.h:28:14:[m[K [01;36m[Knote: [m[Kcandidate: ‘[01m[KForm::Form(QWidget*)[m[K’
[4.621s]    28 |     explicit [01;36m[KForm[m[K(
[4.621s]       |              [01;36m[K^~~~[m[K
[4.621s] [01m[K/home/hoapham/ros2_ws/src/gui/include/gui/preparation.h:28:14:[m[K [01;36m[Knote: [m[K  candidate expects 1 argument, 2 provided
[5.408s] gmake[2]: *** [CMakeFiles/gui.dir/build.make:160: CMakeFiles/gui.dir/src/preparation.cpp.o] Error 1
[5.408s] gmake[2]: *** Waiting for unfinished jobs....
[5.529s] gmake[2]: *** [CMakeFiles/gui.dir/build.make:90: CMakeFiles/gui.dir/src/main.cpp.o] Error 1
[5.530s] gmake[1]: *** [CMakeFiles/Makefile2:138: CMakeFiles/gui.dir/all] Error 2
[5.530s] gmake: *** [Makefile:146: all] Error 2
[5.534s] Invoked command in '/home/hoapham/ros2_ws/build/gui' returned '2': CMAKE_PREFIX_PATH=${CMAKE_PREFIX_PATH}:/opt/ros/humble /usr/bin/cmake --build /home/hoapham/ros2_ws/build/gui -- -j16 -l16
