[0.011s] Invoking command in '/home/hoapham/ros2_ws/build/gui': CMAKE_PREFIX_PATH=${CMAKE_PREFIX_PATH}:/opt/ros/humble /usr/bin/cmake --build /home/hoapham/ros2_ws/build/gui -- -j16 -l16
[0.078s] [ 11%] [34m[1mAutomatic MOC and UIC for target gui[0m
[0.112s] [ 11%] Built target gui_autogen
[0.136s] [35m[1mConsolidate compiler generated dependencies of target gui[0m
[0.183s] [ 44%] [32mBuilding CXX object CMakeFiles/gui.dir/gui_autogen/mocs_compilation.cpp.o[0m
[0.183s] [ 44%] [32mBuilding CXX object CMakeFiles/gui.dir/src/rviz_window.cpp.o[0m
[0.183s] [ 44%] [32mBuilding CXX object CMakeFiles/gui.dir/src/preparation.cpp.o[0m
[2.828s] In file included from [01m[K/home/hoapham/ros2_ws/src/gui/src/rviz_window.cpp:2[m[K:
[2.828s] [01m[K/home/hoapham/ros2_ws/src/gui/include/gui/rviz_window.h:21:35:[m[K [01;31m[Kerror: [m[K‘[01m[KRosNodeAbstractionPtr[m[K’ in namespace ‘[01m[Krviz_common::ros_integration[m[K’ does not name a type; did you mean ‘[01m[KRosNodeAbstraction[m[K’?
[2.828s]    21 |     rviz_common::ros_integration::[01;31m[KRosNodeAbstractionPtr[m[K ros_node_abstraction_shared_;
[2.828s]       |                                   [01;31m[K^~~~~~~~~~~~~~~~~~~~~[m[K
[2.828s]       |                                   [32m[KRosNodeAbstraction[m[K
[2.842s] [01m[K/home/hoapham/ros2_ws/src/gui/src/rviz_window.cpp:[m[K In constructor ‘[01m[KRvizWindow::RvizWindow(QWidget*)[m[K’:
[2.842s] [01m[K/home/hoapham/ros2_ws/src/gui/src/rviz_window.cpp:14:5:[m[K [01;31m[Kerror: [m[K‘[01m[Kros_node_abstraction_shared_[m[K’ was not declared in this scope; did you mean ‘[01m[Kros_node_abstraction_[m[K’?
[2.842s]    14 |     [01;31m[Kros_node_abstraction_shared_[m[K = std::make_shared<rviz_common::ros_integration::RosNodeAbstraction>("rviz_window_node");
[2.842s]       |     [01;31m[K^~~~~~~~~~~~~~~~~~~~~~~~~~~~[m[K
[2.842s]       |     [32m[Kros_node_abstraction_[m[K
[2.844s] [01m[K/home/hoapham/ros2_ws/src/gui/src/rviz_window.cpp:27:56:[m[K [01;31m[Kerror: [m[Kcannot convert ‘[01m[KOgre::SceneManager*[m[K’ to ‘[01m[Krviz_common::DisplayContext*[m[K’
[2.844s]    27 |     render_panel_->initialize([01;31m[Kmanager_->getSceneManager()[m[K, manager_);
[2.844s]       |                               [01;31m[K~~~~~~~~~~~~~~~~~~~~~~~~~^~[m[K
[2.844s]       |                                                        [01;31m[K|[m[K
[2.844s]       |                                                        [01;31m[KOgre::SceneManager*[m[K
[2.844s] In file included from [01m[K/home/hoapham/ros2_ws/src/gui/include/gui/rviz_window.h:4[m[K,
[2.844s]                  from [01m[K/home/hoapham/ros2_ws/src/gui/src/rviz_window.cpp:2[m[K:
[2.844s] [01m[K/opt/ros/humble/include/rviz_common/rviz_common/render_panel.hpp:80:36:[m[K [01;36m[Knote: [m[K  initializing argument 1 of ‘[01m[Kvoid rviz_common::RenderPanel::initialize(rviz_common::DisplayContext*, bool)[m[K’
[2.844s]    80 |   void initialize([01;36m[KDisplayContext * manager[m[K, bool use_main_scene = false);
[2.844s]       |                   [01;36m[K~~~~~~~~~~~~~~~~~^~~~~~~[m[K
[2.844s] In file included from [01m[K/opt/ros/humble/include/rclcpp/rclcpp/client.hpp:40[m[K,
[2.844s]                  from [01m[K/opt/ros/humble/include/rclcpp/rclcpp/callback_group.hpp:24[m[K,
[2.844s]                  from [01m[K/opt/ros/humble/include/rclcpp/rclcpp/any_executable.hpp:20[m[K,
[2.844s]                  from [01m[K/opt/ros/humble/include/rclcpp/rclcpp/memory_strategy.hpp:25[m[K,
[2.844s]                  from [01m[K/opt/ros/humble/include/rclcpp/rclcpp/memory_strategies.hpp:18[m[K,
[2.845s]                  from [01m[K/opt/ros/humble/include/rclcpp/rclcpp/executor_options.hpp:20[m[K,
[2.845s]                  from [01m[K/opt/ros/humble/include/rclcpp/rclcpp/executor.hpp:37[m[K,
[2.845s]                  from [01m[K/opt/ros/humble/include/rclcpp/rclcpp/executors/multi_threaded_executor.hpp:25[m[K,
[2.845s]                  from [01m[K/opt/ros/humble/include/rclcpp/rclcpp/executors.hpp:21[m[K,
[2.845s]                  from [01m[K/opt/ros/humble/include/rclcpp/rclcpp/rclcpp.hpp:155[m[K,
[2.845s]                  from [01m[K/opt/ros/humble/include/tf2_ros/tf2_ros/transform_listener.h:45[m[K,
[2.845s]                  from [01m[K/opt/ros/humble/include/rviz_common/rviz_common/visualization_manager.hpp:40[m[K,
[2.845s]                  from [01m[K/home/hoapham/ros2_ws/src/gui/include/gui/rviz_window.h:5[m[K,
[2.845s]                  from [01m[K/home/hoapham/ros2_ws/src/gui/src/rviz_window.cpp:2[m[K:
[2.845s] [01m[K/home/hoapham/ros2_ws/src/gui/src/rviz_window.cpp:34:9:[m[K [01;31m[Kerror: [m[Ktemplate argument 1 is invalid
[2.845s]    34 |         [01;31m[KRCLCPP_ERROR[m[K(raw_node->get_logger(), "Failed to create Grid display");
[2.845s]       |         [01;31m[K^~~~~~~~~~~~[m[K
[2.845s] [01m[K/home/hoapham/ros2_ws/src/gui/src/rviz_window.cpp:34:9:[m[K [01;31m[Kerror: [m[Ktemplate argument 1 is invalid
[2.845s]    34 |         [01;31m[KRCLCPP_ERROR[m[K(raw_node->get_logger(), "Failed to create Grid display");
[2.845s]       |         [01;31m[K^~~~~~~~~~~~[m[K
[2.846s] [01m[K/home/hoapham/ros2_ws/src/gui/src/rviz_window.cpp:34:9:[m[K [01;31m[Kerror: [m[Ktemplate argument 1 is invalid
[2.846s]    34 |         [01;31m[KRCLCPP_ERROR[m[K(raw_node->get_logger(), "Failed to create Grid display");
[2.846s]       |         [01;31m[K^~~~~~~~~~~~[m[K
[3.040s] [01m[K/home/hoapham/ros2_ws/src/gui/src/preparation.cpp:[m[K In constructor ‘[01m[KForm::Form(QWidget*, rviz_common::ros_integration::RosNodeAbstractionIface::WeakPtr)[m[K’:
[3.040s] [01m[K/home/hoapham/ros2_ws/src/gui/src/preparation.cpp:11:68:[m[K [01;35m[Kwarning: [m[Kunused parameter ‘[01m[Knode[m[K’ [[01;35m[K]8;;https://gcc.gnu.org/onlinedocs/gcc/Warning-Options.html#index-Wunused-parameter-Wunused-parameter]8;;[m[K]
[3.040s]    11 |     [01;35m[Krviz_common::ros_integration::RosNodeAbstractionIface::WeakPtr node[m[K) :
[3.040s]       |     [01;35m[K~~~~~~~~~~~~~~~~~~~~~~~~~~~~~~~~~~~~~~~~~~~~~~~~~~~~~~~~~~~~~~~^~~~[m[K
[3.549s] gmake[2]: *** [CMakeFiles/gui.dir/build.make:160: CMakeFiles/gui.dir/src/rviz_window.cpp.o] Error 1
[3.549s] gmake[2]: *** Waiting for unfinished jobs....
[5.010s] In file included from [01m[K/home/hoapham/ros2_ws/build/gui/gui_autogen/BMPI5EA7AM/moc_rviz_window.cpp:10[m[K,
[5.010s]                  from [01m[K/home/hoapham/ros2_ws/build/gui/gui_autogen/mocs_compilation.cpp:5[m[K:
[5.010s] [01m[K/home/hoapham/ros2_ws/build/gui/gui_autogen/BMPI5EA7AM/../../../../src/gui/include/gui/rviz_window.h:21:35:[m[K [01;31m[Kerror: [m[K‘[01m[KRosNodeAbstractionPtr[m[K’ in namespace ‘[01m[Krviz_common::ros_integration[m[K’ does not name a type; did you mean ‘[01m[KRosNodeAbstraction[m[K’?
[5.010s]    21 |     rviz_common::ros_integration::[01;31m[KRosNodeAbstractionPtr[m[K ros_node_abstraction_shared_;
[5.010s]       |                                   [01;31m[K^~~~~~~~~~~~~~~~~~~~~[m[K
[5.010s]       |                                   [32m[KRosNodeAbstraction[m[K
[5.870s] gmake[2]: *** [CMakeFiles/gui.dir/build.make:76: CMakeFiles/gui.dir/gui_autogen/mocs_compilation.cpp.o] Error 1
[5.871s] gmake[1]: *** [CMakeFiles/Makefile2:138: CMakeFiles/gui.dir/all] Error 2
[5.871s] gmake: *** [Makefile:146: all] Error 2
[5.874s] Invoked command in '/home/hoapham/ros2_ws/build/gui' returned '2': CMAKE_PREFIX_PATH=${CMAKE_PREFIX_PATH}:/opt/ros/humble /usr/bin/cmake --build /home/hoapham/ros2_ws/build/gui -- -j16 -l16
