[35m[1mConsolidate compiler generated dependencies of target pcd_publisher[0m
[100%] Built target pcd_publisher
-- Install configuration: ""
-- Installing: /home/hoapham/ros2_ws/install/pcd_visualizer/lib/pcd_visualizer/pcd_publisher
-- Set runtime path of "/home/hoapham/ros2_ws/install/pcd_visualizer/lib/pcd_visualizer/pcd_publisher" to ""
-- Installing: /home/hoapham/ros2_ws/install/pcd_visualizer/share/ament_index/resource_index/package_run_dependencies/pcd_visualizer
-- Installing: /home/hoapham/ros2_ws/install/pcd_visualizer/share/ament_index/resource_index/parent_prefix_path/pcd_visualizer
-- Installing: /home/hoapham/ros2_ws/install/pcd_visualizer/share/pcd_visualizer/environment/ament_prefix_path.sh
-- Installing: /home/hoapham/ros2_ws/install/pcd_visualizer/share/pcd_visualizer/environment/ament_prefix_path.dsv
-- Installing: /home/hoapham/ros2_ws/install/pcd_visualizer/share/pcd_visualizer/environment/path.sh
-- Installing: /home/hoapham/ros2_ws/install/pcd_visualizer/share/pcd_visualizer/environment/path.dsv
-- Installing: /home/hoapham/ros2_ws/install/pcd_visualizer/share/pcd_visualizer/local_setup.bash
-- Installing: /home/hoapham/ros2_ws/install/pcd_visualizer/share/pcd_visualizer/local_setup.sh
-- Installing: /home/hoapham/ros2_ws/install/pcd_visualizer/share/pcd_visualizer/local_setup.zsh
-- Installing: /home/hoapham/ros2_ws/install/pcd_visualizer/share/pcd_visualizer/local_setup.dsv
-- Installing: /home/hoapham/ros2_ws/install/pcd_visualizer/share/pcd_visualizer/package.dsv
-- Installing: /home/hoapham/ros2_ws/install/pcd_visualizer/share/ament_index/resource_index/packages/pcd_visualizer
-- Installing: /home/hoapham/ros2_ws/install/pcd_visualizer/share/pcd_visualizer/cmake/pcd_visualizerConfig.cmake
-- Installing: /home/hoapham/ros2_ws/install/pcd_visualizer/share/pcd_visualizer/cmake/pcd_visualizerConfig-version.cmake
-- Installing: /home/hoapham/ros2_ws/install/pcd_visualizer/share/pcd_visualizer/package.xml
