[0.024s] Invoking command in '/home/hoapham/ros2_ws/build/pcd_visualizer': CMAKE_PREFIX_PATH=/opt/ros/humble /usr/bin/cmake --build /home/hoapham/ros2_ws/build/pcd_visualizer -- -j16 -l16
[0.053s] [35m[1mConsolidate compiler generated dependencies of target pcd_publisher[0m
[0.073s] [100%] Built target pcd_publisher
[0.092s] Invoked command in '/home/hoapham/ros2_ws/build/pcd_visualizer' returned '0': CMAKE_PREFIX_PATH=/opt/ros/humble /usr/bin/cmake --build /home/hoapham/ros2_ws/build/pcd_visualizer -- -j16 -l16
[0.093s] Invoking command in '/home/hoapham/ros2_ws/build/pcd_visualizer': CMAKE_PREFIX_PATH=/opt/ros/humble /usr/bin/cmake --install /home/hoapham/ros2_ws/build/pcd_visualizer
[0.103s] -- Install configuration: ""
[0.104s] -- Installing: /home/hoapham/ros2_ws/install/pcd_visualizer/lib/pcd_visualizer/pcd_publisher
[0.104s] -- Set runtime path of "/home/hoapham/ros2_ws/install/pcd_visualizer/lib/pcd_visualizer/pcd_publisher" to ""
[0.104s] -- Installing: /home/hoapham/ros2_ws/install/pcd_visualizer/share/ament_index/resource_index/package_run_dependencies/pcd_visualizer
[0.104s] -- Installing: /home/hoapham/ros2_ws/install/pcd_visualizer/share/ament_index/resource_index/parent_prefix_path/pcd_visualizer
[0.104s] -- Installing: /home/hoapham/ros2_ws/install/pcd_visualizer/share/pcd_visualizer/environment/ament_prefix_path.sh
[0.104s] -- Installing: /home/hoapham/ros2_ws/install/pcd_visualizer/share/pcd_visualizer/environment/ament_prefix_path.dsv
[0.104s] -- Installing: /home/hoapham/ros2_ws/install/pcd_visualizer/share/pcd_visualizer/environment/path.sh
[0.105s] -- Installing: /home/hoapham/ros2_ws/install/pcd_visualizer/share/pcd_visualizer/environment/path.dsv
[0.105s] -- Installing: /home/hoapham/ros2_ws/install/pcd_visualizer/share/pcd_visualizer/local_setup.bash
[0.105s] -- Installing: /home/hoapham/ros2_ws/install/pcd_visualizer/share/pcd_visualizer/local_setup.sh
[0.105s] -- Installing: /home/hoapham/ros2_ws/install/pcd_visualizer/share/pcd_visualizer/local_setup.zsh
[0.106s] -- Installing: /home/hoapham/ros2_ws/install/pcd_visualizer/share/pcd_visualizer/local_setup.dsv
[0.106s] -- Installing: /home/hoapham/ros2_ws/install/pcd_visualizer/share/pcd_visualizer/package.dsv
[0.106s] -- Installing: /home/hoapham/ros2_ws/install/pcd_visualizer/share/ament_index/resource_index/packages/pcd_visualizer
[0.106s] -- Installing: /home/hoapham/ros2_ws/install/pcd_visualizer/share/pcd_visualizer/cmake/pcd_visualizerConfig.cmake
[0.106s] -- Installing: /home/hoapham/ros2_ws/install/pcd_visualizer/share/pcd_visualizer/cmake/pcd_visualizerConfig-version.cmake
[0.106s] -- Installing: /home/hoapham/ros2_ws/install/pcd_visualizer/share/pcd_visualizer/package.xml
[0.107s] Invoked command in '/home/hoapham/ros2_ws/build/pcd_visualizer' returned '0': CMAKE_PREFIX_PATH=/opt/ros/humble /usr/bin/cmake --install /home/hoapham/ros2_ws/build/pcd_visualizer
