[0.012s] Invoking command in '/home/hoapham/ros2_ws/build/zivid_camera': AMENT_PREFIX_PATH=/home/hoapham/ros2_ws/install/zivid_interfaces:${AMENT_PREFIX_PATH} CMAKE_PREFIX_PATH=/home/hoapham/ros2_ws/install/zivid_interfaces:/opt/ros/humble LD_LIBRARY_PATH=/home/hoapham/ros2_ws/install/zivid_interfaces/lib:${LD_LIBRARY_PATH} PYTHONPATH=/home/hoapham/ros2_ws/install/zivid_interfaces/local/lib/python3.10/dist-packages:${PYTHONPATH} /usr/bin/cmake --build /home/hoapham/ros2_ws/build/zivid_camera -- -j16 -l16
[0.065s] [ 11%] Built target gtest
[0.065s] [ 22%] Built target gtest_main
[0.071s] [ 33%] Built target zivid_camera
[0.079s] [ 72%] Built target zivid_camera_component
[0.106s] [100%] Built target zivid_camera_test
[0.116s] Invoked command in '/home/hoapham/ros2_ws/build/zivid_camera' returned '0': AMENT_PREFIX_PATH=/home/hoapham/ros2_ws/install/zivid_interfaces:${AMENT_PREFIX_PATH} CMAKE_PREFIX_PATH=/home/hoapham/ros2_ws/install/zivid_interfaces:/opt/ros/humble LD_LIBRARY_PATH=/home/hoapham/ros2_ws/install/zivid_interfaces/lib:${LD_LIBRARY_PATH} PYTHONPATH=/home/hoapham/ros2_ws/install/zivid_interfaces/local/lib/python3.10/dist-packages:${PYTHONPATH} /usr/bin/cmake --build /home/hoapham/ros2_ws/build/zivid_camera -- -j16 -l16
[0.117s] Invoking command in '/home/hoapham/ros2_ws/build/zivid_camera': AMENT_PREFIX_PATH=/home/hoapham/ros2_ws/install/zivid_interfaces:${AMENT_PREFIX_PATH} CMAKE_PREFIX_PATH=/home/hoapham/ros2_ws/install/zivid_interfaces:/opt/ros/humble LD_LIBRARY_PATH=/home/hoapham/ros2_ws/install/zivid_interfaces/lib:${LD_LIBRARY_PATH} PYTHONPATH=/home/hoapham/ros2_ws/install/zivid_interfaces/local/lib/python3.10/dist-packages:${PYTHONPATH} /usr/bin/cmake --install /home/hoapham/ros2_ws/build/zivid_camera
[0.124s] -- Install configuration: ""
[0.124s] -- Up-to-date: /home/hoapham/ros2_ws/install/zivid_camera/lib/zivid_camera/zivid_camera
[0.125s] -- Up-to-date: /home/hoapham/ros2_ws/install/zivid_camera/lib/libzivid_camera_component.so
[0.125s] -- Up-to-date: /home/hoapham/ros2_ws/install/zivid_camera/include
[0.125s] -- Up-to-date: /home/hoapham/ros2_ws/install/zivid_camera/include/zivid_camera
[0.125s] -- Up-to-date: /home/hoapham/ros2_ws/install/zivid_camera/include/zivid_camera/capture_settings_controller.hpp
[0.125s] -- Up-to-date: /home/hoapham/ros2_ws/install/zivid_camera/include/zivid_camera/hand_eye_calibration_controller.hpp
[0.125s] -- Up-to-date: /home/hoapham/ros2_ws/install/zivid_camera/include/zivid_camera/detector_controller.hpp
[0.125s] -- Up-to-date: /home/hoapham/ros2_ws/install/zivid_camera/include/zivid_camera/controller_interface.hpp
[0.125s] -- Up-to-date: /home/hoapham/ros2_ws/install/zivid_camera/include/zivid_camera/zivid_camera.hpp
[0.125s] -- Up-to-date: /home/hoapham/ros2_ws/install/zivid_camera/include/zivid_camera/utility.hpp
[0.125s] -- Up-to-date: /home/hoapham/ros2_ws/install/zivid_camera/include/zivid_camera/visibility.hpp
[0.125s] -- Up-to-date: /home/hoapham/ros2_ws/install/zivid_camera/include/zivid_camera/infield_correction_controller.hpp
[0.125s] -- Up-to-date: /home/hoapham/ros2_ws/install/zivid_camera/share/zivid_camera/launch
[0.125s] -- Up-to-date: /home/hoapham/ros2_ws/install/zivid_camera/share/zivid_camera/launch/visualize.launch
[0.126s] -- Up-to-date: /home/hoapham/ros2_ws/install/zivid_camera/share/zivid_camera/config
[0.126s] -- Up-to-date: /home/hoapham/ros2_ws/install/zivid_camera/share/zivid_camera/config/rviz
[0.126s] -- Up-to-date: /home/hoapham/ros2_ws/install/zivid_camera/share/zivid_camera/config/rviz/zivid.rviz
[0.126s] -- Up-to-date: /home/hoapham/ros2_ws/install/zivid_camera/share/zivid_camera/environment/library_path.sh
[0.126s] -- Up-to-date: /home/hoapham/ros2_ws/install/zivid_camera/share/zivid_camera/environment/library_path.dsv
[0.126s] -- Up-to-date: /home/hoapham/ros2_ws/install/zivid_camera/lib/libzivid_camera_component.so
[0.126s] -- Up-to-date: /home/hoapham/ros2_ws/install/zivid_camera/share/ament_index/resource_index/package_run_dependencies/zivid_camera
[0.126s] -- Up-to-date: /home/hoapham/ros2_ws/install/zivid_camera/share/ament_index/resource_index/parent_prefix_path/zivid_camera
[0.126s] -- Up-to-date: /home/hoapham/ros2_ws/install/zivid_camera/share/zivid_camera/environment/ament_prefix_path.sh
[0.126s] -- Up-to-date: /home/hoapham/ros2_ws/install/zivid_camera/share/zivid_camera/environment/ament_prefix_path.dsv
[0.126s] -- Up-to-date: /home/hoapham/ros2_ws/install/zivid_camera/share/zivid_camera/environment/path.sh
[0.127s] -- Up-to-date: /home/hoapham/ros2_ws/install/zivid_camera/share/zivid_camera/environment/path.dsv
[0.127s] -- Up-to-date: /home/hoapham/ros2_ws/install/zivid_camera/share/zivid_camera/local_setup.bash
[0.127s] -- Up-to-date: /home/hoapham/ros2_ws/install/zivid_camera/share/zivid_camera/local_setup.sh
[0.127s] -- Up-to-date: /home/hoapham/ros2_ws/install/zivid_camera/share/zivid_camera/local_setup.zsh
[0.127s] -- Up-to-date: /home/hoapham/ros2_ws/install/zivid_camera/share/zivid_camera/local_setup.dsv
[0.127s] -- Installing: /home/hoapham/ros2_ws/install/zivid_camera/share/zivid_camera/package.dsv
[0.127s] -- Up-to-date: /home/hoapham/ros2_ws/install/zivid_camera/share/ament_index/resource_index/packages/zivid_camera
[0.127s] -- Up-to-date: /home/hoapham/ros2_ws/install/zivid_camera/share/ament_index/resource_index/rclcpp_components/zivid_camera
[0.127s] -- Up-to-date: /home/hoapham/ros2_ws/install/zivid_camera/share/zivid_camera/cmake/zivid_cameraTargetsExport.cmake
[0.127s] -- Up-to-date: /home/hoapham/ros2_ws/install/zivid_camera/share/zivid_camera/cmake/zivid_cameraTargetsExport-noconfig.cmake
[0.127s] -- Up-to-date: /home/hoapham/ros2_ws/install/zivid_camera/share/zivid_camera/cmake/ament_cmake_export_targets-extras.cmake
[0.127s] -- Up-to-date: /home/hoapham/ros2_ws/install/zivid_camera/share/zivid_camera/cmake/ament_cmake_export_dependencies-extras.cmake
[0.127s] -- Up-to-date: /home/hoapham/ros2_ws/install/zivid_camera/share/zivid_camera/cmake/zivid_cameraConfig.cmake
[0.128s] -- Up-to-date: /home/hoapham/ros2_ws/install/zivid_camera/share/zivid_camera/cmake/zivid_cameraConfig-version.cmake
[0.128s] -- Up-to-date: /home/hoapham/ros2_ws/install/zivid_camera/share/zivid_camera/package.xml
[0.148s] Invoked command in '/home/hoapham/ros2_ws/build/zivid_camera' returned '0': AMENT_PREFIX_PATH=/home/hoapham/ros2_ws/install/zivid_interfaces:${AMENT_PREFIX_PATH} CMAKE_PREFIX_PATH=/home/hoapham/ros2_ws/install/zivid_interfaces:/opt/ros/humble LD_LIBRARY_PATH=/home/hoapham/ros2_ws/install/zivid_interfaces/lib:${LD_LIBRARY_PATH} PYTHONPATH=/home/hoapham/ros2_ws/install/zivid_interfaces/local/lib/python3.10/dist-packages:${PYTHONPATH} /usr/bin/cmake --install /home/hoapham/ros2_ws/build/zivid_camera
