[0.017s] Invoking command in '/home/hoapham/ros2_ws/build/ros2_qt_template': CMAKE_PREFIX_PATH=/opt/ros/humble /usr/bin/cmake /home/hoapham/ros2_ws/src/ros2_qt_template/ros2_qt_template -DCMAKE_INSTALL_PREFIX=/home/hoapham/ros2_ws/install/ros2_qt_template
[0.095s] -- The C compiler identification is GNU 11.4.0
[0.139s] -- The CXX compiler identification is GNU 11.4.0
[0.146s] -- Detecting C compiler ABI info
[0.200s] -- Detecting C compiler ABI info - done
[0.204s] -- Check for working C compiler: /usr/bin/cc - skipped
[0.205s] -- Detecting C compile features
[0.206s] -- Detecting C compile features - done
[0.208s] -- Detecting CXX compiler ABI info
[0.268s] -- Detecting CXX compiler ABI info - done
[0.274s] -- Check for working CXX compiler: /usr/bin/c++ - skipped
[0.275s] -- Detecting CXX compile features
[0.275s] -- Detecting CXX compile features - done
[0.277s] -- Found ament_cmake: 1.3.11 (/opt/ros/humble/share/ament_cmake/cmake)
[0.378s] -- Found Python3: /usr/bin/python3 (found version "3.10.12") found components: Interpreter 
[0.443s] -- Found rclcpp: 16.0.12 (/opt/ros/humble/share/rclcpp/cmake)
[0.473s] -- Found rosidl_generator_c: 3.1.6 (/opt/ros/humble/share/rosidl_generator_c/cmake)
[0.477s] -- Found rosidl_adapter: 3.1.6 (/opt/ros/humble/share/rosidl_adapter/cmake)
[0.482s] -- Found rosidl_generator_cpp: 3.1.6 (/opt/ros/humble/share/rosidl_generator_cpp/cmake)
[0.491s] -- Using all available rosidl_typesupport_c: rosidl_typesupport_fastrtps_c;rosidl_typesupport_introspection_c
[0.501s] -- Using all available rosidl_typesupport_cpp: rosidl_typesupport_fastrtps_cpp;rosidl_typesupport_introspection_cpp
[0.532s] -- Found rmw_implementation_cmake: 6.1.2 (/opt/ros/humble/share/rmw_implementation_cmake/cmake)
[0.534s] -- Found rmw_cyclonedds_cpp: 1.3.4 (/opt/ros/humble/share/rmw_cyclonedds_cpp/cmake)
[0.550s] -- Using RMW implementation 'rmw_cyclonedds_cpp' as default
[0.555s] -- Looking for pthread.h
[0.612s] -- Looking for pthread.h - found
[0.612s] -- Performing Test CMAKE_HAVE_LIBC_PTHREAD
[0.671s] -- Performing Test CMAKE_HAVE_LIBC_PTHREAD - Success
[0.672s] -- Found Threads: TRUE  
[0.722s] -- Found Boost: /usr/lib/x86_64-linux-gnu/cmake/Boost-1.74.0/BoostConfig.cmake (found suitable version "1.74.0", minimum required is "1.71.0") found components: thread 
[0.770s] -- Configuring done
[0.779s] -- Generating done
[0.782s] -- Build files have been written to: /home/hoapham/ros2_ws/build/ros2_qt_template
