[0.014s] Invoking command in '/home/hoapham/ur_ws/build/ur_moveit_config': CMAKE_PREFIX_PATH=/opt/ros/humble /usr/bin/cmake /home/hoapham/ur_ws/src/Universal_Robots_ROS2_Driver/ur_moveit_config -DCMAKE_INSTALL_PREFIX=/home/hoapham/ur_ws/install/ur_moveit_config
[0.075s] -- The C compiler identification is GNU 11.4.0
[0.115s] -- The CXX compiler identification is GNU 11.4.0
[0.121s] -- Detecting C compiler ABI info
[0.173s] -- Detecting C compiler ABI info - done
[0.177s] -- Check for working C compiler: /usr/bin/cc - skipped
[0.177s] -- Detecting C compile features
[0.178s] -- Detecting C compile features - done
[0.179s] -- Detecting CXX compiler ABI info
[0.236s] -- Detecting CXX compiler ABI info - done
[0.240s] -- Check for working CXX compiler: /usr/bin/c++ - skipped
[0.240s] -- Detecting CXX compile features
[0.240s] -- Detecting CXX compile features - done
[0.243s] -- Found ament_cmake: 1.3.11 (/opt/ros/humble/share/ament_cmake/cmake)
[0.342s] -- Found Python3: /usr/bin/python3 (found version "3.10.12") found components: Interpreter 
[0.531s] -- Configuring done
[0.536s] -- Generating done
[0.537s] -- Build files have been written to: /home/hoapham/ur_ws/build/ur_moveit_config
[0.543s] Invoked command in '/home/hoapham/ur_ws/build/ur_moveit_config' returned '0': CMAKE_PREFIX_PATH=/opt/ros/humble /usr/bin/cmake /home/hoapham/ur_ws/src/Universal_Robots_ROS2_Driver/ur_moveit_config -DCMAKE_INSTALL_PREFIX=/home/hoapham/ur_ws/install/ur_moveit_config
[0.543s] Invoking command in '/home/hoapham/ur_ws/build/ur_moveit_config': CMAKE_PREFIX_PATH=/opt/ros/humble /usr/bin/cmake --build /home/hoapham/ur_ws/build/ur_moveit_config -- -j16 -l16
[0.588s] Built target ament_cmake_python_copy_ur_moveit_config
[0.732s] running egg_info
[0.732s] creating ur_moveit_config.egg-info
[0.732s] writing ur_moveit_config.egg-info/PKG-INFO
[0.733s] writing dependency_links to ur_moveit_config.egg-info/dependency_links.txt
[0.733s] writing top-level names to ur_moveit_config.egg-info/top_level.txt
[0.733s] writing manifest file 'ur_moveit_config.egg-info/SOURCES.txt'
[0.734s] reading manifest file 'ur_moveit_config.egg-info/SOURCES.txt'
[0.734s] writing manifest file 'ur_moveit_config.egg-info/SOURCES.txt'
[0.755s] Built target ament_cmake_python_build_ur_moveit_config_egg
[0.765s] Invoked command in '/home/hoapham/ur_ws/build/ur_moveit_config' returned '0': CMAKE_PREFIX_PATH=/opt/ros/humble /usr/bin/cmake --build /home/hoapham/ur_ws/build/ur_moveit_config -- -j16 -l16
[0.774s] Invoking command in '/home/hoapham/ur_ws/build/ur_moveit_config': CMAKE_PREFIX_PATH=/opt/ros/humble /usr/bin/cmake --install /home/hoapham/ur_ws/build/ur_moveit_config
[0.780s] -- Install configuration: ""
[0.780s] -- Installing: /home/hoapham/ur_ws/install/ur_moveit_config/share/ur_moveit_config/config
[0.780s] -- Installing: /home/hoapham/ur_ws/install/ur_moveit_config/share/ur_moveit_config/config/ompl_planning.yaml
[0.780s] -- Installing: /home/hoapham/ur_ws/install/ur_moveit_config/share/ur_moveit_config/config/ur_servo.yaml
[0.780s] -- Installing: /home/hoapham/ur_ws/install/ur_moveit_config/share/ur_moveit_config/config/joint_limits.yaml
[0.780s] -- Installing: /home/hoapham/ur_ws/install/ur_moveit_config/share/ur_moveit_config/config/kinematics.yaml
[0.781s] -- Installing: /home/hoapham/ur_ws/install/ur_moveit_config/share/ur_moveit_config/config/controllers.yaml
[0.781s] -- Installing: /home/hoapham/ur_ws/install/ur_moveit_config/share/ur_moveit_config/launch
[0.781s] -- Installing: /home/hoapham/ur_ws/install/ur_moveit_config/share/ur_moveit_config/launch/ur_moveit.launch.py
[0.781s] -- Installing: /home/hoapham/ur_ws/install/ur_moveit_config/share/ur_moveit_config/rviz
[0.781s] -- Installing: /home/hoapham/ur_ws/install/ur_moveit_config/share/ur_moveit_config/rviz/view_robot.rviz
[0.782s] -- Installing: /home/hoapham/ur_ws/install/ur_moveit_config/share/ur_moveit_config/srdf
[0.782s] -- Installing: /home/hoapham/ur_ws/install/ur_moveit_config/share/ur_moveit_config/srdf/ur_macro.srdf.xacro
[0.782s] -- Installing: /home/hoapham/ur_ws/install/ur_moveit_config/share/ur_moveit_config/srdf/ur.srdf.xacro
[0.782s] -- Installing: /home/hoapham/ur_ws/install/ur_moveit_config/share/ur_moveit_config/environment/pythonpath.sh
[0.782s] -- Installing: /home/hoapham/ur_ws/install/ur_moveit_config/share/ur_moveit_config/environment/pythonpath.dsv
[0.782s] -- Installing: /home/hoapham/ur_ws/install/ur_moveit_config/local/lib/python3.10/dist-packages/ur_moveit_config-2.7.0-py3.10.egg-info
[0.782s] -- Installing: /home/hoapham/ur_ws/install/ur_moveit_config/local/lib/python3.10/dist-packages/ur_moveit_config-2.7.0-py3.10.egg-info/dependency_links.txt
[0.783s] -- Installing: /home/hoapham/ur_ws/install/ur_moveit_config/local/lib/python3.10/dist-packages/ur_moveit_config-2.7.0-py3.10.egg-info/top_level.txt
[0.783s] -- Installing: /home/hoapham/ur_ws/install/ur_moveit_config/local/lib/python3.10/dist-packages/ur_moveit_config-2.7.0-py3.10.egg-info/SOURCES.txt
[0.783s] -- Installing: /home/hoapham/ur_ws/install/ur_moveit_config/local/lib/python3.10/dist-packages/ur_moveit_config-2.7.0-py3.10.egg-info/PKG-INFO
[0.783s] -- Installing: /home/hoapham/ur_ws/install/ur_moveit_config/local/lib/python3.10/dist-packages/ur_moveit_config
[0.783s] -- Installing: /home/hoapham/ur_ws/install/ur_moveit_config/local/lib/python3.10/dist-packages/ur_moveit_config/__init__.py
[0.783s] -- Installing: /home/hoapham/ur_ws/install/ur_moveit_config/local/lib/python3.10/dist-packages/ur_moveit_config/launch_common.py
[0.804s] Listing '/home/hoapham/ur_ws/install/ur_moveit_config/local/lib/python3.10/dist-packages/ur_moveit_config'...
[0.804s] Compiling '/home/hoapham/ur_ws/install/ur_moveit_config/local/lib/python3.10/dist-packages/ur_moveit_config/__init__.py'...
[0.804s] Compiling '/home/hoapham/ur_ws/install/ur_moveit_config/local/lib/python3.10/dist-packages/ur_moveit_config/launch_common.py'...
[0.807s] -- Installing: /home/hoapham/ur_ws/install/ur_moveit_config/local/lib/python3.10/dist-packages/launch_common.py
[0.828s] Compiling '/home/hoapham/ur_ws/install/ur_moveit_config/local/lib/python3.10/dist-packages/launch_common.py'...
[0.832s] -- Installing: /home/hoapham/ur_ws/install/ur_moveit_config/share/ament_index/resource_index/package_run_dependencies/ur_moveit_config
[0.832s] -- Installing: /home/hoapham/ur_ws/install/ur_moveit_config/share/ament_index/resource_index/parent_prefix_path/ur_moveit_config
[0.832s] -- Installing: /home/hoapham/ur_ws/install/ur_moveit_config/share/ur_moveit_config/environment/ament_prefix_path.sh
[0.832s] -- Installing: /home/hoapham/ur_ws/install/ur_moveit_config/share/ur_moveit_config/environment/ament_prefix_path.dsv
[0.832s] -- Installing: /home/hoapham/ur_ws/install/ur_moveit_config/share/ur_moveit_config/environment/path.sh
[0.832s] -- Installing: /home/hoapham/ur_ws/install/ur_moveit_config/share/ur_moveit_config/environment/path.dsv
[0.832s] -- Installing: /home/hoapham/ur_ws/install/ur_moveit_config/share/ur_moveit_config/local_setup.bash
[0.832s] -- Installing: /home/hoapham/ur_ws/install/ur_moveit_config/share/ur_moveit_config/local_setup.sh
[0.833s] -- Installing: /home/hoapham/ur_ws/install/ur_moveit_config/share/ur_moveit_config/local_setup.zsh
[0.833s] -- Installing: /home/hoapham/ur_ws/install/ur_moveit_config/share/ur_moveit_config/local_setup.dsv
[0.833s] -- Installing: /home/hoapham/ur_ws/install/ur_moveit_config/share/ur_moveit_config/package.dsv
[0.833s] -- Installing: /home/hoapham/ur_ws/install/ur_moveit_config/share/ament_index/resource_index/packages/ur_moveit_config
[0.833s] -- Installing: /home/hoapham/ur_ws/install/ur_moveit_config/share/ur_moveit_config/cmake/ur_moveit_configConfig.cmake
[0.833s] -- Installing: /home/hoapham/ur_ws/install/ur_moveit_config/share/ur_moveit_config/cmake/ur_moveit_configConfig-version.cmake
[0.833s] -- Installing: /home/hoapham/ur_ws/install/ur_moveit_config/share/ur_moveit_config/package.xml
[0.835s] Invoked command in '/home/hoapham/ur_ws/build/ur_moveit_config' returned '0': CMAKE_PREFIX_PATH=/opt/ros/humble /usr/bin/cmake --install /home/hoapham/ur_ws/build/ur_moveit_config
