[01m[K/home/hoapham/ros2_ws/src/gui/src/rviz_window.cpp:[m[K In constructor ‘[01m[KRvizWindow::RvizWindow(QWidget*)[m[K’:
[01m[K/home/hoapham/ros2_ws/src/gui/src/rviz_window.cpp:11:67:[m[K [01;31m[Kerror: [m[Kno matching function for call to ‘[01m[Krviz_common::VisualizationManager::VisualizationManager(rviz_common::RenderPanel*&)[m[K’
   11 |     manager_ = new rviz_common::VisualizationManager(render_panel_[01;31m[K)[m[K;
      |                                                                   [01;31m[K^[m[K
In file included from [01m[K/home/hoapham/ros2_ws/src/gui/include/gui/rviz_window.h:6[m[K,
                 from [01m[K/home/hoapham/ros2_ws/src/gui/src/rviz_window.cpp:2[m[K:
[01m[K/opt/ros/humble/include/rviz_common/rviz_common/visualization_manager.hpp:103:12:[m[K [01;36m[Knote: [m[Kcandidate: ‘[01m[Krviz_common::VisualizationManager::VisualizationManager(rviz_common::RenderPanel*, rviz_common::ros_integration::RosNodeAbstractionIface::WeakPtr, rviz_common::WindowManagerInterface*, rclcpp::Clock::SharedPtr)[m[K’
  103 |   explicit [01;36m[KVisualizationManager[m[K(
      |            [01;36m[K^~~~~~~~~~~~~~~~~~~~[m[K
[01m[K/opt/ros/humble/include/rviz_common/rviz_common/visualization_manager.hpp:103:12:[m[K [01;36m[Knote: [m[K  candidate expects 4 arguments, 1 provided
[01m[K/home/hoapham/ros2_ws/src/gui/src/rviz_window.cpp:12:56:[m[K [01;31m[Kerror: [m[Kcannot convert ‘[01m[KOgre::SceneManager*[m[K’ to ‘[01m[Krviz_common::DisplayContext*[m[K’
   12 |     render_panel_->initialize([01;31m[Kmanager_->getSceneManager()[m[K, manager_);
      |                               [01;31m[K~~~~~~~~~~~~~~~~~~~~~~~~~^~[m[K
      |                                                        [01;31m[K|[m[K
      |                                                        [01;31m[KOgre::SceneManager*[m[K
In file included from [01m[K/home/hoapham/ros2_ws/src/gui/include/gui/rviz_window.h:5[m[K,
                 from [01m[K/home/hoapham/ros2_ws/src/gui/src/rviz_window.cpp:2[m[K:
[01m[K/opt/ros/humble/include/rviz_common/rviz_common/render_panel.hpp:80:36:[m[K [01;36m[Knote: [m[K  initializing argument 1 of ‘[01m[Kvoid rviz_common::RenderPanel::initialize(rviz_common::DisplayContext*, bool)[m[K’
   80 |   void initialize([01;36m[KDisplayContext * manager[m[K, bool use_main_scene = false);
      |                   [01;36m[K~~~~~~~~~~~~~~~~~^~~~~~~[m[K
gmake[2]: *** [CMakeFiles/gui.dir/build.make:174: CMakeFiles/gui.dir/src/rviz_window.cpp.o] Error 1
gmake[1]: *** [CMakeFiles/Makefile2:138: CMakeFiles/gui.dir/all] Error 2
gmake: *** [Makefile:146: all] Error 2
