[0.010s] Invoking command in '/home/hoapham/ros2_ws/build/gui': CMAKE_PREFIX_PATH=${CMAKE_PREFIX_PATH}:/opt/ros/humble /usr/bin/cmake --build /home/hoapham/ros2_ws/build/gui -- -j16 -l16
[0.046s] -- Found ament_cmake: 1.3.11 (/opt/ros/humble/share/ament_cmake/cmake)
[0.133s] -- Found rclcpp: 16.0.12 (/opt/ros/humble/share/rclcpp/cmake)
[0.148s] -- Found rosidl_generator_c: 3.1.6 (/opt/ros/humble/share/rosidl_generator_c/cmake)
[0.149s] -- Found rosidl_adapter: 3.1.6 (/opt/ros/humble/share/rosidl_adapter/cmake)
[0.152s] -- Found rosidl_generator_cpp: 3.1.6 (/opt/ros/humble/share/rosidl_generator_cpp/cmake)
[0.158s] -- Using all available rosidl_typesupport_c: rosidl_typesupport_fastrtps_c;rosidl_typesupport_introspection_c
[0.165s] -- Using all available rosidl_typesupport_cpp: rosidl_typesupport_fastrtps_cpp;rosidl_typesupport_introspection_cpp
[0.184s] -- Found rmw_implementation_cmake: 6.1.2 (/opt/ros/humble/share/rmw_implementation_cmake/cmake)
[0.185s] -- Found rmw_cyclonedds_cpp: 1.3.4 (/opt/ros/humble/share/rmw_cyclonedds_cpp/cmake)
[0.195s] -- Using RMW implementation 'rmw_cyclonedds_cpp' as default
[0.223s] -- Found example_interfaces: 0.9.3 (/opt/ros/humble/share/example_interfaces/cmake)
[0.244s] -- Found action_tutorials_interfaces: 0.20.5 (/opt/ros/humble/share/action_tutorials_interfaces/cmake)
[0.251s] -- Found rclcpp_action: 16.0.12 (/opt/ros/humble/share/rclcpp_action/cmake)
[0.256s] -- Found geometry_msgs: 4.8.0 (/opt/ros/humble/share/geometry_msgs/cmake)
[0.263s] -- Found rviz_default_plugins: 11.2.16 (/opt/ros/humble/share/rviz_default_plugins/cmake)
[0.357s] -- library: /usr/lib/x86_64-linux-gnu/libcurl.so
[0.359s] -- Setting assimp_DIR to: '/opt/ros/humble/share/rviz_assimp_vendor/cmake/../../../opt/rviz_assimp_vendor/lib/cmake/assimp-4.1'
[0.362s] -- Setting OGRE_DIR to: '/opt/ros/humble/share/rviz_ogre_vendor/cmake/../../../opt/rviz_ogre_vendor/lib/OGRE/cmake'
[0.363s] -- Found OGRE
[0.363s] --   static     : OFF
[0.363s] --   components : HLMS;MeshLodGenerator;Overlay;Paging;Property;RTShaderSystem;Terrain;Volume
[0.363s] --   plugins    : Plugin_BSPSceneManager;Plugin_OctreeSceneManager;Plugin_PCZSceneManager;Plugin_ParticleFX;RenderSystem_GL;RenderSystem_GL3Plus;Codec_STBI
[0.363s] --   media      : /opt/ros/humble/opt/rviz_ogre_vendor/share/OGRE/Media
[0.363s] -- OGRE_LIBRARIES: OgreHLMS;OgreMeshLodGenerator;OgreOverlay;OgrePaging;OgreProperty;OgreRTShaderSystem;OgreTerrain;OgreVolume;OgreMain
[0.364s] -- OGRE_LIBRARY_DIRS: /opt/ros/humble/opt/rviz_ogre_vendor/lib
[0.364s] -- OGRE_PLUGINS: Plugin_BSPSceneManager;Plugin_OctreeSceneManager;Plugin_PCZSceneManager;Plugin_ParticleFX;RenderSystem_GL;RenderSystem_GL3Plus;Codec_STBI
[0.364s] -- OGRE_PLUGIN_DIR: /opt/ros/humble/opt/rviz_ogre_vendor/lib/OGRE
[0.364s] -- rviz_ogre_vendor::OgreOverlay for IMPORTED_LOCATION_RELEASE: /opt/ros/humble/opt/rviz_ogre_vendor/lib/libOgreOverlay.so
[0.364s] -- rviz_ogre_vendor::OgreOverlay for IMPORTED_LOCATION_DEBUG: /opt/ros/humble/opt/rviz_ogre_vendor/lib/libOgreOverlay.so
[0.364s] -- rviz_ogre_vendor::OgreMain for IMPORTED_LOCATION_RELEASE: /opt/ros/humble/opt/rviz_ogre_vendor/lib/libOgreMain.so
[0.364s] -- rviz_ogre_vendor::OgreMain for IMPORTED_LOCATION_DEBUG: /opt/ros/humble/opt/rviz_ogre_vendor/lib/libOgreMain.so
[0.398s] -- Ensuring Eigen3 include directory is part of orocos-kdl CMake target
[0.433s] -- Found gui_msgs: 1.1.0 (/home/hoapham/ros2_ws/install/gui_msgs/share/gui_msgs/cmake)
[0.444s] -- Found std_srvs: 4.8.0 (/opt/ros/humble/share/std_srvs/cmake)
[0.455s] -- Found ament_lint_auto: 0.12.12 (/opt/ros/humble/share/ament_lint_auto/cmake)
[0.500s] -- Added test 'copyright' to check source files copyright and LICENSE
[0.501s] -- Added test 'cppcheck' to perform static code analysis on C / C++ code
[0.501s] -- Configured cppcheck include dirs: /home/hoapham/ros2_ws/src/gui/include
[0.501s] -- Configured cppcheck exclude dirs and/or files: 
[0.502s] -- Added test 'cpplint' to check C / C++ code against the Google style
[0.503s] -- Configured cpplint exclude dirs and/or files: 
[0.503s] -- Added test 'flake8' to check Python code syntax and style conventions
[0.503s] -- Added test 'lint_cmake' to check CMake code style
[0.504s] -- Added test 'pep257' to check Python code against some of the docstring style conventions in PEP 257
[0.505s] -- Added test 'uncrustify' to check C / C++ code style
[0.505s] -- Configured uncrustify additional arguments: 
[0.505s] -- Added test 'xmllint' to check XML markup files
[0.506s] -- Configuring done
[0.540s] -- Generating done
[0.544s] -- Build files have been written to: /home/hoapham/ros2_ws/build/gui
[0.580s] [ 10%] [34m[1mAutomatic MOC and UIC for target gui[0m
[0.608s] [ 10%] Built target gui_autogen
[0.624s] [35m[1mConsolidate compiler generated dependencies of target gui[0m
[0.668s] [ 20%] [32mBuilding CXX object CMakeFiles/gui.dir/src/rviz_window.cpp.o[0m
[3.174s] [01m[K/home/hoapham/ros2_ws/src/gui/src/rviz_window.cpp:[m[K In constructor ‘[01m[KRvizWindow::RvizWindow(QWidget*)[m[K’:
[3.174s] [01m[K/home/hoapham/ros2_ws/src/gui/src/rviz_window.cpp:11:67:[m[K [01;31m[Kerror: [m[Kno matching function for call to ‘[01m[Krviz_common::VisualizationManager::VisualizationManager(rviz_common::RenderPanel*&)[m[K’
[3.174s]    11 |     manager_ = new rviz_common::VisualizationManager(render_panel_[01;31m[K)[m[K;
[3.174s]       |                                                                   [01;31m[K^[m[K
[3.174s] In file included from [01m[K/home/hoapham/ros2_ws/src/gui/include/gui/rviz_window.h:6[m[K,
[3.174s]                  from [01m[K/home/hoapham/ros2_ws/src/gui/src/rviz_window.cpp:2[m[K:
[3.174s] [01m[K/opt/ros/humble/include/rviz_common/rviz_common/visualization_manager.hpp:103:12:[m[K [01;36m[Knote: [m[Kcandidate: ‘[01m[Krviz_common::VisualizationManager::VisualizationManager(rviz_common::RenderPanel*, rviz_common::ros_integration::RosNodeAbstractionIface::WeakPtr, rviz_common::WindowManagerInterface*, rclcpp::Clock::SharedPtr)[m[K’
[3.174s]   103 |   explicit [01;36m[KVisualizationManager[m[K(
[3.174s]       |            [01;36m[K^~~~~~~~~~~~~~~~~~~~[m[K
[3.174s] [01m[K/opt/ros/humble/include/rviz_common/rviz_common/visualization_manager.hpp:103:12:[m[K [01;36m[Knote: [m[K  candidate expects 4 arguments, 1 provided
[3.174s] [01m[K/home/hoapham/ros2_ws/src/gui/src/rviz_window.cpp:12:56:[m[K [01;31m[Kerror: [m[Kcannot convert ‘[01m[KOgre::SceneManager*[m[K’ to ‘[01m[Krviz_common::DisplayContext*[m[K’
[3.174s]    12 |     render_panel_->initialize([01;31m[Kmanager_->getSceneManager()[m[K, manager_);
[3.175s]       |                               [01;31m[K~~~~~~~~~~~~~~~~~~~~~~~~~^~[m[K
[3.175s]       |                                                        [01;31m[K|[m[K
[3.175s]       |                                                        [01;31m[KOgre::SceneManager*[m[K
[3.175s] In file included from [01m[K/home/hoapham/ros2_ws/src/gui/include/gui/rviz_window.h:5[m[K,
[3.175s]                  from [01m[K/home/hoapham/ros2_ws/src/gui/src/rviz_window.cpp:2[m[K:
[3.175s] [01m[K/opt/ros/humble/include/rviz_common/rviz_common/render_panel.hpp:80:36:[m[K [01;36m[Knote: [m[K  initializing argument 1 of ‘[01m[Kvoid rviz_common::RenderPanel::initialize(rviz_common::DisplayContext*, bool)[m[K’
[3.175s]    80 |   void initialize([01;36m[KDisplayContext * manager[m[K, bool use_main_scene = false);
[3.175s]       |                   [01;36m[K~~~~~~~~~~~~~~~~~^~~~~~~[m[K
[3.797s] gmake[2]: *** [CMakeFiles/gui.dir/build.make:174: CMakeFiles/gui.dir/src/rviz_window.cpp.o] Error 1
[3.798s] gmake[1]: *** [CMakeFiles/Makefile2:138: CMakeFiles/gui.dir/all] Error 2
[3.798s] gmake: *** [Makefile:146: all] Error 2
[3.800s] Invoked command in '/home/hoapham/ros2_ws/build/gui' returned '2': CMAKE_PREFIX_PATH=${CMAKE_PREFIX_PATH}:/opt/ros/humble /usr/bin/cmake --build /home/hoapham/ros2_ws/build/gui -- -j16 -l16
