[  1%] Built target gui_msgs__cpp
[  5%] [32mBuilding C object CMakeFiles/gui_msgs__rosidl_generator_c.dir/rosidl_generator_c/gui_msgs/msg/detail/setting_params__functions.c.o[0m
[  5%] [32mBuilding C object CMakeFiles/gui_msgs__rosidl_generator_c.dir/rosidl_generator_c/gui_msgs/srv/detail/setting_params__functions.c.o[0m
[  7%] [32mBuilding C object CMakeFiles/gui_msgs__rosidl_generator_c.dir/rosidl_generator_c/gui_msgs/msg/detail/setting_tool__functions.c.o[0m
[  7%] [32mBuilding C object CMakeFiles/gui_msgs__rosidl_generator_c.dir/rosidl_generator_c/gui_msgs/msg/detail/trajectory_setting__functions.c.o[0m
[  8%] [32mBuilding C object CMakeFiles/gui_msgs__rosidl_generator_c.dir/rosidl_generator_c/gui_msgs/srv/detail/setting_tool__functions.c.o[0m
[  9%] [32mBuilding C object CMakeFiles/gui_msgs__rosidl_generator_c.dir/rosidl_generator_c/gui_msgs/srv/detail/trajectory_setting__functions.c.o[0m
[  9%] Built target ament_cmake_python_copy_gui_msgs
[ 22%] [32mBuilding CXX object CMakeFiles/gui_msgs__rosidl_typesupport_fastrtps_cpp.dir/rosidl_typesupport_fastrtps_cpp/gui_msgs/msg/detail/dds_fastrtps/setting_tool__type_support.cpp.o[0m
[ 22%] [32mBuilding CXX object CMakeFiles/gui_msgs__rosidl_typesupport_introspection_cpp.dir/rosidl_typesupport_introspection_cpp/gui_msgs/msg/detail/trajectory_setting__type_support.cpp.o[0m
[ 22%] [32mBuilding CXX object CMakeFiles/gui_msgs__rosidl_typesupport_introspection_cpp.dir/rosidl_typesupport_introspection_cpp/gui_msgs/msg/detail/setting_tool__type_support.cpp.o[0m
[ 22%] [32mBuilding CXX object CMakeFiles/gui_msgs__rosidl_typesupport_cpp.dir/rosidl_typesupport_cpp/gui_msgs/msg/trajectory_setting__type_support.cpp.o[0m
[ 22%] [32mBuilding CXX object CMakeFiles/gui_msgs__rosidl_typesupport_cpp.dir/rosidl_typesupport_cpp/gui_msgs/msg/setting_params__type_support.cpp.o[0m
[ 22%] [32mBuilding CXX object CMakeFiles/gui_msgs__rosidl_typesupport_cpp.dir/rosidl_typesupport_cpp/gui_msgs/srv/setting_params__type_support.cpp.o[0m
[ 22%] [32mBuilding CXX object CMakeFiles/gui_msgs__rosidl_typesupport_introspection_cpp.dir/rosidl_typesupport_introspection_cpp/gui_msgs/msg/detail/setting_params__type_support.cpp.o[0m
[ 22%] [32mBuilding CXX object CMakeFiles/gui_msgs__rosidl_typesupport_fastrtps_cpp.dir/rosidl_typesupport_fastrtps_cpp/gui_msgs/msg/detail/dds_fastrtps/setting_params__type_support.cpp.o[0m
[ 22%] [32mBuilding CXX object CMakeFiles/gui_msgs__rosidl_typesupport_cpp.dir/rosidl_typesupport_cpp/gui_msgs/msg/setting_tool__type_support.cpp.o[0m
[ 23%] [32mBuilding CXX object CMakeFiles/gui_msgs__rosidl_typesupport_fastrtps_cpp.dir/rosidl_typesupport_fastrtps_cpp/gui_msgs/msg/detail/dds_fastrtps/trajectory_setting__type_support.cpp.o[0m
[ 25%] [32mBuilding CXX object CMakeFiles/gui_msgs__rosidl_typesupport_fastrtps_cpp.dir/rosidl_typesupport_fastrtps_cpp/gui_msgs/srv/detail/dds_fastrtps/setting_tool__type_support.cpp.o[0m
[ 26%] [32mBuilding CXX object CMakeFiles/gui_msgs__rosidl_typesupport_cpp.dir/rosidl_typesupport_cpp/gui_msgs/srv/setting_tool__type_support.cpp.o[0m
[ 28%] [32mBuilding CXX object CMakeFiles/gui_msgs__rosidl_typesupport_fastrtps_cpp.dir/rosidl_typesupport_fastrtps_cpp/gui_msgs/srv/detail/dds_fastrtps/setting_params__type_support.cpp.o[0m
[ 29%] [32m[1mLinking C shared library libgui_msgs__rosidl_generator_c.so[0m
[ 30%] [32mBuilding CXX object CMakeFiles/gui_msgs__rosidl_typesupport_introspection_cpp.dir/rosidl_typesupport_introspection_cpp/gui_msgs/srv/detail/setting_params__type_support.cpp.o[0m
[ 32%] Built target gui_msgs__rosidl_generator_c
[ 33%] [32mBuilding CXX object CMakeFiles/gui_msgs__rosidl_typesupport_fastrtps_cpp.dir/rosidl_typesupport_fastrtps_cpp/gui_msgs/srv/detail/dds_fastrtps/trajectory_setting__type_support.cpp.o[0m
running egg_info
writing gui_msgs.egg-info/PKG-INFO
writing dependency_links to gui_msgs.egg-info/dependency_links.txt
writing top-level names to gui_msgs.egg-info/top_level.txt
reading manifest file 'gui_msgs.egg-info/SOURCES.txt'
writing manifest file 'gui_msgs.egg-info/SOURCES.txt'
[ 35%] [32mBuilding CXX object CMakeFiles/gui_msgs__rosidl_typesupport_cpp.dir/rosidl_typesupport_cpp/gui_msgs/srv/trajectory_setting__type_support.cpp.o[0m
[ 36%] [32mBuilding CXX object CMakeFiles/gui_msgs__rosidl_typesupport_introspection_cpp.dir/rosidl_typesupport_introspection_cpp/gui_msgs/srv/detail/setting_tool__type_support.cpp.o[0m
[ 38%] [32mBuilding CXX object CMakeFiles/gui_msgs__rosidl_typesupport_introspection_cpp.dir/rosidl_typesupport_introspection_cpp/gui_msgs/srv/detail/trajectory_setting__type_support.cpp.o[0m
[ 39%] [32mBuilding CXX object CMakeFiles/gui_msgs__rosidl_typesupport_fastrtps_c.dir/rosidl_typesupport_fastrtps_c/gui_msgs/msg/detail/setting_params__type_support_c.cpp.o[0m
[ 40%] [32mBuilding CXX object CMakeFiles/gui_msgs__rosidl_typesupport_fastrtps_c.dir/rosidl_typesupport_fastrtps_c/gui_msgs/msg/detail/setting_tool__type_support_c.cpp.o[0m
[ 40%] Built target ament_cmake_python_build_gui_msgs_egg
[ 42%] [32mBuilding CXX object CMakeFiles/gui_msgs__rosidl_typesupport_fastrtps_c.dir/rosidl_typesupport_fastrtps_c/gui_msgs/msg/detail/trajectory_setting__type_support_c.cpp.o[0m
[ 43%] [32mBuilding CXX object CMakeFiles/gui_msgs__rosidl_typesupport_fastrtps_c.dir/rosidl_typesupport_fastrtps_c/gui_msgs/srv/detail/setting_params__type_support_c.cpp.o[0m
[ 45%] [32mBuilding CXX object CMakeFiles/gui_msgs__rosidl_typesupport_fastrtps_c.dir/rosidl_typesupport_fastrtps_c/gui_msgs/srv/detail/setting_tool__type_support_c.cpp.o[0m
[ 46%] [32mBuilding CXX object CMakeFiles/gui_msgs__rosidl_typesupport_fastrtps_c.dir/rosidl_typesupport_fastrtps_c/gui_msgs/srv/detail/trajectory_setting__type_support_c.cpp.o[0m
[ 47%] [32mBuilding C object CMakeFiles/gui_msgs__rosidl_typesupport_introspection_c.dir/rosidl_typesupport_introspection_c/gui_msgs/msg/detail/setting_tool__type_support.c.o[0m
[ 49%] [32mBuilding C object CMakeFiles/gui_msgs__rosidl_typesupport_introspection_c.dir/rosidl_typesupport_introspection_c/gui_msgs/msg/detail/setting_params__type_support.c.o[0m
[ 50%] [32mBuilding CXX object CMakeFiles/gui_msgs__rosidl_typesupport_c.dir/rosidl_typesupport_c/gui_msgs/msg/setting_params__type_support.cpp.o[0m
[ 52%] [32mBuilding C object CMakeFiles/gui_msgs__rosidl_typesupport_introspection_c.dir/rosidl_typesupport_introspection_c/gui_msgs/msg/detail/trajectory_setting__type_support.c.o[0m
[ 53%] [32mBuilding CXX object CMakeFiles/gui_msgs__rosidl_typesupport_c.dir/rosidl_typesupport_c/gui_msgs/msg/setting_tool__type_support.cpp.o[0m
[ 54%] [32mBuilding C object CMakeFiles/gui_msgs__rosidl_typesupport_introspection_c.dir/rosidl_typesupport_introspection_c/gui_msgs/srv/detail/setting_params__type_support.c.o[0m
[ 56%] [32mBuilding CXX object CMakeFiles/gui_msgs__rosidl_typesupport_c.dir/rosidl_typesupport_c/gui_msgs/msg/trajectory_setting__type_support.cpp.o[0m
[ 57%] [32mBuilding C object CMakeFiles/gui_msgs__rosidl_typesupport_introspection_c.dir/rosidl_typesupport_introspection_c/gui_msgs/srv/detail/trajectory_setting__type_support.c.o[0m
[ 59%] [32mBuilding C object CMakeFiles/gui_msgs__rosidl_typesupport_introspection_c.dir/rosidl_typesupport_introspection_c/gui_msgs/srv/detail/setting_tool__type_support.c.o[0m
[ 60%] [32mBuilding CXX object CMakeFiles/gui_msgs__rosidl_typesupport_c.dir/rosidl_typesupport_c/gui_msgs/srv/setting_params__type_support.cpp.o[0m
[ 61%] [32mBuilding CXX object CMakeFiles/gui_msgs__rosidl_typesupport_c.dir/rosidl_typesupport_c/gui_msgs/srv/setting_tool__type_support.cpp.o[0m
[ 63%] [32mBuilding CXX object CMakeFiles/gui_msgs__rosidl_typesupport_c.dir/rosidl_typesupport_c/gui_msgs/srv/trajectory_setting__type_support.cpp.o[0m
[ 64%] [32m[1mLinking CXX shared library libgui_msgs__rosidl_typesupport_cpp.so[0m
[ 66%] [32m[1mLinking C shared library libgui_msgs__rosidl_typesupport_introspection_c.so[0m
[ 67%] [32m[1mLinking CXX shared library libgui_msgs__rosidl_typesupport_c.so[0m
[ 69%] [32m[1mLinking CXX shared library libgui_msgs__rosidl_typesupport_fastrtps_cpp.so[0m
[ 70%] Built target gui_msgs__rosidl_typesupport_introspection_c
[ 71%] Built target gui_msgs__rosidl_typesupport_cpp
[ 73%] Built target gui_msgs__rosidl_typesupport_c
[ 74%] [32m[1mLinking CXX shared library libgui_msgs__rosidl_typesupport_introspection_cpp.so[0m
[ 76%] Built target gui_msgs__rosidl_typesupport_fastrtps_cpp
[ 77%] Built target gui_msgs__rosidl_typesupport_introspection_cpp
[ 78%] [32m[1mLinking CXX shared library libgui_msgs__rosidl_typesupport_fastrtps_c.so[0m
[ 80%] Built target gui_msgs__rosidl_typesupport_fastrtps_c
[ 80%] Built target gui_msgs
[ 81%] Built target gui_msgs__py
[ 87%] [32mBuilding C object CMakeFiles/gui_msgs__rosidl_generator_py.dir/rosidl_generator_py/gui_msgs/srv/_setting_tool_s.c.o[0m
[ 87%] [32mBuilding C object CMakeFiles/gui_msgs__rosidl_generator_py.dir/rosidl_generator_py/gui_msgs/msg/_trajectory_setting_s.c.o[0m
[ 87%] [32mBuilding C object CMakeFiles/gui_msgs__rosidl_generator_py.dir/rosidl_generator_py/gui_msgs/srv/_trajectory_setting_s.c.o[0m
[ 87%] [32mBuilding C object CMakeFiles/gui_msgs__rosidl_generator_py.dir/rosidl_generator_py/gui_msgs/srv/_setting_params_s.c.o[0m
[ 88%] [32mBuilding C object CMakeFiles/gui_msgs__rosidl_generator_py.dir/rosidl_generator_py/gui_msgs/msg/_setting_tool_s.c.o[0m
[ 90%] [32mBuilding C object CMakeFiles/gui_msgs__rosidl_generator_py.dir/rosidl_generator_py/gui_msgs/msg/_setting_params_s.c.o[0m
[ 91%] [32m[1mLinking C shared library rosidl_generator_py/gui_msgs/libgui_msgs__rosidl_generator_py.so[0m
[ 91%] Built target gui_msgs__rosidl_generator_py
[ 94%] [32mBuilding C object CMakeFiles/gui_msgs__rosidl_typesupport_c__pyext.dir/rosidl_generator_py/gui_msgs/_gui_msgs_s.ep.rosidl_typesupport_c.c.o[0m
[ 94%] [32mBuilding C object CMakeFiles/gui_msgs__rosidl_typesupport_fastrtps_c__pyext.dir/rosidl_generator_py/gui_msgs/_gui_msgs_s.ep.rosidl_typesupport_fastrtps_c.c.o[0m
[ 95%] [32mBuilding C object CMakeFiles/gui_msgs__rosidl_typesupport_introspection_c__pyext.dir/rosidl_generator_py/gui_msgs/_gui_msgs_s.ep.rosidl_typesupport_introspection_c.c.o[0m
[100%] [32m[1mLinking C shared library rosidl_generator_py/gui_msgs/gui_msgs_s__rosidl_typesupport_introspection_c.cpython-310-x86_64-linux-gnu.so[0m
[100%] [32m[1mLinking C shared library rosidl_generator_py/gui_msgs/gui_msgs_s__rosidl_typesupport_c.cpython-310-x86_64-linux-gnu.so[0m
[100%] [32m[1mLinking C shared library rosidl_generator_py/gui_msgs/gui_msgs_s__rosidl_typesupport_fastrtps_c.cpython-310-x86_64-linux-gnu.so[0m
[100%] Built target gui_msgs__rosidl_typesupport_introspection_c__pyext
[100%] Built target gui_msgs__rosidl_typesupport_c__pyext
[100%] Built target gui_msgs__rosidl_typesupport_fastrtps_c__pyext
-- Install configuration: ""
-- Up-to-date: /home/hoapham/ros2_ws/install/gui_msgs/share/ament_index/resource_index/rosidl_interfaces/gui_msgs
-- Up-to-date: /home/hoapham/ros2_ws/install/gui_msgs/include/gui_msgs/gui_msgs
-- Up-to-date: /home/hoapham/ros2_ws/install/gui_msgs/include/gui_msgs/gui_msgs/msg
-- Up-to-date: /home/hoapham/ros2_ws/install/gui_msgs/include/gui_msgs/gui_msgs/msg/detail
-- Up-to-date: /home/hoapham/ros2_ws/install/gui_msgs/include/gui_msgs/gui_msgs/msg/detail/setting_params__functions.c
-- Up-to-date: /home/hoapham/ros2_ws/install/gui_msgs/include/gui_msgs/gui_msgs/msg/detail/setting_tool__functions.h
-- Up-to-date: /home/hoapham/ros2_ws/install/gui_msgs/include/gui_msgs/gui_msgs/msg/detail/setting_tool__functions.c
-- Up-to-date: /home/hoapham/ros2_ws/install/gui_msgs/include/gui_msgs/gui_msgs/msg/detail/setting_tool__struct.h
-- Up-to-date: /home/hoapham/ros2_ws/install/gui_msgs/include/gui_msgs/gui_msgs/msg/detail/trajectory_setting__type_support.h
-- Up-to-date: /home/hoapham/ros2_ws/install/gui_msgs/include/gui_msgs/gui_msgs/msg/detail/trajectory_setting__functions.h
-- Up-to-date: /home/hoapham/ros2_ws/install/gui_msgs/include/gui_msgs/gui_msgs/msg/detail/setting_params__struct.h
-- Up-to-date: /home/hoapham/ros2_ws/install/gui_msgs/include/gui_msgs/gui_msgs/msg/detail/trajectory_setting__functions.c
-- Up-to-date: /home/hoapham/ros2_ws/install/gui_msgs/include/gui_msgs/gui_msgs/msg/detail/trajectory_setting__struct.h
-- Up-to-date: /home/hoapham/ros2_ws/install/gui_msgs/include/gui_msgs/gui_msgs/msg/detail/setting_tool__type_support.h
-- Up-to-date: /home/hoapham/ros2_ws/install/gui_msgs/include/gui_msgs/gui_msgs/msg/detail/setting_params__functions.h
-- Up-to-date: /home/hoapham/ros2_ws/install/gui_msgs/include/gui_msgs/gui_msgs/msg/detail/setting_params__type_support.h
-- Up-to-date: /home/hoapham/ros2_ws/install/gui_msgs/include/gui_msgs/gui_msgs/msg/trajectory_setting.h
-- Up-to-date: /home/hoapham/ros2_ws/install/gui_msgs/include/gui_msgs/gui_msgs/msg/setting_params.h
-- Up-to-date: /home/hoapham/ros2_ws/install/gui_msgs/include/gui_msgs/gui_msgs/msg/rosidl_generator_c__visibility_control.h
-- Up-to-date: /home/hoapham/ros2_ws/install/gui_msgs/include/gui_msgs/gui_msgs/msg/setting_tool.h
-- Up-to-date: /home/hoapham/ros2_ws/install/gui_msgs/include/gui_msgs/gui_msgs/srv
-- Up-to-date: /home/hoapham/ros2_ws/install/gui_msgs/include/gui_msgs/gui_msgs/srv/detail
-- Up-to-date: /home/hoapham/ros2_ws/install/gui_msgs/include/gui_msgs/gui_msgs/srv/detail/setting_params__functions.c
-- Up-to-date: /home/hoapham/ros2_ws/install/gui_msgs/include/gui_msgs/gui_msgs/srv/detail/setting_tool__functions.h
-- Up-to-date: /home/hoapham/ros2_ws/install/gui_msgs/include/gui_msgs/gui_msgs/srv/detail/setting_tool__functions.c
-- Up-to-date: /home/hoapham/ros2_ws/install/gui_msgs/include/gui_msgs/gui_msgs/srv/detail/setting_tool__struct.h
-- Up-to-date: /home/hoapham/ros2_ws/install/gui_msgs/include/gui_msgs/gui_msgs/srv/detail/trajectory_setting__type_support.h
-- Up-to-date: /home/hoapham/ros2_ws/install/gui_msgs/include/gui_msgs/gui_msgs/srv/detail/trajectory_setting__functions.h
-- Up-to-date: /home/hoapham/ros2_ws/install/gui_msgs/include/gui_msgs/gui_msgs/srv/detail/setting_params__struct.h
-- Up-to-date: /home/hoapham/ros2_ws/install/gui_msgs/include/gui_msgs/gui_msgs/srv/detail/trajectory_setting__functions.c
-- Up-to-date: /home/hoapham/ros2_ws/install/gui_msgs/include/gui_msgs/gui_msgs/srv/detail/trajectory_setting__struct.h
-- Up-to-date: /home/hoapham/ros2_ws/install/gui_msgs/include/gui_msgs/gui_msgs/srv/detail/setting_tool__type_support.h
-- Up-to-date: /home/hoapham/ros2_ws/install/gui_msgs/include/gui_msgs/gui_msgs/srv/detail/setting_params__functions.h
-- Up-to-date: /home/hoapham/ros2_ws/install/gui_msgs/include/gui_msgs/gui_msgs/srv/detail/setting_params__type_support.h
-- Up-to-date: /home/hoapham/ros2_ws/install/gui_msgs/include/gui_msgs/gui_msgs/srv/trajectory_setting.h
-- Up-to-date: /home/hoapham/ros2_ws/install/gui_msgs/include/gui_msgs/gui_msgs/srv/setting_params.h
-- Up-to-date: /home/hoapham/ros2_ws/install/gui_msgs/include/gui_msgs/gui_msgs/srv/setting_tool.h
-- Up-to-date: /home/hoapham/ros2_ws/install/gui_msgs/share/gui_msgs/environment/library_path.sh
-- Up-to-date: /home/hoapham/ros2_ws/install/gui_msgs/share/gui_msgs/environment/library_path.dsv
-- Installing: /home/hoapham/ros2_ws/install/gui_msgs/lib/libgui_msgs__rosidl_generator_c.so
-- Set runtime path of "/home/hoapham/ros2_ws/install/gui_msgs/lib/libgui_msgs__rosidl_generator_c.so" to ""
-- Up-to-date: /home/hoapham/ros2_ws/install/gui_msgs/include/gui_msgs/gui_msgs
-- Up-to-date: /home/hoapham/ros2_ws/install/gui_msgs/include/gui_msgs/gui_msgs/msg
-- Up-to-date: /home/hoapham/ros2_ws/install/gui_msgs/include/gui_msgs/gui_msgs/msg/detail
-- Up-to-date: /home/hoapham/ros2_ws/install/gui_msgs/include/gui_msgs/gui_msgs/msg/detail/setting_tool__rosidl_typesupport_fastrtps_c.h
-- Up-to-date: /home/hoapham/ros2_ws/install/gui_msgs/include/gui_msgs/gui_msgs/msg/detail/setting_params__rosidl_typesupport_fastrtps_c.h
-- Up-to-date: /home/hoapham/ros2_ws/install/gui_msgs/include/gui_msgs/gui_msgs/msg/detail/trajectory_setting__rosidl_typesupport_fastrtps_c.h
-- Up-to-date: /home/hoapham/ros2_ws/install/gui_msgs/include/gui_msgs/gui_msgs/msg/rosidl_typesupport_fastrtps_c__visibility_control.h
-- Up-to-date: /home/hoapham/ros2_ws/install/gui_msgs/include/gui_msgs/gui_msgs/srv
-- Up-to-date: /home/hoapham/ros2_ws/install/gui_msgs/include/gui_msgs/gui_msgs/srv/detail
-- Up-to-date: /home/hoapham/ros2_ws/install/gui_msgs/include/gui_msgs/gui_msgs/srv/detail/setting_tool__rosidl_typesupport_fastrtps_c.h
-- Up-to-date: /home/hoapham/ros2_ws/install/gui_msgs/include/gui_msgs/gui_msgs/srv/detail/setting_params__rosidl_typesupport_fastrtps_c.h
-- Up-to-date: /home/hoapham/ros2_ws/install/gui_msgs/include/gui_msgs/gui_msgs/srv/detail/trajectory_setting__rosidl_typesupport_fastrtps_c.h
-- Installing: /home/hoapham/ros2_ws/install/gui_msgs/lib/libgui_msgs__rosidl_typesupport_fastrtps_c.so
-- Set runtime path of "/home/hoapham/ros2_ws/install/gui_msgs/lib/libgui_msgs__rosidl_typesupport_fastrtps_c.so" to ""
-- Up-to-date: /home/hoapham/ros2_ws/install/gui_msgs/include/gui_msgs/gui_msgs
-- Up-to-date: /home/hoapham/ros2_ws/install/gui_msgs/include/gui_msgs/gui_msgs/msg
-- Up-to-date: /home/hoapham/ros2_ws/install/gui_msgs/include/gui_msgs/gui_msgs/msg/detail
-- Up-to-date: /home/hoapham/ros2_ws/install/gui_msgs/include/gui_msgs/gui_msgs/msg/detail/trajectory_setting__type_support.hpp
-- Up-to-date: /home/hoapham/ros2_ws/install/gui_msgs/include/gui_msgs/gui_msgs/msg/detail/setting_params__struct.hpp
-- Up-to-date: /home/hoapham/ros2_ws/install/gui_msgs/include/gui_msgs/gui_msgs/msg/detail/trajectory_setting__traits.hpp
-- Up-to-date: /home/hoapham/ros2_ws/install/gui_msgs/include/gui_msgs/gui_msgs/msg/detail/setting_params__type_support.hpp
-- Up-to-date: /home/hoapham/ros2_ws/install/gui_msgs/include/gui_msgs/gui_msgs/msg/detail/setting_tool__traits.hpp
-- Up-to-date: /home/hoapham/ros2_ws/install/gui_msgs/include/gui_msgs/gui_msgs/msg/detail/setting_tool__type_support.hpp
-- Up-to-date: /home/hoapham/ros2_ws/install/gui_msgs/include/gui_msgs/gui_msgs/msg/detail/trajectory_setting__builder.hpp
-- Up-to-date: /home/hoapham/ros2_ws/install/gui_msgs/include/gui_msgs/gui_msgs/msg/detail/setting_params__traits.hpp
-- Up-to-date: /home/hoapham/ros2_ws/install/gui_msgs/include/gui_msgs/gui_msgs/msg/detail/setting_tool__struct.hpp
-- Up-to-date: /home/hoapham/ros2_ws/install/gui_msgs/include/gui_msgs/gui_msgs/msg/detail/setting_params__builder.hpp
-- Up-to-date: /home/hoapham/ros2_ws/install/gui_msgs/include/gui_msgs/gui_msgs/msg/detail/trajectory_setting__struct.hpp
-- Up-to-date: /home/hoapham/ros2_ws/install/gui_msgs/include/gui_msgs/gui_msgs/msg/detail/setting_tool__builder.hpp
-- Up-to-date: /home/hoapham/ros2_ws/install/gui_msgs/include/gui_msgs/gui_msgs/msg/trajectory_setting.hpp
-- Up-to-date: /home/hoapham/ros2_ws/install/gui_msgs/include/gui_msgs/gui_msgs/msg/setting_tool.hpp
-- Up-to-date: /home/hoapham/ros2_ws/install/gui_msgs/include/gui_msgs/gui_msgs/msg/rosidl_generator_cpp__visibility_control.hpp
-- Up-to-date: /home/hoapham/ros2_ws/install/gui_msgs/include/gui_msgs/gui_msgs/msg/setting_params.hpp
-- Up-to-date: /home/hoapham/ros2_ws/install/gui_msgs/include/gui_msgs/gui_msgs/srv
-- Up-to-date: /home/hoapham/ros2_ws/install/gui_msgs/include/gui_msgs/gui_msgs/srv/detail
-- Up-to-date: /home/hoapham/ros2_ws/install/gui_msgs/include/gui_msgs/gui_msgs/srv/detail/trajectory_setting__type_support.hpp
-- Up-to-date: /home/hoapham/ros2_ws/install/gui_msgs/include/gui_msgs/gui_msgs/srv/detail/setting_params__struct.hpp
-- Up-to-date: /home/hoapham/ros2_ws/install/gui_msgs/include/gui_msgs/gui_msgs/srv/detail/trajectory_setting__traits.hpp
-- Up-to-date: /home/hoapham/ros2_ws/install/gui_msgs/include/gui_msgs/gui_msgs/srv/detail/setting_params__type_support.hpp
-- Up-to-date: /home/hoapham/ros2_ws/install/gui_msgs/include/gui_msgs/gui_msgs/srv/detail/setting_tool__traits.hpp
-- Up-to-date: /home/hoapham/ros2_ws/install/gui_msgs/include/gui_msgs/gui_msgs/srv/detail/setting_tool__type_support.hpp
-- Up-to-date: /home/hoapham/ros2_ws/install/gui_msgs/include/gui_msgs/gui_msgs/srv/detail/trajectory_setting__builder.hpp
-- Up-to-date: /home/hoapham/ros2_ws/install/gui_msgs/include/gui_msgs/gui_msgs/srv/detail/setting_params__traits.hpp
-- Up-to-date: /home/hoapham/ros2_ws/install/gui_msgs/include/gui_msgs/gui_msgs/srv/detail/setting_tool__struct.hpp
-- Up-to-date: /home/hoapham/ros2_ws/install/gui_msgs/include/gui_msgs/gui_msgs/srv/detail/setting_params__builder.hpp
-- Up-to-date: /home/hoapham/ros2_ws/install/gui_msgs/include/gui_msgs/gui_msgs/srv/detail/trajectory_setting__struct.hpp
-- Up-to-date: /home/hoapham/ros2_ws/install/gui_msgs/include/gui_msgs/gui_msgs/srv/detail/setting_tool__builder.hpp
-- Up-to-date: /home/hoapham/ros2_ws/install/gui_msgs/include/gui_msgs/gui_msgs/srv/trajectory_setting.hpp
-- Up-to-date: /home/hoapham/ros2_ws/install/gui_msgs/include/gui_msgs/gui_msgs/srv/setting_tool.hpp
-- Up-to-date: /home/hoapham/ros2_ws/install/gui_msgs/include/gui_msgs/gui_msgs/srv/setting_params.hpp
-- Up-to-date: /home/hoapham/ros2_ws/install/gui_msgs/include/gui_msgs/gui_msgs
-- Up-to-date: /home/hoapham/ros2_ws/install/gui_msgs/include/gui_msgs/gui_msgs/msg
-- Up-to-date: /home/hoapham/ros2_ws/install/gui_msgs/include/gui_msgs/gui_msgs/msg/detail
-- Up-to-date: /home/hoapham/ros2_ws/install/gui_msgs/include/gui_msgs/gui_msgs/msg/detail/setting_tool__rosidl_typesupport_fastrtps_cpp.hpp
-- Up-to-date: /home/hoapham/ros2_ws/install/gui_msgs/include/gui_msgs/gui_msgs/msg/detail/dds_fastrtps
-- Up-to-date: /home/hoapham/ros2_ws/install/gui_msgs/include/gui_msgs/gui_msgs/msg/detail/trajectory_setting__rosidl_typesupport_fastrtps_cpp.hpp
-- Up-to-date: /home/hoapham/ros2_ws/install/gui_msgs/include/gui_msgs/gui_msgs/msg/detail/setting_params__rosidl_typesupport_fastrtps_cpp.hpp
-- Up-to-date: /home/hoapham/ros2_ws/install/gui_msgs/include/gui_msgs/gui_msgs/msg/rosidl_typesupport_fastrtps_cpp__visibility_control.h
-- Up-to-date: /home/hoapham/ros2_ws/install/gui_msgs/include/gui_msgs/gui_msgs/srv
-- Up-to-date: /home/hoapham/ros2_ws/install/gui_msgs/include/gui_msgs/gui_msgs/srv/detail
-- Up-to-date: /home/hoapham/ros2_ws/install/gui_msgs/include/gui_msgs/gui_msgs/srv/detail/setting_tool__rosidl_typesupport_fastrtps_cpp.hpp
-- Up-to-date: /home/hoapham/ros2_ws/install/gui_msgs/include/gui_msgs/gui_msgs/srv/detail/dds_fastrtps
-- Up-to-date: /home/hoapham/ros2_ws/install/gui_msgs/include/gui_msgs/gui_msgs/srv/detail/trajectory_setting__rosidl_typesupport_fastrtps_cpp.hpp
-- Up-to-date: /home/hoapham/ros2_ws/install/gui_msgs/include/gui_msgs/gui_msgs/srv/detail/setting_params__rosidl_typesupport_fastrtps_cpp.hpp
-- Installing: /home/hoapham/ros2_ws/install/gui_msgs/lib/libgui_msgs__rosidl_typesupport_fastrtps_cpp.so
-- Set runtime path of "/home/hoapham/ros2_ws/install/gui_msgs/lib/libgui_msgs__rosidl_typesupport_fastrtps_cpp.so" to ""
-- Up-to-date: /home/hoapham/ros2_ws/install/gui_msgs/include/gui_msgs/gui_msgs
-- Up-to-date: /home/hoapham/ros2_ws/install/gui_msgs/include/gui_msgs/gui_msgs/msg
-- Up-to-date: /home/hoapham/ros2_ws/install/gui_msgs/include/gui_msgs/gui_msgs/msg/detail
-- Up-to-date: /home/hoapham/ros2_ws/install/gui_msgs/include/gui_msgs/gui_msgs/msg/detail/trajectory_setting__type_support.c
-- Up-to-date: /home/hoapham/ros2_ws/install/gui_msgs/include/gui_msgs/gui_msgs/msg/detail/trajectory_setting__rosidl_typesupport_introspection_c.h
-- Up-to-date: /home/hoapham/ros2_ws/install/gui_msgs/include/gui_msgs/gui_msgs/msg/detail/setting_tool__type_support.c
-- Up-to-date: /home/hoapham/ros2_ws/install/gui_msgs/include/gui_msgs/gui_msgs/msg/detail/setting_tool__rosidl_typesupport_introspection_c.h
-- Up-to-date: /home/hoapham/ros2_ws/install/gui_msgs/include/gui_msgs/gui_msgs/msg/detail/setting_params__rosidl_typesupport_introspection_c.h
-- Up-to-date: /home/hoapham/ros2_ws/install/gui_msgs/include/gui_msgs/gui_msgs/msg/detail/setting_params__type_support.c
-- Up-to-date: /home/hoapham/ros2_ws/install/gui_msgs/include/gui_msgs/gui_msgs/msg/rosidl_typesupport_introspection_c__visibility_control.h
-- Up-to-date: /home/hoapham/ros2_ws/install/gui_msgs/include/gui_msgs/gui_msgs/srv
-- Up-to-date: /home/hoapham/ros2_ws/install/gui_msgs/include/gui_msgs/gui_msgs/srv/detail
-- Up-to-date: /home/hoapham/ros2_ws/install/gui_msgs/include/gui_msgs/gui_msgs/srv/detail/trajectory_setting__type_support.c
-- Up-to-date: /home/hoapham/ros2_ws/install/gui_msgs/include/gui_msgs/gui_msgs/srv/detail/trajectory_setting__rosidl_typesupport_introspection_c.h
-- Up-to-date: /home/hoapham/ros2_ws/install/gui_msgs/include/gui_msgs/gui_msgs/srv/detail/setting_tool__type_support.c
-- Up-to-date: /home/hoapham/ros2_ws/install/gui_msgs/include/gui_msgs/gui_msgs/srv/detail/setting_tool__rosidl_typesupport_introspection_c.h
-- Up-to-date: /home/hoapham/ros2_ws/install/gui_msgs/include/gui_msgs/gui_msgs/srv/detail/setting_params__rosidl_typesupport_introspection_c.h
-- Up-to-date: /home/hoapham/ros2_ws/install/gui_msgs/include/gui_msgs/gui_msgs/srv/detail/setting_params__type_support.c
-- Installing: /home/hoapham/ros2_ws/install/gui_msgs/lib/libgui_msgs__rosidl_typesupport_introspection_c.so
-- Set runtime path of "/home/hoapham/ros2_ws/install/gui_msgs/lib/libgui_msgs__rosidl_typesupport_introspection_c.so" to ""
-- Installing: /home/hoapham/ros2_ws/install/gui_msgs/lib/libgui_msgs__rosidl_typesupport_c.so
-- Set runtime path of "/home/hoapham/ros2_ws/install/gui_msgs/lib/libgui_msgs__rosidl_typesupport_c.so" to ""
-- Up-to-date: /home/hoapham/ros2_ws/install/gui_msgs/include/gui_msgs/gui_msgs
-- Up-to-date: /home/hoapham/ros2_ws/install/gui_msgs/include/gui_msgs/gui_msgs/msg
-- Up-to-date: /home/hoapham/ros2_ws/install/gui_msgs/include/gui_msgs/gui_msgs/msg/detail
-- Up-to-date: /home/hoapham/ros2_ws/install/gui_msgs/include/gui_msgs/gui_msgs/msg/detail/setting_tool__type_support.cpp
-- Up-to-date: /home/hoapham/ros2_ws/install/gui_msgs/include/gui_msgs/gui_msgs/msg/detail/trajectory_setting__type_support.cpp
-- Up-to-date: /home/hoapham/ros2_ws/install/gui_msgs/include/gui_msgs/gui_msgs/msg/detail/setting_params__rosidl_typesupport_introspection_cpp.hpp
-- Up-to-date: /home/hoapham/ros2_ws/install/gui_msgs/include/gui_msgs/gui_msgs/msg/detail/setting_tool__rosidl_typesupport_introspection_cpp.hpp
-- Up-to-date: /home/hoapham/ros2_ws/install/gui_msgs/include/gui_msgs/gui_msgs/msg/detail/trajectory_setting__rosidl_typesupport_introspection_cpp.hpp
-- Up-to-date: /home/hoapham/ros2_ws/install/gui_msgs/include/gui_msgs/gui_msgs/msg/detail/setting_params__type_support.cpp
-- Up-to-date: /home/hoapham/ros2_ws/install/gui_msgs/include/gui_msgs/gui_msgs/srv
-- Up-to-date: /home/hoapham/ros2_ws/install/gui_msgs/include/gui_msgs/gui_msgs/srv/detail
-- Up-to-date: /home/hoapham/ros2_ws/install/gui_msgs/include/gui_msgs/gui_msgs/srv/detail/setting_tool__type_support.cpp
-- Up-to-date: /home/hoapham/ros2_ws/install/gui_msgs/include/gui_msgs/gui_msgs/srv/detail/trajectory_setting__type_support.cpp
-- Up-to-date: /home/hoapham/ros2_ws/install/gui_msgs/include/gui_msgs/gui_msgs/srv/detail/setting_params__rosidl_typesupport_introspection_cpp.hpp
-- Up-to-date: /home/hoapham/ros2_ws/install/gui_msgs/include/gui_msgs/gui_msgs/srv/detail/setting_tool__rosidl_typesupport_introspection_cpp.hpp
-- Up-to-date: /home/hoapham/ros2_ws/install/gui_msgs/include/gui_msgs/gui_msgs/srv/detail/trajectory_setting__rosidl_typesupport_introspection_cpp.hpp
-- Up-to-date: /home/hoapham/ros2_ws/install/gui_msgs/include/gui_msgs/gui_msgs/srv/detail/setting_params__type_support.cpp
-- Installing: /home/hoapham/ros2_ws/install/gui_msgs/lib/libgui_msgs__rosidl_typesupport_introspection_cpp.so
-- Set runtime path of "/home/hoapham/ros2_ws/install/gui_msgs/lib/libgui_msgs__rosidl_typesupport_introspection_cpp.so" to ""
-- Installing: /home/hoapham/ros2_ws/install/gui_msgs/lib/libgui_msgs__rosidl_typesupport_cpp.so
-- Set runtime path of "/home/hoapham/ros2_ws/install/gui_msgs/lib/libgui_msgs__rosidl_typesupport_cpp.so" to ""
-- Up-to-date: /home/hoapham/ros2_ws/install/gui_msgs/share/gui_msgs/environment/pythonpath.sh
-- Up-to-date: /home/hoapham/ros2_ws/install/gui_msgs/share/gui_msgs/environment/pythonpath.dsv
-- Up-to-date: /home/hoapham/ros2_ws/install/gui_msgs/local/lib/python3.10/dist-packages/gui_msgs-1.1.0-py3.10.egg-info
-- Installing: /home/hoapham/ros2_ws/install/gui_msgs/local/lib/python3.10/dist-packages/gui_msgs-1.1.0-py3.10.egg-info/dependency_links.txt
-- Installing: /home/hoapham/ros2_ws/install/gui_msgs/local/lib/python3.10/dist-packages/gui_msgs-1.1.0-py3.10.egg-info/top_level.txt
-- Installing: /home/hoapham/ros2_ws/install/gui_msgs/local/lib/python3.10/dist-packages/gui_msgs-1.1.0-py3.10.egg-info/SOURCES.txt
-- Installing: /home/hoapham/ros2_ws/install/gui_msgs/local/lib/python3.10/dist-packages/gui_msgs-1.1.0-py3.10.egg-info/PKG-INFO
-- Up-to-date: /home/hoapham/ros2_ws/install/gui_msgs/local/lib/python3.10/dist-packages/gui_msgs
-- Up-to-date: /home/hoapham/ros2_ws/install/gui_msgs/local/lib/python3.10/dist-packages/gui_msgs/msg
-- Up-to-date: /home/hoapham/ros2_ws/install/gui_msgs/local/lib/python3.10/dist-packages/gui_msgs/msg/_setting_params_s.c
-- Up-to-date: /home/hoapham/ros2_ws/install/gui_msgs/local/lib/python3.10/dist-packages/gui_msgs/msg/__init__.py
-- Up-to-date: /home/hoapham/ros2_ws/install/gui_msgs/local/lib/python3.10/dist-packages/gui_msgs/msg/_setting_tool.py
-- Up-to-date: /home/hoapham/ros2_ws/install/gui_msgs/local/lib/python3.10/dist-packages/gui_msgs/msg/_setting_params.py
-- Up-to-date: /home/hoapham/ros2_ws/install/gui_msgs/local/lib/python3.10/dist-packages/gui_msgs/msg/_trajectory_setting.py
-- Up-to-date: /home/hoapham/ros2_ws/install/gui_msgs/local/lib/python3.10/dist-packages/gui_msgs/msg/_setting_tool_s.c
-- Up-to-date: /home/hoapham/ros2_ws/install/gui_msgs/local/lib/python3.10/dist-packages/gui_msgs/msg/_trajectory_setting_s.c
-- Up-to-date: /home/hoapham/ros2_ws/install/gui_msgs/local/lib/python3.10/dist-packages/gui_msgs/__init__.py
-- Installing: /home/hoapham/ros2_ws/install/gui_msgs/local/lib/python3.10/dist-packages/gui_msgs/libgui_msgs__rosidl_generator_py.so
-- Up-to-date: /home/hoapham/ros2_ws/install/gui_msgs/local/lib/python3.10/dist-packages/gui_msgs/srv
-- Up-to-date: /home/hoapham/ros2_ws/install/gui_msgs/local/lib/python3.10/dist-packages/gui_msgs/srv/_setting_params_s.c
-- Up-to-date: /home/hoapham/ros2_ws/install/gui_msgs/local/lib/python3.10/dist-packages/gui_msgs/srv/__init__.py
-- Up-to-date: /home/hoapham/ros2_ws/install/gui_msgs/local/lib/python3.10/dist-packages/gui_msgs/srv/_setting_tool.py
-- Up-to-date: /home/hoapham/ros2_ws/install/gui_msgs/local/lib/python3.10/dist-packages/gui_msgs/srv/_setting_params.py
-- Up-to-date: /home/hoapham/ros2_ws/install/gui_msgs/local/lib/python3.10/dist-packages/gui_msgs/srv/_trajectory_setting.py
-- Up-to-date: /home/hoapham/ros2_ws/install/gui_msgs/local/lib/python3.10/dist-packages/gui_msgs/srv/_setting_tool_s.c
-- Up-to-date: /home/hoapham/ros2_ws/install/gui_msgs/local/lib/python3.10/dist-packages/gui_msgs/srv/_trajectory_setting_s.c
-- Installing: /home/hoapham/ros2_ws/install/gui_msgs/local/lib/python3.10/dist-packages/gui_msgs/gui_msgs_s__rosidl_typesupport_fastrtps_c.cpython-310-x86_64-linux-gnu.so
-- Up-to-date: /home/hoapham/ros2_ws/install/gui_msgs/local/lib/python3.10/dist-packages/gui_msgs/_gui_msgs_s.ep.rosidl_typesupport_fastrtps_c.c
-- Up-to-date: /home/hoapham/ros2_ws/install/gui_msgs/local/lib/python3.10/dist-packages/gui_msgs/_gui_msgs_s.ep.rosidl_typesupport_c.c
-- Up-to-date: /home/hoapham/ros2_ws/install/gui_msgs/local/lib/python3.10/dist-packages/gui_msgs/_gui_msgs_s.ep.rosidl_typesupport_introspection_c.c
-- Installing: /home/hoapham/ros2_ws/install/gui_msgs/local/lib/python3.10/dist-packages/gui_msgs/gui_msgs_s__rosidl_typesupport_introspection_c.cpython-310-x86_64-linux-gnu.so
-- Installing: /home/hoapham/ros2_ws/install/gui_msgs/local/lib/python3.10/dist-packages/gui_msgs/gui_msgs_s__rosidl_typesupport_c.cpython-310-x86_64-linux-gnu.so
Listing '/home/hoapham/ros2_ws/install/gui_msgs/local/lib/python3.10/dist-packages/gui_msgs'...
Listing '/home/hoapham/ros2_ws/install/gui_msgs/local/lib/python3.10/dist-packages/gui_msgs/msg'...
Listing '/home/hoapham/ros2_ws/install/gui_msgs/local/lib/python3.10/dist-packages/gui_msgs/srv'...
-- Installing: /home/hoapham/ros2_ws/install/gui_msgs/local/lib/python3.10/dist-packages/gui_msgs/gui_msgs_s__rosidl_typesupport_fastrtps_c.cpython-310-x86_64-linux-gnu.so
-- Set runtime path of "/home/hoapham/ros2_ws/install/gui_msgs/local/lib/python3.10/dist-packages/gui_msgs/gui_msgs_s__rosidl_typesupport_fastrtps_c.cpython-310-x86_64-linux-gnu.so" to ""
-- Installing: /home/hoapham/ros2_ws/install/gui_msgs/local/lib/python3.10/dist-packages/gui_msgs/gui_msgs_s__rosidl_typesupport_introspection_c.cpython-310-x86_64-linux-gnu.so
-- Set runtime path of "/home/hoapham/ros2_ws/install/gui_msgs/local/lib/python3.10/dist-packages/gui_msgs/gui_msgs_s__rosidl_typesupport_introspection_c.cpython-310-x86_64-linux-gnu.so" to ""
-- Installing: /home/hoapham/ros2_ws/install/gui_msgs/local/lib/python3.10/dist-packages/gui_msgs/gui_msgs_s__rosidl_typesupport_c.cpython-310-x86_64-linux-gnu.so
-- Set runtime path of "/home/hoapham/ros2_ws/install/gui_msgs/local/lib/python3.10/dist-packages/gui_msgs/gui_msgs_s__rosidl_typesupport_c.cpython-310-x86_64-linux-gnu.so" to ""
-- Installing: /home/hoapham/ros2_ws/install/gui_msgs/lib/libgui_msgs__rosidl_generator_py.so
-- Set runtime path of "/home/hoapham/ros2_ws/install/gui_msgs/lib/libgui_msgs__rosidl_generator_py.so" to ""
-- Up-to-date: /home/hoapham/ros2_ws/install/gui_msgs/share/gui_msgs/msg/SettingParams.idl
-- Up-to-date: /home/hoapham/ros2_ws/install/gui_msgs/share/gui_msgs/msg/SettingTool.idl
-- Up-to-date: /home/hoapham/ros2_ws/install/gui_msgs/share/gui_msgs/msg/TrajectorySetting.idl
-- Up-to-date: /home/hoapham/ros2_ws/install/gui_msgs/share/gui_msgs/srv/SettingParams.idl
-- Up-to-date: /home/hoapham/ros2_ws/install/gui_msgs/share/gui_msgs/srv/SettingTool.idl
-- Up-to-date: /home/hoapham/ros2_ws/install/gui_msgs/share/gui_msgs/srv/TrajectorySetting.idl
-- Up-to-date: /home/hoapham/ros2_ws/install/gui_msgs/share/gui_msgs/msg/SettingParams.msg
-- Up-to-date: /home/hoapham/ros2_ws/install/gui_msgs/share/gui_msgs/msg/SettingTool.msg
-- Up-to-date: /home/hoapham/ros2_ws/install/gui_msgs/share/gui_msgs/msg/TrajectorySetting.msg
-- Up-to-date: /home/hoapham/ros2_ws/install/gui_msgs/share/gui_msgs/srv/SettingParams.srv
-- Up-to-date: /home/hoapham/ros2_ws/install/gui_msgs/share/gui_msgs/srv/SettingParams_Request.msg
-- Up-to-date: /home/hoapham/ros2_ws/install/gui_msgs/share/gui_msgs/srv/SettingParams_Response.msg
-- Up-to-date: /home/hoapham/ros2_ws/install/gui_msgs/share/gui_msgs/srv/SettingTool.srv
-- Up-to-date: /home/hoapham/ros2_ws/install/gui_msgs/share/gui_msgs/srv/SettingTool_Request.msg
-- Up-to-date: /home/hoapham/ros2_ws/install/gui_msgs/share/gui_msgs/srv/SettingTool_Response.msg
-- Up-to-date: /home/hoapham/ros2_ws/install/gui_msgs/share/gui_msgs/srv/TrajectorySetting.srv
-- Up-to-date: /home/hoapham/ros2_ws/install/gui_msgs/share/gui_msgs/srv/TrajectorySetting_Request.msg
-- Up-to-date: /home/hoapham/ros2_ws/install/gui_msgs/share/gui_msgs/srv/TrajectorySetting_Response.msg
-- Up-to-date: /home/hoapham/ros2_ws/install/gui_msgs/share/ament_index/resource_index/package_run_dependencies/gui_msgs
-- Up-to-date: /home/hoapham/ros2_ws/install/gui_msgs/share/ament_index/resource_index/parent_prefix_path/gui_msgs
-- Up-to-date: /home/hoapham/ros2_ws/install/gui_msgs/share/gui_msgs/environment/ament_prefix_path.sh
-- Up-to-date: /home/hoapham/ros2_ws/install/gui_msgs/share/gui_msgs/environment/ament_prefix_path.dsv
-- Up-to-date: /home/hoapham/ros2_ws/install/gui_msgs/share/gui_msgs/environment/path.sh
-- Up-to-date: /home/hoapham/ros2_ws/install/gui_msgs/share/gui_msgs/environment/path.dsv
-- Up-to-date: /home/hoapham/ros2_ws/install/gui_msgs/share/gui_msgs/local_setup.bash
-- Up-to-date: /home/hoapham/ros2_ws/install/gui_msgs/share/gui_msgs/local_setup.sh
-- Up-to-date: /home/hoapham/ros2_ws/install/gui_msgs/share/gui_msgs/local_setup.zsh
-- Up-to-date: /home/hoapham/ros2_ws/install/gui_msgs/share/gui_msgs/local_setup.dsv
-- Installing: /home/hoapham/ros2_ws/install/gui_msgs/share/gui_msgs/package.dsv
-- Up-to-date: /home/hoapham/ros2_ws/install/gui_msgs/share/ament_index/resource_index/packages/gui_msgs
-- Up-to-date: /home/hoapham/ros2_ws/install/gui_msgs/share/gui_msgs/cmake/export_gui_msgs__rosidl_generator_cExport.cmake
-- Up-to-date: /home/hoapham/ros2_ws/install/gui_msgs/share/gui_msgs/cmake/export_gui_msgs__rosidl_generator_cExport-noconfig.cmake
-- Up-to-date: /home/hoapham/ros2_ws/install/gui_msgs/share/gui_msgs/cmake/export_gui_msgs__rosidl_typesupport_fastrtps_cExport.cmake
-- Up-to-date: /home/hoapham/ros2_ws/install/gui_msgs/share/gui_msgs/cmake/export_gui_msgs__rosidl_typesupport_fastrtps_cExport-noconfig.cmake
-- Up-to-date: /home/hoapham/ros2_ws/install/gui_msgs/share/gui_msgs/cmake/export_gui_msgs__rosidl_generator_cppExport.cmake
-- Up-to-date: /home/hoapham/ros2_ws/install/gui_msgs/share/gui_msgs/cmake/export_gui_msgs__rosidl_typesupport_fastrtps_cppExport.cmake
-- Up-to-date: /home/hoapham/ros2_ws/install/gui_msgs/share/gui_msgs/cmake/export_gui_msgs__rosidl_typesupport_fastrtps_cppExport-noconfig.cmake
-- Up-to-date: /home/hoapham/ros2_ws/install/gui_msgs/share/gui_msgs/cmake/gui_msgs__rosidl_typesupport_introspection_cExport.cmake
-- Up-to-date: /home/hoapham/ros2_ws/install/gui_msgs/share/gui_msgs/cmake/gui_msgs__rosidl_typesupport_introspection_cExport-noconfig.cmake
-- Up-to-date: /home/hoapham/ros2_ws/install/gui_msgs/share/gui_msgs/cmake/gui_msgs__rosidl_typesupport_cExport.cmake
-- Up-to-date: /home/hoapham/ros2_ws/install/gui_msgs/share/gui_msgs/cmake/gui_msgs__rosidl_typesupport_cExport-noconfig.cmake
-- Up-to-date: /home/hoapham/ros2_ws/install/gui_msgs/share/gui_msgs/cmake/gui_msgs__rosidl_typesupport_introspection_cppExport.cmake
-- Up-to-date: /home/hoapham/ros2_ws/install/gui_msgs/share/gui_msgs/cmake/gui_msgs__rosidl_typesupport_introspection_cppExport-noconfig.cmake
-- Up-to-date: /home/hoapham/ros2_ws/install/gui_msgs/share/gui_msgs/cmake/gui_msgs__rosidl_typesupport_cppExport.cmake
-- Up-to-date: /home/hoapham/ros2_ws/install/gui_msgs/share/gui_msgs/cmake/gui_msgs__rosidl_typesupport_cppExport-noconfig.cmake
-- Up-to-date: /home/hoapham/ros2_ws/install/gui_msgs/share/gui_msgs/cmake/export_gui_msgs__rosidl_generator_pyExport.cmake
-- Up-to-date: /home/hoapham/ros2_ws/install/gui_msgs/share/gui_msgs/cmake/export_gui_msgs__rosidl_generator_pyExport-noconfig.cmake
-- Up-to-date: /home/hoapham/ros2_ws/install/gui_msgs/share/gui_msgs/cmake/rosidl_cmake-extras.cmake
-- Up-to-date: /home/hoapham/ros2_ws/install/gui_msgs/share/gui_msgs/cmake/ament_cmake_export_dependencies-extras.cmake
-- Up-to-date: /home/hoapham/ros2_ws/install/gui_msgs/share/gui_msgs/cmake/ament_cmake_export_include_directories-extras.cmake
-- Up-to-date: /home/hoapham/ros2_ws/install/gui_msgs/share/gui_msgs/cmake/ament_cmake_export_libraries-extras.cmake
-- Up-to-date: /home/hoapham/ros2_ws/install/gui_msgs/share/gui_msgs/cmake/ament_cmake_export_targets-extras.cmake
-- Up-to-date: /home/hoapham/ros2_ws/install/gui_msgs/share/gui_msgs/cmake/rosidl_cmake_export_typesupport_targets-extras.cmake
-- Up-to-date: /home/hoapham/ros2_ws/install/gui_msgs/share/gui_msgs/cmake/rosidl_cmake_export_typesupport_libraries-extras.cmake
-- Up-to-date: /home/hoapham/ros2_ws/install/gui_msgs/share/gui_msgs/cmake/gui_msgsConfig.cmake
-- Up-to-date: /home/hoapham/ros2_ws/install/gui_msgs/share/gui_msgs/cmake/gui_msgsConfig-version.cmake
-- Up-to-date: /home/hoapham/ros2_ws/install/gui_msgs/share/gui_msgs/package.xml
