In file included from [01m[K/home/hoapham/ros2_ws/build/gui/gui_autogen/BMPI5EA7AM/moc_ExecutePage.cpp:10[m[K,
                 from [01m[K/home/hoapham/ros2_ws/build/gui/gui_autogen/mocs_compilation.cpp:2[m[K:
[01m[K/home/hoapham/ros2_ws/build/gui/gui_autogen/BMPI5EA7AM/../../../../src/gui/include/gui/ExecutePage.h:32:10:[m[K [01;31m[Kfatal error: [m[Kgui_msgs/msg/auto_process.hpp: No such file or directory
   32 | #include [01;31m[K"gui_msgs/msg/auto_process.hpp"[m[K
      |          [01;31m[K^~~~~~~~~~~~~~~~~~~~~~~~~~~~~~~[m[K
compilation terminated.
In file included from [01m[K/home/hoapham/ros2_ws/src/gui/src/ExecutePage.cpp:1[m[K:
[01m[K/home/hoapham/ros2_ws/src/gui/include/gui/ExecutePage.h:32:10:[m[K [01;31m[Kfatal error: [m[Kgui_msgs/msg/auto_process.hpp: No such file or directory
   32 | #include [01;31m[K"gui_msgs/msg/auto_process.hpp"[m[K
      |          [01;31m[K^~~~~~~~~~~~~~~~~~~~~~~~~~~~~~~[m[K
compilation terminated.
gmake[2]: *** [CMakeFiles/gui.dir/build.make:76: CMakeFiles/gui.dir/gui_autogen/mocs_compilation.cpp.o] Error 1
gmake[2]: *** Waiting for unfinished jobs....
gmake[2]: *** [CMakeFiles/gui.dir/build.make:160: CMakeFiles/gui.dir/src/ExecutePage.cpp.o] Error 1
In file included from [01m[K/home/hoapham/ros2_ws/src/gui/include/gui/hello_gui.h:34[m[K,
                 from [01m[K/home/hoapham/ros2_ws/src/gui/src/main.cpp:4[m[K:
[01m[K/home/hoapham/ros2_ws/src/gui/include/gui/ExecutePage.h:32:10:[m[K [01;31m[Kfatal error: [m[Kgui_msgs/msg/auto_process.hpp: No such file or directory
   32 | #include [01;31m[K"gui_msgs/msg/auto_process.hpp"[m[K
      |          [01;31m[K^~~~~~~~~~~~~~~~~~~~~~~~~~~~~~~[m[K
compilation terminated.
In file included from [01m[K/home/hoapham/ros2_ws/src/gui/include/gui/hello_gui.h:34[m[K,
                 from [01m[K/home/hoapham/ros2_ws/src/gui/src/hello_gui.cpp:3[m[K:
[01m[K/home/hoapham/ros2_ws/src/gui/include/gui/ExecutePage.h:32:10:[m[K [01;31m[Kfatal error: [m[Kgui_msgs/msg/auto_process.hpp: No such file or directory
   32 | #include [01;31m[K"gui_msgs/msg/auto_process.hpp"[m[K
      |          [01;31m[K^~~~~~~~~~~~~~~~~~~~~~~~~~~~~~~[m[K
compilation terminated.
gmake[2]: *** [CMakeFiles/gui.dir/build.make:90: CMakeFiles/gui.dir/src/main.cpp.o] Error 1
gmake[2]: *** [CMakeFiles/gui.dir/build.make:104: CMakeFiles/gui.dir/src/hello_gui.cpp.o] Error 1
In file included from [01m[K/home/hoapham/ros2_ws/src/gui/include/gui/hello_gui.h:34[m[K,
                 from [01m[K/home/hoapham/ros2_ws/src/gui/src/preparation.cpp:2[m[K:
[01m[K/home/hoapham/ros2_ws/src/gui/include/gui/ExecutePage.h:32:10:[m[K [01;31m[Kfatal error: [m[Kgui_msgs/msg/auto_process.hpp: No such file or directory
   32 | #include [01;31m[K"gui_msgs/msg/auto_process.hpp"[m[K
      |          [01;31m[K^~~~~~~~~~~~~~~~~~~~~~~~~~~~~~~[m[K
compilation terminated.
gmake[2]: *** [CMakeFiles/gui.dir/build.make:146: CMakeFiles/gui.dir/src/preparation.cpp.o] Error 1
gmake[1]: *** [CMakeFiles/Makefile2:138: CMakeFiles/gui.dir/all] Error 2
gmake: *** [Makefile:146: all] Error 2
