[  1%] [34m[1mGenerating C++ code for ROS interfaces[0m
[  2%] [34m[1mGenerating C code for ROS interfaces[0m
[  3%] [34m[1mAutomatic MOC for target rviz_cloud_annotation_points[0m
[  3%] Built target ament_cmake_python_copy_rviz_cloud_annotation
[  3%] Built target rviz_cloud_annotation_points_autogen
[  4%] [32mBuilding CXX object src/rviz_cloud_annotation_points/CMakeFiles/rviz_cloud_annotation_points.dir/rviz_cloud_annotation_c_interface.cpp.o[0m
[  7%] [32mBuilding CXX object src/rviz_cloud_annotation_points/CMakeFiles/rviz_cloud_annotation_points.dir/rviz_cloud_annotation_points.cpp.o[0m
[  7%] [32mBuilding CXX object src/rviz_cloud_annotation_points/CMakeFiles/rviz_cloud_annotation_points.dir/point_neighborhood.cpp.o[0m
[  8%] [32mBuilding CXX object src/rviz_cloud_annotation_points/CMakeFiles/rviz_cloud_annotation_points.dir/point_neighborhood_search.cpp.o[0m
[  9%] [32mBuilding CXX object src/rviz_cloud_annotation_points/CMakeFiles/rviz_cloud_annotation_points.dir/rviz_cloud_annotation_point_plane.cpp.o[0m
[ 10%] [32mBuilding CXX object src/rviz_cloud_annotation_points/CMakeFiles/rviz_cloud_annotation_points.dir/rviz_cloud_annotation_points_autogen/mocs_compilation.cpp.o[0m
[ 11%] [32mBuilding CXX object src/rviz_cloud_annotation_points/CMakeFiles/rviz_cloud_annotation_points.dir/rviz_cloud_annotation_points_io.cpp.o[0m
[ 12%] [32mBuilding CXX object src/rviz_cloud_annotation_points/CMakeFiles/rviz_cloud_annotation_points.dir/rviz_cloud_annotation_undo.cpp.o[0m
running egg_info
creating rviz_cloud_annotation.egg-info
writing rviz_cloud_annotation.egg-info/PKG-INFO
writing dependency_links to rviz_cloud_annotation.egg-info/dependency_links.txt
writing top-level names to rviz_cloud_annotation.egg-info/top_level.txt
writing manifest file 'rviz_cloud_annotation.egg-info/SOURCES.txt'
reading manifest file 'rviz_cloud_annotation.egg-info/SOURCES.txt'
writing manifest file 'rviz_cloud_annotation.egg-info/SOURCES.txt'
[ 12%] Built target ament_cmake_python_build_rviz_cloud_annotation_egg
[ 12%] Built target rviz_cloud_annotation__cpp
[ 14%] [34m[1mAutomatic MOC for target rviz_cloud_annotation__rosidl_generator_c[0m
[ 15%] [34m[1mGenerating C++ type support dispatch for ROS interfaces[0m
[ 16%] [34m[1mGenerating C++ introspection for ROS interfaces[0m
[ 17%] [34m[1mGenerating C++ type support for eProsima Fast-RTPS[0m
[ 17%] Built target rviz_cloud_annotation__rosidl_generator_c_autogen
[ 18%] [32mBuilding CXX object CMakeFiles/rviz_cloud_annotation__rosidl_generator_c.dir/rviz_cloud_annotation__rosidl_generator_c_autogen/mocs_compilation.cpp.o[0m
[ 20%] [32mBuilding C object CMakeFiles/rviz_cloud_annotation__rosidl_generator_c.dir/rosidl_generator_c/rviz_cloud_annotation/msg/detail/undo_redo_state__functions.c.o[0m
[ 21%] [32mBuilding C object CMakeFiles/rviz_cloud_annotation__rosidl_generator_c.dir/rosidl_generator_c/rviz_cloud_annotation/msg/detail/rectangle_selection_viewport__functions.c.o[0m
[ 22%] [32m[1mLinking CXX shared library librviz_cloud_annotation__rosidl_generator_c.so[0m
[ 22%] Built target rviz_cloud_annotation__rosidl_generator_c
[ 23%] [34m[1mGenerating C type support for eProsima Fast-RTPS[0m
[ 24%] [34m[1mGenerating C introspection for ROS interfaces[0m
[ 25%] [34m[1mGenerating C type support dispatch for ROS interfaces[0m
[ 27%] [34m[1mAutomatic MOC for target rviz_cloud_annotation__rosidl_typesupport_introspection_cpp[0m
[ 28%] [34m[1mAutomatic MOC for target rviz_cloud_annotation__rosidl_typesupport_cpp[0m
[ 29%] [34m[1mAutomatic MOC for target rviz_cloud_annotation__rosidl_typesupport_fastrtps_cpp[0m
[ 29%] Built target rviz_cloud_annotation__rosidl_typesupport_introspection_cpp_autogen
[ 29%] Built target rviz_cloud_annotation__rosidl_typesupport_cpp_autogen
[ 29%] Built target rviz_cloud_annotation__rosidl_typesupport_fastrtps_cpp_autogen
[ 30%] [32mBuilding CXX object CMakeFiles/rviz_cloud_annotation__rosidl_typesupport_cpp.dir/rviz_cloud_annotation__rosidl_typesupport_cpp_autogen/mocs_compilation.cpp.o[0m
[ 31%] [32mBuilding CXX object CMakeFiles/rviz_cloud_annotation__rosidl_typesupport_cpp.dir/rosidl_typesupport_cpp/rviz_cloud_annotation/msg/undo_redo_state__type_support.cpp.o[0m
[ 32%] [32mBuilding CXX object CMakeFiles/rviz_cloud_annotation__rosidl_typesupport_cpp.dir/rosidl_typesupport_cpp/rviz_cloud_annotation/msg/rectangle_selection_viewport__type_support.cpp.o[0m
[ 34%] [32mBuilding CXX object CMakeFiles/rviz_cloud_annotation__rosidl_typesupport_introspection_cpp.dir/rosidl_typesupport_introspection_cpp/rviz_cloud_annotation/msg/detail/undo_redo_state__type_support.cpp.o[0m
[ 35%] [32mBuilding CXX object CMakeFiles/rviz_cloud_annotation__rosidl_typesupport_introspection_cpp.dir/rviz_cloud_annotation__rosidl_typesupport_introspection_cpp_autogen/mocs_compilation.cpp.o[0m
[ 36%] [32mBuilding CXX object CMakeFiles/rviz_cloud_annotation__rosidl_typesupport_introspection_cpp.dir/rosidl_typesupport_introspection_cpp/rviz_cloud_annotation/msg/detail/rectangle_selection_viewport__type_support.cpp.o[0m
[ 37%] [32mBuilding CXX object CMakeFiles/rviz_cloud_annotation__rosidl_typesupport_fastrtps_cpp.dir/rviz_cloud_annotation__rosidl_typesupport_fastrtps_cpp_autogen/mocs_compilation.cpp.o[0m
[ 38%] [32mBuilding CXX object CMakeFiles/rviz_cloud_annotation__rosidl_typesupport_fastrtps_cpp.dir/rosidl_typesupport_fastrtps_cpp/rviz_cloud_annotation/msg/detail/dds_fastrtps/undo_redo_state__type_support.cpp.o[0m
[ 40%] [32mBuilding CXX object CMakeFiles/rviz_cloud_annotation__rosidl_typesupport_fastrtps_cpp.dir/rosidl_typesupport_fastrtps_cpp/rviz_cloud_annotation/msg/detail/dds_fastrtps/rectangle_selection_viewport__type_support.cpp.o[0m
[ 41%] [34m[1mAutomatic MOC for target rviz_cloud_annotation__rosidl_typesupport_c[0m
[ 42%] [34m[1mAutomatic MOC for target rviz_cloud_annotation__rosidl_typesupport_introspection_c[0m
[ 42%] Built target rviz_cloud_annotation__rosidl_typesupport_c_autogen
[ 42%] Built target rviz_cloud_annotation__rosidl_typesupport_introspection_c_autogen
[ 43%] [32mBuilding CXX object CMakeFiles/rviz_cloud_annotation__rosidl_typesupport_c.dir/rviz_cloud_annotation__rosidl_typesupport_c_autogen/mocs_compilation.cpp.o[0m
[ 44%] [32mBuilding CXX object CMakeFiles/rviz_cloud_annotation__rosidl_typesupport_introspection_c.dir/rviz_cloud_annotation__rosidl_typesupport_introspection_c_autogen/mocs_compilation.cpp.o[0m
[ 45%] [32mBuilding CXX object CMakeFiles/rviz_cloud_annotation__rosidl_typesupport_c.dir/rosidl_typesupport_c/rviz_cloud_annotation/msg/undo_redo_state__type_support.cpp.o[0m
[ 47%] [32mBuilding C object CMakeFiles/rviz_cloud_annotation__rosidl_typesupport_introspection_c.dir/rosidl_typesupport_introspection_c/rviz_cloud_annotation/msg/detail/undo_redo_state__type_support.c.o[0m
[ 48%] [34m[1mAutomatic MOC for target rviz_cloud_annotation__rosidl_typesupport_fastrtps_c[0m
[ 49%] [32mBuilding CXX object CMakeFiles/rviz_cloud_annotation__rosidl_typesupport_c.dir/rosidl_typesupport_c/rviz_cloud_annotation/msg/rectangle_selection_viewport__type_support.cpp.o[0m
[ 50%] [32mBuilding C object CMakeFiles/rviz_cloud_annotation__rosidl_typesupport_introspection_c.dir/rosidl_typesupport_introspection_c/rviz_cloud_annotation/msg/detail/rectangle_selection_viewport__type_support.c.o[0m
[ 50%] Built target rviz_cloud_annotation__rosidl_typesupport_fastrtps_c_autogen
[ 51%] [32m[1mLinking CXX shared library librviz_cloud_annotation__rosidl_typesupport_c.so[0m
[ 52%] [32m[1mLinking CXX shared library librviz_cloud_annotation__rosidl_typesupport_cpp.so[0m
[ 54%] [32mBuilding CXX object CMakeFiles/rviz_cloud_annotation__rosidl_typesupport_fastrtps_c.dir/rviz_cloud_annotation__rosidl_typesupport_fastrtps_c_autogen/mocs_compilation.cpp.o[0m
[ 55%] [32mBuilding CXX object CMakeFiles/rviz_cloud_annotation__rosidl_typesupport_fastrtps_c.dir/rosidl_typesupport_fastrtps_c/rviz_cloud_annotation/msg/detail/undo_redo_state__type_support_c.cpp.o[0m
[ 56%] [32m[1mLinking CXX shared library librviz_cloud_annotation__rosidl_typesupport_introspection_c.so[0m
[ 57%] [32mBuilding CXX object CMakeFiles/rviz_cloud_annotation__rosidl_typesupport_fastrtps_c.dir/rosidl_typesupport_fastrtps_c/rviz_cloud_annotation/msg/detail/rectangle_selection_viewport__type_support_c.cpp.o[0m
[ 57%] Built target rviz_cloud_annotation__rosidl_typesupport_cpp
[ 57%] Built target rviz_cloud_annotation__rosidl_typesupport_c
[ 57%] Built target rviz_cloud_annotation__rosidl_typesupport_introspection_c
[ 58%] [32m[1mLinking CXX shared library librviz_cloud_annotation__rosidl_typesupport_introspection_cpp.so[0m
[ 58%] Built target rviz_cloud_annotation__rosidl_typesupport_introspection_cpp
[ 60%] [32m[1mLinking CXX shared library librviz_cloud_annotation__rosidl_typesupport_fastrtps_cpp.so[0m
[ 60%] Built target rviz_cloud_annotation__rosidl_typesupport_fastrtps_cpp
[ 61%] [32m[1mLinking CXX shared library librviz_cloud_annotation__rosidl_typesupport_fastrtps_c.so[0m
[ 61%] Built target rviz_cloud_annotation__rosidl_typesupport_fastrtps_c
[ 61%] Built target rviz_cloud_annotation
[ 62%] [34m[1mGenerating Python code for ROS interfaces[0m
[ 63%] [34m[1mAutomatic MOC for target rviz_cloud_annotation_plugin[0m
[ 63%] Built target rviz_cloud_annotation_plugin_autogen
[ 64%] [32mBuilding CXX object CMakeFiles/rviz_cloud_annotation_plugin.dir/src/rviz_select_tool.cpp.o[0m
[ 65%] [32mBuilding CXX object CMakeFiles/rviz_cloud_annotation_plugin.dir/src/rviz_cloud_annotation_plugin.cpp.o[0m
[ 67%] [32mBuilding CXX object CMakeFiles/rviz_cloud_annotation_plugin.dir/rviz_cloud_annotation_plugin_autogen/mocs_compilation.cpp.o[0m
[ 67%] Built target rviz_cloud_annotation__py
[ 68%] [34m[1mAutomatic MOC for target rviz_cloud_annotation__rosidl_generator_py[0m
[ 68%] Built target rviz_cloud_annotation__rosidl_generator_py_autogen
[ 70%] [32mBuilding CXX object CMakeFiles/rviz_cloud_annotation__rosidl_generator_py.dir/rviz_cloud_annotation__rosidl_generator_py_autogen/mocs_compilation.cpp.o[0m
[ 70%] [32mBuilding C object CMakeFiles/rviz_cloud_annotation__rosidl_generator_py.dir/rosidl_generator_py/rviz_cloud_annotation/msg/_rectangle_selection_viewport_s.c.o[0m
[ 71%] [32mBuilding C object CMakeFiles/rviz_cloud_annotation__rosidl_generator_py.dir/rosidl_generator_py/rviz_cloud_annotation/msg/_undo_redo_state_s.c.o[0m
[ 72%] [32m[1mLinking CXX shared library rosidl_generator_py/rviz_cloud_annotation/librviz_cloud_annotation__rosidl_generator_py.so[0m
[ 72%] Built target rviz_cloud_annotation__rosidl_generator_py
[ 74%] [34m[1mAutomatic MOC for target rviz_cloud_annotation__rosidl_typesupport_fastrtps_c__pyext[0m
[ 75%] [34m[1mAutomatic MOC for target rviz_cloud_annotation__rosidl_typesupport_introspection_c__pyext[0m
[ 76%] [34m[1mAutomatic MOC for target rviz_cloud_annotation__rosidl_typesupport_c__pyext[0m
[ 76%] Built target rviz_cloud_annotation__rosidl_typesupport_c__pyext_autogen
[ 76%] Built target rviz_cloud_annotation__rosidl_typesupport_introspection_c__pyext_autogen
[ 76%] Built target rviz_cloud_annotation__rosidl_typesupport_fastrtps_c__pyext_autogen
[ 77%] [32mBuilding CXX object CMakeFiles/rviz_cloud_annotation__rosidl_typesupport_introspection_c__pyext.dir/rviz_cloud_annotation__rosidl_typesupport_introspection_c__pyext_autogen/mocs_compilation.cpp.o[0m
[ 78%] [32mBuilding C object CMakeFiles/rviz_cloud_annotation__rosidl_typesupport_c__pyext.dir/rosidl_generator_py/rviz_cloud_annotation/_rviz_cloud_annotation_s.ep.rosidl_typesupport_c.c.o[0m
[ 80%] [32mBuilding C object CMakeFiles/rviz_cloud_annotation__rosidl_typesupport_introspection_c__pyext.dir/rosidl_generator_py/rviz_cloud_annotation/_rviz_cloud_annotation_s.ep.rosidl_typesupport_introspection_c.c.o[0m
[ 81%] [32mBuilding CXX object CMakeFiles/rviz_cloud_annotation__rosidl_typesupport_c__pyext.dir/rviz_cloud_annotation__rosidl_typesupport_c__pyext_autogen/mocs_compilation.cpp.o[0m
[ 82%] [32mBuilding CXX object CMakeFiles/rviz_cloud_annotation__rosidl_typesupport_fastrtps_c__pyext.dir/rviz_cloud_annotation__rosidl_typesupport_fastrtps_c__pyext_autogen/mocs_compilation.cpp.o[0m
[ 83%] [32mBuilding C object CMakeFiles/rviz_cloud_annotation__rosidl_typesupport_fastrtps_c__pyext.dir/rosidl_generator_py/rviz_cloud_annotation/_rviz_cloud_annotation_s.ep.rosidl_typesupport_fastrtps_c.c.o[0m
[ 84%] [32m[1mLinking CXX shared library rosidl_generator_py/rviz_cloud_annotation/rviz_cloud_annotation_s__rosidl_typesupport_fastrtps_c.cpython-310-x86_64-linux-gnu.so[0m
[ 85%] [32m[1mLinking CXX shared library rosidl_generator_py/rviz_cloud_annotation/rviz_cloud_annotation_s__rosidl_typesupport_introspection_c.cpython-310-x86_64-linux-gnu.so[0m
[ 87%] [32m[1mLinking CXX shared library rosidl_generator_py/rviz_cloud_annotation/rviz_cloud_annotation_s__rosidl_typesupport_c.cpython-310-x86_64-linux-gnu.so[0m
[ 87%] Built target rviz_cloud_annotation__rosidl_typesupport_fastrtps_c__pyext
[ 87%] Built target rviz_cloud_annotation__rosidl_typesupport_introspection_c__pyext
[ 87%] Built target rviz_cloud_annotation__rosidl_typesupport_c__pyext
[ 88%] [32m[1mLinking CXX shared library librviz_cloud_annotation_points.so[0m
[ 88%] Built target rviz_cloud_annotation_points
[ 89%] [34m[1mAutomatic MOC for target rviz_cloud_annotation_node[0m
[ 90%] [34m[1mAutomatic MOC for target rviz_cloud_annotation_test[0m
[ 90%] Built target rviz_cloud_annotation_test_autogen
[ 90%] Built target rviz_cloud_annotation_node_autogen
[ 91%] [32mBuilding CXX object CMakeFiles/rviz_cloud_annotation_node.dir/rviz_cloud_annotation_node_autogen/mocs_compilation.cpp.o[0m
[ 92%] [32mBuilding CXX object CMakeFiles/rviz_cloud_annotation_node.dir/src/rviz_cloud_annotation.cpp.o[0m
[ 94%] [32mBuilding CXX object src/rviz_cloud_annotation_points/CMakeFiles/rviz_cloud_annotation_test.dir/rviz_cloud_annotation_test_autogen/mocs_compilation.cpp.o[0m
[ 95%] [32mBuilding CXX object src/rviz_cloud_annotation_points/CMakeFiles/rviz_cloud_annotation_test.dir/rviz_cloud_annotation_test.cpp.o[0m
[ 96%] [32mBuilding CXX object CMakeFiles/rviz_cloud_annotation_node.dir/src/rviz_cloud_annotation_class.cpp.o[0m
[ 97%] [32m[1mLinking CXX executable rviz_cloud_annotation_test[0m
[ 97%] Built target rviz_cloud_annotation_test
[ 98%] [32m[1mLinking CXX shared library librviz_cloud_annotation_plugin.so[0m
[ 98%] Built target rviz_cloud_annotation_plugin
[100%] [32m[1mLinking CXX executable rviz_cloud_annotation_node[0m
[100%] Built target rviz_cloud_annotation_node
