[0.021s] Invoking command in '/home/hoapham/ros2_ws/build/rviz_cloud_annotation': CMAKE_PREFIX_PATH=/opt/ros/humble /usr/bin/cmake --build /home/hoapham/ros2_ws/build/rviz_cloud_annotation -- -j16 -l16
[0.063s] [  1%] [34m[1mGenerating C++ code for ROS interfaces[0m
[0.063s] [  2%] [34m[1mGenerating C code for ROS interfaces[0m
[0.063s] [  3%] [34m[1mAutomatic MOC for target rviz_cloud_annotation_points[0m
[0.071s] [  3%] Built target ament_cmake_python_copy_rviz_cloud_annotation
[0.097s] [  3%] Built target rviz_cloud_annotation_points_autogen
[0.131s] [  4%] [32mBuilding CXX object src/rviz_cloud_annotation_points/CMakeFiles/rviz_cloud_annotation_points.dir/rviz_cloud_annotation_c_interface.cpp.o[0m
[0.132s] [  7%] [32mBuilding CXX object src/rviz_cloud_annotation_points/CMakeFiles/rviz_cloud_annotation_points.dir/rviz_cloud_annotation_points.cpp.o[0m
[0.132s] [  7%] [32mBuilding CXX object src/rviz_cloud_annotation_points/CMakeFiles/rviz_cloud_annotation_points.dir/point_neighborhood.cpp.o[0m
[0.133s] [  8%] [32mBuilding CXX object src/rviz_cloud_annotation_points/CMakeFiles/rviz_cloud_annotation_points.dir/point_neighborhood_search.cpp.o[0m
[0.133s] [  9%] [32mBuilding CXX object src/rviz_cloud_annotation_points/CMakeFiles/rviz_cloud_annotation_points.dir/rviz_cloud_annotation_point_plane.cpp.o[0m
[0.134s] [ 10%] [32mBuilding CXX object src/rviz_cloud_annotation_points/CMakeFiles/rviz_cloud_annotation_points.dir/rviz_cloud_annotation_points_autogen/mocs_compilation.cpp.o[0m
[0.135s] [ 11%] [32mBuilding CXX object src/rviz_cloud_annotation_points/CMakeFiles/rviz_cloud_annotation_points.dir/rviz_cloud_annotation_points_io.cpp.o[0m
[0.140s] [ 12%] [32mBuilding CXX object src/rviz_cloud_annotation_points/CMakeFiles/rviz_cloud_annotation_points.dir/rviz_cloud_annotation_undo.cpp.o[0m
[0.290s] running egg_info
[0.291s] creating rviz_cloud_annotation.egg-info
[0.291s] writing rviz_cloud_annotation.egg-info/PKG-INFO
[0.291s] writing dependency_links to rviz_cloud_annotation.egg-info/dependency_links.txt
[0.291s] writing top-level names to rviz_cloud_annotation.egg-info/top_level.txt
[0.291s] writing manifest file 'rviz_cloud_annotation.egg-info/SOURCES.txt'
[0.295s] reading manifest file 'rviz_cloud_annotation.egg-info/SOURCES.txt'
[0.299s] writing manifest file 'rviz_cloud_annotation.egg-info/SOURCES.txt'
[0.393s] [ 12%] Built target ament_cmake_python_build_rviz_cloud_annotation_egg
[0.682s] [ 12%] Built target rviz_cloud_annotation__cpp
[0.693s] [ 14%] [34m[1mAutomatic MOC for target rviz_cloud_annotation__rosidl_generator_c[0m
[0.738s] [ 15%] [34m[1mGenerating C++ type support dispatch for ROS interfaces[0m
[0.750s] [ 16%] [34m[1mGenerating C++ introspection for ROS interfaces[0m
[0.751s] [ 17%] [34m[1mGenerating C++ type support for eProsima Fast-RTPS[0m
[0.783s] [ 17%] Built target rviz_cloud_annotation__rosidl_generator_c_autogen
[0.841s] [ 18%] [32mBuilding CXX object CMakeFiles/rviz_cloud_annotation__rosidl_generator_c.dir/rviz_cloud_annotation__rosidl_generator_c_autogen/mocs_compilation.cpp.o[0m
[0.842s] [ 20%] [32mBuilding C object CMakeFiles/rviz_cloud_annotation__rosidl_generator_c.dir/rosidl_generator_c/rviz_cloud_annotation/msg/detail/undo_redo_state__functions.c.o[0m
[0.848s] [ 21%] [32mBuilding C object CMakeFiles/rviz_cloud_annotation__rosidl_generator_c.dir/rosidl_generator_c/rviz_cloud_annotation/msg/detail/rectangle_selection_viewport__functions.c.o[0m
[0.961s] [ 22%] [32m[1mLinking CXX shared library librviz_cloud_annotation__rosidl_generator_c.so[0m
[1.083s] [ 22%] Built target rviz_cloud_annotation__rosidl_generator_c
[1.130s] [ 23%] [34m[1mGenerating C type support for eProsima Fast-RTPS[0m
[1.135s] [ 24%] [34m[1mGenerating C introspection for ROS interfaces[0m
[1.152s] [ 25%] [34m[1mGenerating C type support dispatch for ROS interfaces[0m
[1.346s] [ 27%] [34m[1mAutomatic MOC for target rviz_cloud_annotation__rosidl_typesupport_introspection_cpp[0m
[1.353s] [ 28%] [34m[1mAutomatic MOC for target rviz_cloud_annotation__rosidl_typesupport_cpp[0m
[1.395s] [ 29%] [34m[1mAutomatic MOC for target rviz_cloud_annotation__rosidl_typesupport_fastrtps_cpp[0m
[1.442s] [ 29%] Built target rviz_cloud_annotation__rosidl_typesupport_introspection_cpp_autogen
[1.443s] [ 29%] Built target rviz_cloud_annotation__rosidl_typesupport_cpp_autogen
[1.472s] [ 29%] Built target rviz_cloud_annotation__rosidl_typesupport_fastrtps_cpp_autogen
[1.491s] [ 30%] [32mBuilding CXX object CMakeFiles/rviz_cloud_annotation__rosidl_typesupport_cpp.dir/rviz_cloud_annotation__rosidl_typesupport_cpp_autogen/mocs_compilation.cpp.o[0m
[1.491s] [ 31%] [32mBuilding CXX object CMakeFiles/rviz_cloud_annotation__rosidl_typesupport_cpp.dir/rosidl_typesupport_cpp/rviz_cloud_annotation/msg/undo_redo_state__type_support.cpp.o[0m
[1.497s] [ 32%] [32mBuilding CXX object CMakeFiles/rviz_cloud_annotation__rosidl_typesupport_cpp.dir/rosidl_typesupport_cpp/rviz_cloud_annotation/msg/rectangle_selection_viewport__type_support.cpp.o[0m
[1.508s] [ 34%] [32mBuilding CXX object CMakeFiles/rviz_cloud_annotation__rosidl_typesupport_introspection_cpp.dir/rosidl_typesupport_introspection_cpp/rviz_cloud_annotation/msg/detail/undo_redo_state__type_support.cpp.o[0m
[1.518s] [ 35%] [32mBuilding CXX object CMakeFiles/rviz_cloud_annotation__rosidl_typesupport_introspection_cpp.dir/rviz_cloud_annotation__rosidl_typesupport_introspection_cpp_autogen/mocs_compilation.cpp.o[0m
[1.537s] [ 36%] [32mBuilding CXX object CMakeFiles/rviz_cloud_annotation__rosidl_typesupport_introspection_cpp.dir/rosidl_typesupport_introspection_cpp/rviz_cloud_annotation/msg/detail/rectangle_selection_viewport__type_support.cpp.o[0m
[1.543s] [ 37%] [32mBuilding CXX object CMakeFiles/rviz_cloud_annotation__rosidl_typesupport_fastrtps_cpp.dir/rviz_cloud_annotation__rosidl_typesupport_fastrtps_cpp_autogen/mocs_compilation.cpp.o[0m
[1.576s] [ 38%] [32mBuilding CXX object CMakeFiles/rviz_cloud_annotation__rosidl_typesupport_fastrtps_cpp.dir/rosidl_typesupport_fastrtps_cpp/rviz_cloud_annotation/msg/detail/dds_fastrtps/undo_redo_state__type_support.cpp.o[0m
[1.625s] [ 40%] [32mBuilding CXX object CMakeFiles/rviz_cloud_annotation__rosidl_typesupport_fastrtps_cpp.dir/rosidl_typesupport_fastrtps_cpp/rviz_cloud_annotation/msg/detail/dds_fastrtps/rectangle_selection_viewport__type_support.cpp.o[0m
[1.696s] [ 41%] [34m[1mAutomatic MOC for target rviz_cloud_annotation__rosidl_typesupport_c[0m
[1.720s] [ 42%] [34m[1mAutomatic MOC for target rviz_cloud_annotation__rosidl_typesupport_introspection_c[0m
[1.818s] [ 42%] Built target rviz_cloud_annotation__rosidl_typesupport_c_autogen
[1.818s] [ 42%] Built target rviz_cloud_annotation__rosidl_typesupport_introspection_c_autogen
[1.872s] [ 43%] [32mBuilding CXX object CMakeFiles/rviz_cloud_annotation__rosidl_typesupport_c.dir/rviz_cloud_annotation__rosidl_typesupport_c_autogen/mocs_compilation.cpp.o[0m
[1.890s] [ 44%] [32mBuilding CXX object CMakeFiles/rviz_cloud_annotation__rosidl_typesupport_introspection_c.dir/rviz_cloud_annotation__rosidl_typesupport_introspection_c_autogen/mocs_compilation.cpp.o[0m
[1.921s] [ 45%] [32mBuilding CXX object CMakeFiles/rviz_cloud_annotation__rosidl_typesupport_c.dir/rosidl_typesupport_c/rviz_cloud_annotation/msg/undo_redo_state__type_support.cpp.o[0m
[1.949s] [ 47%] [32mBuilding C object CMakeFiles/rviz_cloud_annotation__rosidl_typesupport_introspection_c.dir/rosidl_typesupport_introspection_c/rviz_cloud_annotation/msg/detail/undo_redo_state__type_support.c.o[0m
[1.967s] [ 48%] [34m[1mAutomatic MOC for target rviz_cloud_annotation__rosidl_typesupport_fastrtps_c[0m
[1.992s] [ 49%] [32mBuilding CXX object CMakeFiles/rviz_cloud_annotation__rosidl_typesupport_c.dir/rosidl_typesupport_c/rviz_cloud_annotation/msg/rectangle_selection_viewport__type_support.cpp.o[0m
[2.032s] [ 50%] [32mBuilding C object CMakeFiles/rviz_cloud_annotation__rosidl_typesupport_introspection_c.dir/rosidl_typesupport_introspection_c/rviz_cloud_annotation/msg/detail/rectangle_selection_viewport__type_support.c.o[0m
[2.051s] [ 50%] Built target rviz_cloud_annotation__rosidl_typesupport_fastrtps_c_autogen
[2.073s] [ 51%] [32m[1mLinking CXX shared library librviz_cloud_annotation__rosidl_typesupport_c.so[0m
[2.091s] [ 52%] [32m[1mLinking CXX shared library librviz_cloud_annotation__rosidl_typesupport_cpp.so[0m
[2.126s] [ 54%] [32mBuilding CXX object CMakeFiles/rviz_cloud_annotation__rosidl_typesupport_fastrtps_c.dir/rviz_cloud_annotation__rosidl_typesupport_fastrtps_c_autogen/mocs_compilation.cpp.o[0m
[2.137s] [ 55%] [32mBuilding CXX object CMakeFiles/rviz_cloud_annotation__rosidl_typesupport_fastrtps_c.dir/rosidl_typesupport_fastrtps_c/rviz_cloud_annotation/msg/detail/undo_redo_state__type_support_c.cpp.o[0m
[2.137s] [ 56%] [32m[1mLinking CXX shared library librviz_cloud_annotation__rosidl_typesupport_introspection_c.so[0m
[2.178s] [ 57%] [32mBuilding CXX object CMakeFiles/rviz_cloud_annotation__rosidl_typesupport_fastrtps_c.dir/rosidl_typesupport_fastrtps_c/rviz_cloud_annotation/msg/detail/rectangle_selection_viewport__type_support_c.cpp.o[0m
[2.194s] [ 57%] Built target rviz_cloud_annotation__rosidl_typesupport_cpp
[2.197s] [ 57%] Built target rviz_cloud_annotation__rosidl_typesupport_c
[2.299s] [ 57%] Built target rviz_cloud_annotation__rosidl_typesupport_introspection_c
[2.442s] [ 58%] [32m[1mLinking CXX shared library librviz_cloud_annotation__rosidl_typesupport_introspection_cpp.so[0m
[2.674s] [ 58%] Built target rviz_cloud_annotation__rosidl_typesupport_introspection_cpp
[2.690s] [ 60%] [32m[1mLinking CXX shared library librviz_cloud_annotation__rosidl_typesupport_fastrtps_cpp.so[0m
[2.884s] [ 60%] Built target rviz_cloud_annotation__rosidl_typesupport_fastrtps_cpp
[2.949s] [ 61%] [32m[1mLinking CXX shared library librviz_cloud_annotation__rosidl_typesupport_fastrtps_c.so[0m
[3.165s] [ 61%] Built target rviz_cloud_annotation__rosidl_typesupport_fastrtps_c
[3.216s] [ 61%] Built target rviz_cloud_annotation
[3.269s] [ 62%] [34m[1mGenerating Python code for ROS interfaces[0m
[3.272s] [ 63%] [34m[1mAutomatic MOC for target rviz_cloud_annotation_plugin[0m
[3.833s] [ 63%] Built target rviz_cloud_annotation_plugin_autogen
[3.883s] [ 64%] [32mBuilding CXX object CMakeFiles/rviz_cloud_annotation_plugin.dir/src/rviz_select_tool.cpp.o[0m
[3.883s] [ 65%] [32mBuilding CXX object CMakeFiles/rviz_cloud_annotation_plugin.dir/src/rviz_cloud_annotation_plugin.cpp.o[0m
[3.887s] [ 67%] [32mBuilding CXX object CMakeFiles/rviz_cloud_annotation_plugin.dir/rviz_cloud_annotation_plugin_autogen/mocs_compilation.cpp.o[0m
[4.394s] [ 67%] Built target rviz_cloud_annotation__py
[4.437s] [ 68%] [34m[1mAutomatic MOC for target rviz_cloud_annotation__rosidl_generator_py[0m
[4.543s] [ 68%] Built target rviz_cloud_annotation__rosidl_generator_py_autogen
[4.599s] [ 70%] [32mBuilding CXX object CMakeFiles/rviz_cloud_annotation__rosidl_generator_py.dir/rviz_cloud_annotation__rosidl_generator_py_autogen/mocs_compilation.cpp.o[0m
[4.599s] [ 70%] [32mBuilding C object CMakeFiles/rviz_cloud_annotation__rosidl_generator_py.dir/rosidl_generator_py/rviz_cloud_annotation/msg/_rectangle_selection_viewport_s.c.o[0m
[4.606s] [ 71%] [32mBuilding C object CMakeFiles/rviz_cloud_annotation__rosidl_generator_py.dir/rosidl_generator_py/rviz_cloud_annotation/msg/_undo_redo_state_s.c.o[0m
[4.886s] [ 72%] [32m[1mLinking CXX shared library rosidl_generator_py/rviz_cloud_annotation/librviz_cloud_annotation__rosidl_generator_py.so[0m
[5.022s] [ 72%] Built target rviz_cloud_annotation__rosidl_generator_py
[5.086s] [ 74%] [34m[1mAutomatic MOC for target rviz_cloud_annotation__rosidl_typesupport_fastrtps_c__pyext[0m
[5.093s] [ 75%] [34m[1mAutomatic MOC for target rviz_cloud_annotation__rosidl_typesupport_introspection_c__pyext[0m
[5.093s] [ 76%] [34m[1mAutomatic MOC for target rviz_cloud_annotation__rosidl_typesupport_c__pyext[0m
[5.168s] [ 76%] Built target rviz_cloud_annotation__rosidl_typesupport_c__pyext_autogen
[5.173s] [ 76%] Built target rviz_cloud_annotation__rosidl_typesupport_introspection_c__pyext_autogen
[5.177s] [ 76%] Built target rviz_cloud_annotation__rosidl_typesupport_fastrtps_c__pyext_autogen
[5.220s] [ 77%] [32mBuilding CXX object CMakeFiles/rviz_cloud_annotation__rosidl_typesupport_introspection_c__pyext.dir/rviz_cloud_annotation__rosidl_typesupport_introspection_c__pyext_autogen/mocs_compilation.cpp.o[0m
[5.225s] [ 78%] [32mBuilding C object CMakeFiles/rviz_cloud_annotation__rosidl_typesupport_c__pyext.dir/rosidl_generator_py/rviz_cloud_annotation/_rviz_cloud_annotation_s.ep.rosidl_typesupport_c.c.o[0m
[5.226s] [ 80%] [32mBuilding C object CMakeFiles/rviz_cloud_annotation__rosidl_typesupport_introspection_c__pyext.dir/rosidl_generator_py/rviz_cloud_annotation/_rviz_cloud_annotation_s.ep.rosidl_typesupport_introspection_c.c.o[0m
[5.231s] [ 81%] [32mBuilding CXX object CMakeFiles/rviz_cloud_annotation__rosidl_typesupport_c__pyext.dir/rviz_cloud_annotation__rosidl_typesupport_c__pyext_autogen/mocs_compilation.cpp.o[0m
[5.232s] [ 82%] [32mBuilding CXX object CMakeFiles/rviz_cloud_annotation__rosidl_typesupport_fastrtps_c__pyext.dir/rviz_cloud_annotation__rosidl_typesupport_fastrtps_c__pyext_autogen/mocs_compilation.cpp.o[0m
[5.232s] [ 83%] [32mBuilding C object CMakeFiles/rviz_cloud_annotation__rosidl_typesupport_fastrtps_c__pyext.dir/rosidl_generator_py/rviz_cloud_annotation/_rviz_cloud_annotation_s.ep.rosidl_typesupport_fastrtps_c.c.o[0m
[5.423s] [ 84%] [32m[1mLinking CXX shared library rosidl_generator_py/rviz_cloud_annotation/rviz_cloud_annotation_s__rosidl_typesupport_fastrtps_c.cpython-310-x86_64-linux-gnu.so[0m
[5.448s] [ 85%] [32m[1mLinking CXX shared library rosidl_generator_py/rviz_cloud_annotation/rviz_cloud_annotation_s__rosidl_typesupport_introspection_c.cpython-310-x86_64-linux-gnu.so[0m
[5.456s] [ 87%] [32m[1mLinking CXX shared library rosidl_generator_py/rviz_cloud_annotation/rviz_cloud_annotation_s__rosidl_typesupport_c.cpython-310-x86_64-linux-gnu.so[0m
[5.549s] [ 87%] Built target rviz_cloud_annotation__rosidl_typesupport_fastrtps_c__pyext
[5.574s] [ 87%] Built target rviz_cloud_annotation__rosidl_typesupport_introspection_c__pyext
[5.581s] [ 87%] Built target rviz_cloud_annotation__rosidl_typesupport_c__pyext
[6.168s] [ 88%] [32m[1mLinking CXX shared library librviz_cloud_annotation_points.so[0m
[6.532s] [ 88%] Built target rviz_cloud_annotation_points
[6.582s] [ 89%] [34m[1mAutomatic MOC for target rviz_cloud_annotation_node[0m
[6.588s] [ 90%] [34m[1mAutomatic MOC for target rviz_cloud_annotation_test[0m
[6.656s] [ 90%] Built target rviz_cloud_annotation_test_autogen
[6.667s] [ 90%] Built target rviz_cloud_annotation_node_autogen
[6.703s] [ 91%] [32mBuilding CXX object CMakeFiles/rviz_cloud_annotation_node.dir/rviz_cloud_annotation_node_autogen/mocs_compilation.cpp.o[0m
[6.705s] [ 92%] [32mBuilding CXX object CMakeFiles/rviz_cloud_annotation_node.dir/src/rviz_cloud_annotation.cpp.o[0m
[6.707s] [ 94%] [32mBuilding CXX object src/rviz_cloud_annotation_points/CMakeFiles/rviz_cloud_annotation_test.dir/rviz_cloud_annotation_test_autogen/mocs_compilation.cpp.o[0m
[6.707s] [ 95%] [32mBuilding CXX object src/rviz_cloud_annotation_points/CMakeFiles/rviz_cloud_annotation_test.dir/rviz_cloud_annotation_test.cpp.o[0m
[6.708s] [ 96%] [32mBuilding CXX object CMakeFiles/rviz_cloud_annotation_node.dir/src/rviz_cloud_annotation_class.cpp.o[0m
[7.076s] [ 97%] [32m[1mLinking CXX executable rviz_cloud_annotation_test[0m
[8.149s] [ 97%] Built target rviz_cloud_annotation_test
[21.676s] [ 98%] [32m[1mLinking CXX shared library librviz_cloud_annotation_plugin.so[0m
[23.748s] [ 98%] Built target rviz_cloud_annotation_plugin
[29.620s] [100%] [32m[1mLinking CXX executable rviz_cloud_annotation_node[0m
[31.297s] [100%] Built target rviz_cloud_annotation_node
