[0.008s] Invoking command in '/home/hoapham/ros2_ws/build/gui': CMAKE_PREFIX_PATH=/opt/ros/humble /usr/bin/cmake --build /home/hoapham/ros2_ws/build/gui -- -j16 -l16
[0.053s] [ 14%] [34m[1mAutomatic MOC and UIC for target gui[0m
[0.074s] [ 14%] Built target gui_autogen
[0.107s] [ 42%] [32mBuilding CXX object CMakeFiles/gui.dir/gui_autogen/mocs_compilation.cpp.o[0m
[0.107s] [ 42%] [32mBuilding CXX object CMakeFiles/gui.dir/src/main.cpp.o[0m
[0.107s] [ 57%] [32mBuilding CXX object CMakeFiles/gui.dir/src/hello_gui.cpp.o[0m
[0.685s] In file included from [01m[K/home/hoapham/ros2_ws/build/gui/gui_autogen/BMPI5EA7AM/moc_hello_gui.cpp:10[m[K,
[0.685s]                  from [01m[K/home/hoapham/ros2_ws/build/gui/gui_autogen/mocs_compilation.cpp:2[m[K:
[0.685s] [01m[K/home/hoapham/ros2_ws/build/gui/gui_autogen/BMPI5EA7AM/../../../../src/gui/include/gui/hello_gui.h:21:10:[m[K [01;31m[Kfatal error: [m[Kparser.h: No such file or directory
[0.685s]    21 | #include [01;31m[K<parser.h>[m[K
[0.685s]       |          [01;31m[K^~~~~~~~~~[m[K
[0.685s] compilation terminated.
[0.692s] In file included from [01m[K/home/hoapham/ros2_ws/src/gui/src/main.cpp:1[m[K:
[0.692s] [01m[K/home/hoapham/ros2_ws/src/gui/include/gui/hello_gui.h:21:10:[m[K [01;31m[Kfatal error: [m[Kparser.h: No such file or directory
[0.692s]    21 | #include [01;31m[K<parser.h>[m[K
[0.692s]       |          [01;31m[K^~~~~~~~~~[m[K
[0.692s] In file included from [01m[K/home/hoapham/ros2_ws/src/gui/src/hello_gui.cpp:3[m[K:
[0.692s] [01m[K/home/hoapham/ros2_ws/src/gui/include/gui/hello_gui.h:21:10:[m[K [01;31m[Kfatal error: [m[Kparser.h: No such file or directory
[0.692s]    21 | #include [01;31m[K<parser.h>[m[K
[0.692s]       |          [01;31m[K^~~~~~~~~~[m[K
[0.692s] compilation terminated.
[0.692s] compilation terminated.
[0.693s] gmake[2]: *** [CMakeFiles/gui.dir/build.make:76: CMakeFiles/gui.dir/gui_autogen/mocs_compilation.cpp.o] Error 1
[0.693s] gmake[2]: *** Waiting for unfinished jobs....
[0.698s] gmake[2]: *** [CMakeFiles/gui.dir/build.make:90: CMakeFiles/gui.dir/src/main.cpp.o] Error 1
[0.699s] gmake[2]: *** [CMakeFiles/gui.dir/build.make:104: CMakeFiles/gui.dir/src/hello_gui.cpp.o] Error 1
[0.700s] gmake[1]: *** [CMakeFiles/Makefile2:138: CMakeFiles/gui.dir/all] Error 2
[0.700s] gmake: *** [Makefile:146: all] Error 2
[0.702s] Invoked command in '/home/hoapham/ros2_ws/build/gui' returned '2': CMAKE_PREFIX_PATH=/opt/ros/humble /usr/bin/cmake --build /home/hoapham/ros2_ws/build/gui -- -j16 -l16
