[01m[K/home/hoapham/ros2_ws/src/gui/src/main.cpp:[m[K In function ‘[01m[Kint main(int, char**)[m[K’:
[01m[K/home/hoapham/ros2_ws/src/gui/src/main.cpp:17:110:[m[K [01;31m[Kerror: [m[Kno matching function for call to ‘[01m[Kstd::weak_ptr<rviz_common::ros_integration::RosNodeAbstractionIface>::weak_ptr(std::shared_ptr<rclcpp::Node>&)[m[K’
   17 |     auto node_weak_ptr = std::weak_ptr<rviz_common::ros_integration::RosNodeAbstractionIface>(node_shared_ptr[01;31m[K)[m[K;
      |                                                                                                              [01;31m[K^[m[K
In file included from [01m[K/usr/include/c++/11/memory:77[m[K,
                 from [01m[K/usr/include/x86_64-linux-gnu/qt5/QtCore/qsharedpointer_impl.h:71[m[K,
                 from [01m[K/usr/include/x86_64-linux-gnu/qt5/QtCore/qsharedpointer.h:48[m[K,
                 from [01m[K/usr/include/x86_64-linux-gnu/qt5/QtGui/qpixmap.h:48[m[K,
                 from [01m[K/usr/include/x86_64-linux-gnu/qt5/QtGui/qbrush.h:52[m[K,
                 from [01m[K/usr/include/x86_64-linux-gnu/qt5/QtGui/qpalette.h:46[m[K,
                 from [01m[K/usr/include/x86_64-linux-gnu/qt5/QtWidgets/qwidget.h:48[m[K,
                 from [01m[K/usr/include/x86_64-linux-gnu/qt5/QtWidgets/qframe.h:44[m[K,
                 from [01m[K/usr/include/x86_64-linux-gnu/qt5/QtWidgets/qstackedwidget.h:44[m[K,
                 from [01m[K/usr/include/x86_64-linux-gnu/qt5/QtWidgets/QStackedWidget:1[m[K,
                 from [01m[K/home/hoapham/ros2_ws/src/gui/src/main.cpp:2[m[K:
[01m[K/usr/include/c++/11/bits/shared_ptr.h:715:9:[m[K [01;36m[Knote: [m[Kcandidate: ‘[01m[Ktemplate<class _Yp, class> std::weak_ptr<_Tp>::weak_ptr(std::weak_ptr<_Yp>&&) [with _Yp = _Yp; <template-parameter-2-2> = <template-parameter-1-2>; _Tp = rviz_common::ros_integration::RosNodeAbstractionIface][m[K’
  715 |         [01;36m[Kweak_ptr[m[K(weak_ptr<_Yp>&& __r) noexcept
      |         [01;36m[K^~~~~~~~[m[K
[01m[K/usr/include/c++/11/bits/shared_ptr.h:715:9:[m[K [01;36m[Knote: [m[K  template argument deduction/substitution failed:
[01m[K/home/hoapham/ros2_ws/src/gui/src/main.cpp:17:110:[m[K [01;36m[Knote: [m[K  ‘[01m[Kstd::shared_ptr<rclcpp::Node>[m[K’ is not derived from ‘[01m[Kstd::weak_ptr<_Tp>[m[K’
   17 |     auto node_weak_ptr = std::weak_ptr<rviz_common::ros_integration::RosNodeAbstractionIface>(node_shared_ptr[01;36m[K)[m[K;
      |                                                                                                              [01;36m[K^[m[K
In file included from [01m[K/usr/include/c++/11/memory:77[m[K,
                 from [01m[K/usr/include/x86_64-linux-gnu/qt5/QtCore/qsharedpointer_impl.h:71[m[K,
                 from [01m[K/usr/include/x86_64-linux-gnu/qt5/QtCore/qsharedpointer.h:48[m[K,
                 from [01m[K/usr/include/x86_64-linux-gnu/qt5/QtGui/qpixmap.h:48[m[K,
                 from [01m[K/usr/include/x86_64-linux-gnu/qt5/QtGui/qbrush.h:52[m[K,
                 from [01m[K/usr/include/x86_64-linux-gnu/qt5/QtGui/qpalette.h:46[m[K,
                 from [01m[K/usr/include/x86_64-linux-gnu/qt5/QtWidgets/qwidget.h:48[m[K,
                 from [01m[K/usr/include/x86_64-linux-gnu/qt5/QtWidgets/qframe.h:44[m[K,
                 from [01m[K/usr/include/x86_64-linux-gnu/qt5/QtWidgets/qstackedwidget.h:44[m[K,
                 from [01m[K/usr/include/x86_64-linux-gnu/qt5/QtWidgets/QStackedWidget:1[m[K,
                 from [01m[K/home/hoapham/ros2_ws/src/gui/src/main.cpp:2[m[K:
[01m[K/usr/include/c++/11/bits/shared_ptr.h:709:9:[m[K [01;36m[Knote: [m[Kcandidate: ‘[01m[Ktemplate<class _Yp, class> std::weak_ptr<_Tp>::weak_ptr(const std::weak_ptr<_Yp>&) [with _Yp = _Yp; <template-parameter-2-2> = <template-parameter-1-2>; _Tp = rviz_common::ros_integration::RosNodeAbstractionIface][m[K’
  709 |         [01;36m[Kweak_ptr[m[K(const weak_ptr<_Yp>& __r) noexcept
      |         [01;36m[K^~~~~~~~[m[K
[01m[K/usr/include/c++/11/bits/shared_ptr.h:709:9:[m[K [01;36m[Knote: [m[K  template argument deduction/substitution failed:
[01m[K/home/hoapham/ros2_ws/src/gui/src/main.cpp:17:110:[m[K [01;36m[Knote: [m[K  ‘[01m[Kstd::shared_ptr<rclcpp::Node>[m[K’ is not derived from ‘[01m[Kconst std::weak_ptr<_Tp>[m[K’
   17 |     auto node_weak_ptr = std::weak_ptr<rviz_common::ros_integration::RosNodeAbstractionIface>(node_shared_ptr[01;36m[K)[m[K;
      |                                                                                                              [01;36m[K^[m[K
In file included from [01m[K/usr/include/c++/11/memory:77[m[K,
                 from [01m[K/usr/include/x86_64-linux-gnu/qt5/QtCore/qsharedpointer_impl.h:71[m[K,
                 from [01m[K/usr/include/x86_64-linux-gnu/qt5/QtCore/qsharedpointer.h:48[m[K,
                 from [01m[K/usr/include/x86_64-linux-gnu/qt5/QtGui/qpixmap.h:48[m[K,
                 from [01m[K/usr/include/x86_64-linux-gnu/qt5/QtGui/qbrush.h:52[m[K,
                 from [01m[K/usr/include/x86_64-linux-gnu/qt5/QtGui/qpalette.h:46[m[K,
                 from [01m[K/usr/include/x86_64-linux-gnu/qt5/QtWidgets/qwidget.h:48[m[K,
                 from [01m[K/usr/include/x86_64-linux-gnu/qt5/QtWidgets/qframe.h:44[m[K,
                 from [01m[K/usr/include/x86_64-linux-gnu/qt5/QtWidgets/qstackedwidget.h:44[m[K,
                 from [01m[K/usr/include/x86_64-linux-gnu/qt5/QtWidgets/QStackedWidget:1[m[K,
                 from [01m[K/home/hoapham/ros2_ws/src/gui/src/main.cpp:2[m[K:
[01m[K/usr/include/c++/11/bits/shared_ptr.h:703:9:[m[K [01;36m[Knote: [m[Kcandidate: ‘[01m[Ktemplate<class _Yp, class> std::weak_ptr<_Tp>::weak_ptr(const std::shared_ptr<_Yp>&) [with _Yp = _Yp; <template-parameter-2-2> = <template-parameter-1-2>; _Tp = rviz_common::ros_integration::RosNodeAbstractionIface][m[K’
  703 |         [01;36m[Kweak_ptr[m[K(const shared_ptr<_Yp>& __r) noexcept
      |         [01;36m[K^~~~~~~~[m[K
[01m[K/usr/include/c++/11/bits/shared_ptr.h:703:9:[m[K [01;36m[Knote: [m[K  template argument deduction/substitution failed:
/usr/include/c++/11/bits/shared_ptr.h: In substitution of ‘[01m[Ktemplate<class _Tp> template<class _Arg> using _Constructible = typename std::enable_if<std::is_constructible<std::__weak_ptr<_Tp>, _Arg>::value>::type [with _Arg = const std::shared_ptr<rclcpp::Node>&; _Tp = rviz_common::ros_integration::RosNodeAbstractionIface][m[K’:
[01m[K/usr/include/c++/11/bits/shared_ptr.h:702:9:[m[K   required from here
[01m[K/usr/include/c++/11/bits/shared_ptr.h:689:15:[m[K [01;31m[Kerror: [m[Kno type named ‘[01m[Ktype[m[K’ in ‘[01m[Kstruct std::enable_if<false, void>[m[K’
  689 |         using [01;31m[K_Constructible[m[K = typename enable_if<
      |               [01;31m[K^~~~~~~~~~~~~~[m[K
[01m[K/usr/include/c++/11/bits/shared_ptr.h:712:7:[m[K [01;36m[Knote: [m[Kcandidate: ‘[01m[Kstd::weak_ptr<_Tp>::weak_ptr(std::weak_ptr<_Tp>&&) [with _Tp = rviz_common::ros_integration::RosNodeAbstractionIface][m[K’
  712 |       [01;36m[Kweak_ptr[m[K(weak_ptr&&) noexcept = default;
      |       [01;36m[K^~~~~~~~[m[K
[01m[K/usr/include/c++/11/bits/shared_ptr.h:712:16:[m[K [01;36m[Knote: [m[K  no known conversion for argument 1 from ‘[01m[Kstd::shared_ptr<rclcpp::Node>[m[K’ to ‘[01m[Kstd::weak_ptr<rviz_common::ros_integration::RosNodeAbstractionIface>&&[m[K’
  712 |       weak_ptr([01;36m[Kweak_ptr&&[m[K) noexcept = default;
      |                [01;36m[K^~~~~~~~~~[m[K
[01m[K/usr/include/c++/11/bits/shared_ptr.h:706:7:[m[K [01;36m[Knote: [m[Kcandidate: ‘[01m[Kstd::weak_ptr<_Tp>::weak_ptr(const std::weak_ptr<_Tp>&) [with _Tp = rviz_common::ros_integration::RosNodeAbstractionIface][m[K’
  706 |       [01;36m[Kweak_ptr[m[K(const weak_ptr&) noexcept = default;
      |       [01;36m[K^~~~~~~~[m[K
[01m[K/usr/include/c++/11/bits/shared_ptr.h:706:16:[m[K [01;36m[Knote: [m[K  no known conversion for argument 1 from ‘[01m[Kstd::shared_ptr<rclcpp::Node>[m[K’ to ‘[01m[Kconst std::weak_ptr<rviz_common::ros_integration::RosNodeAbstractionIface>&[m[K’
  706 |       weak_ptr([01;36m[Kconst weak_ptr&[m[K) noexcept = default;
      |                [01;36m[K^~~~~~~~~~~~~~~[m[K
[01m[K/usr/include/c++/11/bits/shared_ptr.h:699:17:[m[K [01;36m[Knote: [m[Kcandidate: ‘[01m[Kconstexpr std::weak_ptr<_Tp>::weak_ptr() [with _Tp = rviz_common::ros_integration::RosNodeAbstractionIface][m[K’
  699 |       constexpr [01;36m[Kweak_ptr[m[K() noexcept = default;
      |                 [01;36m[K^~~~~~~~[m[K
[01m[K/usr/include/c++/11/bits/shared_ptr.h:699:17:[m[K [01;36m[Knote: [m[K  candidate expects 0 arguments, 1 provided
[01m[K/home/hoapham/ros2_ws/src/gui/src/main.cpp:19:38:[m[K [01;31m[Kerror: [m[K‘[01m[Kusing element_type = class rclcpp::Node[m[K’ {aka ‘[01m[Kclass rclcpp::Node[m[K’} has no member named ‘[01m[Kget_raw_node[m[K’
   19 |     auto ros_node = node_shared_ptr->[01;31m[Kget_raw_node[m[K();
      |                                      [01;31m[K^~~~~~~~~~~~[m[K
[01m[K/home/hoapham/ros2_ws/src/gui/src/main.cpp:[m[K In lambda function:
[01m[K/home/hoapham/ros2_ws/src/gui/src/main.cpp:66:13:[m[K [01;31m[Kerror: [m[K‘[01m[Khello_gui[m[K’ is not captured
   66 |             [01;31m[Khello_gui[m[K->closeRviz();
      |             [01;31m[K^~~~~~~~~[m[K
[01m[K/home/hoapham/ros2_ws/src/gui/src/main.cpp:58:188:[m[K [01;36m[Knote: [m[Kthe lambda has no capture-default
   58 | ow,execute_page, shared_rviz_widget, shared_rviz_panel, &flag, &robot_model_display_,&last_window_index[01;36m[K][m[K(int index) {
      |                                                                                                        [01;36m[K^[m[K

[01m[K/home/hoapham/ros2_ws/src/gui/src/main.cpp:32:10:[m[K [01;36m[Knote: [m[K‘[01m[K<typeprefixerror>hello_gui[m[K’ declared here
   32 |     auto [01;36m[Khello_gui[m[K = new HelloGui(&app, node_weak_ptr, shared_rviz_widget, shared_rviz_panel);
      |          [01;36m[K^~~~~~~~~[m[K
[01m[K/home/hoapham/ros2_ws/src/gui/src/main.cpp:67:13:[m[K [01;31m[Kerror: [m[K‘[01m[Ksecond_window[m[K’ is not captured
   67 |             [01;31m[Ksecond_window[m[K->openRviz(shared_rviz_widget);
      |             [01;31m[K^~~~~~~~~~~~~[m[K
[01m[K/home/hoapham/ros2_ws/src/gui/src/main.cpp:58:188:[m[K [01;36m[Knote: [m[Kthe lambda has no capture-default
   58 | ow,execute_page, shared_rviz_widget, shared_rviz_panel, &flag, &robot_model_display_,&last_window_index[01;36m[K][m[K(int index) {
      |                                                                                                        [01;36m[K^[m[K

[01m[K/home/hoapham/ros2_ws/src/gui/src/main.cpp:33:10:[m[K [01;36m[Knote: [m[K‘[01m[K<typeprefixerror>second_window[m[K’ declared here
   33 |     auto [01;36m[Ksecond_window[m[K = new Form(&app, node_weak_ptr, shared_rviz_widget);
      |          [01;36m[K^~~~~~~~~~~~~[m[K
[01m[K/home/hoapham/ros2_ws/src/gui/src/main.cpp:85:17:[m[K [01;31m[Kerror: [m[K‘[01m[Ksecond_window[m[K’ is not captured
   85 |                 [01;31m[Ksecond_window[m[K->closeRviz();
      |                 [01;31m[K^~~~~~~~~~~~~[m[K
[01m[K/home/hoapham/ros2_ws/src/gui/src/main.cpp:58:188:[m[K [01;36m[Knote: [m[Kthe lambda has no capture-default
   58 | ow,execute_page, shared_rviz_widget, shared_rviz_panel, &flag, &robot_model_display_,&last_window_index[01;36m[K][m[K(int index) {
      |                                                                                                        [01;36m[K^[m[K

[01m[K/home/hoapham/ros2_ws/src/gui/src/main.cpp:33:10:[m[K [01;36m[Knote: [m[K‘[01m[K<typeprefixerror>second_window[m[K’ declared here
   33 |     auto [01;36m[Ksecond_window[m[K = new Form(&app, node_weak_ptr, shared_rviz_widget);
      |          [01;36m[K^~~~~~~~~~~~~[m[K
[01m[K/home/hoapham/ros2_ws/src/gui/src/main.cpp:87:17:[m[K [01;31m[Kerror: [m[K‘[01m[Kexecute_page[m[K’ is not captured
   87 |                 [01;31m[Kexecute_page[m[K->closeRviz();
      |                 [01;31m[K^~~~~~~~~~~~[m[K
[01m[K/home/hoapham/ros2_ws/src/gui/src/main.cpp:58:188:[m[K [01;36m[Knote: [m[Kthe lambda has no capture-default
   58 | ow,execute_page, shared_rviz_widget, shared_rviz_panel, &flag, &robot_model_display_,&last_window_index[01;36m[K][m[K(int index) {
      |                                                                                                        [01;36m[K^[m[K

[01m[K/home/hoapham/ros2_ws/src/gui/src/main.cpp:34:10:[m[K [01;36m[Knote: [m[K‘[01m[K<typeprefixerror>execute_page[m[K’ declared here
   34 |     auto [01;36m[Kexecute_page[m[K = new FormHau(&app, node_weak_ptr, shared_rviz_widget);
      |          [01;36m[K^~~~~~~~~~~~[m[K
[01m[K/home/hoapham/ros2_ws/src/gui/src/main.cpp:89:13:[m[K [01;31m[Kerror: [m[K‘[01m[Khello_gui[m[K’ is not captured
   89 |             [01;31m[Khello_gui[m[K->openRviz(shared_rviz_widget);
      |             [01;31m[K^~~~~~~~~[m[K
[01m[K/home/hoapham/ros2_ws/src/gui/src/main.cpp:58:188:[m[K [01;36m[Knote: [m[Kthe lambda has no capture-default
   58 | ow,execute_page, shared_rviz_widget, shared_rviz_panel, &flag, &robot_model_display_,&last_window_index[01;36m[K][m[K(int index) {
      |                                                                                                        [01;36m[K^[m[K

[01m[K/home/hoapham/ros2_ws/src/gui/src/main.cpp:32:10:[m[K [01;36m[Knote: [m[K‘[01m[K<typeprefixerror>hello_gui[m[K’ declared here
   32 |     auto [01;36m[Khello_gui[m[K = new HelloGui(&app, node_weak_ptr, shared_rviz_widget, shared_rviz_panel);
      |          [01;36m[K^~~~~~~~~[m[K
[01m[K/home/hoapham/ros2_ws/src/gui/src/main.cpp:101:17:[m[K [01;31m[Kerror: [m[K‘[01m[Khello_gui[m[K’ is not captured
  101 |                 [01;31m[Khello_gui[m[K->closeRviz();
      |                 [01;31m[K^~~~~~~~~[m[K
[01m[K/home/hoapham/ros2_ws/src/gui/src/main.cpp:58:188:[m[K [01;36m[Knote: [m[Kthe lambda has no capture-default
   58 | ow,execute_page, shared_rviz_widget, shared_rviz_panel, &flag, &robot_model_display_,&last_window_index[01;36m[K][m[K(int index) {
      |                                                                                                        [01;36m[K^[m[K

[01m[K/home/hoapham/ros2_ws/src/gui/src/main.cpp:32:10:[m[K [01;36m[Knote: [m[K‘[01m[K<typeprefixerror>hello_gui[m[K’ declared here
   32 |     auto [01;36m[Khello_gui[m[K = new HelloGui(&app, node_weak_ptr, shared_rviz_widget, shared_rviz_panel);
      |          [01;36m[K^~~~~~~~~[m[K
[01m[K/home/hoapham/ros2_ws/src/gui/src/main.cpp:104:17:[m[K [01;31m[Kerror: [m[K‘[01m[Ksecond_window[m[K’ is not captured
  104 |                 [01;31m[Ksecond_window[m[K->closeRviz();
      |                 [01;31m[K^~~~~~~~~~~~~[m[K
[01m[K/home/hoapham/ros2_ws/src/gui/src/main.cpp:58:188:[m[K [01;36m[Knote: [m[Kthe lambda has no capture-default
   58 | ow,execute_page, shared_rviz_widget, shared_rviz_panel, &flag, &robot_model_display_,&last_window_index[01;36m[K][m[K(int index) {
      |                                                                                                        [01;36m[K^[m[K

[01m[K/home/hoapham/ros2_ws/src/gui/src/main.cpp:33:10:[m[K [01;36m[Knote: [m[K‘[01m[K<typeprefixerror>second_window[m[K’ declared here
   33 |     auto [01;36m[Ksecond_window[m[K = new Form(&app, node_weak_ptr, shared_rviz_widget);
      |          [01;36m[K^~~~~~~~~~~~~[m[K
[01m[K/home/hoapham/ros2_ws/src/gui/src/main.cpp:108:13:[m[K [01;31m[Kerror: [m[K‘[01m[Kexecute_page[m[K’ is not captured
  108 |             [01;31m[Kexecute_page[m[K->openRviz(shared_rviz_widget);
      |             [01;31m[K^~~~~~~~~~~~[m[K
[01m[K/home/hoapham/ros2_ws/src/gui/src/main.cpp:58:188:[m[K [01;36m[Knote: [m[Kthe lambda has no capture-default
   58 | ow,execute_page, shared_rviz_widget, shared_rviz_panel, &flag, &robot_model_display_,&last_window_index[01;36m[K][m[K(int index) {
      |                                                                                                        [01;36m[K^[m[K

[01m[K/home/hoapham/ros2_ws/src/gui/src/main.cpp:34:10:[m[K [01;36m[Knote: [m[K‘[01m[K<typeprefixerror>execute_page[m[K’ declared here
   34 |     auto [01;36m[Kexecute_page[m[K = new FormHau(&app, node_weak_ptr, shared_rviz_widget);
      |          [01;36m[K^~~~~~~~~~~~[m[K
gmake[2]: *** [CMakeFiles/gui.dir/build.make:90: CMakeFiles/gui.dir/src/main.cpp.o] Error 1
gmake[1]: *** [CMakeFiles/Makefile2:138: CMakeFiles/gui.dir/all] Error 2
gmake: *** [Makefile:146: all] Error 2
