[0.123s] DEBUG:colcon:Command line arguments: ['/usr/bin/colcon', 'build', '--packages-select', 'gui_msgs']
[0.123s] DEBUG:colcon:Parsed command line arguments: Namespace(log_base=None, log_level=None, verb_name='build', build_base='build', install_base='install', merge_install=False, symlink_install=False, test_result_base=None, continue_on_error=False, executor='parallel', parallel_workers=16, event_handlers=None, ignore_user_meta=False, metas=['./colcon.meta'], base_paths=['.'], packages_ignore=None, packages_ignore_regex=None, paths=None, packages_up_to=None, packages_up_to_regex=None, packages_above=None, packages_above_and_dependencies=None, packages_above_depth=None, packages_select_by_dep=None, packages_skip_by_dep=None, packages_skip_up_to=None, packages_select_build_failed=False, packages_skip_build_finished=False, packages_select_test_failures=False, packages_skip_test_passed=False, packages_select=['gui_msgs'], packages_skip=None, packages_select_regex=None, packages_skip_regex=None, packages_start=None, packages_end=None, allow_overriding=[], cmake_args=None, cmake_target=None, cmake_target_skip_unavailable=False, cmake_clean_cache=False, cmake_clean_first=False, cmake_force_configure=False, ament_cmake_args=None, catkin_cmake_args=None, catkin_skip_building_tests=False, mixin_files=None, mixin=None, verb_parser=<colcon_mixin.mixin.mixin_argument.MixinArgumentDecorator object at 0x7574436675e0>, verb_extension=<colcon_core.verb.build.BuildVerb object at 0x757443667070>, main=<bound method BuildVerb.main of <colcon_core.verb.build.BuildVerb object at 0x757443667070>>, mixin_verb=('build',))
[0.341s] Level 1:colcon.colcon_core.package_discovery:discover_packages(colcon_meta) check parameters
[0.341s] Level 1:colcon.colcon_core.package_discovery:discover_packages(recursive) check parameters
[0.341s] Level 1:colcon.colcon_core.package_discovery:discover_packages(ignore) check parameters
[0.341s] Level 1:colcon.colcon_core.package_discovery:discover_packages(path) check parameters
[0.341s] Level 1:colcon.colcon_core.package_discovery:discover_packages(colcon_meta) discover
[0.341s] Level 1:colcon.colcon_core.package_discovery:discover_packages(recursive) discover
[0.341s] INFO:colcon.colcon_core.package_discovery:Crawling recursively for packages in '/home/hoapham/ros2_ws'
[0.341s] Level 1:colcon.colcon_core.package_identification:_identify(.) by extensions ['ignore', 'ignore_ament_install']
[0.341s] Level 1:colcon.colcon_core.package_identification:_identify(.) by extension 'ignore'
[0.341s] Level 1:colcon.colcon_core.package_identification:_identify(.) by extension 'ignore_ament_install'
[0.341s] Level 1:colcon.colcon_core.package_identification:_identify(.) by extensions ['colcon_pkg']
[0.341s] Level 1:colcon.colcon_core.package_identification:_identify(.) by extension 'colcon_pkg'
[0.342s] Level 1:colcon.colcon_core.package_identification:_identify(.) by extensions ['colcon_meta']
[0.342s] Level 1:colcon.colcon_core.package_identification:_identify(.) by extension 'colcon_meta'
[0.342s] Level 1:colcon.colcon_core.package_identification:_identify(.) by extensions ['ros']
[0.342s] Level 1:colcon.colcon_core.package_identification:_identify(.) by extension 'ros'
[0.352s] Level 1:colcon.colcon_core.package_identification:_identify(.) by extensions ['cmake', 'python']
[0.352s] Level 1:colcon.colcon_core.package_identification:_identify(.) by extension 'cmake'
[0.352s] Level 1:colcon.colcon_core.package_identification:_identify(.) by extension 'python'
[0.352s] Level 1:colcon.colcon_core.package_identification:_identify(.) by extensions ['python_setup_py']
[0.353s] Level 1:colcon.colcon_core.package_identification:_identify(.) by extension 'python_setup_py'
[0.353s] Level 1:colcon.colcon_core.package_identification:_identify(build) by extensions ['ignore', 'ignore_ament_install']
[0.353s] Level 1:colcon.colcon_core.package_identification:_identify(build) by extension 'ignore'
[0.353s] Level 1:colcon.colcon_core.package_identification:_identify(build) ignored
[0.353s] Level 1:colcon.colcon_core.package_identification:_identify(config) by extensions ['ignore', 'ignore_ament_install']
[0.353s] Level 1:colcon.colcon_core.package_identification:_identify(config) by extension 'ignore'
[0.353s] Level 1:colcon.colcon_core.package_identification:_identify(config) by extension 'ignore_ament_install'
[0.353s] Level 1:colcon.colcon_core.package_identification:_identify(config) by extensions ['colcon_pkg']
[0.353s] Level 1:colcon.colcon_core.package_identification:_identify(config) by extension 'colcon_pkg'
[0.353s] Level 1:colcon.colcon_core.package_identification:_identify(config) by extensions ['colcon_meta']
[0.353s] Level 1:colcon.colcon_core.package_identification:_identify(config) by extension 'colcon_meta'
[0.353s] Level 1:colcon.colcon_core.package_identification:_identify(config) by extensions ['ros']
[0.353s] Level 1:colcon.colcon_core.package_identification:_identify(config) by extension 'ros'
[0.353s] Level 1:colcon.colcon_core.package_identification:_identify(config) by extensions ['cmake', 'python']
[0.353s] Level 1:colcon.colcon_core.package_identification:_identify(config) by extension 'cmake'
[0.353s] Level 1:colcon.colcon_core.package_identification:_identify(config) by extension 'python'
[0.353s] Level 1:colcon.colcon_core.package_identification:_identify(config) by extensions ['python_setup_py']
[0.353s] Level 1:colcon.colcon_core.package_identification:_identify(config) by extension 'python_setup_py'
[0.353s] Level 1:colcon.colcon_core.package_identification:_identify(data) by extensions ['ignore', 'ignore_ament_install']
[0.353s] Level 1:colcon.colcon_core.package_identification:_identify(data) by extension 'ignore'
[0.353s] Level 1:colcon.colcon_core.package_identification:_identify(data) by extension 'ignore_ament_install'
[0.354s] Level 1:colcon.colcon_core.package_identification:_identify(data) by extensions ['colcon_pkg']
[0.354s] Level 1:colcon.colcon_core.package_identification:_identify(data) by extension 'colcon_pkg'
[0.354s] Level 1:colcon.colcon_core.package_identification:_identify(data) by extensions ['colcon_meta']
[0.354s] Level 1:colcon.colcon_core.package_identification:_identify(data) by extension 'colcon_meta'
[0.354s] Level 1:colcon.colcon_core.package_identification:_identify(data) by extensions ['ros']
[0.354s] Level 1:colcon.colcon_core.package_identification:_identify(data) by extension 'ros'
[0.354s] Level 1:colcon.colcon_core.package_identification:_identify(data) by extensions ['cmake', 'python']
[0.354s] Level 1:colcon.colcon_core.package_identification:_identify(data) by extension 'cmake'
[0.354s] Level 1:colcon.colcon_core.package_identification:_identify(data) by extension 'python'
[0.354s] Level 1:colcon.colcon_core.package_identification:_identify(data) by extensions ['python_setup_py']
[0.354s] Level 1:colcon.colcon_core.package_identification:_identify(data) by extension 'python_setup_py'
[0.354s] Level 1:colcon.colcon_core.package_identification:_identify(install) by extensions ['ignore', 'ignore_ament_install']
[0.354s] Level 1:colcon.colcon_core.package_identification:_identify(install) by extension 'ignore'
[0.354s] Level 1:colcon.colcon_core.package_identification:_identify(install) ignored
[0.354s] Level 1:colcon.colcon_core.package_identification:_identify(log) by extensions ['ignore', 'ignore_ament_install']
[0.354s] Level 1:colcon.colcon_core.package_identification:_identify(log) by extension 'ignore'
[0.354s] Level 1:colcon.colcon_core.package_identification:_identify(log) ignored
[0.354s] Level 1:colcon.colcon_core.package_identification:_identify(src) by extensions ['ignore', 'ignore_ament_install']
[0.354s] Level 1:colcon.colcon_core.package_identification:_identify(src) by extension 'ignore'
[0.354s] Level 1:colcon.colcon_core.package_identification:_identify(src) by extension 'ignore_ament_install'
[0.354s] Level 1:colcon.colcon_core.package_identification:_identify(src) by extensions ['colcon_pkg']
[0.355s] Level 1:colcon.colcon_core.package_identification:_identify(src) by extension 'colcon_pkg'
[0.355s] Level 1:colcon.colcon_core.package_identification:_identify(src) by extensions ['colcon_meta']
[0.355s] Level 1:colcon.colcon_core.package_identification:_identify(src) by extension 'colcon_meta'
[0.355s] Level 1:colcon.colcon_core.package_identification:_identify(src) by extensions ['ros']
[0.355s] Level 1:colcon.colcon_core.package_identification:_identify(src) by extension 'ros'
[0.355s] Level 1:colcon.colcon_core.package_identification:_identify(src) by extensions ['cmake', 'python']
[0.355s] Level 1:colcon.colcon_core.package_identification:_identify(src) by extension 'cmake'
[0.355s] Level 1:colcon.colcon_core.package_identification:_identify(src) by extension 'python'
[0.355s] Level 1:colcon.colcon_core.package_identification:_identify(src) by extensions ['python_setup_py']
[0.355s] Level 1:colcon.colcon_core.package_identification:_identify(src) by extension 'python_setup_py'
[0.355s] Level 1:colcon.colcon_core.package_identification:_identify(src/fake_livox) by extensions ['ignore', 'ignore_ament_install']
[0.355s] Level 1:colcon.colcon_core.package_identification:_identify(src/fake_livox) by extension 'ignore'
[0.355s] Level 1:colcon.colcon_core.package_identification:_identify(src/fake_livox) by extension 'ignore_ament_install'
[0.355s] Level 1:colcon.colcon_core.package_identification:_identify(src/fake_livox) by extensions ['colcon_pkg']
[0.355s] Level 1:colcon.colcon_core.package_identification:_identify(src/fake_livox) by extension 'colcon_pkg'
[0.355s] Level 1:colcon.colcon_core.package_identification:_identify(src/fake_livox) by extensions ['colcon_meta']
[0.355s] Level 1:colcon.colcon_core.package_identification:_identify(src/fake_livox) by extension 'colcon_meta'
[0.355s] Level 1:colcon.colcon_core.package_identification:_identify(src/fake_livox) by extensions ['ros']
[0.355s] Level 1:colcon.colcon_core.package_identification:_identify(src/fake_livox) by extension 'ros'
[0.358s] DEBUG:colcon.colcon_core.package_identification:Package 'src/fake_livox' with type 'ros.ament_cmake' and name 'fake_livox_publisher'
[0.358s] Level 1:colcon.colcon_core.package_identification:_identify(src/gui) by extensions ['ignore', 'ignore_ament_install']
[0.358s] Level 1:colcon.colcon_core.package_identification:_identify(src/gui) by extension 'ignore'
[0.358s] Level 1:colcon.colcon_core.package_identification:_identify(src/gui) by extension 'ignore_ament_install'
[0.358s] Level 1:colcon.colcon_core.package_identification:_identify(src/gui) by extensions ['colcon_pkg']
[0.358s] Level 1:colcon.colcon_core.package_identification:_identify(src/gui) by extension 'colcon_pkg'
[0.358s] Level 1:colcon.colcon_core.package_identification:_identify(src/gui) by extensions ['colcon_meta']
[0.358s] Level 1:colcon.colcon_core.package_identification:_identify(src/gui) by extension 'colcon_meta'
[0.358s] Level 1:colcon.colcon_core.package_identification:_identify(src/gui) by extensions ['ros']
[0.358s] Level 1:colcon.colcon_core.package_identification:_identify(src/gui) by extension 'ros'
[0.369s] DEBUG:colcon.colcon_core.package_identification:Package 'src/gui' with type 'ros.ament_cmake' and name 'gui'
[0.369s] Level 1:colcon.colcon_core.package_identification:_identify(src/gui_msgs) by extensions ['ignore', 'ignore_ament_install']
[0.369s] Level 1:colcon.colcon_core.package_identification:_identify(src/gui_msgs) by extension 'ignore'
[0.369s] Level 1:colcon.colcon_core.package_identification:_identify(src/gui_msgs) by extension 'ignore_ament_install'
[0.370s] Level 1:colcon.colcon_core.package_identification:_identify(src/gui_msgs) by extensions ['colcon_pkg']
[0.370s] Level 1:colcon.colcon_core.package_identification:_identify(src/gui_msgs) by extension 'colcon_pkg'
[0.370s] Level 1:colcon.colcon_core.package_identification:_identify(src/gui_msgs) by extensions ['colcon_meta']
[0.370s] Level 1:colcon.colcon_core.package_identification:_identify(src/gui_msgs) by extension 'colcon_meta'
[0.370s] Level 1:colcon.colcon_core.package_identification:_identify(src/gui_msgs) by extensions ['ros']
[0.370s] Level 1:colcon.colcon_core.package_identification:_identify(src/gui_msgs) by extension 'ros'
[0.370s] DEBUG:colcon.colcon_core.package_identification:Package 'src/gui_msgs' with type 'ros.ament_cmake' and name 'tvc_msgs'
[0.371s] Level 1:colcon.colcon_core.package_identification:_identify(src/pcd_visualizer) by extensions ['ignore', 'ignore_ament_install']
[0.371s] Level 1:colcon.colcon_core.package_identification:_identify(src/pcd_visualizer) by extension 'ignore'
[0.371s] Level 1:colcon.colcon_core.package_identification:_identify(src/pcd_visualizer) by extension 'ignore_ament_install'
[0.371s] Level 1:colcon.colcon_core.package_identification:_identify(src/pcd_visualizer) by extensions ['colcon_pkg']
[0.371s] Level 1:colcon.colcon_core.package_identification:_identify(src/pcd_visualizer) by extension 'colcon_pkg'
[0.371s] Level 1:colcon.colcon_core.package_identification:_identify(src/pcd_visualizer) by extensions ['colcon_meta']
[0.371s] Level 1:colcon.colcon_core.package_identification:_identify(src/pcd_visualizer) by extension 'colcon_meta'
[0.371s] Level 1:colcon.colcon_core.package_identification:_identify(src/pcd_visualizer) by extensions ['ros']
[0.371s] Level 1:colcon.colcon_core.package_identification:_identify(src/pcd_visualizer) by extension 'ros'
[0.372s] DEBUG:colcon.colcon_core.package_identification:Package 'src/pcd_visualizer' with type 'ros.ament_cmake' and name 'pcd_visualizer'
[0.372s] Level 1:colcon.colcon_core.package_identification:_identify(src/pointcloud_marker) by extensions ['ignore', 'ignore_ament_install']
[0.372s] Level 1:colcon.colcon_core.package_identification:_identify(src/pointcloud_marker) by extension 'ignore'
[0.372s] Level 1:colcon.colcon_core.package_identification:_identify(src/pointcloud_marker) by extension 'ignore_ament_install'
[0.372s] Level 1:colcon.colcon_core.package_identification:_identify(src/pointcloud_marker) by extensions ['colcon_pkg']
[0.372s] Level 1:colcon.colcon_core.package_identification:_identify(src/pointcloud_marker) by extension 'colcon_pkg'
[0.372s] Level 1:colcon.colcon_core.package_identification:_identify(src/pointcloud_marker) by extensions ['colcon_meta']
[0.372s] Level 1:colcon.colcon_core.package_identification:_identify(src/pointcloud_marker) by extension 'colcon_meta'
[0.372s] Level 1:colcon.colcon_core.package_identification:_identify(src/pointcloud_marker) by extensions ['ros']
[0.372s] Level 1:colcon.colcon_core.package_identification:_identify(src/pointcloud_marker) by extension 'ros'
[0.373s] DEBUG:colcon.colcon_core.package_identification:Package 'src/pointcloud_marker' with type 'ros.ament_cmake' and name 'pointcloud_marker'
[0.373s] Level 1:colcon.colcon_core.package_identification:_identify(src/ros2_qt_template) by extensions ['ignore', 'ignore_ament_install']
[0.373s] Level 1:colcon.colcon_core.package_identification:_identify(src/ros2_qt_template) by extension 'ignore'
[0.373s] Level 1:colcon.colcon_core.package_identification:_identify(src/ros2_qt_template) by extension 'ignore_ament_install'
[0.373s] Level 1:colcon.colcon_core.package_identification:_identify(src/ros2_qt_template) by extensions ['colcon_pkg']
[0.373s] Level 1:colcon.colcon_core.package_identification:_identify(src/ros2_qt_template) by extension 'colcon_pkg'
[0.373s] Level 1:colcon.colcon_core.package_identification:_identify(src/ros2_qt_template) by extensions ['colcon_meta']
[0.373s] Level 1:colcon.colcon_core.package_identification:_identify(src/ros2_qt_template) by extension 'colcon_meta'
[0.373s] Level 1:colcon.colcon_core.package_identification:_identify(src/ros2_qt_template) by extensions ['ros']
[0.373s] Level 1:colcon.colcon_core.package_identification:_identify(src/ros2_qt_template) by extension 'ros'
[0.373s] Level 1:colcon.colcon_core.package_identification:_identify(src/ros2_qt_template) by extensions ['cmake', 'python']
[0.373s] Level 1:colcon.colcon_core.package_identification:_identify(src/ros2_qt_template) by extension 'cmake'
[0.373s] Level 1:colcon.colcon_core.package_identification:_identify(src/ros2_qt_template) by extension 'python'
[0.373s] Level 1:colcon.colcon_core.package_identification:_identify(src/ros2_qt_template) by extensions ['python_setup_py']
[0.373s] Level 1:colcon.colcon_core.package_identification:_identify(src/ros2_qt_template) by extension 'python_setup_py'
[0.374s] Level 1:colcon.colcon_core.package_identification:_identify(src/ros2_qt_template/docs) by extensions ['ignore', 'ignore_ament_install']
[0.374s] Level 1:colcon.colcon_core.package_identification:_identify(src/ros2_qt_template/docs) by extension 'ignore'
[0.374s] Level 1:colcon.colcon_core.package_identification:_identify(src/ros2_qt_template/docs) by extension 'ignore_ament_install'
[0.374s] Level 1:colcon.colcon_core.package_identification:_identify(src/ros2_qt_template/docs) by extensions ['colcon_pkg']
[0.374s] Level 1:colcon.colcon_core.package_identification:_identify(src/ros2_qt_template/docs) by extension 'colcon_pkg'
[0.374s] Level 1:colcon.colcon_core.package_identification:_identify(src/ros2_qt_template/docs) by extensions ['colcon_meta']
[0.374s] Level 1:colcon.colcon_core.package_identification:_identify(src/ros2_qt_template/docs) by extension 'colcon_meta'
[0.374s] Level 1:colcon.colcon_core.package_identification:_identify(src/ros2_qt_template/docs) by extensions ['ros']
[0.374s] Level 1:colcon.colcon_core.package_identification:_identify(src/ros2_qt_template/docs) by extension 'ros'
[0.374s] Level 1:colcon.colcon_core.package_identification:_identify(src/ros2_qt_template/docs) by extensions ['cmake', 'python']
[0.374s] Level 1:colcon.colcon_core.package_identification:_identify(src/ros2_qt_template/docs) by extension 'cmake'
[0.374s] Level 1:colcon.colcon_core.package_identification:_identify(src/ros2_qt_template/docs) by extension 'python'
[0.374s] Level 1:colcon.colcon_core.package_identification:_identify(src/ros2_qt_template/docs) by extensions ['python_setup_py']
[0.374s] Level 1:colcon.colcon_core.package_identification:_identify(src/ros2_qt_template/docs) by extension 'python_setup_py'
[0.374s] Level 1:colcon.colcon_core.package_identification:_identify(src/ros2_qt_template/docs/images) by extensions ['ignore', 'ignore_ament_install']
[0.374s] Level 1:colcon.colcon_core.package_identification:_identify(src/ros2_qt_template/docs/images) by extension 'ignore'
[0.374s] Level 1:colcon.colcon_core.package_identification:_identify(src/ros2_qt_template/docs/images) by extension 'ignore_ament_install'
[0.374s] Level 1:colcon.colcon_core.package_identification:_identify(src/ros2_qt_template/docs/images) by extensions ['colcon_pkg']
[0.374s] Level 1:colcon.colcon_core.package_identification:_identify(src/ros2_qt_template/docs/images) by extension 'colcon_pkg'
[0.374s] Level 1:colcon.colcon_core.package_identification:_identify(src/ros2_qt_template/docs/images) by extensions ['colcon_meta']
[0.374s] Level 1:colcon.colcon_core.package_identification:_identify(src/ros2_qt_template/docs/images) by extension 'colcon_meta'
[0.374s] Level 1:colcon.colcon_core.package_identification:_identify(src/ros2_qt_template/docs/images) by extensions ['ros']
[0.374s] Level 1:colcon.colcon_core.package_identification:_identify(src/ros2_qt_template/docs/images) by extension 'ros'
[0.374s] Level 1:colcon.colcon_core.package_identification:_identify(src/ros2_qt_template/docs/images) by extensions ['cmake', 'python']
[0.374s] Level 1:colcon.colcon_core.package_identification:_identify(src/ros2_qt_template/docs/images) by extension 'cmake'
[0.374s] Level 1:colcon.colcon_core.package_identification:_identify(src/ros2_qt_template/docs/images) by extension 'python'
[0.375s] Level 1:colcon.colcon_core.package_identification:_identify(src/ros2_qt_template/docs/images) by extensions ['python_setup_py']
[0.375s] Level 1:colcon.colcon_core.package_identification:_identify(src/ros2_qt_template/docs/images) by extension 'python_setup_py'
[0.375s] Level 1:colcon.colcon_core.package_identification:_identify(src/ros2_qt_template/ros2_qt_rviz2) by extensions ['ignore', 'ignore_ament_install']
[0.375s] Level 1:colcon.colcon_core.package_identification:_identify(src/ros2_qt_template/ros2_qt_rviz2) by extension 'ignore'
[0.375s] Level 1:colcon.colcon_core.package_identification:_identify(src/ros2_qt_template/ros2_qt_rviz2) by extension 'ignore_ament_install'
[0.375s] Level 1:colcon.colcon_core.package_identification:_identify(src/ros2_qt_template/ros2_qt_rviz2) by extensions ['colcon_pkg']
[0.375s] Level 1:colcon.colcon_core.package_identification:_identify(src/ros2_qt_template/ros2_qt_rviz2) by extension 'colcon_pkg'
[0.375s] Level 1:colcon.colcon_core.package_identification:_identify(src/ros2_qt_template/ros2_qt_rviz2) by extensions ['colcon_meta']
[0.375s] Level 1:colcon.colcon_core.package_identification:_identify(src/ros2_qt_template/ros2_qt_rviz2) by extension 'colcon_meta'
[0.375s] Level 1:colcon.colcon_core.package_identification:_identify(src/ros2_qt_template/ros2_qt_rviz2) by extensions ['ros']
[0.375s] Level 1:colcon.colcon_core.package_identification:_identify(src/ros2_qt_template/ros2_qt_rviz2) by extension 'ros'
[0.376s] DEBUG:colcon.colcon_core.package_identification:Package 'src/ros2_qt_template/ros2_qt_rviz2' with type 'ros.ament_cmake' and name 'ros2_qt_rviz2'
[0.376s] Level 1:colcon.colcon_core.package_identification:_identify(src/ros2_qt_template/ros2_qt_template) by extensions ['ignore', 'ignore_ament_install']
[0.376s] Level 1:colcon.colcon_core.package_identification:_identify(src/ros2_qt_template/ros2_qt_template) by extension 'ignore'
[0.376s] Level 1:colcon.colcon_core.package_identification:_identify(src/ros2_qt_template/ros2_qt_template) by extension 'ignore_ament_install'
[0.376s] Level 1:colcon.colcon_core.package_identification:_identify(src/ros2_qt_template/ros2_qt_template) by extensions ['colcon_pkg']
[0.376s] Level 1:colcon.colcon_core.package_identification:_identify(src/ros2_qt_template/ros2_qt_template) by extension 'colcon_pkg'
[0.376s] Level 1:colcon.colcon_core.package_identification:_identify(src/ros2_qt_template/ros2_qt_template) by extensions ['colcon_meta']
[0.376s] Level 1:colcon.colcon_core.package_identification:_identify(src/ros2_qt_template/ros2_qt_template) by extension 'colcon_meta'
[0.376s] Level 1:colcon.colcon_core.package_identification:_identify(src/ros2_qt_template/ros2_qt_template) by extensions ['ros']
[0.376s] Level 1:colcon.colcon_core.package_identification:_identify(src/ros2_qt_template/ros2_qt_template) by extension 'ros'
[0.377s] DEBUG:colcon.colcon_core.package_identification:Package 'src/ros2_qt_template/ros2_qt_template' with type 'ros.ament_cmake' and name 'ros2_qt_template'
[0.377s] Level 1:colcon.colcon_core.package_identification:_identify(src/rviz2_cloud_annotation) by extensions ['ignore', 'ignore_ament_install']
[0.377s] Level 1:colcon.colcon_core.package_identification:_identify(src/rviz2_cloud_annotation) by extension 'ignore'
[0.377s] Level 1:colcon.colcon_core.package_identification:_identify(src/rviz2_cloud_annotation) by extension 'ignore_ament_install'
[0.377s] Level 1:colcon.colcon_core.package_identification:_identify(src/rviz2_cloud_annotation) by extensions ['colcon_pkg']
[0.377s] Level 1:colcon.colcon_core.package_identification:_identify(src/rviz2_cloud_annotation) by extension 'colcon_pkg'
[0.377s] Level 1:colcon.colcon_core.package_identification:_identify(src/rviz2_cloud_annotation) by extensions ['colcon_meta']
[0.377s] Level 1:colcon.colcon_core.package_identification:_identify(src/rviz2_cloud_annotation) by extension 'colcon_meta'
[0.377s] Level 1:colcon.colcon_core.package_identification:_identify(src/rviz2_cloud_annotation) by extensions ['ros']
[0.377s] Level 1:colcon.colcon_core.package_identification:_identify(src/rviz2_cloud_annotation) by extension 'ros'
[0.377s] Level 1:colcon.colcon_core.package_identification:_identify(src/rviz2_cloud_annotation) by extensions ['cmake', 'python']
[0.377s] Level 1:colcon.colcon_core.package_identification:_identify(src/rviz2_cloud_annotation) by extension 'cmake'
[0.377s] Level 1:colcon.colcon_core.package_identification:_identify(src/rviz2_cloud_annotation) by extension 'python'
[0.377s] Level 1:colcon.colcon_core.package_identification:_identify(src/rviz2_cloud_annotation) by extensions ['python_setup_py']
[0.377s] Level 1:colcon.colcon_core.package_identification:_identify(src/rviz2_cloud_annotation) by extension 'python_setup_py'
[0.377s] Level 1:colcon.colcon_core.package_identification:_identify(src/rviz2_cloud_annotation/rviz_3d_view_controller) by extensions ['ignore', 'ignore_ament_install']
[0.377s] Level 1:colcon.colcon_core.package_identification:_identify(src/rviz2_cloud_annotation/rviz_3d_view_controller) by extension 'ignore'
[0.377s] Level 1:colcon.colcon_core.package_identification:_identify(src/rviz2_cloud_annotation/rviz_3d_view_controller) by extension 'ignore_ament_install'
[0.377s] Level 1:colcon.colcon_core.package_identification:_identify(src/rviz2_cloud_annotation/rviz_3d_view_controller) by extensions ['colcon_pkg']
[0.377s] Level 1:colcon.colcon_core.package_identification:_identify(src/rviz2_cloud_annotation/rviz_3d_view_controller) by extension 'colcon_pkg'
[0.377s] Level 1:colcon.colcon_core.package_identification:_identify(src/rviz2_cloud_annotation/rviz_3d_view_controller) by extensions ['colcon_meta']
[0.377s] Level 1:colcon.colcon_core.package_identification:_identify(src/rviz2_cloud_annotation/rviz_3d_view_controller) by extension 'colcon_meta'
[0.378s] Level 1:colcon.colcon_core.package_identification:_identify(src/rviz2_cloud_annotation/rviz_3d_view_controller) by extensions ['ros']
[0.378s] Level 1:colcon.colcon_core.package_identification:_identify(src/rviz2_cloud_annotation/rviz_3d_view_controller) by extension 'ros'
[0.378s] DEBUG:colcon.colcon_core.package_identification:Package 'src/rviz2_cloud_annotation/rviz_3d_view_controller' with type 'ros.ament_cmake' and name 'rviz_3d_view_controller'
[0.378s] Level 1:colcon.colcon_core.package_identification:_identify(src/rviz2_cloud_annotation/rviz_cloud_annotation) by extensions ['ignore', 'ignore_ament_install']
[0.378s] Level 1:colcon.colcon_core.package_identification:_identify(src/rviz2_cloud_annotation/rviz_cloud_annotation) by extension 'ignore'
[0.378s] Level 1:colcon.colcon_core.package_identification:_identify(src/rviz2_cloud_annotation/rviz_cloud_annotation) by extension 'ignore_ament_install'
[0.379s] Level 1:colcon.colcon_core.package_identification:_identify(src/rviz2_cloud_annotation/rviz_cloud_annotation) by extensions ['colcon_pkg']
[0.379s] Level 1:colcon.colcon_core.package_identification:_identify(src/rviz2_cloud_annotation/rviz_cloud_annotation) by extension 'colcon_pkg'
[0.379s] Level 1:colcon.colcon_core.package_identification:_identify(src/rviz2_cloud_annotation/rviz_cloud_annotation) by extensions ['colcon_meta']
[0.379s] Level 1:colcon.colcon_core.package_identification:_identify(src/rviz2_cloud_annotation/rviz_cloud_annotation) by extension 'colcon_meta'
[0.379s] Level 1:colcon.colcon_core.package_identification:_identify(src/rviz2_cloud_annotation/rviz_cloud_annotation) by extensions ['ros']
[0.379s] Level 1:colcon.colcon_core.package_identification:_identify(src/rviz2_cloud_annotation/rviz_cloud_annotation) by extension 'ros'
[0.380s] DEBUG:colcon.colcon_core.package_identification:Package 'src/rviz2_cloud_annotation/rviz_cloud_annotation' with type 'ros.ament_cmake' and name 'rviz_cloud_annotation'
[0.380s] Level 1:colcon.colcon_core.package_identification:_identify(src/rviz_embed_test) by extensions ['ignore', 'ignore_ament_install']
[0.380s] Level 1:colcon.colcon_core.package_identification:_identify(src/rviz_embed_test) by extension 'ignore'
[0.380s] Level 1:colcon.colcon_core.package_identification:_identify(src/rviz_embed_test) by extension 'ignore_ament_install'
[0.380s] Level 1:colcon.colcon_core.package_identification:_identify(src/rviz_embed_test) by extensions ['colcon_pkg']
[0.380s] Level 1:colcon.colcon_core.package_identification:_identify(src/rviz_embed_test) by extension 'colcon_pkg'
[0.380s] Level 1:colcon.colcon_core.package_identification:_identify(src/rviz_embed_test) by extensions ['colcon_meta']
[0.380s] Level 1:colcon.colcon_core.package_identification:_identify(src/rviz_embed_test) by extension 'colcon_meta'
[0.380s] Level 1:colcon.colcon_core.package_identification:_identify(src/rviz_embed_test) by extensions ['ros']
[0.380s] Level 1:colcon.colcon_core.package_identification:_identify(src/rviz_embed_test) by extension 'ros'
[0.381s] DEBUG:colcon.colcon_core.package_identification:Package 'src/rviz_embed_test' with type 'ros.ament_cmake' and name 'rviz_embed_test'
[0.381s] Level 1:colcon.colcon_core.package_identification:_identify(src/zivid-ros) by extensions ['ignore', 'ignore_ament_install']
[0.381s] Level 1:colcon.colcon_core.package_identification:_identify(src/zivid-ros) by extension 'ignore'
[0.381s] Level 1:colcon.colcon_core.package_identification:_identify(src/zivid-ros) by extension 'ignore_ament_install'
[0.381s] Level 1:colcon.colcon_core.package_identification:_identify(src/zivid-ros) by extensions ['colcon_pkg']
[0.381s] Level 1:colcon.colcon_core.package_identification:_identify(src/zivid-ros) by extension 'colcon_pkg'
[0.381s] Level 1:colcon.colcon_core.package_identification:_identify(src/zivid-ros) by extensions ['colcon_meta']
[0.381s] Level 1:colcon.colcon_core.package_identification:_identify(src/zivid-ros) by extension 'colcon_meta'
[0.381s] Level 1:colcon.colcon_core.package_identification:_identify(src/zivid-ros) by extensions ['ros']
[0.382s] Level 1:colcon.colcon_core.package_identification:_identify(src/zivid-ros) by extension 'ros'
[0.382s] Level 1:colcon.colcon_core.package_identification:_identify(src/zivid-ros) by extensions ['cmake', 'python']
[0.382s] Level 1:colcon.colcon_core.package_identification:_identify(src/zivid-ros) by extension 'cmake'
[0.382s] Level 1:colcon.colcon_core.package_identification:_identify(src/zivid-ros) by extension 'python'
[0.382s] Level 1:colcon.colcon_core.package_identification:_identify(src/zivid-ros) by extensions ['python_setup_py']
[0.382s] Level 1:colcon.colcon_core.package_identification:_identify(src/zivid-ros) by extension 'python_setup_py'
[0.382s] Level 1:colcon.colcon_core.package_identification:_identify(src/zivid-ros/continuous-integration) by extensions ['ignore', 'ignore_ament_install']
[0.382s] Level 1:colcon.colcon_core.package_identification:_identify(src/zivid-ros/continuous-integration) by extension 'ignore'
[0.382s] Level 1:colcon.colcon_core.package_identification:_identify(src/zivid-ros/continuous-integration) by extension 'ignore_ament_install'
[0.382s] Level 1:colcon.colcon_core.package_identification:_identify(src/zivid-ros/continuous-integration) by extensions ['colcon_pkg']
[0.382s] Level 1:colcon.colcon_core.package_identification:_identify(src/zivid-ros/continuous-integration) by extension 'colcon_pkg'
[0.382s] Level 1:colcon.colcon_core.package_identification:_identify(src/zivid-ros/continuous-integration) by extensions ['colcon_meta']
[0.382s] Level 1:colcon.colcon_core.package_identification:_identify(src/zivid-ros/continuous-integration) by extension 'colcon_meta'
[0.382s] Level 1:colcon.colcon_core.package_identification:_identify(src/zivid-ros/continuous-integration) by extensions ['ros']
[0.382s] Level 1:colcon.colcon_core.package_identification:_identify(src/zivid-ros/continuous-integration) by extension 'ros'
[0.382s] Level 1:colcon.colcon_core.package_identification:_identify(src/zivid-ros/continuous-integration) by extensions ['cmake', 'python']
[0.382s] Level 1:colcon.colcon_core.package_identification:_identify(src/zivid-ros/continuous-integration) by extension 'cmake'
[0.382s] Level 1:colcon.colcon_core.package_identification:_identify(src/zivid-ros/continuous-integration) by extension 'python'
[0.382s] Level 1:colcon.colcon_core.package_identification:_identify(src/zivid-ros/continuous-integration) by extensions ['python_setup_py']
[0.382s] Level 1:colcon.colcon_core.package_identification:_identify(src/zivid-ros/continuous-integration) by extension 'python_setup_py'
[0.382s] Level 1:colcon.colcon_core.package_identification:_identify(src/zivid-ros/continuous-integration/setup) by extensions ['ignore', 'ignore_ament_install']
[0.382s] Level 1:colcon.colcon_core.package_identification:_identify(src/zivid-ros/continuous-integration/setup) by extension 'ignore'
[0.382s] Level 1:colcon.colcon_core.package_identification:_identify(src/zivid-ros/continuous-integration/setup) by extension 'ignore_ament_install'
[0.382s] Level 1:colcon.colcon_core.package_identification:_identify(src/zivid-ros/continuous-integration/setup) by extensions ['colcon_pkg']
[0.382s] Level 1:colcon.colcon_core.package_identification:_identify(src/zivid-ros/continuous-integration/setup) by extension 'colcon_pkg'
[0.382s] Level 1:colcon.colcon_core.package_identification:_identify(src/zivid-ros/continuous-integration/setup) by extensions ['colcon_meta']
[0.382s] Level 1:colcon.colcon_core.package_identification:_identify(src/zivid-ros/continuous-integration/setup) by extension 'colcon_meta'
[0.383s] Level 1:colcon.colcon_core.package_identification:_identify(src/zivid-ros/continuous-integration/setup) by extensions ['ros']
[0.383s] Level 1:colcon.colcon_core.package_identification:_identify(src/zivid-ros/continuous-integration/setup) by extension 'ros'
[0.383s] Level 1:colcon.colcon_core.package_identification:_identify(src/zivid-ros/continuous-integration/setup) by extensions ['cmake', 'python']
[0.383s] Level 1:colcon.colcon_core.package_identification:_identify(src/zivid-ros/continuous-integration/setup) by extension 'cmake'
[0.383s] Level 1:colcon.colcon_core.package_identification:_identify(src/zivid-ros/continuous-integration/setup) by extension 'python'
[0.383s] Level 1:colcon.colcon_core.package_identification:_identify(src/zivid-ros/continuous-integration/setup) by extensions ['python_setup_py']
[0.383s] Level 1:colcon.colcon_core.package_identification:_identify(src/zivid-ros/continuous-integration/setup) by extension 'python_setup_py'
[0.383s] Level 1:colcon.colcon_core.package_identification:_identify(src/zivid-ros/zivid_camera) by extensions ['ignore', 'ignore_ament_install']
[0.383s] Level 1:colcon.colcon_core.package_identification:_identify(src/zivid-ros/zivid_camera) by extension 'ignore'
[0.383s] Level 1:colcon.colcon_core.package_identification:_identify(src/zivid-ros/zivid_camera) by extension 'ignore_ament_install'
[0.383s] Level 1:colcon.colcon_core.package_identification:_identify(src/zivid-ros/zivid_camera) by extensions ['colcon_pkg']
[0.383s] Level 1:colcon.colcon_core.package_identification:_identify(src/zivid-ros/zivid_camera) by extension 'colcon_pkg'
[0.383s] Level 1:colcon.colcon_core.package_identification:_identify(src/zivid-ros/zivid_camera) by extensions ['colcon_meta']
[0.383s] Level 1:colcon.colcon_core.package_identification:_identify(src/zivid-ros/zivid_camera) by extension 'colcon_meta'
[0.383s] Level 1:colcon.colcon_core.package_identification:_identify(src/zivid-ros/zivid_camera) by extensions ['ros']
[0.383s] Level 1:colcon.colcon_core.package_identification:_identify(src/zivid-ros/zivid_camera) by extension 'ros'
[0.384s] DEBUG:colcon.colcon_core.package_identification:Package 'src/zivid-ros/zivid_camera' with type 'ros.ament_cmake' and name 'zivid_camera'
[0.384s] Level 1:colcon.colcon_core.package_identification:_identify(src/zivid-ros/zivid_description) by extensions ['ignore', 'ignore_ament_install']
[0.384s] Level 1:colcon.colcon_core.package_identification:_identify(src/zivid-ros/zivid_description) by extension 'ignore'
[0.384s] Level 1:colcon.colcon_core.package_identification:_identify(src/zivid-ros/zivid_description) by extension 'ignore_ament_install'
[0.385s] Level 1:colcon.colcon_core.package_identification:_identify(src/zivid-ros/zivid_description) by extensions ['colcon_pkg']
[0.385s] Level 1:colcon.colcon_core.package_identification:_identify(src/zivid-ros/zivid_description) by extension 'colcon_pkg'
[0.385s] Level 1:colcon.colcon_core.package_identification:_identify(src/zivid-ros/zivid_description) by extensions ['colcon_meta']
[0.385s] Level 1:colcon.colcon_core.package_identification:_identify(src/zivid-ros/zivid_description) by extension 'colcon_meta'
[0.385s] Level 1:colcon.colcon_core.package_identification:_identify(src/zivid-ros/zivid_description) by extensions ['ros']
[0.385s] Level 1:colcon.colcon_core.package_identification:_identify(src/zivid-ros/zivid_description) by extension 'ros'
[0.385s] DEBUG:colcon.colcon_core.package_identification:Package 'src/zivid-ros/zivid_description' with type 'ros.ament_cmake' and name 'zivid_description'
[0.385s] Level 1:colcon.colcon_core.package_identification:_identify(src/zivid-ros/zivid_interfaces) by extensions ['ignore', 'ignore_ament_install']
[0.385s] Level 1:colcon.colcon_core.package_identification:_identify(src/zivid-ros/zivid_interfaces) by extension 'ignore'
[0.385s] Level 1:colcon.colcon_core.package_identification:_identify(src/zivid-ros/zivid_interfaces) by extension 'ignore_ament_install'
[0.385s] Level 1:colcon.colcon_core.package_identification:_identify(src/zivid-ros/zivid_interfaces) by extensions ['colcon_pkg']
[0.386s] Level 1:colcon.colcon_core.package_identification:_identify(src/zivid-ros/zivid_interfaces) by extension 'colcon_pkg'
[0.386s] Level 1:colcon.colcon_core.package_identification:_identify(src/zivid-ros/zivid_interfaces) by extensions ['colcon_meta']
[0.386s] Level 1:colcon.colcon_core.package_identification:_identify(src/zivid-ros/zivid_interfaces) by extension 'colcon_meta'
[0.386s] Level 1:colcon.colcon_core.package_identification:_identify(src/zivid-ros/zivid_interfaces) by extensions ['ros']
[0.386s] Level 1:colcon.colcon_core.package_identification:_identify(src/zivid-ros/zivid_interfaces) by extension 'ros'
[0.386s] DEBUG:colcon.colcon_core.package_identification:Package 'src/zivid-ros/zivid_interfaces' with type 'ros.ament_cmake' and name 'zivid_interfaces'
[0.386s] Level 1:colcon.colcon_core.package_identification:_identify(src/zivid-ros/zivid_rviz_plugin) by extensions ['ignore', 'ignore_ament_install']
[0.386s] Level 1:colcon.colcon_core.package_identification:_identify(src/zivid-ros/zivid_rviz_plugin) by extension 'ignore'
[0.386s] Level 1:colcon.colcon_core.package_identification:_identify(src/zivid-ros/zivid_rviz_plugin) by extension 'ignore_ament_install'
[0.386s] Level 1:colcon.colcon_core.package_identification:_identify(src/zivid-ros/zivid_rviz_plugin) by extensions ['colcon_pkg']
[0.386s] Level 1:colcon.colcon_core.package_identification:_identify(src/zivid-ros/zivid_rviz_plugin) by extension 'colcon_pkg'
[0.387s] Level 1:colcon.colcon_core.package_identification:_identify(src/zivid-ros/zivid_rviz_plugin) by extensions ['colcon_meta']
[0.387s] Level 1:colcon.colcon_core.package_identification:_identify(src/zivid-ros/zivid_rviz_plugin) by extension 'colcon_meta'
[0.387s] Level 1:colcon.colcon_core.package_identification:_identify(src/zivid-ros/zivid_rviz_plugin) by extensions ['ros']
[0.387s] Level 1:colcon.colcon_core.package_identification:_identify(src/zivid-ros/zivid_rviz_plugin) by extension 'ros'
[0.387s] DEBUG:colcon.colcon_core.package_identification:Package 'src/zivid-ros/zivid_rviz_plugin' with type 'ros.ament_cmake' and name 'zivid_rviz_plugin'
[0.388s] Level 1:colcon.colcon_core.package_identification:_identify(src/zivid-ros/zivid_samples) by extensions ['ignore', 'ignore_ament_install']
[0.388s] Level 1:colcon.colcon_core.package_identification:_identify(src/zivid-ros/zivid_samples) by extension 'ignore'
[0.388s] Level 1:colcon.colcon_core.package_identification:_identify(src/zivid-ros/zivid_samples) by extension 'ignore_ament_install'
[0.388s] Level 1:colcon.colcon_core.package_identification:_identify(src/zivid-ros/zivid_samples) by extensions ['colcon_pkg']
[0.388s] Level 1:colcon.colcon_core.package_identification:_identify(src/zivid-ros/zivid_samples) by extension 'colcon_pkg'
[0.388s] Level 1:colcon.colcon_core.package_identification:_identify(src/zivid-ros/zivid_samples) by extensions ['colcon_meta']
[0.388s] Level 1:colcon.colcon_core.package_identification:_identify(src/zivid-ros/zivid_samples) by extension 'colcon_meta'
[0.388s] Level 1:colcon.colcon_core.package_identification:_identify(src/zivid-ros/zivid_samples) by extensions ['ros']
[0.388s] Level 1:colcon.colcon_core.package_identification:_identify(src/zivid-ros/zivid_samples) by extension 'ros'
[0.389s] DEBUG:colcon.colcon_core.package_identification:Package 'src/zivid-ros/zivid_samples' with type 'ros.ament_cmake' and name 'zivid_samples'
[0.389s] Level 1:colcon.colcon_core.package_discovery:discover_packages(recursive) using defaults
[0.389s] Level 1:colcon.colcon_core.package_discovery:discover_packages(ignore) discover
[0.389s] Level 1:colcon.colcon_core.package_discovery:discover_packages(ignore) using defaults
[0.389s] Level 1:colcon.colcon_core.package_discovery:discover_packages(path) discover
[0.389s] Level 1:colcon.colcon_core.package_discovery:discover_packages(path) using defaults
[0.390s] WARNING:colcon.colcon_core.package_selection:ignoring unknown package 'gui_msgs' in --packages-select
[0.415s] INFO:colcon.colcon_core.package_selection:Skipping not selected package 'fake_livox_publisher' in 'src/fake_livox'
[0.415s] INFO:colcon.colcon_core.package_selection:Skipping not selected package 'gui' in 'src/gui'
[0.415s] INFO:colcon.colcon_core.package_selection:Skipping not selected package 'pcd_visualizer' in 'src/pcd_visualizer'
[0.415s] INFO:colcon.colcon_core.package_selection:Skipping not selected package 'pointcloud_marker' in 'src/pointcloud_marker'
[0.415s] INFO:colcon.colcon_core.package_selection:Skipping not selected package 'ros2_qt_rviz2' in 'src/ros2_qt_template/ros2_qt_rviz2'
[0.415s] INFO:colcon.colcon_core.package_selection:Skipping not selected package 'ros2_qt_template' in 'src/ros2_qt_template/ros2_qt_template'
[0.415s] INFO:colcon.colcon_core.package_selection:Skipping not selected package 'rviz_3d_view_controller' in 'src/rviz2_cloud_annotation/rviz_3d_view_controller'
[0.415s] INFO:colcon.colcon_core.package_selection:Skipping not selected package 'rviz_cloud_annotation' in 'src/rviz2_cloud_annotation/rviz_cloud_annotation'
[0.415s] INFO:colcon.colcon_core.package_selection:Skipping not selected package 'rviz_embed_test' in 'src/rviz_embed_test'
[0.415s] INFO:colcon.colcon_core.package_selection:Skipping not selected package 'tvc_msgs' in 'src/gui_msgs'
[0.415s] INFO:colcon.colcon_core.package_selection:Skipping not selected package 'zivid_description' in 'src/zivid-ros/zivid_description'
[0.415s] INFO:colcon.colcon_core.package_selection:Skipping not selected package 'zivid_interfaces' in 'src/zivid-ros/zivid_interfaces'
[0.415s] INFO:colcon.colcon_core.package_selection:Skipping not selected package 'zivid_camera' in 'src/zivid-ros/zivid_camera'
[0.415s] INFO:colcon.colcon_core.package_selection:Skipping not selected package 'zivid_rviz_plugin' in 'src/zivid-ros/zivid_rviz_plugin'
[0.415s] INFO:colcon.colcon_core.package_selection:Skipping not selected package 'zivid_samples' in 'src/zivid-ros/zivid_samples'
[0.416s] Level 1:colcon.colcon_core.package_discovery:discover_packages(prefix_path) check parameters
[0.416s] Level 1:colcon.colcon_core.package_discovery:discover_packages(prefix_path) discover
[0.420s] DEBUG:colcon.colcon_installed_package_information.package_discovery:Found 355 installed packages in /opt/ros/humble
[0.422s] Level 1:colcon.colcon_core.package_discovery:discover_packages(prefix_path) using defaults
[0.457s] INFO:colcon.colcon_core.executor:Executing jobs using 'parallel' executor
[0.459s] DEBUG:colcon.colcon_parallel_executor.executor.parallel:run_until_complete
[0.459s] DEBUG:colcon.colcon_parallel_executor.executor.parallel:closing loop
[0.459s] DEBUG:colcon.colcon_parallel_executor.executor.parallel:loop closed
[0.459s] DEBUG:colcon.colcon_parallel_executor.executor.parallel:run_until_complete finished with '0'
[0.460s] DEBUG:colcon.colcon_core.event_reactor:joining thread
[0.465s] INFO:colcon.colcon_core.plugin_system:Skipping extension 'colcon_notification.desktop_notification.terminal_notifier': Not used on non-Darwin systems
[0.466s] INFO:colcon.colcon_core.plugin_system:Skipping extension 'colcon_notification.desktop_notification.win32': Not used on non-Windows systems
[0.466s] INFO:colcon.colcon_notification.desktop_notification:Sending desktop notification using 'notify2'
[0.484s] DEBUG:colcon.colcon_core.event_reactor:joined thread
[0.489s] INFO:colcon.colcon_core.plugin_system:Skipping extension 'colcon_core.shell.bat': Not used on non-Windows systems
[0.489s] INFO:colcon.colcon_core.shell:Creating prefix script '/home/hoapham/ros2_ws/install/local_setup.ps1'
[0.490s] INFO:colcon.colcon_core.shell:Creating prefix util module '/home/hoapham/ros2_ws/install/_local_setup_util_ps1.py'
[0.492s] INFO:colcon.colcon_core.shell:Creating prefix chain script '/home/hoapham/ros2_ws/install/setup.ps1'
[0.493s] INFO:colcon.colcon_core.shell:Creating prefix script '/home/hoapham/ros2_ws/install/local_setup.sh'
[0.494s] INFO:colcon.colcon_core.shell:Creating prefix util module '/home/hoapham/ros2_ws/install/_local_setup_util_sh.py'
[0.494s] INFO:colcon.colcon_core.shell:Creating prefix chain script '/home/hoapham/ros2_ws/install/setup.sh'
[0.495s] INFO:colcon.colcon_core.shell:Creating prefix script '/home/hoapham/ros2_ws/install/local_setup.bash'
[0.496s] INFO:colcon.colcon_core.shell:Creating prefix chain script '/home/hoapham/ros2_ws/install/setup.bash'
[0.497s] INFO:colcon.colcon_core.shell:Creating prefix script '/home/hoapham/ros2_ws/install/local_setup.zsh'
[0.499s] INFO:colcon.colcon_core.shell:Creating prefix chain script '/home/hoapham/ros2_ws/install/setup.zsh'
