[01m[K/home/hoapham/ros2_ws/src/gui/src/main.cpp:[m[K In lambda function:
[01m[K/home/hoapham/ros2_ws/src/gui/src/main.cpp:50:26:[m[K [01;31m[Kerror: [m[K‘[01m[Krobot_model_display_[m[K’ is not captured
   50 |                     if (![01;31m[Krobot_model_display_[m[K) {
      |                          [01;31m[K^~~~~~~~~~~~~~~~~~~~[m[K
[01m[K/home/hoapham/ros2_ws/src/gui/src/main.cpp:40:126:[m[K [01;36m[Knote: [m[Kthe lambda has no capture-default
   40 | lo_gui, second_window, shared_rviz_widget, shared_rviz_panel[01;36m[K][m[K(int index) {
      |                                                             [01;36m[K^[m[K

[01m[K/home/hoapham/ros2_ws/src/gui/src/main.cpp:39:28:[m[K [01;36m[Knote: [m[K‘[01m[Krviz_common::Display* robot_model_display_[m[K’ declared here
   39 |     rviz_common::Display * [01;36m[Krobot_model_display_[m[K =nullptr;
      |                            [01;36m[K^~~~~~~~~~~~~~~~~~~~[m[K
[01m[K/home/hoapham/ros2_ws/src/gui/src/main.cpp:53:21:[m[K [01;31m[Kerror: [m[K‘[01m[Krobot_model_display_[m[K’ is not captured
   53 |                     [01;31m[Krobot_model_display_[m[K = manager->createDisplay("rviz_default_plugins/RobotModel", "RobotModel", true);
      |                     [01;31m[K^~~~~~~~~~~~~~~~~~~~[m[K
[01m[K/home/hoapham/ros2_ws/src/gui/src/main.cpp:40:126:[m[K [01;36m[Knote: [m[Kthe lambda has no capture-default
   40 | lo_gui, second_window, shared_rviz_widget, shared_rviz_panel[01;36m[K][m[K(int index) {
      |                                                             [01;36m[K^[m[K

[01m[K/home/hoapham/ros2_ws/src/gui/src/main.cpp:39:28:[m[K [01;36m[Knote: [m[K‘[01m[Krviz_common::Display* robot_model_display_[m[K’ declared here
   39 |     rviz_common::Display * [01;36m[Krobot_model_display_[m[K =nullptr;
      |                            [01;36m[K^~~~~~~~~~~~~~~~~~~~[m[K
[01m[K/home/hoapham/ros2_ws/src/gui/src/main.cpp:54:21:[m[K [01;31m[Kerror: [m[K‘[01m[Krobot_model_display_[m[K’ is not captured
   54 |                     [01;31m[Krobot_model_display_[m[K->subProp("Description Topic")->setValue("robot_description");
      |                     [01;31m[K^~~~~~~~~~~~~~~~~~~~[m[K
[01m[K/home/hoapham/ros2_ws/src/gui/src/main.cpp:40:126:[m[K [01;36m[Knote: [m[Kthe lambda has no capture-default
   40 | lo_gui, second_window, shared_rviz_widget, shared_rviz_panel[01;36m[K][m[K(int index) {
      |                                                             [01;36m[K^[m[K

[01m[K/home/hoapham/ros2_ws/src/gui/src/main.cpp:39:28:[m[K [01;36m[Knote: [m[K‘[01m[Krviz_common::Display* robot_model_display_[m[K’ declared here
   39 |     rviz_common::Display * [01;36m[Krobot_model_display_[m[K =nullptr;
      |                            [01;36m[K^~~~~~~~~~~~~~~~~~~~[m[K
[01m[K/home/hoapham/ros2_ws/src/gui/src/main.cpp:55:21:[m[K [01;31m[Kerror: [m[K‘[01m[Krobot_model_display_[m[K’ is not captured
   55 |                     [01;31m[Krobot_model_display_[m[K->subProp("Description Source")->setValue("Topic");
      |                     [01;31m[K^~~~~~~~~~~~~~~~~~~~[m[K
[01m[K/home/hoapham/ros2_ws/src/gui/src/main.cpp:40:126:[m[K [01;36m[Knote: [m[Kthe lambda has no capture-default
   40 | lo_gui, second_window, shared_rviz_widget, shared_rviz_panel[01;36m[K][m[K(int index) {
      |                                                             [01;36m[K^[m[K

[01m[K/home/hoapham/ros2_ws/src/gui/src/main.cpp:39:28:[m[K [01;36m[Knote: [m[K‘[01m[Krviz_common::Display* robot_model_display_[m[K’ declared here
   39 |     rviz_common::Display * [01;36m[Krobot_model_display_[m[K =nullptr;
      |                            [01;36m[K^~~~~~~~~~~~~~~~~~~~[m[K
[01m[K/home/hoapham/ros2_ws/src/gui/src/main.cpp:57:21:[m[K [01;31m[Kerror: [m[K‘[01m[Krobot_model_display_[m[K’ is not captured
   57 |                     [01;31m[Krobot_model_display_[m[K->subProp("Visual Enabled")->setValue(true);
      |                     [01;31m[K^~~~~~~~~~~~~~~~~~~~[m[K
[01m[K/home/hoapham/ros2_ws/src/gui/src/main.cpp:40:126:[m[K [01;36m[Knote: [m[Kthe lambda has no capture-default
   40 | lo_gui, second_window, shared_rviz_widget, shared_rviz_panel[01;36m[K][m[K(int index) {
      |                                                             [01;36m[K^[m[K

[01m[K/home/hoapham/ros2_ws/src/gui/src/main.cpp:39:28:[m[K [01;36m[Knote: [m[K‘[01m[Krviz_common::Display* robot_model_display_[m[K’ declared here
   39 |     rviz_common::Display * [01;36m[Krobot_model_display_[m[K =nullptr;
      |                            [01;36m[K^~~~~~~~~~~~~~~~~~~~[m[K
[01m[K/home/hoapham/ros2_ws/src/gui/src/main.cpp:58:21:[m[K [01;31m[Kerror: [m[K‘[01m[Krobot_model_display_[m[K’ is not captured
   58 |                     [01;31m[Krobot_model_display_[m[K->subProp("Collision Enabled")->setValue(false);
      |                     [01;31m[K^~~~~~~~~~~~~~~~~~~~[m[K
[01m[K/home/hoapham/ros2_ws/src/gui/src/main.cpp:40:126:[m[K [01;36m[Knote: [m[Kthe lambda has no capture-default
   40 | lo_gui, second_window, shared_rviz_widget, shared_rviz_panel[01;36m[K][m[K(int index) {
      |                                                             [01;36m[K^[m[K

[01m[K/home/hoapham/ros2_ws/src/gui/src/main.cpp:39:28:[m[K [01;36m[Knote: [m[K‘[01m[Krviz_common::Display* robot_model_display_[m[K’ declared here
   39 |     rviz_common::Display * [01;36m[Krobot_model_display_[m[K =nullptr;
      |                            [01;36m[K^~~~~~~~~~~~~~~~~~~~[m[K
[01m[K/home/hoapham/ros2_ws/src/gui/src/main.cpp:59:21:[m[K [01;31m[Kerror: [m[K‘[01m[Krobot_model_display_[m[K’ is not captured
   59 |                     [01;31m[Krobot_model_display_[m[K->subProp("Update Interval")->setValue(0.0);  // 0 for continuous
      |                     [01;31m[K^~~~~~~~~~~~~~~~~~~~[m[K
[01m[K/home/hoapham/ros2_ws/src/gui/src/main.cpp:40:126:[m[K [01;36m[Knote: [m[Kthe lambda has no capture-default
   40 | lo_gui, second_window, shared_rviz_widget, shared_rviz_panel[01;36m[K][m[K(int index) {
      |                                                             [01;36m[K^[m[K

[01m[K/home/hoapham/ros2_ws/src/gui/src/main.cpp:39:28:[m[K [01;36m[Knote: [m[K‘[01m[Krviz_common::Display* robot_model_display_[m[K’ declared here
   39 |     rviz_common::Display * [01;36m[Krobot_model_display_[m[K =nullptr;
      |                            [01;36m[K^~~~~~~~~~~~~~~~~~~~[m[K
[01m[K/home/hoapham/ros2_ws/src/gui/src/main.cpp:68:17:[m[K [01;31m[Kerror: [m[K‘[01m[Krobot_model_display_[m[K’ is not captured
   68 |                 [01;31m[Krobot_model_display_[m[K->subProp("Visual Enabled")->setValue(false);
      |                 [01;31m[K^~~~~~~~~~~~~~~~~~~~[m[K
[01m[K/home/hoapham/ros2_ws/src/gui/src/main.cpp:40:126:[m[K [01;36m[Knote: [m[Kthe lambda has no capture-default
   40 | lo_gui, second_window, shared_rviz_widget, shared_rviz_panel[01;36m[K][m[K(int index) {
      |                                                             [01;36m[K^[m[K

[01m[K/home/hoapham/ros2_ws/src/gui/src/main.cpp:39:28:[m[K [01;36m[Knote: [m[K‘[01m[Krviz_common::Display* robot_model_display_[m[K’ declared here
   39 |     rviz_common::Display * [01;36m[Krobot_model_display_[m[K =nullptr;
      |                            [01;36m[K^~~~~~~~~~~~~~~~~~~~[m[K
[01m[K/home/hoapham/ros2_ws/src/gui/src/main.cpp:69:17:[m[K [01;31m[Kerror: [m[K‘[01m[Krobot_model_display_[m[K’ is not captured
   69 |                 [01;31m[Krobot_model_display_[m[K->subProp("Collision Enabled")->setValue(false);
      |                 [01;31m[K^~~~~~~~~~~~~~~~~~~~[m[K
[01m[K/home/hoapham/ros2_ws/src/gui/src/main.cpp:40:126:[m[K [01;36m[Knote: [m[Kthe lambda has no capture-default
   40 | lo_gui, second_window, shared_rviz_widget, shared_rviz_panel[01;36m[K][m[K(int index) {
      |                                                             [01;36m[K^[m[K

[01m[K/home/hoapham/ros2_ws/src/gui/src/main.cpp:39:28:[m[K [01;36m[Knote: [m[K‘[01m[Krviz_common::Display* robot_model_display_[m[K’ declared here
   39 |     rviz_common::Display * [01;36m[Krobot_model_display_[m[K =nullptr;
      |                            [01;36m[K^~~~~~~~~~~~~~~~~~~~[m[K
gmake[2]: *** [CMakeFiles/gui.dir/build.make:90: CMakeFiles/gui.dir/src/main.cpp.o] Error 1
gmake[1]: *** [CMakeFiles/Makefile2:138: CMakeFiles/gui.dir/all] Error 2
gmake: *** [Makefile:146: all] Error 2
