[0.068s] DEBUG:colcon:Command line arguments: ['/usr/bin/colcon', 'build', '--executor', 'sequential']
[0.068s] DEBUG:colcon:Parsed command line arguments: Namespace(log_base=None, log_level=None, verb_name='build', build_base='build', install_base='install', merge_install=False, symlink_install=False, test_result_base=None, continue_on_error=False, executor='sequential', parallel_workers=16, event_handlers=None, ignore_user_meta=False, metas=['./colcon.meta'], base_paths=['.'], packages_ignore=None, packages_ignore_regex=None, paths=None, packages_up_to=None, packages_up_to_regex=None, packages_above=None, packages_above_and_dependencies=None, packages_above_depth=None, packages_select_by_dep=None, packages_skip_by_dep=None, packages_skip_up_to=None, packages_select_build_failed=False, packages_skip_build_finished=False, packages_select_test_failures=False, packages_skip_test_passed=False, packages_select=None, packages_skip=None, packages_select_regex=None, packages_skip_regex=None, packages_start=None, packages_end=None, allow_overriding=[], cmake_args=None, cmake_target=None, cmake_target_skip_unavailable=False, cmake_clean_cache=False, cmake_clean_first=False, cmake_force_configure=False, ament_cmake_args=None, catkin_cmake_args=None, catkin_skip_building_tests=False, mixin_files=None, mixin=None, verb_parser=<colcon_mixin.mixin.mixin_argument.MixinArgumentDecorator object at 0x7ddc5ce983a0>, verb_extension=<colcon_core.verb.build.BuildVerb object at 0x7ddc5ce5bdf0>, main=<bound method BuildVerb.main of <colcon_core.verb.build.BuildVerb object at 0x7ddc5ce5bdf0>>, mixin_verb=('build',))
[0.171s] Level 1:colcon.colcon_core.package_discovery:discover_packages(colcon_meta) check parameters
[0.171s] Level 1:colcon.colcon_core.package_discovery:discover_packages(recursive) check parameters
[0.171s] Level 1:colcon.colcon_core.package_discovery:discover_packages(ignore) check parameters
[0.171s] Level 1:colcon.colcon_core.package_discovery:discover_packages(path) check parameters
[0.171s] Level 1:colcon.colcon_core.package_discovery:discover_packages(colcon_meta) discover
[0.172s] Level 1:colcon.colcon_core.package_discovery:discover_packages(recursive) discover
[0.172s] INFO:colcon.colcon_core.package_discovery:Crawling recursively for packages in '/home/hoapham/ros2_ws'
[0.172s] Level 1:colcon.colcon_core.package_identification:_identify(.) by extensions ['ignore', 'ignore_ament_install']
[0.172s] Level 1:colcon.colcon_core.package_identification:_identify(.) by extension 'ignore'
[0.172s] Level 1:colcon.colcon_core.package_identification:_identify(.) by extension 'ignore_ament_install'
[0.172s] Level 1:colcon.colcon_core.package_identification:_identify(.) by extensions ['colcon_pkg']
[0.172s] Level 1:colcon.colcon_core.package_identification:_identify(.) by extension 'colcon_pkg'
[0.172s] Level 1:colcon.colcon_core.package_identification:_identify(.) by extensions ['colcon_meta']
[0.172s] Level 1:colcon.colcon_core.package_identification:_identify(.) by extension 'colcon_meta'
[0.172s] Level 1:colcon.colcon_core.package_identification:_identify(.) by extensions ['ros']
[0.172s] Level 1:colcon.colcon_core.package_identification:_identify(.) by extension 'ros'
[0.197s] Level 1:colcon.colcon_core.package_identification:_identify(.) by extensions ['cmake', 'python']
[0.197s] Level 1:colcon.colcon_core.package_identification:_identify(.) by extension 'cmake'
[0.197s] Level 1:colcon.colcon_core.package_identification:_identify(.) by extension 'python'
[0.197s] Level 1:colcon.colcon_core.package_identification:_identify(.) by extensions ['python_setup_py']
[0.197s] Level 1:colcon.colcon_core.package_identification:_identify(.) by extension 'python_setup_py'
[0.198s] Level 1:colcon.colcon_core.package_identification:_identify(build) by extensions ['ignore', 'ignore_ament_install']
[0.198s] Level 1:colcon.colcon_core.package_identification:_identify(build) by extension 'ignore'
[0.198s] Level 1:colcon.colcon_core.package_identification:_identify(build) ignored
[0.198s] Level 1:colcon.colcon_core.package_identification:_identify(config) by extensions ['ignore', 'ignore_ament_install']
[0.198s] Level 1:colcon.colcon_core.package_identification:_identify(config) by extension 'ignore'
[0.198s] Level 1:colcon.colcon_core.package_identification:_identify(config) by extension 'ignore_ament_install'
[0.198s] Level 1:colcon.colcon_core.package_identification:_identify(config) by extensions ['colcon_pkg']
[0.198s] Level 1:colcon.colcon_core.package_identification:_identify(config) by extension 'colcon_pkg'
[0.198s] Level 1:colcon.colcon_core.package_identification:_identify(config) by extensions ['colcon_meta']
[0.198s] Level 1:colcon.colcon_core.package_identification:_identify(config) by extension 'colcon_meta'
[0.198s] Level 1:colcon.colcon_core.package_identification:_identify(config) by extensions ['ros']
[0.198s] Level 1:colcon.colcon_core.package_identification:_identify(config) by extension 'ros'
[0.198s] Level 1:colcon.colcon_core.package_identification:_identify(config) by extensions ['cmake', 'python']
[0.198s] Level 1:colcon.colcon_core.package_identification:_identify(config) by extension 'cmake'
[0.198s] Level 1:colcon.colcon_core.package_identification:_identify(config) by extension 'python'
[0.198s] Level 1:colcon.colcon_core.package_identification:_identify(config) by extensions ['python_setup_py']
[0.198s] Level 1:colcon.colcon_core.package_identification:_identify(config) by extension 'python_setup_py'
[0.198s] Level 1:colcon.colcon_core.package_identification:_identify(data) by extensions ['ignore', 'ignore_ament_install']
[0.198s] Level 1:colcon.colcon_core.package_identification:_identify(data) by extension 'ignore'
[0.198s] Level 1:colcon.colcon_core.package_identification:_identify(data) by extension 'ignore_ament_install'
[0.198s] Level 1:colcon.colcon_core.package_identification:_identify(data) by extensions ['colcon_pkg']
[0.198s] Level 1:colcon.colcon_core.package_identification:_identify(data) by extension 'colcon_pkg'
[0.198s] Level 1:colcon.colcon_core.package_identification:_identify(data) by extensions ['colcon_meta']
[0.198s] Level 1:colcon.colcon_core.package_identification:_identify(data) by extension 'colcon_meta'
[0.198s] Level 1:colcon.colcon_core.package_identification:_identify(data) by extensions ['ros']
[0.198s] Level 1:colcon.colcon_core.package_identification:_identify(data) by extension 'ros'
[0.198s] Level 1:colcon.colcon_core.package_identification:_identify(data) by extensions ['cmake', 'python']
[0.198s] Level 1:colcon.colcon_core.package_identification:_identify(data) by extension 'cmake'
[0.198s] Level 1:colcon.colcon_core.package_identification:_identify(data) by extension 'python'
[0.198s] Level 1:colcon.colcon_core.package_identification:_identify(data) by extensions ['python_setup_py']
[0.198s] Level 1:colcon.colcon_core.package_identification:_identify(data) by extension 'python_setup_py'
[0.198s] Level 1:colcon.colcon_core.package_identification:_identify(install) by extensions ['ignore', 'ignore_ament_install']
[0.198s] Level 1:colcon.colcon_core.package_identification:_identify(install) by extension 'ignore'
[0.199s] Level 1:colcon.colcon_core.package_identification:_identify(install) ignored
[0.199s] Level 1:colcon.colcon_core.package_identification:_identify(log) by extensions ['ignore', 'ignore_ament_install']
[0.199s] Level 1:colcon.colcon_core.package_identification:_identify(log) by extension 'ignore'
[0.199s] Level 1:colcon.colcon_core.package_identification:_identify(log) ignored
[0.199s] Level 1:colcon.colcon_core.package_identification:_identify(src) by extensions ['ignore', 'ignore_ament_install']
[0.199s] Level 1:colcon.colcon_core.package_identification:_identify(src) by extension 'ignore'
[0.199s] Level 1:colcon.colcon_core.package_identification:_identify(src) by extension 'ignore_ament_install'
[0.199s] Level 1:colcon.colcon_core.package_identification:_identify(src) by extensions ['colcon_pkg']
[0.199s] Level 1:colcon.colcon_core.package_identification:_identify(src) by extension 'colcon_pkg'
[0.199s] Level 1:colcon.colcon_core.package_identification:_identify(src) by extensions ['colcon_meta']
[0.199s] Level 1:colcon.colcon_core.package_identification:_identify(src) by extension 'colcon_meta'
[0.199s] Level 1:colcon.colcon_core.package_identification:_identify(src) by extensions ['ros']
[0.199s] Level 1:colcon.colcon_core.package_identification:_identify(src) by extension 'ros'
[0.199s] Level 1:colcon.colcon_core.package_identification:_identify(src) by extensions ['cmake', 'python']
[0.199s] Level 1:colcon.colcon_core.package_identification:_identify(src) by extension 'cmake'
[0.199s] Level 1:colcon.colcon_core.package_identification:_identify(src) by extension 'python'
[0.199s] Level 1:colcon.colcon_core.package_identification:_identify(src) by extensions ['python_setup_py']
[0.199s] Level 1:colcon.colcon_core.package_identification:_identify(src) by extension 'python_setup_py'
[0.199s] Level 1:colcon.colcon_core.package_identification:_identify(src/fake_livox) by extensions ['ignore', 'ignore_ament_install']
[0.199s] Level 1:colcon.colcon_core.package_identification:_identify(src/fake_livox) by extension 'ignore'
[0.199s] Level 1:colcon.colcon_core.package_identification:_identify(src/fake_livox) by extension 'ignore_ament_install'
[0.199s] Level 1:colcon.colcon_core.package_identification:_identify(src/fake_livox) by extensions ['colcon_pkg']
[0.199s] Level 1:colcon.colcon_core.package_identification:_identify(src/fake_livox) by extension 'colcon_pkg'
[0.199s] Level 1:colcon.colcon_core.package_identification:_identify(src/fake_livox) by extensions ['colcon_meta']
[0.199s] Level 1:colcon.colcon_core.package_identification:_identify(src/fake_livox) by extension 'colcon_meta'
[0.199s] Level 1:colcon.colcon_core.package_identification:_identify(src/fake_livox) by extensions ['ros']
[0.199s] Level 1:colcon.colcon_core.package_identification:_identify(src/fake_livox) by extension 'ros'
[0.201s] DEBUG:colcon.colcon_core.package_identification:Package 'src/fake_livox' with type 'ros.ament_cmake' and name 'fake_livox_publisher'
[0.201s] Level 1:colcon.colcon_core.package_identification:_identify(src/gui) by extensions ['ignore', 'ignore_ament_install']
[0.201s] Level 1:colcon.colcon_core.package_identification:_identify(src/gui) by extension 'ignore'
[0.201s] Level 1:colcon.colcon_core.package_identification:_identify(src/gui) by extension 'ignore_ament_install'
[0.201s] Level 1:colcon.colcon_core.package_identification:_identify(src/gui) by extensions ['colcon_pkg']
[0.201s] Level 1:colcon.colcon_core.package_identification:_identify(src/gui) by extension 'colcon_pkg'
[0.201s] Level 1:colcon.colcon_core.package_identification:_identify(src/gui) by extensions ['colcon_meta']
[0.201s] Level 1:colcon.colcon_core.package_identification:_identify(src/gui) by extension 'colcon_meta'
[0.201s] Level 1:colcon.colcon_core.package_identification:_identify(src/gui) by extensions ['ros']
[0.201s] Level 1:colcon.colcon_core.package_identification:_identify(src/gui) by extension 'ros'
[0.202s] DEBUG:colcon.colcon_core.package_identification:Package 'src/gui' with type 'ros.ament_cmake' and name 'gui'
[0.202s] Level 1:colcon.colcon_core.package_identification:_identify(src/gui_msgs) by extensions ['ignore', 'ignore_ament_install']
[0.202s] Level 1:colcon.colcon_core.package_identification:_identify(src/gui_msgs) by extension 'ignore'
[0.202s] Level 1:colcon.colcon_core.package_identification:_identify(src/gui_msgs) by extension 'ignore_ament_install'
[0.202s] Level 1:colcon.colcon_core.package_identification:_identify(src/gui_msgs) by extensions ['colcon_pkg']
[0.202s] Level 1:colcon.colcon_core.package_identification:_identify(src/gui_msgs) by extension 'colcon_pkg'
[0.202s] Level 1:colcon.colcon_core.package_identification:_identify(src/gui_msgs) by extensions ['colcon_meta']
[0.202s] Level 1:colcon.colcon_core.package_identification:_identify(src/gui_msgs) by extension 'colcon_meta'
[0.202s] Level 1:colcon.colcon_core.package_identification:_identify(src/gui_msgs) by extensions ['ros']
[0.202s] Level 1:colcon.colcon_core.package_identification:_identify(src/gui_msgs) by extension 'ros'
[0.203s] DEBUG:colcon.colcon_core.package_identification:Package 'src/gui_msgs' with type 'ros.ament_cmake' and name 'gui_msgs'
[0.203s] Level 1:colcon.colcon_core.package_identification:_identify(src/pcd_visualizer) by extensions ['ignore', 'ignore_ament_install']
[0.203s] Level 1:colcon.colcon_core.package_identification:_identify(src/pcd_visualizer) by extension 'ignore'
[0.203s] Level 1:colcon.colcon_core.package_identification:_identify(src/pcd_visualizer) by extension 'ignore_ament_install'
[0.203s] Level 1:colcon.colcon_core.package_identification:_identify(src/pcd_visualizer) by extensions ['colcon_pkg']
[0.203s] Level 1:colcon.colcon_core.package_identification:_identify(src/pcd_visualizer) by extension 'colcon_pkg'
[0.203s] Level 1:colcon.colcon_core.package_identification:_identify(src/pcd_visualizer) by extensions ['colcon_meta']
[0.203s] Level 1:colcon.colcon_core.package_identification:_identify(src/pcd_visualizer) by extension 'colcon_meta'
[0.203s] Level 1:colcon.colcon_core.package_identification:_identify(src/pcd_visualizer) by extensions ['ros']
[0.203s] Level 1:colcon.colcon_core.package_identification:_identify(src/pcd_visualizer) by extension 'ros'
[0.203s] DEBUG:colcon.colcon_core.package_identification:Package 'src/pcd_visualizer' with type 'ros.ament_cmake' and name 'pcd_visualizer'
[0.203s] Level 1:colcon.colcon_core.package_identification:_identify(src/pointcloud_marker) by extensions ['ignore', 'ignore_ament_install']
[0.203s] Level 1:colcon.colcon_core.package_identification:_identify(src/pointcloud_marker) by extension 'ignore'
[0.203s] Level 1:colcon.colcon_core.package_identification:_identify(src/pointcloud_marker) by extension 'ignore_ament_install'
[0.203s] Level 1:colcon.colcon_core.package_identification:_identify(src/pointcloud_marker) by extensions ['colcon_pkg']
[0.203s] Level 1:colcon.colcon_core.package_identification:_identify(src/pointcloud_marker) by extension 'colcon_pkg'
[0.203s] Level 1:colcon.colcon_core.package_identification:_identify(src/pointcloud_marker) by extensions ['colcon_meta']
[0.203s] Level 1:colcon.colcon_core.package_identification:_identify(src/pointcloud_marker) by extension 'colcon_meta'
[0.203s] Level 1:colcon.colcon_core.package_identification:_identify(src/pointcloud_marker) by extensions ['ros']
[0.203s] Level 1:colcon.colcon_core.package_identification:_identify(src/pointcloud_marker) by extension 'ros'
[0.204s] DEBUG:colcon.colcon_core.package_identification:Package 'src/pointcloud_marker' with type 'ros.ament_cmake' and name 'pointcloud_marker'
[0.204s] Level 1:colcon.colcon_core.package_identification:_identify(src/ros2_qt_template) by extensions ['ignore', 'ignore_ament_install']
[0.204s] Level 1:colcon.colcon_core.package_identification:_identify(src/ros2_qt_template) by extension 'ignore'
[0.204s] Level 1:colcon.colcon_core.package_identification:_identify(src/ros2_qt_template) by extension 'ignore_ament_install'
[0.204s] Level 1:colcon.colcon_core.package_identification:_identify(src/ros2_qt_template) by extensions ['colcon_pkg']
[0.204s] Level 1:colcon.colcon_core.package_identification:_identify(src/ros2_qt_template) by extension 'colcon_pkg'
[0.204s] Level 1:colcon.colcon_core.package_identification:_identify(src/ros2_qt_template) by extensions ['colcon_meta']
[0.204s] Level 1:colcon.colcon_core.package_identification:_identify(src/ros2_qt_template) by extension 'colcon_meta'
[0.204s] Level 1:colcon.colcon_core.package_identification:_identify(src/ros2_qt_template) by extensions ['ros']
[0.204s] Level 1:colcon.colcon_core.package_identification:_identify(src/ros2_qt_template) by extension 'ros'
[0.204s] Level 1:colcon.colcon_core.package_identification:_identify(src/ros2_qt_template) by extensions ['cmake', 'python']
[0.204s] Level 1:colcon.colcon_core.package_identification:_identify(src/ros2_qt_template) by extension 'cmake'
[0.204s] Level 1:colcon.colcon_core.package_identification:_identify(src/ros2_qt_template) by extension 'python'
[0.204s] Level 1:colcon.colcon_core.package_identification:_identify(src/ros2_qt_template) by extensions ['python_setup_py']
[0.204s] Level 1:colcon.colcon_core.package_identification:_identify(src/ros2_qt_template) by extension 'python_setup_py'
[0.204s] Level 1:colcon.colcon_core.package_identification:_identify(src/ros2_qt_template/docs) by extensions ['ignore', 'ignore_ament_install']
[0.205s] Level 1:colcon.colcon_core.package_identification:_identify(src/ros2_qt_template/docs) by extension 'ignore'
[0.205s] Level 1:colcon.colcon_core.package_identification:_identify(src/ros2_qt_template/docs) by extension 'ignore_ament_install'
[0.205s] Level 1:colcon.colcon_core.package_identification:_identify(src/ros2_qt_template/docs) by extensions ['colcon_pkg']
[0.205s] Level 1:colcon.colcon_core.package_identification:_identify(src/ros2_qt_template/docs) by extension 'colcon_pkg'
[0.205s] Level 1:colcon.colcon_core.package_identification:_identify(src/ros2_qt_template/docs) by extensions ['colcon_meta']
[0.205s] Level 1:colcon.colcon_core.package_identification:_identify(src/ros2_qt_template/docs) by extension 'colcon_meta'
[0.205s] Level 1:colcon.colcon_core.package_identification:_identify(src/ros2_qt_template/docs) by extensions ['ros']
[0.205s] Level 1:colcon.colcon_core.package_identification:_identify(src/ros2_qt_template/docs) by extension 'ros'
[0.205s] Level 1:colcon.colcon_core.package_identification:_identify(src/ros2_qt_template/docs) by extensions ['cmake', 'python']
[0.205s] Level 1:colcon.colcon_core.package_identification:_identify(src/ros2_qt_template/docs) by extension 'cmake'
[0.205s] Level 1:colcon.colcon_core.package_identification:_identify(src/ros2_qt_template/docs) by extension 'python'
[0.205s] Level 1:colcon.colcon_core.package_identification:_identify(src/ros2_qt_template/docs) by extensions ['python_setup_py']
[0.205s] Level 1:colcon.colcon_core.package_identification:_identify(src/ros2_qt_template/docs) by extension 'python_setup_py'
[0.205s] Level 1:colcon.colcon_core.package_identification:_identify(src/ros2_qt_template/docs/images) by extensions ['ignore', 'ignore_ament_install']
[0.205s] Level 1:colcon.colcon_core.package_identification:_identify(src/ros2_qt_template/docs/images) by extension 'ignore'
[0.205s] Level 1:colcon.colcon_core.package_identification:_identify(src/ros2_qt_template/docs/images) by extension 'ignore_ament_install'
[0.205s] Level 1:colcon.colcon_core.package_identification:_identify(src/ros2_qt_template/docs/images) by extensions ['colcon_pkg']
[0.205s] Level 1:colcon.colcon_core.package_identification:_identify(src/ros2_qt_template/docs/images) by extension 'colcon_pkg'
[0.205s] Level 1:colcon.colcon_core.package_identification:_identify(src/ros2_qt_template/docs/images) by extensions ['colcon_meta']
[0.205s] Level 1:colcon.colcon_core.package_identification:_identify(src/ros2_qt_template/docs/images) by extension 'colcon_meta'
[0.205s] Level 1:colcon.colcon_core.package_identification:_identify(src/ros2_qt_template/docs/images) by extensions ['ros']
[0.205s] Level 1:colcon.colcon_core.package_identification:_identify(src/ros2_qt_template/docs/images) by extension 'ros'
[0.205s] Level 1:colcon.colcon_core.package_identification:_identify(src/ros2_qt_template/docs/images) by extensions ['cmake', 'python']
[0.205s] Level 1:colcon.colcon_core.package_identification:_identify(src/ros2_qt_template/docs/images) by extension 'cmake'
[0.205s] Level 1:colcon.colcon_core.package_identification:_identify(src/ros2_qt_template/docs/images) by extension 'python'
[0.205s] Level 1:colcon.colcon_core.package_identification:_identify(src/ros2_qt_template/docs/images) by extensions ['python_setup_py']
[0.205s] Level 1:colcon.colcon_core.package_identification:_identify(src/ros2_qt_template/docs/images) by extension 'python_setup_py'
[0.205s] Level 1:colcon.colcon_core.package_identification:_identify(src/ros2_qt_template/ros2_qt_rviz2) by extensions ['ignore', 'ignore_ament_install']
[0.205s] Level 1:colcon.colcon_core.package_identification:_identify(src/ros2_qt_template/ros2_qt_rviz2) by extension 'ignore'
[0.205s] Level 1:colcon.colcon_core.package_identification:_identify(src/ros2_qt_template/ros2_qt_rviz2) by extension 'ignore_ament_install'
[0.205s] Level 1:colcon.colcon_core.package_identification:_identify(src/ros2_qt_template/ros2_qt_rviz2) by extensions ['colcon_pkg']
[0.205s] Level 1:colcon.colcon_core.package_identification:_identify(src/ros2_qt_template/ros2_qt_rviz2) by extension 'colcon_pkg'
[0.205s] Level 1:colcon.colcon_core.package_identification:_identify(src/ros2_qt_template/ros2_qt_rviz2) by extensions ['colcon_meta']
[0.205s] Level 1:colcon.colcon_core.package_identification:_identify(src/ros2_qt_template/ros2_qt_rviz2) by extension 'colcon_meta'
[0.205s] Level 1:colcon.colcon_core.package_identification:_identify(src/ros2_qt_template/ros2_qt_rviz2) by extensions ['ros']
[0.205s] Level 1:colcon.colcon_core.package_identification:_identify(src/ros2_qt_template/ros2_qt_rviz2) by extension 'ros'
[0.206s] DEBUG:colcon.colcon_core.package_identification:Package 'src/ros2_qt_template/ros2_qt_rviz2' with type 'ros.ament_cmake' and name 'ros2_qt_rviz2'
[0.206s] Level 1:colcon.colcon_core.package_identification:_identify(src/ros2_qt_template/ros2_qt_template) by extensions ['ignore', 'ignore_ament_install']
[0.206s] Level 1:colcon.colcon_core.package_identification:_identify(src/ros2_qt_template/ros2_qt_template) by extension 'ignore'
[0.206s] Level 1:colcon.colcon_core.package_identification:_identify(src/ros2_qt_template/ros2_qt_template) by extension 'ignore_ament_install'
[0.206s] Level 1:colcon.colcon_core.package_identification:_identify(src/ros2_qt_template/ros2_qt_template) by extensions ['colcon_pkg']
[0.206s] Level 1:colcon.colcon_core.package_identification:_identify(src/ros2_qt_template/ros2_qt_template) by extension 'colcon_pkg'
[0.206s] Level 1:colcon.colcon_core.package_identification:_identify(src/ros2_qt_template/ros2_qt_template) by extensions ['colcon_meta']
[0.206s] Level 1:colcon.colcon_core.package_identification:_identify(src/ros2_qt_template/ros2_qt_template) by extension 'colcon_meta'
[0.206s] Level 1:colcon.colcon_core.package_identification:_identify(src/ros2_qt_template/ros2_qt_template) by extensions ['ros']
[0.206s] Level 1:colcon.colcon_core.package_identification:_identify(src/ros2_qt_template/ros2_qt_template) by extension 'ros'
[0.206s] DEBUG:colcon.colcon_core.package_identification:Package 'src/ros2_qt_template/ros2_qt_template' with type 'ros.ament_cmake' and name 'ros2_qt_template'
[0.206s] Level 1:colcon.colcon_core.package_identification:_identify(src/rviz2_cloud_annotation) by extensions ['ignore', 'ignore_ament_install']
[0.206s] Level 1:colcon.colcon_core.package_identification:_identify(src/rviz2_cloud_annotation) by extension 'ignore'
[0.206s] Level 1:colcon.colcon_core.package_identification:_identify(src/rviz2_cloud_annotation) by extension 'ignore_ament_install'
[0.206s] Level 1:colcon.colcon_core.package_identification:_identify(src/rviz2_cloud_annotation) by extensions ['colcon_pkg']
[0.206s] Level 1:colcon.colcon_core.package_identification:_identify(src/rviz2_cloud_annotation) by extension 'colcon_pkg'
[0.206s] Level 1:colcon.colcon_core.package_identification:_identify(src/rviz2_cloud_annotation) by extensions ['colcon_meta']
[0.206s] Level 1:colcon.colcon_core.package_identification:_identify(src/rviz2_cloud_annotation) by extension 'colcon_meta'
[0.206s] Level 1:colcon.colcon_core.package_identification:_identify(src/rviz2_cloud_annotation) by extensions ['ros']
[0.206s] Level 1:colcon.colcon_core.package_identification:_identify(src/rviz2_cloud_annotation) by extension 'ros'
[0.206s] Level 1:colcon.colcon_core.package_identification:_identify(src/rviz2_cloud_annotation) by extensions ['cmake', 'python']
[0.206s] Level 1:colcon.colcon_core.package_identification:_identify(src/rviz2_cloud_annotation) by extension 'cmake'
[0.206s] Level 1:colcon.colcon_core.package_identification:_identify(src/rviz2_cloud_annotation) by extension 'python'
[0.206s] Level 1:colcon.colcon_core.package_identification:_identify(src/rviz2_cloud_annotation) by extensions ['python_setup_py']
[0.206s] Level 1:colcon.colcon_core.package_identification:_identify(src/rviz2_cloud_annotation) by extension 'python_setup_py'
[0.207s] Level 1:colcon.colcon_core.package_identification:_identify(src/rviz2_cloud_annotation/rviz_3d_view_controller) by extensions ['ignore', 'ignore_ament_install']
[0.207s] Level 1:colcon.colcon_core.package_identification:_identify(src/rviz2_cloud_annotation/rviz_3d_view_controller) by extension 'ignore'
[0.207s] Level 1:colcon.colcon_core.package_identification:_identify(src/rviz2_cloud_annotation/rviz_3d_view_controller) by extension 'ignore_ament_install'
[0.207s] Level 1:colcon.colcon_core.package_identification:_identify(src/rviz2_cloud_annotation/rviz_3d_view_controller) by extensions ['colcon_pkg']
[0.207s] Level 1:colcon.colcon_core.package_identification:_identify(src/rviz2_cloud_annotation/rviz_3d_view_controller) by extension 'colcon_pkg'
[0.207s] Level 1:colcon.colcon_core.package_identification:_identify(src/rviz2_cloud_annotation/rviz_3d_view_controller) by extensions ['colcon_meta']
[0.207s] Level 1:colcon.colcon_core.package_identification:_identify(src/rviz2_cloud_annotation/rviz_3d_view_controller) by extension 'colcon_meta'
[0.207s] Level 1:colcon.colcon_core.package_identification:_identify(src/rviz2_cloud_annotation/rviz_3d_view_controller) by extensions ['ros']
[0.207s] Level 1:colcon.colcon_core.package_identification:_identify(src/rviz2_cloud_annotation/rviz_3d_view_controller) by extension 'ros'
[0.207s] DEBUG:colcon.colcon_core.package_identification:Package 'src/rviz2_cloud_annotation/rviz_3d_view_controller' with type 'ros.ament_cmake' and name 'rviz_3d_view_controller'
[0.207s] Level 1:colcon.colcon_core.package_identification:_identify(src/rviz2_cloud_annotation/rviz_cloud_annotation) by extensions ['ignore', 'ignore_ament_install']
[0.207s] Level 1:colcon.colcon_core.package_identification:_identify(src/rviz2_cloud_annotation/rviz_cloud_annotation) by extension 'ignore'
[0.207s] Level 1:colcon.colcon_core.package_identification:_identify(src/rviz2_cloud_annotation/rviz_cloud_annotation) by extension 'ignore_ament_install'
[0.207s] Level 1:colcon.colcon_core.package_identification:_identify(src/rviz2_cloud_annotation/rviz_cloud_annotation) by extensions ['colcon_pkg']
[0.207s] Level 1:colcon.colcon_core.package_identification:_identify(src/rviz2_cloud_annotation/rviz_cloud_annotation) by extension 'colcon_pkg'
[0.207s] Level 1:colcon.colcon_core.package_identification:_identify(src/rviz2_cloud_annotation/rviz_cloud_annotation) by extensions ['colcon_meta']
[0.207s] Level 1:colcon.colcon_core.package_identification:_identify(src/rviz2_cloud_annotation/rviz_cloud_annotation) by extension 'colcon_meta'
[0.207s] Level 1:colcon.colcon_core.package_identification:_identify(src/rviz2_cloud_annotation/rviz_cloud_annotation) by extensions ['ros']
[0.207s] Level 1:colcon.colcon_core.package_identification:_identify(src/rviz2_cloud_annotation/rviz_cloud_annotation) by extension 'ros'
[0.208s] DEBUG:colcon.colcon_core.package_identification:Package 'src/rviz2_cloud_annotation/rviz_cloud_annotation' with type 'ros.ament_cmake' and name 'rviz_cloud_annotation'
[0.208s] Level 1:colcon.colcon_core.package_identification:_identify(src/rviz_embed_test) by extensions ['ignore', 'ignore_ament_install']
[0.208s] Level 1:colcon.colcon_core.package_identification:_identify(src/rviz_embed_test) by extension 'ignore'
[0.208s] Level 1:colcon.colcon_core.package_identification:_identify(src/rviz_embed_test) by extension 'ignore_ament_install'
[0.208s] Level 1:colcon.colcon_core.package_identification:_identify(src/rviz_embed_test) by extensions ['colcon_pkg']
[0.208s] Level 1:colcon.colcon_core.package_identification:_identify(src/rviz_embed_test) by extension 'colcon_pkg'
[0.208s] Level 1:colcon.colcon_core.package_identification:_identify(src/rviz_embed_test) by extensions ['colcon_meta']
[0.208s] Level 1:colcon.colcon_core.package_identification:_identify(src/rviz_embed_test) by extension 'colcon_meta'
[0.208s] Level 1:colcon.colcon_core.package_identification:_identify(src/rviz_embed_test) by extensions ['ros']
[0.208s] Level 1:colcon.colcon_core.package_identification:_identify(src/rviz_embed_test) by extension 'ros'
[0.209s] DEBUG:colcon.colcon_core.package_identification:Package 'src/rviz_embed_test' with type 'ros.ament_cmake' and name 'rviz_embed_test'
[0.209s] Level 1:colcon.colcon_core.package_identification:_identify(src/zivid-ros) by extensions ['ignore', 'ignore_ament_install']
[0.209s] Level 1:colcon.colcon_core.package_identification:_identify(src/zivid-ros) by extension 'ignore'
[0.209s] Level 1:colcon.colcon_core.package_identification:_identify(src/zivid-ros) by extension 'ignore_ament_install'
[0.209s] Level 1:colcon.colcon_core.package_identification:_identify(src/zivid-ros) by extensions ['colcon_pkg']
[0.209s] Level 1:colcon.colcon_core.package_identification:_identify(src/zivid-ros) by extension 'colcon_pkg'
[0.209s] Level 1:colcon.colcon_core.package_identification:_identify(src/zivid-ros) by extensions ['colcon_meta']
[0.209s] Level 1:colcon.colcon_core.package_identification:_identify(src/zivid-ros) by extension 'colcon_meta'
[0.209s] Level 1:colcon.colcon_core.package_identification:_identify(src/zivid-ros) by extensions ['ros']
[0.209s] Level 1:colcon.colcon_core.package_identification:_identify(src/zivid-ros) by extension 'ros'
[0.209s] Level 1:colcon.colcon_core.package_identification:_identify(src/zivid-ros) by extensions ['cmake', 'python']
[0.209s] Level 1:colcon.colcon_core.package_identification:_identify(src/zivid-ros) by extension 'cmake'
[0.209s] Level 1:colcon.colcon_core.package_identification:_identify(src/zivid-ros) by extension 'python'
[0.209s] Level 1:colcon.colcon_core.package_identification:_identify(src/zivid-ros) by extensions ['python_setup_py']
[0.209s] Level 1:colcon.colcon_core.package_identification:_identify(src/zivid-ros) by extension 'python_setup_py'
[0.209s] Level 1:colcon.colcon_core.package_identification:_identify(src/zivid-ros/continuous-integration) by extensions ['ignore', 'ignore_ament_install']
[0.209s] Level 1:colcon.colcon_core.package_identification:_identify(src/zivid-ros/continuous-integration) by extension 'ignore'
[0.209s] Level 1:colcon.colcon_core.package_identification:_identify(src/zivid-ros/continuous-integration) by extension 'ignore_ament_install'
[0.209s] Level 1:colcon.colcon_core.package_identification:_identify(src/zivid-ros/continuous-integration) by extensions ['colcon_pkg']
[0.209s] Level 1:colcon.colcon_core.package_identification:_identify(src/zivid-ros/continuous-integration) by extension 'colcon_pkg'
[0.209s] Level 1:colcon.colcon_core.package_identification:_identify(src/zivid-ros/continuous-integration) by extensions ['colcon_meta']
[0.209s] Level 1:colcon.colcon_core.package_identification:_identify(src/zivid-ros/continuous-integration) by extension 'colcon_meta'
[0.209s] Level 1:colcon.colcon_core.package_identification:_identify(src/zivid-ros/continuous-integration) by extensions ['ros']
[0.209s] Level 1:colcon.colcon_core.package_identification:_identify(src/zivid-ros/continuous-integration) by extension 'ros'
[0.209s] Level 1:colcon.colcon_core.package_identification:_identify(src/zivid-ros/continuous-integration) by extensions ['cmake', 'python']
[0.209s] Level 1:colcon.colcon_core.package_identification:_identify(src/zivid-ros/continuous-integration) by extension 'cmake'
[0.209s] Level 1:colcon.colcon_core.package_identification:_identify(src/zivid-ros/continuous-integration) by extension 'python'
[0.209s] Level 1:colcon.colcon_core.package_identification:_identify(src/zivid-ros/continuous-integration) by extensions ['python_setup_py']
[0.209s] Level 1:colcon.colcon_core.package_identification:_identify(src/zivid-ros/continuous-integration) by extension 'python_setup_py'
[0.209s] Level 1:colcon.colcon_core.package_identification:_identify(src/zivid-ros/continuous-integration/setup) by extensions ['ignore', 'ignore_ament_install']
[0.210s] Level 1:colcon.colcon_core.package_identification:_identify(src/zivid-ros/continuous-integration/setup) by extension 'ignore'
[0.210s] Level 1:colcon.colcon_core.package_identification:_identify(src/zivid-ros/continuous-integration/setup) by extension 'ignore_ament_install'
[0.210s] Level 1:colcon.colcon_core.package_identification:_identify(src/zivid-ros/continuous-integration/setup) by extensions ['colcon_pkg']
[0.210s] Level 1:colcon.colcon_core.package_identification:_identify(src/zivid-ros/continuous-integration/setup) by extension 'colcon_pkg'
[0.210s] Level 1:colcon.colcon_core.package_identification:_identify(src/zivid-ros/continuous-integration/setup) by extensions ['colcon_meta']
[0.210s] Level 1:colcon.colcon_core.package_identification:_identify(src/zivid-ros/continuous-integration/setup) by extension 'colcon_meta'
[0.210s] Level 1:colcon.colcon_core.package_identification:_identify(src/zivid-ros/continuous-integration/setup) by extensions ['ros']
[0.210s] Level 1:colcon.colcon_core.package_identification:_identify(src/zivid-ros/continuous-integration/setup) by extension 'ros'
[0.210s] Level 1:colcon.colcon_core.package_identification:_identify(src/zivid-ros/continuous-integration/setup) by extensions ['cmake', 'python']
[0.210s] Level 1:colcon.colcon_core.package_identification:_identify(src/zivid-ros/continuous-integration/setup) by extension 'cmake'
[0.210s] Level 1:colcon.colcon_core.package_identification:_identify(src/zivid-ros/continuous-integration/setup) by extension 'python'
[0.210s] Level 1:colcon.colcon_core.package_identification:_identify(src/zivid-ros/continuous-integration/setup) by extensions ['python_setup_py']
[0.210s] Level 1:colcon.colcon_core.package_identification:_identify(src/zivid-ros/continuous-integration/setup) by extension 'python_setup_py'
[0.210s] Level 1:colcon.colcon_core.package_identification:_identify(src/zivid-ros/zivid_camera) by extensions ['ignore', 'ignore_ament_install']
[0.210s] Level 1:colcon.colcon_core.package_identification:_identify(src/zivid-ros/zivid_camera) by extension 'ignore'
[0.210s] Level 1:colcon.colcon_core.package_identification:_identify(src/zivid-ros/zivid_camera) by extension 'ignore_ament_install'
[0.210s] Level 1:colcon.colcon_core.package_identification:_identify(src/zivid-ros/zivid_camera) by extensions ['colcon_pkg']
[0.210s] Level 1:colcon.colcon_core.package_identification:_identify(src/zivid-ros/zivid_camera) by extension 'colcon_pkg'
[0.210s] Level 1:colcon.colcon_core.package_identification:_identify(src/zivid-ros/zivid_camera) by extensions ['colcon_meta']
[0.210s] Level 1:colcon.colcon_core.package_identification:_identify(src/zivid-ros/zivid_camera) by extension 'colcon_meta'
[0.210s] Level 1:colcon.colcon_core.package_identification:_identify(src/zivid-ros/zivid_camera) by extensions ['ros']
[0.210s] Level 1:colcon.colcon_core.package_identification:_identify(src/zivid-ros/zivid_camera) by extension 'ros'
[0.211s] DEBUG:colcon.colcon_core.package_identification:Package 'src/zivid-ros/zivid_camera' with type 'ros.ament_cmake' and name 'zivid_camera'
[0.211s] Level 1:colcon.colcon_core.package_identification:_identify(src/zivid-ros/zivid_description) by extensions ['ignore', 'ignore_ament_install']
[0.211s] Level 1:colcon.colcon_core.package_identification:_identify(src/zivid-ros/zivid_description) by extension 'ignore'
[0.211s] Level 1:colcon.colcon_core.package_identification:_identify(src/zivid-ros/zivid_description) by extension 'ignore_ament_install'
[0.211s] Level 1:colcon.colcon_core.package_identification:_identify(src/zivid-ros/zivid_description) by extensions ['colcon_pkg']
[0.211s] Level 1:colcon.colcon_core.package_identification:_identify(src/zivid-ros/zivid_description) by extension 'colcon_pkg'
[0.211s] Level 1:colcon.colcon_core.package_identification:_identify(src/zivid-ros/zivid_description) by extensions ['colcon_meta']
[0.211s] Level 1:colcon.colcon_core.package_identification:_identify(src/zivid-ros/zivid_description) by extension 'colcon_meta'
[0.211s] Level 1:colcon.colcon_core.package_identification:_identify(src/zivid-ros/zivid_description) by extensions ['ros']
[0.211s] Level 1:colcon.colcon_core.package_identification:_identify(src/zivid-ros/zivid_description) by extension 'ros'
[0.211s] DEBUG:colcon.colcon_core.package_identification:Package 'src/zivid-ros/zivid_description' with type 'ros.ament_cmake' and name 'zivid_description'
[0.211s] Level 1:colcon.colcon_core.package_identification:_identify(src/zivid-ros/zivid_interfaces) by extensions ['ignore', 'ignore_ament_install']
[0.211s] Level 1:colcon.colcon_core.package_identification:_identify(src/zivid-ros/zivid_interfaces) by extension 'ignore'
[0.211s] Level 1:colcon.colcon_core.package_identification:_identify(src/zivid-ros/zivid_interfaces) by extension 'ignore_ament_install'
[0.211s] Level 1:colcon.colcon_core.package_identification:_identify(src/zivid-ros/zivid_interfaces) by extensions ['colcon_pkg']
[0.211s] Level 1:colcon.colcon_core.package_identification:_identify(src/zivid-ros/zivid_interfaces) by extension 'colcon_pkg'
[0.212s] Level 1:colcon.colcon_core.package_identification:_identify(src/zivid-ros/zivid_interfaces) by extensions ['colcon_meta']
[0.212s] Level 1:colcon.colcon_core.package_identification:_identify(src/zivid-ros/zivid_interfaces) by extension 'colcon_meta'
[0.212s] Level 1:colcon.colcon_core.package_identification:_identify(src/zivid-ros/zivid_interfaces) by extensions ['ros']
[0.212s] Level 1:colcon.colcon_core.package_identification:_identify(src/zivid-ros/zivid_interfaces) by extension 'ros'
[0.212s] DEBUG:colcon.colcon_core.package_identification:Package 'src/zivid-ros/zivid_interfaces' with type 'ros.ament_cmake' and name 'zivid_interfaces'
[0.212s] Level 1:colcon.colcon_core.package_identification:_identify(src/zivid-ros/zivid_rviz_plugin) by extensions ['ignore', 'ignore_ament_install']
[0.212s] Level 1:colcon.colcon_core.package_identification:_identify(src/zivid-ros/zivid_rviz_plugin) by extension 'ignore'
[0.212s] Level 1:colcon.colcon_core.package_identification:_identify(src/zivid-ros/zivid_rviz_plugin) by extension 'ignore_ament_install'
[0.212s] Level 1:colcon.colcon_core.package_identification:_identify(src/zivid-ros/zivid_rviz_plugin) by extensions ['colcon_pkg']
[0.212s] Level 1:colcon.colcon_core.package_identification:_identify(src/zivid-ros/zivid_rviz_plugin) by extension 'colcon_pkg'
[0.212s] Level 1:colcon.colcon_core.package_identification:_identify(src/zivid-ros/zivid_rviz_plugin) by extensions ['colcon_meta']
[0.212s] Level 1:colcon.colcon_core.package_identification:_identify(src/zivid-ros/zivid_rviz_plugin) by extension 'colcon_meta'
[0.212s] Level 1:colcon.colcon_core.package_identification:_identify(src/zivid-ros/zivid_rviz_plugin) by extensions ['ros']
[0.212s] Level 1:colcon.colcon_core.package_identification:_identify(src/zivid-ros/zivid_rviz_plugin) by extension 'ros'
[0.213s] DEBUG:colcon.colcon_core.package_identification:Package 'src/zivid-ros/zivid_rviz_plugin' with type 'ros.ament_cmake' and name 'zivid_rviz_plugin'
[0.213s] Level 1:colcon.colcon_core.package_identification:_identify(src/zivid-ros/zivid_samples) by extensions ['ignore', 'ignore_ament_install']
[0.213s] Level 1:colcon.colcon_core.package_identification:_identify(src/zivid-ros/zivid_samples) by extension 'ignore'
[0.213s] Level 1:colcon.colcon_core.package_identification:_identify(src/zivid-ros/zivid_samples) by extension 'ignore_ament_install'
[0.213s] Level 1:colcon.colcon_core.package_identification:_identify(src/zivid-ros/zivid_samples) by extensions ['colcon_pkg']
[0.213s] Level 1:colcon.colcon_core.package_identification:_identify(src/zivid-ros/zivid_samples) by extension 'colcon_pkg'
[0.213s] Level 1:colcon.colcon_core.package_identification:_identify(src/zivid-ros/zivid_samples) by extensions ['colcon_meta']
[0.213s] Level 1:colcon.colcon_core.package_identification:_identify(src/zivid-ros/zivid_samples) by extension 'colcon_meta'
[0.213s] Level 1:colcon.colcon_core.package_identification:_identify(src/zivid-ros/zivid_samples) by extensions ['ros']
[0.213s] Level 1:colcon.colcon_core.package_identification:_identify(src/zivid-ros/zivid_samples) by extension 'ros'
[0.214s] DEBUG:colcon.colcon_core.package_identification:Package 'src/zivid-ros/zivid_samples' with type 'ros.ament_cmake' and name 'zivid_samples'
[0.214s] Level 1:colcon.colcon_core.package_discovery:discover_packages(recursive) using defaults
[0.214s] Level 1:colcon.colcon_core.package_discovery:discover_packages(ignore) discover
[0.214s] Level 1:colcon.colcon_core.package_discovery:discover_packages(ignore) using defaults
[0.214s] Level 1:colcon.colcon_core.package_discovery:discover_packages(path) discover
[0.214s] Level 1:colcon.colcon_core.package_discovery:discover_packages(path) using defaults
[0.230s] Level 1:colcon.colcon_core.package_discovery:discover_packages(prefix_path) check parameters
[0.230s] Level 1:colcon.colcon_core.package_discovery:discover_packages(prefix_path) discover
[0.232s] DEBUG:colcon.colcon_installed_package_information.package_discovery:Found 15 installed packages in /home/hoapham/ros2_ws/install
[0.233s] DEBUG:colcon.colcon_installed_package_information.package_discovery:Found 361 installed packages in /opt/ros/humble
[0.234s] Level 1:colcon.colcon_core.package_discovery:discover_packages(prefix_path) using defaults
[0.261s] Level 5:colcon.colcon_core.verb:set package 'fake_livox_publisher' build argument 'cmake_args' from command line to 'None'
[0.261s] Level 5:colcon.colcon_core.verb:set package 'fake_livox_publisher' build argument 'cmake_target' from command line to 'None'
[0.261s] Level 5:colcon.colcon_core.verb:set package 'fake_livox_publisher' build argument 'cmake_target_skip_unavailable' from command line to 'False'
[0.261s] Level 5:colcon.colcon_core.verb:set package 'fake_livox_publisher' build argument 'cmake_clean_cache' from command line to 'False'
[0.262s] Level 5:colcon.colcon_core.verb:set package 'fake_livox_publisher' build argument 'cmake_clean_first' from command line to 'False'
[0.262s] Level 5:colcon.colcon_core.verb:set package 'fake_livox_publisher' build argument 'cmake_force_configure' from command line to 'False'
[0.262s] Level 5:colcon.colcon_core.verb:set package 'fake_livox_publisher' build argument 'ament_cmake_args' from command line to 'None'
[0.262s] Level 5:colcon.colcon_core.verb:set package 'fake_livox_publisher' build argument 'catkin_cmake_args' from command line to 'None'
[0.262s] Level 5:colcon.colcon_core.verb:set package 'fake_livox_publisher' build argument 'catkin_skip_building_tests' from command line to 'False'
[0.262s] DEBUG:colcon.colcon_core.verb:Building package 'fake_livox_publisher' with the following arguments: {'ament_cmake_args': None, 'build_base': '/home/hoapham/ros2_ws/build/fake_livox_publisher', 'catkin_cmake_args': None, 'catkin_skip_building_tests': False, 'cmake_args': None, 'cmake_clean_cache': False, 'cmake_clean_first': False, 'cmake_force_configure': False, 'cmake_target': None, 'cmake_target_skip_unavailable': False, 'install_base': '/home/hoapham/ros2_ws/install/fake_livox_publisher', 'merge_install': False, 'path': '/home/hoapham/ros2_ws/src/fake_livox', 'symlink_install': False, 'test_result_base': None}
[0.262s] Level 5:colcon.colcon_core.verb:set package 'gui' build argument 'cmake_args' from command line to 'None'
[0.262s] Level 5:colcon.colcon_core.verb:set package 'gui' build argument 'cmake_target' from command line to 'None'
[0.262s] Level 5:colcon.colcon_core.verb:set package 'gui' build argument 'cmake_target_skip_unavailable' from command line to 'False'
[0.262s] Level 5:colcon.colcon_core.verb:set package 'gui' build argument 'cmake_clean_cache' from command line to 'False'
[0.262s] Level 5:colcon.colcon_core.verb:set package 'gui' build argument 'cmake_clean_first' from command line to 'False'
[0.262s] Level 5:colcon.colcon_core.verb:set package 'gui' build argument 'cmake_force_configure' from command line to 'False'
[0.262s] Level 5:colcon.colcon_core.verb:set package 'gui' build argument 'ament_cmake_args' from command line to 'None'
[0.262s] Level 5:colcon.colcon_core.verb:set package 'gui' build argument 'catkin_cmake_args' from command line to 'None'
[0.262s] Level 5:colcon.colcon_core.verb:set package 'gui' build argument 'catkin_skip_building_tests' from command line to 'False'
[0.262s] DEBUG:colcon.colcon_core.verb:Building package 'gui' with the following arguments: {'ament_cmake_args': None, 'build_base': '/home/hoapham/ros2_ws/build/gui', 'catkin_cmake_args': None, 'catkin_skip_building_tests': False, 'cmake_args': None, 'cmake_clean_cache': False, 'cmake_clean_first': False, 'cmake_force_configure': False, 'cmake_target': None, 'cmake_target_skip_unavailable': False, 'install_base': '/home/hoapham/ros2_ws/install/gui', 'merge_install': False, 'path': '/home/hoapham/ros2_ws/src/gui', 'symlink_install': False, 'test_result_base': None}
[0.262s] Level 5:colcon.colcon_core.verb:set package 'gui_msgs' build argument 'cmake_args' from command line to 'None'
[0.262s] Level 5:colcon.colcon_core.verb:set package 'gui_msgs' build argument 'cmake_target' from command line to 'None'
[0.262s] Level 5:colcon.colcon_core.verb:set package 'gui_msgs' build argument 'cmake_target_skip_unavailable' from command line to 'False'
[0.262s] Level 5:colcon.colcon_core.verb:set package 'gui_msgs' build argument 'cmake_clean_cache' from command line to 'False'
[0.262s] Level 5:colcon.colcon_core.verb:set package 'gui_msgs' build argument 'cmake_clean_first' from command line to 'False'
[0.262s] Level 5:colcon.colcon_core.verb:set package 'gui_msgs' build argument 'cmake_force_configure' from command line to 'False'
[0.262s] Level 5:colcon.colcon_core.verb:set package 'gui_msgs' build argument 'ament_cmake_args' from command line to 'None'
[0.262s] Level 5:colcon.colcon_core.verb:set package 'gui_msgs' build argument 'catkin_cmake_args' from command line to 'None'
[0.262s] Level 5:colcon.colcon_core.verb:set package 'gui_msgs' build argument 'catkin_skip_building_tests' from command line to 'False'
[0.262s] DEBUG:colcon.colcon_core.verb:Building package 'gui_msgs' with the following arguments: {'ament_cmake_args': None, 'build_base': '/home/hoapham/ros2_ws/build/gui_msgs', 'catkin_cmake_args': None, 'catkin_skip_building_tests': False, 'cmake_args': None, 'cmake_clean_cache': False, 'cmake_clean_first': False, 'cmake_force_configure': False, 'cmake_target': None, 'cmake_target_skip_unavailable': False, 'install_base': '/home/hoapham/ros2_ws/install/gui_msgs', 'merge_install': False, 'path': '/home/hoapham/ros2_ws/src/gui_msgs', 'symlink_install': False, 'test_result_base': None}
[0.262s] Level 5:colcon.colcon_core.verb:set package 'pcd_visualizer' build argument 'cmake_args' from command line to 'None'
[0.262s] Level 5:colcon.colcon_core.verb:set package 'pcd_visualizer' build argument 'cmake_target' from command line to 'None'
[0.262s] Level 5:colcon.colcon_core.verb:set package 'pcd_visualizer' build argument 'cmake_target_skip_unavailable' from command line to 'False'
[0.262s] Level 5:colcon.colcon_core.verb:set package 'pcd_visualizer' build argument 'cmake_clean_cache' from command line to 'False'
[0.262s] Level 5:colcon.colcon_core.verb:set package 'pcd_visualizer' build argument 'cmake_clean_first' from command line to 'False'
[0.262s] Level 5:colcon.colcon_core.verb:set package 'pcd_visualizer' build argument 'cmake_force_configure' from command line to 'False'
[0.262s] Level 5:colcon.colcon_core.verb:set package 'pcd_visualizer' build argument 'ament_cmake_args' from command line to 'None'
[0.262s] Level 5:colcon.colcon_core.verb:set package 'pcd_visualizer' build argument 'catkin_cmake_args' from command line to 'None'
[0.262s] Level 5:colcon.colcon_core.verb:set package 'pcd_visualizer' build argument 'catkin_skip_building_tests' from command line to 'False'
[0.262s] DEBUG:colcon.colcon_core.verb:Building package 'pcd_visualizer' with the following arguments: {'ament_cmake_args': None, 'build_base': '/home/hoapham/ros2_ws/build/pcd_visualizer', 'catkin_cmake_args': None, 'catkin_skip_building_tests': False, 'cmake_args': None, 'cmake_clean_cache': False, 'cmake_clean_first': False, 'cmake_force_configure': False, 'cmake_target': None, 'cmake_target_skip_unavailable': False, 'install_base': '/home/hoapham/ros2_ws/install/pcd_visualizer', 'merge_install': False, 'path': '/home/hoapham/ros2_ws/src/pcd_visualizer', 'symlink_install': False, 'test_result_base': None}
[0.263s] Level 5:colcon.colcon_core.verb:set package 'pointcloud_marker' build argument 'cmake_args' from command line to 'None'
[0.263s] Level 5:colcon.colcon_core.verb:set package 'pointcloud_marker' build argument 'cmake_target' from command line to 'None'
[0.263s] Level 5:colcon.colcon_core.verb:set package 'pointcloud_marker' build argument 'cmake_target_skip_unavailable' from command line to 'False'
[0.263s] Level 5:colcon.colcon_core.verb:set package 'pointcloud_marker' build argument 'cmake_clean_cache' from command line to 'False'
[0.263s] Level 5:colcon.colcon_core.verb:set package 'pointcloud_marker' build argument 'cmake_clean_first' from command line to 'False'
[0.263s] Level 5:colcon.colcon_core.verb:set package 'pointcloud_marker' build argument 'cmake_force_configure' from command line to 'False'
[0.263s] Level 5:colcon.colcon_core.verb:set package 'pointcloud_marker' build argument 'ament_cmake_args' from command line to 'None'
[0.263s] Level 5:colcon.colcon_core.verb:set package 'pointcloud_marker' build argument 'catkin_cmake_args' from command line to 'None'
[0.263s] Level 5:colcon.colcon_core.verb:set package 'pointcloud_marker' build argument 'catkin_skip_building_tests' from command line to 'False'
[0.263s] DEBUG:colcon.colcon_core.verb:Building package 'pointcloud_marker' with the following arguments: {'ament_cmake_args': None, 'build_base': '/home/hoapham/ros2_ws/build/pointcloud_marker', 'catkin_cmake_args': None, 'catkin_skip_building_tests': False, 'cmake_args': None, 'cmake_clean_cache': False, 'cmake_clean_first': False, 'cmake_force_configure': False, 'cmake_target': None, 'cmake_target_skip_unavailable': False, 'install_base': '/home/hoapham/ros2_ws/install/pointcloud_marker', 'merge_install': False, 'path': '/home/hoapham/ros2_ws/src/pointcloud_marker', 'symlink_install': False, 'test_result_base': None}
[0.263s] Level 5:colcon.colcon_core.verb:set package 'ros2_qt_rviz2' build argument 'cmake_args' from command line to 'None'
[0.263s] Level 5:colcon.colcon_core.verb:set package 'ros2_qt_rviz2' build argument 'cmake_target' from command line to 'None'
[0.263s] Level 5:colcon.colcon_core.verb:set package 'ros2_qt_rviz2' build argument 'cmake_target_skip_unavailable' from command line to 'False'
[0.263s] Level 5:colcon.colcon_core.verb:set package 'ros2_qt_rviz2' build argument 'cmake_clean_cache' from command line to 'False'
[0.263s] Level 5:colcon.colcon_core.verb:set package 'ros2_qt_rviz2' build argument 'cmake_clean_first' from command line to 'False'
[0.263s] Level 5:colcon.colcon_core.verb:set package 'ros2_qt_rviz2' build argument 'cmake_force_configure' from command line to 'False'
[0.263s] Level 5:colcon.colcon_core.verb:set package 'ros2_qt_rviz2' build argument 'ament_cmake_args' from command line to 'None'
[0.263s] Level 5:colcon.colcon_core.verb:set package 'ros2_qt_rviz2' build argument 'catkin_cmake_args' from command line to 'None'
[0.263s] Level 5:colcon.colcon_core.verb:set package 'ros2_qt_rviz2' build argument 'catkin_skip_building_tests' from command line to 'False'
[0.263s] DEBUG:colcon.colcon_core.verb:Building package 'ros2_qt_rviz2' with the following arguments: {'ament_cmake_args': None, 'build_base': '/home/hoapham/ros2_ws/build/ros2_qt_rviz2', 'catkin_cmake_args': None, 'catkin_skip_building_tests': False, 'cmake_args': None, 'cmake_clean_cache': False, 'cmake_clean_first': False, 'cmake_force_configure': False, 'cmake_target': None, 'cmake_target_skip_unavailable': False, 'install_base': '/home/hoapham/ros2_ws/install/ros2_qt_rviz2', 'merge_install': False, 'path': '/home/hoapham/ros2_ws/src/ros2_qt_template/ros2_qt_rviz2', 'symlink_install': False, 'test_result_base': None}
[0.263s] Level 5:colcon.colcon_core.verb:set package 'ros2_qt_template' build argument 'cmake_args' from command line to 'None'
[0.263s] Level 5:colcon.colcon_core.verb:set package 'ros2_qt_template' build argument 'cmake_target' from command line to 'None'
[0.263s] Level 5:colcon.colcon_core.verb:set package 'ros2_qt_template' build argument 'cmake_target_skip_unavailable' from command line to 'False'
[0.263s] Level 5:colcon.colcon_core.verb:set package 'ros2_qt_template' build argument 'cmake_clean_cache' from command line to 'False'
[0.263s] Level 5:colcon.colcon_core.verb:set package 'ros2_qt_template' build argument 'cmake_clean_first' from command line to 'False'
[0.263s] Level 5:colcon.colcon_core.verb:set package 'ros2_qt_template' build argument 'cmake_force_configure' from command line to 'False'
[0.263s] Level 5:colcon.colcon_core.verb:set package 'ros2_qt_template' build argument 'ament_cmake_args' from command line to 'None'
[0.263s] Level 5:colcon.colcon_core.verb:set package 'ros2_qt_template' build argument 'catkin_cmake_args' from command line to 'None'
[0.263s] Level 5:colcon.colcon_core.verb:set package 'ros2_qt_template' build argument 'catkin_skip_building_tests' from command line to 'False'
[0.263s] DEBUG:colcon.colcon_core.verb:Building package 'ros2_qt_template' with the following arguments: {'ament_cmake_args': None, 'build_base': '/home/hoapham/ros2_ws/build/ros2_qt_template', 'catkin_cmake_args': None, 'catkin_skip_building_tests': False, 'cmake_args': None, 'cmake_clean_cache': False, 'cmake_clean_first': False, 'cmake_force_configure': False, 'cmake_target': None, 'cmake_target_skip_unavailable': False, 'install_base': '/home/hoapham/ros2_ws/install/ros2_qt_template', 'merge_install': False, 'path': '/home/hoapham/ros2_ws/src/ros2_qt_template/ros2_qt_template', 'symlink_install': False, 'test_result_base': None}
[0.263s] Level 5:colcon.colcon_core.verb:set package 'rviz_3d_view_controller' build argument 'cmake_args' from command line to 'None'
[0.264s] Level 5:colcon.colcon_core.verb:set package 'rviz_3d_view_controller' build argument 'cmake_target' from command line to 'None'
[0.264s] Level 5:colcon.colcon_core.verb:set package 'rviz_3d_view_controller' build argument 'cmake_target_skip_unavailable' from command line to 'False'
[0.264s] Level 5:colcon.colcon_core.verb:set package 'rviz_3d_view_controller' build argument 'cmake_clean_cache' from command line to 'False'
[0.264s] Level 5:colcon.colcon_core.verb:set package 'rviz_3d_view_controller' build argument 'cmake_clean_first' from command line to 'False'
[0.264s] Level 5:colcon.colcon_core.verb:set package 'rviz_3d_view_controller' build argument 'cmake_force_configure' from command line to 'False'
[0.264s] Level 5:colcon.colcon_core.verb:set package 'rviz_3d_view_controller' build argument 'ament_cmake_args' from command line to 'None'
[0.264s] Level 5:colcon.colcon_core.verb:set package 'rviz_3d_view_controller' build argument 'catkin_cmake_args' from command line to 'None'
[0.264s] Level 5:colcon.colcon_core.verb:set package 'rviz_3d_view_controller' build argument 'catkin_skip_building_tests' from command line to 'False'
[0.264s] DEBUG:colcon.colcon_core.verb:Building package 'rviz_3d_view_controller' with the following arguments: {'ament_cmake_args': None, 'build_base': '/home/hoapham/ros2_ws/build/rviz_3d_view_controller', 'catkin_cmake_args': None, 'catkin_skip_building_tests': False, 'cmake_args': None, 'cmake_clean_cache': False, 'cmake_clean_first': False, 'cmake_force_configure': False, 'cmake_target': None, 'cmake_target_skip_unavailable': False, 'install_base': '/home/hoapham/ros2_ws/install/rviz_3d_view_controller', 'merge_install': False, 'path': '/home/hoapham/ros2_ws/src/rviz2_cloud_annotation/rviz_3d_view_controller', 'symlink_install': False, 'test_result_base': None}
[0.264s] Level 5:colcon.colcon_core.verb:set package 'rviz_cloud_annotation' build argument 'cmake_args' from command line to 'None'
[0.264s] Level 5:colcon.colcon_core.verb:set package 'rviz_cloud_annotation' build argument 'cmake_target' from command line to 'None'
[0.264s] Level 5:colcon.colcon_core.verb:set package 'rviz_cloud_annotation' build argument 'cmake_target_skip_unavailable' from command line to 'False'
[0.264s] Level 5:colcon.colcon_core.verb:set package 'rviz_cloud_annotation' build argument 'cmake_clean_cache' from command line to 'False'
[0.264s] Level 5:colcon.colcon_core.verb:set package 'rviz_cloud_annotation' build argument 'cmake_clean_first' from command line to 'False'
[0.264s] Level 5:colcon.colcon_core.verb:set package 'rviz_cloud_annotation' build argument 'cmake_force_configure' from command line to 'False'
[0.264s] Level 5:colcon.colcon_core.verb:set package 'rviz_cloud_annotation' build argument 'ament_cmake_args' from command line to 'None'
[0.264s] Level 5:colcon.colcon_core.verb:set package 'rviz_cloud_annotation' build argument 'catkin_cmake_args' from command line to 'None'
[0.264s] Level 5:colcon.colcon_core.verb:set package 'rviz_cloud_annotation' build argument 'catkin_skip_building_tests' from command line to 'False'
[0.264s] DEBUG:colcon.colcon_core.verb:Building package 'rviz_cloud_annotation' with the following arguments: {'ament_cmake_args': None, 'build_base': '/home/hoapham/ros2_ws/build/rviz_cloud_annotation', 'catkin_cmake_args': None, 'catkin_skip_building_tests': False, 'cmake_args': None, 'cmake_clean_cache': False, 'cmake_clean_first': False, 'cmake_force_configure': False, 'cmake_target': None, 'cmake_target_skip_unavailable': False, 'install_base': '/home/hoapham/ros2_ws/install/rviz_cloud_annotation', 'merge_install': False, 'path': '/home/hoapham/ros2_ws/src/rviz2_cloud_annotation/rviz_cloud_annotation', 'symlink_install': False, 'test_result_base': None}
[0.264s] Level 5:colcon.colcon_core.verb:set package 'rviz_embed_test' build argument 'cmake_args' from command line to 'None'
[0.264s] Level 5:colcon.colcon_core.verb:set package 'rviz_embed_test' build argument 'cmake_target' from command line to 'None'
[0.264s] Level 5:colcon.colcon_core.verb:set package 'rviz_embed_test' build argument 'cmake_target_skip_unavailable' from command line to 'False'
[0.264s] Level 5:colcon.colcon_core.verb:set package 'rviz_embed_test' build argument 'cmake_clean_cache' from command line to 'False'
[0.264s] Level 5:colcon.colcon_core.verb:set package 'rviz_embed_test' build argument 'cmake_clean_first' from command line to 'False'
[0.264s] Level 5:colcon.colcon_core.verb:set package 'rviz_embed_test' build argument 'cmake_force_configure' from command line to 'False'
[0.264s] Level 5:colcon.colcon_core.verb:set package 'rviz_embed_test' build argument 'ament_cmake_args' from command line to 'None'
[0.264s] Level 5:colcon.colcon_core.verb:set package 'rviz_embed_test' build argument 'catkin_cmake_args' from command line to 'None'
[0.264s] Level 5:colcon.colcon_core.verb:set package 'rviz_embed_test' build argument 'catkin_skip_building_tests' from command line to 'False'
[0.264s] DEBUG:colcon.colcon_core.verb:Building package 'rviz_embed_test' with the following arguments: {'ament_cmake_args': None, 'build_base': '/home/hoapham/ros2_ws/build/rviz_embed_test', 'catkin_cmake_args': None, 'catkin_skip_building_tests': False, 'cmake_args': None, 'cmake_clean_cache': False, 'cmake_clean_first': False, 'cmake_force_configure': False, 'cmake_target': None, 'cmake_target_skip_unavailable': False, 'install_base': '/home/hoapham/ros2_ws/install/rviz_embed_test', 'merge_install': False, 'path': '/home/hoapham/ros2_ws/src/rviz_embed_test', 'symlink_install': False, 'test_result_base': None}
[0.264s] Level 5:colcon.colcon_core.verb:set package 'zivid_description' build argument 'cmake_args' from command line to 'None'
[0.264s] Level 5:colcon.colcon_core.verb:set package 'zivid_description' build argument 'cmake_target' from command line to 'None'
[0.264s] Level 5:colcon.colcon_core.verb:set package 'zivid_description' build argument 'cmake_target_skip_unavailable' from command line to 'False'
[0.264s] Level 5:colcon.colcon_core.verb:set package 'zivid_description' build argument 'cmake_clean_cache' from command line to 'False'
[0.264s] Level 5:colcon.colcon_core.verb:set package 'zivid_description' build argument 'cmake_clean_first' from command line to 'False'
[0.264s] Level 5:colcon.colcon_core.verb:set package 'zivid_description' build argument 'cmake_force_configure' from command line to 'False'
[0.264s] Level 5:colcon.colcon_core.verb:set package 'zivid_description' build argument 'ament_cmake_args' from command line to 'None'
[0.264s] Level 5:colcon.colcon_core.verb:set package 'zivid_description' build argument 'catkin_cmake_args' from command line to 'None'
[0.264s] Level 5:colcon.colcon_core.verb:set package 'zivid_description' build argument 'catkin_skip_building_tests' from command line to 'False'
[0.264s] DEBUG:colcon.colcon_core.verb:Building package 'zivid_description' with the following arguments: {'ament_cmake_args': None, 'build_base': '/home/hoapham/ros2_ws/build/zivid_description', 'catkin_cmake_args': None, 'catkin_skip_building_tests': False, 'cmake_args': None, 'cmake_clean_cache': False, 'cmake_clean_first': False, 'cmake_force_configure': False, 'cmake_target': None, 'cmake_target_skip_unavailable': False, 'install_base': '/home/hoapham/ros2_ws/install/zivid_description', 'merge_install': False, 'path': '/home/hoapham/ros2_ws/src/zivid-ros/zivid_description', 'symlink_install': False, 'test_result_base': None}
[0.265s] Level 5:colcon.colcon_core.verb:set package 'zivid_interfaces' build argument 'cmake_args' from command line to 'None'
[0.265s] Level 5:colcon.colcon_core.verb:set package 'zivid_interfaces' build argument 'cmake_target' from command line to 'None'
[0.265s] Level 5:colcon.colcon_core.verb:set package 'zivid_interfaces' build argument 'cmake_target_skip_unavailable' from command line to 'False'
[0.265s] Level 5:colcon.colcon_core.verb:set package 'zivid_interfaces' build argument 'cmake_clean_cache' from command line to 'False'
[0.265s] Level 5:colcon.colcon_core.verb:set package 'zivid_interfaces' build argument 'cmake_clean_first' from command line to 'False'
[0.265s] Level 5:colcon.colcon_core.verb:set package 'zivid_interfaces' build argument 'cmake_force_configure' from command line to 'False'
[0.265s] Level 5:colcon.colcon_core.verb:set package 'zivid_interfaces' build argument 'ament_cmake_args' from command line to 'None'
[0.265s] Level 5:colcon.colcon_core.verb:set package 'zivid_interfaces' build argument 'catkin_cmake_args' from command line to 'None'
[0.265s] Level 5:colcon.colcon_core.verb:set package 'zivid_interfaces' build argument 'catkin_skip_building_tests' from command line to 'False'
[0.265s] DEBUG:colcon.colcon_core.verb:Building package 'zivid_interfaces' with the following arguments: {'ament_cmake_args': None, 'build_base': '/home/hoapham/ros2_ws/build/zivid_interfaces', 'catkin_cmake_args': None, 'catkin_skip_building_tests': False, 'cmake_args': None, 'cmake_clean_cache': False, 'cmake_clean_first': False, 'cmake_force_configure': False, 'cmake_target': None, 'cmake_target_skip_unavailable': False, 'install_base': '/home/hoapham/ros2_ws/install/zivid_interfaces', 'merge_install': False, 'path': '/home/hoapham/ros2_ws/src/zivid-ros/zivid_interfaces', 'symlink_install': False, 'test_result_base': None}
[0.265s] Level 5:colcon.colcon_core.verb:set package 'zivid_camera' build argument 'cmake_args' from command line to 'None'
[0.265s] Level 5:colcon.colcon_core.verb:set package 'zivid_camera' build argument 'cmake_target' from command line to 'None'
[0.265s] Level 5:colcon.colcon_core.verb:set package 'zivid_camera' build argument 'cmake_target_skip_unavailable' from command line to 'False'
[0.265s] Level 5:colcon.colcon_core.verb:set package 'zivid_camera' build argument 'cmake_clean_cache' from command line to 'False'
[0.265s] Level 5:colcon.colcon_core.verb:set package 'zivid_camera' build argument 'cmake_clean_first' from command line to 'False'
[0.265s] Level 5:colcon.colcon_core.verb:set package 'zivid_camera' build argument 'cmake_force_configure' from command line to 'False'
[0.265s] Level 5:colcon.colcon_core.verb:set package 'zivid_camera' build argument 'ament_cmake_args' from command line to 'None'
[0.265s] Level 5:colcon.colcon_core.verb:set package 'zivid_camera' build argument 'catkin_cmake_args' from command line to 'None'
[0.265s] Level 5:colcon.colcon_core.verb:set package 'zivid_camera' build argument 'catkin_skip_building_tests' from command line to 'False'
[0.265s] DEBUG:colcon.colcon_core.verb:Building package 'zivid_camera' with the following arguments: {'ament_cmake_args': None, 'build_base': '/home/hoapham/ros2_ws/build/zivid_camera', 'catkin_cmake_args': None, 'catkin_skip_building_tests': False, 'cmake_args': None, 'cmake_clean_cache': False, 'cmake_clean_first': False, 'cmake_force_configure': False, 'cmake_target': None, 'cmake_target_skip_unavailable': False, 'install_base': '/home/hoapham/ros2_ws/install/zivid_camera', 'merge_install': False, 'path': '/home/hoapham/ros2_ws/src/zivid-ros/zivid_camera', 'symlink_install': False, 'test_result_base': None}
[0.265s] Level 5:colcon.colcon_core.verb:set package 'zivid_rviz_plugin' build argument 'cmake_args' from command line to 'None'
[0.265s] Level 5:colcon.colcon_core.verb:set package 'zivid_rviz_plugin' build argument 'cmake_target' from command line to 'None'
[0.265s] Level 5:colcon.colcon_core.verb:set package 'zivid_rviz_plugin' build argument 'cmake_target_skip_unavailable' from command line to 'False'
[0.265s] Level 5:colcon.colcon_core.verb:set package 'zivid_rviz_plugin' build argument 'cmake_clean_cache' from command line to 'False'
[0.265s] Level 5:colcon.colcon_core.verb:set package 'zivid_rviz_plugin' build argument 'cmake_clean_first' from command line to 'False'
[0.265s] Level 5:colcon.colcon_core.verb:set package 'zivid_rviz_plugin' build argument 'cmake_force_configure' from command line to 'False'
[0.265s] Level 5:colcon.colcon_core.verb:set package 'zivid_rviz_plugin' build argument 'ament_cmake_args' from command line to 'None'
[0.265s] Level 5:colcon.colcon_core.verb:set package 'zivid_rviz_plugin' build argument 'catkin_cmake_args' from command line to 'None'
[0.265s] Level 5:colcon.colcon_core.verb:set package 'zivid_rviz_plugin' build argument 'catkin_skip_building_tests' from command line to 'False'
[0.265s] DEBUG:colcon.colcon_core.verb:Building package 'zivid_rviz_plugin' with the following arguments: {'ament_cmake_args': None, 'build_base': '/home/hoapham/ros2_ws/build/zivid_rviz_plugin', 'catkin_cmake_args': None, 'catkin_skip_building_tests': False, 'cmake_args': None, 'cmake_clean_cache': False, 'cmake_clean_first': False, 'cmake_force_configure': False, 'cmake_target': None, 'cmake_target_skip_unavailable': False, 'install_base': '/home/hoapham/ros2_ws/install/zivid_rviz_plugin', 'merge_install': False, 'path': '/home/hoapham/ros2_ws/src/zivid-ros/zivid_rviz_plugin', 'symlink_install': False, 'test_result_base': None}
[0.265s] Level 5:colcon.colcon_core.verb:set package 'zivid_samples' build argument 'cmake_args' from command line to 'None'
[0.265s] Level 5:colcon.colcon_core.verb:set package 'zivid_samples' build argument 'cmake_target' from command line to 'None'
[0.265s] Level 5:colcon.colcon_core.verb:set package 'zivid_samples' build argument 'cmake_target_skip_unavailable' from command line to 'False'
[0.265s] Level 5:colcon.colcon_core.verb:set package 'zivid_samples' build argument 'cmake_clean_cache' from command line to 'False'
[0.265s] Level 5:colcon.colcon_core.verb:set package 'zivid_samples' build argument 'cmake_clean_first' from command line to 'False'
[0.265s] Level 5:colcon.colcon_core.verb:set package 'zivid_samples' build argument 'cmake_force_configure' from command line to 'False'
[0.265s] Level 5:colcon.colcon_core.verb:set package 'zivid_samples' build argument 'ament_cmake_args' from command line to 'None'
[0.265s] Level 5:colcon.colcon_core.verb:set package 'zivid_samples' build argument 'catkin_cmake_args' from command line to 'None'
[0.266s] Level 5:colcon.colcon_core.verb:set package 'zivid_samples' build argument 'catkin_skip_building_tests' from command line to 'False'
[0.266s] DEBUG:colcon.colcon_core.verb:Building package 'zivid_samples' with the following arguments: {'ament_cmake_args': None, 'build_base': '/home/hoapham/ros2_ws/build/zivid_samples', 'catkin_cmake_args': None, 'catkin_skip_building_tests': False, 'cmake_args': None, 'cmake_clean_cache': False, 'cmake_clean_first': False, 'cmake_force_configure': False, 'cmake_target': None, 'cmake_target_skip_unavailable': False, 'install_base': '/home/hoapham/ros2_ws/install/zivid_samples', 'merge_install': False, 'path': '/home/hoapham/ros2_ws/src/zivid-ros/zivid_samples', 'symlink_install': False, 'test_result_base': None}
[0.266s] INFO:colcon.colcon_core.executor:Executing jobs using 'sequential' executor
[0.267s] DEBUG:colcon.colcon_core.executor.sequential:run_until_complete 'fake_livox_publisher'
[0.267s] INFO:colcon.colcon_ros.task.ament_cmake.build:Building ROS package in '/home/hoapham/ros2_ws/src/fake_livox' with build type 'ament_cmake'
[0.267s] INFO:colcon.colcon_cmake.task.cmake.build:Building CMake package in '/home/hoapham/ros2_ws/src/fake_livox'
[0.269s] INFO:colcon.colcon_core.plugin_system:Skipping extension 'colcon_core.shell.bat': Not used on non-Windows systems
[0.269s] INFO:colcon.colcon_core.shell:Skip shell extension 'powershell' for command environment: Not usable outside of PowerShell
[0.269s] DEBUG:colcon.colcon_core.shell:Skip shell extension 'dsv' for command environment
[0.280s] DEBUG:colcon.colcon_core.event_handler.log_command:Invoking command in '/home/hoapham/ros2_ws/build/fake_livox_publisher': CMAKE_PREFIX_PATH=${CMAKE_PREFIX_PATH}:/opt/ros/humble /usr/bin/cmake --build /home/hoapham/ros2_ws/build/fake_livox_publisher
[0.357s] DEBUG:colcon.colcon_core.event_handler.log_command:Invoked command in '/home/hoapham/ros2_ws/build/fake_livox_publisher' returned '0': CMAKE_PREFIX_PATH=${CMAKE_PREFIX_PATH}:/opt/ros/humble /usr/bin/cmake --build /home/hoapham/ros2_ws/build/fake_livox_publisher
[0.369s] DEBUG:colcon.colcon_core.event_handler.log_command:Invoking command in '/home/hoapham/ros2_ws/build/fake_livox_publisher': CMAKE_PREFIX_PATH=${CMAKE_PREFIX_PATH}:/opt/ros/humble /usr/bin/cmake --install /home/hoapham/ros2_ws/build/fake_livox_publisher
[0.382s] Level 1:colcon.colcon_core.environment:create_environment_scripts_only(fake_livox_publisher)
[0.383s] DEBUG:colcon.colcon_core.event_handler.log_command:Invoked command in '/home/hoapham/ros2_ws/build/fake_livox_publisher' returned '0': CMAKE_PREFIX_PATH=${CMAKE_PREFIX_PATH}:/opt/ros/humble /usr/bin/cmake --install /home/hoapham/ros2_ws/build/fake_livox_publisher
[0.384s] Level 1:colcon.colcon_core.environment:checking '/home/hoapham/ros2_ws/install/fake_livox_publisher' for CMake module files
[0.385s] Level 1:colcon.colcon_core.environment:checking '/home/hoapham/ros2_ws/install/fake_livox_publisher' for CMake config files
[0.385s] Level 1:colcon.colcon_core.shell:create_environment_hook('fake_livox_publisher', 'cmake_prefix_path')
[0.385s] INFO:colcon.colcon_core.shell:Creating environment hook '/home/hoapham/ros2_ws/install/fake_livox_publisher/share/fake_livox_publisher/hook/cmake_prefix_path.ps1'
[0.386s] INFO:colcon.colcon_core.shell:Creating environment descriptor '/home/hoapham/ros2_ws/install/fake_livox_publisher/share/fake_livox_publisher/hook/cmake_prefix_path.dsv'
[0.386s] INFO:colcon.colcon_core.shell:Creating environment hook '/home/hoapham/ros2_ws/install/fake_livox_publisher/share/fake_livox_publisher/hook/cmake_prefix_path.sh'
[0.387s] Level 1:colcon.colcon_core.environment:checking '/home/hoapham/ros2_ws/install/fake_livox_publisher/lib'
[0.387s] Level 1:colcon.colcon_core.environment:checking '/home/hoapham/ros2_ws/install/fake_livox_publisher/bin'
[0.387s] Level 1:colcon.colcon_core.environment:checking '/home/hoapham/ros2_ws/install/fake_livox_publisher/lib/pkgconfig/fake_livox_publisher.pc'
[0.387s] Level 1:colcon.colcon_core.environment:checking '/home/hoapham/ros2_ws/install/fake_livox_publisher/lib/python3.10/site-packages'
[0.387s] Level 1:colcon.colcon_core.environment:checking '/home/hoapham/ros2_ws/install/fake_livox_publisher/bin'
[0.387s] INFO:colcon.colcon_core.shell:Creating package script '/home/hoapham/ros2_ws/install/fake_livox_publisher/share/fake_livox_publisher/package.ps1'
[0.388s] INFO:colcon.colcon_core.shell:Creating package descriptor '/home/hoapham/ros2_ws/install/fake_livox_publisher/share/fake_livox_publisher/package.dsv'
[0.388s] INFO:colcon.colcon_core.shell:Creating package script '/home/hoapham/ros2_ws/install/fake_livox_publisher/share/fake_livox_publisher/package.sh'
[0.388s] INFO:colcon.colcon_core.shell:Creating package script '/home/hoapham/ros2_ws/install/fake_livox_publisher/share/fake_livox_publisher/package.bash'
[0.389s] INFO:colcon.colcon_core.shell:Creating package script '/home/hoapham/ros2_ws/install/fake_livox_publisher/share/fake_livox_publisher/package.zsh'
[0.389s] Level 1:colcon.colcon_core.environment:create_file_with_runtime_dependencies(/home/hoapham/ros2_ws/install/fake_livox_publisher/share/colcon-core/packages/fake_livox_publisher)
[0.390s] Level 1:colcon.colcon_core.environment:create_environment_scripts_only(fake_livox_publisher)
[0.390s] Level 1:colcon.colcon_core.environment:checking '/home/hoapham/ros2_ws/install/fake_livox_publisher' for CMake module files
[0.390s] Level 1:colcon.colcon_core.environment:checking '/home/hoapham/ros2_ws/install/fake_livox_publisher' for CMake config files
[0.390s] Level 1:colcon.colcon_core.shell:create_environment_hook('fake_livox_publisher', 'cmake_prefix_path')
[0.390s] INFO:colcon.colcon_core.shell:Creating environment hook '/home/hoapham/ros2_ws/install/fake_livox_publisher/share/fake_livox_publisher/hook/cmake_prefix_path.ps1'
[0.390s] INFO:colcon.colcon_core.shell:Creating environment descriptor '/home/hoapham/ros2_ws/install/fake_livox_publisher/share/fake_livox_publisher/hook/cmake_prefix_path.dsv'
[0.390s] INFO:colcon.colcon_core.shell:Creating environment hook '/home/hoapham/ros2_ws/install/fake_livox_publisher/share/fake_livox_publisher/hook/cmake_prefix_path.sh'
[0.391s] Level 1:colcon.colcon_core.environment:checking '/home/hoapham/ros2_ws/install/fake_livox_publisher/lib'
[0.391s] Level 1:colcon.colcon_core.environment:checking '/home/hoapham/ros2_ws/install/fake_livox_publisher/bin'
[0.391s] Level 1:colcon.colcon_core.environment:checking '/home/hoapham/ros2_ws/install/fake_livox_publisher/lib/pkgconfig/fake_livox_publisher.pc'
[0.391s] Level 1:colcon.colcon_core.environment:checking '/home/hoapham/ros2_ws/install/fake_livox_publisher/lib/python3.10/site-packages'
[0.391s] Level 1:colcon.colcon_core.environment:checking '/home/hoapham/ros2_ws/install/fake_livox_publisher/bin'
[0.391s] INFO:colcon.colcon_core.shell:Creating package script '/home/hoapham/ros2_ws/install/fake_livox_publisher/share/fake_livox_publisher/package.ps1'
[0.391s] INFO:colcon.colcon_core.shell:Creating package descriptor '/home/hoapham/ros2_ws/install/fake_livox_publisher/share/fake_livox_publisher/package.dsv'
[0.392s] INFO:colcon.colcon_core.shell:Creating package script '/home/hoapham/ros2_ws/install/fake_livox_publisher/share/fake_livox_publisher/package.sh'
[0.392s] INFO:colcon.colcon_core.shell:Creating package script '/home/hoapham/ros2_ws/install/fake_livox_publisher/share/fake_livox_publisher/package.bash'
[0.392s] INFO:colcon.colcon_core.shell:Creating package script '/home/hoapham/ros2_ws/install/fake_livox_publisher/share/fake_livox_publisher/package.zsh'
[0.392s] Level 1:colcon.colcon_core.environment:create_file_with_runtime_dependencies(/home/hoapham/ros2_ws/install/fake_livox_publisher/share/colcon-core/packages/fake_livox_publisher)
[0.392s] DEBUG:colcon.colcon_core.executor.sequential:run_until_complete 'fake_livox_publisher' finished with '0'
[0.393s] DEBUG:colcon.colcon_core.executor.sequential:run_until_complete 'gui'
[0.393s] INFO:colcon.colcon_ros.task.ament_cmake.build:Building ROS package in '/home/hoapham/ros2_ws/src/gui' with build type 'ament_cmake'
[0.393s] INFO:colcon.colcon_cmake.task.cmake.build:Building CMake package in '/home/hoapham/ros2_ws/src/gui'
[0.393s] INFO:colcon.colcon_core.shell:Skip shell extension 'powershell' for command environment: Not usable outside of PowerShell
[0.393s] DEBUG:colcon.colcon_core.shell:Skip shell extension 'dsv' for command environment
[0.402s] DEBUG:colcon.colcon_core.event_handler.log_command:Invoking command in '/home/hoapham/ros2_ws/build/gui': CMAKE_PREFIX_PATH=${CMAKE_PREFIX_PATH}:/opt/ros/humble /usr/bin/cmake --build /home/hoapham/ros2_ws/build/gui
[8.389s] DEBUG:colcon.colcon_core.event_handler.log_command:Invoked command in '/home/hoapham/ros2_ws/build/gui' returned '2': CMAKE_PREFIX_PATH=${CMAKE_PREFIX_PATH}:/opt/ros/humble /usr/bin/cmake --build /home/hoapham/ros2_ws/build/gui
[8.390s] Level 1:colcon.colcon_core.environment:create_environment_scripts_only(gui)
[8.390s] Level 1:colcon.colcon_core.environment:checking '/home/hoapham/ros2_ws/install/gui' for CMake module files
[8.390s] Level 1:colcon.colcon_core.environment:checking '/home/hoapham/ros2_ws/install/gui' for CMake config files
[8.391s] Level 1:colcon.colcon_core.shell:create_environment_hook('gui', 'cmake_prefix_path')
[8.391s] INFO:colcon.colcon_core.shell:Creating environment hook '/home/hoapham/ros2_ws/install/gui/share/gui/hook/cmake_prefix_path.ps1'
[8.392s] INFO:colcon.colcon_core.shell:Creating environment descriptor '/home/hoapham/ros2_ws/install/gui/share/gui/hook/cmake_prefix_path.dsv'
[8.392s] INFO:colcon.colcon_core.shell:Creating environment hook '/home/hoapham/ros2_ws/install/gui/share/gui/hook/cmake_prefix_path.sh'
[8.393s] Level 1:colcon.colcon_core.environment:checking '/home/hoapham/ros2_ws/install/gui/lib'
[8.393s] Level 1:colcon.colcon_core.environment:checking '/home/hoapham/ros2_ws/install/gui/bin'
[8.393s] Level 1:colcon.colcon_core.environment:checking '/home/hoapham/ros2_ws/install/gui/lib/pkgconfig/gui.pc'
[8.393s] Level 1:colcon.colcon_core.environment:checking '/home/hoapham/ros2_ws/install/gui/lib/python3.10/site-packages'
[8.393s] Level 1:colcon.colcon_core.environment:checking '/home/hoapham/ros2_ws/install/gui/bin'
[8.393s] INFO:colcon.colcon_core.shell:Creating package script '/home/hoapham/ros2_ws/install/gui/share/gui/package.ps1'
[8.394s] INFO:colcon.colcon_core.shell:Creating package descriptor '/home/hoapham/ros2_ws/install/gui/share/gui/package.dsv'
[8.394s] INFO:colcon.colcon_core.shell:Creating package script '/home/hoapham/ros2_ws/install/gui/share/gui/package.sh'
[8.394s] INFO:colcon.colcon_core.shell:Creating package script '/home/hoapham/ros2_ws/install/gui/share/gui/package.bash'
[8.394s] INFO:colcon.colcon_core.shell:Creating package script '/home/hoapham/ros2_ws/install/gui/share/gui/package.zsh'
[8.395s] Level 1:colcon.colcon_core.environment:create_file_with_runtime_dependencies(/home/hoapham/ros2_ws/install/gui/share/colcon-core/packages/gui)
[8.395s] DEBUG:colcon.colcon_core.executor.sequential:run_until_complete 'gui' finished with '2'
[8.395s] DEBUG:colcon.colcon_core.executor.sequential:closing loop
[8.395s] DEBUG:colcon.colcon_core.executor.sequential:loop closed
[8.395s] DEBUG:colcon.colcon_core.event_reactor:joining thread
[8.398s] INFO:colcon.colcon_core.plugin_system:Skipping extension 'colcon_notification.desktop_notification.terminal_notifier': Not used on non-Darwin systems
[8.398s] INFO:colcon.colcon_core.plugin_system:Skipping extension 'colcon_notification.desktop_notification.win32': Not used on non-Windows systems
[8.398s] INFO:colcon.colcon_notification.desktop_notification:Sending desktop notification using 'notify2'
[8.409s] DEBUG:colcon.colcon_core.event_reactor:joined thread
[8.409s] INFO:colcon.colcon_core.shell:Creating prefix script '/home/hoapham/ros2_ws/install/local_setup.ps1'
[8.411s] INFO:colcon.colcon_core.shell:Creating prefix util module '/home/hoapham/ros2_ws/install/_local_setup_util_ps1.py'
[8.412s] INFO:colcon.colcon_core.shell:Creating prefix chain script '/home/hoapham/ros2_ws/install/setup.ps1'
[8.413s] INFO:colcon.colcon_core.shell:Creating prefix script '/home/hoapham/ros2_ws/install/local_setup.sh'
[8.413s] INFO:colcon.colcon_core.shell:Creating prefix util module '/home/hoapham/ros2_ws/install/_local_setup_util_sh.py'
[8.414s] INFO:colcon.colcon_core.shell:Creating prefix chain script '/home/hoapham/ros2_ws/install/setup.sh'
[8.415s] INFO:colcon.colcon_core.shell:Creating prefix script '/home/hoapham/ros2_ws/install/local_setup.bash'
[8.415s] INFO:colcon.colcon_core.shell:Creating prefix chain script '/home/hoapham/ros2_ws/install/setup.bash'
[8.416s] INFO:colcon.colcon_core.shell:Creating prefix script '/home/hoapham/ros2_ws/install/local_setup.zsh'
[8.416s] INFO:colcon.colcon_core.shell:Creating prefix chain script '/home/hoapham/ros2_ws/install/setup.zsh'
