[35m[1mConsolidate compiler generated dependencies of target ros2_qt_rviz2[0m
[100%] Built target ros2_qt_rviz2
-- Install configuration: ""
-- Installing: /home/hoapham/ros2_ws/install/ros2_qt_rviz2/lib/ros2_qt_rviz2/ros2_qt_rviz2
-- Set runtime path of "/home/hoapham/ros2_ws/install/ros2_qt_rviz2/lib/ros2_qt_rviz2/ros2_qt_rviz2" to ""
-- Installing: /home/hoapham/ros2_ws/install/ros2_qt_rviz2/share/ament_index/resource_index/package_run_dependencies/ros2_qt_rviz2
-- Installing: /home/hoapham/ros2_ws/install/ros2_qt_rviz2/share/ament_index/resource_index/parent_prefix_path/ros2_qt_rviz2
-- Installing: /home/hoapham/ros2_ws/install/ros2_qt_rviz2/share/ros2_qt_rviz2/environment/ament_prefix_path.sh
-- Installing: /home/hoapham/ros2_ws/install/ros2_qt_rviz2/share/ros2_qt_rviz2/environment/ament_prefix_path.dsv
-- Installing: /home/hoapham/ros2_ws/install/ros2_qt_rviz2/share/ros2_qt_rviz2/environment/path.sh
-- Installing: /home/hoapham/ros2_ws/install/ros2_qt_rviz2/share/ros2_qt_rviz2/environment/path.dsv
-- Installing: /home/hoapham/ros2_ws/install/ros2_qt_rviz2/share/ros2_qt_rviz2/local_setup.bash
-- Installing: /home/hoapham/ros2_ws/install/ros2_qt_rviz2/share/ros2_qt_rviz2/local_setup.sh
-- Installing: /home/hoapham/ros2_ws/install/ros2_qt_rviz2/share/ros2_qt_rviz2/local_setup.zsh
-- Installing: /home/hoapham/ros2_ws/install/ros2_qt_rviz2/share/ros2_qt_rviz2/local_setup.dsv
-- Installing: /home/hoapham/ros2_ws/install/ros2_qt_rviz2/share/ros2_qt_rviz2/package.dsv
-- Installing: /home/hoapham/ros2_ws/install/ros2_qt_rviz2/share/ament_index/resource_index/packages/ros2_qt_rviz2
-- Installing: /home/hoapham/ros2_ws/install/ros2_qt_rviz2/share/ros2_qt_rviz2/cmake/ament_cmake_export_dependencies-extras.cmake
-- Installing: /home/hoapham/ros2_ws/install/ros2_qt_rviz2/share/ros2_qt_rviz2/cmake/ros2_qt_rviz2Config.cmake
-- Installing: /home/hoapham/ros2_ws/install/ros2_qt_rviz2/share/ros2_qt_rviz2/cmake/ros2_qt_rviz2Config-version.cmake
-- Installing: /home/hoapham/ros2_ws/install/ros2_qt_rviz2/share/ros2_qt_rviz2/package.xml
