[0.013s] Invoking command in '/home/hoapham/ros2_ws/build/gui_msgs': CMAKE_PREFIX_PATH=${CMAKE_PREFIX_PATH}:/opt/ros/humble /usr/bin/cmake --build /home/hoapham/ros2_ws/build/gui_msgs -- -j16 -l16
[0.063s] [35m[1mConsolidate compiler generated dependencies of target gui_msgs__rosidl_generator_c[0m
[0.074s] [  1%] Built target gui_msgs__cpp
[0.076s] [ 12%] Built target gui_msgs__rosidl_generator_c
[0.089s] [ 12%] Built target ament_cmake_python_copy_gui_msgs
[0.090s] [35m[1mConsolidate compiler generated dependencies of target gui_msgs__rosidl_typesupport_c[0m
[0.090s] [35m[1mConsolidate compiler generated dependencies of target gui_msgs__rosidl_typesupport_introspection_c[0m
[0.090s] [35m[1mConsolidate compiler generated dependencies of target gui_msgs__rosidl_typesupport_cpp[0m
[0.091s] [35m[1mConsolidate compiler generated dependencies of target gui_msgs__rosidl_typesupport_introspection_cpp[0m
[0.091s] [35m[1mConsolidate compiler generated dependencies of target gui_msgs__rosidl_typesupport_fastrtps_c[0m
[0.091s] [35m[1mConsolidate compiler generated dependencies of target gui_msgs__rosidl_typesupport_fastrtps_cpp[0m
[0.105s] [ 34%] Built target gui_msgs__rosidl_typesupport_introspection_c
[0.106s] [ 35%] Built target gui_msgs__rosidl_typesupport_c
[0.111s] [ 47%] Built target gui_msgs__rosidl_typesupport_cpp
[0.111s] [ 68%] Built target gui_msgs__rosidl_typesupport_introspection_cpp
[0.111s] [ 70%] Built target gui_msgs__rosidl_typesupport_fastrtps_cpp
[0.112s] [ 81%] Built target gui_msgs__rosidl_typesupport_fastrtps_c
[0.140s] [ 81%] Built target gui_msgs
[0.169s] [ 82%] Built target gui_msgs__py
[0.185s] [35m[1mConsolidate compiler generated dependencies of target gui_msgs__rosidl_generator_py[0m
[0.206s] [ 93%] Built target gui_msgs__rosidl_generator_py
[0.221s] [35m[1mConsolidate compiler generated dependencies of target gui_msgs__rosidl_typesupport_fastrtps_c__pyext[0m
[0.221s] [35m[1mConsolidate compiler generated dependencies of target gui_msgs__rosidl_typesupport_c__pyext[0m
[0.221s] [35m[1mConsolidate compiler generated dependencies of target gui_msgs__rosidl_typesupport_introspection_c__pyext[0m
[0.238s] [100%] Built target gui_msgs__rosidl_typesupport_c__pyext
[0.238s] [100%] Built target gui_msgs__rosidl_typesupport_fastrtps_c__pyext
[0.238s] [100%] Built target gui_msgs__rosidl_typesupport_introspection_c__pyext
[0.282s] running egg_info
[0.282s] writing gui_msgs.egg-info/PKG-INFO
[0.282s] writing dependency_links to gui_msgs.egg-info/dependency_links.txt
[0.282s] writing top-level names to gui_msgs.egg-info/top_level.txt
[0.284s] reading manifest file 'gui_msgs.egg-info/SOURCES.txt'
[0.284s] writing manifest file 'gui_msgs.egg-info/SOURCES.txt'
[0.328s] [100%] Built target ament_cmake_python_build_gui_msgs_egg
[0.344s] Invoked command in '/home/hoapham/ros2_ws/build/gui_msgs' returned '0': CMAKE_PREFIX_PATH=${CMAKE_PREFIX_PATH}:/opt/ros/humble /usr/bin/cmake --build /home/hoapham/ros2_ws/build/gui_msgs -- -j16 -l16
[0.359s] Invoking command in '/home/hoapham/ros2_ws/build/gui_msgs': CMAKE_PREFIX_PATH=${CMAKE_PREFIX_PATH}:/opt/ros/humble /usr/bin/cmake --install /home/hoapham/ros2_ws/build/gui_msgs
[0.369s] -- Install configuration: ""
[0.369s] -- Up-to-date: /home/hoapham/ros2_ws/install/gui_msgs/share/ament_index/resource_index/rosidl_interfaces/gui_msgs
[0.369s] -- Up-to-date: /home/hoapham/ros2_ws/install/gui_msgs/include/gui_msgs/gui_msgs
[0.369s] -- Up-to-date: /home/hoapham/ros2_ws/install/gui_msgs/include/gui_msgs/gui_msgs/msg
[0.369s] -- Up-to-date: /home/hoapham/ros2_ws/install/gui_msgs/include/gui_msgs/gui_msgs/msg/detail
[0.369s] -- Up-to-date: /home/hoapham/ros2_ws/install/gui_msgs/include/gui_msgs/gui_msgs/msg/detail/setting_params__functions.c
[0.370s] -- Up-to-date: /home/hoapham/ros2_ws/install/gui_msgs/include/gui_msgs/gui_msgs/msg/detail/setting_tool__functions.h
[0.370s] -- Up-to-date: /home/hoapham/ros2_ws/install/gui_msgs/include/gui_msgs/gui_msgs/msg/detail/setting_tool__functions.c
[0.370s] -- Up-to-date: /home/hoapham/ros2_ws/install/gui_msgs/include/gui_msgs/gui_msgs/msg/detail/auto_process__struct.h
[0.370s] -- Up-to-date: /home/hoapham/ros2_ws/install/gui_msgs/include/gui_msgs/gui_msgs/msg/detail/setting_tool__struct.h
[0.370s] -- Up-to-date: /home/hoapham/ros2_ws/install/gui_msgs/include/gui_msgs/gui_msgs/msg/detail/auto_process__functions.h
[0.370s] -- Up-to-date: /home/hoapham/ros2_ws/install/gui_msgs/include/gui_msgs/gui_msgs/msg/detail/auto_process__functions.c
[0.370s] -- Up-to-date: /home/hoapham/ros2_ws/install/gui_msgs/include/gui_msgs/gui_msgs/msg/detail/trajectory_setting__type_support.h
[0.370s] -- Up-to-date: /home/hoapham/ros2_ws/install/gui_msgs/include/gui_msgs/gui_msgs/msg/detail/auto_process__type_support.h
[0.370s] -- Up-to-date: /home/hoapham/ros2_ws/install/gui_msgs/include/gui_msgs/gui_msgs/msg/detail/trajectory_setting__functions.h
[0.370s] -- Up-to-date: /home/hoapham/ros2_ws/install/gui_msgs/include/gui_msgs/gui_msgs/msg/detail/setting_params__struct.h
[0.370s] -- Up-to-date: /home/hoapham/ros2_ws/install/gui_msgs/include/gui_msgs/gui_msgs/msg/detail/trajectory_setting__functions.c
[0.370s] -- Up-to-date: /home/hoapham/ros2_ws/install/gui_msgs/include/gui_msgs/gui_msgs/msg/detail/trajectory_setting__struct.h
[0.371s] -- Up-to-date: /home/hoapham/ros2_ws/install/gui_msgs/include/gui_msgs/gui_msgs/msg/detail/setting_tool__type_support.h
[0.371s] -- Up-to-date: /home/hoapham/ros2_ws/install/gui_msgs/include/gui_msgs/gui_msgs/msg/detail/setting_params__functions.h
[0.371s] -- Up-to-date: /home/hoapham/ros2_ws/install/gui_msgs/include/gui_msgs/gui_msgs/msg/detail/setting_params__type_support.h
[0.371s] -- Up-to-date: /home/hoapham/ros2_ws/install/gui_msgs/include/gui_msgs/gui_msgs/msg/trajectory_setting.h
[0.371s] -- Up-to-date: /home/hoapham/ros2_ws/install/gui_msgs/include/gui_msgs/gui_msgs/msg/setting_params.h
[0.371s] -- Up-to-date: /home/hoapham/ros2_ws/install/gui_msgs/include/gui_msgs/gui_msgs/msg/rosidl_generator_c__visibility_control.h
[0.371s] -- Up-to-date: /home/hoapham/ros2_ws/install/gui_msgs/include/gui_msgs/gui_msgs/msg/setting_tool.h
[0.371s] -- Up-to-date: /home/hoapham/ros2_ws/install/gui_msgs/include/gui_msgs/gui_msgs/msg/auto_process.h
[0.371s] -- Up-to-date: /home/hoapham/ros2_ws/install/gui_msgs/include/gui_msgs/gui_msgs/srv
[0.371s] -- Up-to-date: /home/hoapham/ros2_ws/install/gui_msgs/include/gui_msgs/gui_msgs/srv/detail
[0.371s] -- Up-to-date: /home/hoapham/ros2_ws/install/gui_msgs/include/gui_msgs/gui_msgs/srv/detail/setting_params__functions.c
[0.371s] -- Up-to-date: /home/hoapham/ros2_ws/install/gui_msgs/include/gui_msgs/gui_msgs/srv/detail/setting_tool__functions.h
[0.371s] -- Up-to-date: /home/hoapham/ros2_ws/install/gui_msgs/include/gui_msgs/gui_msgs/srv/detail/setting_tool__functions.c
[0.371s] -- Up-to-date: /home/hoapham/ros2_ws/install/gui_msgs/include/gui_msgs/gui_msgs/srv/detail/auto_process__struct.h
[0.371s] -- Up-to-date: /home/hoapham/ros2_ws/install/gui_msgs/include/gui_msgs/gui_msgs/srv/detail/setting_tool__struct.h
[0.371s] -- Up-to-date: /home/hoapham/ros2_ws/install/gui_msgs/include/gui_msgs/gui_msgs/srv/detail/auto_process__functions.h
[0.371s] -- Up-to-date: /home/hoapham/ros2_ws/install/gui_msgs/include/gui_msgs/gui_msgs/srv/detail/auto_process__functions.c
[0.371s] -- Up-to-date: /home/hoapham/ros2_ws/install/gui_msgs/include/gui_msgs/gui_msgs/srv/detail/trajectory_setting__type_support.h
[0.371s] -- Up-to-date: /home/hoapham/ros2_ws/install/gui_msgs/include/gui_msgs/gui_msgs/srv/detail/auto_process__type_support.h
[0.371s] -- Up-to-date: /home/hoapham/ros2_ws/install/gui_msgs/include/gui_msgs/gui_msgs/srv/detail/trajectory_setting__functions.h
[0.371s] -- Up-to-date: /home/hoapham/ros2_ws/install/gui_msgs/include/gui_msgs/gui_msgs/srv/detail/setting_params__struct.h
[0.371s] -- Up-to-date: /home/hoapham/ros2_ws/install/gui_msgs/include/gui_msgs/gui_msgs/srv/detail/trajectory_setting__functions.c
[0.371s] -- Up-to-date: /home/hoapham/ros2_ws/install/gui_msgs/include/gui_msgs/gui_msgs/srv/detail/trajectory_setting__struct.h
[0.372s] -- Up-to-date: /home/hoapham/ros2_ws/install/gui_msgs/include/gui_msgs/gui_msgs/srv/detail/setting_tool__type_support.h
[0.372s] -- Up-to-date: /home/hoapham/ros2_ws/install/gui_msgs/include/gui_msgs/gui_msgs/srv/detail/setting_params__functions.h
[0.372s] -- Up-to-date: /home/hoapham/ros2_ws/install/gui_msgs/include/gui_msgs/gui_msgs/srv/detail/setting_params__type_support.h
[0.372s] -- Up-to-date: /home/hoapham/ros2_ws/install/gui_msgs/include/gui_msgs/gui_msgs/srv/trajectory_setting.h
[0.372s] -- Up-to-date: /home/hoapham/ros2_ws/install/gui_msgs/include/gui_msgs/gui_msgs/srv/setting_params.h
[0.372s] -- Up-to-date: /home/hoapham/ros2_ws/install/gui_msgs/include/gui_msgs/gui_msgs/srv/setting_tool.h
[0.372s] -- Up-to-date: /home/hoapham/ros2_ws/install/gui_msgs/include/gui_msgs/gui_msgs/srv/auto_process.h
[0.372s] -- Up-to-date: /home/hoapham/ros2_ws/install/gui_msgs/share/gui_msgs/environment/library_path.sh
[0.372s] -- Up-to-date: /home/hoapham/ros2_ws/install/gui_msgs/share/gui_msgs/environment/library_path.dsv
[0.372s] -- Up-to-date: /home/hoapham/ros2_ws/install/gui_msgs/lib/libgui_msgs__rosidl_generator_c.so
[0.372s] -- Up-to-date: /home/hoapham/ros2_ws/install/gui_msgs/include/gui_msgs/gui_msgs
[0.372s] -- Up-to-date: /home/hoapham/ros2_ws/install/gui_msgs/include/gui_msgs/gui_msgs/msg
[0.372s] -- Up-to-date: /home/hoapham/ros2_ws/install/gui_msgs/include/gui_msgs/gui_msgs/msg/detail
[0.372s] -- Up-to-date: /home/hoapham/ros2_ws/install/gui_msgs/include/gui_msgs/gui_msgs/msg/detail/setting_tool__rosidl_typesupport_fastrtps_c.h
[0.372s] -- Up-to-date: /home/hoapham/ros2_ws/install/gui_msgs/include/gui_msgs/gui_msgs/msg/detail/setting_params__rosidl_typesupport_fastrtps_c.h
[0.372s] -- Up-to-date: /home/hoapham/ros2_ws/install/gui_msgs/include/gui_msgs/gui_msgs/msg/detail/auto_process__rosidl_typesupport_fastrtps_c.h
[0.372s] -- Up-to-date: /home/hoapham/ros2_ws/install/gui_msgs/include/gui_msgs/gui_msgs/msg/detail/trajectory_setting__rosidl_typesupport_fastrtps_c.h
[0.372s] -- Up-to-date: /home/hoapham/ros2_ws/install/gui_msgs/include/gui_msgs/gui_msgs/msg/rosidl_typesupport_fastrtps_c__visibility_control.h
[0.372s] -- Up-to-date: /home/hoapham/ros2_ws/install/gui_msgs/include/gui_msgs/gui_msgs/srv
[0.372s] -- Up-to-date: /home/hoapham/ros2_ws/install/gui_msgs/include/gui_msgs/gui_msgs/srv/detail
[0.372s] -- Up-to-date: /home/hoapham/ros2_ws/install/gui_msgs/include/gui_msgs/gui_msgs/srv/detail/setting_tool__rosidl_typesupport_fastrtps_c.h
[0.372s] -- Up-to-date: /home/hoapham/ros2_ws/install/gui_msgs/include/gui_msgs/gui_msgs/srv/detail/setting_params__rosidl_typesupport_fastrtps_c.h
[0.372s] -- Up-to-date: /home/hoapham/ros2_ws/install/gui_msgs/include/gui_msgs/gui_msgs/srv/detail/auto_process__rosidl_typesupport_fastrtps_c.h
[0.372s] -- Up-to-date: /home/hoapham/ros2_ws/install/gui_msgs/include/gui_msgs/gui_msgs/srv/detail/trajectory_setting__rosidl_typesupport_fastrtps_c.h
[0.372s] -- Up-to-date: /home/hoapham/ros2_ws/install/gui_msgs/lib/libgui_msgs__rosidl_typesupport_fastrtps_c.so
[0.373s] -- Up-to-date: /home/hoapham/ros2_ws/install/gui_msgs/include/gui_msgs/gui_msgs
[0.373s] -- Up-to-date: /home/hoapham/ros2_ws/install/gui_msgs/include/gui_msgs/gui_msgs/msg
[0.373s] -- Up-to-date: /home/hoapham/ros2_ws/install/gui_msgs/include/gui_msgs/gui_msgs/msg/detail
[0.373s] -- Up-to-date: /home/hoapham/ros2_ws/install/gui_msgs/include/gui_msgs/gui_msgs/msg/detail/trajectory_setting__type_support.hpp
[0.373s] -- Up-to-date: /home/hoapham/ros2_ws/install/gui_msgs/include/gui_msgs/gui_msgs/msg/detail/auto_process__builder.hpp
[0.373s] -- Up-to-date: /home/hoapham/ros2_ws/install/gui_msgs/include/gui_msgs/gui_msgs/msg/detail/setting_params__struct.hpp
[0.373s] -- Up-to-date: /home/hoapham/ros2_ws/install/gui_msgs/include/gui_msgs/gui_msgs/msg/detail/trajectory_setting__traits.hpp
[0.373s] -- Up-to-date: /home/hoapham/ros2_ws/install/gui_msgs/include/gui_msgs/gui_msgs/msg/detail/setting_params__type_support.hpp
[0.373s] -- Up-to-date: /home/hoapham/ros2_ws/install/gui_msgs/include/gui_msgs/gui_msgs/msg/detail/setting_tool__traits.hpp
[0.373s] -- Up-to-date: /home/hoapham/ros2_ws/install/gui_msgs/include/gui_msgs/gui_msgs/msg/detail/setting_tool__type_support.hpp
[0.373s] -- Up-to-date: /home/hoapham/ros2_ws/install/gui_msgs/include/gui_msgs/gui_msgs/msg/detail/trajectory_setting__builder.hpp
[0.373s] -- Up-to-date: /home/hoapham/ros2_ws/install/gui_msgs/include/gui_msgs/gui_msgs/msg/detail/setting_params__traits.hpp
[0.373s] -- Up-to-date: /home/hoapham/ros2_ws/install/gui_msgs/include/gui_msgs/gui_msgs/msg/detail/setting_tool__struct.hpp
[0.373s] -- Up-to-date: /home/hoapham/ros2_ws/install/gui_msgs/include/gui_msgs/gui_msgs/msg/detail/auto_process__type_support.hpp
[0.373s] -- Up-to-date: /home/hoapham/ros2_ws/install/gui_msgs/include/gui_msgs/gui_msgs/msg/detail/setting_params__builder.hpp
[0.373s] -- Up-to-date: /home/hoapham/ros2_ws/install/gui_msgs/include/gui_msgs/gui_msgs/msg/detail/trajectory_setting__struct.hpp
[0.373s] -- Up-to-date: /home/hoapham/ros2_ws/install/gui_msgs/include/gui_msgs/gui_msgs/msg/detail/auto_process__struct.hpp
[0.373s] -- Up-to-date: /home/hoapham/ros2_ws/install/gui_msgs/include/gui_msgs/gui_msgs/msg/detail/auto_process__traits.hpp
[0.373s] -- Up-to-date: /home/hoapham/ros2_ws/install/gui_msgs/include/gui_msgs/gui_msgs/msg/detail/setting_tool__builder.hpp
[0.373s] -- Up-to-date: /home/hoapham/ros2_ws/install/gui_msgs/include/gui_msgs/gui_msgs/msg/trajectory_setting.hpp
[0.373s] -- Up-to-date: /home/hoapham/ros2_ws/install/gui_msgs/include/gui_msgs/gui_msgs/msg/setting_tool.hpp
[0.373s] -- Up-to-date: /home/hoapham/ros2_ws/install/gui_msgs/include/gui_msgs/gui_msgs/msg/auto_process.hpp
[0.373s] -- Up-to-date: /home/hoapham/ros2_ws/install/gui_msgs/include/gui_msgs/gui_msgs/msg/rosidl_generator_cpp__visibility_control.hpp
[0.373s] -- Up-to-date: /home/hoapham/ros2_ws/install/gui_msgs/include/gui_msgs/gui_msgs/msg/setting_params.hpp
[0.373s] -- Up-to-date: /home/hoapham/ros2_ws/install/gui_msgs/include/gui_msgs/gui_msgs/srv
[0.374s] -- Up-to-date: /home/hoapham/ros2_ws/install/gui_msgs/include/gui_msgs/gui_msgs/srv/detail
[0.374s] -- Up-to-date: /home/hoapham/ros2_ws/install/gui_msgs/include/gui_msgs/gui_msgs/srv/detail/trajectory_setting__type_support.hpp
[0.374s] -- Up-to-date: /home/hoapham/ros2_ws/install/gui_msgs/include/gui_msgs/gui_msgs/srv/detail/auto_process__builder.hpp
[0.374s] -- Up-to-date: /home/hoapham/ros2_ws/install/gui_msgs/include/gui_msgs/gui_msgs/srv/detail/setting_params__struct.hpp
[0.374s] -- Up-to-date: /home/hoapham/ros2_ws/install/gui_msgs/include/gui_msgs/gui_msgs/srv/detail/trajectory_setting__traits.hpp
[0.374s] -- Up-to-date: /home/hoapham/ros2_ws/install/gui_msgs/include/gui_msgs/gui_msgs/srv/detail/setting_params__type_support.hpp
[0.374s] -- Up-to-date: /home/hoapham/ros2_ws/install/gui_msgs/include/gui_msgs/gui_msgs/srv/detail/setting_tool__traits.hpp
[0.374s] -- Up-to-date: /home/hoapham/ros2_ws/install/gui_msgs/include/gui_msgs/gui_msgs/srv/detail/setting_tool__type_support.hpp
[0.374s] -- Up-to-date: /home/hoapham/ros2_ws/install/gui_msgs/include/gui_msgs/gui_msgs/srv/detail/trajectory_setting__builder.hpp
[0.374s] -- Up-to-date: /home/hoapham/ros2_ws/install/gui_msgs/include/gui_msgs/gui_msgs/srv/detail/setting_params__traits.hpp
[0.374s] -- Up-to-date: /home/hoapham/ros2_ws/install/gui_msgs/include/gui_msgs/gui_msgs/srv/detail/setting_tool__struct.hpp
[0.374s] -- Up-to-date: /home/hoapham/ros2_ws/install/gui_msgs/include/gui_msgs/gui_msgs/srv/detail/auto_process__type_support.hpp
[0.374s] -- Up-to-date: /home/hoapham/ros2_ws/install/gui_msgs/include/gui_msgs/gui_msgs/srv/detail/setting_params__builder.hpp
[0.374s] -- Up-to-date: /home/hoapham/ros2_ws/install/gui_msgs/include/gui_msgs/gui_msgs/srv/detail/trajectory_setting__struct.hpp
[0.374s] -- Up-to-date: /home/hoapham/ros2_ws/install/gui_msgs/include/gui_msgs/gui_msgs/srv/detail/auto_process__struct.hpp
[0.374s] -- Up-to-date: /home/hoapham/ros2_ws/install/gui_msgs/include/gui_msgs/gui_msgs/srv/detail/auto_process__traits.hpp
[0.374s] -- Up-to-date: /home/hoapham/ros2_ws/install/gui_msgs/include/gui_msgs/gui_msgs/srv/detail/setting_tool__builder.hpp
[0.374s] -- Up-to-date: /home/hoapham/ros2_ws/install/gui_msgs/include/gui_msgs/gui_msgs/srv/trajectory_setting.hpp
[0.374s] -- Up-to-date: /home/hoapham/ros2_ws/install/gui_msgs/include/gui_msgs/gui_msgs/srv/setting_tool.hpp
[0.374s] -- Up-to-date: /home/hoapham/ros2_ws/install/gui_msgs/include/gui_msgs/gui_msgs/srv/auto_process.hpp
[0.374s] -- Up-to-date: /home/hoapham/ros2_ws/install/gui_msgs/include/gui_msgs/gui_msgs/srv/setting_params.hpp
[0.374s] -- Up-to-date: /home/hoapham/ros2_ws/install/gui_msgs/include/gui_msgs/gui_msgs
[0.374s] -- Up-to-date: /home/hoapham/ros2_ws/install/gui_msgs/include/gui_msgs/gui_msgs/msg
[0.374s] -- Up-to-date: /home/hoapham/ros2_ws/install/gui_msgs/include/gui_msgs/gui_msgs/msg/detail
[0.374s] -- Up-to-date: /home/hoapham/ros2_ws/install/gui_msgs/include/gui_msgs/gui_msgs/msg/detail/setting_tool__rosidl_typesupport_fastrtps_cpp.hpp
[0.375s] -- Up-to-date: /home/hoapham/ros2_ws/install/gui_msgs/include/gui_msgs/gui_msgs/msg/detail/dds_fastrtps
[0.375s] -- Up-to-date: /home/hoapham/ros2_ws/install/gui_msgs/include/gui_msgs/gui_msgs/msg/detail/auto_process__rosidl_typesupport_fastrtps_cpp.hpp
[0.375s] -- Up-to-date: /home/hoapham/ros2_ws/install/gui_msgs/include/gui_msgs/gui_msgs/msg/detail/trajectory_setting__rosidl_typesupport_fastrtps_cpp.hpp
[0.375s] -- Up-to-date: /home/hoapham/ros2_ws/install/gui_msgs/include/gui_msgs/gui_msgs/msg/detail/setting_params__rosidl_typesupport_fastrtps_cpp.hpp
[0.375s] -- Up-to-date: /home/hoapham/ros2_ws/install/gui_msgs/include/gui_msgs/gui_msgs/msg/rosidl_typesupport_fastrtps_cpp__visibility_control.h
[0.375s] -- Up-to-date: /home/hoapham/ros2_ws/install/gui_msgs/include/gui_msgs/gui_msgs/srv
[0.375s] -- Up-to-date: /home/hoapham/ros2_ws/install/gui_msgs/include/gui_msgs/gui_msgs/srv/detail
[0.375s] -- Up-to-date: /home/hoapham/ros2_ws/install/gui_msgs/include/gui_msgs/gui_msgs/srv/detail/setting_tool__rosidl_typesupport_fastrtps_cpp.hpp
[0.375s] -- Up-to-date: /home/hoapham/ros2_ws/install/gui_msgs/include/gui_msgs/gui_msgs/srv/detail/dds_fastrtps
[0.375s] -- Up-to-date: /home/hoapham/ros2_ws/install/gui_msgs/include/gui_msgs/gui_msgs/srv/detail/auto_process__rosidl_typesupport_fastrtps_cpp.hpp
[0.375s] -- Up-to-date: /home/hoapham/ros2_ws/install/gui_msgs/include/gui_msgs/gui_msgs/srv/detail/trajectory_setting__rosidl_typesupport_fastrtps_cpp.hpp
[0.375s] -- Up-to-date: /home/hoapham/ros2_ws/install/gui_msgs/include/gui_msgs/gui_msgs/srv/detail/setting_params__rosidl_typesupport_fastrtps_cpp.hpp
[0.375s] -- Up-to-date: /home/hoapham/ros2_ws/install/gui_msgs/lib/libgui_msgs__rosidl_typesupport_fastrtps_cpp.so
[0.375s] -- Up-to-date: /home/hoapham/ros2_ws/install/gui_msgs/include/gui_msgs/gui_msgs
[0.375s] -- Up-to-date: /home/hoapham/ros2_ws/install/gui_msgs/include/gui_msgs/gui_msgs/msg
[0.375s] -- Up-to-date: /home/hoapham/ros2_ws/install/gui_msgs/include/gui_msgs/gui_msgs/msg/detail
[0.375s] -- Up-to-date: /home/hoapham/ros2_ws/install/gui_msgs/include/gui_msgs/gui_msgs/msg/detail/trajectory_setting__type_support.c
[0.375s] -- Up-to-date: /home/hoapham/ros2_ws/install/gui_msgs/include/gui_msgs/gui_msgs/msg/detail/auto_process__rosidl_typesupport_introspection_c.h
[0.375s] -- Up-to-date: /home/hoapham/ros2_ws/install/gui_msgs/include/gui_msgs/gui_msgs/msg/detail/trajectory_setting__rosidl_typesupport_introspection_c.h
[0.375s] -- Up-to-date: /home/hoapham/ros2_ws/install/gui_msgs/include/gui_msgs/gui_msgs/msg/detail/setting_tool__type_support.c
[0.375s] -- Up-to-date: /home/hoapham/ros2_ws/install/gui_msgs/include/gui_msgs/gui_msgs/msg/detail/setting_tool__rosidl_typesupport_introspection_c.h
[0.376s] -- Up-to-date: /home/hoapham/ros2_ws/install/gui_msgs/include/gui_msgs/gui_msgs/msg/detail/auto_process__type_support.c
[0.376s] -- Up-to-date: /home/hoapham/ros2_ws/install/gui_msgs/include/gui_msgs/gui_msgs/msg/detail/setting_params__rosidl_typesupport_introspection_c.h
[0.376s] -- Up-to-date: /home/hoapham/ros2_ws/install/gui_msgs/include/gui_msgs/gui_msgs/msg/detail/setting_params__type_support.c
[0.376s] -- Up-to-date: /home/hoapham/ros2_ws/install/gui_msgs/include/gui_msgs/gui_msgs/msg/rosidl_typesupport_introspection_c__visibility_control.h
[0.376s] -- Up-to-date: /home/hoapham/ros2_ws/install/gui_msgs/include/gui_msgs/gui_msgs/srv
[0.376s] -- Up-to-date: /home/hoapham/ros2_ws/install/gui_msgs/include/gui_msgs/gui_msgs/srv/detail
[0.376s] -- Up-to-date: /home/hoapham/ros2_ws/install/gui_msgs/include/gui_msgs/gui_msgs/srv/detail/trajectory_setting__type_support.c
[0.376s] -- Up-to-date: /home/hoapham/ros2_ws/install/gui_msgs/include/gui_msgs/gui_msgs/srv/detail/auto_process__rosidl_typesupport_introspection_c.h
[0.376s] -- Up-to-date: /home/hoapham/ros2_ws/install/gui_msgs/include/gui_msgs/gui_msgs/srv/detail/trajectory_setting__rosidl_typesupport_introspection_c.h
[0.376s] -- Up-to-date: /home/hoapham/ros2_ws/install/gui_msgs/include/gui_msgs/gui_msgs/srv/detail/setting_tool__type_support.c
[0.376s] -- Up-to-date: /home/hoapham/ros2_ws/install/gui_msgs/include/gui_msgs/gui_msgs/srv/detail/setting_tool__rosidl_typesupport_introspection_c.h
[0.376s] -- Up-to-date: /home/hoapham/ros2_ws/install/gui_msgs/include/gui_msgs/gui_msgs/srv/detail/auto_process__type_support.c
[0.376s] -- Up-to-date: /home/hoapham/ros2_ws/install/gui_msgs/include/gui_msgs/gui_msgs/srv/detail/setting_params__rosidl_typesupport_introspection_c.h
[0.376s] -- Up-to-date: /home/hoapham/ros2_ws/install/gui_msgs/include/gui_msgs/gui_msgs/srv/detail/setting_params__type_support.c
[0.376s] -- Up-to-date: /home/hoapham/ros2_ws/install/gui_msgs/lib/libgui_msgs__rosidl_typesupport_introspection_c.so
[0.376s] -- Up-to-date: /home/hoapham/ros2_ws/install/gui_msgs/lib/libgui_msgs__rosidl_typesupport_c.so
[0.376s] -- Up-to-date: /home/hoapham/ros2_ws/install/gui_msgs/include/gui_msgs/gui_msgs
[0.376s] -- Up-to-date: /home/hoapham/ros2_ws/install/gui_msgs/include/gui_msgs/gui_msgs/msg
[0.376s] -- Up-to-date: /home/hoapham/ros2_ws/install/gui_msgs/include/gui_msgs/gui_msgs/msg/detail
[0.376s] -- Up-to-date: /home/hoapham/ros2_ws/install/gui_msgs/include/gui_msgs/gui_msgs/msg/detail/setting_tool__type_support.cpp
[0.376s] -- Up-to-date: /home/hoapham/ros2_ws/install/gui_msgs/include/gui_msgs/gui_msgs/msg/detail/auto_process__type_support.cpp
[0.376s] -- Up-to-date: /home/hoapham/ros2_ws/install/gui_msgs/include/gui_msgs/gui_msgs/msg/detail/trajectory_setting__type_support.cpp
[0.376s] -- Up-to-date: /home/hoapham/ros2_ws/install/gui_msgs/include/gui_msgs/gui_msgs/msg/detail/setting_params__rosidl_typesupport_introspection_cpp.hpp
[0.377s] -- Up-to-date: /home/hoapham/ros2_ws/install/gui_msgs/include/gui_msgs/gui_msgs/msg/detail/setting_tool__rosidl_typesupport_introspection_cpp.hpp
[0.377s] -- Up-to-date: /home/hoapham/ros2_ws/install/gui_msgs/include/gui_msgs/gui_msgs/msg/detail/auto_process__rosidl_typesupport_introspection_cpp.hpp
[0.377s] -- Up-to-date: /home/hoapham/ros2_ws/install/gui_msgs/include/gui_msgs/gui_msgs/msg/detail/trajectory_setting__rosidl_typesupport_introspection_cpp.hpp
[0.377s] -- Up-to-date: /home/hoapham/ros2_ws/install/gui_msgs/include/gui_msgs/gui_msgs/msg/detail/setting_params__type_support.cpp
[0.377s] -- Up-to-date: /home/hoapham/ros2_ws/install/gui_msgs/include/gui_msgs/gui_msgs/srv
[0.377s] -- Up-to-date: /home/hoapham/ros2_ws/install/gui_msgs/include/gui_msgs/gui_msgs/srv/detail
[0.377s] -- Up-to-date: /home/hoapham/ros2_ws/install/gui_msgs/include/gui_msgs/gui_msgs/srv/detail/setting_tool__type_support.cpp
[0.377s] -- Up-to-date: /home/hoapham/ros2_ws/install/gui_msgs/include/gui_msgs/gui_msgs/srv/detail/auto_process__type_support.cpp
[0.377s] -- Up-to-date: /home/hoapham/ros2_ws/install/gui_msgs/include/gui_msgs/gui_msgs/srv/detail/trajectory_setting__type_support.cpp
[0.377s] -- Up-to-date: /home/hoapham/ros2_ws/install/gui_msgs/include/gui_msgs/gui_msgs/srv/detail/setting_params__rosidl_typesupport_introspection_cpp.hpp
[0.377s] -- Up-to-date: /home/hoapham/ros2_ws/install/gui_msgs/include/gui_msgs/gui_msgs/srv/detail/setting_tool__rosidl_typesupport_introspection_cpp.hpp
[0.377s] -- Up-to-date: /home/hoapham/ros2_ws/install/gui_msgs/include/gui_msgs/gui_msgs/srv/detail/auto_process__rosidl_typesupport_introspection_cpp.hpp
[0.377s] -- Up-to-date: /home/hoapham/ros2_ws/install/gui_msgs/include/gui_msgs/gui_msgs/srv/detail/trajectory_setting__rosidl_typesupport_introspection_cpp.hpp
[0.377s] -- Up-to-date: /home/hoapham/ros2_ws/install/gui_msgs/include/gui_msgs/gui_msgs/srv/detail/setting_params__type_support.cpp
[0.377s] -- Up-to-date: /home/hoapham/ros2_ws/install/gui_msgs/lib/libgui_msgs__rosidl_typesupport_introspection_cpp.so
[0.377s] -- Up-to-date: /home/hoapham/ros2_ws/install/gui_msgs/lib/libgui_msgs__rosidl_typesupport_cpp.so
[0.377s] -- Up-to-date: /home/hoapham/ros2_ws/install/gui_msgs/share/gui_msgs/environment/pythonpath.sh
[0.377s] -- Up-to-date: /home/hoapham/ros2_ws/install/gui_msgs/share/gui_msgs/environment/pythonpath.dsv
[0.377s] -- Up-to-date: /home/hoapham/ros2_ws/install/gui_msgs/local/lib/python3.10/dist-packages/gui_msgs-1.1.0-py3.10.egg-info
[0.377s] -- Installing: /home/hoapham/ros2_ws/install/gui_msgs/local/lib/python3.10/dist-packages/gui_msgs-1.1.0-py3.10.egg-info/dependency_links.txt
[0.377s] -- Installing: /home/hoapham/ros2_ws/install/gui_msgs/local/lib/python3.10/dist-packages/gui_msgs-1.1.0-py3.10.egg-info/top_level.txt
[0.377s] -- Installing: /home/hoapham/ros2_ws/install/gui_msgs/local/lib/python3.10/dist-packages/gui_msgs-1.1.0-py3.10.egg-info/SOURCES.txt
[0.377s] -- Installing: /home/hoapham/ros2_ws/install/gui_msgs/local/lib/python3.10/dist-packages/gui_msgs-1.1.0-py3.10.egg-info/PKG-INFO
[0.377s] -- Up-to-date: /home/hoapham/ros2_ws/install/gui_msgs/local/lib/python3.10/dist-packages/gui_msgs
[0.377s] -- Up-to-date: /home/hoapham/ros2_ws/install/gui_msgs/local/lib/python3.10/dist-packages/gui_msgs/msg
[0.377s] -- Up-to-date: /home/hoapham/ros2_ws/install/gui_msgs/local/lib/python3.10/dist-packages/gui_msgs/msg/_setting_params_s.c
[0.377s] -- Up-to-date: /home/hoapham/ros2_ws/install/gui_msgs/local/lib/python3.10/dist-packages/gui_msgs/msg/__init__.py
[0.377s] -- Up-to-date: /home/hoapham/ros2_ws/install/gui_msgs/local/lib/python3.10/dist-packages/gui_msgs/msg/_auto_process.py
[0.378s] -- Up-to-date: /home/hoapham/ros2_ws/install/gui_msgs/local/lib/python3.10/dist-packages/gui_msgs/msg/_auto_process_s.c
[0.378s] -- Up-to-date: /home/hoapham/ros2_ws/install/gui_msgs/local/lib/python3.10/dist-packages/gui_msgs/msg/_setting_tool.py
[0.378s] -- Up-to-date: /home/hoapham/ros2_ws/install/gui_msgs/local/lib/python3.10/dist-packages/gui_msgs/msg/_setting_params.py
[0.378s] -- Up-to-date: /home/hoapham/ros2_ws/install/gui_msgs/local/lib/python3.10/dist-packages/gui_msgs/msg/_trajectory_setting.py
[0.378s] -- Up-to-date: /home/hoapham/ros2_ws/install/gui_msgs/local/lib/python3.10/dist-packages/gui_msgs/msg/_setting_tool_s.c
[0.378s] -- Up-to-date: /home/hoapham/ros2_ws/install/gui_msgs/local/lib/python3.10/dist-packages/gui_msgs/msg/_trajectory_setting_s.c
[0.378s] -- Up-to-date: /home/hoapham/ros2_ws/install/gui_msgs/local/lib/python3.10/dist-packages/gui_msgs/__init__.py
[0.378s] -- Up-to-date: /home/hoapham/ros2_ws/install/gui_msgs/local/lib/python3.10/dist-packages/gui_msgs/libgui_msgs__rosidl_generator_py.so
[0.378s] -- Up-to-date: /home/hoapham/ros2_ws/install/gui_msgs/local/lib/python3.10/dist-packages/gui_msgs/srv
[0.378s] -- Up-to-date: /home/hoapham/ros2_ws/install/gui_msgs/local/lib/python3.10/dist-packages/gui_msgs/srv/_setting_params_s.c
[0.378s] -- Up-to-date: /home/hoapham/ros2_ws/install/gui_msgs/local/lib/python3.10/dist-packages/gui_msgs/srv/__init__.py
[0.378s] -- Up-to-date: /home/hoapham/ros2_ws/install/gui_msgs/local/lib/python3.10/dist-packages/gui_msgs/srv/_auto_process.py
[0.378s] -- Up-to-date: /home/hoapham/ros2_ws/install/gui_msgs/local/lib/python3.10/dist-packages/gui_msgs/srv/_auto_process_s.c
[0.378s] -- Up-to-date: /home/hoapham/ros2_ws/install/gui_msgs/local/lib/python3.10/dist-packages/gui_msgs/srv/_setting_tool.py
[0.378s] -- Up-to-date: /home/hoapham/ros2_ws/install/gui_msgs/local/lib/python3.10/dist-packages/gui_msgs/srv/_setting_params.py
[0.378s] -- Up-to-date: /home/hoapham/ros2_ws/install/gui_msgs/local/lib/python3.10/dist-packages/gui_msgs/srv/_trajectory_setting.py
[0.378s] -- Up-to-date: /home/hoapham/ros2_ws/install/gui_msgs/local/lib/python3.10/dist-packages/gui_msgs/srv/_setting_tool_s.c
[0.378s] -- Up-to-date: /home/hoapham/ros2_ws/install/gui_msgs/local/lib/python3.10/dist-packages/gui_msgs/srv/_trajectory_setting_s.c
[0.378s] -- Up-to-date: /home/hoapham/ros2_ws/install/gui_msgs/local/lib/python3.10/dist-packages/gui_msgs/gui_msgs_s__rosidl_typesupport_fastrtps_c.cpython-310-x86_64-linux-gnu.so
[0.378s] -- Up-to-date: /home/hoapham/ros2_ws/install/gui_msgs/local/lib/python3.10/dist-packages/gui_msgs/_gui_msgs_s.ep.rosidl_typesupport_fastrtps_c.c
[0.378s] -- Up-to-date: /home/hoapham/ros2_ws/install/gui_msgs/local/lib/python3.10/dist-packages/gui_msgs/_gui_msgs_s.ep.rosidl_typesupport_c.c
[0.378s] -- Up-to-date: /home/hoapham/ros2_ws/install/gui_msgs/local/lib/python3.10/dist-packages/gui_msgs/_gui_msgs_s.ep.rosidl_typesupport_introspection_c.c
[0.378s] -- Up-to-date: /home/hoapham/ros2_ws/install/gui_msgs/local/lib/python3.10/dist-packages/gui_msgs/gui_msgs_s__rosidl_typesupport_introspection_c.cpython-310-x86_64-linux-gnu.so
[0.378s] -- Up-to-date: /home/hoapham/ros2_ws/install/gui_msgs/local/lib/python3.10/dist-packages/gui_msgs/gui_msgs_s__rosidl_typesupport_c.cpython-310-x86_64-linux-gnu.so
[0.402s] Listing '/home/hoapham/ros2_ws/install/gui_msgs/local/lib/python3.10/dist-packages/gui_msgs'...
[0.402s] Listing '/home/hoapham/ros2_ws/install/gui_msgs/local/lib/python3.10/dist-packages/gui_msgs/msg'...
[0.402s] Listing '/home/hoapham/ros2_ws/install/gui_msgs/local/lib/python3.10/dist-packages/gui_msgs/srv'...
[0.408s] -- Up-to-date: /home/hoapham/ros2_ws/install/gui_msgs/local/lib/python3.10/dist-packages/gui_msgs/gui_msgs_s__rosidl_typesupport_fastrtps_c.cpython-310-x86_64-linux-gnu.so
[0.409s] -- Up-to-date: /home/hoapham/ros2_ws/install/gui_msgs/local/lib/python3.10/dist-packages/gui_msgs/gui_msgs_s__rosidl_typesupport_introspection_c.cpython-310-x86_64-linux-gnu.so
[0.409s] -- Up-to-date: /home/hoapham/ros2_ws/install/gui_msgs/local/lib/python3.10/dist-packages/gui_msgs/gui_msgs_s__rosidl_typesupport_c.cpython-310-x86_64-linux-gnu.so
[0.409s] -- Up-to-date: /home/hoapham/ros2_ws/install/gui_msgs/lib/libgui_msgs__rosidl_generator_py.so
[0.409s] -- Up-to-date: /home/hoapham/ros2_ws/install/gui_msgs/share/gui_msgs/msg/SettingParams.idl
[0.409s] -- Up-to-date: /home/hoapham/ros2_ws/install/gui_msgs/share/gui_msgs/msg/SettingTool.idl
[0.409s] -- Up-to-date: /home/hoapham/ros2_ws/install/gui_msgs/share/gui_msgs/msg/TrajectorySetting.idl
[0.409s] -- Up-to-date: /home/hoapham/ros2_ws/install/gui_msgs/share/gui_msgs/msg/AutoProcess.idl
[0.410s] -- Up-to-date: /home/hoapham/ros2_ws/install/gui_msgs/share/gui_msgs/srv/SettingParams.idl
[0.410s] -- Up-to-date: /home/hoapham/ros2_ws/install/gui_msgs/share/gui_msgs/srv/SettingTool.idl
[0.410s] -- Up-to-date: /home/hoapham/ros2_ws/install/gui_msgs/share/gui_msgs/srv/TrajectorySetting.idl
[0.410s] -- Up-to-date: /home/hoapham/ros2_ws/install/gui_msgs/share/gui_msgs/srv/AutoProcess.idl
[0.410s] -- Up-to-date: /home/hoapham/ros2_ws/install/gui_msgs/share/gui_msgs/msg/SettingParams.msg
[0.410s] -- Up-to-date: /home/hoapham/ros2_ws/install/gui_msgs/share/gui_msgs/msg/SettingTool.msg
[0.410s] -- Up-to-date: /home/hoapham/ros2_ws/install/gui_msgs/share/gui_msgs/msg/TrajectorySetting.msg
[0.410s] -- Up-to-date: /home/hoapham/ros2_ws/install/gui_msgs/share/gui_msgs/msg/AutoProcess.msg
[0.410s] -- Up-to-date: /home/hoapham/ros2_ws/install/gui_msgs/share/gui_msgs/srv/SettingParams.srv
[0.410s] -- Up-to-date: /home/hoapham/ros2_ws/install/gui_msgs/share/gui_msgs/srv/SettingParams_Request.msg
[0.410s] -- Up-to-date: /home/hoapham/ros2_ws/install/gui_msgs/share/gui_msgs/srv/SettingParams_Response.msg
[0.410s] -- Up-to-date: /home/hoapham/ros2_ws/install/gui_msgs/share/gui_msgs/srv/SettingTool.srv
[0.410s] -- Up-to-date: /home/hoapham/ros2_ws/install/gui_msgs/share/gui_msgs/srv/SettingTool_Request.msg
[0.410s] -- Up-to-date: /home/hoapham/ros2_ws/install/gui_msgs/share/gui_msgs/srv/SettingTool_Response.msg
[0.410s] -- Up-to-date: /home/hoapham/ros2_ws/install/gui_msgs/share/gui_msgs/srv/TrajectorySetting.srv
[0.410s] -- Up-to-date: /home/hoapham/ros2_ws/install/gui_msgs/share/gui_msgs/srv/TrajectorySetting_Request.msg
[0.411s] -- Up-to-date: /home/hoapham/ros2_ws/install/gui_msgs/share/gui_msgs/srv/TrajectorySetting_Response.msg
[0.411s] -- Up-to-date: /home/hoapham/ros2_ws/install/gui_msgs/share/gui_msgs/srv/AutoProcess.srv
[0.411s] -- Up-to-date: /home/hoapham/ros2_ws/install/gui_msgs/share/gui_msgs/srv/AutoProcess_Request.msg
[0.411s] -- Up-to-date: /home/hoapham/ros2_ws/install/gui_msgs/share/gui_msgs/srv/AutoProcess_Response.msg
[0.411s] -- Up-to-date: /home/hoapham/ros2_ws/install/gui_msgs/share/ament_index/resource_index/package_run_dependencies/gui_msgs
[0.411s] -- Up-to-date: /home/hoapham/ros2_ws/install/gui_msgs/share/ament_index/resource_index/parent_prefix_path/gui_msgs
[0.411s] -- Up-to-date: /home/hoapham/ros2_ws/install/gui_msgs/share/gui_msgs/environment/ament_prefix_path.sh
[0.411s] -- Up-to-date: /home/hoapham/ros2_ws/install/gui_msgs/share/gui_msgs/environment/ament_prefix_path.dsv
[0.411s] -- Up-to-date: /home/hoapham/ros2_ws/install/gui_msgs/share/gui_msgs/environment/path.sh
[0.411s] -- Up-to-date: /home/hoapham/ros2_ws/install/gui_msgs/share/gui_msgs/environment/path.dsv
[0.411s] -- Up-to-date: /home/hoapham/ros2_ws/install/gui_msgs/share/gui_msgs/local_setup.bash
[0.411s] -- Up-to-date: /home/hoapham/ros2_ws/install/gui_msgs/share/gui_msgs/local_setup.sh
[0.411s] -- Up-to-date: /home/hoapham/ros2_ws/install/gui_msgs/share/gui_msgs/local_setup.zsh
[0.411s] -- Up-to-date: /home/hoapham/ros2_ws/install/gui_msgs/share/gui_msgs/local_setup.dsv
[0.411s] -- Installing: /home/hoapham/ros2_ws/install/gui_msgs/share/gui_msgs/package.dsv
[0.411s] -- Up-to-date: /home/hoapham/ros2_ws/install/gui_msgs/share/ament_index/resource_index/packages/gui_msgs
[0.411s] -- Up-to-date: /home/hoapham/ros2_ws/install/gui_msgs/share/gui_msgs/cmake/export_gui_msgs__rosidl_generator_cExport.cmake
[0.411s] -- Up-to-date: /home/hoapham/ros2_ws/install/gui_msgs/share/gui_msgs/cmake/export_gui_msgs__rosidl_generator_cExport-noconfig.cmake
[0.411s] -- Up-to-date: /home/hoapham/ros2_ws/install/gui_msgs/share/gui_msgs/cmake/export_gui_msgs__rosidl_typesupport_fastrtps_cExport.cmake
[0.412s] -- Up-to-date: /home/hoapham/ros2_ws/install/gui_msgs/share/gui_msgs/cmake/export_gui_msgs__rosidl_typesupport_fastrtps_cExport-noconfig.cmake
[0.412s] -- Up-to-date: /home/hoapham/ros2_ws/install/gui_msgs/share/gui_msgs/cmake/export_gui_msgs__rosidl_generator_cppExport.cmake
[0.412s] -- Up-to-date: /home/hoapham/ros2_ws/install/gui_msgs/share/gui_msgs/cmake/export_gui_msgs__rosidl_typesupport_fastrtps_cppExport.cmake
[0.412s] -- Up-to-date: /home/hoapham/ros2_ws/install/gui_msgs/share/gui_msgs/cmake/export_gui_msgs__rosidl_typesupport_fastrtps_cppExport-noconfig.cmake
[0.412s] -- Up-to-date: /home/hoapham/ros2_ws/install/gui_msgs/share/gui_msgs/cmake/gui_msgs__rosidl_typesupport_introspection_cExport.cmake
[0.412s] -- Up-to-date: /home/hoapham/ros2_ws/install/gui_msgs/share/gui_msgs/cmake/gui_msgs__rosidl_typesupport_introspection_cExport-noconfig.cmake
[0.412s] -- Up-to-date: /home/hoapham/ros2_ws/install/gui_msgs/share/gui_msgs/cmake/gui_msgs__rosidl_typesupport_cExport.cmake
[0.412s] -- Up-to-date: /home/hoapham/ros2_ws/install/gui_msgs/share/gui_msgs/cmake/gui_msgs__rosidl_typesupport_cExport-noconfig.cmake
[0.412s] -- Up-to-date: /home/hoapham/ros2_ws/install/gui_msgs/share/gui_msgs/cmake/gui_msgs__rosidl_typesupport_introspection_cppExport.cmake
[0.412s] -- Up-to-date: /home/hoapham/ros2_ws/install/gui_msgs/share/gui_msgs/cmake/gui_msgs__rosidl_typesupport_introspection_cppExport-noconfig.cmake
[0.412s] -- Up-to-date: /home/hoapham/ros2_ws/install/gui_msgs/share/gui_msgs/cmake/gui_msgs__rosidl_typesupport_cppExport.cmake
[0.412s] -- Up-to-date: /home/hoapham/ros2_ws/install/gui_msgs/share/gui_msgs/cmake/gui_msgs__rosidl_typesupport_cppExport-noconfig.cmake
[0.412s] -- Up-to-date: /home/hoapham/ros2_ws/install/gui_msgs/share/gui_msgs/cmake/export_gui_msgs__rosidl_generator_pyExport.cmake
[0.412s] -- Up-to-date: /home/hoapham/ros2_ws/install/gui_msgs/share/gui_msgs/cmake/export_gui_msgs__rosidl_generator_pyExport-noconfig.cmake
[0.412s] -- Up-to-date: /home/hoapham/ros2_ws/install/gui_msgs/share/gui_msgs/cmake/rosidl_cmake-extras.cmake
[0.413s] -- Up-to-date: /home/hoapham/ros2_ws/install/gui_msgs/share/gui_msgs/cmake/ament_cmake_export_dependencies-extras.cmake
[0.413s] -- Up-to-date: /home/hoapham/ros2_ws/install/gui_msgs/share/gui_msgs/cmake/ament_cmake_export_include_directories-extras.cmake
[0.413s] -- Up-to-date: /home/hoapham/ros2_ws/install/gui_msgs/share/gui_msgs/cmake/ament_cmake_export_libraries-extras.cmake
[0.413s] -- Up-to-date: /home/hoapham/ros2_ws/install/gui_msgs/share/gui_msgs/cmake/ament_cmake_export_targets-extras.cmake
[0.413s] -- Up-to-date: /home/hoapham/ros2_ws/install/gui_msgs/share/gui_msgs/cmake/rosidl_cmake_export_typesupport_targets-extras.cmake
[0.413s] -- Up-to-date: /home/hoapham/ros2_ws/install/gui_msgs/share/gui_msgs/cmake/rosidl_cmake_export_typesupport_libraries-extras.cmake
[0.413s] -- Up-to-date: /home/hoapham/ros2_ws/install/gui_msgs/share/gui_msgs/cmake/gui_msgsConfig.cmake
[0.413s] -- Up-to-date: /home/hoapham/ros2_ws/install/gui_msgs/share/gui_msgs/cmake/gui_msgsConfig-version.cmake
[0.413s] -- Up-to-date: /home/hoapham/ros2_ws/install/gui_msgs/share/gui_msgs/package.xml
[0.416s] Invoked command in '/home/hoapham/ros2_ws/build/gui_msgs' returned '0': CMAKE_PREFIX_PATH=${CMAKE_PREFIX_PATH}:/opt/ros/humble /usr/bin/cmake --install /home/hoapham/ros2_ws/build/gui_msgs
