[0.015s] Invoking command in '/home/hoapham/ur_ws/build/ur_calibration': AMENT_PREFIX_PATH=/home/hoapham/ur_ws/install/ur_robot_driver:/home/hoapham/ur_ws/install/ur_controllers:/home/hoapham/ur_ws/install/ur_msgs:/home/hoapham/ur_ws/install/ur_dashboard_msgs:${AMENT_PREFIX_PATH} CMAKE_PREFIX_PATH=/home/hoapham/ur_ws/install/ur_robot_driver:/home/hoapham/ur_ws/install/ur_controllers:/home/hoapham/ur_ws/install/ur_msgs:/home/hoapham/ur_ws/install/ur_dashboard_msgs:/opt/ros/humble LD_LIBRARY_PATH=/home/hoapham/ur_ws/install/ur_robot_driver/lib:/home/hoapham/ur_ws/install/ur_controllers/lib:/home/hoapham/ur_ws/install/ur_msgs/lib:/home/hoapham/ur_ws/install/ur_dashboard_msgs/lib:${LD_LIBRARY_PATH} PATH=/home/hoapham/ur_ws/install/ur_robot_driver/bin:${PATH} PYTHONPATH=/home/hoapham/ur_ws/install/ur_robot_driver/local/lib/python3.10/dist-packages:/home/hoapham/ur_ws/install/ur_msgs/local/lib/python3.10/dist-packages:/home/hoapham/ur_ws/install/ur_dashboard_msgs/local/lib/python3.10/dist-packages:${PYTHONPATH} /usr/bin/cmake /home/hoapham/ur_ws/src/Universal_Robots_ROS2_Driver/ur_calibration -DCMAKE_INSTALL_PREFIX=/home/hoapham/ur_ws/install/ur_calibration
[0.060s] -- The C compiler identification is GNU 11.4.0
[0.103s] -- The CXX compiler identification is GNU 11.4.0
[0.109s] -- Detecting C compiler ABI info
[0.167s] -- Detecting C compiler ABI info - done
[0.172s] -- Check for working C compiler: /usr/bin/cc - skipped
[0.172s] -- Detecting C compile features
[0.172s] -- Detecting C compile features - done
[0.174s] -- Detecting CXX compiler ABI info
[0.237s] -- Detecting CXX compiler ABI info - done
[0.242s] -- Check for working CXX compiler: /usr/bin/c++ - skipped
[0.242s] -- Detecting CXX compile features
[0.242s] -- Detecting CXX compile features - done
[0.243s] [0mur_calibration: You did not request a specific build type: selecting 'RelWithDebInfo'.[0m
[0.244s] -- Found ament_cmake: 1.3.11 (/opt/ros/humble/share/ament_cmake/cmake)
[0.352s] -- Found Python3: /usr/bin/python3 (found version "3.10.12") found components: Interpreter 
[0.418s] -- Found rclcpp: 16.0.12 (/opt/ros/humble/share/rclcpp/cmake)
[0.452s] -- Found rosidl_generator_c: 3.1.6 (/opt/ros/humble/share/rosidl_generator_c/cmake)
[0.456s] -- Found rosidl_adapter: 3.1.6 (/opt/ros/humble/share/rosidl_adapter/cmake)
[0.462s] -- Found rosidl_generator_cpp: 3.1.6 (/opt/ros/humble/share/rosidl_generator_cpp/cmake)
[0.471s] -- Using all available rosidl_typesupport_c: rosidl_typesupport_fastrtps_c;rosidl_typesupport_introspection_c
[0.483s] -- Using all available rosidl_typesupport_cpp: rosidl_typesupport_fastrtps_cpp;rosidl_typesupport_introspection_cpp
[0.515s] -- Found rmw_implementation_cmake: 6.1.2 (/opt/ros/humble/share/rmw_implementation_cmake/cmake)
[0.517s] -- Found rmw_cyclonedds_cpp: 1.3.4 (/opt/ros/humble/share/rmw_cyclonedds_cpp/cmake)
[0.532s] -- Using RMW implementation 'rmw_cyclonedds_cpp' as default
[0.540s] -- Looking for pthread.h
[0.604s] -- Looking for pthread.h - found
[0.604s] -- Performing Test CMAKE_HAVE_LIBC_PTHREAD
[0.666s] -- Performing Test CMAKE_HAVE_LIBC_PTHREAD - Success
[0.666s] -- Found Threads: TRUE  
[0.699s] -- Found ur_robot_driver: 2.7.0 (/home/hoapham/ur_ws/install/ur_robot_driver/share/ur_robot_driver/cmake)
[0.862s] -- Found eigen3_cmake_module: 0.1.1 (/opt/ros/humble/share/eigen3_cmake_module/cmake)
[0.863s] -- Found Eigen3: TRUE (found version "3.4.0") 
[0.863s] -- Ensuring Eigen3 include directory is part of orocos-kdl CMake target
[0.927s] -- Found yaml_cpp_vendor: 8.0.2 (/opt/ros/humble/share/yaml_cpp_vendor/cmake)
[0.960s] -- Found ament_cmake_gmock: 1.3.11 (/opt/ros/humble/share/ament_cmake_gmock/cmake)
[0.962s] -- Found gmock sources under '/opt/ros/humble/src/gmock_vendor': C++ tests using 'Google Mock' will be built
[0.967s] -- Found ament_cmake_gtest: 1.3.11 (/opt/ros/humble/share/ament_cmake_gtest/cmake)
[0.968s] -- Found gtest sources under '/opt/ros/humble/src/gtest_vendor': C++ tests using 'Google Test' will be built
[1.026s] -- Configuring done
[1.097s] -- Generating done
[1.103s] -- Build files have been written to: /home/hoapham/ur_ws/build/ur_calibration
[1.115s] Invoked command in '/home/hoapham/ur_ws/build/ur_calibration' returned '0': AMENT_PREFIX_PATH=/home/hoapham/ur_ws/install/ur_robot_driver:/home/hoapham/ur_ws/install/ur_controllers:/home/hoapham/ur_ws/install/ur_msgs:/home/hoapham/ur_ws/install/ur_dashboard_msgs:${AMENT_PREFIX_PATH} CMAKE_PREFIX_PATH=/home/hoapham/ur_ws/install/ur_robot_driver:/home/hoapham/ur_ws/install/ur_controllers:/home/hoapham/ur_ws/install/ur_msgs:/home/hoapham/ur_ws/install/ur_dashboard_msgs:/opt/ros/humble LD_LIBRARY_PATH=/home/hoapham/ur_ws/install/ur_robot_driver/lib:/home/hoapham/ur_ws/install/ur_controllers/lib:/home/hoapham/ur_ws/install/ur_msgs/lib:/home/hoapham/ur_ws/install/ur_dashboard_msgs/lib:${LD_LIBRARY_PATH} PATH=/home/hoapham/ur_ws/install/ur_robot_driver/bin:${PATH} PYTHONPATH=/home/hoapham/ur_ws/install/ur_robot_driver/local/lib/python3.10/dist-packages:/home/hoapham/ur_ws/install/ur_msgs/local/lib/python3.10/dist-packages:/home/hoapham/ur_ws/install/ur_dashboard_msgs/local/lib/python3.10/dist-packages:${PYTHONPATH} /usr/bin/cmake /home/hoapham/ur_ws/src/Universal_Robots_ROS2_Driver/ur_calibration -DCMAKE_INSTALL_PREFIX=/home/hoapham/ur_ws/install/ur_calibration
[1.115s] Invoking command in '/home/hoapham/ur_ws/build/ur_calibration': AMENT_PREFIX_PATH=/home/hoapham/ur_ws/install/ur_robot_driver:/home/hoapham/ur_ws/install/ur_controllers:/home/hoapham/ur_ws/install/ur_msgs:/home/hoapham/ur_ws/install/ur_dashboard_msgs:${AMENT_PREFIX_PATH} CMAKE_PREFIX_PATH=/home/hoapham/ur_ws/install/ur_robot_driver:/home/hoapham/ur_ws/install/ur_controllers:/home/hoapham/ur_ws/install/ur_msgs:/home/hoapham/ur_ws/install/ur_dashboard_msgs:/opt/ros/humble LD_LIBRARY_PATH=/home/hoapham/ur_ws/install/ur_robot_driver/lib:/home/hoapham/ur_ws/install/ur_controllers/lib:/home/hoapham/ur_ws/install/ur_msgs/lib:/home/hoapham/ur_ws/install/ur_dashboard_msgs/lib:${LD_LIBRARY_PATH} PATH=/home/hoapham/ur_ws/install/ur_robot_driver/bin:${PATH} PYTHONPATH=/home/hoapham/ur_ws/install/ur_robot_driver/local/lib/python3.10/dist-packages:/home/hoapham/ur_ws/install/ur_msgs/local/lib/python3.10/dist-packages:/home/hoapham/ur_ws/install/ur_dashboard_msgs/local/lib/python3.10/dist-packages:${PYTHONPATH} /usr/bin/cmake --build /home/hoapham/ur_ws/build/ur_calibration
[1.159s] [ 33%] [32mBuilding CXX object CMakeFiles/calibration.dir/src/calibration.cpp.o[0m
[1.160s] [ 33%] [32mBuilding CXX object gmock/CMakeFiles/gmock.dir/opt/ros/humble/src/gtest_vendor/src/gtest-all.cc.o[0m
[1.160s] [ 33%] [32mBuilding CXX object gmock/CMakeFiles/gmock_main.dir/src/gmock_main.cc.o[0m
[1.160s] [ 41%] [32mBuilding CXX object gmock/CMakeFiles/gmock.dir/src/gmock-all.cc.o[0m
[1.160s] [ 41%] [32mBuilding CXX object CMakeFiles/calibration.dir/src/calibration_consumer.cpp.o[0m
[2.017s] [ 50%] [32m[1mLinking CXX static library libgmock_main.a[0m
[2.081s] [ 50%] Built target gmock_main
[7.041s] [ 58%] [32m[1mLinking CXX static library libgmock.a[0m
[7.152s] [ 66%] [32m[1mLinking CXX static library libcalibration.a[0m
[7.154s] [ 66%] Built target gmock
[7.255s] [ 66%] Built target calibration
[7.273s] [ 75%] [32mBuilding CXX object CMakeFiles/calibration_correction.dir/src/calibration_correction.cpp.o[0m
[7.274s] [ 83%] [32mBuilding CXX object CMakeFiles/calibration_test.dir/test/calibration_test.cpp.o[0m
[11.779s] [ 91%] [32m[1mLinking CXX executable calibration_correction[0m
[12.022s] [ 91%] Built target calibration_correction
[12.985s] [100%] [32m[1mLinking CXX executable calibration_test[0m
[13.224s] [100%] Built target calibration_test
[13.234s] Invoked command in '/home/hoapham/ur_ws/build/ur_calibration' returned '0': AMENT_PREFIX_PATH=/home/hoapham/ur_ws/install/ur_robot_driver:/home/hoapham/ur_ws/install/ur_controllers:/home/hoapham/ur_ws/install/ur_msgs:/home/hoapham/ur_ws/install/ur_dashboard_msgs:${AMENT_PREFIX_PATH} CMAKE_PREFIX_PATH=/home/hoapham/ur_ws/install/ur_robot_driver:/home/hoapham/ur_ws/install/ur_controllers:/home/hoapham/ur_ws/install/ur_msgs:/home/hoapham/ur_ws/install/ur_dashboard_msgs:/opt/ros/humble LD_LIBRARY_PATH=/home/hoapham/ur_ws/install/ur_robot_driver/lib:/home/hoapham/ur_ws/install/ur_controllers/lib:/home/hoapham/ur_ws/install/ur_msgs/lib:/home/hoapham/ur_ws/install/ur_dashboard_msgs/lib:${LD_LIBRARY_PATH} PATH=/home/hoapham/ur_ws/install/ur_robot_driver/bin:${PATH} PYTHONPATH=/home/hoapham/ur_ws/install/ur_robot_driver/local/lib/python3.10/dist-packages:/home/hoapham/ur_ws/install/ur_msgs/local/lib/python3.10/dist-packages:/home/hoapham/ur_ws/install/ur_dashboard_msgs/local/lib/python3.10/dist-packages:${PYTHONPATH} /usr/bin/cmake --build /home/hoapham/ur_ws/build/ur_calibration
[13.235s] Invoking command in '/home/hoapham/ur_ws/build/ur_calibration': AMENT_PREFIX_PATH=/home/hoapham/ur_ws/install/ur_robot_driver:/home/hoapham/ur_ws/install/ur_controllers:/home/hoapham/ur_ws/install/ur_msgs:/home/hoapham/ur_ws/install/ur_dashboard_msgs:${AMENT_PREFIX_PATH} CMAKE_PREFIX_PATH=/home/hoapham/ur_ws/install/ur_robot_driver:/home/hoapham/ur_ws/install/ur_controllers:/home/hoapham/ur_ws/install/ur_msgs:/home/hoapham/ur_ws/install/ur_dashboard_msgs:/opt/ros/humble LD_LIBRARY_PATH=/home/hoapham/ur_ws/install/ur_robot_driver/lib:/home/hoapham/ur_ws/install/ur_controllers/lib:/home/hoapham/ur_ws/install/ur_msgs/lib:/home/hoapham/ur_ws/install/ur_dashboard_msgs/lib:${LD_LIBRARY_PATH} PATH=/home/hoapham/ur_ws/install/ur_robot_driver/bin:${PATH} PYTHONPATH=/home/hoapham/ur_ws/install/ur_robot_driver/local/lib/python3.10/dist-packages:/home/hoapham/ur_ws/install/ur_msgs/local/lib/python3.10/dist-packages:/home/hoapham/ur_ws/install/ur_dashboard_msgs/local/lib/python3.10/dist-packages:${PYTHONPATH} /usr/bin/cmake --install /home/hoapham/ur_ws/build/ur_calibration
[13.243s] -- Install configuration: "RelWithDebInfo"
[13.243s] -- Installing: /home/hoapham/ur_ws/install/ur_calibration/lib/ur_calibration/calibration_correction
[13.249s] -- Set runtime path of "/home/hoapham/ur_ws/install/ur_calibration/lib/ur_calibration/calibration_correction" to ""
[13.249s] -- Installing: /home/hoapham/ur_ws/install/ur_calibration/include
[13.249s] -- Installing: /home/hoapham/ur_ws/install/ur_calibration/include/ur_calibration
[13.249s] -- Installing: /home/hoapham/ur_ws/install/ur_calibration/include/ur_calibration/calibration.hpp
[13.249s] -- Installing: /home/hoapham/ur_ws/install/ur_calibration/include/ur_calibration/calibration_consumer.hpp
[13.249s] -- Installing: /home/hoapham/ur_ws/install/ur_calibration/share/ur_calibration/launch
[13.249s] -- Installing: /home/hoapham/ur_ws/install/ur_calibration/share/ur_calibration/launch/calibration_correction.launch.py
[13.249s] -- Installing: /home/hoapham/ur_ws/install/ur_calibration/share/ament_index/resource_index/package_run_dependencies/ur_calibration
[13.249s] -- Installing: /home/hoapham/ur_ws/install/ur_calibration/share/ament_index/resource_index/parent_prefix_path/ur_calibration
[13.249s] -- Installing: /home/hoapham/ur_ws/install/ur_calibration/share/ur_calibration/environment/ament_prefix_path.sh
[13.249s] -- Installing: /home/hoapham/ur_ws/install/ur_calibration/share/ur_calibration/environment/ament_prefix_path.dsv
[13.250s] -- Installing: /home/hoapham/ur_ws/install/ur_calibration/share/ur_calibration/environment/path.sh
[13.250s] -- Installing: /home/hoapham/ur_ws/install/ur_calibration/share/ur_calibration/environment/path.dsv
[13.250s] -- Installing: /home/hoapham/ur_ws/install/ur_calibration/share/ur_calibration/local_setup.bash
[13.250s] -- Installing: /home/hoapham/ur_ws/install/ur_calibration/share/ur_calibration/local_setup.sh
[13.250s] -- Installing: /home/hoapham/ur_ws/install/ur_calibration/share/ur_calibration/local_setup.zsh
[13.250s] -- Installing: /home/hoapham/ur_ws/install/ur_calibration/share/ur_calibration/local_setup.dsv
[13.250s] -- Installing: /home/hoapham/ur_ws/install/ur_calibration/share/ur_calibration/package.dsv
[13.250s] -- Installing: /home/hoapham/ur_ws/install/ur_calibration/share/ament_index/resource_index/packages/ur_calibration
[13.250s] -- Installing: /home/hoapham/ur_ws/install/ur_calibration/share/ur_calibration/cmake/ament_cmake_export_include_directories-extras.cmake
[13.250s] -- Installing: /home/hoapham/ur_ws/install/ur_calibration/share/ur_calibration/cmake/ament_cmake_export_dependencies-extras.cmake
[13.250s] -- Installing: /home/hoapham/ur_ws/install/ur_calibration/share/ur_calibration/cmake/ur_calibrationConfig.cmake
[13.250s] -- Installing: /home/hoapham/ur_ws/install/ur_calibration/share/ur_calibration/cmake/ur_calibrationConfig-version.cmake
[13.251s] -- Installing: /home/hoapham/ur_ws/install/ur_calibration/share/ur_calibration/package.xml
[13.253s] Invoked command in '/home/hoapham/ur_ws/build/ur_calibration' returned '0': AMENT_PREFIX_PATH=/home/hoapham/ur_ws/install/ur_robot_driver:/home/hoapham/ur_ws/install/ur_controllers:/home/hoapham/ur_ws/install/ur_msgs:/home/hoapham/ur_ws/install/ur_dashboard_msgs:${AMENT_PREFIX_PATH} CMAKE_PREFIX_PATH=/home/hoapham/ur_ws/install/ur_robot_driver:/home/hoapham/ur_ws/install/ur_controllers:/home/hoapham/ur_ws/install/ur_msgs:/home/hoapham/ur_ws/install/ur_dashboard_msgs:/opt/ros/humble LD_LIBRARY_PATH=/home/hoapham/ur_ws/install/ur_robot_driver/lib:/home/hoapham/ur_ws/install/ur_controllers/lib:/home/hoapham/ur_ws/install/ur_msgs/lib:/home/hoapham/ur_ws/install/ur_dashboard_msgs/lib:${LD_LIBRARY_PATH} PATH=/home/hoapham/ur_ws/install/ur_robot_driver/bin:${PATH} PYTHONPATH=/home/hoapham/ur_ws/install/ur_robot_driver/local/lib/python3.10/dist-packages:/home/hoapham/ur_ws/install/ur_msgs/local/lib/python3.10/dist-packages:/home/hoapham/ur_ws/install/ur_dashboard_msgs/local/lib/python3.10/dist-packages:${PYTHONPATH} /usr/bin/cmake --install /home/hoapham/ur_ws/build/ur_calibration
