[0.008s] Invoking command in '/home/hoapham/ur_ws/build/ur_moveit_control': CMAKE_PREFIX_PATH=/opt/ros/humble /usr/bin/cmake /home/hoapham/ur_ws/src/ur_moveit_control -DCMAKE_INSTALL_PREFIX=/home/hoapham/ur_ws/install/ur_moveit_control
[0.096s] -- The C compiler identification is GNU 11.4.0
[0.164s] -- The CXX compiler identification is GNU 11.4.0
[0.173s] -- Detecting C compiler ABI info
[0.236s] -- Detecting C compiler ABI info - done
[0.240s] -- Check for working C compiler: /usr/bin/cc - skipped
[0.241s] -- Detecting C compile features
[0.242s] -- Detecting C compile features - done
[0.244s] -- Detecting CXX compiler ABI info
[0.313s] -- Detecting CXX compiler ABI info - done
[0.318s] -- Check for working CXX compiler: /usr/bin/c++ - skipped
[0.318s] -- Detecting CXX compile features
[0.319s] -- Detecting CXX compile features - done
[0.324s] -- Found ament_cmake: 1.3.11 (/opt/ros/humble/share/ament_cmake/cmake)
[0.436s] -- Found Python3: /usr/bin/python3 (found version "3.10.12") found components: Interpreter 
[0.507s] -- Found rclcpp: 16.0.12 (/opt/ros/humble/share/rclcpp/cmake)
[0.547s] -- Found rosidl_generator_c: 3.1.6 (/opt/ros/humble/share/rosidl_generator_c/cmake)
[0.551s] -- Found rosidl_adapter: 3.1.6 (/opt/ros/humble/share/rosidl_adapter/cmake)
[0.559s] -- Found rosidl_generator_cpp: 3.1.6 (/opt/ros/humble/share/rosidl_generator_cpp/cmake)
[0.570s] -- Using all available rosidl_typesupport_c: rosidl_typesupport_fastrtps_c;rosidl_typesupport_introspection_c
[0.583s] -- Using all available rosidl_typesupport_cpp: rosidl_typesupport_fastrtps_cpp;rosidl_typesupport_introspection_cpp
[0.619s] -- Found rmw_implementation_cmake: 6.1.2 (/opt/ros/humble/share/rmw_implementation_cmake/cmake)
[0.622s] -- Found rmw_cyclonedds_cpp: 1.3.4 (/opt/ros/humble/share/rmw_cyclonedds_cpp/cmake)
[0.644s] -- Using RMW implementation 'rmw_cyclonedds_cpp' as default
[0.653s] -- Looking for pthread.h
[0.718s] -- Looking for pthread.h - found
[0.718s] -- Performing Test CMAKE_HAVE_LIBC_PTHREAD
[0.785s] -- Performing Test CMAKE_HAVE_LIBC_PTHREAD - Success
[0.786s] -- Found Threads: TRUE  
[0.826s] -- Found moveit_ros_planning_interface: 2.5.9 (/opt/ros/humble/share/moveit_ros_planning_interface/cmake)
[0.848s] -- Found Boost: /usr/lib/x86_64-linux-gnu/cmake/Boost-1.74.0/BoostConfig.cmake (found version "1.74.0") found components: date_time filesystem program_options system thread 
[0.981s] -- Found Boost: /usr/lib/x86_64-linux-gnu/cmake/Boost-1.74.0/BoostConfig.cmake (found version "1.74.0") found components: chrono date_time filesystem iostreams program_options regex serialization system thread 
[1.017s] -- Found parameter_traits: 0.4.0 (/opt/ros/humble/share/parameter_traits/cmake)
[1.026s] -- Found Eigen3: TRUE (found version "3.4.0") 
[1.029s] -- Found rclcpp_lifecycle: 16.0.12 (/opt/ros/humble/share/rclcpp_lifecycle/cmake)
[1.049s] -- Found Boost: /usr/lib/x86_64-linux-gnu/cmake/Boost-1.74.0/BoostConfig.cmake (found version "1.74.0") found components: filesystem 
[1.138s] -- library: /usr/lib/x86_64-linux-gnu/libcurl.so
[1.163s] -- Ensuring Eigen3 include directory is part of orocos-kdl CMake target
[1.270s] -- Found Boost: /usr/lib/x86_64-linux-gnu/cmake/Boost-1.74.0/BoostConfig.cmake (found version "1.74.0") found components: system filesystem date_time program_options thread chrono 
[1.291s] -- Found Boost: /usr/lib/x86_64-linux-gnu/cmake/Boost-1.74.0/BoostConfig.cmake (found version "1.74.0") found components: thread system filesystem regex date_time program_options 
[1.366s] -- Found Boost: /usr/lib/x86_64-linux-gnu/cmake/Boost-1.74.0/BoostConfig.cmake (found version "1.74.0") found components: system filesystem date_time program_options thread 
[1.437s] -- Configuring done
[1.465s] -- Generating done
[1.469s] -- Build files have been written to: /home/hoapham/ur_ws/build/ur_moveit_control
[1.483s] Invoked command in '/home/hoapham/ur_ws/build/ur_moveit_control' returned '0': CMAKE_PREFIX_PATH=/opt/ros/humble /usr/bin/cmake /home/hoapham/ur_ws/src/ur_moveit_control -DCMAKE_INSTALL_PREFIX=/home/hoapham/ur_ws/install/ur_moveit_control
[1.484s] Invoking command in '/home/hoapham/ur_ws/build/ur_moveit_control': CMAKE_PREFIX_PATH=/opt/ros/humble /usr/bin/cmake --build /home/hoapham/ur_ws/build/ur_moveit_control -- -j16 -l16
[1.532s] [ 50%] [32mBuilding CXX object CMakeFiles/move_joint.dir/src/move_joint.cpp.o[0m
[6.281s] [100%] [32m[1mLinking CXX executable move_joint[0m
[6.544s] [100%] Built target move_joint
[6.554s] Invoked command in '/home/hoapham/ur_ws/build/ur_moveit_control' returned '0': CMAKE_PREFIX_PATH=/opt/ros/humble /usr/bin/cmake --build /home/hoapham/ur_ws/build/ur_moveit_control -- -j16 -l16
[6.562s] Invoking command in '/home/hoapham/ur_ws/build/ur_moveit_control': CMAKE_PREFIX_PATH=/opt/ros/humble /usr/bin/cmake --install /home/hoapham/ur_ws/build/ur_moveit_control
[6.566s] -- Install configuration: ""
[6.566s] -- Installing: /home/hoapham/ur_ws/install/ur_moveit_control/lib/ur_moveit_control/move_joint
[6.566s] -- Set runtime path of "/home/hoapham/ur_ws/install/ur_moveit_control/lib/ur_moveit_control/move_joint" to ""
[6.567s] -- Installing: /home/hoapham/ur_ws/install/ur_moveit_control/share/ur_moveit_control/launch
[6.567s] -- Installing: /home/hoapham/ur_ws/install/ur_moveit_control/share/ur_moveit_control/launch/move_joint.launch.py
[6.567s] -- Installing: /home/hoapham/ur_ws/install/ur_moveit_control/share/ament_index/resource_index/package_run_dependencies/ur_moveit_control
[6.567s] -- Installing: /home/hoapham/ur_ws/install/ur_moveit_control/share/ament_index/resource_index/parent_prefix_path/ur_moveit_control
[6.567s] -- Installing: /home/hoapham/ur_ws/install/ur_moveit_control/share/ur_moveit_control/environment/ament_prefix_path.sh
[6.567s] -- Installing: /home/hoapham/ur_ws/install/ur_moveit_control/share/ur_moveit_control/environment/ament_prefix_path.dsv
[6.567s] -- Installing: /home/hoapham/ur_ws/install/ur_moveit_control/share/ur_moveit_control/environment/path.sh
[6.567s] -- Installing: /home/hoapham/ur_ws/install/ur_moveit_control/share/ur_moveit_control/environment/path.dsv
[6.567s] -- Installing: /home/hoapham/ur_ws/install/ur_moveit_control/share/ur_moveit_control/local_setup.bash
[6.567s] -- Installing: /home/hoapham/ur_ws/install/ur_moveit_control/share/ur_moveit_control/local_setup.sh
[6.567s] -- Installing: /home/hoapham/ur_ws/install/ur_moveit_control/share/ur_moveit_control/local_setup.zsh
[6.567s] -- Installing: /home/hoapham/ur_ws/install/ur_moveit_control/share/ur_moveit_control/local_setup.dsv
[6.567s] -- Installing: /home/hoapham/ur_ws/install/ur_moveit_control/share/ur_moveit_control/package.dsv
[6.568s] -- Installing: /home/hoapham/ur_ws/install/ur_moveit_control/share/ament_index/resource_index/packages/ur_moveit_control
[6.568s] -- Installing: /home/hoapham/ur_ws/install/ur_moveit_control/share/ur_moveit_control/cmake/ur_moveit_controlConfig.cmake
[6.568s] -- Installing: /home/hoapham/ur_ws/install/ur_moveit_control/share/ur_moveit_control/cmake/ur_moveit_controlConfig-version.cmake
[6.568s] -- Installing: /home/hoapham/ur_ws/install/ur_moveit_control/share/ur_moveit_control/package.xml
[6.569s] Invoked command in '/home/hoapham/ur_ws/build/ur_moveit_control' returned '0': CMAKE_PREFIX_PATH=/opt/ros/humble /usr/bin/cmake --install /home/hoapham/ur_ws/build/ur_moveit_control
