[0.011s] Invoking command in '/home/hoapham/ros2_ws/build/zivid_samples': CMAKE_PREFIX_PATH=/home/hoapham/ros2_ws/install/zivid_interfaces:/home/hoapham/ros2_ws/install/zivid_description:/home/hoapham/ros2_ws/install/zivid_samples:/home/hoapham/ros2_ws/install/zivid_rviz_plugin:/home/hoapham/ros2_ws/install/zivid_camera:/home/hoapham/ros2_ws/install/rviz_embed_test:/home/hoapham/ros2_ws/install/rviz_cloud_annotation:/home/hoapham/ros2_ws/install/rviz_3d_view_controller:/home/hoapham/ros2_ws/install/ros2_qt_template:/home/hoapham/ros2_ws/install/ros2_qt_rviz2:/home/hoapham/ros2_ws/install/pointcloud_marker:/home/hoapham/ros2_ws/install/pcd_visualizer:/home/hoapham/ros2_ws/install/gui_msgs:/home/hoapham/ros2_ws/install/gui:/home/hoapham/ros2_ws/install/fake_livox_publisher:/opt/ros/humble LD_LIBRARY_PATH=/home/hoapham/ros2_ws/install/zivid_interfaces/lib:/home/hoapham/ros2_ws/install/zivid_rviz_plugin/lib:/home/hoapham/ros2_ws/install/zivid_camera/lib:/home/hoapham/ros2_ws/install/rviz_cloud_annotation/lib:/home/hoapham/ros2_ws/install/rviz_3d_view_controller/lib:/home/hoapham/ros2_ws/install/gui_msgs/lib:/usr/lib/x86_64-linux-gnu/gazebo-11/plugins:/opt/ros/humble/opt/rviz_ogre_vendor/lib:/opt/ros/humble/lib/x86_64-linux-gnu:/opt/ros/humble/lib /usr/bin/cmake --build /home/hoapham/ros2_ws/build/zivid_samples
[0.067s] [ 27%] Built target sample_capture_with_settings_from_file_cpp
[0.067s] [ 27%] [32mBuilding CXX object CMakeFiles/sample_capture_cpp.dir/src/sample_capture.cpp.o[0m
[0.067s] [ 27%] Built target sample_capture_assistant_cpp
[0.067s] [ 50%] Built target sample_infield_correction_cpp
[0.067s] [ 55%] Built target sample_capture_and_detect_calibration_board_cpp
[0.067s] [ 66%] Built target sample_capture_2d_cpp
[0.067s] [ 72%] Built target sample_capture_and_detect_markers_cpp
[0.068s] [ 83%] Built target sample_capture_and_save_cpp
[0.093s] [ 94%] Built target sample_hand_eye_calibration_cpp
[6.085s] [100%] [32m[1mLinking CXX executable sample_capture_cpp[0m
[6.386s] [100%] Built target sample_capture_cpp
[6.397s] Invoked command in '/home/hoapham/ros2_ws/build/zivid_samples' returned '0': CMAKE_PREFIX_PATH=/home/hoapham/ros2_ws/install/zivid_interfaces:/home/hoapham/ros2_ws/install/zivid_description:/home/hoapham/ros2_ws/install/zivid_samples:/home/hoapham/ros2_ws/install/zivid_rviz_plugin:/home/hoapham/ros2_ws/install/zivid_camera:/home/hoapham/ros2_ws/install/rviz_embed_test:/home/hoapham/ros2_ws/install/rviz_cloud_annotation:/home/hoapham/ros2_ws/install/rviz_3d_view_controller:/home/hoapham/ros2_ws/install/ros2_qt_template:/home/hoapham/ros2_ws/install/ros2_qt_rviz2:/home/hoapham/ros2_ws/install/pointcloud_marker:/home/hoapham/ros2_ws/install/pcd_visualizer:/home/hoapham/ros2_ws/install/gui_msgs:/home/hoapham/ros2_ws/install/gui:/home/hoapham/ros2_ws/install/fake_livox_publisher:/opt/ros/humble LD_LIBRARY_PATH=/home/hoapham/ros2_ws/install/zivid_interfaces/lib:/home/hoapham/ros2_ws/install/zivid_rviz_plugin/lib:/home/hoapham/ros2_ws/install/zivid_camera/lib:/home/hoapham/ros2_ws/install/rviz_cloud_annotation/lib:/home/hoapham/ros2_ws/install/rviz_3d_view_controller/lib:/home/hoapham/ros2_ws/install/gui_msgs/lib:/usr/lib/x86_64-linux-gnu/gazebo-11/plugins:/opt/ros/humble/opt/rviz_ogre_vendor/lib:/opt/ros/humble/lib/x86_64-linux-gnu:/opt/ros/humble/lib /usr/bin/cmake --build /home/hoapham/ros2_ws/build/zivid_samples
[6.399s] Invoking command in '/home/hoapham/ros2_ws/build/zivid_samples': CMAKE_PREFIX_PATH=/home/hoapham/ros2_ws/install/zivid_interfaces:/home/hoapham/ros2_ws/install/zivid_description:/home/hoapham/ros2_ws/install/zivid_samples:/home/hoapham/ros2_ws/install/zivid_rviz_plugin:/home/hoapham/ros2_ws/install/zivid_camera:/home/hoapham/ros2_ws/install/rviz_embed_test:/home/hoapham/ros2_ws/install/rviz_cloud_annotation:/home/hoapham/ros2_ws/install/rviz_3d_view_controller:/home/hoapham/ros2_ws/install/ros2_qt_template:/home/hoapham/ros2_ws/install/ros2_qt_rviz2:/home/hoapham/ros2_ws/install/pointcloud_marker:/home/hoapham/ros2_ws/install/pcd_visualizer:/home/hoapham/ros2_ws/install/gui_msgs:/home/hoapham/ros2_ws/install/gui:/home/hoapham/ros2_ws/install/fake_livox_publisher:/opt/ros/humble LD_LIBRARY_PATH=/home/hoapham/ros2_ws/install/zivid_interfaces/lib:/home/hoapham/ros2_ws/install/zivid_rviz_plugin/lib:/home/hoapham/ros2_ws/install/zivid_camera/lib:/home/hoapham/ros2_ws/install/rviz_cloud_annotation/lib:/home/hoapham/ros2_ws/install/rviz_3d_view_controller/lib:/home/hoapham/ros2_ws/install/gui_msgs/lib:/usr/lib/x86_64-linux-gnu/gazebo-11/plugins:/opt/ros/humble/opt/rviz_ogre_vendor/lib:/opt/ros/humble/lib/x86_64-linux-gnu:/opt/ros/humble/lib /usr/bin/cmake --install /home/hoapham/ros2_ws/build/zivid_samples
[6.407s] -- Install configuration: ""
[6.408s] -- Installing: /home/hoapham/ros2_ws/install/zivid_samples/lib/zivid_samples/sample_capture_cpp
[6.413s] -- Set runtime path of "/home/hoapham/ros2_ws/install/zivid_samples/lib/zivid_samples/sample_capture_cpp" to ""
[6.413s] -- Up-to-date: /home/hoapham/ros2_ws/install/zivid_samples/lib/zivid_samples/sample_capture_2d_cpp
[6.414s] -- Up-to-date: /home/hoapham/ros2_ws/install/zivid_samples/lib/zivid_samples/sample_capture_and_save_cpp
[6.414s] -- Up-to-date: /home/hoapham/ros2_ws/install/zivid_samples/lib/zivid_samples/sample_capture_assistant_cpp
[6.415s] -- Up-to-date: /home/hoapham/ros2_ws/install/zivid_samples/lib/zivid_samples/sample_capture_with_settings_from_file_cpp
[6.416s] -- Up-to-date: /home/hoapham/ros2_ws/install/zivid_samples/lib/zivid_samples/sample_capture_and_detect_calibration_board_cpp
[6.416s] -- Up-to-date: /home/hoapham/ros2_ws/install/zivid_samples/lib/zivid_samples/sample_capture_and_detect_markers_cpp
[6.417s] -- Up-to-date: /home/hoapham/ros2_ws/install/zivid_samples/lib/zivid_samples/sample_infield_correction_cpp
[6.417s] -- Up-to-date: /home/hoapham/ros2_ws/install/zivid_samples/lib/zivid_samples/sample_hand_eye_calibration_cpp
[6.417s] -- Up-to-date: /home/hoapham/ros2_ws/install/zivid_samples/lib/zivid_samples/sample_capture.py
[6.417s] -- Up-to-date: /home/hoapham/ros2_ws/install/zivid_samples/lib/zivid_samples/sample_capture_2d.py
[6.417s] -- Up-to-date: /home/hoapham/ros2_ws/install/zivid_samples/lib/zivid_samples/sample_capture_and_save.py
[6.418s] -- Up-to-date: /home/hoapham/ros2_ws/install/zivid_samples/lib/zivid_samples/sample_capture_assistant.py
[6.418s] -- Up-to-date: /home/hoapham/ros2_ws/install/zivid_samples/lib/zivid_samples/sample_capture_with_settings_from_file.py
[6.418s] -- Up-to-date: /home/hoapham/ros2_ws/install/zivid_samples/lib/zivid_samples/sample_hand_eye_calibration.py
[6.418s] -- Up-to-date: /home/hoapham/ros2_ws/install/zivid_samples/lib/zivid_samples/sample_infield_correction.py
[6.418s] -- Up-to-date: /home/hoapham/ros2_ws/install/zivid_samples/share/zivid_samples/launch
[6.418s] -- Up-to-date: /home/hoapham/ros2_ws/install/zivid_samples/share/zivid_samples/launch/zivid_camera_with_rviz.launch
[6.418s] -- Up-to-date: /home/hoapham/ros2_ws/install/zivid_samples/share/zivid_samples/launch/sample.launch
[6.418s] -- Up-to-date: /home/hoapham/ros2_ws/install/zivid_samples/share/zivid_samples/launch/zivid_camera.launch
[6.418s] -- Up-to-date: /home/hoapham/ros2_ws/install/zivid_samples/share/zivid_samples/launch/sample_with_rviz.launch
[6.418s] -- Up-to-date: /home/hoapham/ros2_ws/install/zivid_samples/share/zivid_samples/settings
[6.418s] -- Up-to-date: /home/hoapham/ros2_ws/install/zivid_samples/share/zivid_samples/settings/camera_settings.yml
[6.418s] -- Up-to-date: /home/hoapham/ros2_ws/install/zivid_samples/share/ament_index/resource_index/package_run_dependencies/zivid_samples
[6.418s] -- Up-to-date: /home/hoapham/ros2_ws/install/zivid_samples/share/ament_index/resource_index/parent_prefix_path/zivid_samples
[6.418s] -- Up-to-date: /home/hoapham/ros2_ws/install/zivid_samples/share/zivid_samples/environment/ament_prefix_path.sh
[6.418s] -- Up-to-date: /home/hoapham/ros2_ws/install/zivid_samples/share/zivid_samples/environment/ament_prefix_path.dsv
[6.418s] -- Up-to-date: /home/hoapham/ros2_ws/install/zivid_samples/share/zivid_samples/environment/path.sh
[6.418s] -- Up-to-date: /home/hoapham/ros2_ws/install/zivid_samples/share/zivid_samples/environment/path.dsv
[6.418s] -- Up-to-date: /home/hoapham/ros2_ws/install/zivid_samples/share/zivid_samples/local_setup.bash
[6.418s] -- Up-to-date: /home/hoapham/ros2_ws/install/zivid_samples/share/zivid_samples/local_setup.sh
[6.419s] -- Up-to-date: /home/hoapham/ros2_ws/install/zivid_samples/share/zivid_samples/local_setup.zsh
[6.419s] -- Up-to-date: /home/hoapham/ros2_ws/install/zivid_samples/share/zivid_samples/local_setup.dsv
[6.419s] -- Installing: /home/hoapham/ros2_ws/install/zivid_samples/share/zivid_samples/package.dsv
[6.419s] -- Up-to-date: /home/hoapham/ros2_ws/install/zivid_samples/share/ament_index/resource_index/packages/zivid_samples
[6.419s] -- Up-to-date: /home/hoapham/ros2_ws/install/zivid_samples/share/zivid_samples/cmake/zivid_samplesConfig.cmake
[6.419s] -- Up-to-date: /home/hoapham/ros2_ws/install/zivid_samples/share/zivid_samples/cmake/zivid_samplesConfig-version.cmake
[6.419s] -- Up-to-date: /home/hoapham/ros2_ws/install/zivid_samples/share/zivid_samples/package.xml
[6.421s] Invoked command in '/home/hoapham/ros2_ws/build/zivid_samples' returned '0': CMAKE_PREFIX_PATH=/home/hoapham/ros2_ws/install/zivid_interfaces:/home/hoapham/ros2_ws/install/zivid_description:/home/hoapham/ros2_ws/install/zivid_samples:/home/hoapham/ros2_ws/install/zivid_rviz_plugin:/home/hoapham/ros2_ws/install/zivid_camera:/home/hoapham/ros2_ws/install/rviz_embed_test:/home/hoapham/ros2_ws/install/rviz_cloud_annotation:/home/hoapham/ros2_ws/install/rviz_3d_view_controller:/home/hoapham/ros2_ws/install/ros2_qt_template:/home/hoapham/ros2_ws/install/ros2_qt_rviz2:/home/hoapham/ros2_ws/install/pointcloud_marker:/home/hoapham/ros2_ws/install/pcd_visualizer:/home/hoapham/ros2_ws/install/gui_msgs:/home/hoapham/ros2_ws/install/gui:/home/hoapham/ros2_ws/install/fake_livox_publisher:/opt/ros/humble LD_LIBRARY_PATH=/home/hoapham/ros2_ws/install/zivid_interfaces/lib:/home/hoapham/ros2_ws/install/zivid_rviz_plugin/lib:/home/hoapham/ros2_ws/install/zivid_camera/lib:/home/hoapham/ros2_ws/install/rviz_cloud_annotation/lib:/home/hoapham/ros2_ws/install/rviz_3d_view_controller/lib:/home/hoapham/ros2_ws/install/gui_msgs/lib:/usr/lib/x86_64-linux-gnu/gazebo-11/plugins:/opt/ros/humble/opt/rviz_ogre_vendor/lib:/opt/ros/humble/lib/x86_64-linux-gnu:/opt/ros/humble/lib /usr/bin/cmake --install /home/hoapham/ros2_ws/build/zivid_samples
