[0.012s] Invoking command in '/home/hoapham/ros2_ws/build/zivid_rviz_plugin': AMENT_PREFIX_PATH=/home/hoapham/ros2_ws/install/zivid_interfaces:${AMENT_PREFIX_PATH} CMAKE_PREFIX_PATH=/home/hoapham/ros2_ws/install/zivid_interfaces:/opt/ros/humble LD_LIBRARY_PATH=/home/hoapham/ros2_ws/install/zivid_interfaces/lib:${LD_LIBRARY_PATH} PYTHONPATH=/home/hoapham/ros2_ws/install/zivid_interfaces/local/lib/python3.10/dist-packages:${PYTHONPATH} /usr/bin/cmake --build /home/hoapham/ros2_ws/build/zivid_rviz_plugin -- -j16 -l16
[0.063s] [ 16%] [34m[1mAutomatic MOC for target zivid_rviz_plugin[0m
[0.080s] [ 16%] Built target zivid_rviz_plugin_autogen
[0.105s] [100%] Built target zivid_rviz_plugin
[0.116s] Invoked command in '/home/hoapham/ros2_ws/build/zivid_rviz_plugin' returned '0': AMENT_PREFIX_PATH=/home/hoapham/ros2_ws/install/zivid_interfaces:${AMENT_PREFIX_PATH} CMAKE_PREFIX_PATH=/home/hoapham/ros2_ws/install/zivid_interfaces:/opt/ros/humble LD_LIBRARY_PATH=/home/hoapham/ros2_ws/install/zivid_interfaces/lib:${LD_LIBRARY_PATH} PYTHONPATH=/home/hoapham/ros2_ws/install/zivid_interfaces/local/lib/python3.10/dist-packages:${PYTHONPATH} /usr/bin/cmake --build /home/hoapham/ros2_ws/build/zivid_rviz_plugin -- -j16 -l16
[0.118s] Invoking command in '/home/hoapham/ros2_ws/build/zivid_rviz_plugin': AMENT_PREFIX_PATH=/home/hoapham/ros2_ws/install/zivid_interfaces:${AMENT_PREFIX_PATH} CMAKE_PREFIX_PATH=/home/hoapham/ros2_ws/install/zivid_interfaces:/opt/ros/humble LD_LIBRARY_PATH=/home/hoapham/ros2_ws/install/zivid_interfaces/lib:${LD_LIBRARY_PATH} PYTHONPATH=/home/hoapham/ros2_ws/install/zivid_interfaces/local/lib/python3.10/dist-packages:${PYTHONPATH} /usr/bin/cmake --install /home/hoapham/ros2_ws/build/zivid_rviz_plugin
[0.125s] -- Install configuration: ""
[0.125s] -- Up-to-date: /home/hoapham/ros2_ws/install/zivid_rviz_plugin/lib/libzivid_rviz_plugin.so
[0.125s] -- Up-to-date: /home/hoapham/ros2_ws/install/zivid_rviz_plugin/include
[0.126s] -- Up-to-date: /home/hoapham/ros2_ws/install/zivid_rviz_plugin/include/zivid_rviz_plugin
[0.126s] -- Up-to-date: /home/hoapham/ros2_ws/install/zivid_rviz_plugin/include/zivid_rviz_plugin/infield_correction.hpp
[0.126s] -- Up-to-date: /home/hoapham/ros2_ws/install/zivid_rviz_plugin/share/zivid_rviz_plugin/plugins.xml
[0.126s] -- Up-to-date: /home/hoapham/ros2_ws/install/zivid_rviz_plugin/share/zivid_rviz_plugin/icons/classes/Zivid Infield Correction.png
[0.126s] -- Up-to-date: /home/hoapham/ros2_ws/install/zivid_rviz_plugin/share/zivid_rviz_plugin/plugins.xml
[0.126s] -- Up-to-date: /home/hoapham/ros2_ws/install/zivid_rviz_plugin/share/ament_index/resource_index/package_run_dependencies/zivid_rviz_plugin
[0.126s] -- Up-to-date: /home/hoapham/ros2_ws/install/zivid_rviz_plugin/share/ament_index/resource_index/parent_prefix_path/zivid_rviz_plugin
[0.126s] -- Up-to-date: /home/hoapham/ros2_ws/install/zivid_rviz_plugin/share/zivid_rviz_plugin/environment/ament_prefix_path.sh
[0.126s] -- Up-to-date: /home/hoapham/ros2_ws/install/zivid_rviz_plugin/share/zivid_rviz_plugin/environment/ament_prefix_path.dsv
[0.126s] -- Up-to-date: /home/hoapham/ros2_ws/install/zivid_rviz_plugin/share/zivid_rviz_plugin/environment/path.sh
[0.126s] -- Up-to-date: /home/hoapham/ros2_ws/install/zivid_rviz_plugin/share/zivid_rviz_plugin/environment/path.dsv
[0.126s] -- Up-to-date: /home/hoapham/ros2_ws/install/zivid_rviz_plugin/share/zivid_rviz_plugin/local_setup.bash
[0.126s] -- Up-to-date: /home/hoapham/ros2_ws/install/zivid_rviz_plugin/share/zivid_rviz_plugin/local_setup.sh
[0.126s] -- Up-to-date: /home/hoapham/ros2_ws/install/zivid_rviz_plugin/share/zivid_rviz_plugin/local_setup.zsh
[0.126s] -- Up-to-date: /home/hoapham/ros2_ws/install/zivid_rviz_plugin/share/zivid_rviz_plugin/local_setup.dsv
[0.126s] -- Installing: /home/hoapham/ros2_ws/install/zivid_rviz_plugin/share/zivid_rviz_plugin/package.dsv
[0.126s] -- Up-to-date: /home/hoapham/ros2_ws/install/zivid_rviz_plugin/share/ament_index/resource_index/packages/zivid_rviz_plugin
[0.127s] -- Up-to-date: /home/hoapham/ros2_ws/install/zivid_rviz_plugin/share/ament_index/resource_index/rviz_common__pluginlib__plugin/zivid_rviz_plugin
[0.127s] -- Up-to-date: /home/hoapham/ros2_ws/install/zivid_rviz_plugin/share/zivid_rviz_plugin/cmake/export_zivid_rviz_pluginExport.cmake
[0.127s] -- Up-to-date: /home/hoapham/ros2_ws/install/zivid_rviz_plugin/share/zivid_rviz_plugin/cmake/export_zivid_rviz_pluginExport-noconfig.cmake
[0.127s] -- Up-to-date: /home/hoapham/ros2_ws/install/zivid_rviz_plugin/share/zivid_rviz_plugin/cmake/ament_cmake_export_include_directories-extras.cmake
[0.127s] -- Up-to-date: /home/hoapham/ros2_ws/install/zivid_rviz_plugin/share/zivid_rviz_plugin/cmake/ament_cmake_export_targets-extras.cmake
[0.127s] -- Up-to-date: /home/hoapham/ros2_ws/install/zivid_rviz_plugin/share/zivid_rviz_plugin/cmake/zivid_rviz_pluginConfig.cmake
[0.127s] -- Up-to-date: /home/hoapham/ros2_ws/install/zivid_rviz_plugin/share/zivid_rviz_plugin/cmake/zivid_rviz_pluginConfig-version.cmake
[0.127s] -- Up-to-date: /home/hoapham/ros2_ws/install/zivid_rviz_plugin/share/zivid_rviz_plugin/package.xml
[0.133s] Invoked command in '/home/hoapham/ros2_ws/build/zivid_rviz_plugin' returned '0': AMENT_PREFIX_PATH=/home/hoapham/ros2_ws/install/zivid_interfaces:${AMENT_PREFIX_PATH} CMAKE_PREFIX_PATH=/home/hoapham/ros2_ws/install/zivid_interfaces:/opt/ros/humble LD_LIBRARY_PATH=/home/hoapham/ros2_ws/install/zivid_interfaces/lib:${LD_LIBRARY_PATH} PYTHONPATH=/home/hoapham/ros2_ws/install/zivid_interfaces/local/lib/python3.10/dist-packages:${PYTHONPATH} /usr/bin/cmake --install /home/hoapham/ros2_ws/build/zivid_rviz_plugin
