[0.039s] Invoking command in '/home/hoapham/ros2_ws/build/rviz_cloud_annotation': CMAKE_PREFIX_PATH=${CMAKE_PREFIX_PATH}:/opt/ros/humble /usr/bin/cmake --build /home/hoapham/ros2_ws/build/rviz_cloud_annotation -- -j16 -l16
[0.103s] [  2%] [34m[1mAutomatic MOC for target rviz_cloud_annotation_points[0m
[0.104s] [  2%] Built target rviz_cloud_annotation__cpp
[0.104s] [  3%] [34m[1mAutomatic MOC for target rviz_cloud_annotation__rosidl_generator_c[0m
[0.121s] [  3%] Built target ament_cmake_python_copy_rviz_cloud_annotation
[0.134s] [  5%] [34m[1mAutomatic MOC for target rviz_cloud_annotation__rosidl_typesupport_fastrtps_cpp[0m
[0.135s] [  5%] [34m[1mAutomatic MOC for target rviz_cloud_annotation__rosidl_typesupport_cpp[0m
[0.136s] [  7%] [34m[1mAutomatic MOC for target rviz_cloud_annotation__rosidl_typesupport_introspection_cpp[0m
[0.136s] [  7%] Built target rviz_cloud_annotation_points_autogen
[0.138s] [  8%] Built target rviz_cloud_annotation__rosidl_generator_c_autogen
[0.167s] [ 14%] Built target rviz_cloud_annotation__rosidl_typesupport_fastrtps_cpp_autogen
[0.167s] [ 14%] Built target rviz_cloud_annotation__rosidl_typesupport_cpp_autogen
[0.167s] [ 15%] Built target rviz_cloud_annotation__rosidl_generator_c
[0.167s] [ 16%] Built target rviz_cloud_annotation__rosidl_typesupport_introspection_cpp_autogen
[0.185s] [ 27%] Built target rviz_cloud_annotation_points
[0.194s] [ 32%] [34m[1mAutomatic MOC for target rviz_cloud_annotation__rosidl_typesupport_fastrtps_c[0m
[0.194s] [ 32%] [34m[1mAutomatic MOC for target rviz_cloud_annotation__rosidl_typesupport_introspection_c[0m
[0.195s] [ 32%] [34m[1mAutomatic MOC for target rviz_cloud_annotation__rosidl_typesupport_c[0m
[0.195s] [ 35%] Built target rviz_cloud_annotation__rosidl_typesupport_cpp
[0.195s] [ 40%] Built target rviz_cloud_annotation__rosidl_typesupport_fastrtps_cpp
[0.195s] [ 44%] Built target rviz_cloud_annotation__rosidl_typesupport_introspection_cpp
[0.215s] [ 45%] [34m[1mAutomatic MOC for target rviz_cloud_annotation_test[0m
[0.218s] [ 49%] Built target rviz_cloud_annotation__rosidl_typesupport_introspection_c_autogen
[0.218s] [ 49%] Built target rviz_cloud_annotation__rosidl_typesupport_c_autogen
[0.218s] [ 49%] Built target rviz_cloud_annotation__rosidl_typesupport_fastrtps_c_autogen
[0.244s] [ 49%] Built target rviz_cloud_annotation_test_autogen
[0.248s] [ 62%] Built target rviz_cloud_annotation__rosidl_typesupport_introspection_c
[0.249s] [ 62%] Built target rviz_cloud_annotation__rosidl_typesupport_c
[0.249s] [ 63%] Built target rviz_cloud_annotation__rosidl_typesupport_fastrtps_c
[0.271s] [ 64%] Built target rviz_cloud_annotation
[0.271s] [ 67%] Built target rviz_cloud_annotation_test
[0.298s] [ 70%] Built target rviz_cloud_annotation__py
[0.298s] [ 70%] [34m[1mAutomatic MOC for target rviz_cloud_annotation_node[0m
[0.298s] [ 70%] [34m[1mAutomatic MOC for target rviz_cloud_annotation_plugin[0m
[0.324s] [ 71%] [34m[1mAutomatic MOC for target rviz_cloud_annotation__rosidl_generator_py[0m
[0.324s] [ 71%] Built target rviz_cloud_annotation_node_autogen
[0.326s] [ 71%] Built target rviz_cloud_annotation_plugin_autogen
[0.350s] [ 71%] Built target rviz_cloud_annotation__rosidl_generator_py_autogen
[0.360s] running egg_info
[0.361s] writing rviz_cloud_annotation.egg-info/PKG-INFO
[0.362s] writing dependency_links to rviz_cloud_annotation.egg-info/dependency_links.txt
[0.362s] writing top-level names to rviz_cloud_annotation.egg-info/top_level.txt
[0.364s] [ 81%] Built target rviz_cloud_annotation_node
[0.364s] [ 81%] Built target rviz_cloud_annotation_plugin
[0.365s] reading manifest file 'rviz_cloud_annotation.egg-info/SOURCES.txt'
[0.366s] writing manifest file 'rviz_cloud_annotation.egg-info/SOURCES.txt'
[0.380s] [ 85%] Built target rviz_cloud_annotation__rosidl_generator_py
[0.406s] [ 89%] [34m[1mAutomatic MOC for target rviz_cloud_annotation__rosidl_typesupport_fastrtps_c__pyext[0m
[0.406s] [ 89%] [34m[1mAutomatic MOC for target rviz_cloud_annotation__rosidl_typesupport_introspection_c__pyext[0m
[0.406s] [ 89%] [34m[1mAutomatic MOC for target rviz_cloud_annotation__rosidl_typesupport_c__pyext[0m
[0.434s] [ 89%] Built target rviz_cloud_annotation__rosidl_typesupport_c__pyext_autogen
[0.434s] [ 89%] Built target rviz_cloud_annotation__rosidl_typesupport_introspection_c__pyext_autogen
[0.434s] [ 89%] Built target rviz_cloud_annotation__rosidl_typesupport_fastrtps_c__pyext_autogen
[0.448s] [ 89%] Built target ament_cmake_python_build_rviz_cloud_annotation_egg
[0.462s] [100%] Built target rviz_cloud_annotation__rosidl_typesupport_c__pyext
[0.462s] [100%] Built target rviz_cloud_annotation__rosidl_typesupport_introspection_c__pyext
[0.462s] [100%] Built target rviz_cloud_annotation__rosidl_typesupport_fastrtps_c__pyext
[0.479s] Invoked command in '/home/hoapham/ros2_ws/build/rviz_cloud_annotation' returned '0': CMAKE_PREFIX_PATH=${CMAKE_PREFIX_PATH}:/opt/ros/humble /usr/bin/cmake --build /home/hoapham/ros2_ws/build/rviz_cloud_annotation -- -j16 -l16
[0.482s] Invoking command in '/home/hoapham/ros2_ws/build/rviz_cloud_annotation': CMAKE_PREFIX_PATH=${CMAKE_PREFIX_PATH}:/opt/ros/humble /usr/bin/cmake --install /home/hoapham/ros2_ws/build/rviz_cloud_annotation
[0.492s] -- Install configuration: ""
[0.492s] -- Up-to-date: /home/hoapham/ros2_ws/install/rviz_cloud_annotation/share/ament_index/resource_index/rosidl_interfaces/rviz_cloud_annotation
[0.492s] -- Up-to-date: /home/hoapham/ros2_ws/install/rviz_cloud_annotation/include/rviz_cloud_annotation/rviz_cloud_annotation
[0.492s] -- Up-to-date: /home/hoapham/ros2_ws/install/rviz_cloud_annotation/include/rviz_cloud_annotation/rviz_cloud_annotation/msg
[0.492s] -- Up-to-date: /home/hoapham/ros2_ws/install/rviz_cloud_annotation/include/rviz_cloud_annotation/rviz_cloud_annotation/msg/detail
[0.492s] -- Up-to-date: /home/hoapham/ros2_ws/install/rviz_cloud_annotation/include/rviz_cloud_annotation/rviz_cloud_annotation/msg/detail/undo_redo_state__functions.c
[0.492s] -- Up-to-date: /home/hoapham/ros2_ws/install/rviz_cloud_annotation/include/rviz_cloud_annotation/rviz_cloud_annotation/msg/detail/undo_redo_state__type_support.h
[0.492s] -- Up-to-date: /home/hoapham/ros2_ws/install/rviz_cloud_annotation/include/rviz_cloud_annotation/rviz_cloud_annotation/msg/detail/rectangle_selection_viewport__type_support.h
[0.492s] -- Up-to-date: /home/hoapham/ros2_ws/install/rviz_cloud_annotation/include/rviz_cloud_annotation/rviz_cloud_annotation/msg/detail/rectangle_selection_viewport__functions.c
[0.492s] -- Up-to-date: /home/hoapham/ros2_ws/install/rviz_cloud_annotation/include/rviz_cloud_annotation/rviz_cloud_annotation/msg/detail/undo_redo_state__functions.h
[0.492s] -- Up-to-date: /home/hoapham/ros2_ws/install/rviz_cloud_annotation/include/rviz_cloud_annotation/rviz_cloud_annotation/msg/detail/undo_redo_state__struct.h
[0.492s] -- Up-to-date: /home/hoapham/ros2_ws/install/rviz_cloud_annotation/include/rviz_cloud_annotation/rviz_cloud_annotation/msg/detail/rectangle_selection_viewport__struct.h
[0.493s] -- Up-to-date: /home/hoapham/ros2_ws/install/rviz_cloud_annotation/include/rviz_cloud_annotation/rviz_cloud_annotation/msg/detail/rectangle_selection_viewport__functions.h
[0.493s] -- Up-to-date: /home/hoapham/ros2_ws/install/rviz_cloud_annotation/include/rviz_cloud_annotation/rviz_cloud_annotation/msg/rectangle_selection_viewport.h
[0.493s] -- Up-to-date: /home/hoapham/ros2_ws/install/rviz_cloud_annotation/include/rviz_cloud_annotation/rviz_cloud_annotation/msg/rosidl_generator_c__visibility_control.h
[0.493s] -- Up-to-date: /home/hoapham/ros2_ws/install/rviz_cloud_annotation/include/rviz_cloud_annotation/rviz_cloud_annotation/msg/undo_redo_state.h
[0.493s] -- Up-to-date: /home/hoapham/ros2_ws/install/rviz_cloud_annotation/share/rviz_cloud_annotation/environment/library_path.sh
[0.493s] -- Up-to-date: /home/hoapham/ros2_ws/install/rviz_cloud_annotation/share/rviz_cloud_annotation/environment/library_path.dsv
[0.493s] -- Up-to-date: /home/hoapham/ros2_ws/install/rviz_cloud_annotation/lib/librviz_cloud_annotation__rosidl_generator_c.so
[0.493s] -- Up-to-date: /home/hoapham/ros2_ws/install/rviz_cloud_annotation/include/rviz_cloud_annotation/rviz_cloud_annotation
[0.493s] -- Up-to-date: /home/hoapham/ros2_ws/install/rviz_cloud_annotation/include/rviz_cloud_annotation/rviz_cloud_annotation/msg
[0.493s] -- Up-to-date: /home/hoapham/ros2_ws/install/rviz_cloud_annotation/include/rviz_cloud_annotation/rviz_cloud_annotation/msg/detail
[0.493s] -- Up-to-date: /home/hoapham/ros2_ws/install/rviz_cloud_annotation/include/rviz_cloud_annotation/rviz_cloud_annotation/msg/detail/rectangle_selection_viewport__rosidl_typesupport_fastrtps_c.h
[0.493s] -- Up-to-date: /home/hoapham/ros2_ws/install/rviz_cloud_annotation/include/rviz_cloud_annotation/rviz_cloud_annotation/msg/detail/undo_redo_state__rosidl_typesupport_fastrtps_c.h
[0.493s] -- Up-to-date: /home/hoapham/ros2_ws/install/rviz_cloud_annotation/include/rviz_cloud_annotation/rviz_cloud_annotation/msg/rosidl_typesupport_fastrtps_c__visibility_control.h
[0.493s] -- Up-to-date: /home/hoapham/ros2_ws/install/rviz_cloud_annotation/lib/librviz_cloud_annotation__rosidl_typesupport_fastrtps_c.so
[0.493s] -- Up-to-date: /home/hoapham/ros2_ws/install/rviz_cloud_annotation/include/rviz_cloud_annotation/rviz_cloud_annotation
[0.493s] -- Up-to-date: /home/hoapham/ros2_ws/install/rviz_cloud_annotation/include/rviz_cloud_annotation/rviz_cloud_annotation/msg
[0.493s] -- Up-to-date: /home/hoapham/ros2_ws/install/rviz_cloud_annotation/include/rviz_cloud_annotation/rviz_cloud_annotation/msg/detail
[0.493s] -- Up-to-date: /home/hoapham/ros2_ws/install/rviz_cloud_annotation/include/rviz_cloud_annotation/rviz_cloud_annotation/msg/detail/rectangle_selection_viewport__type_support.hpp
[0.494s] -- Up-to-date: /home/hoapham/ros2_ws/install/rviz_cloud_annotation/include/rviz_cloud_annotation/rviz_cloud_annotation/msg/detail/rectangle_selection_viewport__struct.hpp
[0.494s] -- Up-to-date: /home/hoapham/ros2_ws/install/rviz_cloud_annotation/include/rviz_cloud_annotation/rviz_cloud_annotation/msg/detail/rectangle_selection_viewport__builder.hpp
[0.494s] -- Up-to-date: /home/hoapham/ros2_ws/install/rviz_cloud_annotation/include/rviz_cloud_annotation/rviz_cloud_annotation/msg/detail/undo_redo_state__builder.hpp
[0.494s] -- Up-to-date: /home/hoapham/ros2_ws/install/rviz_cloud_annotation/include/rviz_cloud_annotation/rviz_cloud_annotation/msg/detail/rectangle_selection_viewport__traits.hpp
[0.494s] -- Up-to-date: /home/hoapham/ros2_ws/install/rviz_cloud_annotation/include/rviz_cloud_annotation/rviz_cloud_annotation/msg/detail/undo_redo_state__struct.hpp
[0.494s] -- Up-to-date: /home/hoapham/ros2_ws/install/rviz_cloud_annotation/include/rviz_cloud_annotation/rviz_cloud_annotation/msg/detail/undo_redo_state__type_support.hpp
[0.494s] -- Up-to-date: /home/hoapham/ros2_ws/install/rviz_cloud_annotation/include/rviz_cloud_annotation/rviz_cloud_annotation/msg/detail/undo_redo_state__traits.hpp
[0.494s] -- Up-to-date: /home/hoapham/ros2_ws/install/rviz_cloud_annotation/include/rviz_cloud_annotation/rviz_cloud_annotation/msg/rectangle_selection_viewport.hpp
[0.494s] -- Up-to-date: /home/hoapham/ros2_ws/install/rviz_cloud_annotation/include/rviz_cloud_annotation/rviz_cloud_annotation/msg/undo_redo_state.hpp
[0.494s] -- Up-to-date: /home/hoapham/ros2_ws/install/rviz_cloud_annotation/include/rviz_cloud_annotation/rviz_cloud_annotation/msg/rosidl_generator_cpp__visibility_control.hpp
[0.494s] -- Up-to-date: /home/hoapham/ros2_ws/install/rviz_cloud_annotation/include/rviz_cloud_annotation/rviz_cloud_annotation
[0.494s] -- Up-to-date: /home/hoapham/ros2_ws/install/rviz_cloud_annotation/include/rviz_cloud_annotation/rviz_cloud_annotation/msg
[0.494s] -- Up-to-date: /home/hoapham/ros2_ws/install/rviz_cloud_annotation/include/rviz_cloud_annotation/rviz_cloud_annotation/msg/detail
[0.494s] -- Up-to-date: /home/hoapham/ros2_ws/install/rviz_cloud_annotation/include/rviz_cloud_annotation/rviz_cloud_annotation/msg/detail/dds_fastrtps
[0.494s] -- Up-to-date: /home/hoapham/ros2_ws/install/rviz_cloud_annotation/include/rviz_cloud_annotation/rviz_cloud_annotation/msg/detail/undo_redo_state__rosidl_typesupport_fastrtps_cpp.hpp
[0.494s] -- Up-to-date: /home/hoapham/ros2_ws/install/rviz_cloud_annotation/include/rviz_cloud_annotation/rviz_cloud_annotation/msg/detail/rectangle_selection_viewport__rosidl_typesupport_fastrtps_cpp.hpp
[0.494s] -- Up-to-date: /home/hoapham/ros2_ws/install/rviz_cloud_annotation/include/rviz_cloud_annotation/rviz_cloud_annotation/msg/rosidl_typesupport_fastrtps_cpp__visibility_control.h
[0.494s] -- Up-to-date: /home/hoapham/ros2_ws/install/rviz_cloud_annotation/lib/librviz_cloud_annotation__rosidl_typesupport_fastrtps_cpp.so
[0.494s] -- Up-to-date: /home/hoapham/ros2_ws/install/rviz_cloud_annotation/include/rviz_cloud_annotation/rviz_cloud_annotation
[0.494s] -- Up-to-date: /home/hoapham/ros2_ws/install/rviz_cloud_annotation/include/rviz_cloud_annotation/rviz_cloud_annotation/msg
[0.494s] -- Up-to-date: /home/hoapham/ros2_ws/install/rviz_cloud_annotation/include/rviz_cloud_annotation/rviz_cloud_annotation/msg/detail
[0.494s] -- Up-to-date: /home/hoapham/ros2_ws/install/rviz_cloud_annotation/include/rviz_cloud_annotation/rviz_cloud_annotation/msg/detail/undo_redo_state__type_support.c
[0.495s] -- Up-to-date: /home/hoapham/ros2_ws/install/rviz_cloud_annotation/include/rviz_cloud_annotation/rviz_cloud_annotation/msg/detail/rectangle_selection_viewport__rosidl_typesupport_introspection_c.h
[0.495s] -- Up-to-date: /home/hoapham/ros2_ws/install/rviz_cloud_annotation/include/rviz_cloud_annotation/rviz_cloud_annotation/msg/detail/undo_redo_state__rosidl_typesupport_introspection_c.h
[0.495s] -- Up-to-date: /home/hoapham/ros2_ws/install/rviz_cloud_annotation/include/rviz_cloud_annotation/rviz_cloud_annotation/msg/detail/rectangle_selection_viewport__type_support.c
[0.495s] -- Up-to-date: /home/hoapham/ros2_ws/install/rviz_cloud_annotation/include/rviz_cloud_annotation/rviz_cloud_annotation/msg/rosidl_typesupport_introspection_c__visibility_control.h
[0.495s] -- Up-to-date: /home/hoapham/ros2_ws/install/rviz_cloud_annotation/lib/librviz_cloud_annotation__rosidl_typesupport_introspection_c.so
[0.495s] -- Up-to-date: /home/hoapham/ros2_ws/install/rviz_cloud_annotation/lib/librviz_cloud_annotation__rosidl_typesupport_c.so
[0.495s] -- Up-to-date: /home/hoapham/ros2_ws/install/rviz_cloud_annotation/include/rviz_cloud_annotation/rviz_cloud_annotation
[0.495s] -- Up-to-date: /home/hoapham/ros2_ws/install/rviz_cloud_annotation/include/rviz_cloud_annotation/rviz_cloud_annotation/msg
[0.495s] -- Up-to-date: /home/hoapham/ros2_ws/install/rviz_cloud_annotation/include/rviz_cloud_annotation/rviz_cloud_annotation/msg/detail
[0.495s] -- Up-to-date: /home/hoapham/ros2_ws/install/rviz_cloud_annotation/include/rviz_cloud_annotation/rviz_cloud_annotation/msg/detail/rectangle_selection_viewport__type_support.cpp
[0.495s] -- Up-to-date: /home/hoapham/ros2_ws/install/rviz_cloud_annotation/include/rviz_cloud_annotation/rviz_cloud_annotation/msg/detail/undo_redo_state__type_support.cpp
[0.495s] -- Up-to-date: /home/hoapham/ros2_ws/install/rviz_cloud_annotation/include/rviz_cloud_annotation/rviz_cloud_annotation/msg/detail/rectangle_selection_viewport__rosidl_typesupport_introspection_cpp.hpp
[0.495s] -- Up-to-date: /home/hoapham/ros2_ws/install/rviz_cloud_annotation/include/rviz_cloud_annotation/rviz_cloud_annotation/msg/detail/undo_redo_state__rosidl_typesupport_introspection_cpp.hpp
[0.495s] -- Up-to-date: /home/hoapham/ros2_ws/install/rviz_cloud_annotation/lib/librviz_cloud_annotation__rosidl_typesupport_introspection_cpp.so
[0.495s] -- Up-to-date: /home/hoapham/ros2_ws/install/rviz_cloud_annotation/lib/librviz_cloud_annotation__rosidl_typesupport_cpp.so
[0.495s] -- Up-to-date: /home/hoapham/ros2_ws/install/rviz_cloud_annotation/share/rviz_cloud_annotation/environment/pythonpath.sh
[0.495s] -- Up-to-date: /home/hoapham/ros2_ws/install/rviz_cloud_annotation/share/rviz_cloud_annotation/environment/pythonpath.dsv
[0.496s] -- Up-to-date: /home/hoapham/ros2_ws/install/rviz_cloud_annotation/local/lib/python3.10/dist-packages/rviz_cloud_annotation-0.0.0-py3.10.egg-info
[0.496s] -- Installing: /home/hoapham/ros2_ws/install/rviz_cloud_annotation/local/lib/python3.10/dist-packages/rviz_cloud_annotation-0.0.0-py3.10.egg-info/dependency_links.txt
[0.496s] -- Installing: /home/hoapham/ros2_ws/install/rviz_cloud_annotation/local/lib/python3.10/dist-packages/rviz_cloud_annotation-0.0.0-py3.10.egg-info/top_level.txt
[0.496s] -- Installing: /home/hoapham/ros2_ws/install/rviz_cloud_annotation/local/lib/python3.10/dist-packages/rviz_cloud_annotation-0.0.0-py3.10.egg-info/SOURCES.txt
[0.496s] -- Installing: /home/hoapham/ros2_ws/install/rviz_cloud_annotation/local/lib/python3.10/dist-packages/rviz_cloud_annotation-0.0.0-py3.10.egg-info/PKG-INFO
[0.496s] -- Up-to-date: /home/hoapham/ros2_ws/install/rviz_cloud_annotation/local/lib/python3.10/dist-packages/rviz_cloud_annotation
[0.496s] -- Up-to-date: /home/hoapham/ros2_ws/install/rviz_cloud_annotation/local/lib/python3.10/dist-packages/rviz_cloud_annotation/msg
[0.496s] -- Up-to-date: /home/hoapham/ros2_ws/install/rviz_cloud_annotation/local/lib/python3.10/dist-packages/rviz_cloud_annotation/msg/__init__.py
[0.496s] -- Up-to-date: /home/hoapham/ros2_ws/install/rviz_cloud_annotation/local/lib/python3.10/dist-packages/rviz_cloud_annotation/msg/_undo_redo_state.py
[0.496s] -- Up-to-date: /home/hoapham/ros2_ws/install/rviz_cloud_annotation/local/lib/python3.10/dist-packages/rviz_cloud_annotation/msg/_undo_redo_state_s.c
[0.496s] -- Up-to-date: /home/hoapham/ros2_ws/install/rviz_cloud_annotation/local/lib/python3.10/dist-packages/rviz_cloud_annotation/msg/_rectangle_selection_viewport.py
[0.496s] -- Up-to-date: /home/hoapham/ros2_ws/install/rviz_cloud_annotation/local/lib/python3.10/dist-packages/rviz_cloud_annotation/msg/_rectangle_selection_viewport_s.c
[0.496s] -- Up-to-date: /home/hoapham/ros2_ws/install/rviz_cloud_annotation/local/lib/python3.10/dist-packages/rviz_cloud_annotation/__init__.py
[0.496s] -- Up-to-date: /home/hoapham/ros2_ws/install/rviz_cloud_annotation/local/lib/python3.10/dist-packages/rviz_cloud_annotation/librviz_cloud_annotation__rosidl_generator_py.so
[0.496s] -- Up-to-date: /home/hoapham/ros2_ws/install/rviz_cloud_annotation/local/lib/python3.10/dist-packages/rviz_cloud_annotation/rviz_cloud_annotation_s__rosidl_typesupport_c.cpython-310-x86_64-linux-gnu.so
[0.496s] -- Up-to-date: /home/hoapham/ros2_ws/install/rviz_cloud_annotation/local/lib/python3.10/dist-packages/rviz_cloud_annotation/_rviz_cloud_annotation_s.ep.rosidl_typesupport_c.c
[0.496s] -- Up-to-date: /home/hoapham/ros2_ws/install/rviz_cloud_annotation/local/lib/python3.10/dist-packages/rviz_cloud_annotation/rviz_cloud_annotation_s__rosidl_typesupport_fastrtps_c.cpython-310-x86_64-linux-gnu.so
[0.496s] -- Up-to-date: /home/hoapham/ros2_ws/install/rviz_cloud_annotation/local/lib/python3.10/dist-packages/rviz_cloud_annotation/rviz_cloud_annotation_s__rosidl_typesupport_introspection_c.cpython-310-x86_64-linux-gnu.so
[0.496s] -- Up-to-date: /home/hoapham/ros2_ws/install/rviz_cloud_annotation/local/lib/python3.10/dist-packages/rviz_cloud_annotation/_rviz_cloud_annotation_s.ep.rosidl_typesupport_introspection_c.c
[0.496s] -- Up-to-date: /home/hoapham/ros2_ws/install/rviz_cloud_annotation/local/lib/python3.10/dist-packages/rviz_cloud_annotation/_rviz_cloud_annotation_s.ep.rosidl_typesupport_fastrtps_c.c
[0.522s] Listing '/home/hoapham/ros2_ws/install/rviz_cloud_annotation/local/lib/python3.10/dist-packages/rviz_cloud_annotation'...
[0.522s] Listing '/home/hoapham/ros2_ws/install/rviz_cloud_annotation/local/lib/python3.10/dist-packages/rviz_cloud_annotation/msg'...
[0.529s] -- Up-to-date: /home/hoapham/ros2_ws/install/rviz_cloud_annotation/local/lib/python3.10/dist-packages/rviz_cloud_annotation/rviz_cloud_annotation_s__rosidl_typesupport_fastrtps_c.cpython-310-x86_64-linux-gnu.so
[0.529s] -- Up-to-date: /home/hoapham/ros2_ws/install/rviz_cloud_annotation/local/lib/python3.10/dist-packages/rviz_cloud_annotation/rviz_cloud_annotation_s__rosidl_typesupport_introspection_c.cpython-310-x86_64-linux-gnu.so
[0.530s] -- Up-to-date: /home/hoapham/ros2_ws/install/rviz_cloud_annotation/local/lib/python3.10/dist-packages/rviz_cloud_annotation/rviz_cloud_annotation_s__rosidl_typesupport_c.cpython-310-x86_64-linux-gnu.so
[0.530s] -- Up-to-date: /home/hoapham/ros2_ws/install/rviz_cloud_annotation/lib/librviz_cloud_annotation__rosidl_generator_py.so
[0.530s] -- Up-to-date: /home/hoapham/ros2_ws/install/rviz_cloud_annotation/share/rviz_cloud_annotation/msg/UndoRedoState.idl
[0.530s] -- Up-to-date: /home/hoapham/ros2_ws/install/rviz_cloud_annotation/share/rviz_cloud_annotation/msg/RectangleSelectionViewport.idl
[0.530s] -- Up-to-date: /home/hoapham/ros2_ws/install/rviz_cloud_annotation/share/rviz_cloud_annotation/msg/UndoRedoState.msg
[0.530s] -- Up-to-date: /home/hoapham/ros2_ws/install/rviz_cloud_annotation/share/rviz_cloud_annotation/msg/RectangleSelectionViewport.msg
[0.530s] -- Up-to-date: /home/hoapham/ros2_ws/install/rviz_cloud_annotation/lib/librviz_cloud_annotation_points.so
[0.530s] -- Up-to-date: /home/hoapham/ros2_ws/install/rviz_cloud_annotation/lib/rviz_cloud_annotation/rviz_cloud_annotation_test
[0.531s] -- Up-to-date: /home/hoapham/ros2_ws/install/rviz_cloud_annotation/lib/rviz_cloud_annotation/librviz_cloud_annotation_plugin.so
[0.531s] -- Up-to-date: /home/hoapham/ros2_ws/install/rviz_cloud_annotation/lib/rviz_cloud_annotation/rviz_cloud_annotation_node
[0.531s] -- Up-to-date: /home/hoapham/ros2_ws/install/rviz_cloud_annotation/lib/rviz_cloud_annotation/librviz_cloud_annotation_points.so
[0.531s] -- Up-to-date: /home/hoapham/ros2_ws/install/rviz_cloud_annotation/share/rviz_cloud_annotation/icons
[0.531s] -- Up-to-date: /home/hoapham/ros2_ws/install/rviz_cloud_annotation/share/rviz_cloud_annotation/icons/classes
[0.531s] -- Up-to-date: /home/hoapham/ros2_ws/install/rviz_cloud_annotation/share/rviz_cloud_annotation/icons/classes/Annotation.png
[0.531s] -- Up-to-date: /home/hoapham/ros2_ws/install/rviz_cloud_annotation/share/rviz_cloud_annotation/icons/classes/AnnotationTool.png
[0.532s] -- Up-to-date: /home/hoapham/ros2_ws/install/rviz_cloud_annotation/share/rviz_cloud_annotation//launch
[0.532s] -- Up-to-date: /home/hoapham/ros2_ws/install/rviz_cloud_annotation/share/rviz_cloud_annotation//launch/example.launch
[0.532s] -- Up-to-date: /home/hoapham/ros2_ws/install/rviz_cloud_annotation/share/rviz_cloud_annotation//data
[0.532s] -- Up-to-date: /home/hoapham/ros2_ws/install/rviz_cloud_annotation/share/rviz_cloud_annotation//data/Zivid3D.pcd
[0.532s] -- Up-to-date: /home/hoapham/ros2_ws/install/rviz_cloud_annotation/share/rviz_cloud_annotation//data/example.pcd
[0.532s] -- Up-to-date: /home/hoapham/ros2_ws/install/rviz_cloud_annotation/share/rviz_cloud_annotation//rviz
[0.532s] -- Up-to-date: /home/hoapham/ros2_ws/install/rviz_cloud_annotation/share/rviz_cloud_annotation//rviz/annotation.rviz
[0.532s] -- Up-to-date: /home/hoapham/ros2_ws/install/rviz_cloud_annotation/share/rviz_cloud_annotation/rviz_plugin/plugin_description.xml
[0.532s] -- Up-to-date: /home/hoapham/ros2_ws/install/rviz_cloud_annotation/share/ament_index/resource_index/package_run_dependencies/rviz_cloud_annotation
[0.532s] -- Up-to-date: /home/hoapham/ros2_ws/install/rviz_cloud_annotation/share/ament_index/resource_index/parent_prefix_path/rviz_cloud_annotation
[0.532s] -- Up-to-date: /home/hoapham/ros2_ws/install/rviz_cloud_annotation/share/rviz_cloud_annotation/environment/ament_prefix_path.sh
[0.532s] -- Up-to-date: /home/hoapham/ros2_ws/install/rviz_cloud_annotation/share/rviz_cloud_annotation/environment/ament_prefix_path.dsv
[0.532s] -- Up-to-date: /home/hoapham/ros2_ws/install/rviz_cloud_annotation/share/rviz_cloud_annotation/environment/path.sh
[0.532s] -- Up-to-date: /home/hoapham/ros2_ws/install/rviz_cloud_annotation/share/rviz_cloud_annotation/environment/path.dsv
[0.532s] -- Up-to-date: /home/hoapham/ros2_ws/install/rviz_cloud_annotation/share/rviz_cloud_annotation/local_setup.bash
[0.532s] -- Up-to-date: /home/hoapham/ros2_ws/install/rviz_cloud_annotation/share/rviz_cloud_annotation/local_setup.sh
[0.532s] -- Up-to-date: /home/hoapham/ros2_ws/install/rviz_cloud_annotation/share/rviz_cloud_annotation/local_setup.zsh
[0.532s] -- Up-to-date: /home/hoapham/ros2_ws/install/rviz_cloud_annotation/share/rviz_cloud_annotation/local_setup.dsv
[0.532s] -- Installing: /home/hoapham/ros2_ws/install/rviz_cloud_annotation/share/rviz_cloud_annotation/package.dsv
[0.532s] -- Up-to-date: /home/hoapham/ros2_ws/install/rviz_cloud_annotation/share/ament_index/resource_index/packages/rviz_cloud_annotation
[0.532s] -- Up-to-date: /home/hoapham/ros2_ws/install/rviz_cloud_annotation/share/ament_index/resource_index/rviz_common__pluginlib__plugin/rviz_cloud_annotation
[0.532s] -- Up-to-date: /home/hoapham/ros2_ws/install/rviz_cloud_annotation/share/rviz_cloud_annotation/cmake/export_rviz_cloud_annotation__rosidl_generator_cExport.cmake
[0.532s] -- Up-to-date: /home/hoapham/ros2_ws/install/rviz_cloud_annotation/share/rviz_cloud_annotation/cmake/export_rviz_cloud_annotation__rosidl_generator_cExport-noconfig.cmake
[0.533s] -- Up-to-date: /home/hoapham/ros2_ws/install/rviz_cloud_annotation/share/rviz_cloud_annotation/cmake/export_rviz_cloud_annotation__rosidl_typesupport_fastrtps_cExport.cmake
[0.533s] -- Up-to-date: /home/hoapham/ros2_ws/install/rviz_cloud_annotation/share/rviz_cloud_annotation/cmake/export_rviz_cloud_annotation__rosidl_typesupport_fastrtps_cExport-noconfig.cmake
[0.533s] -- Up-to-date: /home/hoapham/ros2_ws/install/rviz_cloud_annotation/share/rviz_cloud_annotation/cmake/export_rviz_cloud_annotation__rosidl_generator_cppExport.cmake
[0.533s] -- Up-to-date: /home/hoapham/ros2_ws/install/rviz_cloud_annotation/share/rviz_cloud_annotation/cmake/export_rviz_cloud_annotation__rosidl_typesupport_fastrtps_cppExport.cmake
[0.533s] -- Up-to-date: /home/hoapham/ros2_ws/install/rviz_cloud_annotation/share/rviz_cloud_annotation/cmake/export_rviz_cloud_annotation__rosidl_typesupport_fastrtps_cppExport-noconfig.cmake
[0.533s] -- Up-to-date: /home/hoapham/ros2_ws/install/rviz_cloud_annotation/share/rviz_cloud_annotation/cmake/rviz_cloud_annotation__rosidl_typesupport_introspection_cExport.cmake
[0.533s] -- Up-to-date: /home/hoapham/ros2_ws/install/rviz_cloud_annotation/share/rviz_cloud_annotation/cmake/rviz_cloud_annotation__rosidl_typesupport_introspection_cExport-noconfig.cmake
[0.533s] -- Up-to-date: /home/hoapham/ros2_ws/install/rviz_cloud_annotation/share/rviz_cloud_annotation/cmake/rviz_cloud_annotation__rosidl_typesupport_cExport.cmake
[0.533s] -- Up-to-date: /home/hoapham/ros2_ws/install/rviz_cloud_annotation/share/rviz_cloud_annotation/cmake/rviz_cloud_annotation__rosidl_typesupport_cExport-noconfig.cmake
[0.533s] -- Up-to-date: /home/hoapham/ros2_ws/install/rviz_cloud_annotation/share/rviz_cloud_annotation/cmake/rviz_cloud_annotation__rosidl_typesupport_introspection_cppExport.cmake
[0.533s] -- Up-to-date: /home/hoapham/ros2_ws/install/rviz_cloud_annotation/share/rviz_cloud_annotation/cmake/rviz_cloud_annotation__rosidl_typesupport_introspection_cppExport-noconfig.cmake
[0.533s] -- Up-to-date: /home/hoapham/ros2_ws/install/rviz_cloud_annotation/share/rviz_cloud_annotation/cmake/rviz_cloud_annotation__rosidl_typesupport_cppExport.cmake
[0.533s] -- Up-to-date: /home/hoapham/ros2_ws/install/rviz_cloud_annotation/share/rviz_cloud_annotation/cmake/rviz_cloud_annotation__rosidl_typesupport_cppExport-noconfig.cmake
[0.533s] -- Up-to-date: /home/hoapham/ros2_ws/install/rviz_cloud_annotation/share/rviz_cloud_annotation/cmake/export_rviz_cloud_annotation__rosidl_generator_pyExport.cmake
[0.533s] -- Up-to-date: /home/hoapham/ros2_ws/install/rviz_cloud_annotation/share/rviz_cloud_annotation/cmake/export_rviz_cloud_annotation__rosidl_generator_pyExport-noconfig.cmake
[0.533s] -- Up-to-date: /home/hoapham/ros2_ws/install/rviz_cloud_annotation/share/rviz_cloud_annotation/cmake/export_rviz_cloud_annotationExport.cmake
[0.533s] -- Up-to-date: /home/hoapham/ros2_ws/install/rviz_cloud_annotation/share/rviz_cloud_annotation/cmake/export_rviz_cloud_annotationExport-noconfig.cmake
[0.534s] -- Up-to-date: /home/hoapham/ros2_ws/install/rviz_cloud_annotation/share/rviz_cloud_annotation/cmake/rosidl_cmake-extras.cmake
[0.534s] -- Up-to-date: /home/hoapham/ros2_ws/install/rviz_cloud_annotation/share/rviz_cloud_annotation/cmake/ament_cmake_export_dependencies-extras.cmake
[0.534s] -- Up-to-date: /home/hoapham/ros2_ws/install/rviz_cloud_annotation/share/rviz_cloud_annotation/cmake/ament_cmake_export_include_directories-extras.cmake
[0.534s] -- Up-to-date: /home/hoapham/ros2_ws/install/rviz_cloud_annotation/share/rviz_cloud_annotation/cmake/ament_cmake_export_libraries-extras.cmake
[0.534s] -- Up-to-date: /home/hoapham/ros2_ws/install/rviz_cloud_annotation/share/rviz_cloud_annotation/cmake/ament_cmake_export_targets-extras.cmake
[0.534s] -- Up-to-date: /home/hoapham/ros2_ws/install/rviz_cloud_annotation/share/rviz_cloud_annotation/cmake/rosidl_cmake_export_typesupport_targets-extras.cmake
[0.534s] -- Up-to-date: /home/hoapham/ros2_ws/install/rviz_cloud_annotation/share/rviz_cloud_annotation/cmake/rosidl_cmake_export_typesupport_libraries-extras.cmake
[0.534s] -- Up-to-date: /home/hoapham/ros2_ws/install/rviz_cloud_annotation/share/rviz_cloud_annotation/cmake/rviz_cloud_annotationConfig.cmake
[0.534s] -- Up-to-date: /home/hoapham/ros2_ws/install/rviz_cloud_annotation/share/rviz_cloud_annotation/cmake/rviz_cloud_annotationConfig-version.cmake
[0.534s] -- Up-to-date: /home/hoapham/ros2_ws/install/rviz_cloud_annotation/share/rviz_cloud_annotation/package.xml
[0.539s] Invoked command in '/home/hoapham/ros2_ws/build/rviz_cloud_annotation' returned '0': CMAKE_PREFIX_PATH=${CMAKE_PREFIX_PATH}:/opt/ros/humble /usr/bin/cmake --install /home/hoapham/ros2_ws/build/rviz_cloud_annotation
