[ 50%] [32mBuilding CXX object CMakeFiles/ur16_control_ui.dir/src/ur16_control_ui_node.cpp.o[0m
[100%] [32m[1mLinking CXX executable ur16_control_ui[0m
[100%] Built target ur16_control_ui
-- Install configuration: ""
-- Installing: /home/hoapham/ur_ws/install/ur16_control_ui/lib/ur16_control_ui/ur16_control_ui
-- Set runtime path of "/home/hoapham/ur_ws/install/ur16_control_ui/lib/ur16_control_ui/ur16_control_ui" to ""
-- Installing: /home/hoapham/ur_ws/install/ur16_control_ui/include
-- Installing: /home/hoapham/ur_ws/install/ur16_control_ui/include/ur16_control_ui
-- Installing: /home/hoapham/ur_ws/install/ur16_control_ui/include/ur16_control_ui/parser.h
-- Installing: /home/hoapham/ur_ws/install/ur16_control_ui/share/ur16_control_ui/config
-- Installing: /home/hoapham/ur_ws/install/ur16_control_ui/share/ur16_control_ui/config/config.yaml
-- Installing: /home/hoapham/ur_ws/install/ur16_control_ui/share/ament_index/resource_index/package_run_dependencies/ur16_control_ui
-- Installing: /home/hoapham/ur_ws/install/ur16_control_ui/share/ament_index/resource_index/parent_prefix_path/ur16_control_ui
-- Installing: /home/hoapham/ur_ws/install/ur16_control_ui/share/ur16_control_ui/environment/ament_prefix_path.sh
-- Installing: /home/hoapham/ur_ws/install/ur16_control_ui/share/ur16_control_ui/environment/ament_prefix_path.dsv
-- Installing: /home/hoapham/ur_ws/install/ur16_control_ui/share/ur16_control_ui/environment/path.sh
-- Installing: /home/hoapham/ur_ws/install/ur16_control_ui/share/ur16_control_ui/environment/path.dsv
-- Installing: /home/hoapham/ur_ws/install/ur16_control_ui/share/ur16_control_ui/local_setup.bash
-- Installing: /home/hoapham/ur_ws/install/ur16_control_ui/share/ur16_control_ui/local_setup.sh
-- Installing: /home/hoapham/ur_ws/install/ur16_control_ui/share/ur16_control_ui/local_setup.zsh
-- Installing: /home/hoapham/ur_ws/install/ur16_control_ui/share/ur16_control_ui/local_setup.dsv
-- Installing: /home/hoapham/ur_ws/install/ur16_control_ui/share/ur16_control_ui/package.dsv
-- Installing: /home/hoapham/ur_ws/install/ur16_control_ui/share/ament_index/resource_index/packages/ur16_control_ui
-- Installing: /home/hoapham/ur_ws/install/ur16_control_ui/share/ur16_control_ui/cmake/ament_cmake_export_include_directories-extras.cmake
-- Installing: /home/hoapham/ur_ws/install/ur16_control_ui/share/ur16_control_ui/cmake/ur16_control_uiConfig.cmake
-- Installing: /home/hoapham/ur_ws/install/ur16_control_ui/share/ur16_control_ui/cmake/ur16_control_uiConfig-version.cmake
-- Installing: /home/hoapham/ur_ws/install/ur16_control_ui/share/ur16_control_ui/package.xml
