[0.008s] Invoking command in '/home/hoapham/ros2_ws/build/ros2_qt_rviz2': CMAKE_PREFIX_PATH=${CMAKE_PREFIX_PATH}:/opt/ros/humble /usr/bin/cmake --build /home/hoapham/ros2_ws/build/ros2_qt_rviz2
[0.067s] [100%] Built target ros2_qt_rviz2
[0.078s] Invoked command in '/home/hoapham/ros2_ws/build/ros2_qt_rviz2' returned '0': CMAKE_PREFIX_PATH=${CMAKE_PREFIX_PATH}:/opt/ros/humble /usr/bin/cmake --build /home/hoapham/ros2_ws/build/ros2_qt_rviz2
[0.079s] Invoking command in '/home/hoapham/ros2_ws/build/ros2_qt_rviz2': CMAKE_PREFIX_PATH=${CMAKE_PREFIX_PATH}:/opt/ros/humble /usr/bin/cmake --install /home/hoapham/ros2_ws/build/ros2_qt_rviz2
[0.086s] -- Install configuration: ""
[0.086s] -- Up-to-date: /home/hoapham/ros2_ws/install/ros2_qt_rviz2/lib/ros2_qt_rviz2/ros2_qt_rviz2
[0.086s] -- Up-to-date: /home/hoapham/ros2_ws/install/ros2_qt_rviz2/share/ament_index/resource_index/package_run_dependencies/ros2_qt_rviz2
[0.086s] -- Up-to-date: /home/hoapham/ros2_ws/install/ros2_qt_rviz2/share/ament_index/resource_index/parent_prefix_path/ros2_qt_rviz2
[0.086s] -- Up-to-date: /home/hoapham/ros2_ws/install/ros2_qt_rviz2/share/ros2_qt_rviz2/environment/ament_prefix_path.sh
[0.086s] -- Up-to-date: /home/hoapham/ros2_ws/install/ros2_qt_rviz2/share/ros2_qt_rviz2/environment/ament_prefix_path.dsv
[0.086s] -- Up-to-date: /home/hoapham/ros2_ws/install/ros2_qt_rviz2/share/ros2_qt_rviz2/environment/path.sh
[0.086s] -- Up-to-date: /home/hoapham/ros2_ws/install/ros2_qt_rviz2/share/ros2_qt_rviz2/environment/path.dsv
[0.087s] -- Up-to-date: /home/hoapham/ros2_ws/install/ros2_qt_rviz2/share/ros2_qt_rviz2/local_setup.bash
[0.087s] -- Up-to-date: /home/hoapham/ros2_ws/install/ros2_qt_rviz2/share/ros2_qt_rviz2/local_setup.sh
[0.087s] -- Up-to-date: /home/hoapham/ros2_ws/install/ros2_qt_rviz2/share/ros2_qt_rviz2/local_setup.zsh
[0.087s] -- Up-to-date: /home/hoapham/ros2_ws/install/ros2_qt_rviz2/share/ros2_qt_rviz2/local_setup.dsv
[0.087s] -- Installing: /home/hoapham/ros2_ws/install/ros2_qt_rviz2/share/ros2_qt_rviz2/package.dsv
[0.087s] -- Up-to-date: /home/hoapham/ros2_ws/install/ros2_qt_rviz2/share/ament_index/resource_index/packages/ros2_qt_rviz2
[0.087s] -- Up-to-date: /home/hoapham/ros2_ws/install/ros2_qt_rviz2/share/ros2_qt_rviz2/cmake/ament_cmake_export_dependencies-extras.cmake
[0.087s] -- Up-to-date: /home/hoapham/ros2_ws/install/ros2_qt_rviz2/share/ros2_qt_rviz2/cmake/ros2_qt_rviz2Config.cmake
[0.087s] -- Up-to-date: /home/hoapham/ros2_ws/install/ros2_qt_rviz2/share/ros2_qt_rviz2/cmake/ros2_qt_rviz2Config-version.cmake
[0.087s] -- Up-to-date: /home/hoapham/ros2_ws/install/ros2_qt_rviz2/share/ros2_qt_rviz2/package.xml
[0.088s] Invoked command in '/home/hoapham/ros2_ws/build/ros2_qt_rviz2' returned '0': CMAKE_PREFIX_PATH=${CMAKE_PREFIX_PATH}:/opt/ros/humble /usr/bin/cmake --install /home/hoapham/ros2_ws/build/ros2_qt_rviz2
