[ 14%] [34m[1mAutomatic MOC and UIC for target gui[0m
[ 14%] Built target gui_autogen
[ 57%] [32mBuilding CXX object CMakeFiles/gui.dir/src/main.cpp.o[0m
[ 57%] [32mBuilding CXX object CMakeFiles/gui.dir/gui_autogen/mocs_compilation.cpp.o[0m
[ 57%] [32mBuilding CXX object CMakeFiles/gui.dir/src/hello_gui.cpp.o[0m
In file included from [01m[K/home/hoapham/ros2_ws/src/gui/src/main.cpp:1[m[K:
[01m[K/home/hoapham/ros2_ws/src/gui/include/gui/hello_gui.h:31:10:[m[K [01;31m[Kfatal error: [m[Kgui/my_second_window.h: No such file or directory
   31 | #include [01;31m[K"gui/my_second_window.h"[m[K
      |          [01;31m[K^~~~~~~~~~~~~~~~~~~~~~~~[m[K
compilation terminated.
In file included from [01m[K/home/hoapham/ros2_ws/build/gui/gui_autogen/BMPI5EA7AM/moc_hello_gui.cpp:10[m[K,
                 from [01m[K/home/hoapham/ros2_ws/build/gui/gui_autogen/mocs_compilation.cpp:2[m[K:
[01m[K/home/hoapham/ros2_ws/build/gui/gui_autogen/BMPI5EA7AM/../../../../src/gui/include/gui/hello_gui.h:31:10:[m[K [01;31m[Kfatal error: [m[Kgui/my_second_window.h: No such file or directory
   31 | #include [01;31m[K"gui/my_second_window.h"[m[K
      |          [01;31m[K^~~~~~~~~~~~~~~~~~~~~~~~[m[K
compilation terminated.
In file included from [01m[K/home/hoapham/ros2_ws/src/gui/src/hello_gui.cpp:3[m[K:
[01m[K/home/hoapham/ros2_ws/src/gui/include/gui/hello_gui.h:31:10:[m[K [01;31m[Kfatal error: [m[Kgui/my_second_window.h: No such file or directory
   31 | #include [01;31m[K"gui/my_second_window.h"[m[K
      |          [01;31m[K^~~~~~~~~~~~~~~~~~~~~~~~[m[K
compilation terminated.
gmake[2]: *** [CMakeFiles/gui.dir/build.make:76: CMakeFiles/gui.dir/gui_autogen/mocs_compilation.cpp.o] Error 1
gmake[2]: *** Waiting for unfinished jobs....
gmake[2]: *** [CMakeFiles/gui.dir/build.make:90: CMakeFiles/gui.dir/src/main.cpp.o] Error 1
gmake[2]: *** [CMakeFiles/gui.dir/build.make:104: CMakeFiles/gui.dir/src/hello_gui.cpp.o] Error 1
gmake[1]: *** [CMakeFiles/Makefile2:138: CMakeFiles/gui.dir/all] Error 2
gmake: *** [Makefile:146: all] Error 2
