[0.011s] Invoking command in '/home/hoapham/ros2_ws/build/gui': CMAKE_PREFIX_PATH=${CMAKE_PREFIX_PATH}:/opt/ros/humble /usr/bin/cmake --build /home/hoapham/ros2_ws/build/gui -- -j16 -l16
[0.075s] [ 14%] [34m[1mAutomatic MOC and UIC for target gui[0m
[0.836s] [ 14%] Built target gui_autogen
[0.883s] [ 57%] [32mBuilding CXX object CMakeFiles/gui.dir/src/main.cpp.o[0m
[0.883s] [ 57%] [32mBuilding CXX object CMakeFiles/gui.dir/gui_autogen/mocs_compilation.cpp.o[0m
[0.883s] [ 57%] [32mBuilding CXX object CMakeFiles/gui.dir/src/hello_gui.cpp.o[0m
[1.795s] In file included from [01m[K/home/hoapham/ros2_ws/src/gui/src/main.cpp:1[m[K:
[1.795s] [01m[K/home/hoapham/ros2_ws/src/gui/include/gui/hello_gui.h:31:10:[m[K [01;31m[Kfatal error: [m[Kgui/my_second_window.h: No such file or directory
[1.796s]    31 | #include [01;31m[K"gui/my_second_window.h"[m[K
[1.796s]       |          [01;31m[K^~~~~~~~~~~~~~~~~~~~~~~~[m[K
[1.796s] compilation terminated.
[1.796s] In file included from [01m[K/home/hoapham/ros2_ws/build/gui/gui_autogen/BMPI5EA7AM/moc_hello_gui.cpp:10[m[K,
[1.796s]                  from [01m[K/home/hoapham/ros2_ws/build/gui/gui_autogen/mocs_compilation.cpp:2[m[K:
[1.796s] [01m[K/home/hoapham/ros2_ws/build/gui/gui_autogen/BMPI5EA7AM/../../../../src/gui/include/gui/hello_gui.h:31:10:[m[K [01;31m[Kfatal error: [m[Kgui/my_second_window.h: No such file or directory
[1.796s]    31 | #include [01;31m[K"gui/my_second_window.h"[m[K
[1.796s]       |          [01;31m[K^~~~~~~~~~~~~~~~~~~~~~~~[m[K
[1.796s] compilation terminated.
[1.799s] In file included from [01m[K/home/hoapham/ros2_ws/src/gui/src/hello_gui.cpp:3[m[K:
[1.799s] [01m[K/home/hoapham/ros2_ws/src/gui/include/gui/hello_gui.h:31:10:[m[K [01;31m[Kfatal error: [m[Kgui/my_second_window.h: No such file or directory
[1.799s]    31 | #include [01;31m[K"gui/my_second_window.h"[m[K
[1.799s]       |          [01;31m[K^~~~~~~~~~~~~~~~~~~~~~~~[m[K
[1.799s] compilation terminated.
[1.808s] gmake[2]: *** [CMakeFiles/gui.dir/build.make:76: CMakeFiles/gui.dir/gui_autogen/mocs_compilation.cpp.o] Error 1
[1.809s] gmake[2]: *** Waiting for unfinished jobs....
[1.809s] gmake[2]: *** [CMakeFiles/gui.dir/build.make:90: CMakeFiles/gui.dir/src/main.cpp.o] Error 1
[1.810s] gmake[2]: *** [CMakeFiles/gui.dir/build.make:104: CMakeFiles/gui.dir/src/hello_gui.cpp.o] Error 1
[1.811s] gmake[1]: *** [CMakeFiles/Makefile2:138: CMakeFiles/gui.dir/all] Error 2
[1.811s] gmake: *** [Makefile:146: all] Error 2
[1.815s] Invoked command in '/home/hoapham/ros2_ws/build/gui' returned '2': CMAKE_PREFIX_PATH=${CMAKE_PREFIX_PATH}:/opt/ros/humble /usr/bin/cmake --build /home/hoapham/ros2_ws/build/gui -- -j16 -l16
