[0.010s] Invoking command in '/home/hoapham/ur_ws/build/ur16_control_ui': BYOBU_DATE=%Y-%m-%d CMAKE_PREFIX_PATH=${CMAKE_PREFIX_PATH}:/opt/ros/humble /usr/bin/cmake /home/hoapham/ur_ws/src/ur16_control_ui -DCMAKE_INSTALL_PREFIX=/home/hoapham/ur_ws/install/ur16_control_ui
[0.064s] -- The C compiler identification is GNU 11.4.0
[0.108s] -- The CXX compiler identification is GNU 11.4.0
[0.115s] -- Detecting C compiler ABI info
[0.177s] -- Detecting C compiler ABI info - done
[0.182s] -- Check for working C compiler: /usr/bin/cc - skipped
[0.183s] -- Detecting C compile features
[0.183s] -- Detecting C compile features - done
[0.186s] -- Detecting CXX compiler ABI info
[0.253s] -- Detecting CXX compiler ABI info - done
[0.257s] -- Check for working CXX compiler: /usr/bin/c++ - skipped
[0.257s] -- Detecting CXX compile features
[0.258s] -- Detecting CXX compile features - done
[0.267s] -- Found ament_cmake: 1.3.11 (/opt/ros/humble/share/ament_cmake/cmake)
[0.383s] -- Found Python3: /usr/bin/python3 (found version "3.10.12") found components: Interpreter 
[0.470s] -- Found rclcpp: 16.0.12 (/opt/ros/humble/share/rclcpp/cmake)
[0.525s] -- Found rosidl_generator_c: 3.1.6 (/opt/ros/humble/share/rosidl_generator_c/cmake)
[0.531s] -- Found rosidl_adapter: 3.1.6 (/opt/ros/humble/share/rosidl_adapter/cmake)
[0.540s] -- Found rosidl_generator_cpp: 3.1.6 (/opt/ros/humble/share/rosidl_generator_cpp/cmake)
[0.554s] -- Using all available rosidl_typesupport_c: rosidl_typesupport_fastrtps_c;rosidl_typesupport_introspection_c
[0.570s] -- Using all available rosidl_typesupport_cpp: rosidl_typesupport_fastrtps_cpp;rosidl_typesupport_introspection_cpp
[0.616s] -- Found rmw_implementation_cmake: 6.1.2 (/opt/ros/humble/share/rmw_implementation_cmake/cmake)
[0.620s] -- Found rmw_cyclonedds_cpp: 1.3.4 (/opt/ros/humble/share/rmw_cyclonedds_cpp/cmake)
[0.645s] -- Using RMW implementation 'rmw_cyclonedds_cpp' as default
[0.656s] -- Looking for pthread.h
[0.716s] -- Looking for pthread.h - found
[0.716s] -- Performing Test CMAKE_HAVE_LIBC_PTHREAD
[0.780s] -- Performing Test CMAKE_HAVE_LIBC_PTHREAD - Success
[0.781s] -- Found Threads: TRUE  
[0.827s] -- Found moveit_ros_planning_interface: 2.5.9 (/opt/ros/humble/share/moveit_ros_planning_interface/cmake)
[0.855s] -- Found Boost: /usr/lib/x86_64-linux-gnu/cmake/Boost-1.74.0/BoostConfig.cmake (found version "1.74.0") found components: date_time filesystem program_options system thread 
[0.997s] -- Found Boost: /usr/lib/x86_64-linux-gnu/cmake/Boost-1.74.0/BoostConfig.cmake (found version "1.74.0") found components: chrono date_time filesystem iostreams program_options regex serialization system thread 
[1.045s] -- Found parameter_traits: 0.4.0 (/opt/ros/humble/share/parameter_traits/cmake)
[1.057s] -- Found Eigen3: TRUE (found version "3.4.0") 
[1.060s] -- Found rclcpp_lifecycle: 16.0.12 (/opt/ros/humble/share/rclcpp_lifecycle/cmake)
[1.082s] -- Found Boost: /usr/lib/x86_64-linux-gnu/cmake/Boost-1.74.0/BoostConfig.cmake (found version "1.74.0") found components: filesystem 
[1.173s] -- library: /usr/lib/x86_64-linux-gnu/libcurl.so
[1.201s] -- Ensuring Eigen3 include directory is part of orocos-kdl CMake target
[1.328s] -- Found Boost: /usr/lib/x86_64-linux-gnu/cmake/Boost-1.74.0/BoostConfig.cmake (found version "1.74.0") found components: system filesystem date_time program_options thread chrono 
[1.353s] -- Found Boost: /usr/lib/x86_64-linux-gnu/cmake/Boost-1.74.0/BoostConfig.cmake (found version "1.74.0") found components: thread system filesystem regex date_time program_options 
[1.436s] -- Found Boost: /usr/lib/x86_64-linux-gnu/cmake/Boost-1.74.0/BoostConfig.cmake (found version "1.74.0") found components: system filesystem date_time program_options thread 
[1.460s] -- Found moveit_common: 2.5.9 (/opt/ros/humble/share/moveit_common/cmake)
[1.519s] -- Configuring done
[1.539s] -- Generating done
[1.544s] -- Build files have been written to: /home/hoapham/ur_ws/build/ur16_control_ui
[1.555s] Invoked command in '/home/hoapham/ur_ws/build/ur16_control_ui' returned '0': BYOBU_DATE=%Y-%m-%d CMAKE_PREFIX_PATH=${CMAKE_PREFIX_PATH}:/opt/ros/humble /usr/bin/cmake /home/hoapham/ur_ws/src/ur16_control_ui -DCMAKE_INSTALL_PREFIX=/home/hoapham/ur_ws/install/ur16_control_ui
[1.556s] Invoking command in '/home/hoapham/ur_ws/build/ur16_control_ui': BYOBU_DATE=%Y-%m-%d CMAKE_PREFIX_PATH=${CMAKE_PREFIX_PATH}:/opt/ros/humble /usr/bin/cmake --build /home/hoapham/ur_ws/build/ur16_control_ui -- -j16 -l16
[1.596s] [35m[1mConsolidate compiler generated dependencies of target ur16_control_ui[0m
[1.619s] [ 50%] [32mBuilding CXX object CMakeFiles/ur16_control_ui.dir/src/ur16_control_ui_node.cpp.o[0m
[7.489s] [100%] [32m[1mLinking CXX executable ur16_control_ui[0m
[7.751s] [100%] Built target ur16_control_ui
[7.762s] Invoked command in '/home/hoapham/ur_ws/build/ur16_control_ui' returned '0': BYOBU_DATE=%Y-%m-%d CMAKE_PREFIX_PATH=${CMAKE_PREFIX_PATH}:/opt/ros/humble /usr/bin/cmake --build /home/hoapham/ur_ws/build/ur16_control_ui -- -j16 -l16
[7.771s] Invoking command in '/home/hoapham/ur_ws/build/ur16_control_ui': BYOBU_DATE=%Y-%m-%d CMAKE_PREFIX_PATH=${CMAKE_PREFIX_PATH}:/opt/ros/humble /usr/bin/cmake --install /home/hoapham/ur_ws/build/ur16_control_ui
[7.777s] -- Install configuration: ""
[7.778s] -- Installing: /home/hoapham/ur_ws/install/ur16_control_ui/lib/ur16_control_ui/ur16_control_ui
[7.779s] -- Set runtime path of "/home/hoapham/ur_ws/install/ur16_control_ui/lib/ur16_control_ui/ur16_control_ui" to ""
[7.779s] -- Up-to-date: /home/hoapham/ur_ws/install/ur16_control_ui/include
[7.779s] -- Up-to-date: /home/hoapham/ur_ws/install/ur16_control_ui/include/ur16_control_ui
[7.779s] -- Up-to-date: /home/hoapham/ur_ws/install/ur16_control_ui/include/ur16_control_ui/parser.h
[7.780s] -- Up-to-date: /home/hoapham/ur_ws/install/ur16_control_ui/share/ur16_control_ui/config
[7.780s] -- Up-to-date: /home/hoapham/ur_ws/install/ur16_control_ui/share/ur16_control_ui/config/config.yaml
[7.780s] -- Up-to-date: /home/hoapham/ur_ws/install/ur16_control_ui/share/ament_index/resource_index/package_run_dependencies/ur16_control_ui
[7.780s] -- Up-to-date: /home/hoapham/ur_ws/install/ur16_control_ui/share/ament_index/resource_index/parent_prefix_path/ur16_control_ui
[7.780s] -- Up-to-date: /home/hoapham/ur_ws/install/ur16_control_ui/share/ur16_control_ui/environment/ament_prefix_path.sh
[7.780s] -- Installing: /home/hoapham/ur_ws/install/ur16_control_ui/share/ur16_control_ui/environment/ament_prefix_path.dsv
[7.780s] -- Up-to-date: /home/hoapham/ur_ws/install/ur16_control_ui/share/ur16_control_ui/environment/path.sh
[7.780s] -- Installing: /home/hoapham/ur_ws/install/ur16_control_ui/share/ur16_control_ui/environment/path.dsv
[7.780s] -- Up-to-date: /home/hoapham/ur_ws/install/ur16_control_ui/share/ur16_control_ui/local_setup.bash
[7.780s] -- Up-to-date: /home/hoapham/ur_ws/install/ur16_control_ui/share/ur16_control_ui/local_setup.sh
[7.780s] -- Up-to-date: /home/hoapham/ur_ws/install/ur16_control_ui/share/ur16_control_ui/local_setup.zsh
[7.780s] -- Installing: /home/hoapham/ur_ws/install/ur16_control_ui/share/ur16_control_ui/local_setup.dsv
[7.780s] -- Installing: /home/hoapham/ur_ws/install/ur16_control_ui/share/ur16_control_ui/package.dsv
[7.780s] -- Up-to-date: /home/hoapham/ur_ws/install/ur16_control_ui/share/ament_index/resource_index/packages/ur16_control_ui
[7.781s] -- Up-to-date: /home/hoapham/ur_ws/install/ur16_control_ui/share/ur16_control_ui/cmake/ament_cmake_export_include_directories-extras.cmake
[7.781s] -- Up-to-date: /home/hoapham/ur_ws/install/ur16_control_ui/share/ur16_control_ui/cmake/ur16_control_uiConfig.cmake
[7.781s] -- Up-to-date: /home/hoapham/ur_ws/install/ur16_control_ui/share/ur16_control_ui/cmake/ur16_control_uiConfig-version.cmake
[7.781s] -- Up-to-date: /home/hoapham/ur_ws/install/ur16_control_ui/share/ur16_control_ui/package.xml
[7.782s] Invoked command in '/home/hoapham/ur_ws/build/ur16_control_ui' returned '0': BYOBU_DATE=%Y-%m-%d CMAKE_PREFIX_PATH=${CMAKE_PREFIX_PATH}:/opt/ros/humble /usr/bin/cmake --install /home/hoapham/ur_ws/build/ur16_control_ui
