[01m[K/home/hoapham/ros2_ws/src/gui/src/preparation.cpp:[m[K In constructor ‘[01m[KForm::Form(QWidget*, rviz_common::ros_integration::RosNodeAbstractionIface::WeakPtr)[m[K’:
[01m[K/home/hoapham/ros2_ws/src/gui/src/preparation.cpp:16:69:[m[K [01;31m[Kerror: [m[Kno matching function for call to ‘[01m[Krviz_common::VisualizationManager::VisualizationManager(rviz_common::RenderPanel*&)[m[K’
   16 |     viz_manager_(new rviz_common::VisualizationManager(render_panel_[01;31m[K)[m[K)  // Create the VisualizationManager
      |                                                                     [01;31m[K^[m[K
In file included from [01m[K/home/hoapham/ros2_ws/src/gui/include/gui/preparation.h:5[m[K,
                 from [01m[K/home/hoapham/ros2_ws/src/gui/src/preparation.cpp:1[m[K:
[01m[K/opt/ros/humble/include/rviz_common/rviz_common/visualization_manager.hpp:103:12:[m[K [01;36m[Knote: [m[Kcandidate: ‘[01m[Krviz_common::VisualizationManager::VisualizationManager(rviz_common::RenderPanel*, rviz_common::ros_integration::RosNodeAbstractionIface::WeakPtr, rviz_common::WindowManagerInterface*, rclcpp::Clock::SharedPtr)[m[K’
  103 |   explicit [01;36m[KVisualizationManager[m[K(
      |            [01;36m[K^~~~~~~~~~~~~~~~~~~~[m[K
[01m[K/opt/ros/humble/include/rviz_common/rviz_common/visualization_manager.hpp:103:12:[m[K [01;36m[Knote: [m[K  candidate expects 4 arguments, 1 provided
[01m[K/home/hoapham/ros2_ws/src/gui/src/preparation.cpp:28:60:[m[K [01;31m[Kerror: [m[Kcannot convert ‘[01m[KOgre::SceneManager*[m[K’ to ‘[01m[Krviz_common::DisplayContext*[m[K’
   28 |     render_panel_->initialize([01;31m[Kviz_manager_->getSceneManager()[m[K, viz_manager_);
      |                               [01;31m[K~~~~~~~~~~~~~~~~~~~~~~~~~~~~~^~[m[K
      |                                                            [01;31m[K|[m[K
      |                                                            [01;31m[KOgre::SceneManager*[m[K
In file included from [01m[K/home/hoapham/ros2_ws/src/gui/include/gui/preparation.h:4[m[K,
                 from [01m[K/home/hoapham/ros2_ws/src/gui/src/preparation.cpp:1[m[K:
[01m[K/opt/ros/humble/include/rviz_common/rviz_common/render_panel.hpp:80:36:[m[K [01;36m[Knote: [m[K  initializing argument 1 of ‘[01m[Kvoid rviz_common::RenderPanel::initialize(rviz_common::DisplayContext*, bool)[m[K’
   80 |   void initialize([01;36m[KDisplayContext * manager[m[K, bool use_main_scene = false);
      |                   [01;36m[K~~~~~~~~~~~~~~~~~^~~~~~~[m[K
[01m[K/home/hoapham/ros2_ws/src/gui/src/preparation.cpp:12:68:[m[K [01;35m[Kwarning: [m[Kunused parameter ‘[01m[Knode[m[K’ [[01;35m[K]8;;https://gcc.gnu.org/onlinedocs/gcc/Warning-Options.html#index-Wunused-parameter-Wunused-parameter]8;;[m[K]
   12 |     [01;35m[Krviz_common::ros_integration::RosNodeAbstractionIface::WeakPtr node[m[K) :
      |     [01;35m[K~~~~~~~~~~~~~~~~~~~~~~~~~~~~~~~~~~~~~~~~~~~~~~~~~~~~~~~~~~~~~~~^~~~[m[K
[01m[K/home/hoapham/ros2_ws/src/gui/src/preparation.cpp:[m[K At global scope:
[01m[K/home/hoapham/ros2_ws/src/gui/src/preparation.cpp:40:1:[m[K [01;31m[Kerror: [m[Kredefinition of ‘[01m[KForm::~Form()[m[K’
   40 | [01;31m[KForm[m[K::~Form()
      | [01;31m[K^~~~[m[K
[01m[K/home/hoapham/ros2_ws/src/gui/src/preparation.cpp:33:1:[m[K [01;36m[Knote: [m[K‘[01m[Kvirtual Form::~Form()[m[K’ previously defined here
   33 | [01;36m[KForm[m[K::~Form()
      | [01;36m[K^~~~[m[K
gmake[2]: *** [CMakeFiles/gui.dir/build.make:160: CMakeFiles/gui.dir/src/preparation.cpp.o] Error 1
gmake[1]: *** [CMakeFiles/Makefile2:138: CMakeFiles/gui.dir/all] Error 2
gmake: *** [Makefile:146: all] Error 2
