[0.061s] DEBUG:colcon:Command line arguments: ['/usr/bin/colcon', 'build', '--packages-select', 'pointcloud_marker']
[0.061s] DEBUG:colcon:Parsed command line arguments: Namespace(log_base=None, log_level=None, verb_name='build', build_base='build', install_base='install', merge_install=False, symlink_install=False, test_result_base=None, continue_on_error=False, executor='parallel', parallel_workers=16, event_handlers=None, ignore_user_meta=False, metas=['./colcon.meta'], base_paths=['.'], packages_ignore=None, packages_ignore_regex=None, paths=None, packages_up_to=None, packages_up_to_regex=None, packages_above=None, packages_above_and_dependencies=None, packages_above_depth=None, packages_select_by_dep=None, packages_skip_by_dep=None, packages_skip_up_to=None, packages_select_build_failed=False, packages_skip_build_finished=False, packages_select_test_failures=False, packages_skip_test_passed=False, packages_select=['pointcloud_marker'], packages_skip=None, packages_select_regex=None, packages_skip_regex=None, packages_start=None, packages_end=None, allow_overriding=[], cmake_args=None, cmake_target=None, cmake_target_skip_unavailable=False, cmake_clean_cache=False, cmake_clean_first=False, cmake_force_configure=False, ament_cmake_args=None, catkin_cmake_args=None, catkin_skip_building_tests=False, mixin_files=None, mixin=None, verb_parser=<colcon_mixin.mixin.mixin_argument.MixinArgumentDecorator object at 0x7a95dce95690>, verb_extension=<colcon_core.verb.build.BuildVerb object at 0x7a95dce95120>, main=<bound method BuildVerb.main of <colcon_core.verb.build.BuildVerb object at 0x7a95dce95120>>, mixin_verb=('build',))
[0.162s] Level 1:colcon.colcon_core.package_discovery:discover_packages(colcon_meta) check parameters
[0.162s] Level 1:colcon.colcon_core.package_discovery:discover_packages(recursive) check parameters
[0.162s] Level 1:colcon.colcon_core.package_discovery:discover_packages(ignore) check parameters
[0.162s] Level 1:colcon.colcon_core.package_discovery:discover_packages(path) check parameters
[0.163s] Level 1:colcon.colcon_core.package_discovery:discover_packages(colcon_meta) discover
[0.163s] Level 1:colcon.colcon_core.package_discovery:discover_packages(recursive) discover
[0.163s] INFO:colcon.colcon_core.package_discovery:Crawling recursively for packages in '/home/hoapham/ros2_ws'
[0.163s] Level 1:colcon.colcon_core.package_identification:_identify(.) by extensions ['ignore', 'ignore_ament_install']
[0.163s] Level 1:colcon.colcon_core.package_identification:_identify(.) by extension 'ignore'
[0.163s] Level 1:colcon.colcon_core.package_identification:_identify(.) by extension 'ignore_ament_install'
[0.163s] Level 1:colcon.colcon_core.package_identification:_identify(.) by extensions ['colcon_pkg']
[0.163s] Level 1:colcon.colcon_core.package_identification:_identify(.) by extension 'colcon_pkg'
[0.163s] Level 1:colcon.colcon_core.package_identification:_identify(.) by extensions ['colcon_meta']
[0.163s] Level 1:colcon.colcon_core.package_identification:_identify(.) by extension 'colcon_meta'
[0.163s] Level 1:colcon.colcon_core.package_identification:_identify(.) by extensions ['ros']
[0.163s] Level 1:colcon.colcon_core.package_identification:_identify(.) by extension 'ros'
[0.210s] Level 1:colcon.colcon_core.package_identification:_identify(.) by extensions ['cmake', 'python']
[0.210s] Level 1:colcon.colcon_core.package_identification:_identify(.) by extension 'cmake'
[0.210s] Level 1:colcon.colcon_core.package_identification:_identify(.) by extension 'python'
[0.210s] Level 1:colcon.colcon_core.package_identification:_identify(.) by extensions ['python_setup_py']
[0.210s] Level 1:colcon.colcon_core.package_identification:_identify(.) by extension 'python_setup_py'
[0.211s] Level 1:colcon.colcon_core.package_identification:_identify(build) by extensions ['ignore', 'ignore_ament_install']
[0.211s] Level 1:colcon.colcon_core.package_identification:_identify(build) by extension 'ignore'
[0.211s] Level 1:colcon.colcon_core.package_identification:_identify(build) ignored
[0.211s] Level 1:colcon.colcon_core.package_identification:_identify(config) by extensions ['ignore', 'ignore_ament_install']
[0.211s] Level 1:colcon.colcon_core.package_identification:_identify(config) by extension 'ignore'
[0.211s] Level 1:colcon.colcon_core.package_identification:_identify(config) by extension 'ignore_ament_install'
[0.211s] Level 1:colcon.colcon_core.package_identification:_identify(config) by extensions ['colcon_pkg']
[0.211s] Level 1:colcon.colcon_core.package_identification:_identify(config) by extension 'colcon_pkg'
[0.211s] Level 1:colcon.colcon_core.package_identification:_identify(config) by extensions ['colcon_meta']
[0.211s] Level 1:colcon.colcon_core.package_identification:_identify(config) by extension 'colcon_meta'
[0.211s] Level 1:colcon.colcon_core.package_identification:_identify(config) by extensions ['ros']
[0.211s] Level 1:colcon.colcon_core.package_identification:_identify(config) by extension 'ros'
[0.211s] Level 1:colcon.colcon_core.package_identification:_identify(config) by extensions ['cmake', 'python']
[0.211s] Level 1:colcon.colcon_core.package_identification:_identify(config) by extension 'cmake'
[0.211s] Level 1:colcon.colcon_core.package_identification:_identify(config) by extension 'python'
[0.211s] Level 1:colcon.colcon_core.package_identification:_identify(config) by extensions ['python_setup_py']
[0.211s] Level 1:colcon.colcon_core.package_identification:_identify(config) by extension 'python_setup_py'
[0.211s] Level 1:colcon.colcon_core.package_identification:_identify(data) by extensions ['ignore', 'ignore_ament_install']
[0.211s] Level 1:colcon.colcon_core.package_identification:_identify(data) by extension 'ignore'
[0.211s] Level 1:colcon.colcon_core.package_identification:_identify(data) by extension 'ignore_ament_install'
[0.211s] Level 1:colcon.colcon_core.package_identification:_identify(data) by extensions ['colcon_pkg']
[0.211s] Level 1:colcon.colcon_core.package_identification:_identify(data) by extension 'colcon_pkg'
[0.211s] Level 1:colcon.colcon_core.package_identification:_identify(data) by extensions ['colcon_meta']
[0.211s] Level 1:colcon.colcon_core.package_identification:_identify(data) by extension 'colcon_meta'
[0.211s] Level 1:colcon.colcon_core.package_identification:_identify(data) by extensions ['ros']
[0.211s] Level 1:colcon.colcon_core.package_identification:_identify(data) by extension 'ros'
[0.211s] Level 1:colcon.colcon_core.package_identification:_identify(data) by extensions ['cmake', 'python']
[0.211s] Level 1:colcon.colcon_core.package_identification:_identify(data) by extension 'cmake'
[0.211s] Level 1:colcon.colcon_core.package_identification:_identify(data) by extension 'python'
[0.211s] Level 1:colcon.colcon_core.package_identification:_identify(data) by extensions ['python_setup_py']
[0.211s] Level 1:colcon.colcon_core.package_identification:_identify(data) by extension 'python_setup_py'
[0.211s] Level 1:colcon.colcon_core.package_identification:_identify(install) by extensions ['ignore', 'ignore_ament_install']
[0.211s] Level 1:colcon.colcon_core.package_identification:_identify(install) by extension 'ignore'
[0.211s] Level 1:colcon.colcon_core.package_identification:_identify(install) ignored
[0.212s] Level 1:colcon.colcon_core.package_identification:_identify(log) by extensions ['ignore', 'ignore_ament_install']
[0.212s] Level 1:colcon.colcon_core.package_identification:_identify(log) by extension 'ignore'
[0.212s] Level 1:colcon.colcon_core.package_identification:_identify(log) ignored
[0.212s] Level 1:colcon.colcon_core.package_identification:_identify(logs) by extensions ['ignore', 'ignore_ament_install']
[0.212s] Level 1:colcon.colcon_core.package_identification:_identify(logs) by extension 'ignore'
[0.212s] Level 1:colcon.colcon_core.package_identification:_identify(logs) by extension 'ignore_ament_install'
[0.212s] Level 1:colcon.colcon_core.package_identification:_identify(logs) by extensions ['colcon_pkg']
[0.212s] Level 1:colcon.colcon_core.package_identification:_identify(logs) by extension 'colcon_pkg'
[0.212s] Level 1:colcon.colcon_core.package_identification:_identify(logs) by extensions ['colcon_meta']
[0.212s] Level 1:colcon.colcon_core.package_identification:_identify(logs) by extension 'colcon_meta'
[0.212s] Level 1:colcon.colcon_core.package_identification:_identify(logs) by extensions ['ros']
[0.212s] Level 1:colcon.colcon_core.package_identification:_identify(logs) by extension 'ros'
[0.212s] Level 1:colcon.colcon_core.package_identification:_identify(logs) by extensions ['cmake', 'python']
[0.212s] Level 1:colcon.colcon_core.package_identification:_identify(logs) by extension 'cmake'
[0.212s] Level 1:colcon.colcon_core.package_identification:_identify(logs) by extension 'python'
[0.212s] Level 1:colcon.colcon_core.package_identification:_identify(logs) by extensions ['python_setup_py']
[0.212s] Level 1:colcon.colcon_core.package_identification:_identify(logs) by extension 'python_setup_py'
[0.213s] Level 1:colcon.colcon_core.package_identification:_identify(src) by extensions ['ignore', 'ignore_ament_install']
[0.213s] Level 1:colcon.colcon_core.package_identification:_identify(src) by extension 'ignore'
[0.213s] Level 1:colcon.colcon_core.package_identification:_identify(src) by extension 'ignore_ament_install'
[0.213s] Level 1:colcon.colcon_core.package_identification:_identify(src) by extensions ['colcon_pkg']
[0.213s] Level 1:colcon.colcon_core.package_identification:_identify(src) by extension 'colcon_pkg'
[0.213s] Level 1:colcon.colcon_core.package_identification:_identify(src) by extensions ['colcon_meta']
[0.213s] Level 1:colcon.colcon_core.package_identification:_identify(src) by extension 'colcon_meta'
[0.213s] Level 1:colcon.colcon_core.package_identification:_identify(src) by extensions ['ros']
[0.213s] Level 1:colcon.colcon_core.package_identification:_identify(src) by extension 'ros'
[0.213s] Level 1:colcon.colcon_core.package_identification:_identify(src) by extensions ['cmake', 'python']
[0.213s] Level 1:colcon.colcon_core.package_identification:_identify(src) by extension 'cmake'
[0.213s] Level 1:colcon.colcon_core.package_identification:_identify(src) by extension 'python'
[0.213s] Level 1:colcon.colcon_core.package_identification:_identify(src) by extensions ['python_setup_py']
[0.213s] Level 1:colcon.colcon_core.package_identification:_identify(src) by extension 'python_setup_py'
[0.213s] Level 1:colcon.colcon_core.package_identification:_identify(src/fake_livox) by extensions ['ignore', 'ignore_ament_install']
[0.213s] Level 1:colcon.colcon_core.package_identification:_identify(src/fake_livox) by extension 'ignore'
[0.213s] Level 1:colcon.colcon_core.package_identification:_identify(src/fake_livox) by extension 'ignore_ament_install'
[0.213s] Level 1:colcon.colcon_core.package_identification:_identify(src/fake_livox) by extensions ['colcon_pkg']
[0.213s] Level 1:colcon.colcon_core.package_identification:_identify(src/fake_livox) by extension 'colcon_pkg'
[0.213s] Level 1:colcon.colcon_core.package_identification:_identify(src/fake_livox) by extensions ['colcon_meta']
[0.213s] Level 1:colcon.colcon_core.package_identification:_identify(src/fake_livox) by extension 'colcon_meta'
[0.213s] Level 1:colcon.colcon_core.package_identification:_identify(src/fake_livox) by extensions ['ros']
[0.213s] Level 1:colcon.colcon_core.package_identification:_identify(src/fake_livox) by extension 'ros'
[0.215s] DEBUG:colcon.colcon_core.package_identification:Package 'src/fake_livox' with type 'ros.ament_cmake' and name 'fake_livox_publisher'
[0.215s] Level 1:colcon.colcon_core.package_identification:_identify(src/gui) by extensions ['ignore', 'ignore_ament_install']
[0.215s] Level 1:colcon.colcon_core.package_identification:_identify(src/gui) by extension 'ignore'
[0.215s] Level 1:colcon.colcon_core.package_identification:_identify(src/gui) by extension 'ignore_ament_install'
[0.215s] Level 1:colcon.colcon_core.package_identification:_identify(src/gui) by extensions ['colcon_pkg']
[0.216s] Level 1:colcon.colcon_core.package_identification:_identify(src/gui) by extension 'colcon_pkg'
[0.216s] Level 1:colcon.colcon_core.package_identification:_identify(src/gui) by extensions ['colcon_meta']
[0.216s] Level 1:colcon.colcon_core.package_identification:_identify(src/gui) by extension 'colcon_meta'
[0.216s] Level 1:colcon.colcon_core.package_identification:_identify(src/gui) by extensions ['ros']
[0.216s] Level 1:colcon.colcon_core.package_identification:_identify(src/gui) by extension 'ros'
[0.216s] DEBUG:colcon.colcon_core.package_identification:Package 'src/gui' with type 'ros.ament_cmake' and name 'gui'
[0.216s] Level 1:colcon.colcon_core.package_identification:_identify(src/gui_msgs) by extensions ['ignore', 'ignore_ament_install']
[0.216s] Level 1:colcon.colcon_core.package_identification:_identify(src/gui_msgs) by extension 'ignore'
[0.216s] Level 1:colcon.colcon_core.package_identification:_identify(src/gui_msgs) by extension 'ignore_ament_install'
[0.216s] Level 1:colcon.colcon_core.package_identification:_identify(src/gui_msgs) by extensions ['colcon_pkg']
[0.216s] Level 1:colcon.colcon_core.package_identification:_identify(src/gui_msgs) by extension 'colcon_pkg'
[0.216s] Level 1:colcon.colcon_core.package_identification:_identify(src/gui_msgs) by extensions ['colcon_meta']
[0.216s] Level 1:colcon.colcon_core.package_identification:_identify(src/gui_msgs) by extension 'colcon_meta'
[0.216s] Level 1:colcon.colcon_core.package_identification:_identify(src/gui_msgs) by extensions ['ros']
[0.216s] Level 1:colcon.colcon_core.package_identification:_identify(src/gui_msgs) by extension 'ros'
[0.217s] DEBUG:colcon.colcon_core.package_identification:Package 'src/gui_msgs' with type 'ros.ament_cmake' and name 'gui_msgs'
[0.217s] Level 1:colcon.colcon_core.package_identification:_identify(src/pcd_visualizer) by extensions ['ignore', 'ignore_ament_install']
[0.217s] Level 1:colcon.colcon_core.package_identification:_identify(src/pcd_visualizer) by extension 'ignore'
[0.217s] Level 1:colcon.colcon_core.package_identification:_identify(src/pcd_visualizer) by extension 'ignore_ament_install'
[0.217s] Level 1:colcon.colcon_core.package_identification:_identify(src/pcd_visualizer) by extensions ['colcon_pkg']
[0.217s] Level 1:colcon.colcon_core.package_identification:_identify(src/pcd_visualizer) by extension 'colcon_pkg'
[0.217s] Level 1:colcon.colcon_core.package_identification:_identify(src/pcd_visualizer) by extensions ['colcon_meta']
[0.217s] Level 1:colcon.colcon_core.package_identification:_identify(src/pcd_visualizer) by extension 'colcon_meta'
[0.217s] Level 1:colcon.colcon_core.package_identification:_identify(src/pcd_visualizer) by extensions ['ros']
[0.217s] Level 1:colcon.colcon_core.package_identification:_identify(src/pcd_visualizer) by extension 'ros'
[0.219s] DEBUG:colcon.colcon_core.package_identification:Package 'src/pcd_visualizer' with type 'ros.ament_cmake' and name 'pcd_visualizer'
[0.219s] Level 1:colcon.colcon_core.package_identification:_identify(src/pointcloud_marker) by extensions ['ignore', 'ignore_ament_install']
[0.219s] Level 1:colcon.colcon_core.package_identification:_identify(src/pointcloud_marker) by extension 'ignore'
[0.219s] Level 1:colcon.colcon_core.package_identification:_identify(src/pointcloud_marker) by extension 'ignore_ament_install'
[0.219s] Level 1:colcon.colcon_core.package_identification:_identify(src/pointcloud_marker) by extensions ['colcon_pkg']
[0.219s] Level 1:colcon.colcon_core.package_identification:_identify(src/pointcloud_marker) by extension 'colcon_pkg'
[0.219s] Level 1:colcon.colcon_core.package_identification:_identify(src/pointcloud_marker) by extensions ['colcon_meta']
[0.219s] Level 1:colcon.colcon_core.package_identification:_identify(src/pointcloud_marker) by extension 'colcon_meta'
[0.220s] Level 1:colcon.colcon_core.package_identification:_identify(src/pointcloud_marker) by extensions ['ros']
[0.220s] Level 1:colcon.colcon_core.package_identification:_identify(src/pointcloud_marker) by extension 'ros'
[0.220s] DEBUG:colcon.colcon_core.package_identification:Package 'src/pointcloud_marker' with type 'ros.ament_cmake' and name 'pointcloud_marker'
[0.220s] Level 1:colcon.colcon_core.package_identification:_identify(src/ros2_qt_template) by extensions ['ignore', 'ignore_ament_install']
[0.220s] Level 1:colcon.colcon_core.package_identification:_identify(src/ros2_qt_template) by extension 'ignore'
[0.220s] Level 1:colcon.colcon_core.package_identification:_identify(src/ros2_qt_template) by extension 'ignore_ament_install'
[0.220s] Level 1:colcon.colcon_core.package_identification:_identify(src/ros2_qt_template) by extensions ['colcon_pkg']
[0.220s] Level 1:colcon.colcon_core.package_identification:_identify(src/ros2_qt_template) by extension 'colcon_pkg'
[0.220s] Level 1:colcon.colcon_core.package_identification:_identify(src/ros2_qt_template) by extensions ['colcon_meta']
[0.220s] Level 1:colcon.colcon_core.package_identification:_identify(src/ros2_qt_template) by extension 'colcon_meta'
[0.220s] Level 1:colcon.colcon_core.package_identification:_identify(src/ros2_qt_template) by extensions ['ros']
[0.220s] Level 1:colcon.colcon_core.package_identification:_identify(src/ros2_qt_template) by extension 'ros'
[0.220s] Level 1:colcon.colcon_core.package_identification:_identify(src/ros2_qt_template) by extensions ['cmake', 'python']
[0.220s] Level 1:colcon.colcon_core.package_identification:_identify(src/ros2_qt_template) by extension 'cmake'
[0.220s] Level 1:colcon.colcon_core.package_identification:_identify(src/ros2_qt_template) by extension 'python'
[0.221s] Level 1:colcon.colcon_core.package_identification:_identify(src/ros2_qt_template) by extensions ['python_setup_py']
[0.221s] Level 1:colcon.colcon_core.package_identification:_identify(src/ros2_qt_template) by extension 'python_setup_py'
[0.221s] Level 1:colcon.colcon_core.package_identification:_identify(src/ros2_qt_template/docs) by extensions ['ignore', 'ignore_ament_install']
[0.221s] Level 1:colcon.colcon_core.package_identification:_identify(src/ros2_qt_template/docs) by extension 'ignore'
[0.221s] Level 1:colcon.colcon_core.package_identification:_identify(src/ros2_qt_template/docs) by extension 'ignore_ament_install'
[0.221s] Level 1:colcon.colcon_core.package_identification:_identify(src/ros2_qt_template/docs) by extensions ['colcon_pkg']
[0.221s] Level 1:colcon.colcon_core.package_identification:_identify(src/ros2_qt_template/docs) by extension 'colcon_pkg'
[0.221s] Level 1:colcon.colcon_core.package_identification:_identify(src/ros2_qt_template/docs) by extensions ['colcon_meta']
[0.221s] Level 1:colcon.colcon_core.package_identification:_identify(src/ros2_qt_template/docs) by extension 'colcon_meta'
[0.221s] Level 1:colcon.colcon_core.package_identification:_identify(src/ros2_qt_template/docs) by extensions ['ros']
[0.221s] Level 1:colcon.colcon_core.package_identification:_identify(src/ros2_qt_template/docs) by extension 'ros'
[0.221s] Level 1:colcon.colcon_core.package_identification:_identify(src/ros2_qt_template/docs) by extensions ['cmake', 'python']
[0.221s] Level 1:colcon.colcon_core.package_identification:_identify(src/ros2_qt_template/docs) by extension 'cmake'
[0.221s] Level 1:colcon.colcon_core.package_identification:_identify(src/ros2_qt_template/docs) by extension 'python'
[0.221s] Level 1:colcon.colcon_core.package_identification:_identify(src/ros2_qt_template/docs) by extensions ['python_setup_py']
[0.221s] Level 1:colcon.colcon_core.package_identification:_identify(src/ros2_qt_template/docs) by extension 'python_setup_py'
[0.221s] Level 1:colcon.colcon_core.package_identification:_identify(src/ros2_qt_template/docs/images) by extensions ['ignore', 'ignore_ament_install']
[0.221s] Level 1:colcon.colcon_core.package_identification:_identify(src/ros2_qt_template/docs/images) by extension 'ignore'
[0.221s] Level 1:colcon.colcon_core.package_identification:_identify(src/ros2_qt_template/docs/images) by extension 'ignore_ament_install'
[0.221s] Level 1:colcon.colcon_core.package_identification:_identify(src/ros2_qt_template/docs/images) by extensions ['colcon_pkg']
[0.221s] Level 1:colcon.colcon_core.package_identification:_identify(src/ros2_qt_template/docs/images) by extension 'colcon_pkg'
[0.221s] Level 1:colcon.colcon_core.package_identification:_identify(src/ros2_qt_template/docs/images) by extensions ['colcon_meta']
[0.221s] Level 1:colcon.colcon_core.package_identification:_identify(src/ros2_qt_template/docs/images) by extension 'colcon_meta'
[0.221s] Level 1:colcon.colcon_core.package_identification:_identify(src/ros2_qt_template/docs/images) by extensions ['ros']
[0.221s] Level 1:colcon.colcon_core.package_identification:_identify(src/ros2_qt_template/docs/images) by extension 'ros'
[0.221s] Level 1:colcon.colcon_core.package_identification:_identify(src/ros2_qt_template/docs/images) by extensions ['cmake', 'python']
[0.221s] Level 1:colcon.colcon_core.package_identification:_identify(src/ros2_qt_template/docs/images) by extension 'cmake'
[0.221s] Level 1:colcon.colcon_core.package_identification:_identify(src/ros2_qt_template/docs/images) by extension 'python'
[0.221s] Level 1:colcon.colcon_core.package_identification:_identify(src/ros2_qt_template/docs/images) by extensions ['python_setup_py']
[0.221s] Level 1:colcon.colcon_core.package_identification:_identify(src/ros2_qt_template/docs/images) by extension 'python_setup_py'
[0.221s] Level 1:colcon.colcon_core.package_identification:_identify(src/ros2_qt_template/ros2_qt_rviz2) by extensions ['ignore', 'ignore_ament_install']
[0.221s] Level 1:colcon.colcon_core.package_identification:_identify(src/ros2_qt_template/ros2_qt_rviz2) by extension 'ignore'
[0.221s] Level 1:colcon.colcon_core.package_identification:_identify(src/ros2_qt_template/ros2_qt_rviz2) by extension 'ignore_ament_install'
[0.221s] Level 1:colcon.colcon_core.package_identification:_identify(src/ros2_qt_template/ros2_qt_rviz2) by extensions ['colcon_pkg']
[0.221s] Level 1:colcon.colcon_core.package_identification:_identify(src/ros2_qt_template/ros2_qt_rviz2) by extension 'colcon_pkg'
[0.221s] Level 1:colcon.colcon_core.package_identification:_identify(src/ros2_qt_template/ros2_qt_rviz2) by extensions ['colcon_meta']
[0.221s] Level 1:colcon.colcon_core.package_identification:_identify(src/ros2_qt_template/ros2_qt_rviz2) by extension 'colcon_meta'
[0.221s] Level 1:colcon.colcon_core.package_identification:_identify(src/ros2_qt_template/ros2_qt_rviz2) by extensions ['ros']
[0.221s] Level 1:colcon.colcon_core.package_identification:_identify(src/ros2_qt_template/ros2_qt_rviz2) by extension 'ros'
[0.222s] DEBUG:colcon.colcon_core.package_identification:Package 'src/ros2_qt_template/ros2_qt_rviz2' with type 'ros.ament_cmake' and name 'ros2_qt_rviz2'
[0.222s] Level 1:colcon.colcon_core.package_identification:_identify(src/ros2_qt_template/ros2_qt_template) by extensions ['ignore', 'ignore_ament_install']
[0.222s] Level 1:colcon.colcon_core.package_identification:_identify(src/ros2_qt_template/ros2_qt_template) by extension 'ignore'
[0.222s] Level 1:colcon.colcon_core.package_identification:_identify(src/ros2_qt_template/ros2_qt_template) by extension 'ignore_ament_install'
[0.222s] Level 1:colcon.colcon_core.package_identification:_identify(src/ros2_qt_template/ros2_qt_template) by extensions ['colcon_pkg']
[0.222s] Level 1:colcon.colcon_core.package_identification:_identify(src/ros2_qt_template/ros2_qt_template) by extension 'colcon_pkg'
[0.222s] Level 1:colcon.colcon_core.package_identification:_identify(src/ros2_qt_template/ros2_qt_template) by extensions ['colcon_meta']
[0.222s] Level 1:colcon.colcon_core.package_identification:_identify(src/ros2_qt_template/ros2_qt_template) by extension 'colcon_meta'
[0.222s] Level 1:colcon.colcon_core.package_identification:_identify(src/ros2_qt_template/ros2_qt_template) by extensions ['ros']
[0.222s] Level 1:colcon.colcon_core.package_identification:_identify(src/ros2_qt_template/ros2_qt_template) by extension 'ros'
[0.222s] DEBUG:colcon.colcon_core.package_identification:Package 'src/ros2_qt_template/ros2_qt_template' with type 'ros.ament_cmake' and name 'ros2_qt_template'
[0.223s] Level 1:colcon.colcon_core.package_identification:_identify(src/rviz2_cloud_annotation) by extensions ['ignore', 'ignore_ament_install']
[0.223s] Level 1:colcon.colcon_core.package_identification:_identify(src/rviz2_cloud_annotation) by extension 'ignore'
[0.223s] Level 1:colcon.colcon_core.package_identification:_identify(src/rviz2_cloud_annotation) by extension 'ignore_ament_install'
[0.223s] Level 1:colcon.colcon_core.package_identification:_identify(src/rviz2_cloud_annotation) by extensions ['colcon_pkg']
[0.223s] Level 1:colcon.colcon_core.package_identification:_identify(src/rviz2_cloud_annotation) by extension 'colcon_pkg'
[0.223s] Level 1:colcon.colcon_core.package_identification:_identify(src/rviz2_cloud_annotation) by extensions ['colcon_meta']
[0.223s] Level 1:colcon.colcon_core.package_identification:_identify(src/rviz2_cloud_annotation) by extension 'colcon_meta'
[0.223s] Level 1:colcon.colcon_core.package_identification:_identify(src/rviz2_cloud_annotation) by extensions ['ros']
[0.223s] Level 1:colcon.colcon_core.package_identification:_identify(src/rviz2_cloud_annotation) by extension 'ros'
[0.223s] Level 1:colcon.colcon_core.package_identification:_identify(src/rviz2_cloud_annotation) by extensions ['cmake', 'python']
[0.223s] Level 1:colcon.colcon_core.package_identification:_identify(src/rviz2_cloud_annotation) by extension 'cmake'
[0.223s] Level 1:colcon.colcon_core.package_identification:_identify(src/rviz2_cloud_annotation) by extension 'python'
[0.223s] Level 1:colcon.colcon_core.package_identification:_identify(src/rviz2_cloud_annotation) by extensions ['python_setup_py']
[0.223s] Level 1:colcon.colcon_core.package_identification:_identify(src/rviz2_cloud_annotation) by extension 'python_setup_py'
[0.223s] Level 1:colcon.colcon_core.package_identification:_identify(src/rviz2_cloud_annotation/rviz_3d_view_controller) by extensions ['ignore', 'ignore_ament_install']
[0.223s] Level 1:colcon.colcon_core.package_identification:_identify(src/rviz2_cloud_annotation/rviz_3d_view_controller) by extension 'ignore'
[0.223s] Level 1:colcon.colcon_core.package_identification:_identify(src/rviz2_cloud_annotation/rviz_3d_view_controller) by extension 'ignore_ament_install'
[0.223s] Level 1:colcon.colcon_core.package_identification:_identify(src/rviz2_cloud_annotation/rviz_3d_view_controller) by extensions ['colcon_pkg']
[0.223s] Level 1:colcon.colcon_core.package_identification:_identify(src/rviz2_cloud_annotation/rviz_3d_view_controller) by extension 'colcon_pkg'
[0.223s] Level 1:colcon.colcon_core.package_identification:_identify(src/rviz2_cloud_annotation/rviz_3d_view_controller) by extensions ['colcon_meta']
[0.223s] Level 1:colcon.colcon_core.package_identification:_identify(src/rviz2_cloud_annotation/rviz_3d_view_controller) by extension 'colcon_meta'
[0.223s] Level 1:colcon.colcon_core.package_identification:_identify(src/rviz2_cloud_annotation/rviz_3d_view_controller) by extensions ['ros']
[0.223s] Level 1:colcon.colcon_core.package_identification:_identify(src/rviz2_cloud_annotation/rviz_3d_view_controller) by extension 'ros'
[0.223s] DEBUG:colcon.colcon_core.package_identification:Package 'src/rviz2_cloud_annotation/rviz_3d_view_controller' with type 'ros.ament_cmake' and name 'rviz_3d_view_controller'
[0.224s] Level 1:colcon.colcon_core.package_identification:_identify(src/rviz2_cloud_annotation/rviz_cloud_annotation) by extensions ['ignore', 'ignore_ament_install']
[0.224s] Level 1:colcon.colcon_core.package_identification:_identify(src/rviz2_cloud_annotation/rviz_cloud_annotation) by extension 'ignore'
[0.224s] Level 1:colcon.colcon_core.package_identification:_identify(src/rviz2_cloud_annotation/rviz_cloud_annotation) by extension 'ignore_ament_install'
[0.224s] Level 1:colcon.colcon_core.package_identification:_identify(src/rviz2_cloud_annotation/rviz_cloud_annotation) by extensions ['colcon_pkg']
[0.224s] Level 1:colcon.colcon_core.package_identification:_identify(src/rviz2_cloud_annotation/rviz_cloud_annotation) by extension 'colcon_pkg'
[0.224s] Level 1:colcon.colcon_core.package_identification:_identify(src/rviz2_cloud_annotation/rviz_cloud_annotation) by extensions ['colcon_meta']
[0.224s] Level 1:colcon.colcon_core.package_identification:_identify(src/rviz2_cloud_annotation/rviz_cloud_annotation) by extension 'colcon_meta'
[0.224s] Level 1:colcon.colcon_core.package_identification:_identify(src/rviz2_cloud_annotation/rviz_cloud_annotation) by extensions ['ros']
[0.224s] Level 1:colcon.colcon_core.package_identification:_identify(src/rviz2_cloud_annotation/rviz_cloud_annotation) by extension 'ros'
[0.224s] DEBUG:colcon.colcon_core.package_identification:Package 'src/rviz2_cloud_annotation/rviz_cloud_annotation' with type 'ros.ament_cmake' and name 'rviz_cloud_annotation'
[0.224s] Level 1:colcon.colcon_core.package_identification:_identify(src/rviz_embed_test) by extensions ['ignore', 'ignore_ament_install']
[0.225s] Level 1:colcon.colcon_core.package_identification:_identify(src/rviz_embed_test) by extension 'ignore'
[0.225s] Level 1:colcon.colcon_core.package_identification:_identify(src/rviz_embed_test) by extension 'ignore_ament_install'
[0.225s] Level 1:colcon.colcon_core.package_identification:_identify(src/rviz_embed_test) by extensions ['colcon_pkg']
[0.225s] Level 1:colcon.colcon_core.package_identification:_identify(src/rviz_embed_test) by extension 'colcon_pkg'
[0.225s] Level 1:colcon.colcon_core.package_identification:_identify(src/rviz_embed_test) by extensions ['colcon_meta']
[0.225s] Level 1:colcon.colcon_core.package_identification:_identify(src/rviz_embed_test) by extension 'colcon_meta'
[0.225s] Level 1:colcon.colcon_core.package_identification:_identify(src/rviz_embed_test) by extensions ['ros']
[0.225s] Level 1:colcon.colcon_core.package_identification:_identify(src/rviz_embed_test) by extension 'ros'
[0.225s] DEBUG:colcon.colcon_core.package_identification:Package 'src/rviz_embed_test' with type 'ros.ament_cmake' and name 'rviz_embed_test'
[0.225s] Level 1:colcon.colcon_core.package_identification:_identify(src/zivid-ros) by extensions ['ignore', 'ignore_ament_install']
[0.225s] Level 1:colcon.colcon_core.package_identification:_identify(src/zivid-ros) by extension 'ignore'
[0.225s] Level 1:colcon.colcon_core.package_identification:_identify(src/zivid-ros) by extension 'ignore_ament_install'
[0.225s] Level 1:colcon.colcon_core.package_identification:_identify(src/zivid-ros) by extensions ['colcon_pkg']
[0.225s] Level 1:colcon.colcon_core.package_identification:_identify(src/zivid-ros) by extension 'colcon_pkg'
[0.226s] Level 1:colcon.colcon_core.package_identification:_identify(src/zivid-ros) by extensions ['colcon_meta']
[0.226s] Level 1:colcon.colcon_core.package_identification:_identify(src/zivid-ros) by extension 'colcon_meta'
[0.226s] Level 1:colcon.colcon_core.package_identification:_identify(src/zivid-ros) by extensions ['ros']
[0.226s] Level 1:colcon.colcon_core.package_identification:_identify(src/zivid-ros) by extension 'ros'
[0.226s] Level 1:colcon.colcon_core.package_identification:_identify(src/zivid-ros) by extensions ['cmake', 'python']
[0.226s] Level 1:colcon.colcon_core.package_identification:_identify(src/zivid-ros) by extension 'cmake'
[0.226s] Level 1:colcon.colcon_core.package_identification:_identify(src/zivid-ros) by extension 'python'
[0.226s] Level 1:colcon.colcon_core.package_identification:_identify(src/zivid-ros) by extensions ['python_setup_py']
[0.226s] Level 1:colcon.colcon_core.package_identification:_identify(src/zivid-ros) by extension 'python_setup_py'
[0.226s] Level 1:colcon.colcon_core.package_identification:_identify(src/zivid-ros/continuous-integration) by extensions ['ignore', 'ignore_ament_install']
[0.226s] Level 1:colcon.colcon_core.package_identification:_identify(src/zivid-ros/continuous-integration) by extension 'ignore'
[0.226s] Level 1:colcon.colcon_core.package_identification:_identify(src/zivid-ros/continuous-integration) by extension 'ignore_ament_install'
[0.226s] Level 1:colcon.colcon_core.package_identification:_identify(src/zivid-ros/continuous-integration) by extensions ['colcon_pkg']
[0.226s] Level 1:colcon.colcon_core.package_identification:_identify(src/zivid-ros/continuous-integration) by extension 'colcon_pkg'
[0.226s] Level 1:colcon.colcon_core.package_identification:_identify(src/zivid-ros/continuous-integration) by extensions ['colcon_meta']
[0.226s] Level 1:colcon.colcon_core.package_identification:_identify(src/zivid-ros/continuous-integration) by extension 'colcon_meta'
[0.226s] Level 1:colcon.colcon_core.package_identification:_identify(src/zivid-ros/continuous-integration) by extensions ['ros']
[0.226s] Level 1:colcon.colcon_core.package_identification:_identify(src/zivid-ros/continuous-integration) by extension 'ros'
[0.226s] Level 1:colcon.colcon_core.package_identification:_identify(src/zivid-ros/continuous-integration) by extensions ['cmake', 'python']
[0.226s] Level 1:colcon.colcon_core.package_identification:_identify(src/zivid-ros/continuous-integration) by extension 'cmake'
[0.226s] Level 1:colcon.colcon_core.package_identification:_identify(src/zivid-ros/continuous-integration) by extension 'python'
[0.226s] Level 1:colcon.colcon_core.package_identification:_identify(src/zivid-ros/continuous-integration) by extensions ['python_setup_py']
[0.226s] Level 1:colcon.colcon_core.package_identification:_identify(src/zivid-ros/continuous-integration) by extension 'python_setup_py'
[0.227s] Level 1:colcon.colcon_core.package_identification:_identify(src/zivid-ros/continuous-integration/setup) by extensions ['ignore', 'ignore_ament_install']
[0.227s] Level 1:colcon.colcon_core.package_identification:_identify(src/zivid-ros/continuous-integration/setup) by extension 'ignore'
[0.227s] Level 1:colcon.colcon_core.package_identification:_identify(src/zivid-ros/continuous-integration/setup) by extension 'ignore_ament_install'
[0.227s] Level 1:colcon.colcon_core.package_identification:_identify(src/zivid-ros/continuous-integration/setup) by extensions ['colcon_pkg']
[0.227s] Level 1:colcon.colcon_core.package_identification:_identify(src/zivid-ros/continuous-integration/setup) by extension 'colcon_pkg'
[0.227s] Level 1:colcon.colcon_core.package_identification:_identify(src/zivid-ros/continuous-integration/setup) by extensions ['colcon_meta']
[0.227s] Level 1:colcon.colcon_core.package_identification:_identify(src/zivid-ros/continuous-integration/setup) by extension 'colcon_meta'
[0.227s] Level 1:colcon.colcon_core.package_identification:_identify(src/zivid-ros/continuous-integration/setup) by extensions ['ros']
[0.227s] Level 1:colcon.colcon_core.package_identification:_identify(src/zivid-ros/continuous-integration/setup) by extension 'ros'
[0.227s] Level 1:colcon.colcon_core.package_identification:_identify(src/zivid-ros/continuous-integration/setup) by extensions ['cmake', 'python']
[0.227s] Level 1:colcon.colcon_core.package_identification:_identify(src/zivid-ros/continuous-integration/setup) by extension 'cmake'
[0.227s] Level 1:colcon.colcon_core.package_identification:_identify(src/zivid-ros/continuous-integration/setup) by extension 'python'
[0.227s] Level 1:colcon.colcon_core.package_identification:_identify(src/zivid-ros/continuous-integration/setup) by extensions ['python_setup_py']
[0.227s] Level 1:colcon.colcon_core.package_identification:_identify(src/zivid-ros/continuous-integration/setup) by extension 'python_setup_py'
[0.227s] Level 1:colcon.colcon_core.package_identification:_identify(src/zivid-ros/zivid_camera) by extensions ['ignore', 'ignore_ament_install']
[0.227s] Level 1:colcon.colcon_core.package_identification:_identify(src/zivid-ros/zivid_camera) by extension 'ignore'
[0.227s] Level 1:colcon.colcon_core.package_identification:_identify(src/zivid-ros/zivid_camera) by extension 'ignore_ament_install'
[0.227s] Level 1:colcon.colcon_core.package_identification:_identify(src/zivid-ros/zivid_camera) by extensions ['colcon_pkg']
[0.227s] Level 1:colcon.colcon_core.package_identification:_identify(src/zivid-ros/zivid_camera) by extension 'colcon_pkg'
[0.227s] Level 1:colcon.colcon_core.package_identification:_identify(src/zivid-ros/zivid_camera) by extensions ['colcon_meta']
[0.227s] Level 1:colcon.colcon_core.package_identification:_identify(src/zivid-ros/zivid_camera) by extension 'colcon_meta'
[0.227s] Level 1:colcon.colcon_core.package_identification:_identify(src/zivid-ros/zivid_camera) by extensions ['ros']
[0.227s] Level 1:colcon.colcon_core.package_identification:_identify(src/zivid-ros/zivid_camera) by extension 'ros'
[0.228s] DEBUG:colcon.colcon_core.package_identification:Package 'src/zivid-ros/zivid_camera' with type 'ros.ament_cmake' and name 'zivid_camera'
[0.228s] Level 1:colcon.colcon_core.package_identification:_identify(src/zivid-ros/zivid_description) by extensions ['ignore', 'ignore_ament_install']
[0.228s] Level 1:colcon.colcon_core.package_identification:_identify(src/zivid-ros/zivid_description) by extension 'ignore'
[0.228s] Level 1:colcon.colcon_core.package_identification:_identify(src/zivid-ros/zivid_description) by extension 'ignore_ament_install'
[0.228s] Level 1:colcon.colcon_core.package_identification:_identify(src/zivid-ros/zivid_description) by extensions ['colcon_pkg']
[0.228s] Level 1:colcon.colcon_core.package_identification:_identify(src/zivid-ros/zivid_description) by extension 'colcon_pkg'
[0.228s] Level 1:colcon.colcon_core.package_identification:_identify(src/zivid-ros/zivid_description) by extensions ['colcon_meta']
[0.228s] Level 1:colcon.colcon_core.package_identification:_identify(src/zivid-ros/zivid_description) by extension 'colcon_meta'
[0.228s] Level 1:colcon.colcon_core.package_identification:_identify(src/zivid-ros/zivid_description) by extensions ['ros']
[0.228s] Level 1:colcon.colcon_core.package_identification:_identify(src/zivid-ros/zivid_description) by extension 'ros'
[0.229s] DEBUG:colcon.colcon_core.package_identification:Package 'src/zivid-ros/zivid_description' with type 'ros.ament_cmake' and name 'zivid_description'
[0.229s] Level 1:colcon.colcon_core.package_identification:_identify(src/zivid-ros/zivid_interfaces) by extensions ['ignore', 'ignore_ament_install']
[0.229s] Level 1:colcon.colcon_core.package_identification:_identify(src/zivid-ros/zivid_interfaces) by extension 'ignore'
[0.229s] Level 1:colcon.colcon_core.package_identification:_identify(src/zivid-ros/zivid_interfaces) by extension 'ignore_ament_install'
[0.229s] Level 1:colcon.colcon_core.package_identification:_identify(src/zivid-ros/zivid_interfaces) by extensions ['colcon_pkg']
[0.229s] Level 1:colcon.colcon_core.package_identification:_identify(src/zivid-ros/zivid_interfaces) by extension 'colcon_pkg'
[0.229s] Level 1:colcon.colcon_core.package_identification:_identify(src/zivid-ros/zivid_interfaces) by extensions ['colcon_meta']
[0.229s] Level 1:colcon.colcon_core.package_identification:_identify(src/zivid-ros/zivid_interfaces) by extension 'colcon_meta'
[0.229s] Level 1:colcon.colcon_core.package_identification:_identify(src/zivid-ros/zivid_interfaces) by extensions ['ros']
[0.229s] Level 1:colcon.colcon_core.package_identification:_identify(src/zivid-ros/zivid_interfaces) by extension 'ros'
[0.229s] DEBUG:colcon.colcon_core.package_identification:Package 'src/zivid-ros/zivid_interfaces' with type 'ros.ament_cmake' and name 'zivid_interfaces'
[0.229s] Level 1:colcon.colcon_core.package_identification:_identify(src/zivid-ros/zivid_rviz_plugin) by extensions ['ignore', 'ignore_ament_install']
[0.229s] Level 1:colcon.colcon_core.package_identification:_identify(src/zivid-ros/zivid_rviz_plugin) by extension 'ignore'
[0.229s] Level 1:colcon.colcon_core.package_identification:_identify(src/zivid-ros/zivid_rviz_plugin) by extension 'ignore_ament_install'
[0.229s] Level 1:colcon.colcon_core.package_identification:_identify(src/zivid-ros/zivid_rviz_plugin) by extensions ['colcon_pkg']
[0.229s] Level 1:colcon.colcon_core.package_identification:_identify(src/zivid-ros/zivid_rviz_plugin) by extension 'colcon_pkg'
[0.229s] Level 1:colcon.colcon_core.package_identification:_identify(src/zivid-ros/zivid_rviz_plugin) by extensions ['colcon_meta']
[0.229s] Level 1:colcon.colcon_core.package_identification:_identify(src/zivid-ros/zivid_rviz_plugin) by extension 'colcon_meta'
[0.229s] Level 1:colcon.colcon_core.package_identification:_identify(src/zivid-ros/zivid_rviz_plugin) by extensions ['ros']
[0.229s] Level 1:colcon.colcon_core.package_identification:_identify(src/zivid-ros/zivid_rviz_plugin) by extension 'ros'
[0.230s] DEBUG:colcon.colcon_core.package_identification:Package 'src/zivid-ros/zivid_rviz_plugin' with type 'ros.ament_cmake' and name 'zivid_rviz_plugin'
[0.230s] Level 1:colcon.colcon_core.package_identification:_identify(src/zivid-ros/zivid_samples) by extensions ['ignore', 'ignore_ament_install']
[0.230s] Level 1:colcon.colcon_core.package_identification:_identify(src/zivid-ros/zivid_samples) by extension 'ignore'
[0.230s] Level 1:colcon.colcon_core.package_identification:_identify(src/zivid-ros/zivid_samples) by extension 'ignore_ament_install'
[0.230s] Level 1:colcon.colcon_core.package_identification:_identify(src/zivid-ros/zivid_samples) by extensions ['colcon_pkg']
[0.230s] Level 1:colcon.colcon_core.package_identification:_identify(src/zivid-ros/zivid_samples) by extension 'colcon_pkg'
[0.230s] Level 1:colcon.colcon_core.package_identification:_identify(src/zivid-ros/zivid_samples) by extensions ['colcon_meta']
[0.230s] Level 1:colcon.colcon_core.package_identification:_identify(src/zivid-ros/zivid_samples) by extension 'colcon_meta'
[0.230s] Level 1:colcon.colcon_core.package_identification:_identify(src/zivid-ros/zivid_samples) by extensions ['ros']
[0.230s] Level 1:colcon.colcon_core.package_identification:_identify(src/zivid-ros/zivid_samples) by extension 'ros'
[0.231s] DEBUG:colcon.colcon_core.package_identification:Package 'src/zivid-ros/zivid_samples' with type 'ros.ament_cmake' and name 'zivid_samples'
[0.231s] Level 1:colcon.colcon_core.package_discovery:discover_packages(recursive) using defaults
[0.231s] Level 1:colcon.colcon_core.package_discovery:discover_packages(ignore) discover
[0.231s] Level 1:colcon.colcon_core.package_discovery:discover_packages(ignore) using defaults
[0.231s] Level 1:colcon.colcon_core.package_discovery:discover_packages(path) discover
[0.231s] Level 1:colcon.colcon_core.package_discovery:discover_packages(path) using defaults
[0.248s] INFO:colcon.colcon_core.package_selection:Skipping not selected package 'fake_livox_publisher' in 'src/fake_livox'
[0.248s] INFO:colcon.colcon_core.package_selection:Skipping not selected package 'gui' in 'src/gui'
[0.248s] INFO:colcon.colcon_core.package_selection:Skipping not selected package 'gui_msgs' in 'src/gui_msgs'
[0.248s] INFO:colcon.colcon_core.package_selection:Skipping not selected package 'pcd_visualizer' in 'src/pcd_visualizer'
[0.248s] INFO:colcon.colcon_core.package_selection:Skipping not selected package 'ros2_qt_rviz2' in 'src/ros2_qt_template/ros2_qt_rviz2'
[0.248s] INFO:colcon.colcon_core.package_selection:Skipping not selected package 'ros2_qt_template' in 'src/ros2_qt_template/ros2_qt_template'
[0.248s] INFO:colcon.colcon_core.package_selection:Skipping not selected package 'rviz_3d_view_controller' in 'src/rviz2_cloud_annotation/rviz_3d_view_controller'
[0.248s] INFO:colcon.colcon_core.package_selection:Skipping not selected package 'rviz_cloud_annotation' in 'src/rviz2_cloud_annotation/rviz_cloud_annotation'
[0.248s] INFO:colcon.colcon_core.package_selection:Skipping not selected package 'rviz_embed_test' in 'src/rviz_embed_test'
[0.248s] INFO:colcon.colcon_core.package_selection:Skipping not selected package 'zivid_description' in 'src/zivid-ros/zivid_description'
[0.248s] INFO:colcon.colcon_core.package_selection:Skipping not selected package 'zivid_interfaces' in 'src/zivid-ros/zivid_interfaces'
[0.248s] INFO:colcon.colcon_core.package_selection:Skipping not selected package 'zivid_camera' in 'src/zivid-ros/zivid_camera'
[0.248s] INFO:colcon.colcon_core.package_selection:Skipping not selected package 'zivid_rviz_plugin' in 'src/zivid-ros/zivid_rviz_plugin'
[0.248s] INFO:colcon.colcon_core.package_selection:Skipping not selected package 'zivid_samples' in 'src/zivid-ros/zivid_samples'
[0.249s] Level 1:colcon.colcon_core.package_discovery:discover_packages(prefix_path) check parameters
[0.249s] Level 1:colcon.colcon_core.package_discovery:discover_packages(prefix_path) discover
[0.251s] DEBUG:colcon.colcon_installed_package_information.package_discovery:Found 15 installed packages in /home/hoapham/ros2_ws/install
[0.251s] DEBUG:colcon.colcon_installed_package_information.package_discovery:Found 11 installed packages in /home/hoapham/ur_ws/install
[0.252s] DEBUG:colcon.colcon_installed_package_information.package_discovery:Found 393 installed packages in /opt/ros/humble
[0.255s] Level 1:colcon.colcon_core.package_discovery:discover_packages(prefix_path) using defaults
[0.286s] Level 5:colcon.colcon_core.verb:set package 'pointcloud_marker' build argument 'cmake_args' from command line to 'None'
[0.286s] Level 5:colcon.colcon_core.verb:set package 'pointcloud_marker' build argument 'cmake_target' from command line to 'None'
[0.286s] Level 5:colcon.colcon_core.verb:set package 'pointcloud_marker' build argument 'cmake_target_skip_unavailable' from command line to 'False'
[0.286s] Level 5:colcon.colcon_core.verb:set package 'pointcloud_marker' build argument 'cmake_clean_cache' from command line to 'False'
[0.286s] Level 5:colcon.colcon_core.verb:set package 'pointcloud_marker' build argument 'cmake_clean_first' from command line to 'False'
[0.286s] Level 5:colcon.colcon_core.verb:set package 'pointcloud_marker' build argument 'cmake_force_configure' from command line to 'False'
[0.286s] Level 5:colcon.colcon_core.verb:set package 'pointcloud_marker' build argument 'ament_cmake_args' from command line to 'None'
[0.286s] Level 5:colcon.colcon_core.verb:set package 'pointcloud_marker' build argument 'catkin_cmake_args' from command line to 'None'
[0.286s] Level 5:colcon.colcon_core.verb:set package 'pointcloud_marker' build argument 'catkin_skip_building_tests' from command line to 'False'
[0.286s] DEBUG:colcon.colcon_core.verb:Building package 'pointcloud_marker' with the following arguments: {'ament_cmake_args': None, 'build_base': '/home/hoapham/ros2_ws/build/pointcloud_marker', 'catkin_cmake_args': None, 'catkin_skip_building_tests': False, 'cmake_args': None, 'cmake_clean_cache': False, 'cmake_clean_first': False, 'cmake_force_configure': False, 'cmake_target': None, 'cmake_target_skip_unavailable': False, 'install_base': '/home/hoapham/ros2_ws/install/pointcloud_marker', 'merge_install': False, 'path': '/home/hoapham/ros2_ws/src/pointcloud_marker', 'symlink_install': False, 'test_result_base': None}
[0.286s] INFO:colcon.colcon_core.executor:Executing jobs using 'parallel' executor
[0.287s] DEBUG:colcon.colcon_parallel_executor.executor.parallel:run_until_complete
[0.287s] INFO:colcon.colcon_ros.task.ament_cmake.build:Building ROS package in '/home/hoapham/ros2_ws/src/pointcloud_marker' with build type 'ament_cmake'
[0.287s] INFO:colcon.colcon_cmake.task.cmake.build:Building CMake package in '/home/hoapham/ros2_ws/src/pointcloud_marker'
[0.290s] INFO:colcon.colcon_core.plugin_system:Skipping extension 'colcon_core.shell.bat': Not used on non-Windows systems
[0.290s] INFO:colcon.colcon_core.shell:Skip shell extension 'powershell' for command environment: Not usable outside of PowerShell
[0.290s] DEBUG:colcon.colcon_core.shell:Skip shell extension 'dsv' for command environment
[0.302s] DEBUG:colcon.colcon_core.event_handler.log_command:Invoking command in '/home/hoapham/ros2_ws/build/pointcloud_marker': CMAKE_PREFIX_PATH=${CMAKE_PREFIX_PATH}:/opt/ros/humble /usr/bin/cmake --build /home/hoapham/ros2_ws/build/pointcloud_marker -- -j16 -l16
[7.297s] DEBUG:colcon.colcon_core.event_handler.log_command:Invoked command in '/home/hoapham/ros2_ws/build/pointcloud_marker' returned '2': CMAKE_PREFIX_PATH=${CMAKE_PREFIX_PATH}:/opt/ros/humble /usr/bin/cmake --build /home/hoapham/ros2_ws/build/pointcloud_marker -- -j16 -l16
[7.298s] Level 1:colcon.colcon_core.environment:create_environment_scripts_only(pointcloud_marker)
[7.299s] Level 1:colcon.colcon_core.environment:checking '/home/hoapham/ros2_ws/install/pointcloud_marker' for CMake module files
[7.299s] Level 1:colcon.colcon_core.environment:checking '/home/hoapham/ros2_ws/install/pointcloud_marker' for CMake config files
[7.299s] Level 1:colcon.colcon_core.shell:create_environment_hook('pointcloud_marker', 'cmake_prefix_path')
[7.300s] INFO:colcon.colcon_core.shell:Creating environment hook '/home/hoapham/ros2_ws/install/pointcloud_marker/share/pointcloud_marker/hook/cmake_prefix_path.ps1'
[7.300s] INFO:colcon.colcon_core.shell:Creating environment descriptor '/home/hoapham/ros2_ws/install/pointcloud_marker/share/pointcloud_marker/hook/cmake_prefix_path.dsv'
[7.300s] INFO:colcon.colcon_core.shell:Creating environment hook '/home/hoapham/ros2_ws/install/pointcloud_marker/share/pointcloud_marker/hook/cmake_prefix_path.sh'
[7.301s] Level 1:colcon.colcon_core.environment:checking '/home/hoapham/ros2_ws/install/pointcloud_marker/lib'
[7.301s] Level 1:colcon.colcon_core.environment:checking '/home/hoapham/ros2_ws/install/pointcloud_marker/bin'
[7.301s] Level 1:colcon.colcon_core.environment:checking '/home/hoapham/ros2_ws/install/pointcloud_marker/lib/pkgconfig/pointcloud_marker.pc'
[7.301s] Level 1:colcon.colcon_core.environment:checking '/home/hoapham/ros2_ws/install/pointcloud_marker/lib/python3.10/site-packages'
[7.301s] Level 1:colcon.colcon_core.environment:checking '/home/hoapham/ros2_ws/install/pointcloud_marker/bin'
[7.301s] INFO:colcon.colcon_core.shell:Creating package script '/home/hoapham/ros2_ws/install/pointcloud_marker/share/pointcloud_marker/package.ps1'
[7.302s] INFO:colcon.colcon_core.shell:Creating package descriptor '/home/hoapham/ros2_ws/install/pointcloud_marker/share/pointcloud_marker/package.dsv'
[7.302s] INFO:colcon.colcon_core.shell:Creating package script '/home/hoapham/ros2_ws/install/pointcloud_marker/share/pointcloud_marker/package.sh'
[7.302s] INFO:colcon.colcon_core.shell:Creating package script '/home/hoapham/ros2_ws/install/pointcloud_marker/share/pointcloud_marker/package.bash'
[7.303s] INFO:colcon.colcon_core.shell:Creating package script '/home/hoapham/ros2_ws/install/pointcloud_marker/share/pointcloud_marker/package.zsh'
[7.303s] Level 1:colcon.colcon_core.environment:create_file_with_runtime_dependencies(/home/hoapham/ros2_ws/install/pointcloud_marker/share/colcon-core/packages/pointcloud_marker)
[7.314s] DEBUG:colcon.colcon_parallel_executor.executor.parallel:closing loop
[7.314s] DEBUG:colcon.colcon_parallel_executor.executor.parallel:loop closed
[7.314s] DEBUG:colcon.colcon_parallel_executor.executor.parallel:run_until_complete finished with '2'
[7.314s] DEBUG:colcon.colcon_core.event_reactor:joining thread
[7.320s] INFO:colcon.colcon_core.plugin_system:Skipping extension 'colcon_notification.desktop_notification.terminal_notifier': Not used on non-Darwin systems
[7.320s] INFO:colcon.colcon_core.plugin_system:Skipping extension 'colcon_notification.desktop_notification.win32': Not used on non-Windows systems
[7.320s] INFO:colcon.colcon_notification.desktop_notification:Sending desktop notification using 'notify2'
[7.330s] DEBUG:colcon.colcon_core.event_reactor:joined thread
[7.330s] INFO:colcon.colcon_core.shell:Creating prefix script '/home/hoapham/ros2_ws/install/local_setup.ps1'
[7.331s] INFO:colcon.colcon_core.shell:Creating prefix util module '/home/hoapham/ros2_ws/install/_local_setup_util_ps1.py'
[7.331s] INFO:colcon.colcon_core.shell:Creating prefix chain script '/home/hoapham/ros2_ws/install/setup.ps1'
[7.333s] INFO:colcon.colcon_core.shell:Creating prefix script '/home/hoapham/ros2_ws/install/local_setup.sh'
[7.333s] INFO:colcon.colcon_core.shell:Creating prefix util module '/home/hoapham/ros2_ws/install/_local_setup_util_sh.py'
[7.333s] INFO:colcon.colcon_core.shell:Creating prefix chain script '/home/hoapham/ros2_ws/install/setup.sh'
[7.334s] INFO:colcon.colcon_core.shell:Creating prefix script '/home/hoapham/ros2_ws/install/local_setup.bash'
[7.335s] INFO:colcon.colcon_core.shell:Creating prefix chain script '/home/hoapham/ros2_ws/install/setup.bash'
[7.336s] INFO:colcon.colcon_core.shell:Creating prefix script '/home/hoapham/ros2_ws/install/local_setup.zsh'
[7.336s] INFO:colcon.colcon_core.shell:Creating prefix chain script '/home/hoapham/ros2_ws/install/setup.zsh'
