[0.009s] Invoking command in '/home/hoapham/ros2_ws/build/gui_msgs': CMAKE_PREFIX_PATH=${CMAKE_PREFIX_PATH}:/opt/ros/humble /usr/bin/cmake --build /home/hoapham/ros2_ws/build/gui_msgs -- -j16 -l16
[0.041s] -- Found ament_cmake: 1.3.11 (/opt/ros/humble/share/ament_cmake/cmake)
[0.135s] -- Found builtin_interfaces: 1.2.1 (/opt/ros/humble/share/builtin_interfaces/cmake)
[0.156s] -- Found rosidl_generator_c: 3.1.6 (/opt/ros/humble/share/rosidl_generator_c/cmake)
[0.157s] -- Found rosidl_adapter: 3.1.6 (/opt/ros/humble/share/rosidl_adapter/cmake)
[0.162s] -- Found rosidl_generator_cpp: 3.1.6 (/opt/ros/humble/share/rosidl_generator_cpp/cmake)
[0.170s] -- Using all available rosidl_typesupport_c: rosidl_typesupport_fastrtps_c;rosidl_typesupport_introspection_c
[0.179s] -- Using all available rosidl_typesupport_cpp: rosidl_typesupport_fastrtps_cpp;rosidl_typesupport_introspection_cpp
[0.188s] -- Found geometry_msgs: 4.8.0 (/opt/ros/humble/share/geometry_msgs/cmake)
[0.205s] -- Found rosidl_default_generators: 1.2.0 (/opt/ros/humble/share/rosidl_default_generators/cmake)
[0.211s] -- Found action_msgs: 1.2.1 (/opt/ros/humble/share/action_msgs/cmake)
[0.481s] -- Found ament_cmake_ros: 0.10.0 (/opt/ros/humble/share/ament_cmake_ros/cmake)
[0.787s] -- Using all available rosidl_typesupport_c: rosidl_typesupport_fastrtps_c;rosidl_typesupport_introspection_c
[0.902s] -- Using all available rosidl_typesupport_cpp: rosidl_typesupport_fastrtps_cpp;rosidl_typesupport_introspection_cpp
[0.918s] -- Found python_cmake_module: 0.10.0 (/opt/ros/humble/share/python_cmake_module/cmake)
[0.938s] -- Using PYTHON_EXECUTABLE: /usr/bin/python3
[0.938s] -- Using PYTHON_INCLUDE_DIRS: /usr/include/python3.10
[0.938s] -- Using PYTHON_LIBRARIES: /usr/lib/x86_64-linux-gnu/libpython3.10.so
[0.974s] -- Configuring done
[1.008s] -- Generating done
[1.018s] -- Build files have been written to: /home/hoapham/ros2_ws/build/gui_msgs
[1.051s] [  1%] [34m[1mGenerating C code for ROS interfaces[0m
[1.061s] [  2%] [34m[1mGenerating C++ code for ROS interfaces[0m
[1.073s] [  2%] Built target ament_cmake_python_copy_gui_msgs
[1.228s] running egg_info
[1.228s] writing gui_msgs.egg-info/PKG-INFO
[1.229s] writing dependency_links to gui_msgs.egg-info/dependency_links.txt
[1.229s] writing top-level names to gui_msgs.egg-info/top_level.txt
[1.232s] reading manifest file 'gui_msgs.egg-info/SOURCES.txt'
[1.232s] writing manifest file 'gui_msgs.egg-info/SOURCES.txt'
[1.268s] [  2%] Built target ament_cmake_python_build_gui_msgs_egg
[1.474s] [  2%] Built target gui_msgs__cpp
[1.475s] [35m[1mConsolidate compiler generated dependencies of target gui_msgs__rosidl_generator_c[0m
[1.487s] [  6%] [34m[1mGenerating C++ introspection for ROS interfaces[0m
[1.487s] [  6%] [34m[1mGenerating C++ type support for eProsima Fast-RTPS[0m
[1.487s] [  7%] [32mBuilding C object CMakeFiles/gui_msgs__rosidl_generator_c.dir/rosidl_generator_c/gui_msgs/msg/detail/setting_params__functions.c.o[0m
[1.487s] [  7%] [34m[1mGenerating C++ type support dispatch for ROS interfaces[0m
[1.489s] [  8%] [32mBuilding C object CMakeFiles/gui_msgs__rosidl_generator_c.dir/rosidl_generator_c/gui_msgs/msg/detail/setting_tool__functions.c.o[0m
[1.489s] [ 10%] [32mBuilding C object CMakeFiles/gui_msgs__rosidl_generator_c.dir/rosidl_generator_c/gui_msgs/srv/detail/setting_tool__functions.c.o[0m
[1.489s] [ 11%] [32mBuilding C object CMakeFiles/gui_msgs__rosidl_generator_c.dir/rosidl_generator_c/gui_msgs/msg/detail/auto_process__functions.c.o[0m
[1.489s] [ 12%] [32mBuilding C object CMakeFiles/gui_msgs__rosidl_generator_c.dir/rosidl_generator_c/gui_msgs/srv/detail/setting_params__functions.c.o[0m
[1.489s] [ 13%] [32mBuilding C object CMakeFiles/gui_msgs__rosidl_generator_c.dir/rosidl_generator_c/gui_msgs/msg/detail/trajectory_setting__functions.c.o[0m
[1.490s] [ 15%] [32mBuilding C object CMakeFiles/gui_msgs__rosidl_generator_c.dir/rosidl_generator_c/gui_msgs/srv/detail/trajectory_setting__functions.c.o[0m
[1.564s] [ 16%] [32m[1mLinking C shared library libgui_msgs__rosidl_generator_c.so[0m
[1.609s] [ 16%] Built target gui_msgs__rosidl_generator_c
[1.620s] [ 20%] [34m[1mGenerating C type support for eProsima Fast-RTPS[0m
[1.620s] [ 20%] [34m[1mGenerating C type support dispatch for ROS interfaces[0m
[1.620s] [ 20%] [34m[1mGenerating C introspection for ROS interfaces[0m
[1.804s] [35m[1mConsolidate compiler generated dependencies of target gui_msgs__rosidl_typesupport_cpp[0m
[1.824s] [ 25%] [32mBuilding CXX object CMakeFiles/gui_msgs__rosidl_typesupport_cpp.dir/rosidl_typesupport_cpp/gui_msgs/msg/trajectory_setting__type_support.cpp.o[0m
[1.824s] [ 25%] [32mBuilding CXX object CMakeFiles/gui_msgs__rosidl_typesupport_cpp.dir/rosidl_typesupport_cpp/gui_msgs/msg/setting_params__type_support.cpp.o[0m
[1.824s] [ 25%] [32mBuilding CXX object CMakeFiles/gui_msgs__rosidl_typesupport_cpp.dir/rosidl_typesupport_cpp/gui_msgs/msg/setting_tool__type_support.cpp.o[0m
[1.824s] [ 25%] [32mBuilding CXX object CMakeFiles/gui_msgs__rosidl_typesupport_cpp.dir/rosidl_typesupport_cpp/gui_msgs/srv/setting_params__type_support.cpp.o[0m
[1.824s] [ 26%] [32mBuilding CXX object CMakeFiles/gui_msgs__rosidl_typesupport_cpp.dir/rosidl_typesupport_cpp/gui_msgs/srv/setting_tool__type_support.cpp.o[0m
[1.824s] [ 27%] [32mBuilding CXX object CMakeFiles/gui_msgs__rosidl_typesupport_cpp.dir/rosidl_typesupport_cpp/gui_msgs/srv/trajectory_setting__type_support.cpp.o[0m
[1.824s] [ 29%] [32mBuilding CXX object CMakeFiles/gui_msgs__rosidl_typesupport_cpp.dir/rosidl_typesupport_cpp/gui_msgs/msg/auto_process__type_support.cpp.o[0m
[1.934s] [35m[1mConsolidate compiler generated dependencies of target gui_msgs__rosidl_typesupport_introspection_cpp[0m
[1.967s] [ 30%] [32mBuilding CXX object CMakeFiles/gui_msgs__rosidl_typesupport_introspection_cpp.dir/rosidl_typesupport_introspection_cpp/gui_msgs/msg/detail/setting_params__type_support.cpp.o[0m
[1.969s] [ 32%] [32mBuilding CXX object CMakeFiles/gui_msgs__rosidl_typesupport_introspection_cpp.dir/rosidl_typesupport_introspection_cpp/gui_msgs/msg/detail/setting_tool__type_support.cpp.o[0m
[1.971s] [ 32%] [32mBuilding CXX object CMakeFiles/gui_msgs__rosidl_typesupport_introspection_cpp.dir/rosidl_typesupport_introspection_cpp/gui_msgs/msg/detail/trajectory_setting__type_support.cpp.o[0m
[1.987s] [35m[1mConsolidate compiler generated dependencies of target gui_msgs__rosidl_typesupport_c[0m
[1.987s] [ 34%] [32mBuilding CXX object CMakeFiles/gui_msgs__rosidl_typesupport_introspection_cpp.dir/rosidl_typesupport_introspection_cpp/gui_msgs/msg/detail/auto_process__type_support.cpp.o[0m
[2.029s] [ 35%] [32mBuilding CXX object CMakeFiles/gui_msgs__rosidl_typesupport_c.dir/rosidl_typesupport_c/gui_msgs/msg/setting_params__type_support.cpp.o[0m
[2.055s] [ 36%] [32mBuilding CXX object CMakeFiles/gui_msgs__rosidl_typesupport_c.dir/rosidl_typesupport_c/gui_msgs/msg/setting_tool__type_support.cpp.o[0m
[2.094s] [ 37%] [32mBuilding CXX object CMakeFiles/gui_msgs__rosidl_typesupport_c.dir/rosidl_typesupport_c/gui_msgs/msg/trajectory_setting__type_support.cpp.o[0m
[2.152s] [ 39%] [32mBuilding CXX object CMakeFiles/gui_msgs__rosidl_typesupport_c.dir/rosidl_typesupport_c/gui_msgs/msg/auto_process__type_support.cpp.o[0m
[2.154s] [ 40%] [32mBuilding CXX object CMakeFiles/gui_msgs__rosidl_typesupport_c.dir/rosidl_typesupport_c/gui_msgs/srv/setting_params__type_support.cpp.o[0m
[2.167s] [ 41%] [32mBuilding CXX object CMakeFiles/gui_msgs__rosidl_typesupport_introspection_cpp.dir/rosidl_typesupport_introspection_cpp/gui_msgs/srv/detail/setting_params__type_support.cpp.o[0m
[2.177s] [ 43%] [32m[1mLinking CXX shared library libgui_msgs__rosidl_typesupport_cpp.so[0m
[2.177s] [ 44%] [32mBuilding CXX object CMakeFiles/gui_msgs__rosidl_typesupport_introspection_cpp.dir/rosidl_typesupport_introspection_cpp/gui_msgs/srv/detail/setting_tool__type_support.cpp.o[0m
[2.191s] [ 46%] [32mBuilding CXX object CMakeFiles/gui_msgs__rosidl_typesupport_introspection_cpp.dir/rosidl_typesupport_introspection_cpp/gui_msgs/srv/detail/trajectory_setting__type_support.cpp.o[0m
[2.192s] [ 46%] [32mBuilding CXX object CMakeFiles/gui_msgs__rosidl_typesupport_c.dir/rosidl_typesupport_c/gui_msgs/srv/setting_tool__type_support.cpp.o[0m
[2.192s] [35m[1mConsolidate compiler generated dependencies of target gui_msgs__rosidl_typesupport_fastrtps_cpp[0m
[2.194s] [ 48%] [32mBuilding CXX object CMakeFiles/gui_msgs__rosidl_typesupport_c.dir/rosidl_typesupport_c/gui_msgs/srv/trajectory_setting__type_support.cpp.o[0m
[2.239s] [35m[1mConsolidate compiler generated dependencies of target gui_msgs__rosidl_typesupport_introspection_c[0m
[2.241s] [35m[1mConsolidate compiler generated dependencies of target gui_msgs__rosidl_typesupport_fastrtps_c[0m
[2.249s] [ 49%] [32mBuilding CXX object CMakeFiles/gui_msgs__rosidl_typesupport_fastrtps_cpp.dir/rosidl_typesupport_fastrtps_cpp/gui_msgs/msg/detail/dds_fastrtps/setting_params__type_support.cpp.o[0m
[2.249s] [ 50%] [32mBuilding CXX object CMakeFiles/gui_msgs__rosidl_typesupport_fastrtps_cpp.dir/rosidl_typesupport_fastrtps_cpp/gui_msgs/msg/detail/dds_fastrtps/trajectory_setting__type_support.cpp.o[0m
[2.259s] [ 51%] [32mBuilding CXX object CMakeFiles/gui_msgs__rosidl_typesupport_fastrtps_cpp.dir/rosidl_typesupport_fastrtps_cpp/gui_msgs/msg/detail/dds_fastrtps/setting_tool__type_support.cpp.o[0m
[2.267s] [ 53%] [32mBuilding CXX object CMakeFiles/gui_msgs__rosidl_typesupport_fastrtps_cpp.dir/rosidl_typesupport_fastrtps_cpp/gui_msgs/srv/detail/dds_fastrtps/setting_params__type_support.cpp.o[0m
[2.268s] [ 53%] Built target gui_msgs__rosidl_typesupport_cpp
[2.269s] [ 54%] [32mBuilding CXX object CMakeFiles/gui_msgs__rosidl_typesupport_fastrtps_cpp.dir/rosidl_typesupport_fastrtps_cpp/gui_msgs/msg/detail/dds_fastrtps/auto_process__type_support.cpp.o[0m
[2.280s] [ 55%] [32mBuilding C object CMakeFiles/gui_msgs__rosidl_typesupport_introspection_c.dir/rosidl_typesupport_introspection_c/gui_msgs/msg/detail/setting_params__type_support.c.o[0m
[2.295s] [ 56%] [32m[1mLinking CXX shared library libgui_msgs__rosidl_typesupport_c.so[0m
[2.295s] [ 58%] [32mBuilding CXX object CMakeFiles/gui_msgs__rosidl_typesupport_fastrtps_c.dir/rosidl_typesupport_fastrtps_c/gui_msgs/msg/detail/setting_params__type_support_c.cpp.o[0m
[2.307s] [ 59%] [32mBuilding C object CMakeFiles/gui_msgs__rosidl_typesupport_introspection_c.dir/rosidl_typesupport_introspection_c/gui_msgs/msg/detail/setting_tool__type_support.c.o[0m
[2.353s] [ 60%] [32mBuilding CXX object CMakeFiles/gui_msgs__rosidl_typesupport_fastrtps_c.dir/rosidl_typesupport_fastrtps_c/gui_msgs/msg/detail/setting_tool__type_support_c.cpp.o[0m
[2.392s] [ 62%] [32mBuilding C object CMakeFiles/gui_msgs__rosidl_typesupport_introspection_c.dir/rosidl_typesupport_introspection_c/gui_msgs/msg/detail/trajectory_setting__type_support.c.o[0m
[2.395s] [ 62%] Built target gui_msgs__rosidl_typesupport_c
[2.429s] [ 63%] [32mBuilding CXX object CMakeFiles/gui_msgs__rosidl_typesupport_fastrtps_c.dir/rosidl_typesupport_fastrtps_c/gui_msgs/msg/detail/trajectory_setting__type_support_c.cpp.o[0m
[2.501s] [ 64%] [32mBuilding C object CMakeFiles/gui_msgs__rosidl_typesupport_introspection_c.dir/rosidl_typesupport_introspection_c/gui_msgs/msg/detail/auto_process__type_support.c.o[0m
[2.519s] [ 65%] [32mBuilding C object CMakeFiles/gui_msgs__rosidl_typesupport_introspection_c.dir/rosidl_typesupport_introspection_c/gui_msgs/srv/detail/setting_params__type_support.c.o[0m
[2.537s] [ 67%] [32mBuilding CXX object CMakeFiles/gui_msgs__rosidl_typesupport_fastrtps_cpp.dir/rosidl_typesupport_fastrtps_cpp/gui_msgs/srv/detail/dds_fastrtps/setting_tool__type_support.cpp.o[0m
[2.550s] [ 68%] [32mBuilding CXX object CMakeFiles/gui_msgs__rosidl_typesupport_fastrtps_cpp.dir/rosidl_typesupport_fastrtps_cpp/gui_msgs/srv/detail/dds_fastrtps/trajectory_setting__type_support.cpp.o[0m
[2.570s] [ 69%] [32mBuilding CXX object CMakeFiles/gui_msgs__rosidl_typesupport_fastrtps_c.dir/rosidl_typesupport_fastrtps_c/gui_msgs/msg/detail/auto_process__type_support_c.cpp.o[0m
[2.585s] [ 70%] [32mBuilding C object CMakeFiles/gui_msgs__rosidl_typesupport_introspection_c.dir/rosidl_typesupport_introspection_c/gui_msgs/srv/detail/trajectory_setting__type_support.c.o[0m
[2.597s] [ 72%] [32mBuilding C object CMakeFiles/gui_msgs__rosidl_typesupport_introspection_c.dir/rosidl_typesupport_introspection_c/gui_msgs/srv/detail/setting_tool__type_support.c.o[0m
[2.663s] [ 73%] [32mBuilding CXX object CMakeFiles/gui_msgs__rosidl_typesupport_fastrtps_c.dir/rosidl_typesupport_fastrtps_c/gui_msgs/srv/detail/setting_params__type_support_c.cpp.o[0m
[2.691s] [ 74%] [32m[1mLinking C shared library libgui_msgs__rosidl_typesupport_introspection_c.so[0m
[2.698s] [ 75%] [32mBuilding CXX object CMakeFiles/gui_msgs__rosidl_typesupport_fastrtps_c.dir/rosidl_typesupport_fastrtps_c/gui_msgs/srv/detail/setting_tool__type_support_c.cpp.o[0m
[2.743s] [ 77%] [32mBuilding CXX object CMakeFiles/gui_msgs__rosidl_typesupport_fastrtps_c.dir/rosidl_typesupport_fastrtps_c/gui_msgs/srv/detail/trajectory_setting__type_support_c.cpp.o[0m
[2.754s] [ 77%] Built target gui_msgs__rosidl_typesupport_introspection_c
[2.784s] [ 78%] [32m[1mLinking CXX shared library libgui_msgs__rosidl_typesupport_introspection_cpp.so[0m
[2.827s] [ 78%] Built target gui_msgs__rosidl_typesupport_introspection_cpp
[2.973s] [ 79%] [32m[1mLinking CXX shared library libgui_msgs__rosidl_typesupport_fastrtps_cpp.so[0m
[3.004s] [ 81%] [32m[1mLinking CXX shared library libgui_msgs__rosidl_typesupport_fastrtps_c.so[0m
[3.032s] [ 81%] Built target gui_msgs__rosidl_typesupport_fastrtps_cpp
[3.063s] [ 81%] Built target gui_msgs__rosidl_typesupport_fastrtps_c
[3.084s] [ 81%] Built target gui_msgs
[3.104s] [ 82%] [34m[1mGenerating Python code for ROS interfaces[0m
[3.653s] [ 82%] Built target gui_msgs__py
[3.664s] [35m[1mConsolidate compiler generated dependencies of target gui_msgs__rosidl_generator_py[0m
[3.680s] [ 89%] [32mBuilding C object CMakeFiles/gui_msgs__rosidl_generator_py.dir/rosidl_generator_py/gui_msgs/srv/_setting_params_s.c.o[0m
[3.680s] [ 89%] [32mBuilding C object CMakeFiles/gui_msgs__rosidl_generator_py.dir/rosidl_generator_py/gui_msgs/srv/_setting_tool_s.c.o[0m
[3.680s] [ 89%] [32mBuilding C object CMakeFiles/gui_msgs__rosidl_generator_py.dir/rosidl_generator_py/gui_msgs/msg/_setting_tool_s.c.o[0m
[3.680s] [ 89%] [32mBuilding C object CMakeFiles/gui_msgs__rosidl_generator_py.dir/rosidl_generator_py/gui_msgs/srv/_trajectory_setting_s.c.o[0m
[3.680s] [ 89%] [32mBuilding C object CMakeFiles/gui_msgs__rosidl_generator_py.dir/rosidl_generator_py/gui_msgs/msg/_trajectory_setting_s.c.o[0m
[3.680s] [ 89%] [32mBuilding C object CMakeFiles/gui_msgs__rosidl_generator_py.dir/rosidl_generator_py/gui_msgs/msg/_setting_params_s.c.o[0m
[3.680s] [ 91%] [32mBuilding C object CMakeFiles/gui_msgs__rosidl_generator_py.dir/rosidl_generator_py/gui_msgs/msg/_auto_process_s.c.o[0m
[3.768s] [ 92%] [32m[1mLinking C shared library rosidl_generator_py/gui_msgs/libgui_msgs__rosidl_generator_py.so[0m
[3.804s] [ 92%] Built target gui_msgs__rosidl_generator_py
[3.814s] [35m[1mConsolidate compiler generated dependencies of target gui_msgs__rosidl_typesupport_fastrtps_c__pyext[0m
[3.814s] [35m[1mConsolidate compiler generated dependencies of target gui_msgs__rosidl_typesupport_c__pyext[0m
[3.814s] [35m[1mConsolidate compiler generated dependencies of target gui_msgs__rosidl_typesupport_introspection_c__pyext[0m
[3.826s] [ 96%] [32mBuilding C object CMakeFiles/gui_msgs__rosidl_typesupport_introspection_c__pyext.dir/rosidl_generator_py/gui_msgs/_gui_msgs_s.ep.rosidl_typesupport_introspection_c.c.o[0m
[3.826s] [ 96%] [32mBuilding C object CMakeFiles/gui_msgs__rosidl_typesupport_c__pyext.dir/rosidl_generator_py/gui_msgs/_gui_msgs_s.ep.rosidl_typesupport_c.c.o[0m
[3.826s] [ 96%] [32mBuilding C object CMakeFiles/gui_msgs__rosidl_typesupport_fastrtps_c__pyext.dir/rosidl_generator_py/gui_msgs/_gui_msgs_s.ep.rosidl_typesupport_fastrtps_c.c.o[0m
[3.914s] [ 98%] [32m[1mLinking C shared library rosidl_generator_py/gui_msgs/gui_msgs_s__rosidl_typesupport_c.cpython-310-x86_64-linux-gnu.so[0m
[3.915s] [ 98%] [32m[1mLinking C shared library rosidl_generator_py/gui_msgs/gui_msgs_s__rosidl_typesupport_fastrtps_c.cpython-310-x86_64-linux-gnu.so[0m
[3.915s] [100%] [32m[1mLinking C shared library rosidl_generator_py/gui_msgs/gui_msgs_s__rosidl_typesupport_introspection_c.cpython-310-x86_64-linux-gnu.so[0m
[3.950s] [100%] Built target gui_msgs__rosidl_typesupport_fastrtps_c__pyext
[3.950s] [100%] Built target gui_msgs__rosidl_typesupport_introspection_c__pyext
[3.950s] [100%] Built target gui_msgs__rosidl_typesupport_c__pyext
[3.962s] Invoked command in '/home/hoapham/ros2_ws/build/gui_msgs' returned '0': CMAKE_PREFIX_PATH=${CMAKE_PREFIX_PATH}:/opt/ros/humble /usr/bin/cmake --build /home/hoapham/ros2_ws/build/gui_msgs -- -j16 -l16
[3.971s] Invoking command in '/home/hoapham/ros2_ws/build/gui_msgs': CMAKE_PREFIX_PATH=${CMAKE_PREFIX_PATH}:/opt/ros/humble /usr/bin/cmake --install /home/hoapham/ros2_ws/build/gui_msgs
[3.977s] -- Install configuration: ""
[3.978s] -- Installing: /home/hoapham/ros2_ws/install/gui_msgs/share/ament_index/resource_index/rosidl_interfaces/gui_msgs
[3.978s] -- Up-to-date: /home/hoapham/ros2_ws/install/gui_msgs/include/gui_msgs/gui_msgs
[3.978s] -- Up-to-date: /home/hoapham/ros2_ws/install/gui_msgs/include/gui_msgs/gui_msgs/msg
[3.978s] -- Up-to-date: /home/hoapham/ros2_ws/install/gui_msgs/include/gui_msgs/gui_msgs/msg/detail
[3.978s] -- Installing: /home/hoapham/ros2_ws/install/gui_msgs/include/gui_msgs/gui_msgs/msg/detail/setting_params__functions.c
[3.978s] -- Installing: /home/hoapham/ros2_ws/install/gui_msgs/include/gui_msgs/gui_msgs/msg/detail/setting_tool__functions.h
[3.978s] -- Installing: /home/hoapham/ros2_ws/install/gui_msgs/include/gui_msgs/gui_msgs/msg/detail/setting_tool__functions.c
[3.978s] -- Installing: /home/hoapham/ros2_ws/install/gui_msgs/include/gui_msgs/gui_msgs/msg/detail/auto_process__struct.h
[3.979s] -- Installing: /home/hoapham/ros2_ws/install/gui_msgs/include/gui_msgs/gui_msgs/msg/detail/setting_tool__struct.h
[3.979s] -- Installing: /home/hoapham/ros2_ws/install/gui_msgs/include/gui_msgs/gui_msgs/msg/detail/auto_process__functions.h
[3.979s] -- Installing: /home/hoapham/ros2_ws/install/gui_msgs/include/gui_msgs/gui_msgs/msg/detail/auto_process__functions.c
[3.979s] -- Installing: /home/hoapham/ros2_ws/install/gui_msgs/include/gui_msgs/gui_msgs/msg/detail/trajectory_setting__type_support.h
[3.979s] -- Installing: /home/hoapham/ros2_ws/install/gui_msgs/include/gui_msgs/gui_msgs/msg/detail/auto_process__type_support.h
[3.979s] -- Installing: /home/hoapham/ros2_ws/install/gui_msgs/include/gui_msgs/gui_msgs/msg/detail/trajectory_setting__functions.h
[3.979s] -- Installing: /home/hoapham/ros2_ws/install/gui_msgs/include/gui_msgs/gui_msgs/msg/detail/setting_params__struct.h
[3.979s] -- Installing: /home/hoapham/ros2_ws/install/gui_msgs/include/gui_msgs/gui_msgs/msg/detail/trajectory_setting__functions.c
[3.979s] -- Installing: /home/hoapham/ros2_ws/install/gui_msgs/include/gui_msgs/gui_msgs/msg/detail/trajectory_setting__struct.h
[3.979s] -- Installing: /home/hoapham/ros2_ws/install/gui_msgs/include/gui_msgs/gui_msgs/msg/detail/setting_tool__type_support.h
[3.979s] -- Installing: /home/hoapham/ros2_ws/install/gui_msgs/include/gui_msgs/gui_msgs/msg/detail/setting_params__functions.h
[3.979s] -- Installing: /home/hoapham/ros2_ws/install/gui_msgs/include/gui_msgs/gui_msgs/msg/detail/setting_params__type_support.h
[3.979s] -- Installing: /home/hoapham/ros2_ws/install/gui_msgs/include/gui_msgs/gui_msgs/msg/trajectory_setting.h
[3.979s] -- Installing: /home/hoapham/ros2_ws/install/gui_msgs/include/gui_msgs/gui_msgs/msg/setting_params.h
[3.979s] -- Up-to-date: /home/hoapham/ros2_ws/install/gui_msgs/include/gui_msgs/gui_msgs/msg/rosidl_generator_c__visibility_control.h
[3.979s] -- Installing: /home/hoapham/ros2_ws/install/gui_msgs/include/gui_msgs/gui_msgs/msg/setting_tool.h
[3.979s] -- Installing: /home/hoapham/ros2_ws/install/gui_msgs/include/gui_msgs/gui_msgs/msg/auto_process.h
[3.979s] -- Up-to-date: /home/hoapham/ros2_ws/install/gui_msgs/include/gui_msgs/gui_msgs/srv
[3.979s] -- Up-to-date: /home/hoapham/ros2_ws/install/gui_msgs/include/gui_msgs/gui_msgs/srv/detail
[3.979s] -- Installing: /home/hoapham/ros2_ws/install/gui_msgs/include/gui_msgs/gui_msgs/srv/detail/setting_params__functions.c
[3.980s] -- Installing: /home/hoapham/ros2_ws/install/gui_msgs/include/gui_msgs/gui_msgs/srv/detail/setting_tool__functions.h
[3.980s] -- Installing: /home/hoapham/ros2_ws/install/gui_msgs/include/gui_msgs/gui_msgs/srv/detail/setting_tool__functions.c
[3.980s] -- Installing: /home/hoapham/ros2_ws/install/gui_msgs/include/gui_msgs/gui_msgs/srv/detail/setting_tool__struct.h
[3.980s] -- Installing: /home/hoapham/ros2_ws/install/gui_msgs/include/gui_msgs/gui_msgs/srv/detail/trajectory_setting__type_support.h
[3.980s] -- Installing: /home/hoapham/ros2_ws/install/gui_msgs/include/gui_msgs/gui_msgs/srv/detail/trajectory_setting__functions.h
[3.980s] -- Installing: /home/hoapham/ros2_ws/install/gui_msgs/include/gui_msgs/gui_msgs/srv/detail/setting_params__struct.h
[3.980s] -- Installing: /home/hoapham/ros2_ws/install/gui_msgs/include/gui_msgs/gui_msgs/srv/detail/trajectory_setting__functions.c
[3.980s] -- Installing: /home/hoapham/ros2_ws/install/gui_msgs/include/gui_msgs/gui_msgs/srv/detail/trajectory_setting__struct.h
[3.980s] -- Installing: /home/hoapham/ros2_ws/install/gui_msgs/include/gui_msgs/gui_msgs/srv/detail/setting_tool__type_support.h
[3.981s] -- Installing: /home/hoapham/ros2_ws/install/gui_msgs/include/gui_msgs/gui_msgs/srv/detail/setting_params__functions.h
[3.981s] -- Installing: /home/hoapham/ros2_ws/install/gui_msgs/include/gui_msgs/gui_msgs/srv/detail/setting_params__type_support.h
[3.981s] -- Installing: /home/hoapham/ros2_ws/install/gui_msgs/include/gui_msgs/gui_msgs/srv/trajectory_setting.h
[3.981s] -- Installing: /home/hoapham/ros2_ws/install/gui_msgs/include/gui_msgs/gui_msgs/srv/setting_params.h
[3.981s] -- Installing: /home/hoapham/ros2_ws/install/gui_msgs/include/gui_msgs/gui_msgs/srv/setting_tool.h
[3.981s] -- Up-to-date: /home/hoapham/ros2_ws/install/gui_msgs/share/gui_msgs/environment/library_path.sh
[3.981s] -- Installing: /home/hoapham/ros2_ws/install/gui_msgs/share/gui_msgs/environment/library_path.dsv
[3.981s] -- Installing: /home/hoapham/ros2_ws/install/gui_msgs/lib/libgui_msgs__rosidl_generator_c.so
[3.982s] -- Set runtime path of "/home/hoapham/ros2_ws/install/gui_msgs/lib/libgui_msgs__rosidl_generator_c.so" to ""
[3.982s] -- Up-to-date: /home/hoapham/ros2_ws/install/gui_msgs/include/gui_msgs/gui_msgs
[3.982s] -- Up-to-date: /home/hoapham/ros2_ws/install/gui_msgs/include/gui_msgs/gui_msgs/msg
[3.982s] -- Up-to-date: /home/hoapham/ros2_ws/install/gui_msgs/include/gui_msgs/gui_msgs/msg/detail
[3.982s] -- Installing: /home/hoapham/ros2_ws/install/gui_msgs/include/gui_msgs/gui_msgs/msg/detail/setting_tool__rosidl_typesupport_fastrtps_c.h
[3.982s] -- Installing: /home/hoapham/ros2_ws/install/gui_msgs/include/gui_msgs/gui_msgs/msg/detail/setting_params__rosidl_typesupport_fastrtps_c.h
[3.982s] -- Installing: /home/hoapham/ros2_ws/install/gui_msgs/include/gui_msgs/gui_msgs/msg/detail/auto_process__rosidl_typesupport_fastrtps_c.h
[3.982s] -- Installing: /home/hoapham/ros2_ws/install/gui_msgs/include/gui_msgs/gui_msgs/msg/detail/trajectory_setting__rosidl_typesupport_fastrtps_c.h
[3.982s] -- Up-to-date: /home/hoapham/ros2_ws/install/gui_msgs/include/gui_msgs/gui_msgs/msg/rosidl_typesupport_fastrtps_c__visibility_control.h
[3.982s] -- Up-to-date: /home/hoapham/ros2_ws/install/gui_msgs/include/gui_msgs/gui_msgs/srv
[3.982s] -- Up-to-date: /home/hoapham/ros2_ws/install/gui_msgs/include/gui_msgs/gui_msgs/srv/detail
[3.982s] -- Installing: /home/hoapham/ros2_ws/install/gui_msgs/include/gui_msgs/gui_msgs/srv/detail/setting_tool__rosidl_typesupport_fastrtps_c.h
[3.982s] -- Installing: /home/hoapham/ros2_ws/install/gui_msgs/include/gui_msgs/gui_msgs/srv/detail/setting_params__rosidl_typesupport_fastrtps_c.h
[3.982s] -- Installing: /home/hoapham/ros2_ws/install/gui_msgs/include/gui_msgs/gui_msgs/srv/detail/trajectory_setting__rosidl_typesupport_fastrtps_c.h
[3.983s] -- Installing: /home/hoapham/ros2_ws/install/gui_msgs/lib/libgui_msgs__rosidl_typesupport_fastrtps_c.so
[3.983s] -- Set runtime path of "/home/hoapham/ros2_ws/install/gui_msgs/lib/libgui_msgs__rosidl_typesupport_fastrtps_c.so" to ""
[3.983s] -- Up-to-date: /home/hoapham/ros2_ws/install/gui_msgs/include/gui_msgs/gui_msgs
[3.983s] -- Up-to-date: /home/hoapham/ros2_ws/install/gui_msgs/include/gui_msgs/gui_msgs/msg
[3.983s] -- Up-to-date: /home/hoapham/ros2_ws/install/gui_msgs/include/gui_msgs/gui_msgs/msg/detail
[3.983s] -- Installing: /home/hoapham/ros2_ws/install/gui_msgs/include/gui_msgs/gui_msgs/msg/detail/trajectory_setting__type_support.hpp
[3.983s] -- Installing: /home/hoapham/ros2_ws/install/gui_msgs/include/gui_msgs/gui_msgs/msg/detail/auto_process__builder.hpp
[3.983s] -- Installing: /home/hoapham/ros2_ws/install/gui_msgs/include/gui_msgs/gui_msgs/msg/detail/setting_params__struct.hpp
[3.984s] -- Installing: /home/hoapham/ros2_ws/install/gui_msgs/include/gui_msgs/gui_msgs/msg/detail/trajectory_setting__traits.hpp
[3.984s] -- Installing: /home/hoapham/ros2_ws/install/gui_msgs/include/gui_msgs/gui_msgs/msg/detail/setting_params__type_support.hpp
[3.984s] -- Installing: /home/hoapham/ros2_ws/install/gui_msgs/include/gui_msgs/gui_msgs/msg/detail/setting_tool__traits.hpp
[3.984s] -- Installing: /home/hoapham/ros2_ws/install/gui_msgs/include/gui_msgs/gui_msgs/msg/detail/setting_tool__type_support.hpp
[3.984s] -- Installing: /home/hoapham/ros2_ws/install/gui_msgs/include/gui_msgs/gui_msgs/msg/detail/trajectory_setting__builder.hpp
[3.984s] -- Installing: /home/hoapham/ros2_ws/install/gui_msgs/include/gui_msgs/gui_msgs/msg/detail/setting_params__traits.hpp
[3.984s] -- Installing: /home/hoapham/ros2_ws/install/gui_msgs/include/gui_msgs/gui_msgs/msg/detail/setting_tool__struct.hpp
[3.984s] -- Installing: /home/hoapham/ros2_ws/install/gui_msgs/include/gui_msgs/gui_msgs/msg/detail/auto_process__type_support.hpp
[3.984s] -- Installing: /home/hoapham/ros2_ws/install/gui_msgs/include/gui_msgs/gui_msgs/msg/detail/setting_params__builder.hpp
[3.984s] -- Installing: /home/hoapham/ros2_ws/install/gui_msgs/include/gui_msgs/gui_msgs/msg/detail/trajectory_setting__struct.hpp
[3.985s] -- Installing: /home/hoapham/ros2_ws/install/gui_msgs/include/gui_msgs/gui_msgs/msg/detail/auto_process__struct.hpp
[3.985s] -- Installing: /home/hoapham/ros2_ws/install/gui_msgs/include/gui_msgs/gui_msgs/msg/detail/auto_process__traits.hpp
[3.985s] -- Installing: /home/hoapham/ros2_ws/install/gui_msgs/include/gui_msgs/gui_msgs/msg/detail/setting_tool__builder.hpp
[3.985s] -- Installing: /home/hoapham/ros2_ws/install/gui_msgs/include/gui_msgs/gui_msgs/msg/trajectory_setting.hpp
[3.985s] -- Installing: /home/hoapham/ros2_ws/install/gui_msgs/include/gui_msgs/gui_msgs/msg/setting_tool.hpp
[3.985s] -- Installing: /home/hoapham/ros2_ws/install/gui_msgs/include/gui_msgs/gui_msgs/msg/auto_process.hpp
[3.985s] -- Up-to-date: /home/hoapham/ros2_ws/install/gui_msgs/include/gui_msgs/gui_msgs/msg/rosidl_generator_cpp__visibility_control.hpp
[3.985s] -- Installing: /home/hoapham/ros2_ws/install/gui_msgs/include/gui_msgs/gui_msgs/msg/setting_params.hpp
[3.985s] -- Up-to-date: /home/hoapham/ros2_ws/install/gui_msgs/include/gui_msgs/gui_msgs/srv
[3.985s] -- Up-to-date: /home/hoapham/ros2_ws/install/gui_msgs/include/gui_msgs/gui_msgs/srv/detail
[3.985s] -- Installing: /home/hoapham/ros2_ws/install/gui_msgs/include/gui_msgs/gui_msgs/srv/detail/trajectory_setting__type_support.hpp
[3.985s] -- Installing: /home/hoapham/ros2_ws/install/gui_msgs/include/gui_msgs/gui_msgs/srv/detail/setting_params__struct.hpp
[3.986s] -- Installing: /home/hoapham/ros2_ws/install/gui_msgs/include/gui_msgs/gui_msgs/srv/detail/trajectory_setting__traits.hpp
[3.986s] -- Installing: /home/hoapham/ros2_ws/install/gui_msgs/include/gui_msgs/gui_msgs/srv/detail/setting_params__type_support.hpp
[3.986s] -- Installing: /home/hoapham/ros2_ws/install/gui_msgs/include/gui_msgs/gui_msgs/srv/detail/setting_tool__traits.hpp
[3.986s] -- Installing: /home/hoapham/ros2_ws/install/gui_msgs/include/gui_msgs/gui_msgs/srv/detail/setting_tool__type_support.hpp
[3.986s] -- Installing: /home/hoapham/ros2_ws/install/gui_msgs/include/gui_msgs/gui_msgs/srv/detail/trajectory_setting__builder.hpp
[3.986s] -- Installing: /home/hoapham/ros2_ws/install/gui_msgs/include/gui_msgs/gui_msgs/srv/detail/setting_params__traits.hpp
[3.986s] -- Installing: /home/hoapham/ros2_ws/install/gui_msgs/include/gui_msgs/gui_msgs/srv/detail/setting_tool__struct.hpp
[3.986s] -- Installing: /home/hoapham/ros2_ws/install/gui_msgs/include/gui_msgs/gui_msgs/srv/detail/setting_params__builder.hpp
[3.986s] -- Installing: /home/hoapham/ros2_ws/install/gui_msgs/include/gui_msgs/gui_msgs/srv/detail/trajectory_setting__struct.hpp
[3.987s] -- Installing: /home/hoapham/ros2_ws/install/gui_msgs/include/gui_msgs/gui_msgs/srv/detail/setting_tool__builder.hpp
[3.987s] -- Installing: /home/hoapham/ros2_ws/install/gui_msgs/include/gui_msgs/gui_msgs/srv/trajectory_setting.hpp
[3.987s] -- Installing: /home/hoapham/ros2_ws/install/gui_msgs/include/gui_msgs/gui_msgs/srv/setting_tool.hpp
[3.987s] -- Installing: /home/hoapham/ros2_ws/install/gui_msgs/include/gui_msgs/gui_msgs/srv/setting_params.hpp
[3.987s] -- Up-to-date: /home/hoapham/ros2_ws/install/gui_msgs/include/gui_msgs/gui_msgs
[3.987s] -- Up-to-date: /home/hoapham/ros2_ws/install/gui_msgs/include/gui_msgs/gui_msgs/msg
[3.987s] -- Up-to-date: /home/hoapham/ros2_ws/install/gui_msgs/include/gui_msgs/gui_msgs/msg/detail
[3.987s] -- Installing: /home/hoapham/ros2_ws/install/gui_msgs/include/gui_msgs/gui_msgs/msg/detail/setting_tool__rosidl_typesupport_fastrtps_cpp.hpp
[3.987s] -- Up-to-date: /home/hoapham/ros2_ws/install/gui_msgs/include/gui_msgs/gui_msgs/msg/detail/dds_fastrtps
[3.987s] -- Installing: /home/hoapham/ros2_ws/install/gui_msgs/include/gui_msgs/gui_msgs/msg/detail/auto_process__rosidl_typesupport_fastrtps_cpp.hpp
[3.987s] -- Installing: /home/hoapham/ros2_ws/install/gui_msgs/include/gui_msgs/gui_msgs/msg/detail/trajectory_setting__rosidl_typesupport_fastrtps_cpp.hpp
[3.988s] -- Installing: /home/hoapham/ros2_ws/install/gui_msgs/include/gui_msgs/gui_msgs/msg/detail/setting_params__rosidl_typesupport_fastrtps_cpp.hpp
[3.988s] -- Up-to-date: /home/hoapham/ros2_ws/install/gui_msgs/include/gui_msgs/gui_msgs/msg/rosidl_typesupport_fastrtps_cpp__visibility_control.h
[3.988s] -- Up-to-date: /home/hoapham/ros2_ws/install/gui_msgs/include/gui_msgs/gui_msgs/srv
[3.988s] -- Up-to-date: /home/hoapham/ros2_ws/install/gui_msgs/include/gui_msgs/gui_msgs/srv/detail
[3.988s] -- Installing: /home/hoapham/ros2_ws/install/gui_msgs/include/gui_msgs/gui_msgs/srv/detail/setting_tool__rosidl_typesupport_fastrtps_cpp.hpp
[3.988s] -- Up-to-date: /home/hoapham/ros2_ws/install/gui_msgs/include/gui_msgs/gui_msgs/srv/detail/dds_fastrtps
[3.988s] -- Installing: /home/hoapham/ros2_ws/install/gui_msgs/include/gui_msgs/gui_msgs/srv/detail/trajectory_setting__rosidl_typesupport_fastrtps_cpp.hpp
[3.988s] -- Installing: /home/hoapham/ros2_ws/install/gui_msgs/include/gui_msgs/gui_msgs/srv/detail/setting_params__rosidl_typesupport_fastrtps_cpp.hpp
[3.988s] -- Installing: /home/hoapham/ros2_ws/install/gui_msgs/lib/libgui_msgs__rosidl_typesupport_fastrtps_cpp.so
[3.989s] -- Set runtime path of "/home/hoapham/ros2_ws/install/gui_msgs/lib/libgui_msgs__rosidl_typesupport_fastrtps_cpp.so" to ""
[3.989s] -- Up-to-date: /home/hoapham/ros2_ws/install/gui_msgs/include/gui_msgs/gui_msgs
[3.989s] -- Up-to-date: /home/hoapham/ros2_ws/install/gui_msgs/include/gui_msgs/gui_msgs/msg
[3.989s] -- Up-to-date: /home/hoapham/ros2_ws/install/gui_msgs/include/gui_msgs/gui_msgs/msg/detail
[3.989s] -- Installing: /home/hoapham/ros2_ws/install/gui_msgs/include/gui_msgs/gui_msgs/msg/detail/trajectory_setting__type_support.c
[3.989s] -- Installing: /home/hoapham/ros2_ws/install/gui_msgs/include/gui_msgs/gui_msgs/msg/detail/auto_process__rosidl_typesupport_introspection_c.h
[3.989s] -- Installing: /home/hoapham/ros2_ws/install/gui_msgs/include/gui_msgs/gui_msgs/msg/detail/trajectory_setting__rosidl_typesupport_introspection_c.h
[3.989s] -- Installing: /home/hoapham/ros2_ws/install/gui_msgs/include/gui_msgs/gui_msgs/msg/detail/setting_tool__type_support.c
[3.989s] -- Installing: /home/hoapham/ros2_ws/install/gui_msgs/include/gui_msgs/gui_msgs/msg/detail/setting_tool__rosidl_typesupport_introspection_c.h
[3.989s] -- Installing: /home/hoapham/ros2_ws/install/gui_msgs/include/gui_msgs/gui_msgs/msg/detail/auto_process__type_support.c
[3.989s] -- Installing: /home/hoapham/ros2_ws/install/gui_msgs/include/gui_msgs/gui_msgs/msg/detail/setting_params__rosidl_typesupport_introspection_c.h
[3.990s] -- Installing: /home/hoapham/ros2_ws/install/gui_msgs/include/gui_msgs/gui_msgs/msg/detail/setting_params__type_support.c
[3.990s] -- Up-to-date: /home/hoapham/ros2_ws/install/gui_msgs/include/gui_msgs/gui_msgs/msg/rosidl_typesupport_introspection_c__visibility_control.h
[3.990s] -- Up-to-date: /home/hoapham/ros2_ws/install/gui_msgs/include/gui_msgs/gui_msgs/srv
[3.990s] -- Up-to-date: /home/hoapham/ros2_ws/install/gui_msgs/include/gui_msgs/gui_msgs/srv/detail
[3.990s] -- Installing: /home/hoapham/ros2_ws/install/gui_msgs/include/gui_msgs/gui_msgs/srv/detail/trajectory_setting__type_support.c
[3.990s] -- Installing: /home/hoapham/ros2_ws/install/gui_msgs/include/gui_msgs/gui_msgs/srv/detail/trajectory_setting__rosidl_typesupport_introspection_c.h
[3.990s] -- Installing: /home/hoapham/ros2_ws/install/gui_msgs/include/gui_msgs/gui_msgs/srv/detail/setting_tool__type_support.c
[3.990s] -- Installing: /home/hoapham/ros2_ws/install/gui_msgs/include/gui_msgs/gui_msgs/srv/detail/setting_tool__rosidl_typesupport_introspection_c.h
[3.990s] -- Installing: /home/hoapham/ros2_ws/install/gui_msgs/include/gui_msgs/gui_msgs/srv/detail/setting_params__rosidl_typesupport_introspection_c.h
[3.990s] -- Installing: /home/hoapham/ros2_ws/install/gui_msgs/include/gui_msgs/gui_msgs/srv/detail/setting_params__type_support.c
[3.991s] -- Installing: /home/hoapham/ros2_ws/install/gui_msgs/lib/libgui_msgs__rosidl_typesupport_introspection_c.so
[3.991s] -- Set runtime path of "/home/hoapham/ros2_ws/install/gui_msgs/lib/libgui_msgs__rosidl_typesupport_introspection_c.so" to ""
[3.991s] -- Installing: /home/hoapham/ros2_ws/install/gui_msgs/lib/libgui_msgs__rosidl_typesupport_c.so
[3.991s] -- Set runtime path of "/home/hoapham/ros2_ws/install/gui_msgs/lib/libgui_msgs__rosidl_typesupport_c.so" to ""
[3.991s] -- Up-to-date: /home/hoapham/ros2_ws/install/gui_msgs/include/gui_msgs/gui_msgs
[3.991s] -- Up-to-date: /home/hoapham/ros2_ws/install/gui_msgs/include/gui_msgs/gui_msgs/msg
[3.991s] -- Up-to-date: /home/hoapham/ros2_ws/install/gui_msgs/include/gui_msgs/gui_msgs/msg/detail
[3.991s] -- Installing: /home/hoapham/ros2_ws/install/gui_msgs/include/gui_msgs/gui_msgs/msg/detail/setting_tool__type_support.cpp
[3.991s] -- Installing: /home/hoapham/ros2_ws/install/gui_msgs/include/gui_msgs/gui_msgs/msg/detail/auto_process__type_support.cpp
[3.992s] -- Installing: /home/hoapham/ros2_ws/install/gui_msgs/include/gui_msgs/gui_msgs/msg/detail/trajectory_setting__type_support.cpp
[3.992s] -- Installing: /home/hoapham/ros2_ws/install/gui_msgs/include/gui_msgs/gui_msgs/msg/detail/setting_params__rosidl_typesupport_introspection_cpp.hpp
[3.992s] -- Installing: /home/hoapham/ros2_ws/install/gui_msgs/include/gui_msgs/gui_msgs/msg/detail/setting_tool__rosidl_typesupport_introspection_cpp.hpp
[3.992s] -- Installing: /home/hoapham/ros2_ws/install/gui_msgs/include/gui_msgs/gui_msgs/msg/detail/auto_process__rosidl_typesupport_introspection_cpp.hpp
[3.992s] -- Installing: /home/hoapham/ros2_ws/install/gui_msgs/include/gui_msgs/gui_msgs/msg/detail/trajectory_setting__rosidl_typesupport_introspection_cpp.hpp
[3.992s] -- Installing: /home/hoapham/ros2_ws/install/gui_msgs/include/gui_msgs/gui_msgs/msg/detail/setting_params__type_support.cpp
[3.992s] -- Up-to-date: /home/hoapham/ros2_ws/install/gui_msgs/include/gui_msgs/gui_msgs/srv
[3.992s] -- Up-to-date: /home/hoapham/ros2_ws/install/gui_msgs/include/gui_msgs/gui_msgs/srv/detail
[3.992s] -- Installing: /home/hoapham/ros2_ws/install/gui_msgs/include/gui_msgs/gui_msgs/srv/detail/setting_tool__type_support.cpp
[3.993s] -- Installing: /home/hoapham/ros2_ws/install/gui_msgs/include/gui_msgs/gui_msgs/srv/detail/trajectory_setting__type_support.cpp
[3.993s] -- Installing: /home/hoapham/ros2_ws/install/gui_msgs/include/gui_msgs/gui_msgs/srv/detail/setting_params__rosidl_typesupport_introspection_cpp.hpp
[3.993s] -- Installing: /home/hoapham/ros2_ws/install/gui_msgs/include/gui_msgs/gui_msgs/srv/detail/setting_tool__rosidl_typesupport_introspection_cpp.hpp
[3.993s] -- Installing: /home/hoapham/ros2_ws/install/gui_msgs/include/gui_msgs/gui_msgs/srv/detail/trajectory_setting__rosidl_typesupport_introspection_cpp.hpp
[3.993s] -- Installing: /home/hoapham/ros2_ws/install/gui_msgs/include/gui_msgs/gui_msgs/srv/detail/setting_params__type_support.cpp
[3.993s] -- Installing: /home/hoapham/ros2_ws/install/gui_msgs/lib/libgui_msgs__rosidl_typesupport_introspection_cpp.so
[3.993s] -- Set runtime path of "/home/hoapham/ros2_ws/install/gui_msgs/lib/libgui_msgs__rosidl_typesupport_introspection_cpp.so" to ""
[3.993s] -- Installing: /home/hoapham/ros2_ws/install/gui_msgs/lib/libgui_msgs__rosidl_typesupport_cpp.so
[3.994s] -- Set runtime path of "/home/hoapham/ros2_ws/install/gui_msgs/lib/libgui_msgs__rosidl_typesupport_cpp.so" to ""
[3.994s] -- Up-to-date: /home/hoapham/ros2_ws/install/gui_msgs/share/gui_msgs/environment/pythonpath.sh
[3.994s] -- Installing: /home/hoapham/ros2_ws/install/gui_msgs/share/gui_msgs/environment/pythonpath.dsv
[3.994s] -- Up-to-date: /home/hoapham/ros2_ws/install/gui_msgs/local/lib/python3.10/dist-packages/gui_msgs-1.1.0-py3.10.egg-info
[3.994s] -- Installing: /home/hoapham/ros2_ws/install/gui_msgs/local/lib/python3.10/dist-packages/gui_msgs-1.1.0-py3.10.egg-info/dependency_links.txt
[3.994s] -- Installing: /home/hoapham/ros2_ws/install/gui_msgs/local/lib/python3.10/dist-packages/gui_msgs-1.1.0-py3.10.egg-info/top_level.txt
[3.994s] -- Installing: /home/hoapham/ros2_ws/install/gui_msgs/local/lib/python3.10/dist-packages/gui_msgs-1.1.0-py3.10.egg-info/SOURCES.txt
[3.994s] -- Installing: /home/hoapham/ros2_ws/install/gui_msgs/local/lib/python3.10/dist-packages/gui_msgs-1.1.0-py3.10.egg-info/PKG-INFO
[3.995s] -- Up-to-date: /home/hoapham/ros2_ws/install/gui_msgs/local/lib/python3.10/dist-packages/gui_msgs
[3.995s] -- Up-to-date: /home/hoapham/ros2_ws/install/gui_msgs/local/lib/python3.10/dist-packages/gui_msgs/msg
[3.995s] -- Installing: /home/hoapham/ros2_ws/install/gui_msgs/local/lib/python3.10/dist-packages/gui_msgs/msg/_setting_params_s.c
[3.995s] -- Installing: /home/hoapham/ros2_ws/install/gui_msgs/local/lib/python3.10/dist-packages/gui_msgs/msg/__init__.py
[3.995s] -- Installing: /home/hoapham/ros2_ws/install/gui_msgs/local/lib/python3.10/dist-packages/gui_msgs/msg/_auto_process.py
[3.995s] -- Installing: /home/hoapham/ros2_ws/install/gui_msgs/local/lib/python3.10/dist-packages/gui_msgs/msg/_auto_process_s.c
[3.995s] -- Installing: /home/hoapham/ros2_ws/install/gui_msgs/local/lib/python3.10/dist-packages/gui_msgs/msg/_setting_tool.py
[3.995s] -- Installing: /home/hoapham/ros2_ws/install/gui_msgs/local/lib/python3.10/dist-packages/gui_msgs/msg/_setting_params.py
[3.995s] -- Installing: /home/hoapham/ros2_ws/install/gui_msgs/local/lib/python3.10/dist-packages/gui_msgs/msg/_trajectory_setting.py
[3.995s] -- Installing: /home/hoapham/ros2_ws/install/gui_msgs/local/lib/python3.10/dist-packages/gui_msgs/msg/_setting_tool_s.c
[3.995s] -- Installing: /home/hoapham/ros2_ws/install/gui_msgs/local/lib/python3.10/dist-packages/gui_msgs/msg/_trajectory_setting_s.c
[3.996s] -- Installing: /home/hoapham/ros2_ws/install/gui_msgs/local/lib/python3.10/dist-packages/gui_msgs/__init__.py
[3.996s] -- Installing: /home/hoapham/ros2_ws/install/gui_msgs/local/lib/python3.10/dist-packages/gui_msgs/libgui_msgs__rosidl_generator_py.so
[3.996s] -- Up-to-date: /home/hoapham/ros2_ws/install/gui_msgs/local/lib/python3.10/dist-packages/gui_msgs/srv
[3.996s] -- Installing: /home/hoapham/ros2_ws/install/gui_msgs/local/lib/python3.10/dist-packages/gui_msgs/srv/_setting_params_s.c
[3.996s] -- Installing: /home/hoapham/ros2_ws/install/gui_msgs/local/lib/python3.10/dist-packages/gui_msgs/srv/__init__.py
[3.996s] -- Installing: /home/hoapham/ros2_ws/install/gui_msgs/local/lib/python3.10/dist-packages/gui_msgs/srv/_setting_tool.py
[3.996s] -- Installing: /home/hoapham/ros2_ws/install/gui_msgs/local/lib/python3.10/dist-packages/gui_msgs/srv/_setting_params.py
[3.996s] -- Installing: /home/hoapham/ros2_ws/install/gui_msgs/local/lib/python3.10/dist-packages/gui_msgs/srv/_trajectory_setting.py
[3.996s] -- Installing: /home/hoapham/ros2_ws/install/gui_msgs/local/lib/python3.10/dist-packages/gui_msgs/srv/_setting_tool_s.c
[3.997s] -- Installing: /home/hoapham/ros2_ws/install/gui_msgs/local/lib/python3.10/dist-packages/gui_msgs/srv/_trajectory_setting_s.c
[3.997s] -- Installing: /home/hoapham/ros2_ws/install/gui_msgs/local/lib/python3.10/dist-packages/gui_msgs/gui_msgs_s__rosidl_typesupport_fastrtps_c.cpython-310-x86_64-linux-gnu.so
[3.997s] -- Installing: /home/hoapham/ros2_ws/install/gui_msgs/local/lib/python3.10/dist-packages/gui_msgs/_gui_msgs_s.ep.rosidl_typesupport_fastrtps_c.c
[3.997s] -- Installing: /home/hoapham/ros2_ws/install/gui_msgs/local/lib/python3.10/dist-packages/gui_msgs/_gui_msgs_s.ep.rosidl_typesupport_c.c
[3.997s] -- Installing: /home/hoapham/ros2_ws/install/gui_msgs/local/lib/python3.10/dist-packages/gui_msgs/_gui_msgs_s.ep.rosidl_typesupport_introspection_c.c
[3.997s] -- Installing: /home/hoapham/ros2_ws/install/gui_msgs/local/lib/python3.10/dist-packages/gui_msgs/gui_msgs_s__rosidl_typesupport_introspection_c.cpython-310-x86_64-linux-gnu.so
[3.997s] -- Installing: /home/hoapham/ros2_ws/install/gui_msgs/local/lib/python3.10/dist-packages/gui_msgs/gui_msgs_s__rosidl_typesupport_c.cpython-310-x86_64-linux-gnu.so
[4.028s] Listing '/home/hoapham/ros2_ws/install/gui_msgs/local/lib/python3.10/dist-packages/gui_msgs'...
[4.028s] Compiling '/home/hoapham/ros2_ws/install/gui_msgs/local/lib/python3.10/dist-packages/gui_msgs/__init__.py'...
[4.028s] Listing '/home/hoapham/ros2_ws/install/gui_msgs/local/lib/python3.10/dist-packages/gui_msgs/msg'...
[4.028s] Compiling '/home/hoapham/ros2_ws/install/gui_msgs/local/lib/python3.10/dist-packages/gui_msgs/msg/__init__.py'...
[4.028s] Compiling '/home/hoapham/ros2_ws/install/gui_msgs/local/lib/python3.10/dist-packages/gui_msgs/msg/_auto_process.py'...
[4.028s] Compiling '/home/hoapham/ros2_ws/install/gui_msgs/local/lib/python3.10/dist-packages/gui_msgs/msg/_setting_params.py'...
[4.028s] Compiling '/home/hoapham/ros2_ws/install/gui_msgs/local/lib/python3.10/dist-packages/gui_msgs/msg/_setting_tool.py'...
[4.029s] Compiling '/home/hoapham/ros2_ws/install/gui_msgs/local/lib/python3.10/dist-packages/gui_msgs/msg/_trajectory_setting.py'...
[4.029s] Listing '/home/hoapham/ros2_ws/install/gui_msgs/local/lib/python3.10/dist-packages/gui_msgs/srv'...
[4.029s] Compiling '/home/hoapham/ros2_ws/install/gui_msgs/local/lib/python3.10/dist-packages/gui_msgs/srv/__init__.py'...
[4.029s] Compiling '/home/hoapham/ros2_ws/install/gui_msgs/local/lib/python3.10/dist-packages/gui_msgs/srv/_setting_params.py'...
[4.029s] Compiling '/home/hoapham/ros2_ws/install/gui_msgs/local/lib/python3.10/dist-packages/gui_msgs/srv/_setting_tool.py'...
[4.029s] Compiling '/home/hoapham/ros2_ws/install/gui_msgs/local/lib/python3.10/dist-packages/gui_msgs/srv/_trajectory_setting.py'...
[4.031s] -- Installing: /home/hoapham/ros2_ws/install/gui_msgs/local/lib/python3.10/dist-packages/gui_msgs/gui_msgs_s__rosidl_typesupport_fastrtps_c.cpython-310-x86_64-linux-gnu.so
[4.031s] -- Set runtime path of "/home/hoapham/ros2_ws/install/gui_msgs/local/lib/python3.10/dist-packages/gui_msgs/gui_msgs_s__rosidl_typesupport_fastrtps_c.cpython-310-x86_64-linux-gnu.so" to ""
[4.031s] -- Installing: /home/hoapham/ros2_ws/install/gui_msgs/local/lib/python3.10/dist-packages/gui_msgs/gui_msgs_s__rosidl_typesupport_introspection_c.cpython-310-x86_64-linux-gnu.so
[4.032s] -- Set runtime path of "/home/hoapham/ros2_ws/install/gui_msgs/local/lib/python3.10/dist-packages/gui_msgs/gui_msgs_s__rosidl_typesupport_introspection_c.cpython-310-x86_64-linux-gnu.so" to ""
[4.032s] -- Installing: /home/hoapham/ros2_ws/install/gui_msgs/local/lib/python3.10/dist-packages/gui_msgs/gui_msgs_s__rosidl_typesupport_c.cpython-310-x86_64-linux-gnu.so
[4.032s] -- Set runtime path of "/home/hoapham/ros2_ws/install/gui_msgs/local/lib/python3.10/dist-packages/gui_msgs/gui_msgs_s__rosidl_typesupport_c.cpython-310-x86_64-linux-gnu.so" to ""
[4.032s] -- Installing: /home/hoapham/ros2_ws/install/gui_msgs/lib/libgui_msgs__rosidl_generator_py.so
[4.033s] -- Set runtime path of "/home/hoapham/ros2_ws/install/gui_msgs/lib/libgui_msgs__rosidl_generator_py.so" to ""
[4.033s] -- Up-to-date: /home/hoapham/ros2_ws/install/gui_msgs/share/gui_msgs/msg/SettingParams.idl
[4.033s] -- Up-to-date: /home/hoapham/ros2_ws/install/gui_msgs/share/gui_msgs/msg/SettingTool.idl
[4.033s] -- Up-to-date: /home/hoapham/ros2_ws/install/gui_msgs/share/gui_msgs/msg/TrajectorySetting.idl
[4.033s] -- Installing: /home/hoapham/ros2_ws/install/gui_msgs/share/gui_msgs/msg/AutoProcess.idl
[4.033s] -- Up-to-date: /home/hoapham/ros2_ws/install/gui_msgs/share/gui_msgs/srv/SettingParams.idl
[4.033s] -- Up-to-date: /home/hoapham/ros2_ws/install/gui_msgs/share/gui_msgs/srv/SettingTool.idl
[4.033s] -- Up-to-date: /home/hoapham/ros2_ws/install/gui_msgs/share/gui_msgs/srv/TrajectorySetting.idl
[4.033s] -- Up-to-date: /home/hoapham/ros2_ws/install/gui_msgs/share/gui_msgs/msg/SettingParams.msg
[4.033s] -- Up-to-date: /home/hoapham/ros2_ws/install/gui_msgs/share/gui_msgs/msg/SettingTool.msg
[4.033s] -- Up-to-date: /home/hoapham/ros2_ws/install/gui_msgs/share/gui_msgs/msg/TrajectorySetting.msg
[4.033s] -- Installing: /home/hoapham/ros2_ws/install/gui_msgs/share/gui_msgs/msg/AutoProcess.msg
[4.033s] -- Up-to-date: /home/hoapham/ros2_ws/install/gui_msgs/share/gui_msgs/srv/SettingParams.srv
[4.033s] -- Up-to-date: /home/hoapham/ros2_ws/install/gui_msgs/share/gui_msgs/srv/SettingParams_Request.msg
[4.033s] -- Up-to-date: /home/hoapham/ros2_ws/install/gui_msgs/share/gui_msgs/srv/SettingParams_Response.msg
[4.033s] -- Up-to-date: /home/hoapham/ros2_ws/install/gui_msgs/share/gui_msgs/srv/SettingTool.srv
[4.033s] -- Up-to-date: /home/hoapham/ros2_ws/install/gui_msgs/share/gui_msgs/srv/SettingTool_Request.msg
[4.033s] -- Up-to-date: /home/hoapham/ros2_ws/install/gui_msgs/share/gui_msgs/srv/SettingTool_Response.msg
[4.033s] -- Up-to-date: /home/hoapham/ros2_ws/install/gui_msgs/share/gui_msgs/srv/TrajectorySetting.srv
[4.033s] -- Up-to-date: /home/hoapham/ros2_ws/install/gui_msgs/share/gui_msgs/srv/TrajectorySetting_Request.msg
[4.034s] -- Up-to-date: /home/hoapham/ros2_ws/install/gui_msgs/share/gui_msgs/srv/TrajectorySetting_Response.msg
[4.034s] -- Up-to-date: /home/hoapham/ros2_ws/install/gui_msgs/share/ament_index/resource_index/package_run_dependencies/gui_msgs
[4.034s] -- Installing: /home/hoapham/ros2_ws/install/gui_msgs/share/ament_index/resource_index/parent_prefix_path/gui_msgs
[4.034s] -- Up-to-date: /home/hoapham/ros2_ws/install/gui_msgs/share/gui_msgs/environment/ament_prefix_path.sh
[4.034s] -- Installing: /home/hoapham/ros2_ws/install/gui_msgs/share/gui_msgs/environment/ament_prefix_path.dsv
[4.034s] -- Up-to-date: /home/hoapham/ros2_ws/install/gui_msgs/share/gui_msgs/environment/path.sh
[4.034s] -- Installing: /home/hoapham/ros2_ws/install/gui_msgs/share/gui_msgs/environment/path.dsv
[4.034s] -- Up-to-date: /home/hoapham/ros2_ws/install/gui_msgs/share/gui_msgs/local_setup.bash
[4.034s] -- Up-to-date: /home/hoapham/ros2_ws/install/gui_msgs/share/gui_msgs/local_setup.sh
[4.034s] -- Up-to-date: /home/hoapham/ros2_ws/install/gui_msgs/share/gui_msgs/local_setup.zsh
[4.034s] -- Installing: /home/hoapham/ros2_ws/install/gui_msgs/share/gui_msgs/local_setup.dsv
[4.034s] -- Installing: /home/hoapham/ros2_ws/install/gui_msgs/share/gui_msgs/package.dsv
[4.034s] -- Up-to-date: /home/hoapham/ros2_ws/install/gui_msgs/share/ament_index/resource_index/packages/gui_msgs
[4.034s] -- Up-to-date: /home/hoapham/ros2_ws/install/gui_msgs/share/gui_msgs/cmake/export_gui_msgs__rosidl_generator_cExport.cmake
[4.034s] -- Up-to-date: /home/hoapham/ros2_ws/install/gui_msgs/share/gui_msgs/cmake/export_gui_msgs__rosidl_generator_cExport-noconfig.cmake
[4.034s] -- Up-to-date: /home/hoapham/ros2_ws/install/gui_msgs/share/gui_msgs/cmake/export_gui_msgs__rosidl_typesupport_fastrtps_cExport.cmake
[4.034s] -- Up-to-date: /home/hoapham/ros2_ws/install/gui_msgs/share/gui_msgs/cmake/export_gui_msgs__rosidl_typesupport_fastrtps_cExport-noconfig.cmake
[4.034s] -- Up-to-date: /home/hoapham/ros2_ws/install/gui_msgs/share/gui_msgs/cmake/export_gui_msgs__rosidl_generator_cppExport.cmake
[4.035s] -- Up-to-date: /home/hoapham/ros2_ws/install/gui_msgs/share/gui_msgs/cmake/export_gui_msgs__rosidl_typesupport_fastrtps_cppExport.cmake
[4.035s] -- Up-to-date: /home/hoapham/ros2_ws/install/gui_msgs/share/gui_msgs/cmake/export_gui_msgs__rosidl_typesupport_fastrtps_cppExport-noconfig.cmake
[4.035s] -- Up-to-date: /home/hoapham/ros2_ws/install/gui_msgs/share/gui_msgs/cmake/gui_msgs__rosidl_typesupport_introspection_cExport.cmake
[4.035s] -- Up-to-date: /home/hoapham/ros2_ws/install/gui_msgs/share/gui_msgs/cmake/gui_msgs__rosidl_typesupport_introspection_cExport-noconfig.cmake
[4.035s] -- Up-to-date: /home/hoapham/ros2_ws/install/gui_msgs/share/gui_msgs/cmake/gui_msgs__rosidl_typesupport_cExport.cmake
[4.035s] -- Up-to-date: /home/hoapham/ros2_ws/install/gui_msgs/share/gui_msgs/cmake/gui_msgs__rosidl_typesupport_cExport-noconfig.cmake
[4.035s] -- Up-to-date: /home/hoapham/ros2_ws/install/gui_msgs/share/gui_msgs/cmake/gui_msgs__rosidl_typesupport_introspection_cppExport.cmake
[4.035s] -- Up-to-date: /home/hoapham/ros2_ws/install/gui_msgs/share/gui_msgs/cmake/gui_msgs__rosidl_typesupport_introspection_cppExport-noconfig.cmake
[4.035s] -- Up-to-date: /home/hoapham/ros2_ws/install/gui_msgs/share/gui_msgs/cmake/gui_msgs__rosidl_typesupport_cppExport.cmake
[4.035s] -- Up-to-date: /home/hoapham/ros2_ws/install/gui_msgs/share/gui_msgs/cmake/gui_msgs__rosidl_typesupport_cppExport-noconfig.cmake
[4.035s] -- Up-to-date: /home/hoapham/ros2_ws/install/gui_msgs/share/gui_msgs/cmake/export_gui_msgs__rosidl_generator_pyExport.cmake
[4.035s] -- Up-to-date: /home/hoapham/ros2_ws/install/gui_msgs/share/gui_msgs/cmake/export_gui_msgs__rosidl_generator_pyExport-noconfig.cmake
[4.035s] -- Installing: /home/hoapham/ros2_ws/install/gui_msgs/share/gui_msgs/cmake/rosidl_cmake-extras.cmake
[4.035s] -- Up-to-date: /home/hoapham/ros2_ws/install/gui_msgs/share/gui_msgs/cmake/ament_cmake_export_dependencies-extras.cmake
[4.035s] -- Up-to-date: /home/hoapham/ros2_ws/install/gui_msgs/share/gui_msgs/cmake/ament_cmake_export_include_directories-extras.cmake
[4.035s] -- Up-to-date: /home/hoapham/ros2_ws/install/gui_msgs/share/gui_msgs/cmake/ament_cmake_export_libraries-extras.cmake
[4.035s] -- Up-to-date: /home/hoapham/ros2_ws/install/gui_msgs/share/gui_msgs/cmake/ament_cmake_export_targets-extras.cmake
[4.035s] -- Up-to-date: /home/hoapham/ros2_ws/install/gui_msgs/share/gui_msgs/cmake/rosidl_cmake_export_typesupport_targets-extras.cmake
[4.036s] -- Up-to-date: /home/hoapham/ros2_ws/install/gui_msgs/share/gui_msgs/cmake/rosidl_cmake_export_typesupport_libraries-extras.cmake
[4.036s] -- Up-to-date: /home/hoapham/ros2_ws/install/gui_msgs/share/gui_msgs/cmake/gui_msgsConfig.cmake
[4.036s] -- Up-to-date: /home/hoapham/ros2_ws/install/gui_msgs/share/gui_msgs/cmake/gui_msgsConfig-version.cmake
[4.036s] -- Up-to-date: /home/hoapham/ros2_ws/install/gui_msgs/share/gui_msgs/package.xml
[4.038s] Invoked command in '/home/hoapham/ros2_ws/build/gui_msgs' returned '0': CMAKE_PREFIX_PATH=${CMAKE_PREFIX_PATH}:/opt/ros/humble /usr/bin/cmake --install /home/hoapham/ros2_ws/build/gui_msgs
