[0.010s] Invoking command in '/home/hoapham/ros2_ws/build/gui': CMAKE_PREFIX_PATH=${CMAKE_PREFIX_PATH}:/opt/ros/humble /usr/bin/cmake --build /home/hoapham/ros2_ws/build/gui -- -j16 -l16
[0.045s] -- Found ament_cmake: 1.3.11 (/opt/ros/humble/share/ament_cmake/cmake)
[0.127s] -- Found rclcpp: 16.0.12 (/opt/ros/humble/share/rclcpp/cmake)
[0.140s] -- Found rosidl_generator_c: 3.1.6 (/opt/ros/humble/share/rosidl_generator_c/cmake)
[0.142s] -- Found rosidl_adapter: 3.1.6 (/opt/ros/humble/share/rosidl_adapter/cmake)
[0.145s] -- Found rosidl_generator_cpp: 3.1.6 (/opt/ros/humble/share/rosidl_generator_cpp/cmake)
[0.150s] -- Using all available rosidl_typesupport_c: rosidl_typesupport_fastrtps_c;rosidl_typesupport_introspection_c
[0.156s] -- Using all available rosidl_typesupport_cpp: rosidl_typesupport_fastrtps_cpp;rosidl_typesupport_introspection_cpp
[0.174s] -- Found rmw_implementation_cmake: 6.1.2 (/opt/ros/humble/share/rmw_implementation_cmake/cmake)
[0.175s] -- Found rmw_cyclonedds_cpp: 1.3.4 (/opt/ros/humble/share/rmw_cyclonedds_cpp/cmake)
[0.185s] -- Using RMW implementation 'rmw_cyclonedds_cpp' as default
[0.211s] -- Found example_interfaces: 0.9.3 (/opt/ros/humble/share/example_interfaces/cmake)
[0.232s] -- Found action_tutorials_interfaces: 0.20.5 (/opt/ros/humble/share/action_tutorials_interfaces/cmake)
[0.239s] -- Found rclcpp_action: 16.0.12 (/opt/ros/humble/share/rclcpp_action/cmake)
[0.244s] -- Found geometry_msgs: 4.8.0 (/opt/ros/humble/share/geometry_msgs/cmake)
[0.251s] -- Found rviz_default_plugins: 11.2.16 (/opt/ros/humble/share/rviz_default_plugins/cmake)
[0.342s] -- library: /usr/lib/x86_64-linux-gnu/libcurl.so
[0.344s] -- Setting assimp_DIR to: '/opt/ros/humble/share/rviz_assimp_vendor/cmake/../../../opt/rviz_assimp_vendor/lib/cmake/assimp-4.1'
[0.348s] -- Setting OGRE_DIR to: '/opt/ros/humble/share/rviz_ogre_vendor/cmake/../../../opt/rviz_ogre_vendor/lib/OGRE/cmake'
[0.349s] -- Found OGRE
[0.349s] --   static     : OFF
[0.349s] --   components : HLMS;MeshLodGenerator;Overlay;Paging;Property;RTShaderSystem;Terrain;Volume
[0.349s] --   plugins    : Plugin_BSPSceneManager;Plugin_OctreeSceneManager;Plugin_PCZSceneManager;Plugin_ParticleFX;RenderSystem_GL;RenderSystem_GL3Plus;Codec_STBI
[0.349s] --   media      : /opt/ros/humble/opt/rviz_ogre_vendor/share/OGRE/Media
[0.349s] -- OGRE_LIBRARIES: OgreHLMS;OgreMeshLodGenerator;OgreOverlay;OgrePaging;OgreProperty;OgreRTShaderSystem;OgreTerrain;OgreVolume;OgreMain
[0.349s] -- OGRE_LIBRARY_DIRS: /opt/ros/humble/opt/rviz_ogre_vendor/lib
[0.349s] -- OGRE_PLUGINS: Plugin_BSPSceneManager;Plugin_OctreeSceneManager;Plugin_PCZSceneManager;Plugin_ParticleFX;RenderSystem_GL;RenderSystem_GL3Plus;Codec_STBI
[0.349s] -- OGRE_PLUGIN_DIR: /opt/ros/humble/opt/rviz_ogre_vendor/lib/OGRE
[0.349s] -- rviz_ogre_vendor::OgreOverlay for IMPORTED_LOCATION_RELEASE: /opt/ros/humble/opt/rviz_ogre_vendor/lib/libOgreOverlay.so
[0.349s] -- rviz_ogre_vendor::OgreOverlay for IMPORTED_LOCATION_DEBUG: /opt/ros/humble/opt/rviz_ogre_vendor/lib/libOgreOverlay.so
[0.349s] -- rviz_ogre_vendor::OgreMain for IMPORTED_LOCATION_RELEASE: /opt/ros/humble/opt/rviz_ogre_vendor/lib/libOgreMain.so
[0.349s] -- rviz_ogre_vendor::OgreMain for IMPORTED_LOCATION_DEBUG: /opt/ros/humble/opt/rviz_ogre_vendor/lib/libOgreMain.so
[0.383s] -- Ensuring Eigen3 include directory is part of orocos-kdl CMake target
[0.417s] -- Found gui_msgs: 1.1.0 (/home/hoapham/ros2_ws/install/gui_msgs/share/gui_msgs/cmake)
[0.430s] -- Found std_srvs: 4.8.0 (/opt/ros/humble/share/std_srvs/cmake)
[0.442s] -- Found ament_lint_auto: 0.12.12 (/opt/ros/humble/share/ament_lint_auto/cmake)
[0.485s] -- Added test 'copyright' to check source files copyright and LICENSE
[0.486s] -- Added test 'cppcheck' to perform static code analysis on C / C++ code
[0.487s] -- Configured cppcheck include dirs: /home/hoapham/ros2_ws/src/gui/include
[0.487s] -- Configured cppcheck exclude dirs and/or files: 
[0.488s] -- Added test 'cpplint' to check C / C++ code against the Google style
[0.488s] -- Configured cpplint exclude dirs and/or files: 
[0.488s] -- Added test 'flake8' to check Python code syntax and style conventions
[0.488s] -- Added test 'lint_cmake' to check CMake code style
[0.489s] -- Added test 'pep257' to check Python code against some of the docstring style conventions in PEP 257
[0.490s] -- Added test 'uncrustify' to check C / C++ code style
[0.490s] -- Configured uncrustify additional arguments: 
[0.490s] -- Added test 'xmllint' to check XML markup files
[0.491s] -- Configuring done
[0.524s] -- Generating done
[0.528s] -- Build files have been written to: /home/hoapham/ros2_ws/build/gui
[0.566s] [ 10%] [34m[1mAutomatic MOC and UIC for target gui[0m
[0.812s] [ 10%] Built target gui_autogen
[0.830s] [35m[1mConsolidate compiler generated dependencies of target gui[0m
[0.871s] [ 20%] [32mBuilding CXX object CMakeFiles/gui.dir/src/rviz_window.cpp.o[0m
[0.872s] [ 30%] [32mBuilding CXX object CMakeFiles/gui.dir/gui_autogen/mocs_compilation.cpp.o[0m
[0.879s] [01m[K/home/hoapham/ros2_ws/src/gui/src/rviz_window.cpp:2:10:[m[K [01;31m[Kfatal error: [m[Krviz_window.hpp: No such file or directory
[0.879s]     2 | #include [01;31m[K"rviz_window.hpp"[m[K
[0.879s]       |          [01;31m[K^~~~~~~~~~~~~~~~~[m[K
[0.879s] compilation terminated.
[0.879s] gmake[2]: *** [CMakeFiles/gui.dir/build.make:174: CMakeFiles/gui.dir/src/rviz_window.cpp.o] Error 1
[0.880s] gmake[2]: *** Waiting for unfinished jobs....
[6.142s] gmake[1]: *** [CMakeFiles/Makefile2:138: CMakeFiles/gui.dir/all] Error 2
[6.142s] gmake: *** [Makefile:146: all] Error 2
[6.144s] Invoked command in '/home/hoapham/ros2_ws/build/gui' returned '2': CMAKE_PREFIX_PATH=${CMAKE_PREFIX_PATH}:/opt/ros/humble /usr/bin/cmake --build /home/hoapham/ros2_ws/build/gui -- -j16 -l16
