[0.011s] Invoking command in '/home/hoapham/ros2_ws/build/gui': CMAKE_PREFIX_PATH=${CMAKE_PREFIX_PATH}:/opt/ros/humble /usr/bin/cmake --build /home/hoapham/ros2_ws/build/gui -- -j16 -l16
[0.082s] [ 14%] [34m[1mAutomatic MOC and UIC for target gui[0m
[0.667s] [ 14%] Built target gui_autogen
[0.707s] [ 42%] [32mBuilding CXX object CMakeFiles/gui.dir/gui_autogen/mocs_compilation.cpp.o[0m
[0.707s] [ 42%] [32mBuilding CXX object CMakeFiles/gui.dir/src/main.cpp.o[0m
[0.707s] [ 57%] [32mBuilding CXX object CMakeFiles/gui.dir/src/hello_gui.cpp.o[0m
[1.299s] In file included from [01m[K/home/hoapham/ros2_ws/src/gui/src/main.cpp:1[m[K:
[1.299s] [01m[K/home/hoapham/ros2_ws/src/gui/include/gui/hello_gui.h:22:10:[m[K [01;31m[Kfatal error: [m[Kgui_msgs/srv/setting_params.hpp: No such file or directory
[1.299s]    22 | #include [01;31m[K"gui_msgs/srv/setting_params.hpp"[m[K
[1.299s]       |          [01;31m[K^~~~~~~~~~~~~~~~~~~~~~~~~~~~~~~~~[m[K
[1.299s] In file included from [01m[K/home/hoapham/ros2_ws/src/gui/src/hello_gui.cpp:3[m[K:
[1.299s] [01m[K/home/hoapham/ros2_ws/src/gui/include/gui/hello_gui.h:22:10:[m[K [01;31m[Kfatal error: [m[Kgui_msgs/srv/setting_params.hpp: No such file or directory
[1.299s]    22 | #include [01;31m[K"gui_msgs/srv/setting_params.hpp"[m[K
[1.299s]       |          [01;31m[K^~~~~~~~~~~~~~~~~~~~~~~~~~~~~~~~~[m[K
[1.299s] compilation terminated.
[1.299s] compilation terminated.
[1.299s] In file included from [01m[K/home/hoapham/ros2_ws/build/gui/gui_autogen/BMPI5EA7AM/moc_hello_gui.cpp:10[m[K,
[1.299s]                  from [01m[K/home/hoapham/ros2_ws/build/gui/gui_autogen/mocs_compilation.cpp:2[m[K:
[1.299s] [01m[K/home/hoapham/ros2_ws/build/gui/gui_autogen/BMPI5EA7AM/../../../../src/gui/include/gui/hello_gui.h:22:10:[m[K [01;31m[Kfatal error: [m[Kgui_msgs/srv/setting_params.hpp: No such file or directory
[1.299s]    22 | #include [01;31m[K"gui_msgs/srv/setting_params.hpp"[m[K
[1.299s]       |          [01;31m[K^~~~~~~~~~~~~~~~~~~~~~~~~~~~~~~~~[m[K
[1.299s] compilation terminated.
[1.306s] gmake[2]: *** [CMakeFiles/gui.dir/build.make:76: CMakeFiles/gui.dir/gui_autogen/mocs_compilation.cpp.o] Error 1
[1.306s] gmake[2]: *** Waiting for unfinished jobs....
[1.306s] gmake[2]: *** [CMakeFiles/gui.dir/build.make:104: CMakeFiles/gui.dir/src/hello_gui.cpp.o] Error 1
[1.307s] gmake[2]: *** [CMakeFiles/gui.dir/build.make:90: CMakeFiles/gui.dir/src/main.cpp.o] Error 1
[1.308s] gmake[1]: *** [CMakeFiles/Makefile2:138: CMakeFiles/gui.dir/all] Error 2
[1.308s] gmake: *** [Makefile:146: all] Error 2
[1.310s] Invoked command in '/home/hoapham/ros2_ws/build/gui' returned '2': CMAKE_PREFIX_PATH=${CMAKE_PREFIX_PATH}:/opt/ros/humble /usr/bin/cmake --build /home/hoapham/ros2_ws/build/gui -- -j16 -l16
