[0.010s] Invoking command in '/home/hoapham/ros2_ws/build/pointcloud_marker': CMAKE_PREFIX_PATH=${CMAKE_PREFIX_PATH}:/opt/ros/humble /usr/bin/cmake --build /home/hoapham/ros2_ws/build/pointcloud_marker -- -j16 -l16
[0.071s] [35m[1mConsolidate compiler generated dependencies of target pointcloud_marker_node[0m
[0.099s] [ 50%] [32mBuilding CXX object CMakeFiles/pointcloud_marker_node.dir/src/pointcloud_marker_node.cpp.o[0m
[10.133s] [100%] [32m[1mLinking CXX executable pointcloud_marker_node[0m
[10.920s] [100%] Built target pointcloud_marker_node
[10.935s] Invoked command in '/home/hoapham/ros2_ws/build/pointcloud_marker' returned '0': CMAKE_PREFIX_PATH=${CMAKE_PREFIX_PATH}:/opt/ros/humble /usr/bin/cmake --build /home/hoapham/ros2_ws/build/pointcloud_marker -- -j16 -l16
[10.949s] Invoking command in '/home/hoapham/ros2_ws/build/pointcloud_marker': CMAKE_PREFIX_PATH=${CMAKE_PREFIX_PATH}:/opt/ros/humble /usr/bin/cmake --install /home/hoapham/ros2_ws/build/pointcloud_marker
[10.958s] -- Install configuration: ""
[10.958s] -- Installing: /home/hoapham/ros2_ws/install/pointcloud_marker/lib/pointcloud_marker/pointcloud_marker_node
[10.968s] -- Set runtime path of "/home/hoapham/ros2_ws/install/pointcloud_marker/lib/pointcloud_marker/pointcloud_marker_node" to ""
[10.968s] -- Up-to-date: /home/hoapham/ros2_ws/install/pointcloud_marker/share/pointcloud_marker//launch
[10.968s] -- Up-to-date: /home/hoapham/ros2_ws/install/pointcloud_marker/share/pointcloud_marker//launch/marker.launch.py
[10.968s] -- Up-to-date: /home/hoapham/ros2_ws/install/pointcloud_marker/share/ament_index/resource_index/package_run_dependencies/pointcloud_marker
[10.969s] -- Up-to-date: /home/hoapham/ros2_ws/install/pointcloud_marker/share/ament_index/resource_index/parent_prefix_path/pointcloud_marker
[10.969s] -- Up-to-date: /home/hoapham/ros2_ws/install/pointcloud_marker/share/pointcloud_marker/environment/ament_prefix_path.sh
[10.969s] -- Up-to-date: /home/hoapham/ros2_ws/install/pointcloud_marker/share/pointcloud_marker/environment/ament_prefix_path.dsv
[10.969s] -- Up-to-date: /home/hoapham/ros2_ws/install/pointcloud_marker/share/pointcloud_marker/environment/path.sh
[10.969s] -- Up-to-date: /home/hoapham/ros2_ws/install/pointcloud_marker/share/pointcloud_marker/environment/path.dsv
[10.969s] -- Up-to-date: /home/hoapham/ros2_ws/install/pointcloud_marker/share/pointcloud_marker/local_setup.bash
[10.969s] -- Up-to-date: /home/hoapham/ros2_ws/install/pointcloud_marker/share/pointcloud_marker/local_setup.sh
[10.969s] -- Up-to-date: /home/hoapham/ros2_ws/install/pointcloud_marker/share/pointcloud_marker/local_setup.zsh
[10.969s] -- Up-to-date: /home/hoapham/ros2_ws/install/pointcloud_marker/share/pointcloud_marker/local_setup.dsv
[10.969s] -- Installing: /home/hoapham/ros2_ws/install/pointcloud_marker/share/pointcloud_marker/package.dsv
[10.969s] -- Up-to-date: /home/hoapham/ros2_ws/install/pointcloud_marker/share/ament_index/resource_index/packages/pointcloud_marker
[10.969s] -- Up-to-date: /home/hoapham/ros2_ws/install/pointcloud_marker/share/pointcloud_marker/cmake/pointcloud_markerConfig.cmake
[10.969s] -- Up-to-date: /home/hoapham/ros2_ws/install/pointcloud_marker/share/pointcloud_marker/cmake/pointcloud_markerConfig-version.cmake
[10.969s] -- Up-to-date: /home/hoapham/ros2_ws/install/pointcloud_marker/share/pointcloud_marker/package.xml
[10.973s] Invoked command in '/home/hoapham/ros2_ws/build/pointcloud_marker' returned '0': CMAKE_PREFIX_PATH=${CMAKE_PREFIX_PATH}:/opt/ros/humble /usr/bin/cmake --install /home/hoapham/ros2_ws/build/pointcloud_marker
