-- Found ament_cmake: 1.3.11 (/opt/ros/humble/share/ament_cmake/cmake)
-- Found rclcpp: 16.0.12 (/opt/ros/humble/share/rclcpp/cmake)
-- Found rosidl_generator_c: 3.1.6 (/opt/ros/humble/share/rosidl_generator_c/cmake)
-- Found rosidl_adapter: 3.1.6 (/opt/ros/humble/share/rosidl_adapter/cmake)
-- Found rosidl_generator_cpp: 3.1.6 (/opt/ros/humble/share/rosidl_generator_cpp/cmake)
-- Using all available rosidl_typesupport_c: rosidl_typesupport_fastrtps_c;rosidl_typesupport_introspection_c
-- Using all available rosidl_typesupport_cpp: rosidl_typesupport_fastrtps_cpp;rosidl_typesupport_introspection_cpp
-- Found rmw_implementation_cmake: 6.1.2 (/opt/ros/humble/share/rmw_implementation_cmake/cmake)
-- Found rmw_cyclonedds_cpp: 1.3.4 (/opt/ros/humble/share/rmw_cyclonedds_cpp/cmake)
-- Using RMW implementation 'rmw_cyclonedds_cpp' as default
-- Found sensor_msgs: 4.8.0 (/opt/ros/humble/share/sensor_msgs/cmake)
-- Found pcl_conversions: 2.4.5 (/opt/ros/humble/share/pcl_conversions/cmake)
-- Eigen found (include: /usr/include/eigen3, version: 3.4.0)
-- FLANN found (include: /usr/include, lib: /usr/lib/x86_64-linux-gnu/libflann_cpp.so)
-- OpenNI found (version: 1.5.4.0, include: /usr/include/ni, lib: /usr/lib/libOpenNI.so;libusb::libusb)
-- OpenNI2 found (version: 2.2.0.33, include: /usr/include/openni2, lib: /usr/lib/x86_64-linux-gnu/libOpenNI2.so;libusb::libusb)
-- Eigen found (include: /usr/include/eigen3, version: 3.4.0)
-- OpenNI found (version: 1.5.4.0, include: /usr/include/ni, lib: /usr/lib/libOpenNI.so;libusb::libusb)
-- OpenNI2 found (version: 2.2.0.33, include: /usr/include/openni2, lib: /usr/lib/x86_64-linux-gnu/libOpenNI2.so;libusb::libusb)
-- Found Qhull version 8.0.2
-- OpenNI found (version: 1.5.4.0, include: /usr/include/ni, lib: /usr/lib/libOpenNI.so;libusb::libusb)
-- Configuring done
-- Generating done
-- Build files have been written to: /home/hoapham/ros2_ws/build/pcd_visualizer
[35m[1mConsolidate compiler generated dependencies of target pcd_publisher[0m
[100%] Built target pcd_publisher
-- Install configuration: ""
-- Up-to-date: /home/hoapham/ros2_ws/install/pcd_visualizer/lib/pcd_visualizer/pcd_publisher
-- Installing: /home/hoapham/ros2_ws/install/pcd_visualizer/share/ament_index/resource_index/package_run_dependencies/pcd_visualizer
-- Installing: /home/hoapham/ros2_ws/install/pcd_visualizer/share/ament_index/resource_index/parent_prefix_path/pcd_visualizer
-- Up-to-date: /home/hoapham/ros2_ws/install/pcd_visualizer/share/pcd_visualizer/environment/ament_prefix_path.sh
-- Installing: /home/hoapham/ros2_ws/install/pcd_visualizer/share/pcd_visualizer/environment/ament_prefix_path.dsv
-- Up-to-date: /home/hoapham/ros2_ws/install/pcd_visualizer/share/pcd_visualizer/environment/path.sh
-- Installing: /home/hoapham/ros2_ws/install/pcd_visualizer/share/pcd_visualizer/environment/path.dsv
-- Up-to-date: /home/hoapham/ros2_ws/install/pcd_visualizer/share/pcd_visualizer/local_setup.bash
-- Up-to-date: /home/hoapham/ros2_ws/install/pcd_visualizer/share/pcd_visualizer/local_setup.sh
-- Up-to-date: /home/hoapham/ros2_ws/install/pcd_visualizer/share/pcd_visualizer/local_setup.zsh
-- Installing: /home/hoapham/ros2_ws/install/pcd_visualizer/share/pcd_visualizer/local_setup.dsv
-- Installing: /home/hoapham/ros2_ws/install/pcd_visualizer/share/pcd_visualizer/package.dsv
-- Up-to-date: /home/hoapham/ros2_ws/install/pcd_visualizer/share/ament_index/resource_index/packages/pcd_visualizer
-- Up-to-date: /home/hoapham/ros2_ws/install/pcd_visualizer/share/pcd_visualizer/cmake/pcd_visualizerConfig.cmake
-- Up-to-date: /home/hoapham/ros2_ws/install/pcd_visualizer/share/pcd_visualizer/cmake/pcd_visualizerConfig-version.cmake
-- Installing: /home/hoapham/ros2_ws/install/pcd_visualizer/share/pcd_visualizer/package.xml
