[0.007s] Invoking command in '/home/hoapham/ros2_ws/build/pcd_visualizer': CMAKE_PREFIX_PATH=${CMAKE_PREFIX_PATH}:/opt/ros/humble /usr/bin/cmake --build /home/hoapham/ros2_ws/build/pcd_visualizer
[0.030s] -- Found ament_cmake: 1.3.11 (/opt/ros/humble/share/ament_cmake/cmake)
[0.116s] -- Found rclcpp: 16.0.12 (/opt/ros/humble/share/rclcpp/cmake)
[0.134s] -- Found rosidl_generator_c: 3.1.6 (/opt/ros/humble/share/rosidl_generator_c/cmake)
[0.135s] -- Found rosidl_adapter: 3.1.6 (/opt/ros/humble/share/rosidl_adapter/cmake)
[0.139s] -- Found rosidl_generator_cpp: 3.1.6 (/opt/ros/humble/share/rosidl_generator_cpp/cmake)
[0.144s] -- Using all available rosidl_typesupport_c: rosidl_typesupport_fastrtps_c;rosidl_typesupport_introspection_c
[0.151s] -- Using all available rosidl_typesupport_cpp: rosidl_typesupport_fastrtps_cpp;rosidl_typesupport_introspection_cpp
[0.169s] -- Found rmw_implementation_cmake: 6.1.2 (/opt/ros/humble/share/rmw_implementation_cmake/cmake)
[0.170s] -- Found rmw_cyclonedds_cpp: 1.3.4 (/opt/ros/humble/share/rmw_cyclonedds_cpp/cmake)
[0.180s] -- Using RMW implementation 'rmw_cyclonedds_cpp' as default
[0.208s] -- Found sensor_msgs: 4.8.0 (/opt/ros/humble/share/sensor_msgs/cmake)
[0.225s] -- Found pcl_conversions: 2.4.5 (/opt/ros/humble/share/pcl_conversions/cmake)
[0.254s] -- Eigen found (include: /usr/include/eigen3, version: 3.4.0)
[0.283s] -- FLANN found (include: /usr/include, lib: /usr/lib/x86_64-linux-gnu/libflann_cpp.so)
[0.519s] -- OpenNI found (version: 1.5.4.0, include: /usr/include/ni, lib: /usr/lib/libOpenNI.so;libusb::libusb)
[0.525s] -- OpenNI2 found (version: 2.2.0.33, include: /usr/include/openni2, lib: /usr/lib/x86_64-linux-gnu/libOpenNI2.so;libusb::libusb)
[0.632s] -- Eigen found (include: /usr/include/eigen3, version: 3.4.0)
[0.638s] -- OpenNI found (version: 1.5.4.0, include: /usr/include/ni, lib: /usr/lib/libOpenNI.so;libusb::libusb)
[0.644s] -- OpenNI2 found (version: 2.2.0.33, include: /usr/include/openni2, lib: /usr/lib/x86_64-linux-gnu/libOpenNI2.so;libusb::libusb)
[0.743s] -- Found Qhull version 8.0.2
[0.848s] -- OpenNI found (version: 1.5.4.0, include: /usr/include/ni, lib: /usr/lib/libOpenNI.so;libusb::libusb)
[0.955s] [33mCMake Warning (dev) at CMakeLists.txt:8 (find_package):
[0.955s]   Policy CMP0074 is not set: find_package uses <PackageName>_ROOT variables.
[0.955s]   Run "cmake --help-policy CMP0074" for policy details.  Use the cmake_policy
[0.955s]   command to set the policy and suppress this warning.
[0.955s] 
[0.955s]   CMake variable PCL_ROOT is set to:
[0.955s] 
[0.955s]     /usr
[0.955s] 
[0.955s]   For compatibility, CMake is ignoring the variable.
[0.956s] This warning is for project developers.  Use -Wno-dev to suppress it.
[0.956s] [0m
[1.013s] -- Configuring done
[1.048s] -- Generating done
[1.056s] -- Build files have been written to: /home/hoapham/ros2_ws/build/pcd_visualizer
[1.086s] [35m[1mConsolidate compiler generated dependencies of target pcd_publisher[0m
[1.111s] [100%] Built target pcd_publisher
[1.123s] Invoked command in '/home/hoapham/ros2_ws/build/pcd_visualizer' returned '0': CMAKE_PREFIX_PATH=${CMAKE_PREFIX_PATH}:/opt/ros/humble /usr/bin/cmake --build /home/hoapham/ros2_ws/build/pcd_visualizer
[1.125s] Invoking command in '/home/hoapham/ros2_ws/build/pcd_visualizer': CMAKE_PREFIX_PATH=${CMAKE_PREFIX_PATH}:/opt/ros/humble /usr/bin/cmake --install /home/hoapham/ros2_ws/build/pcd_visualizer
[1.130s] -- Install configuration: ""
[1.131s] -- Up-to-date: /home/hoapham/ros2_ws/install/pcd_visualizer/lib/pcd_visualizer/pcd_publisher
[1.131s] -- Installing: /home/hoapham/ros2_ws/install/pcd_visualizer/share/ament_index/resource_index/package_run_dependencies/pcd_visualizer
[1.131s] -- Installing: /home/hoapham/ros2_ws/install/pcd_visualizer/share/ament_index/resource_index/parent_prefix_path/pcd_visualizer
[1.131s] -- Up-to-date: /home/hoapham/ros2_ws/install/pcd_visualizer/share/pcd_visualizer/environment/ament_prefix_path.sh
[1.131s] -- Installing: /home/hoapham/ros2_ws/install/pcd_visualizer/share/pcd_visualizer/environment/ament_prefix_path.dsv
[1.131s] -- Up-to-date: /home/hoapham/ros2_ws/install/pcd_visualizer/share/pcd_visualizer/environment/path.sh
[1.131s] -- Installing: /home/hoapham/ros2_ws/install/pcd_visualizer/share/pcd_visualizer/environment/path.dsv
[1.131s] -- Up-to-date: /home/hoapham/ros2_ws/install/pcd_visualizer/share/pcd_visualizer/local_setup.bash
[1.132s] -- Up-to-date: /home/hoapham/ros2_ws/install/pcd_visualizer/share/pcd_visualizer/local_setup.sh
[1.132s] -- Up-to-date: /home/hoapham/ros2_ws/install/pcd_visualizer/share/pcd_visualizer/local_setup.zsh
[1.132s] -- Installing: /home/hoapham/ros2_ws/install/pcd_visualizer/share/pcd_visualizer/local_setup.dsv
[1.132s] -- Installing: /home/hoapham/ros2_ws/install/pcd_visualizer/share/pcd_visualizer/package.dsv
[1.132s] -- Up-to-date: /home/hoapham/ros2_ws/install/pcd_visualizer/share/ament_index/resource_index/packages/pcd_visualizer
[1.132s] -- Up-to-date: /home/hoapham/ros2_ws/install/pcd_visualizer/share/pcd_visualizer/cmake/pcd_visualizerConfig.cmake
[1.132s] -- Up-to-date: /home/hoapham/ros2_ws/install/pcd_visualizer/share/pcd_visualizer/cmake/pcd_visualizerConfig-version.cmake
[1.132s] -- Installing: /home/hoapham/ros2_ws/install/pcd_visualizer/share/pcd_visualizer/package.xml
[1.133s] Invoked command in '/home/hoapham/ros2_ws/build/pcd_visualizer' returned '0': CMAKE_PREFIX_PATH=${CMAKE_PREFIX_PATH}:/opt/ros/humble /usr/bin/cmake --install /home/hoapham/ros2_ws/build/pcd_visualizer
