[0.008s] Invoking command in '/home/hoapham/ros2_ws/build/zivid_camera': CMAKE_PREFIX_PATH=/home/hoapham/ros2_ws/install/zivid_interfaces:/home/hoapham/ros2_ws/install/zivid_samples:/home/hoapham/ros2_ws/install/zivid_rviz_plugin:/home/hoapham/ros2_ws/install/zivid_camera:/home/hoapham/ros2_ws/install/zivid_description:/home/hoapham/ros2_ws/install/rviz_embed_test:/home/hoapham/ros2_ws/install/rviz_cloud_annotation:/home/hoapham/ros2_ws/install/rviz_3d_view_controller:/home/hoapham/ros2_ws/install/ros2_qt_template:/home/hoapham/ros2_ws/install/ros2_qt_rviz2:/home/hoapham/ros2_ws/install/pointcloud_marker:/home/hoapham/ros2_ws/install/pcd_visualizer:/home/hoapham/ros2_ws/install/gui_msgs:/home/hoapham/ros2_ws/install/gui:/home/hoapham/ros2_ws/install/fake_livox_publisher:/opt/ros/humble LD_LIBRARY_PATH=/home/hoapham/ros2_ws/install/zivid_interfaces/lib:/home/hoapham/ros2_ws/install/zivid_rviz_plugin/lib:/home/hoapham/ros2_ws/install/zivid_camera/lib:/home/hoapham/ros2_ws/install/rviz_cloud_annotation/lib:/home/hoapham/ros2_ws/install/rviz_3d_view_controller/lib:/home/hoapham/ros2_ws/install/gui_msgs/lib:/usr/lib/x86_64-linux-gnu/gazebo-11/plugins:/opt/ros/humble/opt/rviz_ogre_vendor/lib:/opt/ros/humble/lib/x86_64-linux-gnu:/opt/ros/humble/lib /usr/bin/cmake --build /home/hoapham/ros2_ws/build/zivid_camera
[0.043s] [35m[1mConsolidate compiler generated dependencies of target gtest_main[0m
[0.044s] [35m[1mConsolidate compiler generated dependencies of target gtest[0m
[0.044s] [35m[1mConsolidate compiler generated dependencies of target zivid_camera[0m
[0.046s] [35m[1mConsolidate compiler generated dependencies of target zivid_camera_component[0m
[0.055s] [ 22%] Built target gtest
[0.055s] [ 22%] Built target gtest_main
[0.057s] [ 33%] Built target zivid_camera
[0.074s] [ 72%] Built target zivid_camera_component
[0.087s] [35m[1mConsolidate compiler generated dependencies of target zivid_camera_test[0m
[0.111s] [100%] Built target zivid_camera_test
[0.121s] Invoked command in '/home/hoapham/ros2_ws/build/zivid_camera' returned '0': CMAKE_PREFIX_PATH=/home/hoapham/ros2_ws/install/zivid_interfaces:/home/hoapham/ros2_ws/install/zivid_samples:/home/hoapham/ros2_ws/install/zivid_rviz_plugin:/home/hoapham/ros2_ws/install/zivid_camera:/home/hoapham/ros2_ws/install/zivid_description:/home/hoapham/ros2_ws/install/rviz_embed_test:/home/hoapham/ros2_ws/install/rviz_cloud_annotation:/home/hoapham/ros2_ws/install/rviz_3d_view_controller:/home/hoapham/ros2_ws/install/ros2_qt_template:/home/hoapham/ros2_ws/install/ros2_qt_rviz2:/home/hoapham/ros2_ws/install/pointcloud_marker:/home/hoapham/ros2_ws/install/pcd_visualizer:/home/hoapham/ros2_ws/install/gui_msgs:/home/hoapham/ros2_ws/install/gui:/home/hoapham/ros2_ws/install/fake_livox_publisher:/opt/ros/humble LD_LIBRARY_PATH=/home/hoapham/ros2_ws/install/zivid_interfaces/lib:/home/hoapham/ros2_ws/install/zivid_rviz_plugin/lib:/home/hoapham/ros2_ws/install/zivid_camera/lib:/home/hoapham/ros2_ws/install/rviz_cloud_annotation/lib:/home/hoapham/ros2_ws/install/rviz_3d_view_controller/lib:/home/hoapham/ros2_ws/install/gui_msgs/lib:/usr/lib/x86_64-linux-gnu/gazebo-11/plugins:/opt/ros/humble/opt/rviz_ogre_vendor/lib:/opt/ros/humble/lib/x86_64-linux-gnu:/opt/ros/humble/lib /usr/bin/cmake --build /home/hoapham/ros2_ws/build/zivid_camera
[0.122s] Invoking command in '/home/hoapham/ros2_ws/build/zivid_camera': CMAKE_PREFIX_PATH=/home/hoapham/ros2_ws/install/zivid_interfaces:/home/hoapham/ros2_ws/install/zivid_samples:/home/hoapham/ros2_ws/install/zivid_rviz_plugin:/home/hoapham/ros2_ws/install/zivid_camera:/home/hoapham/ros2_ws/install/zivid_description:/home/hoapham/ros2_ws/install/rviz_embed_test:/home/hoapham/ros2_ws/install/rviz_cloud_annotation:/home/hoapham/ros2_ws/install/rviz_3d_view_controller:/home/hoapham/ros2_ws/install/ros2_qt_template:/home/hoapham/ros2_ws/install/ros2_qt_rviz2:/home/hoapham/ros2_ws/install/pointcloud_marker:/home/hoapham/ros2_ws/install/pcd_visualizer:/home/hoapham/ros2_ws/install/gui_msgs:/home/hoapham/ros2_ws/install/gui:/home/hoapham/ros2_ws/install/fake_livox_publisher:/opt/ros/humble LD_LIBRARY_PATH=/home/hoapham/ros2_ws/install/zivid_interfaces/lib:/home/hoapham/ros2_ws/install/zivid_rviz_plugin/lib:/home/hoapham/ros2_ws/install/zivid_camera/lib:/home/hoapham/ros2_ws/install/rviz_cloud_annotation/lib:/home/hoapham/ros2_ws/install/rviz_3d_view_controller/lib:/home/hoapham/ros2_ws/install/gui_msgs/lib:/usr/lib/x86_64-linux-gnu/gazebo-11/plugins:/opt/ros/humble/opt/rviz_ogre_vendor/lib:/opt/ros/humble/lib/x86_64-linux-gnu:/opt/ros/humble/lib /usr/bin/cmake --install /home/hoapham/ros2_ws/build/zivid_camera
[0.128s] -- Install configuration: ""
[0.128s] -- Up-to-date: /home/hoapham/ros2_ws/install/zivid_camera/lib/zivid_camera/zivid_camera
[0.129s] -- Up-to-date: /home/hoapham/ros2_ws/install/zivid_camera/lib/libzivid_camera_component.so
[0.129s] -- Up-to-date: /home/hoapham/ros2_ws/install/zivid_camera/include
[0.129s] -- Up-to-date: /home/hoapham/ros2_ws/install/zivid_camera/include/zivid_camera
[0.129s] -- Up-to-date: /home/hoapham/ros2_ws/install/zivid_camera/include/zivid_camera/capture_settings_controller.hpp
[0.129s] -- Up-to-date: /home/hoapham/ros2_ws/install/zivid_camera/include/zivid_camera/hand_eye_calibration_controller.hpp
[0.129s] -- Up-to-date: /home/hoapham/ros2_ws/install/zivid_camera/include/zivid_camera/detector_controller.hpp
[0.129s] -- Up-to-date: /home/hoapham/ros2_ws/install/zivid_camera/include/zivid_camera/controller_interface.hpp
[0.129s] -- Up-to-date: /home/hoapham/ros2_ws/install/zivid_camera/include/zivid_camera/zivid_camera.hpp
[0.129s] -- Up-to-date: /home/hoapham/ros2_ws/install/zivid_camera/include/zivid_camera/utility.hpp
[0.129s] -- Up-to-date: /home/hoapham/ros2_ws/install/zivid_camera/include/zivid_camera/visibility.hpp
[0.129s] -- Up-to-date: /home/hoapham/ros2_ws/install/zivid_camera/include/zivid_camera/infield_correction_controller.hpp
[0.129s] -- Up-to-date: /home/hoapham/ros2_ws/install/zivid_camera/share/zivid_camera/launch
[0.129s] -- Up-to-date: /home/hoapham/ros2_ws/install/zivid_camera/share/zivid_camera/launch/visualize.launch
[0.129s] -- Up-to-date: /home/hoapham/ros2_ws/install/zivid_camera/share/zivid_camera/config
[0.129s] -- Up-to-date: /home/hoapham/ros2_ws/install/zivid_camera/share/zivid_camera/config/rviz
[0.129s] -- Up-to-date: /home/hoapham/ros2_ws/install/zivid_camera/share/zivid_camera/config/rviz/zivid.rviz
[0.129s] -- Up-to-date: /home/hoapham/ros2_ws/install/zivid_camera/share/zivid_camera/environment/library_path.sh
[0.129s] -- Up-to-date: /home/hoapham/ros2_ws/install/zivid_camera/share/zivid_camera/environment/library_path.dsv
[0.129s] -- Up-to-date: /home/hoapham/ros2_ws/install/zivid_camera/lib/libzivid_camera_component.so
[0.129s] -- Up-to-date: /home/hoapham/ros2_ws/install/zivid_camera/share/ament_index/resource_index/package_run_dependencies/zivid_camera
[0.129s] -- Up-to-date: /home/hoapham/ros2_ws/install/zivid_camera/share/ament_index/resource_index/parent_prefix_path/zivid_camera
[0.130s] -- Up-to-date: /home/hoapham/ros2_ws/install/zivid_camera/share/zivid_camera/environment/ament_prefix_path.sh
[0.130s] -- Up-to-date: /home/hoapham/ros2_ws/install/zivid_camera/share/zivid_camera/environment/ament_prefix_path.dsv
[0.130s] -- Up-to-date: /home/hoapham/ros2_ws/install/zivid_camera/share/zivid_camera/environment/path.sh
[0.130s] -- Up-to-date: /home/hoapham/ros2_ws/install/zivid_camera/share/zivid_camera/environment/path.dsv
[0.130s] -- Up-to-date: /home/hoapham/ros2_ws/install/zivid_camera/share/zivid_camera/local_setup.bash
[0.130s] -- Up-to-date: /home/hoapham/ros2_ws/install/zivid_camera/share/zivid_camera/local_setup.sh
[0.130s] -- Up-to-date: /home/hoapham/ros2_ws/install/zivid_camera/share/zivid_camera/local_setup.zsh
[0.130s] -- Up-to-date: /home/hoapham/ros2_ws/install/zivid_camera/share/zivid_camera/local_setup.dsv
[0.130s] -- Installing: /home/hoapham/ros2_ws/install/zivid_camera/share/zivid_camera/package.dsv
[0.130s] -- Up-to-date: /home/hoapham/ros2_ws/install/zivid_camera/share/ament_index/resource_index/packages/zivid_camera
[0.130s] -- Up-to-date: /home/hoapham/ros2_ws/install/zivid_camera/share/ament_index/resource_index/rclcpp_components/zivid_camera
[0.130s] -- Up-to-date: /home/hoapham/ros2_ws/install/zivid_camera/share/zivid_camera/cmake/zivid_cameraTargetsExport.cmake
[0.130s] -- Up-to-date: /home/hoapham/ros2_ws/install/zivid_camera/share/zivid_camera/cmake/zivid_cameraTargetsExport-noconfig.cmake
[0.130s] -- Up-to-date: /home/hoapham/ros2_ws/install/zivid_camera/share/zivid_camera/cmake/ament_cmake_export_targets-extras.cmake
[0.130s] -- Up-to-date: /home/hoapham/ros2_ws/install/zivid_camera/share/zivid_camera/cmake/ament_cmake_export_dependencies-extras.cmake
[0.130s] -- Up-to-date: /home/hoapham/ros2_ws/install/zivid_camera/share/zivid_camera/cmake/zivid_cameraConfig.cmake
[0.130s] -- Up-to-date: /home/hoapham/ros2_ws/install/zivid_camera/share/zivid_camera/cmake/zivid_cameraConfig-version.cmake
[0.130s] -- Up-to-date: /home/hoapham/ros2_ws/install/zivid_camera/share/zivid_camera/package.xml
[0.131s] Invoked command in '/home/hoapham/ros2_ws/build/zivid_camera' returned '0': CMAKE_PREFIX_PATH=/home/hoapham/ros2_ws/install/zivid_interfaces:/home/hoapham/ros2_ws/install/zivid_samples:/home/hoapham/ros2_ws/install/zivid_rviz_plugin:/home/hoapham/ros2_ws/install/zivid_camera:/home/hoapham/ros2_ws/install/zivid_description:/home/hoapham/ros2_ws/install/rviz_embed_test:/home/hoapham/ros2_ws/install/rviz_cloud_annotation:/home/hoapham/ros2_ws/install/rviz_3d_view_controller:/home/hoapham/ros2_ws/install/ros2_qt_template:/home/hoapham/ros2_ws/install/ros2_qt_rviz2:/home/hoapham/ros2_ws/install/pointcloud_marker:/home/hoapham/ros2_ws/install/pcd_visualizer:/home/hoapham/ros2_ws/install/gui_msgs:/home/hoapham/ros2_ws/install/gui:/home/hoapham/ros2_ws/install/fake_livox_publisher:/opt/ros/humble LD_LIBRARY_PATH=/home/hoapham/ros2_ws/install/zivid_interfaces/lib:/home/hoapham/ros2_ws/install/zivid_rviz_plugin/lib:/home/hoapham/ros2_ws/install/zivid_camera/lib:/home/hoapham/ros2_ws/install/rviz_cloud_annotation/lib:/home/hoapham/ros2_ws/install/rviz_3d_view_controller/lib:/home/hoapham/ros2_ws/install/gui_msgs/lib:/usr/lib/x86_64-linux-gnu/gazebo-11/plugins:/opt/ros/humble/opt/rviz_ogre_vendor/lib:/opt/ros/humble/lib/x86_64-linux-gnu:/opt/ros/humble/lib /usr/bin/cmake --install /home/hoapham/ros2_ws/build/zivid_camera
