[01m[K/home/hoapham/ros2_ws/src/gui/src/preparation.cpp:[m[K In constructor ‘[01m[KForm::Form(QWidget*)[m[K’:
[01m[K/home/hoapham/ros2_ws/src/gui/src/preparation.cpp:21:71:[m[K [01;31m[Kerror: [m[Kno matching function for call to ‘[01m[Krviz_common::VisualizationManager::VisualizationManager(rviz_common::RenderPanel*&)[m[K’
   21 |     viz_manager_ = new rviz_common::VisualizationManager(render_panel_[01;31m[K)[m[K;
      |                                                                       [01;31m[K^[m[K
In file included from [01m[K/home/hoapham/ros2_ws/src/gui/include/gui/preparation.h:18[m[K,
                 from [01m[K/home/hoapham/ros2_ws/src/gui/src/preparation.cpp:1[m[K:
[01m[K/opt/ros/humble/include/rviz_common/rviz_common/visualization_manager.hpp:103:12:[m[K [01;36m[Knote: [m[Kcandidate: ‘[01m[Krviz_common::VisualizationManager::VisualizationManager(rviz_common::RenderPanel*, rviz_common::ros_integration::RosNodeAbstractionIface::WeakPtr, rviz_common::WindowManagerInterface*, rclcpp::Clock::SharedPtr)[m[K’
  103 |   explicit [01;36m[KVisualizationManager[m[K(
      |            [01;36m[K^~~~~~~~~~~~~~~~~~~~[m[K
[01m[K/opt/ros/humble/include/rviz_common/rviz_common/visualization_manager.hpp:103:12:[m[K [01;36m[Knote: [m[K  candidate expects 4 arguments, 1 provided
[01m[K/home/hoapham/ros2_ws/src/gui/src/preparation.cpp:22:60:[m[K [01;31m[Kerror: [m[Kcannot convert ‘[01m[KOgre::SceneManager*[m[K’ to ‘[01m[Krviz_common::DisplayContext*[m[K’
   22 |     render_panel_->initialize([01;31m[Kviz_manager_->getSceneManager()[m[K, viz_manager_);
      |                               [01;31m[K~~~~~~~~~~~~~~~~~~~~~~~~~~~~~^~[m[K
      |                                                            [01;31m[K|[m[K
      |                                                            [01;31m[KOgre::SceneManager*[m[K
In file included from [01m[K/home/hoapham/ros2_ws/src/gui/include/gui/preparation.h:16[m[K,
                 from [01m[K/home/hoapham/ros2_ws/src/gui/src/preparation.cpp:1[m[K:
[01m[K/opt/ros/humble/include/rviz_common/rviz_common/render_panel.hpp:80:36:[m[K [01;36m[Knote: [m[K  initializing argument 1 of ‘[01m[Kvoid rviz_common::RenderPanel::initialize(rviz_common::DisplayContext*, bool)[m[K’
   80 |   void initialize([01;36m[KDisplayContext * manager[m[K, bool use_main_scene = false);
      |                   [01;36m[K~~~~~~~~~~~~~~~~~^~~~~~~[m[K
[01m[K/home/hoapham/ros2_ws/src/gui/src/main.cpp:[m[K In function ‘[01m[Kint main(int, char**)[m[K’:
[01m[K/home/hoapham/ros2_ws/src/gui/src/main.cpp:20:54:[m[K [01;31m[Kerror: [m[Kno matching function for call to ‘[01m[KForm::Form(QApplication*, std::shared_ptr<rviz_common::ros_integration::RosNodeAbstraction>&)[m[K’
   20 |     auto second_window = new Form(&app, node_weak_ptr[01;31m[K)[m[K;
      |                                                      [01;31m[K^[m[K
In file included from [01m[K/home/hoapham/ros2_ws/src/gui/include/gui/hello_gui.h:31[m[K,
                 from [01m[K/home/hoapham/ros2_ws/src/gui/src/main.cpp:4[m[K:
[01m[K/home/hoapham/ros2_ws/src/gui/include/gui/preparation.h:32:14:[m[K [01;36m[Knote: [m[Kcandidate: ‘[01m[KForm::Form(QWidget*)[m[K’
   32 |     explicit [01;36m[KForm[m[K(
      |              [01;36m[K^~~~[m[K
[01m[K/home/hoapham/ros2_ws/src/gui/include/gui/preparation.h:32:14:[m[K [01;36m[Knote: [m[K  candidate expects 1 argument, 2 provided
gmake[2]: *** [CMakeFiles/gui.dir/build.make:160: CMakeFiles/gui.dir/src/preparation.cpp.o] Error 1
gmake[2]: *** Waiting for unfinished jobs....
gmake[2]: *** [CMakeFiles/gui.dir/build.make:90: CMakeFiles/gui.dir/src/main.cpp.o] Error 1
gmake[1]: *** [CMakeFiles/Makefile2:138: CMakeFiles/gui.dir/all] Error 2
gmake: *** [Makefile:146: all] Error 2
