[0.010s] Invoking command in '/home/hoapham/ros2_ws/build/gui': CMAKE_PREFIX_PATH=${CMAKE_PREFIX_PATH}:/opt/ros/humble /usr/bin/cmake --build /home/hoapham/ros2_ws/build/gui -- -j16 -l16
[0.056s] [ 11%] [34m[1mAutomatic MOC and UIC for target gui[0m
[0.086s] [ 11%] Built target gui_autogen
[0.110s] [35m[1mConsolidate compiler generated dependencies of target gui[0m
[0.153s] [ 33%] [32mBuilding CXX object CMakeFiles/gui.dir/src/main.cpp.o[0m
[0.153s] [ 33%] [32mBuilding CXX object CMakeFiles/gui.dir/src/preparation.cpp.o[0m
[4.934s] [01m[K/home/hoapham/ros2_ws/src/gui/src/preparation.cpp:[m[K In constructor ‘[01m[KForm::Form(QWidget*)[m[K’:
[4.934s] [01m[K/home/hoapham/ros2_ws/src/gui/src/preparation.cpp:21:71:[m[K [01;31m[Kerror: [m[Kno matching function for call to ‘[01m[Krviz_common::VisualizationManager::VisualizationManager(rviz_common::RenderPanel*&)[m[K’
[4.934s]    21 |     viz_manager_ = new rviz_common::VisualizationManager(render_panel_[01;31m[K)[m[K;
[4.934s]       |                                                                       [01;31m[K^[m[K
[4.934s] In file included from [01m[K/home/hoapham/ros2_ws/src/gui/include/gui/preparation.h:18[m[K,
[4.934s]                  from [01m[K/home/hoapham/ros2_ws/src/gui/src/preparation.cpp:1[m[K:
[4.935s] [01m[K/opt/ros/humble/include/rviz_common/rviz_common/visualization_manager.hpp:103:12:[m[K [01;36m[Knote: [m[Kcandidate: ‘[01m[Krviz_common::VisualizationManager::VisualizationManager(rviz_common::RenderPanel*, rviz_common::ros_integration::RosNodeAbstractionIface::WeakPtr, rviz_common::WindowManagerInterface*, rclcpp::Clock::SharedPtr)[m[K’
[4.935s]   103 |   explicit [01;36m[KVisualizationManager[m[K(
[4.935s]       |            [01;36m[K^~~~~~~~~~~~~~~~~~~~[m[K
[4.935s] [01m[K/opt/ros/humble/include/rviz_common/rviz_common/visualization_manager.hpp:103:12:[m[K [01;36m[Knote: [m[K  candidate expects 4 arguments, 1 provided
[4.935s] [01m[K/home/hoapham/ros2_ws/src/gui/src/preparation.cpp:22:60:[m[K [01;31m[Kerror: [m[Kcannot convert ‘[01m[KOgre::SceneManager*[m[K’ to ‘[01m[Krviz_common::DisplayContext*[m[K’
[4.935s]    22 |     render_panel_->initialize([01;31m[Kviz_manager_->getSceneManager()[m[K, viz_manager_);
[4.935s]       |                               [01;31m[K~~~~~~~~~~~~~~~~~~~~~~~~~~~~~^~[m[K
[4.935s]       |                                                            [01;31m[K|[m[K
[4.935s]       |                                                            [01;31m[KOgre::SceneManager*[m[K
[4.935s] In file included from [01m[K/home/hoapham/ros2_ws/src/gui/include/gui/preparation.h:16[m[K,
[4.935s]                  from [01m[K/home/hoapham/ros2_ws/src/gui/src/preparation.cpp:1[m[K:
[4.935s] [01m[K/opt/ros/humble/include/rviz_common/rviz_common/render_panel.hpp:80:36:[m[K [01;36m[Knote: [m[K  initializing argument 1 of ‘[01m[Kvoid rviz_common::RenderPanel::initialize(rviz_common::DisplayContext*, bool)[m[K’
[4.935s]    80 |   void initialize([01;36m[KDisplayContext * manager[m[K, bool use_main_scene = false);
[4.935s]       |                   [01;36m[K~~~~~~~~~~~~~~~~~^~~~~~~[m[K
[5.084s] [01m[K/home/hoapham/ros2_ws/src/gui/src/main.cpp:[m[K In function ‘[01m[Kint main(int, char**)[m[K’:
[5.085s] [01m[K/home/hoapham/ros2_ws/src/gui/src/main.cpp:20:54:[m[K [01;31m[Kerror: [m[Kno matching function for call to ‘[01m[KForm::Form(QApplication*, std::shared_ptr<rviz_common::ros_integration::RosNodeAbstraction>&)[m[K’
[5.085s]    20 |     auto second_window = new Form(&app, node_weak_ptr[01;31m[K)[m[K;
[5.085s]       |                                                      [01;31m[K^[m[K
[5.085s] In file included from [01m[K/home/hoapham/ros2_ws/src/gui/include/gui/hello_gui.h:31[m[K,
[5.085s]                  from [01m[K/home/hoapham/ros2_ws/src/gui/src/main.cpp:4[m[K:
[5.085s] [01m[K/home/hoapham/ros2_ws/src/gui/include/gui/preparation.h:32:14:[m[K [01;36m[Knote: [m[Kcandidate: ‘[01m[KForm::Form(QWidget*)[m[K’
[5.085s]    32 |     explicit [01;36m[KForm[m[K(
[5.085s]       |              [01;36m[K^~~~[m[K
[5.085s] [01m[K/home/hoapham/ros2_ws/src/gui/include/gui/preparation.h:32:14:[m[K [01;36m[Knote: [m[K  candidate expects 1 argument, 2 provided
[5.953s] gmake[2]: *** [CMakeFiles/gui.dir/build.make:160: CMakeFiles/gui.dir/src/preparation.cpp.o] Error 1
[5.953s] gmake[2]: *** Waiting for unfinished jobs....
[6.194s] gmake[2]: *** [CMakeFiles/gui.dir/build.make:90: CMakeFiles/gui.dir/src/main.cpp.o] Error 1
[6.194s] gmake[1]: *** [CMakeFiles/Makefile2:138: CMakeFiles/gui.dir/all] Error 2
[6.194s] gmake: *** [Makefile:146: all] Error 2
[6.198s] Invoked command in '/home/hoapham/ros2_ws/build/gui' returned '2': CMAKE_PREFIX_PATH=${CMAKE_PREFIX_PATH}:/opt/ros/humble /usr/bin/cmake --build /home/hoapham/ros2_ws/build/gui -- -j16 -l16
