-- Found ament_cmake: 1.3.11 (/opt/ros/humble/share/ament_cmake/cmake)
-- Found rclcpp: 16.0.12 (/opt/ros/humble/share/rclcpp/cmake)
-- Found rosidl_generator_c: 3.1.6 (/opt/ros/humble/share/rosidl_generator_c/cmake)
-- Found rosidl_adapter: 3.1.6 (/opt/ros/humble/share/rosidl_adapter/cmake)
-- Found rosidl_generator_cpp: 3.1.6 (/opt/ros/humble/share/rosidl_generator_cpp/cmake)
-- Using all available rosidl_typesupport_c: rosidl_typesupport_fastrtps_c;rosidl_typesupport_introspection_c
-- Using all available rosidl_typesupport_cpp: rosidl_typesupport_fastrtps_cpp;rosidl_typesupport_introspection_cpp
-- Found rmw_implementation_cmake: 6.1.2 (/opt/ros/humble/share/rmw_implementation_cmake/cmake)
-- Found rmw_cyclonedds_cpp: 1.3.4 (/opt/ros/humble/share/rmw_cyclonedds_cpp/cmake)
-- Using RMW implementation 'rmw_cyclonedds_cpp' as default
-- Found example_interfaces: 0.9.3 (/opt/ros/humble/share/example_interfaces/cmake)
-- Found action_tutorials_interfaces: 0.20.5 (/opt/ros/humble/share/action_tutorials_interfaces/cmake)
-- Found rclcpp_action: 16.0.12 (/opt/ros/humble/share/rclcpp_action/cmake)
-- Found geometry_msgs: 4.8.0 (/opt/ros/humble/share/geometry_msgs/cmake)
-- Found rviz_default_plugins: 11.2.16 (/opt/ros/humble/share/rviz_default_plugins/cmake)
-- library: /usr/lib/x86_64-linux-gnu/libcurl.so
-- Setting assimp_DIR to: '/opt/ros/humble/share/rviz_assimp_vendor/cmake/../../../opt/rviz_assimp_vendor/lib/cmake/assimp-4.1'
-- Setting OGRE_DIR to: '/opt/ros/humble/share/rviz_ogre_vendor/cmake/../../../opt/rviz_ogre_vendor/lib/OGRE/cmake'
-- Found OGRE
--   static     : OFF
--   components : HLMS;MeshLodGenerator;Overlay;Paging;Property;RTShaderSystem;Terrain;Volume
--   plugins    : Plugin_BSPSceneManager;Plugin_OctreeSceneManager;Plugin_PCZSceneManager;Plugin_ParticleFX;RenderSystem_GL;RenderSystem_GL3Plus;Codec_STBI
--   media      : /opt/ros/humble/opt/rviz_ogre_vendor/share/OGRE/Media
-- OGRE_LIBRARIES: OgreHLMS;OgreMeshLodGenerator;OgreOverlay;OgrePaging;OgreProperty;OgreRTShaderSystem;OgreTerrain;OgreVolume;OgreMain
-- OGRE_LIBRARY_DIRS: /opt/ros/humble/opt/rviz_ogre_vendor/lib
-- OGRE_PLUGINS: Plugin_BSPSceneManager;Plugin_OctreeSceneManager;Plugin_PCZSceneManager;Plugin_ParticleFX;RenderSystem_GL;RenderSystem_GL3Plus;Codec_STBI
-- OGRE_PLUGIN_DIR: /opt/ros/humble/opt/rviz_ogre_vendor/lib/OGRE
-- rviz_ogre_vendor::OgreOverlay for IMPORTED_LOCATION_RELEASE: /opt/ros/humble/opt/rviz_ogre_vendor/lib/libOgreOverlay.so
-- rviz_ogre_vendor::OgreOverlay for IMPORTED_LOCATION_DEBUG: /opt/ros/humble/opt/rviz_ogre_vendor/lib/libOgreOverlay.so
-- rviz_ogre_vendor::OgreMain for IMPORTED_LOCATION_RELEASE: /opt/ros/humble/opt/rviz_ogre_vendor/lib/libOgreMain.so
-- rviz_ogre_vendor::OgreMain for IMPORTED_LOCATION_DEBUG: /opt/ros/humble/opt/rviz_ogre_vendor/lib/libOgreMain.so
-- Ensuring Eigen3 include directory is part of orocos-kdl CMake target
-- Found gui_msgs: 1.1.0 (/home/hoapham/ros2_ws/install/gui_msgs/share/gui_msgs/cmake)
-- Found std_srvs: 4.8.0 (/opt/ros/humble/share/std_srvs/cmake)
-- Found ament_lint_auto: 0.12.12 (/opt/ros/humble/share/ament_lint_auto/cmake)
-- Added test 'copyright' to check source files copyright and LICENSE
-- Added test 'cppcheck' to perform static code analysis on C / C++ code
-- Configured cppcheck include dirs: /home/hoapham/ros2_ws/src/gui/include
-- Configured cppcheck exclude dirs and/or files: 
-- Added test 'cpplint' to check C / C++ code against the Google style
-- Configured cpplint exclude dirs and/or files: 
-- Added test 'flake8' to check Python code syntax and style conventions
-- Added test 'lint_cmake' to check CMake code style
-- Added test 'pep257' to check Python code against some of the docstring style conventions in PEP 257
-- Added test 'uncrustify' to check C / C++ code style
-- Configured uncrustify additional arguments: 
-- Added test 'xmllint' to check XML markup files
-- Configuring done
-- Generating done
-- Build files have been written to: /home/hoapham/ros2_ws/build/gui
[ 11%] [34m[1mAutomatic MOC and UIC for target gui[0m
[ 11%] Built target gui_autogen
[35m[1mConsolidate compiler generated dependencies of target gui[0m
[ 33%] [32mBuilding CXX object CMakeFiles/gui.dir/src/main.cpp.o[0m
[ 33%] [32mBuilding CXX object CMakeFiles/gui.dir/gui_autogen/mocs_compilation.cpp.o[0m
[ 55%] [32mBuilding CXX object CMakeFiles/gui.dir/src/hello_gui.cpp.o[0m
[ 55%] [32mBuilding CXX object CMakeFiles/gui.dir/src/ExecutePage.cpp.o[0m
[ 66%] [32mBuilding CXX object CMakeFiles/gui.dir/src/preparation.cpp.o[0m
In file included from [01m[K/home/hoapham/ros2_ws/build/gui/gui_autogen/BMPI5EA7AM/moc_ExecutePage.cpp:10[m[K,
                 from [01m[K/home/hoapham/ros2_ws/build/gui/gui_autogen/mocs_compilation.cpp:2[m[K:
[01m[K/home/hoapham/ros2_ws/build/gui/gui_autogen/BMPI5EA7AM/../../../../src/gui/include/gui/ExecutePage.h:15:10:[m[K [01;31m[Kfatal error: [m[Kqwt_plot.h: No such file or directory
   15 | #include [01;31m[K<qwt_plot.h>[m[K
      |          [01;31m[K^~~~~~~~~~~~[m[K
compilation terminated.
In file included from [01m[K/home/hoapham/ros2_ws/src/gui/src/ExecutePage.cpp:1[m[K:
[01m[K/home/hoapham/ros2_ws/src/gui/include/gui/ExecutePage.h:15:10:[m[K [01;31m[Kfatal error: [m[Kqwt_plot.h: No such file or directory
   15 | #include [01;31m[K<qwt_plot.h>[m[K
      |          [01;31m[K^~~~~~~~~~~~[m[K
compilation terminated.
gmake[2]: *** [CMakeFiles/gui.dir/build.make:76: CMakeFiles/gui.dir/gui_autogen/mocs_compilation.cpp.o] Error 1
gmake[2]: *** Waiting for unfinished jobs....
gmake[2]: *** [CMakeFiles/gui.dir/build.make:160: CMakeFiles/gui.dir/src/ExecutePage.cpp.o] Error 1
In file included from [01m[K/home/hoapham/ros2_ws/src/gui/include/gui/hello_gui.h:32[m[K,
                 from [01m[K/home/hoapham/ros2_ws/src/gui/src/hello_gui.cpp:3[m[K:
[01m[K/home/hoapham/ros2_ws/src/gui/include/gui/ExecutePage.h:15:10:[m[K [01;31m[Kfatal error: [m[Kqwt_plot.h: No such file or directory
   15 | #include [01;31m[K<qwt_plot.h>[m[K
      |          [01;31m[K^~~~~~~~~~~~[m[K
compilation terminated.
In file included from [01m[K/home/hoapham/ros2_ws/src/gui/include/gui/hello_gui.h:32[m[K,
                 from [01m[K/home/hoapham/ros2_ws/src/gui/src/main.cpp:4[m[K:
[01m[K/home/hoapham/ros2_ws/src/gui/include/gui/ExecutePage.h:15:10:[m[K [01;31m[Kfatal error: [m[Kqwt_plot.h: No such file or directory
   15 | #include [01;31m[K<qwt_plot.h>[m[K
      |          [01;31m[K^~~~~~~~~~~~[m[K
compilation terminated.
gmake[2]: *** [CMakeFiles/gui.dir/build.make:104: CMakeFiles/gui.dir/src/hello_gui.cpp.o] Error 1
gmake[2]: *** [CMakeFiles/gui.dir/build.make:90: CMakeFiles/gui.dir/src/main.cpp.o] Error 1
In file included from [01m[K/home/hoapham/ros2_ws/src/gui/include/gui/hello_gui.h:32[m[K,
                 from [01m[K/home/hoapham/ros2_ws/src/gui/src/preparation.cpp:2[m[K:
[01m[K/home/hoapham/ros2_ws/src/gui/include/gui/ExecutePage.h:15:10:[m[K [01;31m[Kfatal error: [m[Kqwt_plot.h: No such file or directory
   15 | #include [01;31m[K<qwt_plot.h>[m[K
      |          [01;31m[K^~~~~~~~~~~~[m[K
compilation terminated.
gmake[2]: *** [CMakeFiles/gui.dir/build.make:146: CMakeFiles/gui.dir/src/preparation.cpp.o] Error 1
gmake[1]: *** [CMakeFiles/Makefile2:138: CMakeFiles/gui.dir/all] Error 2
gmake: *** [Makefile:146: all] Error 2
