[35m[1mConsolidate compiler generated dependencies of target pointcloud_marker_node[0m
[100%] Built target pointcloud_marker_node
-- Install configuration: ""
-- Installing: /home/hoapham/ros2_ws/install/pointcloud_marker/lib/pointcloud_marker/pointcloud_marker_node
-- Set runtime path of "/home/hoapham/ros2_ws/install/pointcloud_marker/lib/pointcloud_marker/pointcloud_marker_node" to ""
-- Installing: /home/hoapham/ros2_ws/install/pointcloud_marker/share/pointcloud_marker//launch
-- Installing: /home/hoapham/ros2_ws/install/pointcloud_marker/share/pointcloud_marker//launch/marker.launch.py
-- Installing: /home/hoapham/ros2_ws/install/pointcloud_marker/share/ament_index/resource_index/package_run_dependencies/pointcloud_marker
-- Installing: /home/hoapham/ros2_ws/install/pointcloud_marker/share/ament_index/resource_index/parent_prefix_path/pointcloud_marker
-- Installing: /home/hoapham/ros2_ws/install/pointcloud_marker/share/pointcloud_marker/environment/ament_prefix_path.sh
-- Installing: /home/hoapham/ros2_ws/install/pointcloud_marker/share/pointcloud_marker/environment/ament_prefix_path.dsv
-- Installing: /home/hoapham/ros2_ws/install/pointcloud_marker/share/pointcloud_marker/environment/path.sh
-- Installing: /home/hoapham/ros2_ws/install/pointcloud_marker/share/pointcloud_marker/environment/path.dsv
-- Installing: /home/hoapham/ros2_ws/install/pointcloud_marker/share/pointcloud_marker/local_setup.bash
-- Installing: /home/hoapham/ros2_ws/install/pointcloud_marker/share/pointcloud_marker/local_setup.sh
-- Installing: /home/hoapham/ros2_ws/install/pointcloud_marker/share/pointcloud_marker/local_setup.zsh
-- Installing: /home/hoapham/ros2_ws/install/pointcloud_marker/share/pointcloud_marker/local_setup.dsv
-- Installing: /home/hoapham/ros2_ws/install/pointcloud_marker/share/pointcloud_marker/package.dsv
-- Installing: /home/hoapham/ros2_ws/install/pointcloud_marker/share/ament_index/resource_index/packages/pointcloud_marker
-- Installing: /home/hoapham/ros2_ws/install/pointcloud_marker/share/pointcloud_marker/cmake/pointcloud_markerConfig.cmake
-- Installing: /home/hoapham/ros2_ws/install/pointcloud_marker/share/pointcloud_marker/cmake/pointcloud_markerConfig-version.cmake
-- Installing: /home/hoapham/ros2_ws/install/pointcloud_marker/share/pointcloud_marker/package.xml
