[0.024s] Invoking command in '/home/hoapham/ros2_ws/build/pointcloud_marker': CMAKE_PREFIX_PATH=/opt/ros/humble /usr/bin/cmake --build /home/hoapham/ros2_ws/build/pointcloud_marker -- -j16 -l16
[0.053s] [35m[1mConsolidate compiler generated dependencies of target pointcloud_marker_node[0m
[0.073s] [100%] Built target pointcloud_marker_node
[0.092s] Invoked command in '/home/hoapham/ros2_ws/build/pointcloud_marker' returned '0': CMAKE_PREFIX_PATH=/opt/ros/humble /usr/bin/cmake --build /home/hoapham/ros2_ws/build/pointcloud_marker -- -j16 -l16
[0.094s] Invoking command in '/home/hoapham/ros2_ws/build/pointcloud_marker': CMAKE_PREFIX_PATH=/opt/ros/humble /usr/bin/cmake --install /home/hoapham/ros2_ws/build/pointcloud_marker
[0.104s] -- Install configuration: ""
[0.104s] -- Installing: /home/hoapham/ros2_ws/install/pointcloud_marker/lib/pointcloud_marker/pointcloud_marker_node
[0.108s] -- Set runtime path of "/home/hoapham/ros2_ws/install/pointcloud_marker/lib/pointcloud_marker/pointcloud_marker_node" to ""
[0.108s] -- Installing: /home/hoapham/ros2_ws/install/pointcloud_marker/share/pointcloud_marker//launch
[0.108s] -- Installing: /home/hoapham/ros2_ws/install/pointcloud_marker/share/pointcloud_marker//launch/marker.launch.py
[0.108s] -- Installing: /home/hoapham/ros2_ws/install/pointcloud_marker/share/ament_index/resource_index/package_run_dependencies/pointcloud_marker
[0.109s] -- Installing: /home/hoapham/ros2_ws/install/pointcloud_marker/share/ament_index/resource_index/parent_prefix_path/pointcloud_marker
[0.109s] -- Installing: /home/hoapham/ros2_ws/install/pointcloud_marker/share/pointcloud_marker/environment/ament_prefix_path.sh
[0.109s] -- Installing: /home/hoapham/ros2_ws/install/pointcloud_marker/share/pointcloud_marker/environment/ament_prefix_path.dsv
[0.110s] -- Installing: /home/hoapham/ros2_ws/install/pointcloud_marker/share/pointcloud_marker/environment/path.sh
[0.110s] -- Installing: /home/hoapham/ros2_ws/install/pointcloud_marker/share/pointcloud_marker/environment/path.dsv
[0.113s] -- Installing: /home/hoapham/ros2_ws/install/pointcloud_marker/share/pointcloud_marker/local_setup.bash
[0.113s] -- Installing: /home/hoapham/ros2_ws/install/pointcloud_marker/share/pointcloud_marker/local_setup.sh
[0.113s] -- Installing: /home/hoapham/ros2_ws/install/pointcloud_marker/share/pointcloud_marker/local_setup.zsh
[0.113s] -- Installing: /home/hoapham/ros2_ws/install/pointcloud_marker/share/pointcloud_marker/local_setup.dsv
[0.113s] -- Installing: /home/hoapham/ros2_ws/install/pointcloud_marker/share/pointcloud_marker/package.dsv
[0.113s] -- Installing: /home/hoapham/ros2_ws/install/pointcloud_marker/share/ament_index/resource_index/packages/pointcloud_marker
[0.113s] -- Installing: /home/hoapham/ros2_ws/install/pointcloud_marker/share/pointcloud_marker/cmake/pointcloud_markerConfig.cmake
[0.113s] -- Installing: /home/hoapham/ros2_ws/install/pointcloud_marker/share/pointcloud_marker/cmake/pointcloud_markerConfig-version.cmake
[0.113s] -- Installing: /home/hoapham/ros2_ws/install/pointcloud_marker/share/pointcloud_marker/package.xml
[0.155s] Invoked command in '/home/hoapham/ros2_ws/build/pointcloud_marker' returned '0': CMAKE_PREFIX_PATH=/opt/ros/humble /usr/bin/cmake --install /home/hoapham/ros2_ws/build/pointcloud_marker
