[35m[1mConsolidate compiler generated dependencies of target fake_livox[0m
[100%] Built target fake_livox
-- Install configuration: ""
-- Installing: /home/hoapham/ros2_ws/install/fake_livox_publisher/lib/fake_livox_publisher/fake_livox
-- Set runtime path of "/home/hoapham/ros2_ws/install/fake_livox_publisher/lib/fake_livox_publisher/fake_livox" to ""
-- Installing: /home/hoapham/ros2_ws/install/fake_livox_publisher/share/ament_index/resource_index/package_run_dependencies/fake_livox_publisher
-- Installing: /home/hoapham/ros2_ws/install/fake_livox_publisher/share/ament_index/resource_index/parent_prefix_path/fake_livox_publisher
-- Installing: /home/hoapham/ros2_ws/install/fake_livox_publisher/share/fake_livox_publisher/environment/ament_prefix_path.sh
-- Installing: /home/hoapham/ros2_ws/install/fake_livox_publisher/share/fake_livox_publisher/environment/ament_prefix_path.dsv
-- Installing: /home/hoapham/ros2_ws/install/fake_livox_publisher/share/fake_livox_publisher/environment/path.sh
-- Installing: /home/hoapham/ros2_ws/install/fake_livox_publisher/share/fake_livox_publisher/environment/path.dsv
-- Installing: /home/hoapham/ros2_ws/install/fake_livox_publisher/share/fake_livox_publisher/local_setup.bash
-- Installing: /home/hoapham/ros2_ws/install/fake_livox_publisher/share/fake_livox_publisher/local_setup.sh
-- Installing: /home/hoapham/ros2_ws/install/fake_livox_publisher/share/fake_livox_publisher/local_setup.zsh
-- Installing: /home/hoapham/ros2_ws/install/fake_livox_publisher/share/fake_livox_publisher/local_setup.dsv
-- Installing: /home/hoapham/ros2_ws/install/fake_livox_publisher/share/fake_livox_publisher/package.dsv
-- Installing: /home/hoapham/ros2_ws/install/fake_livox_publisher/share/ament_index/resource_index/packages/fake_livox_publisher
-- Installing: /home/hoapham/ros2_ws/install/fake_livox_publisher/share/fake_livox_publisher/cmake/fake_livox_publisherConfig.cmake
-- Installing: /home/hoapham/ros2_ws/install/fake_livox_publisher/share/fake_livox_publisher/cmake/fake_livox_publisherConfig-version.cmake
-- Installing: /home/hoapham/ros2_ws/install/fake_livox_publisher/share/fake_livox_publisher/package.xml
