[35m[1mConsolidate compiler generated dependencies of target zivid_interfaces__rosidl_generator_c[0m
[  0%] Built target zivid_interfaces__cpp
[ 12%] Built target zivid_interfaces__rosidl_generator_c
[ 12%] Built target ament_cmake_python_copy_zivid_interfaces
[35m[1mConsolidate compiler generated dependencies of target zivid_interfaces__rosidl_typesupport_cpp[0m
[35m[1mConsolidate compiler generated dependencies of target zivid_interfaces__rosidl_typesupport_introspection_cpp[0m
[35m[1mConsolidate compiler generated dependencies of target zivid_interfaces__rosidl_typesupport_fastrtps_cpp[0m
[35m[1mConsolidate compiler generated dependencies of target zivid_interfaces__rosidl_typesupport_c[0m
[35m[1mConsolidate compiler generated dependencies of target zivid_interfaces__rosidl_typesupport_introspection_c[0m
[35m[1mConsolidate compiler generated dependencies of target zivid_interfaces__rosidl_typesupport_fastrtps_c[0m
[ 24%] Built target zivid_interfaces__rosidl_typesupport_c
[ 37%] Built target zivid_interfaces__rosidl_typesupport_cpp
[ 49%] Built target zivid_interfaces__rosidl_typesupport_introspection_cpp
[ 61%] Built target zivid_interfaces__rosidl_typesupport_introspection_c
[ 73%] Built target zivid_interfaces__rosidl_typesupport_fastrtps_cpp
[ 85%] Built target zivid_interfaces__rosidl_typesupport_fastrtps_c
[ 85%] Built target zivid_interfaces
[ 86%] Built target zivid_interfaces__py
[35m[1mConsolidate compiler generated dependencies of target zivid_interfaces__rosidl_generator_py[0m
[ 97%] Built target zivid_interfaces__rosidl_generator_py
[35m[1mConsolidate compiler generated dependencies of target zivid_interfaces__rosidl_typesupport_introspection_c__pyext[0m
[35m[1mConsolidate compiler generated dependencies of target zivid_interfaces__rosidl_typesupport_c__pyext[0m
[35m[1mConsolidate compiler generated dependencies of target zivid_interfaces__rosidl_typesupport_fastrtps_c__pyext[0m
[ 99%] Built target zivid_interfaces__rosidl_typesupport_fastrtps_c__pyext
[ 99%] Built target zivid_interfaces__rosidl_typesupport_c__pyext
[100%] Built target zivid_interfaces__rosidl_typesupport_introspection_c__pyext
running egg_info
writing zivid_interfaces.egg-info/PKG-INFO
writing dependency_links to zivid_interfaces.egg-info/dependency_links.txt
writing top-level names to zivid_interfaces.egg-info/top_level.txt
reading manifest file 'zivid_interfaces.egg-info/SOURCES.txt'
writing manifest file 'zivid_interfaces.egg-info/SOURCES.txt'
[100%] Built target ament_cmake_python_build_zivid_interfaces_egg
-- Install configuration: ""
-- Up-to-date: /home/hoapham/ros2_ws/install/zivid_interfaces/share/ament_index/resource_index/rosidl_interfaces/zivid_interfaces
-- Up-to-date: /home/hoapham/ros2_ws/install/zivid_interfaces/include/zivid_interfaces/zivid_interfaces
-- Up-to-date: /home/hoapham/ros2_ws/install/zivid_interfaces/include/zivid_interfaces/zivid_interfaces/msg
-- Up-to-date: /home/hoapham/ros2_ws/install/zivid_interfaces/include/zivid_interfaces/zivid_interfaces/msg/hand_eye_calibration_residual.h
-- Up-to-date: /home/hoapham/ros2_ws/install/zivid_interfaces/include/zivid_interfaces/zivid_interfaces/msg/marker_shape.h
-- Up-to-date: /home/hoapham/ros2_ws/install/zivid_interfaces/include/zivid_interfaces/zivid_interfaces/msg/detail
-- Up-to-date: /home/hoapham/ros2_ws/install/zivid_interfaces/include/zivid_interfaces/zivid_interfaces/msg/detail/hand_eye_calibration_residual__type_support.h
-- Up-to-date: /home/hoapham/ros2_ws/install/zivid_interfaces/include/zivid_interfaces/zivid_interfaces/msg/detail/detection_result_calibration_board__struct.h
-- Up-to-date: /home/hoapham/ros2_ws/install/zivid_interfaces/include/zivid_interfaces/zivid_interfaces/msg/detail/hand_eye_calibration_objects__type_support.h
-- Up-to-date: /home/hoapham/ros2_ws/install/zivid_interfaces/include/zivid_interfaces/zivid_interfaces/msg/detail/marker_shape__functions.h
-- Up-to-date: /home/hoapham/ros2_ws/install/zivid_interfaces/include/zivid_interfaces/zivid_interfaces/msg/detail/detection_result_calibration_board__type_support.h
-- Up-to-date: /home/hoapham/ros2_ws/install/zivid_interfaces/include/zivid_interfaces/zivid_interfaces/msg/detail/hand_eye_calibration_residual__struct.h
-- Up-to-date: /home/hoapham/ros2_ws/install/zivid_interfaces/include/zivid_interfaces/zivid_interfaces/msg/detail/fixed_placement_of_calibration_board__functions.c
-- Up-to-date: /home/hoapham/ros2_ws/install/zivid_interfaces/include/zivid_interfaces/zivid_interfaces/msg/detail/fixed_placement_of_calibration_objects__type_support.h
-- Up-to-date: /home/hoapham/ros2_ws/install/zivid_interfaces/include/zivid_interfaces/zivid_interfaces/msg/detail/fixed_placement_of_calibration_objects__functions.h
-- Up-to-date: /home/hoapham/ros2_ws/install/zivid_interfaces/include/zivid_interfaces/zivid_interfaces/msg/detail/detection_result_fiducial_markers__functions.c
-- Up-to-date: /home/hoapham/ros2_ws/install/zivid_interfaces/include/zivid_interfaces/zivid_interfaces/msg/detail/detection_result_fiducial_markers__type_support.h
-- Up-to-date: /home/hoapham/ros2_ws/install/zivid_interfaces/include/zivid_interfaces/zivid_interfaces/msg/detail/fixed_placement_of_fiducial_marker__type_support.h
-- Up-to-date: /home/hoapham/ros2_ws/install/zivid_interfaces/include/zivid_interfaces/zivid_interfaces/msg/detail/marker_shape__struct.h
-- Up-to-date: /home/hoapham/ros2_ws/install/zivid_interfaces/include/zivid_interfaces/zivid_interfaces/msg/detail/detection_result_fiducial_markers__struct.h
-- Up-to-date: /home/hoapham/ros2_ws/install/zivid_interfaces/include/zivid_interfaces/zivid_interfaces/msg/detail/fixed_placement_of_calibration_board__type_support.h
-- Up-to-date: /home/hoapham/ros2_ws/install/zivid_interfaces/include/zivid_interfaces/zivid_interfaces/msg/detail/fixed_placement_of_calibration_board__struct.h
-- Up-to-date: /home/hoapham/ros2_ws/install/zivid_interfaces/include/zivid_interfaces/zivid_interfaces/msg/detail/hand_eye_calibration_residual__functions.h
-- Up-to-date: /home/hoapham/ros2_ws/install/zivid_interfaces/include/zivid_interfaces/zivid_interfaces/msg/detail/fixed_placement_of_fiducial_marker__functions.h
-- Up-to-date: /home/hoapham/ros2_ws/install/zivid_interfaces/include/zivid_interfaces/zivid_interfaces/msg/detail/hand_eye_calibration_objects__functions.h
-- Up-to-date: /home/hoapham/ros2_ws/install/zivid_interfaces/include/zivid_interfaces/zivid_interfaces/msg/detail/detection_result_fiducial_markers__functions.h
-- Up-to-date: /home/hoapham/ros2_ws/install/zivid_interfaces/include/zivid_interfaces/zivid_interfaces/msg/detail/fixed_placement_of_calibration_board__functions.h
-- Up-to-date: /home/hoapham/ros2_ws/install/zivid_interfaces/include/zivid_interfaces/zivid_interfaces/msg/detail/marker_shape__functions.c
-- Up-to-date: /home/hoapham/ros2_ws/install/zivid_interfaces/include/zivid_interfaces/zivid_interfaces/msg/detail/detection_result_calibration_board__functions.c
-- Up-to-date: /home/hoapham/ros2_ws/install/zivid_interfaces/include/zivid_interfaces/zivid_interfaces/msg/detail/fixed_placement_of_fiducial_marker__functions.c
-- Up-to-date: /home/hoapham/ros2_ws/install/zivid_interfaces/include/zivid_interfaces/zivid_interfaces/msg/detail/fixed_placement_of_calibration_objects__struct.h
-- Up-to-date: /home/hoapham/ros2_ws/install/zivid_interfaces/include/zivid_interfaces/zivid_interfaces/msg/detail/hand_eye_calibration_objects__functions.c
-- Up-to-date: /home/hoapham/ros2_ws/install/zivid_interfaces/include/zivid_interfaces/zivid_interfaces/msg/detail/hand_eye_calibration_objects__struct.h
-- Up-to-date: /home/hoapham/ros2_ws/install/zivid_interfaces/include/zivid_interfaces/zivid_interfaces/msg/detail/marker_shape__type_support.h
-- Up-to-date: /home/hoapham/ros2_ws/install/zivid_interfaces/include/zivid_interfaces/zivid_interfaces/msg/detail/detection_result_calibration_board__functions.h
-- Up-to-date: /home/hoapham/ros2_ws/install/zivid_interfaces/include/zivid_interfaces/zivid_interfaces/msg/detail/fixed_placement_of_fiducial_marker__struct.h
-- Up-to-date: /home/hoapham/ros2_ws/install/zivid_interfaces/include/zivid_interfaces/zivid_interfaces/msg/detail/hand_eye_calibration_residual__functions.c
-- Up-to-date: /home/hoapham/ros2_ws/install/zivid_interfaces/include/zivid_interfaces/zivid_interfaces/msg/detail/fixed_placement_of_calibration_objects__functions.c
-- Up-to-date: /home/hoapham/ros2_ws/install/zivid_interfaces/include/zivid_interfaces/zivid_interfaces/msg/fixed_placement_of_calibration_objects.h
-- Up-to-date: /home/hoapham/ros2_ws/install/zivid_interfaces/include/zivid_interfaces/zivid_interfaces/msg/hand_eye_calibration_objects.h
-- Up-to-date: /home/hoapham/ros2_ws/install/zivid_interfaces/include/zivid_interfaces/zivid_interfaces/msg/fixed_placement_of_fiducial_marker.h
-- Up-to-date: /home/hoapham/ros2_ws/install/zivid_interfaces/include/zivid_interfaces/zivid_interfaces/msg/fixed_placement_of_calibration_board.h
-- Up-to-date: /home/hoapham/ros2_ws/install/zivid_interfaces/include/zivid_interfaces/zivid_interfaces/msg/rosidl_generator_c__visibility_control.h
-- Up-to-date: /home/hoapham/ros2_ws/install/zivid_interfaces/include/zivid_interfaces/zivid_interfaces/msg/detection_result_calibration_board.h
-- Up-to-date: /home/hoapham/ros2_ws/install/zivid_interfaces/include/zivid_interfaces/zivid_interfaces/msg/detection_result_fiducial_markers.h
-- Up-to-date: /home/hoapham/ros2_ws/install/zivid_interfaces/include/zivid_interfaces/zivid_interfaces/srv
-- Up-to-date: /home/hoapham/ros2_ws/install/zivid_interfaces/include/zivid_interfaces/zivid_interfaces/srv/hand_eye_calibration_capture.h
-- Up-to-date: /home/hoapham/ros2_ws/install/zivid_interfaces/include/zivid_interfaces/zivid_interfaces/srv/is_connected.h
-- Up-to-date: /home/hoapham/ros2_ws/install/zivid_interfaces/include/zivid_interfaces/zivid_interfaces/srv/detail
-- Up-to-date: /home/hoapham/ros2_ws/install/zivid_interfaces/include/zivid_interfaces/zivid_interfaces/srv/detail/capture_and_detect_markers__functions.h
-- Up-to-date: /home/hoapham/ros2_ws/install/zivid_interfaces/include/zivid_interfaces/zivid_interfaces/srv/detail/capture_and_detect_markers__struct.h
-- Up-to-date: /home/hoapham/ros2_ws/install/zivid_interfaces/include/zivid_interfaces/zivid_interfaces/srv/detail/infield_correction_compute__functions.h
-- Up-to-date: /home/hoapham/ros2_ws/install/zivid_interfaces/include/zivid_interfaces/zivid_interfaces/srv/detail/hand_eye_calibration_load__functions.c
-- Up-to-date: /home/hoapham/ros2_ws/install/zivid_interfaces/include/zivid_interfaces/zivid_interfaces/srv/detail/capture_and_detect_calibration_board__type_support.h
-- Up-to-date: /home/hoapham/ros2_ws/install/zivid_interfaces/include/zivid_interfaces/zivid_interfaces/srv/detail/hand_eye_calibration_load__struct.h
-- Up-to-date: /home/hoapham/ros2_ws/install/zivid_interfaces/include/zivid_interfaces/zivid_interfaces/srv/detail/hand_eye_calibration_start__functions.h
-- Up-to-date: /home/hoapham/ros2_ws/install/zivid_interfaces/include/zivid_interfaces/zivid_interfaces/srv/detail/infield_correction_capture__type_support.h
-- Up-to-date: /home/hoapham/ros2_ws/install/zivid_interfaces/include/zivid_interfaces/zivid_interfaces/srv/detail/camera_info_serial_number__functions.c
-- Up-to-date: /home/hoapham/ros2_ws/install/zivid_interfaces/include/zivid_interfaces/zivid_interfaces/srv/detail/is_connected__functions.h
-- Up-to-date: /home/hoapham/ros2_ws/install/zivid_interfaces/include/zivid_interfaces/zivid_interfaces/srv/detail/hand_eye_calibration_calibrate__functions.h
-- Up-to-date: /home/hoapham/ros2_ws/install/zivid_interfaces/include/zivid_interfaces/zivid_interfaces/srv/detail/camera_info_model_name__functions.h
-- Up-to-date: /home/hoapham/ros2_ws/install/zivid_interfaces/include/zivid_interfaces/zivid_interfaces/srv/detail/capture_assistant_suggest_settings__functions.h
-- Up-to-date: /home/hoapham/ros2_ws/install/zivid_interfaces/include/zivid_interfaces/zivid_interfaces/srv/detail/infield_correction_compute__functions.c
-- Up-to-date: /home/hoapham/ros2_ws/install/zivid_interfaces/include/zivid_interfaces/zivid_interfaces/srv/detail/infield_correction_capture__functions.c
-- Up-to-date: /home/hoapham/ros2_ws/install/zivid_interfaces/include/zivid_interfaces/zivid_interfaces/srv/detail/capture_and_detect_calibration_board__struct.h
-- Up-to-date: /home/hoapham/ros2_ws/install/zivid_interfaces/include/zivid_interfaces/zivid_interfaces/srv/detail/camera_info_serial_number__functions.h
-- Up-to-date: /home/hoapham/ros2_ws/install/zivid_interfaces/include/zivid_interfaces/zivid_interfaces/srv/detail/capture_and_save__functions.h
-- Up-to-date: /home/hoapham/ros2_ws/install/zivid_interfaces/include/zivid_interfaces/zivid_interfaces/srv/detail/camera_info_serial_number__struct.h
-- Up-to-date: /home/hoapham/ros2_ws/install/zivid_interfaces/include/zivid_interfaces/zivid_interfaces/srv/detail/hand_eye_calibration_calibrate__struct.h
-- Up-to-date: /home/hoapham/ros2_ws/install/zivid_interfaces/include/zivid_interfaces/zivid_interfaces/srv/detail/hand_eye_calibration_capture__type_support.h
-- Up-to-date: /home/hoapham/ros2_ws/install/zivid_interfaces/include/zivid_interfaces/zivid_interfaces/srv/detail/hand_eye_calibration_capture__struct.h
-- Up-to-date: /home/hoapham/ros2_ws/install/zivid_interfaces/include/zivid_interfaces/zivid_interfaces/srv/detail/capture_assistant_suggest_settings__functions.c
-- Up-to-date: /home/hoapham/ros2_ws/install/zivid_interfaces/include/zivid_interfaces/zivid_interfaces/srv/detail/hand_eye_calibration_load__type_support.h
-- Up-to-date: /home/hoapham/ros2_ws/install/zivid_interfaces/include/zivid_interfaces/zivid_interfaces/srv/detail/capture_and_save__functions.c
-- Up-to-date: /home/hoapham/ros2_ws/install/zivid_interfaces/include/zivid_interfaces/zivid_interfaces/srv/detail/hand_eye_calibration_calibrate__type_support.h
-- Up-to-date: /home/hoapham/ros2_ws/install/zivid_interfaces/include/zivid_interfaces/zivid_interfaces/srv/detail/infield_correction_compute__struct.h
-- Up-to-date: /home/hoapham/ros2_ws/install/zivid_interfaces/include/zivid_interfaces/zivid_interfaces/srv/detail/camera_info_model_name__type_support.h
-- Up-to-date: /home/hoapham/ros2_ws/install/zivid_interfaces/include/zivid_interfaces/zivid_interfaces/srv/detail/infield_correction_read__functions.h
-- Up-to-date: /home/hoapham/ros2_ws/install/zivid_interfaces/include/zivid_interfaces/zivid_interfaces/srv/detail/capture_assistant_suggest_settings__type_support.h
-- Up-to-date: /home/hoapham/ros2_ws/install/zivid_interfaces/include/zivid_interfaces/zivid_interfaces/srv/detail/is_connected__type_support.h
-- Up-to-date: /home/hoapham/ros2_ws/install/zivid_interfaces/include/zivid_interfaces/zivid_interfaces/srv/detail/hand_eye_calibration_capture__functions.c
-- Up-to-date: /home/hoapham/ros2_ws/install/zivid_interfaces/include/zivid_interfaces/zivid_interfaces/srv/detail/camera_info_model_name__functions.c
-- Up-to-date: /home/hoapham/ros2_ws/install/zivid_interfaces/include/zivid_interfaces/zivid_interfaces/srv/detail/capture_and_detect_calibration_board__functions.c
-- Up-to-date: /home/hoapham/ros2_ws/install/zivid_interfaces/include/zivid_interfaces/zivid_interfaces/srv/detail/capture_and_detect_markers__type_support.h
-- Up-to-date: /home/hoapham/ros2_ws/install/zivid_interfaces/include/zivid_interfaces/zivid_interfaces/srv/detail/capture_and_detect_calibration_board__functions.h
-- Up-to-date: /home/hoapham/ros2_ws/install/zivid_interfaces/include/zivid_interfaces/zivid_interfaces/srv/detail/capture_and_detect_markers__functions.c
-- Up-to-date: /home/hoapham/ros2_ws/install/zivid_interfaces/include/zivid_interfaces/zivid_interfaces/srv/detail/infield_correction_capture__struct.h
-- Up-to-date: /home/hoapham/ros2_ws/install/zivid_interfaces/include/zivid_interfaces/zivid_interfaces/srv/detail/camera_info_serial_number__type_support.h
-- Up-to-date: /home/hoapham/ros2_ws/install/zivid_interfaces/include/zivid_interfaces/zivid_interfaces/srv/detail/infield_correction_compute__type_support.h
-- Up-to-date: /home/hoapham/ros2_ws/install/zivid_interfaces/include/zivid_interfaces/zivid_interfaces/srv/detail/hand_eye_calibration_start__struct.h
-- Up-to-date: /home/hoapham/ros2_ws/install/zivid_interfaces/include/zivid_interfaces/zivid_interfaces/srv/detail/is_connected__struct.h
-- Up-to-date: /home/hoapham/ros2_ws/install/zivid_interfaces/include/zivid_interfaces/zivid_interfaces/srv/detail/infield_correction_read__type_support.h
-- Up-to-date: /home/hoapham/ros2_ws/install/zivid_interfaces/include/zivid_interfaces/zivid_interfaces/srv/detail/camera_info_model_name__struct.h
-- Up-to-date: /home/hoapham/ros2_ws/install/zivid_interfaces/include/zivid_interfaces/zivid_interfaces/srv/detail/infield_correction_read__struct.h
-- Up-to-date: /home/hoapham/ros2_ws/install/zivid_interfaces/include/zivid_interfaces/zivid_interfaces/srv/detail/capture_assistant_suggest_settings__struct.h
-- Up-to-date: /home/hoapham/ros2_ws/install/zivid_interfaces/include/zivid_interfaces/zivid_interfaces/srv/detail/hand_eye_calibration_load__functions.h
-- Up-to-date: /home/hoapham/ros2_ws/install/zivid_interfaces/include/zivid_interfaces/zivid_interfaces/srv/detail/infield_correction_capture__functions.h
-- Up-to-date: /home/hoapham/ros2_ws/install/zivid_interfaces/include/zivid_interfaces/zivid_interfaces/srv/detail/hand_eye_calibration_start__functions.c
-- Up-to-date: /home/hoapham/ros2_ws/install/zivid_interfaces/include/zivid_interfaces/zivid_interfaces/srv/detail/capture_and_save__struct.h
-- Up-to-date: /home/hoapham/ros2_ws/install/zivid_interfaces/include/zivid_interfaces/zivid_interfaces/srv/detail/capture_and_save__type_support.h
-- Up-to-date: /home/hoapham/ros2_ws/install/zivid_interfaces/include/zivid_interfaces/zivid_interfaces/srv/detail/infield_correction_read__functions.c
-- Up-to-date: /home/hoapham/ros2_ws/install/zivid_interfaces/include/zivid_interfaces/zivid_interfaces/srv/detail/is_connected__functions.c
-- Up-to-date: /home/hoapham/ros2_ws/install/zivid_interfaces/include/zivid_interfaces/zivid_interfaces/srv/detail/hand_eye_calibration_capture__functions.h
-- Up-to-date: /home/hoapham/ros2_ws/install/zivid_interfaces/include/zivid_interfaces/zivid_interfaces/srv/detail/hand_eye_calibration_calibrate__functions.c
-- Up-to-date: /home/hoapham/ros2_ws/install/zivid_interfaces/include/zivid_interfaces/zivid_interfaces/srv/detail/hand_eye_calibration_start__type_support.h
-- Up-to-date: /home/hoapham/ros2_ws/install/zivid_interfaces/include/zivid_interfaces/zivid_interfaces/srv/hand_eye_calibration_calibrate.h
-- Up-to-date: /home/hoapham/ros2_ws/install/zivid_interfaces/include/zivid_interfaces/zivid_interfaces/srv/capture_and_detect_markers.h
-- Up-to-date: /home/hoapham/ros2_ws/install/zivid_interfaces/include/zivid_interfaces/zivid_interfaces/srv/capture_assistant_suggest_settings.h
-- Up-to-date: /home/hoapham/ros2_ws/install/zivid_interfaces/include/zivid_interfaces/zivid_interfaces/srv/camera_info_model_name.h
-- Up-to-date: /home/hoapham/ros2_ws/install/zivid_interfaces/include/zivid_interfaces/zivid_interfaces/srv/camera_info_serial_number.h
-- Up-to-date: /home/hoapham/ros2_ws/install/zivid_interfaces/include/zivid_interfaces/zivid_interfaces/srv/infield_correction_read.h
-- Up-to-date: /home/hoapham/ros2_ws/install/zivid_interfaces/include/zivid_interfaces/zivid_interfaces/srv/infield_correction_compute.h
-- Up-to-date: /home/hoapham/ros2_ws/install/zivid_interfaces/include/zivid_interfaces/zivid_interfaces/srv/hand_eye_calibration_load.h
-- Up-to-date: /home/hoapham/ros2_ws/install/zivid_interfaces/include/zivid_interfaces/zivid_interfaces/srv/capture_and_save.h
-- Up-to-date: /home/hoapham/ros2_ws/install/zivid_interfaces/include/zivid_interfaces/zivid_interfaces/srv/capture_and_detect_calibration_board.h
-- Up-to-date: /home/hoapham/ros2_ws/install/zivid_interfaces/include/zivid_interfaces/zivid_interfaces/srv/hand_eye_calibration_start.h
-- Up-to-date: /home/hoapham/ros2_ws/install/zivid_interfaces/include/zivid_interfaces/zivid_interfaces/srv/infield_correction_capture.h
-- Up-to-date: /home/hoapham/ros2_ws/install/zivid_interfaces/share/zivid_interfaces/environment/library_path.sh
-- Up-to-date: /home/hoapham/ros2_ws/install/zivid_interfaces/share/zivid_interfaces/environment/library_path.dsv
-- Up-to-date: /home/hoapham/ros2_ws/install/zivid_interfaces/lib/libzivid_interfaces__rosidl_generator_c.so
-- Up-to-date: /home/hoapham/ros2_ws/install/zivid_interfaces/include/zivid_interfaces/zivid_interfaces
-- Up-to-date: /home/hoapham/ros2_ws/install/zivid_interfaces/include/zivid_interfaces/zivid_interfaces/msg
-- Up-to-date: /home/hoapham/ros2_ws/install/zivid_interfaces/include/zivid_interfaces/zivid_interfaces/msg/detail
-- Up-to-date: /home/hoapham/ros2_ws/install/zivid_interfaces/include/zivid_interfaces/zivid_interfaces/msg/detail/hand_eye_calibration_objects__rosidl_typesupport_fastrtps_c.h
-- Up-to-date: /home/hoapham/ros2_ws/install/zivid_interfaces/include/zivid_interfaces/zivid_interfaces/msg/detail/fixed_placement_of_fiducial_marker__rosidl_typesupport_fastrtps_c.h
-- Up-to-date: /home/hoapham/ros2_ws/install/zivid_interfaces/include/zivid_interfaces/zivid_interfaces/msg/detail/detection_result_calibration_board__rosidl_typesupport_fastrtps_c.h
-- Up-to-date: /home/hoapham/ros2_ws/install/zivid_interfaces/include/zivid_interfaces/zivid_interfaces/msg/detail/marker_shape__rosidl_typesupport_fastrtps_c.h
-- Up-to-date: /home/hoapham/ros2_ws/install/zivid_interfaces/include/zivid_interfaces/zivid_interfaces/msg/detail/fixed_placement_of_calibration_objects__rosidl_typesupport_fastrtps_c.h
-- Up-to-date: /home/hoapham/ros2_ws/install/zivid_interfaces/include/zivid_interfaces/zivid_interfaces/msg/detail/detection_result_fiducial_markers__rosidl_typesupport_fastrtps_c.h
-- Up-to-date: /home/hoapham/ros2_ws/install/zivid_interfaces/include/zivid_interfaces/zivid_interfaces/msg/detail/fixed_placement_of_calibration_board__rosidl_typesupport_fastrtps_c.h
-- Up-to-date: /home/hoapham/ros2_ws/install/zivid_interfaces/include/zivid_interfaces/zivid_interfaces/msg/detail/hand_eye_calibration_residual__rosidl_typesupport_fastrtps_c.h
-- Up-to-date: /home/hoapham/ros2_ws/install/zivid_interfaces/include/zivid_interfaces/zivid_interfaces/msg/rosidl_typesupport_fastrtps_c__visibility_control.h
-- Up-to-date: /home/hoapham/ros2_ws/install/zivid_interfaces/include/zivid_interfaces/zivid_interfaces/srv
-- Up-to-date: /home/hoapham/ros2_ws/install/zivid_interfaces/include/zivid_interfaces/zivid_interfaces/srv/detail
-- Up-to-date: /home/hoapham/ros2_ws/install/zivid_interfaces/include/zivid_interfaces/zivid_interfaces/srv/detail/hand_eye_calibration_load__rosidl_typesupport_fastrtps_c.h
-- Up-to-date: /home/hoapham/ros2_ws/install/zivid_interfaces/include/zivid_interfaces/zivid_interfaces/srv/detail/capture_and_save__rosidl_typesupport_fastrtps_c.h
-- Up-to-date: /home/hoapham/ros2_ws/install/zivid_interfaces/include/zivid_interfaces/zivid_interfaces/srv/detail/hand_eye_calibration_start__rosidl_typesupport_fastrtps_c.h
-- Up-to-date: /home/hoapham/ros2_ws/install/zivid_interfaces/include/zivid_interfaces/zivid_interfaces/srv/detail/capture_and_detect_calibration_board__rosidl_typesupport_fastrtps_c.h
-- Up-to-date: /home/hoapham/ros2_ws/install/zivid_interfaces/include/zivid_interfaces/zivid_interfaces/srv/detail/infield_correction_read__rosidl_typesupport_fastrtps_c.h
-- Up-to-date: /home/hoapham/ros2_ws/install/zivid_interfaces/include/zivid_interfaces/zivid_interfaces/srv/detail/capture_assistant_suggest_settings__rosidl_typesupport_fastrtps_c.h
-- Up-to-date: /home/hoapham/ros2_ws/install/zivid_interfaces/include/zivid_interfaces/zivid_interfaces/srv/detail/camera_info_serial_number__rosidl_typesupport_fastrtps_c.h
-- Up-to-date: /home/hoapham/ros2_ws/install/zivid_interfaces/include/zivid_interfaces/zivid_interfaces/srv/detail/camera_info_model_name__rosidl_typesupport_fastrtps_c.h
-- Up-to-date: /home/hoapham/ros2_ws/install/zivid_interfaces/include/zivid_interfaces/zivid_interfaces/srv/detail/hand_eye_calibration_capture__rosidl_typesupport_fastrtps_c.h
-- Up-to-date: /home/hoapham/ros2_ws/install/zivid_interfaces/include/zivid_interfaces/zivid_interfaces/srv/detail/hand_eye_calibration_calibrate__rosidl_typesupport_fastrtps_c.h
-- Up-to-date: /home/hoapham/ros2_ws/install/zivid_interfaces/include/zivid_interfaces/zivid_interfaces/srv/detail/is_connected__rosidl_typesupport_fastrtps_c.h
-- Up-to-date: /home/hoapham/ros2_ws/install/zivid_interfaces/include/zivid_interfaces/zivid_interfaces/srv/detail/infield_correction_capture__rosidl_typesupport_fastrtps_c.h
-- Up-to-date: /home/hoapham/ros2_ws/install/zivid_interfaces/include/zivid_interfaces/zivid_interfaces/srv/detail/infield_correction_compute__rosidl_typesupport_fastrtps_c.h
-- Up-to-date: /home/hoapham/ros2_ws/install/zivid_interfaces/include/zivid_interfaces/zivid_interfaces/srv/detail/capture_and_detect_markers__rosidl_typesupport_fastrtps_c.h
-- Up-to-date: /home/hoapham/ros2_ws/install/zivid_interfaces/lib/libzivid_interfaces__rosidl_typesupport_fastrtps_c.so
-- Up-to-date: /home/hoapham/ros2_ws/install/zivid_interfaces/include/zivid_interfaces/zivid_interfaces
-- Up-to-date: /home/hoapham/ros2_ws/install/zivid_interfaces/include/zivid_interfaces/zivid_interfaces/msg
-- Up-to-date: /home/hoapham/ros2_ws/install/zivid_interfaces/include/zivid_interfaces/zivid_interfaces/msg/detail
-- Up-to-date: /home/hoapham/ros2_ws/install/zivid_interfaces/include/zivid_interfaces/zivid_interfaces/msg/detail/detection_result_calibration_board__struct.hpp
-- Up-to-date: /home/hoapham/ros2_ws/install/zivid_interfaces/include/zivid_interfaces/zivid_interfaces/msg/detail/fixed_placement_of_calibration_board__type_support.hpp
-- Up-to-date: /home/hoapham/ros2_ws/install/zivid_interfaces/include/zivid_interfaces/zivid_interfaces/msg/detail/detection_result_calibration_board__builder.hpp
-- Up-to-date: /home/hoapham/ros2_ws/install/zivid_interfaces/include/zivid_interfaces/zivid_interfaces/msg/detail/hand_eye_calibration_objects__type_support.hpp
-- Up-to-date: /home/hoapham/ros2_ws/install/zivid_interfaces/include/zivid_interfaces/zivid_interfaces/msg/detail/hand_eye_calibration_objects__builder.hpp
-- Up-to-date: /home/hoapham/ros2_ws/install/zivid_interfaces/include/zivid_interfaces/zivid_interfaces/msg/detail/detection_result_calibration_board__traits.hpp
-- Up-to-date: /home/hoapham/ros2_ws/install/zivid_interfaces/include/zivid_interfaces/zivid_interfaces/msg/detail/fixed_placement_of_calibration_objects__traits.hpp
-- Up-to-date: /home/hoapham/ros2_ws/install/zivid_interfaces/include/zivid_interfaces/zivid_interfaces/msg/detail/detection_result_fiducial_markers__type_support.hpp
-- Up-to-date: /home/hoapham/ros2_ws/install/zivid_interfaces/include/zivid_interfaces/zivid_interfaces/msg/detail/fixed_placement_of_calibration_board__struct.hpp
-- Up-to-date: /home/hoapham/ros2_ws/install/zivid_interfaces/include/zivid_interfaces/zivid_interfaces/msg/detail/fixed_placement_of_calibration_objects__builder.hpp
-- Up-to-date: /home/hoapham/ros2_ws/install/zivid_interfaces/include/zivid_interfaces/zivid_interfaces/msg/detail/hand_eye_calibration_objects__struct.hpp
-- Up-to-date: /home/hoapham/ros2_ws/install/zivid_interfaces/include/zivid_interfaces/zivid_interfaces/msg/detail/marker_shape__traits.hpp
-- Up-to-date: /home/hoapham/ros2_ws/install/zivid_interfaces/include/zivid_interfaces/zivid_interfaces/msg/detail/fixed_placement_of_calibration_board__traits.hpp
-- Up-to-date: /home/hoapham/ros2_ws/install/zivid_interfaces/include/zivid_interfaces/zivid_interfaces/msg/detail/hand_eye_calibration_residual__traits.hpp
-- Up-to-date: /home/hoapham/ros2_ws/install/zivid_interfaces/include/zivid_interfaces/zivid_interfaces/msg/detail/detection_result_fiducial_markers__builder.hpp
-- Up-to-date: /home/hoapham/ros2_ws/install/zivid_interfaces/include/zivid_interfaces/zivid_interfaces/msg/detail/detection_result_fiducial_markers__struct.hpp
-- Up-to-date: /home/hoapham/ros2_ws/install/zivid_interfaces/include/zivid_interfaces/zivid_interfaces/msg/detail/hand_eye_calibration_residual__builder.hpp
-- Up-to-date: /home/hoapham/ros2_ws/install/zivid_interfaces/include/zivid_interfaces/zivid_interfaces/msg/detail/fixed_placement_of_calibration_objects__struct.hpp
-- Up-to-date: /home/hoapham/ros2_ws/install/zivid_interfaces/include/zivid_interfaces/zivid_interfaces/msg/detail/marker_shape__type_support.hpp
-- Up-to-date: /home/hoapham/ros2_ws/install/zivid_interfaces/include/zivid_interfaces/zivid_interfaces/msg/detail/detection_result_calibration_board__type_support.hpp
-- Up-to-date: /home/hoapham/ros2_ws/install/zivid_interfaces/include/zivid_interfaces/zivid_interfaces/msg/detail/hand_eye_calibration_objects__traits.hpp
-- Up-to-date: /home/hoapham/ros2_ws/install/zivid_interfaces/include/zivid_interfaces/zivid_interfaces/msg/detail/hand_eye_calibration_residual__struct.hpp
-- Up-to-date: /home/hoapham/ros2_ws/install/zivid_interfaces/include/zivid_interfaces/zivid_interfaces/msg/detail/fixed_placement_of_fiducial_marker__struct.hpp
-- Up-to-date: /home/hoapham/ros2_ws/install/zivid_interfaces/include/zivid_interfaces/zivid_interfaces/msg/detail/fixed_placement_of_fiducial_marker__type_support.hpp
-- Up-to-date: /home/hoapham/ros2_ws/install/zivid_interfaces/include/zivid_interfaces/zivid_interfaces/msg/detail/detection_result_fiducial_markers__traits.hpp
-- Up-to-date: /home/hoapham/ros2_ws/install/zivid_interfaces/include/zivid_interfaces/zivid_interfaces/msg/detail/marker_shape__struct.hpp
-- Up-to-date: /home/hoapham/ros2_ws/install/zivid_interfaces/include/zivid_interfaces/zivid_interfaces/msg/detail/fixed_placement_of_fiducial_marker__builder.hpp
-- Up-to-date: /home/hoapham/ros2_ws/install/zivid_interfaces/include/zivid_interfaces/zivid_interfaces/msg/detail/marker_shape__builder.hpp
-- Up-to-date: /home/hoapham/ros2_ws/install/zivid_interfaces/include/zivid_interfaces/zivid_interfaces/msg/detail/fixed_placement_of_fiducial_marker__traits.hpp
-- Up-to-date: /home/hoapham/ros2_ws/install/zivid_interfaces/include/zivid_interfaces/zivid_interfaces/msg/detail/hand_eye_calibration_residual__type_support.hpp
-- Up-to-date: /home/hoapham/ros2_ws/install/zivid_interfaces/include/zivid_interfaces/zivid_interfaces/msg/detail/fixed_placement_of_calibration_objects__type_support.hpp
-- Up-to-date: /home/hoapham/ros2_ws/install/zivid_interfaces/include/zivid_interfaces/zivid_interfaces/msg/detail/fixed_placement_of_calibration_board__builder.hpp
-- Up-to-date: /home/hoapham/ros2_ws/install/zivid_interfaces/include/zivid_interfaces/zivid_interfaces/msg/hand_eye_calibration_objects.hpp
-- Up-to-date: /home/hoapham/ros2_ws/install/zivid_interfaces/include/zivid_interfaces/zivid_interfaces/msg/marker_shape.hpp
-- Up-to-date: /home/hoapham/ros2_ws/install/zivid_interfaces/include/zivid_interfaces/zivid_interfaces/msg/fixed_placement_of_calibration_objects.hpp
-- Up-to-date: /home/hoapham/ros2_ws/install/zivid_interfaces/include/zivid_interfaces/zivid_interfaces/msg/detection_result_fiducial_markers.hpp
-- Up-to-date: /home/hoapham/ros2_ws/install/zivid_interfaces/include/zivid_interfaces/zivid_interfaces/msg/rosidl_generator_cpp__visibility_control.hpp
-- Up-to-date: /home/hoapham/ros2_ws/install/zivid_interfaces/include/zivid_interfaces/zivid_interfaces/msg/detection_result_calibration_board.hpp
-- Up-to-date: /home/hoapham/ros2_ws/install/zivid_interfaces/include/zivid_interfaces/zivid_interfaces/msg/fixed_placement_of_fiducial_marker.hpp
-- Up-to-date: /home/hoapham/ros2_ws/install/zivid_interfaces/include/zivid_interfaces/zivid_interfaces/msg/fixed_placement_of_calibration_board.hpp
-- Up-to-date: /home/hoapham/ros2_ws/install/zivid_interfaces/include/zivid_interfaces/zivid_interfaces/msg/hand_eye_calibration_residual.hpp
-- Up-to-date: /home/hoapham/ros2_ws/install/zivid_interfaces/include/zivid_interfaces/zivid_interfaces/srv
-- Up-to-date: /home/hoapham/ros2_ws/install/zivid_interfaces/include/zivid_interfaces/zivid_interfaces/srv/capture_and_detect_markers.hpp
-- Up-to-date: /home/hoapham/ros2_ws/install/zivid_interfaces/include/zivid_interfaces/zivid_interfaces/srv/detail
-- Up-to-date: /home/hoapham/ros2_ws/install/zivid_interfaces/include/zivid_interfaces/zivid_interfaces/srv/detail/capture_and_detect_calibration_board__type_support.hpp
-- Up-to-date: /home/hoapham/ros2_ws/install/zivid_interfaces/include/zivid_interfaces/zivid_interfaces/srv/detail/infield_correction_compute__type_support.hpp
-- Up-to-date: /home/hoapham/ros2_ws/install/zivid_interfaces/include/zivid_interfaces/zivid_interfaces/srv/detail/hand_eye_calibration_calibrate__type_support.hpp
-- Up-to-date: /home/hoapham/ros2_ws/install/zivid_interfaces/include/zivid_interfaces/zivid_interfaces/srv/detail/infield_correction_read__type_support.hpp
-- Up-to-date: /home/hoapham/ros2_ws/install/zivid_interfaces/include/zivid_interfaces/zivid_interfaces/srv/detail/infield_correction_compute__struct.hpp
-- Up-to-date: /home/hoapham/ros2_ws/install/zivid_interfaces/include/zivid_interfaces/zivid_interfaces/srv/detail/hand_eye_calibration_capture__type_support.hpp
-- Up-to-date: /home/hoapham/ros2_ws/install/zivid_interfaces/include/zivid_interfaces/zivid_interfaces/srv/detail/infield_correction_capture__traits.hpp
-- Up-to-date: /home/hoapham/ros2_ws/install/zivid_interfaces/include/zivid_interfaces/zivid_interfaces/srv/detail/hand_eye_calibration_load__builder.hpp
-- Up-to-date: /home/hoapham/ros2_ws/install/zivid_interfaces/include/zivid_interfaces/zivid_interfaces/srv/detail/camera_info_serial_number__struct.hpp
-- Up-to-date: /home/hoapham/ros2_ws/install/zivid_interfaces/include/zivid_interfaces/zivid_interfaces/srv/detail/capture_assistant_suggest_settings__struct.hpp
-- Up-to-date: /home/hoapham/ros2_ws/install/zivid_interfaces/include/zivid_interfaces/zivid_interfaces/srv/detail/hand_eye_calibration_start__traits.hpp
-- Up-to-date: /home/hoapham/ros2_ws/install/zivid_interfaces/include/zivid_interfaces/zivid_interfaces/srv/detail/capture_assistant_suggest_settings__builder.hpp
-- Up-to-date: /home/hoapham/ros2_ws/install/zivid_interfaces/include/zivid_interfaces/zivid_interfaces/srv/detail/camera_info_model_name__struct.hpp
-- Up-to-date: /home/hoapham/ros2_ws/install/zivid_interfaces/include/zivid_interfaces/zivid_interfaces/srv/detail/hand_eye_calibration_load__traits.hpp
-- Up-to-date: /home/hoapham/ros2_ws/install/zivid_interfaces/include/zivid_interfaces/zivid_interfaces/srv/detail/capture_and_save__struct.hpp
-- Up-to-date: /home/hoapham/ros2_ws/install/zivid_interfaces/include/zivid_interfaces/zivid_interfaces/srv/detail/infield_correction_capture__builder.hpp
-- Up-to-date: /home/hoapham/ros2_ws/install/zivid_interfaces/include/zivid_interfaces/zivid_interfaces/srv/detail/camera_info_model_name__type_support.hpp
-- Up-to-date: /home/hoapham/ros2_ws/install/zivid_interfaces/include/zivid_interfaces/zivid_interfaces/srv/detail/hand_eye_calibration_calibrate__builder.hpp
-- Up-to-date: /home/hoapham/ros2_ws/install/zivid_interfaces/include/zivid_interfaces/zivid_interfaces/srv/detail/infield_correction_compute__traits.hpp
-- Up-to-date: /home/hoapham/ros2_ws/install/zivid_interfaces/include/zivid_interfaces/zivid_interfaces/srv/detail/hand_eye_calibration_start__type_support.hpp
-- Up-to-date: /home/hoapham/ros2_ws/install/zivid_interfaces/include/zivid_interfaces/zivid_interfaces/srv/detail/hand_eye_calibration_start__struct.hpp
-- Up-to-date: /home/hoapham/ros2_ws/install/zivid_interfaces/include/zivid_interfaces/zivid_interfaces/srv/detail/infield_correction_read__builder.hpp
-- Up-to-date: /home/hoapham/ros2_ws/install/zivid_interfaces/include/zivid_interfaces/zivid_interfaces/srv/detail/capture_and_save__builder.hpp
-- Up-to-date: /home/hoapham/ros2_ws/install/zivid_interfaces/include/zivid_interfaces/zivid_interfaces/srv/detail/capture_and_save__traits.hpp
-- Up-to-date: /home/hoapham/ros2_ws/install/zivid_interfaces/include/zivid_interfaces/zivid_interfaces/srv/detail/is_connected__traits.hpp
-- Up-to-date: /home/hoapham/ros2_ws/install/zivid_interfaces/include/zivid_interfaces/zivid_interfaces/srv/detail/camera_info_serial_number__traits.hpp
-- Up-to-date: /home/hoapham/ros2_ws/install/zivid_interfaces/include/zivid_interfaces/zivid_interfaces/srv/detail/camera_info_serial_number__builder.hpp
-- Up-to-date: /home/hoapham/ros2_ws/install/zivid_interfaces/include/zivid_interfaces/zivid_interfaces/srv/detail/infield_correction_capture__type_support.hpp
-- Up-to-date: /home/hoapham/ros2_ws/install/zivid_interfaces/include/zivid_interfaces/zivid_interfaces/srv/detail/infield_correction_read__struct.hpp
-- Up-to-date: /home/hoapham/ros2_ws/install/zivid_interfaces/include/zivid_interfaces/zivid_interfaces/srv/detail/hand_eye_calibration_capture__builder.hpp
-- Up-to-date: /home/hoapham/ros2_ws/install/zivid_interfaces/include/zivid_interfaces/zivid_interfaces/srv/detail/hand_eye_calibration_load__struct.hpp
-- Up-to-date: /home/hoapham/ros2_ws/install/zivid_interfaces/include/zivid_interfaces/zivid_interfaces/srv/detail/is_connected__type_support.hpp
-- Up-to-date: /home/hoapham/ros2_ws/install/zivid_interfaces/include/zivid_interfaces/zivid_interfaces/srv/detail/capture_and_save__type_support.hpp
-- Up-to-date: /home/hoapham/ros2_ws/install/zivid_interfaces/include/zivid_interfaces/zivid_interfaces/srv/detail/infield_correction_read__traits.hpp
-- Up-to-date: /home/hoapham/ros2_ws/install/zivid_interfaces/include/zivid_interfaces/zivid_interfaces/srv/detail/camera_info_model_name__traits.hpp
-- Up-to-date: /home/hoapham/ros2_ws/install/zivid_interfaces/include/zivid_interfaces/zivid_interfaces/srv/detail/is_connected__builder.hpp
-- Up-to-date: /home/hoapham/ros2_ws/install/zivid_interfaces/include/zivid_interfaces/zivid_interfaces/srv/detail/camera_info_model_name__builder.hpp
-- Up-to-date: /home/hoapham/ros2_ws/install/zivid_interfaces/include/zivid_interfaces/zivid_interfaces/srv/detail/capture_and_detect_markers__type_support.hpp
-- Up-to-date: /home/hoapham/ros2_ws/install/zivid_interfaces/include/zivid_interfaces/zivid_interfaces/srv/detail/hand_eye_calibration_calibrate__struct.hpp
-- Up-to-date: /home/hoapham/ros2_ws/install/zivid_interfaces/include/zivid_interfaces/zivid_interfaces/srv/detail/camera_info_serial_number__type_support.hpp
-- Up-to-date: /home/hoapham/ros2_ws/install/zivid_interfaces/include/zivid_interfaces/zivid_interfaces/srv/detail/infield_correction_compute__builder.hpp
-- Up-to-date: /home/hoapham/ros2_ws/install/zivid_interfaces/include/zivid_interfaces/zivid_interfaces/srv/detail/hand_eye_calibration_load__type_support.hpp
-- Up-to-date: /home/hoapham/ros2_ws/install/zivid_interfaces/include/zivid_interfaces/zivid_interfaces/srv/detail/hand_eye_calibration_capture__struct.hpp
-- Up-to-date: /home/hoapham/ros2_ws/install/zivid_interfaces/include/zivid_interfaces/zivid_interfaces/srv/detail/capture_and_detect_calibration_board__traits.hpp
-- Up-to-date: /home/hoapham/ros2_ws/install/zivid_interfaces/include/zivid_interfaces/zivid_interfaces/srv/detail/capture_assistant_suggest_settings__type_support.hpp
-- Up-to-date: /home/hoapham/ros2_ws/install/zivid_interfaces/include/zivid_interfaces/zivid_interfaces/srv/detail/hand_eye_calibration_capture__traits.hpp
-- Up-to-date: /home/hoapham/ros2_ws/install/zivid_interfaces/include/zivid_interfaces/zivid_interfaces/srv/detail/capture_assistant_suggest_settings__traits.hpp
-- Up-to-date: /home/hoapham/ros2_ws/install/zivid_interfaces/include/zivid_interfaces/zivid_interfaces/srv/detail/capture_and_detect_calibration_board__builder.hpp
-- Up-to-date: /home/hoapham/ros2_ws/install/zivid_interfaces/include/zivid_interfaces/zivid_interfaces/srv/detail/capture_and_detect_markers__traits.hpp
-- Up-to-date: /home/hoapham/ros2_ws/install/zivid_interfaces/include/zivid_interfaces/zivid_interfaces/srv/detail/hand_eye_calibration_calibrate__traits.hpp
-- Up-to-date: /home/hoapham/ros2_ws/install/zivid_interfaces/include/zivid_interfaces/zivid_interfaces/srv/detail/infield_correction_capture__struct.hpp
-- Up-to-date: /home/hoapham/ros2_ws/install/zivid_interfaces/include/zivid_interfaces/zivid_interfaces/srv/detail/capture_and_detect_calibration_board__struct.hpp
-- Up-to-date: /home/hoapham/ros2_ws/install/zivid_interfaces/include/zivid_interfaces/zivid_interfaces/srv/detail/capture_and_detect_markers__builder.hpp
-- Up-to-date: /home/hoapham/ros2_ws/install/zivid_interfaces/include/zivid_interfaces/zivid_interfaces/srv/detail/capture_and_detect_markers__struct.hpp
-- Up-to-date: /home/hoapham/ros2_ws/install/zivid_interfaces/include/zivid_interfaces/zivid_interfaces/srv/detail/hand_eye_calibration_start__builder.hpp
-- Up-to-date: /home/hoapham/ros2_ws/install/zivid_interfaces/include/zivid_interfaces/zivid_interfaces/srv/detail/is_connected__struct.hpp
-- Up-to-date: /home/hoapham/ros2_ws/install/zivid_interfaces/include/zivid_interfaces/zivid_interfaces/srv/hand_eye_calibration_load.hpp
-- Up-to-date: /home/hoapham/ros2_ws/install/zivid_interfaces/include/zivid_interfaces/zivid_interfaces/srv/capture_and_detect_calibration_board.hpp
-- Up-to-date: /home/hoapham/ros2_ws/install/zivid_interfaces/include/zivid_interfaces/zivid_interfaces/srv/hand_eye_calibration_calibrate.hpp
-- Up-to-date: /home/hoapham/ros2_ws/install/zivid_interfaces/include/zivid_interfaces/zivid_interfaces/srv/capture_assistant_suggest_settings.hpp
-- Up-to-date: /home/hoapham/ros2_ws/install/zivid_interfaces/include/zivid_interfaces/zivid_interfaces/srv/hand_eye_calibration_start.hpp
-- Up-to-date: /home/hoapham/ros2_ws/install/zivid_interfaces/include/zivid_interfaces/zivid_interfaces/srv/infield_correction_compute.hpp
-- Up-to-date: /home/hoapham/ros2_ws/install/zivid_interfaces/include/zivid_interfaces/zivid_interfaces/srv/camera_info_model_name.hpp
-- Up-to-date: /home/hoapham/ros2_ws/install/zivid_interfaces/include/zivid_interfaces/zivid_interfaces/srv/is_connected.hpp
-- Up-to-date: /home/hoapham/ros2_ws/install/zivid_interfaces/include/zivid_interfaces/zivid_interfaces/srv/capture_and_save.hpp
-- Up-to-date: /home/hoapham/ros2_ws/install/zivid_interfaces/include/zivid_interfaces/zivid_interfaces/srv/infield_correction_read.hpp
-- Up-to-date: /home/hoapham/ros2_ws/install/zivid_interfaces/include/zivid_interfaces/zivid_interfaces/srv/infield_correction_capture.hpp
-- Up-to-date: /home/hoapham/ros2_ws/install/zivid_interfaces/include/zivid_interfaces/zivid_interfaces/srv/hand_eye_calibration_capture.hpp
-- Up-to-date: /home/hoapham/ros2_ws/install/zivid_interfaces/include/zivid_interfaces/zivid_interfaces/srv/camera_info_serial_number.hpp
-- Up-to-date: /home/hoapham/ros2_ws/install/zivid_interfaces/include/zivid_interfaces/zivid_interfaces
-- Up-to-date: /home/hoapham/ros2_ws/install/zivid_interfaces/include/zivid_interfaces/zivid_interfaces/msg
-- Up-to-date: /home/hoapham/ros2_ws/install/zivid_interfaces/include/zivid_interfaces/zivid_interfaces/msg/detail
-- Up-to-date: /home/hoapham/ros2_ws/install/zivid_interfaces/include/zivid_interfaces/zivid_interfaces/msg/detail/marker_shape__rosidl_typesupport_fastrtps_cpp.hpp
-- Up-to-date: /home/hoapham/ros2_ws/install/zivid_interfaces/include/zivid_interfaces/zivid_interfaces/msg/detail/detection_result_fiducial_markers__rosidl_typesupport_fastrtps_cpp.hpp
-- Up-to-date: /home/hoapham/ros2_ws/install/zivid_interfaces/include/zivid_interfaces/zivid_interfaces/msg/detail/fixed_placement_of_fiducial_marker__rosidl_typesupport_fastrtps_cpp.hpp
-- Up-to-date: /home/hoapham/ros2_ws/install/zivid_interfaces/include/zivid_interfaces/zivid_interfaces/msg/detail/fixed_placement_of_calibration_board__rosidl_typesupport_fastrtps_cpp.hpp
-- Up-to-date: /home/hoapham/ros2_ws/install/zivid_interfaces/include/zivid_interfaces/zivid_interfaces/msg/detail/detection_result_calibration_board__rosidl_typesupport_fastrtps_cpp.hpp
-- Up-to-date: /home/hoapham/ros2_ws/install/zivid_interfaces/include/zivid_interfaces/zivid_interfaces/msg/detail/dds_fastrtps
-- Up-to-date: /home/hoapham/ros2_ws/install/zivid_interfaces/include/zivid_interfaces/zivid_interfaces/msg/detail/fixed_placement_of_calibration_objects__rosidl_typesupport_fastrtps_cpp.hpp
-- Up-to-date: /home/hoapham/ros2_ws/install/zivid_interfaces/include/zivid_interfaces/zivid_interfaces/msg/detail/hand_eye_calibration_objects__rosidl_typesupport_fastrtps_cpp.hpp
-- Up-to-date: /home/hoapham/ros2_ws/install/zivid_interfaces/include/zivid_interfaces/zivid_interfaces/msg/detail/hand_eye_calibration_residual__rosidl_typesupport_fastrtps_cpp.hpp
-- Up-to-date: /home/hoapham/ros2_ws/install/zivid_interfaces/include/zivid_interfaces/zivid_interfaces/msg/rosidl_typesupport_fastrtps_cpp__visibility_control.h
-- Up-to-date: /home/hoapham/ros2_ws/install/zivid_interfaces/include/zivid_interfaces/zivid_interfaces/srv
-- Up-to-date: /home/hoapham/ros2_ws/install/zivid_interfaces/include/zivid_interfaces/zivid_interfaces/srv/detail
-- Up-to-date: /home/hoapham/ros2_ws/install/zivid_interfaces/include/zivid_interfaces/zivid_interfaces/srv/detail/hand_eye_calibration_start__rosidl_typesupport_fastrtps_cpp.hpp
-- Up-to-date: /home/hoapham/ros2_ws/install/zivid_interfaces/include/zivid_interfaces/zivid_interfaces/srv/detail/capture_and_detect_calibration_board__rosidl_typesupport_fastrtps_cpp.hpp
-- Up-to-date: /home/hoapham/ros2_ws/install/zivid_interfaces/include/zivid_interfaces/zivid_interfaces/srv/detail/infield_correction_compute__rosidl_typesupport_fastrtps_cpp.hpp
-- Up-to-date: /home/hoapham/ros2_ws/install/zivid_interfaces/include/zivid_interfaces/zivid_interfaces/srv/detail/capture_and_detect_markers__rosidl_typesupport_fastrtps_cpp.hpp
-- Up-to-date: /home/hoapham/ros2_ws/install/zivid_interfaces/include/zivid_interfaces/zivid_interfaces/srv/detail/capture_and_save__rosidl_typesupport_fastrtps_cpp.hpp
-- Up-to-date: /home/hoapham/ros2_ws/install/zivid_interfaces/include/zivid_interfaces/zivid_interfaces/srv/detail/hand_eye_calibration_capture__rosidl_typesupport_fastrtps_cpp.hpp
-- Up-to-date: /home/hoapham/ros2_ws/install/zivid_interfaces/include/zivid_interfaces/zivid_interfaces/srv/detail/hand_eye_calibration_load__rosidl_typesupport_fastrtps_cpp.hpp
-- Up-to-date: /home/hoapham/ros2_ws/install/zivid_interfaces/include/zivid_interfaces/zivid_interfaces/srv/detail/dds_fastrtps
-- Up-to-date: /home/hoapham/ros2_ws/install/zivid_interfaces/include/zivid_interfaces/zivid_interfaces/srv/detail/infield_correction_read__rosidl_typesupport_fastrtps_cpp.hpp
-- Up-to-date: /home/hoapham/ros2_ws/install/zivid_interfaces/include/zivid_interfaces/zivid_interfaces/srv/detail/camera_info_model_name__rosidl_typesupport_fastrtps_cpp.hpp
-- Up-to-date: /home/hoapham/ros2_ws/install/zivid_interfaces/include/zivid_interfaces/zivid_interfaces/srv/detail/is_connected__rosidl_typesupport_fastrtps_cpp.hpp
-- Up-to-date: /home/hoapham/ros2_ws/install/zivid_interfaces/include/zivid_interfaces/zivid_interfaces/srv/detail/infield_correction_capture__rosidl_typesupport_fastrtps_cpp.hpp
-- Up-to-date: /home/hoapham/ros2_ws/install/zivid_interfaces/include/zivid_interfaces/zivid_interfaces/srv/detail/hand_eye_calibration_calibrate__rosidl_typesupport_fastrtps_cpp.hpp
-- Up-to-date: /home/hoapham/ros2_ws/install/zivid_interfaces/include/zivid_interfaces/zivid_interfaces/srv/detail/camera_info_serial_number__rosidl_typesupport_fastrtps_cpp.hpp
-- Up-to-date: /home/hoapham/ros2_ws/install/zivid_interfaces/include/zivid_interfaces/zivid_interfaces/srv/detail/capture_assistant_suggest_settings__rosidl_typesupport_fastrtps_cpp.hpp
-- Up-to-date: /home/hoapham/ros2_ws/install/zivid_interfaces/lib/libzivid_interfaces__rosidl_typesupport_fastrtps_cpp.so
-- Up-to-date: /home/hoapham/ros2_ws/install/zivid_interfaces/include/zivid_interfaces/zivid_interfaces
-- Up-to-date: /home/hoapham/ros2_ws/install/zivid_interfaces/include/zivid_interfaces/zivid_interfaces/msg
-- Up-to-date: /home/hoapham/ros2_ws/install/zivid_interfaces/include/zivid_interfaces/zivid_interfaces/msg/detail
-- Up-to-date: /home/hoapham/ros2_ws/install/zivid_interfaces/include/zivid_interfaces/zivid_interfaces/msg/detail/marker_shape__rosidl_typesupport_introspection_c.h
-- Up-to-date: /home/hoapham/ros2_ws/install/zivid_interfaces/include/zivid_interfaces/zivid_interfaces/msg/detail/fixed_placement_of_fiducial_marker__rosidl_typesupport_introspection_c.h
-- Up-to-date: /home/hoapham/ros2_ws/install/zivid_interfaces/include/zivid_interfaces/zivid_interfaces/msg/detail/fixed_placement_of_calibration_board__type_support.c
-- Up-to-date: /home/hoapham/ros2_ws/install/zivid_interfaces/include/zivid_interfaces/zivid_interfaces/msg/detail/hand_eye_calibration_residual__type_support.c
-- Up-to-date: /home/hoapham/ros2_ws/install/zivid_interfaces/include/zivid_interfaces/zivid_interfaces/msg/detail/fixed_placement_of_calibration_objects__rosidl_typesupport_introspection_c.h
-- Up-to-date: /home/hoapham/ros2_ws/install/zivid_interfaces/include/zivid_interfaces/zivid_interfaces/msg/detail/fixed_placement_of_calibration_board__rosidl_typesupport_introspection_c.h
-- Up-to-date: /home/hoapham/ros2_ws/install/zivid_interfaces/include/zivid_interfaces/zivid_interfaces/msg/detail/detection_result_fiducial_markers__rosidl_typesupport_introspection_c.h
-- Up-to-date: /home/hoapham/ros2_ws/install/zivid_interfaces/include/zivid_interfaces/zivid_interfaces/msg/detail/detection_result_fiducial_markers__type_support.c
-- Up-to-date: /home/hoapham/ros2_ws/install/zivid_interfaces/include/zivid_interfaces/zivid_interfaces/msg/detail/hand_eye_calibration_objects__type_support.c
-- Up-to-date: /home/hoapham/ros2_ws/install/zivid_interfaces/include/zivid_interfaces/zivid_interfaces/msg/detail/fixed_placement_of_fiducial_marker__type_support.c
-- Up-to-date: /home/hoapham/ros2_ws/install/zivid_interfaces/include/zivid_interfaces/zivid_interfaces/msg/detail/marker_shape__type_support.c
-- Up-to-date: /home/hoapham/ros2_ws/install/zivid_interfaces/include/zivid_interfaces/zivid_interfaces/msg/detail/detection_result_calibration_board__type_support.c
-- Up-to-date: /home/hoapham/ros2_ws/install/zivid_interfaces/include/zivid_interfaces/zivid_interfaces/msg/detail/hand_eye_calibration_residual__rosidl_typesupport_introspection_c.h
-- Up-to-date: /home/hoapham/ros2_ws/install/zivid_interfaces/include/zivid_interfaces/zivid_interfaces/msg/detail/fixed_placement_of_calibration_objects__type_support.c
-- Up-to-date: /home/hoapham/ros2_ws/install/zivid_interfaces/include/zivid_interfaces/zivid_interfaces/msg/detail/detection_result_calibration_board__rosidl_typesupport_introspection_c.h
-- Up-to-date: /home/hoapham/ros2_ws/install/zivid_interfaces/include/zivid_interfaces/zivid_interfaces/msg/detail/hand_eye_calibration_objects__rosidl_typesupport_introspection_c.h
-- Up-to-date: /home/hoapham/ros2_ws/install/zivid_interfaces/include/zivid_interfaces/zivid_interfaces/msg/rosidl_typesupport_introspection_c__visibility_control.h
-- Up-to-date: /home/hoapham/ros2_ws/install/zivid_interfaces/include/zivid_interfaces/zivid_interfaces/srv
-- Up-to-date: /home/hoapham/ros2_ws/install/zivid_interfaces/include/zivid_interfaces/zivid_interfaces/srv/detail
-- Up-to-date: /home/hoapham/ros2_ws/install/zivid_interfaces/include/zivid_interfaces/zivid_interfaces/srv/detail/camera_info_serial_number__type_support.c
-- Up-to-date: /home/hoapham/ros2_ws/install/zivid_interfaces/include/zivid_interfaces/zivid_interfaces/srv/detail/capture_and_save__type_support.c
-- Up-to-date: /home/hoapham/ros2_ws/install/zivid_interfaces/include/zivid_interfaces/zivid_interfaces/srv/detail/capture_assistant_suggest_settings__type_support.c
-- Up-to-date: /home/hoapham/ros2_ws/install/zivid_interfaces/include/zivid_interfaces/zivid_interfaces/srv/detail/capture_and_detect_markers__type_support.c
-- Up-to-date: /home/hoapham/ros2_ws/install/zivid_interfaces/include/zivid_interfaces/zivid_interfaces/srv/detail/infield_correction_read__rosidl_typesupport_introspection_c.h
-- Up-to-date: /home/hoapham/ros2_ws/install/zivid_interfaces/include/zivid_interfaces/zivid_interfaces/srv/detail/capture_assistant_suggest_settings__rosidl_typesupport_introspection_c.h
-- Up-to-date: /home/hoapham/ros2_ws/install/zivid_interfaces/include/zivid_interfaces/zivid_interfaces/srv/detail/camera_info_serial_number__rosidl_typesupport_introspection_c.h
-- Up-to-date: /home/hoapham/ros2_ws/install/zivid_interfaces/include/zivid_interfaces/zivid_interfaces/srv/detail/camera_info_model_name__type_support.c
-- Up-to-date: /home/hoapham/ros2_ws/install/zivid_interfaces/include/zivid_interfaces/zivid_interfaces/srv/detail/infield_correction_read__type_support.c
-- Up-to-date: /home/hoapham/ros2_ws/install/zivid_interfaces/include/zivid_interfaces/zivid_interfaces/srv/detail/infield_correction_compute__rosidl_typesupport_introspection_c.h
-- Up-to-date: /home/hoapham/ros2_ws/install/zivid_interfaces/include/zivid_interfaces/zivid_interfaces/srv/detail/infield_correction_capture__rosidl_typesupport_introspection_c.h
-- Up-to-date: /home/hoapham/ros2_ws/install/zivid_interfaces/include/zivid_interfaces/zivid_interfaces/srv/detail/is_connected__type_support.c
-- Up-to-date: /home/hoapham/ros2_ws/install/zivid_interfaces/include/zivid_interfaces/zivid_interfaces/srv/detail/hand_eye_calibration_load__rosidl_typesupport_introspection_c.h
-- Up-to-date: /home/hoapham/ros2_ws/install/zivid_interfaces/include/zivid_interfaces/zivid_interfaces/srv/detail/capture_and_detect_markers__rosidl_typesupport_introspection_c.h
-- Up-to-date: /home/hoapham/ros2_ws/install/zivid_interfaces/include/zivid_interfaces/zivid_interfaces/srv/detail/hand_eye_calibration_start__type_support.c
-- Up-to-date: /home/hoapham/ros2_ws/install/zivid_interfaces/include/zivid_interfaces/zivid_interfaces/srv/detail/camera_info_model_name__rosidl_typesupport_introspection_c.h
-- Up-to-date: /home/hoapham/ros2_ws/install/zivid_interfaces/include/zivid_interfaces/zivid_interfaces/srv/detail/infield_correction_compute__type_support.c
-- Up-to-date: /home/hoapham/ros2_ws/install/zivid_interfaces/include/zivid_interfaces/zivid_interfaces/srv/detail/hand_eye_calibration_capture__type_support.c
-- Up-to-date: /home/hoapham/ros2_ws/install/zivid_interfaces/include/zivid_interfaces/zivid_interfaces/srv/detail/infield_correction_capture__type_support.c
-- Up-to-date: /home/hoapham/ros2_ws/install/zivid_interfaces/include/zivid_interfaces/zivid_interfaces/srv/detail/hand_eye_calibration_load__type_support.c
-- Up-to-date: /home/hoapham/ros2_ws/install/zivid_interfaces/include/zivid_interfaces/zivid_interfaces/srv/detail/hand_eye_calibration_calibrate__rosidl_typesupport_introspection_c.h
-- Up-to-date: /home/hoapham/ros2_ws/install/zivid_interfaces/include/zivid_interfaces/zivid_interfaces/srv/detail/capture_and_detect_calibration_board__rosidl_typesupport_introspection_c.h
-- Up-to-date: /home/hoapham/ros2_ws/install/zivid_interfaces/include/zivid_interfaces/zivid_interfaces/srv/detail/capture_and_save__rosidl_typesupport_introspection_c.h
-- Up-to-date: /home/hoapham/ros2_ws/install/zivid_interfaces/include/zivid_interfaces/zivid_interfaces/srv/detail/hand_eye_calibration_start__rosidl_typesupport_introspection_c.h
-- Up-to-date: /home/hoapham/ros2_ws/install/zivid_interfaces/include/zivid_interfaces/zivid_interfaces/srv/detail/capture_and_detect_calibration_board__type_support.c
-- Up-to-date: /home/hoapham/ros2_ws/install/zivid_interfaces/include/zivid_interfaces/zivid_interfaces/srv/detail/hand_eye_calibration_capture__rosidl_typesupport_introspection_c.h
-- Up-to-date: /home/hoapham/ros2_ws/install/zivid_interfaces/include/zivid_interfaces/zivid_interfaces/srv/detail/hand_eye_calibration_calibrate__type_support.c
-- Up-to-date: /home/hoapham/ros2_ws/install/zivid_interfaces/include/zivid_interfaces/zivid_interfaces/srv/detail/is_connected__rosidl_typesupport_introspection_c.h
-- Up-to-date: /home/hoapham/ros2_ws/install/zivid_interfaces/lib/libzivid_interfaces__rosidl_typesupport_introspection_c.so
-- Up-to-date: /home/hoapham/ros2_ws/install/zivid_interfaces/lib/libzivid_interfaces__rosidl_typesupport_c.so
-- Up-to-date: /home/hoapham/ros2_ws/install/zivid_interfaces/include/zivid_interfaces/zivid_interfaces
-- Up-to-date: /home/hoapham/ros2_ws/install/zivid_interfaces/include/zivid_interfaces/zivid_interfaces/msg
-- Up-to-date: /home/hoapham/ros2_ws/install/zivid_interfaces/include/zivid_interfaces/zivid_interfaces/msg/detail
-- Up-to-date: /home/hoapham/ros2_ws/install/zivid_interfaces/include/zivid_interfaces/zivid_interfaces/msg/detail/marker_shape__rosidl_typesupport_introspection_cpp.hpp
-- Up-to-date: /home/hoapham/ros2_ws/install/zivid_interfaces/include/zivid_interfaces/zivid_interfaces/msg/detail/detection_result_fiducial_markers__rosidl_typesupport_introspection_cpp.hpp
-- Up-to-date: /home/hoapham/ros2_ws/install/zivid_interfaces/include/zivid_interfaces/zivid_interfaces/msg/detail/marker_shape__type_support.cpp
-- Up-to-date: /home/hoapham/ros2_ws/install/zivid_interfaces/include/zivid_interfaces/zivid_interfaces/msg/detail/fixed_placement_of_calibration_board__rosidl_typesupport_introspection_cpp.hpp
-- Up-to-date: /home/hoapham/ros2_ws/install/zivid_interfaces/include/zivid_interfaces/zivid_interfaces/msg/detail/fixed_placement_of_fiducial_marker__type_support.cpp
-- Up-to-date: /home/hoapham/ros2_ws/install/zivid_interfaces/include/zivid_interfaces/zivid_interfaces/msg/detail/fixed_placement_of_calibration_objects__rosidl_typesupport_introspection_cpp.hpp
-- Up-to-date: /home/hoapham/ros2_ws/install/zivid_interfaces/include/zivid_interfaces/zivid_interfaces/msg/detail/hand_eye_calibration_residual__type_support.cpp
-- Up-to-date: /home/hoapham/ros2_ws/install/zivid_interfaces/include/zivid_interfaces/zivid_interfaces/msg/detail/fixed_placement_of_calibration_board__type_support.cpp
-- Up-to-date: /home/hoapham/ros2_ws/install/zivid_interfaces/include/zivid_interfaces/zivid_interfaces/msg/detail/detection_result_calibration_board__rosidl_typesupport_introspection_cpp.hpp
-- Up-to-date: /home/hoapham/ros2_ws/install/zivid_interfaces/include/zivid_interfaces/zivid_interfaces/msg/detail/hand_eye_calibration_objects__type_support.cpp
-- Up-to-date: /home/hoapham/ros2_ws/install/zivid_interfaces/include/zivid_interfaces/zivid_interfaces/msg/detail/fixed_placement_of_calibration_objects__type_support.cpp
-- Up-to-date: /home/hoapham/ros2_ws/install/zivid_interfaces/include/zivid_interfaces/zivid_interfaces/msg/detail/detection_result_calibration_board__type_support.cpp
-- Up-to-date: /home/hoapham/ros2_ws/install/zivid_interfaces/include/zivid_interfaces/zivid_interfaces/msg/detail/detection_result_fiducial_markers__type_support.cpp
-- Up-to-date: /home/hoapham/ros2_ws/install/zivid_interfaces/include/zivid_interfaces/zivid_interfaces/msg/detail/hand_eye_calibration_residual__rosidl_typesupport_introspection_cpp.hpp
-- Up-to-date: /home/hoapham/ros2_ws/install/zivid_interfaces/include/zivid_interfaces/zivid_interfaces/msg/detail/hand_eye_calibration_objects__rosidl_typesupport_introspection_cpp.hpp
-- Up-to-date: /home/hoapham/ros2_ws/install/zivid_interfaces/include/zivid_interfaces/zivid_interfaces/msg/detail/fixed_placement_of_fiducial_marker__rosidl_typesupport_introspection_cpp.hpp
-- Up-to-date: /home/hoapham/ros2_ws/install/zivid_interfaces/include/zivid_interfaces/zivid_interfaces/srv
-- Up-to-date: /home/hoapham/ros2_ws/install/zivid_interfaces/include/zivid_interfaces/zivid_interfaces/srv/detail
-- Up-to-date: /home/hoapham/ros2_ws/install/zivid_interfaces/include/zivid_interfaces/zivid_interfaces/srv/detail/is_connected__type_support.cpp
-- Up-to-date: /home/hoapham/ros2_ws/install/zivid_interfaces/include/zivid_interfaces/zivid_interfaces/srv/detail/hand_eye_calibration_start__type_support.cpp
-- Up-to-date: /home/hoapham/ros2_ws/install/zivid_interfaces/include/zivid_interfaces/zivid_interfaces/srv/detail/capture_assistant_suggest_settings__rosidl_typesupport_introspection_cpp.hpp
-- Up-to-date: /home/hoapham/ros2_ws/install/zivid_interfaces/include/zivid_interfaces/zivid_interfaces/srv/detail/camera_info_model_name__rosidl_typesupport_introspection_cpp.hpp
-- Up-to-date: /home/hoapham/ros2_ws/install/zivid_interfaces/include/zivid_interfaces/zivid_interfaces/srv/detail/capture_and_save__type_support.cpp
-- Up-to-date: /home/hoapham/ros2_ws/install/zivid_interfaces/include/zivid_interfaces/zivid_interfaces/srv/detail/hand_eye_calibration_capture__type_support.cpp
-- Up-to-date: /home/hoapham/ros2_ws/install/zivid_interfaces/include/zivid_interfaces/zivid_interfaces/srv/detail/capture_and_save__rosidl_typesupport_introspection_cpp.hpp
-- Up-to-date: /home/hoapham/ros2_ws/install/zivid_interfaces/include/zivid_interfaces/zivid_interfaces/srv/detail/capture_assistant_suggest_settings__type_support.cpp
-- Up-to-date: /home/hoapham/ros2_ws/install/zivid_interfaces/include/zivid_interfaces/zivid_interfaces/srv/detail/capture_and_detect_calibration_board__type_support.cpp
-- Up-to-date: /home/hoapham/ros2_ws/install/zivid_interfaces/include/zivid_interfaces/zivid_interfaces/srv/detail/infield_correction_capture__type_support.cpp
-- Up-to-date: /home/hoapham/ros2_ws/install/zivid_interfaces/include/zivid_interfaces/zivid_interfaces/srv/detail/infield_correction_capture__rosidl_typesupport_introspection_cpp.hpp
-- Up-to-date: /home/hoapham/ros2_ws/install/zivid_interfaces/include/zivid_interfaces/zivid_interfaces/srv/detail/infield_correction_read__type_support.cpp
-- Up-to-date: /home/hoapham/ros2_ws/install/zivid_interfaces/include/zivid_interfaces/zivid_interfaces/srv/detail/capture_and_detect_calibration_board__rosidl_typesupport_introspection_cpp.hpp
-- Up-to-date: /home/hoapham/ros2_ws/install/zivid_interfaces/include/zivid_interfaces/zivid_interfaces/srv/detail/capture_and_detect_markers__type_support.cpp
-- Up-to-date: /home/hoapham/ros2_ws/install/zivid_interfaces/include/zivid_interfaces/zivid_interfaces/srv/detail/camera_info_model_name__type_support.cpp
-- Up-to-date: /home/hoapham/ros2_ws/install/zivid_interfaces/include/zivid_interfaces/zivid_interfaces/srv/detail/infield_correction_compute__type_support.cpp
-- Up-to-date: /home/hoapham/ros2_ws/install/zivid_interfaces/include/zivid_interfaces/zivid_interfaces/srv/detail/hand_eye_calibration_load__type_support.cpp
-- Up-to-date: /home/hoapham/ros2_ws/install/zivid_interfaces/include/zivid_interfaces/zivid_interfaces/srv/detail/infield_correction_read__rosidl_typesupport_introspection_cpp.hpp
-- Up-to-date: /home/hoapham/ros2_ws/install/zivid_interfaces/include/zivid_interfaces/zivid_interfaces/srv/detail/is_connected__rosidl_typesupport_introspection_cpp.hpp
-- Up-to-date: /home/hoapham/ros2_ws/install/zivid_interfaces/include/zivid_interfaces/zivid_interfaces/srv/detail/capture_and_detect_markers__rosidl_typesupport_introspection_cpp.hpp
-- Up-to-date: /home/hoapham/ros2_ws/install/zivid_interfaces/include/zivid_interfaces/zivid_interfaces/srv/detail/hand_eye_calibration_calibrate__rosidl_typesupport_introspection_cpp.hpp
-- Up-to-date: /home/hoapham/ros2_ws/install/zivid_interfaces/include/zivid_interfaces/zivid_interfaces/srv/detail/hand_eye_calibration_start__rosidl_typesupport_introspection_cpp.hpp
-- Up-to-date: /home/hoapham/ros2_ws/install/zivid_interfaces/include/zivid_interfaces/zivid_interfaces/srv/detail/infield_correction_compute__rosidl_typesupport_introspection_cpp.hpp
-- Up-to-date: /home/hoapham/ros2_ws/install/zivid_interfaces/include/zivid_interfaces/zivid_interfaces/srv/detail/hand_eye_calibration_calibrate__type_support.cpp
-- Up-to-date: /home/hoapham/ros2_ws/install/zivid_interfaces/include/zivid_interfaces/zivid_interfaces/srv/detail/hand_eye_calibration_capture__rosidl_typesupport_introspection_cpp.hpp
-- Up-to-date: /home/hoapham/ros2_ws/install/zivid_interfaces/include/zivid_interfaces/zivid_interfaces/srv/detail/hand_eye_calibration_load__rosidl_typesupport_introspection_cpp.hpp
-- Up-to-date: /home/hoapham/ros2_ws/install/zivid_interfaces/include/zivid_interfaces/zivid_interfaces/srv/detail/camera_info_serial_number__rosidl_typesupport_introspection_cpp.hpp
-- Up-to-date: /home/hoapham/ros2_ws/install/zivid_interfaces/include/zivid_interfaces/zivid_interfaces/srv/detail/camera_info_serial_number__type_support.cpp
-- Up-to-date: /home/hoapham/ros2_ws/install/zivid_interfaces/lib/libzivid_interfaces__rosidl_typesupport_introspection_cpp.so
-- Up-to-date: /home/hoapham/ros2_ws/install/zivid_interfaces/lib/libzivid_interfaces__rosidl_typesupport_cpp.so
-- Up-to-date: /home/hoapham/ros2_ws/install/zivid_interfaces/share/zivid_interfaces/environment/pythonpath.sh
-- Up-to-date: /home/hoapham/ros2_ws/install/zivid_interfaces/share/zivid_interfaces/environment/pythonpath.dsv
-- Up-to-date: /home/hoapham/ros2_ws/install/zivid_interfaces/local/lib/python3.10/dist-packages/zivid_interfaces-3.1.0-py3.10.egg-info
-- Installing: /home/hoapham/ros2_ws/install/zivid_interfaces/local/lib/python3.10/dist-packages/zivid_interfaces-3.1.0-py3.10.egg-info/dependency_links.txt
-- Installing: /home/hoapham/ros2_ws/install/zivid_interfaces/local/lib/python3.10/dist-packages/zivid_interfaces-3.1.0-py3.10.egg-info/top_level.txt
-- Installing: /home/hoapham/ros2_ws/install/zivid_interfaces/local/lib/python3.10/dist-packages/zivid_interfaces-3.1.0-py3.10.egg-info/SOURCES.txt
-- Installing: /home/hoapham/ros2_ws/install/zivid_interfaces/local/lib/python3.10/dist-packages/zivid_interfaces-3.1.0-py3.10.egg-info/PKG-INFO
-- Up-to-date: /home/hoapham/ros2_ws/install/zivid_interfaces/local/lib/python3.10/dist-packages/zivid_interfaces
-- Up-to-date: /home/hoapham/ros2_ws/install/zivid_interfaces/local/lib/python3.10/dist-packages/zivid_interfaces/msg
-- Up-to-date: /home/hoapham/ros2_ws/install/zivid_interfaces/local/lib/python3.10/dist-packages/zivid_interfaces/msg/_fixed_placement_of_calibration_objects.py
-- Up-to-date: /home/hoapham/ros2_ws/install/zivid_interfaces/local/lib/python3.10/dist-packages/zivid_interfaces/msg/__init__.py
-- Up-to-date: /home/hoapham/ros2_ws/install/zivid_interfaces/local/lib/python3.10/dist-packages/zivid_interfaces/msg/_fixed_placement_of_fiducial_marker.py
-- Up-to-date: /home/hoapham/ros2_ws/install/zivid_interfaces/local/lib/python3.10/dist-packages/zivid_interfaces/msg/_fixed_placement_of_fiducial_marker_s.c
-- Up-to-date: /home/hoapham/ros2_ws/install/zivid_interfaces/local/lib/python3.10/dist-packages/zivid_interfaces/msg/_hand_eye_calibration_residual_s.c
-- Up-to-date: /home/hoapham/ros2_ws/install/zivid_interfaces/local/lib/python3.10/dist-packages/zivid_interfaces/msg/_detection_result_fiducial_markers_s.c
-- Up-to-date: /home/hoapham/ros2_ws/install/zivid_interfaces/local/lib/python3.10/dist-packages/zivid_interfaces/msg/_detection_result_calibration_board.py
-- Up-to-date: /home/hoapham/ros2_ws/install/zivid_interfaces/local/lib/python3.10/dist-packages/zivid_interfaces/msg/_hand_eye_calibration_residual.py
-- Up-to-date: /home/hoapham/ros2_ws/install/zivid_interfaces/local/lib/python3.10/dist-packages/zivid_interfaces/msg/_detection_result_calibration_board_s.c
-- Up-to-date: /home/hoapham/ros2_ws/install/zivid_interfaces/local/lib/python3.10/dist-packages/zivid_interfaces/msg/_fixed_placement_of_calibration_objects_s.c
-- Up-to-date: /home/hoapham/ros2_ws/install/zivid_interfaces/local/lib/python3.10/dist-packages/zivid_interfaces/msg/_hand_eye_calibration_objects_s.c
-- Up-to-date: /home/hoapham/ros2_ws/install/zivid_interfaces/local/lib/python3.10/dist-packages/zivid_interfaces/msg/_fixed_placement_of_calibration_board_s.c
-- Up-to-date: /home/hoapham/ros2_ws/install/zivid_interfaces/local/lib/python3.10/dist-packages/zivid_interfaces/msg/_hand_eye_calibration_objects.py
-- Up-to-date: /home/hoapham/ros2_ws/install/zivid_interfaces/local/lib/python3.10/dist-packages/zivid_interfaces/msg/_marker_shape.py
-- Up-to-date: /home/hoapham/ros2_ws/install/zivid_interfaces/local/lib/python3.10/dist-packages/zivid_interfaces/msg/_marker_shape_s.c
-- Up-to-date: /home/hoapham/ros2_ws/install/zivid_interfaces/local/lib/python3.10/dist-packages/zivid_interfaces/msg/_fixed_placement_of_calibration_board.py
-- Up-to-date: /home/hoapham/ros2_ws/install/zivid_interfaces/local/lib/python3.10/dist-packages/zivid_interfaces/msg/_detection_result_fiducial_markers.py
-- Up-to-date: /home/hoapham/ros2_ws/install/zivid_interfaces/local/lib/python3.10/dist-packages/zivid_interfaces/__init__.py
-- Up-to-date: /home/hoapham/ros2_ws/install/zivid_interfaces/local/lib/python3.10/dist-packages/zivid_interfaces/zivid_interfaces_s__rosidl_typesupport_c.cpython-310-x86_64-linux-gnu.so
-- Up-to-date: /home/hoapham/ros2_ws/install/zivid_interfaces/local/lib/python3.10/dist-packages/zivid_interfaces/srv
-- Up-to-date: /home/hoapham/ros2_ws/install/zivid_interfaces/local/lib/python3.10/dist-packages/zivid_interfaces/srv/_hand_eye_calibration_calibrate.py
-- Up-to-date: /home/hoapham/ros2_ws/install/zivid_interfaces/local/lib/python3.10/dist-packages/zivid_interfaces/srv/_capture_and_detect_markers.py
-- Up-to-date: /home/hoapham/ros2_ws/install/zivid_interfaces/local/lib/python3.10/dist-packages/zivid_interfaces/srv/_hand_eye_calibration_calibrate_s.c
-- Up-to-date: /home/hoapham/ros2_ws/install/zivid_interfaces/local/lib/python3.10/dist-packages/zivid_interfaces/srv/__init__.py
-- Up-to-date: /home/hoapham/ros2_ws/install/zivid_interfaces/local/lib/python3.10/dist-packages/zivid_interfaces/srv/_capture_and_save.py
-- Up-to-date: /home/hoapham/ros2_ws/install/zivid_interfaces/local/lib/python3.10/dist-packages/zivid_interfaces/srv/_infield_correction_read.py
-- Up-to-date: /home/hoapham/ros2_ws/install/zivid_interfaces/local/lib/python3.10/dist-packages/zivid_interfaces/srv/_capture_and_save_s.c
-- Up-to-date: /home/hoapham/ros2_ws/install/zivid_interfaces/local/lib/python3.10/dist-packages/zivid_interfaces/srv/_infield_correction_read_s.c
-- Up-to-date: /home/hoapham/ros2_ws/install/zivid_interfaces/local/lib/python3.10/dist-packages/zivid_interfaces/srv/_camera_info_model_name_s.c
-- Up-to-date: /home/hoapham/ros2_ws/install/zivid_interfaces/local/lib/python3.10/dist-packages/zivid_interfaces/srv/_camera_info_serial_number_s.c
-- Up-to-date: /home/hoapham/ros2_ws/install/zivid_interfaces/local/lib/python3.10/dist-packages/zivid_interfaces/srv/_hand_eye_calibration_start_s.c
-- Up-to-date: /home/hoapham/ros2_ws/install/zivid_interfaces/local/lib/python3.10/dist-packages/zivid_interfaces/srv/_hand_eye_calibration_capture.py
-- Up-to-date: /home/hoapham/ros2_ws/install/zivid_interfaces/local/lib/python3.10/dist-packages/zivid_interfaces/srv/_hand_eye_calibration_capture_s.c
-- Up-to-date: /home/hoapham/ros2_ws/install/zivid_interfaces/local/lib/python3.10/dist-packages/zivid_interfaces/srv/_camera_info_model_name.py
-- Up-to-date: /home/hoapham/ros2_ws/install/zivid_interfaces/local/lib/python3.10/dist-packages/zivid_interfaces/srv/_hand_eye_calibration_load_s.c
-- Up-to-date: /home/hoapham/ros2_ws/install/zivid_interfaces/local/lib/python3.10/dist-packages/zivid_interfaces/srv/_infield_correction_capture.py
-- Up-to-date: /home/hoapham/ros2_ws/install/zivid_interfaces/local/lib/python3.10/dist-packages/zivid_interfaces/srv/_capture_and_detect_calibration_board_s.c
-- Up-to-date: /home/hoapham/ros2_ws/install/zivid_interfaces/local/lib/python3.10/dist-packages/zivid_interfaces/srv/_capture_and_detect_calibration_board.py
-- Up-to-date: /home/hoapham/ros2_ws/install/zivid_interfaces/local/lib/python3.10/dist-packages/zivid_interfaces/srv/_is_connected_s.c
-- Up-to-date: /home/hoapham/ros2_ws/install/zivid_interfaces/local/lib/python3.10/dist-packages/zivid_interfaces/srv/_infield_correction_compute_s.c
-- Up-to-date: /home/hoapham/ros2_ws/install/zivid_interfaces/local/lib/python3.10/dist-packages/zivid_interfaces/srv/_camera_info_serial_number.py
-- Up-to-date: /home/hoapham/ros2_ws/install/zivid_interfaces/local/lib/python3.10/dist-packages/zivid_interfaces/srv/_infield_correction_compute.py
-- Up-to-date: /home/hoapham/ros2_ws/install/zivid_interfaces/local/lib/python3.10/dist-packages/zivid_interfaces/srv/_capture_assistant_suggest_settings_s.c
-- Up-to-date: /home/hoapham/ros2_ws/install/zivid_interfaces/local/lib/python3.10/dist-packages/zivid_interfaces/srv/_capture_and_detect_markers_s.c
-- Up-to-date: /home/hoapham/ros2_ws/install/zivid_interfaces/local/lib/python3.10/dist-packages/zivid_interfaces/srv/_infield_correction_capture_s.c
-- Up-to-date: /home/hoapham/ros2_ws/install/zivid_interfaces/local/lib/python3.10/dist-packages/zivid_interfaces/srv/_hand_eye_calibration_load.py
-- Up-to-date: /home/hoapham/ros2_ws/install/zivid_interfaces/local/lib/python3.10/dist-packages/zivid_interfaces/srv/_capture_assistant_suggest_settings.py
-- Up-to-date: /home/hoapham/ros2_ws/install/zivid_interfaces/local/lib/python3.10/dist-packages/zivid_interfaces/srv/_is_connected.py
-- Up-to-date: /home/hoapham/ros2_ws/install/zivid_interfaces/local/lib/python3.10/dist-packages/zivid_interfaces/srv/_hand_eye_calibration_start.py
-- Up-to-date: /home/hoapham/ros2_ws/install/zivid_interfaces/local/lib/python3.10/dist-packages/zivid_interfaces/zivid_interfaces_s__rosidl_typesupport_introspection_c.cpython-310-x86_64-linux-gnu.so
-- Up-to-date: /home/hoapham/ros2_ws/install/zivid_interfaces/local/lib/python3.10/dist-packages/zivid_interfaces/libzivid_interfaces__rosidl_generator_py.so
-- Up-to-date: /home/hoapham/ros2_ws/install/zivid_interfaces/local/lib/python3.10/dist-packages/zivid_interfaces/_zivid_interfaces_s.ep.rosidl_typesupport_c.c
-- Up-to-date: /home/hoapham/ros2_ws/install/zivid_interfaces/local/lib/python3.10/dist-packages/zivid_interfaces/_zivid_interfaces_s.ep.rosidl_typesupport_introspection_c.c
-- Up-to-date: /home/hoapham/ros2_ws/install/zivid_interfaces/local/lib/python3.10/dist-packages/zivid_interfaces/_zivid_interfaces_s.ep.rosidl_typesupport_fastrtps_c.c
-- Up-to-date: /home/hoapham/ros2_ws/install/zivid_interfaces/local/lib/python3.10/dist-packages/zivid_interfaces/zivid_interfaces_s__rosidl_typesupport_fastrtps_c.cpython-310-x86_64-linux-gnu.so
Listing '/home/hoapham/ros2_ws/install/zivid_interfaces/local/lib/python3.10/dist-packages/zivid_interfaces'...
Listing '/home/hoapham/ros2_ws/install/zivid_interfaces/local/lib/python3.10/dist-packages/zivid_interfaces/msg'...
Listing '/home/hoapham/ros2_ws/install/zivid_interfaces/local/lib/python3.10/dist-packages/zivid_interfaces/srv'...
-- Up-to-date: /home/hoapham/ros2_ws/install/zivid_interfaces/local/lib/python3.10/dist-packages/zivid_interfaces/zivid_interfaces_s__rosidl_typesupport_fastrtps_c.cpython-310-x86_64-linux-gnu.so
-- Up-to-date: /home/hoapham/ros2_ws/install/zivid_interfaces/local/lib/python3.10/dist-packages/zivid_interfaces/zivid_interfaces_s__rosidl_typesupport_introspection_c.cpython-310-x86_64-linux-gnu.so
-- Up-to-date: /home/hoapham/ros2_ws/install/zivid_interfaces/local/lib/python3.10/dist-packages/zivid_interfaces/zivid_interfaces_s__rosidl_typesupport_c.cpython-310-x86_64-linux-gnu.so
-- Up-to-date: /home/hoapham/ros2_ws/install/zivid_interfaces/lib/libzivid_interfaces__rosidl_generator_py.so
-- Up-to-date: /home/hoapham/ros2_ws/install/zivid_interfaces/share/zivid_interfaces/msg/DetectionResultCalibrationBoard.idl
-- Up-to-date: /home/hoapham/ros2_ws/install/zivid_interfaces/share/zivid_interfaces/msg/DetectionResultFiducialMarkers.idl
-- Up-to-date: /home/hoapham/ros2_ws/install/zivid_interfaces/share/zivid_interfaces/msg/FixedPlacementOfCalibrationBoard.idl
-- Up-to-date: /home/hoapham/ros2_ws/install/zivid_interfaces/share/zivid_interfaces/msg/FixedPlacementOfCalibrationObjects.idl
-- Up-to-date: /home/hoapham/ros2_ws/install/zivid_interfaces/share/zivid_interfaces/msg/FixedPlacementOfFiducialMarker.idl
-- Up-to-date: /home/hoapham/ros2_ws/install/zivid_interfaces/share/zivid_interfaces/msg/HandEyeCalibrationObjects.idl
-- Up-to-date: /home/hoapham/ros2_ws/install/zivid_interfaces/share/zivid_interfaces/msg/HandEyeCalibrationResidual.idl
-- Up-to-date: /home/hoapham/ros2_ws/install/zivid_interfaces/share/zivid_interfaces/msg/MarkerShape.idl
-- Up-to-date: /home/hoapham/ros2_ws/install/zivid_interfaces/share/zivid_interfaces/srv/CaptureAndDetectCalibrationBoard.idl
-- Up-to-date: /home/hoapham/ros2_ws/install/zivid_interfaces/share/zivid_interfaces/srv/CaptureAndDetectMarkers.idl
-- Up-to-date: /home/hoapham/ros2_ws/install/zivid_interfaces/share/zivid_interfaces/srv/CaptureAndSave.idl
-- Up-to-date: /home/hoapham/ros2_ws/install/zivid_interfaces/share/zivid_interfaces/srv/CaptureAssistantSuggestSettings.idl
-- Up-to-date: /home/hoapham/ros2_ws/install/zivid_interfaces/share/zivid_interfaces/srv/CameraInfoModelName.idl
-- Up-to-date: /home/hoapham/ros2_ws/install/zivid_interfaces/share/zivid_interfaces/srv/CameraInfoSerialNumber.idl
-- Up-to-date: /home/hoapham/ros2_ws/install/zivid_interfaces/share/zivid_interfaces/srv/HandEyeCalibrationCalibrate.idl
-- Up-to-date: /home/hoapham/ros2_ws/install/zivid_interfaces/share/zivid_interfaces/srv/HandEyeCalibrationCapture.idl
-- Up-to-date: /home/hoapham/ros2_ws/install/zivid_interfaces/share/zivid_interfaces/srv/HandEyeCalibrationLoad.idl
-- Up-to-date: /home/hoapham/ros2_ws/install/zivid_interfaces/share/zivid_interfaces/srv/HandEyeCalibrationStart.idl
-- Up-to-date: /home/hoapham/ros2_ws/install/zivid_interfaces/share/zivid_interfaces/srv/InfieldCorrectionCapture.idl
-- Up-to-date: /home/hoapham/ros2_ws/install/zivid_interfaces/share/zivid_interfaces/srv/InfieldCorrectionCompute.idl
-- Up-to-date: /home/hoapham/ros2_ws/install/zivid_interfaces/share/zivid_interfaces/srv/InfieldCorrectionRead.idl
-- Up-to-date: /home/hoapham/ros2_ws/install/zivid_interfaces/share/zivid_interfaces/srv/IsConnected.idl
-- Up-to-date: /home/hoapham/ros2_ws/install/zivid_interfaces/share/zivid_interfaces/msg/DetectionResultCalibrationBoard.msg
-- Up-to-date: /home/hoapham/ros2_ws/install/zivid_interfaces/share/zivid_interfaces/msg/DetectionResultFiducialMarkers.msg
-- Up-to-date: /home/hoapham/ros2_ws/install/zivid_interfaces/share/zivid_interfaces/msg/FixedPlacementOfCalibrationBoard.msg
-- Up-to-date: /home/hoapham/ros2_ws/install/zivid_interfaces/share/zivid_interfaces/msg/FixedPlacementOfCalibrationObjects.msg
-- Up-to-date: /home/hoapham/ros2_ws/install/zivid_interfaces/share/zivid_interfaces/msg/FixedPlacementOfFiducialMarker.msg
-- Up-to-date: /home/hoapham/ros2_ws/install/zivid_interfaces/share/zivid_interfaces/msg/HandEyeCalibrationObjects.msg
-- Up-to-date: /home/hoapham/ros2_ws/install/zivid_interfaces/share/zivid_interfaces/msg/HandEyeCalibrationResidual.msg
-- Up-to-date: /home/hoapham/ros2_ws/install/zivid_interfaces/share/zivid_interfaces/msg/MarkerShape.msg
-- Up-to-date: /home/hoapham/ros2_ws/install/zivid_interfaces/share/zivid_interfaces/srv/CaptureAndDetectCalibrationBoard.srv
-- Up-to-date: /home/hoapham/ros2_ws/install/zivid_interfaces/share/zivid_interfaces/srv/CaptureAndDetectCalibrationBoard_Request.msg
-- Up-to-date: /home/hoapham/ros2_ws/install/zivid_interfaces/share/zivid_interfaces/srv/CaptureAndDetectCalibrationBoard_Response.msg
-- Up-to-date: /home/hoapham/ros2_ws/install/zivid_interfaces/share/zivid_interfaces/srv/CaptureAndDetectMarkers.srv
-- Up-to-date: /home/hoapham/ros2_ws/install/zivid_interfaces/share/zivid_interfaces/srv/CaptureAndDetectMarkers_Request.msg
-- Up-to-date: /home/hoapham/ros2_ws/install/zivid_interfaces/share/zivid_interfaces/srv/CaptureAndDetectMarkers_Response.msg
-- Up-to-date: /home/hoapham/ros2_ws/install/zivid_interfaces/share/zivid_interfaces/srv/CaptureAndSave.srv
-- Up-to-date: /home/hoapham/ros2_ws/install/zivid_interfaces/share/zivid_interfaces/srv/CaptureAndSave_Request.msg
-- Up-to-date: /home/hoapham/ros2_ws/install/zivid_interfaces/share/zivid_interfaces/srv/CaptureAndSave_Response.msg
-- Up-to-date: /home/hoapham/ros2_ws/install/zivid_interfaces/share/zivid_interfaces/srv/CaptureAssistantSuggestSettings.srv
-- Up-to-date: /home/hoapham/ros2_ws/install/zivid_interfaces/share/zivid_interfaces/srv/CaptureAssistantSuggestSettings_Request.msg
-- Up-to-date: /home/hoapham/ros2_ws/install/zivid_interfaces/share/zivid_interfaces/srv/CaptureAssistantSuggestSettings_Response.msg
-- Up-to-date: /home/hoapham/ros2_ws/install/zivid_interfaces/share/zivid_interfaces/srv/CameraInfoModelName.srv
-- Up-to-date: /home/hoapham/ros2_ws/install/zivid_interfaces/share/zivid_interfaces/srv/CameraInfoModelName_Request.msg
-- Up-to-date: /home/hoapham/ros2_ws/install/zivid_interfaces/share/zivid_interfaces/srv/CameraInfoModelName_Response.msg
-- Up-to-date: /home/hoapham/ros2_ws/install/zivid_interfaces/share/zivid_interfaces/srv/CameraInfoSerialNumber.srv
-- Up-to-date: /home/hoapham/ros2_ws/install/zivid_interfaces/share/zivid_interfaces/srv/CameraInfoSerialNumber_Request.msg
-- Up-to-date: /home/hoapham/ros2_ws/install/zivid_interfaces/share/zivid_interfaces/srv/CameraInfoSerialNumber_Response.msg
-- Up-to-date: /home/hoapham/ros2_ws/install/zivid_interfaces/share/zivid_interfaces/srv/HandEyeCalibrationCalibrate.srv
-- Up-to-date: /home/hoapham/ros2_ws/install/zivid_interfaces/share/zivid_interfaces/srv/HandEyeCalibrationCalibrate_Request.msg
-- Up-to-date: /home/hoapham/ros2_ws/install/zivid_interfaces/share/zivid_interfaces/srv/HandEyeCalibrationCalibrate_Response.msg
-- Up-to-date: /home/hoapham/ros2_ws/install/zivid_interfaces/share/zivid_interfaces/srv/HandEyeCalibrationCapture.srv
-- Up-to-date: /home/hoapham/ros2_ws/install/zivid_interfaces/share/zivid_interfaces/srv/HandEyeCalibrationCapture_Request.msg
-- Up-to-date: /home/hoapham/ros2_ws/install/zivid_interfaces/share/zivid_interfaces/srv/HandEyeCalibrationCapture_Response.msg
-- Up-to-date: /home/hoapham/ros2_ws/install/zivid_interfaces/share/zivid_interfaces/srv/HandEyeCalibrationLoad.srv
-- Up-to-date: /home/hoapham/ros2_ws/install/zivid_interfaces/share/zivid_interfaces/srv/HandEyeCalibrationLoad_Request.msg
-- Up-to-date: /home/hoapham/ros2_ws/install/zivid_interfaces/share/zivid_interfaces/srv/HandEyeCalibrationLoad_Response.msg
-- Up-to-date: /home/hoapham/ros2_ws/install/zivid_interfaces/share/zivid_interfaces/srv/HandEyeCalibrationStart.srv
-- Up-to-date: /home/hoapham/ros2_ws/install/zivid_interfaces/share/zivid_interfaces/srv/HandEyeCalibrationStart_Request.msg
-- Up-to-date: /home/hoapham/ros2_ws/install/zivid_interfaces/share/zivid_interfaces/srv/HandEyeCalibrationStart_Response.msg
-- Up-to-date: /home/hoapham/ros2_ws/install/zivid_interfaces/share/zivid_interfaces/srv/InfieldCorrectionCapture.srv
-- Up-to-date: /home/hoapham/ros2_ws/install/zivid_interfaces/share/zivid_interfaces/srv/InfieldCorrectionCapture_Request.msg
-- Up-to-date: /home/hoapham/ros2_ws/install/zivid_interfaces/share/zivid_interfaces/srv/InfieldCorrectionCapture_Response.msg
-- Up-to-date: /home/hoapham/ros2_ws/install/zivid_interfaces/share/zivid_interfaces/srv/InfieldCorrectionCompute.srv
-- Up-to-date: /home/hoapham/ros2_ws/install/zivid_interfaces/share/zivid_interfaces/srv/InfieldCorrectionCompute_Request.msg
-- Up-to-date: /home/hoapham/ros2_ws/install/zivid_interfaces/share/zivid_interfaces/srv/InfieldCorrectionCompute_Response.msg
-- Up-to-date: /home/hoapham/ros2_ws/install/zivid_interfaces/share/zivid_interfaces/srv/InfieldCorrectionRead.srv
-- Up-to-date: /home/hoapham/ros2_ws/install/zivid_interfaces/share/zivid_interfaces/srv/InfieldCorrectionRead_Request.msg
-- Up-to-date: /home/hoapham/ros2_ws/install/zivid_interfaces/share/zivid_interfaces/srv/InfieldCorrectionRead_Response.msg
-- Up-to-date: /home/hoapham/ros2_ws/install/zivid_interfaces/share/zivid_interfaces/srv/IsConnected.srv
-- Up-to-date: /home/hoapham/ros2_ws/install/zivid_interfaces/share/zivid_interfaces/srv/IsConnected_Request.msg
-- Up-to-date: /home/hoapham/ros2_ws/install/zivid_interfaces/share/zivid_interfaces/srv/IsConnected_Response.msg
-- Up-to-date: /home/hoapham/ros2_ws/install/zivid_interfaces/share/ament_index/resource_index/package_run_dependencies/zivid_interfaces
-- Up-to-date: /home/hoapham/ros2_ws/install/zivid_interfaces/share/ament_index/resource_index/parent_prefix_path/zivid_interfaces
-- Up-to-date: /home/hoapham/ros2_ws/install/zivid_interfaces/share/zivid_interfaces/environment/ament_prefix_path.sh
-- Up-to-date: /home/hoapham/ros2_ws/install/zivid_interfaces/share/zivid_interfaces/environment/ament_prefix_path.dsv
-- Up-to-date: /home/hoapham/ros2_ws/install/zivid_interfaces/share/zivid_interfaces/environment/path.sh
-- Up-to-date: /home/hoapham/ros2_ws/install/zivid_interfaces/share/zivid_interfaces/environment/path.dsv
-- Up-to-date: /home/hoapham/ros2_ws/install/zivid_interfaces/share/zivid_interfaces/local_setup.bash
-- Up-to-date: /home/hoapham/ros2_ws/install/zivid_interfaces/share/zivid_interfaces/local_setup.sh
-- Up-to-date: /home/hoapham/ros2_ws/install/zivid_interfaces/share/zivid_interfaces/local_setup.zsh
-- Up-to-date: /home/hoapham/ros2_ws/install/zivid_interfaces/share/zivid_interfaces/local_setup.dsv
-- Installing: /home/hoapham/ros2_ws/install/zivid_interfaces/share/zivid_interfaces/package.dsv
-- Up-to-date: /home/hoapham/ros2_ws/install/zivid_interfaces/share/ament_index/resource_index/packages/zivid_interfaces
-- Up-to-date: /home/hoapham/ros2_ws/install/zivid_interfaces/share/zivid_interfaces/cmake/export_zivid_interfaces__rosidl_generator_cExport.cmake
-- Up-to-date: /home/hoapham/ros2_ws/install/zivid_interfaces/share/zivid_interfaces/cmake/export_zivid_interfaces__rosidl_generator_cExport-noconfig.cmake
-- Up-to-date: /home/hoapham/ros2_ws/install/zivid_interfaces/share/zivid_interfaces/cmake/export_zivid_interfaces__rosidl_typesupport_fastrtps_cExport.cmake
-- Up-to-date: /home/hoapham/ros2_ws/install/zivid_interfaces/share/zivid_interfaces/cmake/export_zivid_interfaces__rosidl_typesupport_fastrtps_cExport-noconfig.cmake
-- Up-to-date: /home/hoapham/ros2_ws/install/zivid_interfaces/share/zivid_interfaces/cmake/export_zivid_interfaces__rosidl_generator_cppExport.cmake
-- Up-to-date: /home/hoapham/ros2_ws/install/zivid_interfaces/share/zivid_interfaces/cmake/export_zivid_interfaces__rosidl_typesupport_fastrtps_cppExport.cmake
-- Up-to-date: /home/hoapham/ros2_ws/install/zivid_interfaces/share/zivid_interfaces/cmake/export_zivid_interfaces__rosidl_typesupport_fastrtps_cppExport-noconfig.cmake
-- Up-to-date: /home/hoapham/ros2_ws/install/zivid_interfaces/share/zivid_interfaces/cmake/zivid_interfaces__rosidl_typesupport_introspection_cExport.cmake
-- Up-to-date: /home/hoapham/ros2_ws/install/zivid_interfaces/share/zivid_interfaces/cmake/zivid_interfaces__rosidl_typesupport_introspection_cExport-noconfig.cmake
-- Up-to-date: /home/hoapham/ros2_ws/install/zivid_interfaces/share/zivid_interfaces/cmake/zivid_interfaces__rosidl_typesupport_cExport.cmake
-- Up-to-date: /home/hoapham/ros2_ws/install/zivid_interfaces/share/zivid_interfaces/cmake/zivid_interfaces__rosidl_typesupport_cExport-noconfig.cmake
-- Up-to-date: /home/hoapham/ros2_ws/install/zivid_interfaces/share/zivid_interfaces/cmake/zivid_interfaces__rosidl_typesupport_introspection_cppExport.cmake
-- Up-to-date: /home/hoapham/ros2_ws/install/zivid_interfaces/share/zivid_interfaces/cmake/zivid_interfaces__rosidl_typesupport_introspection_cppExport-noconfig.cmake
-- Up-to-date: /home/hoapham/ros2_ws/install/zivid_interfaces/share/zivid_interfaces/cmake/zivid_interfaces__rosidl_typesupport_cppExport.cmake
-- Up-to-date: /home/hoapham/ros2_ws/install/zivid_interfaces/share/zivid_interfaces/cmake/zivid_interfaces__rosidl_typesupport_cppExport-noconfig.cmake
-- Up-to-date: /home/hoapham/ros2_ws/install/zivid_interfaces/share/zivid_interfaces/cmake/export_zivid_interfaces__rosidl_generator_pyExport.cmake
-- Up-to-date: /home/hoapham/ros2_ws/install/zivid_interfaces/share/zivid_interfaces/cmake/export_zivid_interfaces__rosidl_generator_pyExport-noconfig.cmake
-- Up-to-date: /home/hoapham/ros2_ws/install/zivid_interfaces/share/zivid_interfaces/cmake/rosidl_cmake-extras.cmake
-- Up-to-date: /home/hoapham/ros2_ws/install/zivid_interfaces/share/zivid_interfaces/cmake/ament_cmake_export_dependencies-extras.cmake
-- Up-to-date: /home/hoapham/ros2_ws/install/zivid_interfaces/share/zivid_interfaces/cmake/ament_cmake_export_include_directories-extras.cmake
-- Up-to-date: /home/hoapham/ros2_ws/install/zivid_interfaces/share/zivid_interfaces/cmake/ament_cmake_export_libraries-extras.cmake
-- Up-to-date: /home/hoapham/ros2_ws/install/zivid_interfaces/share/zivid_interfaces/cmake/ament_cmake_export_targets-extras.cmake
-- Up-to-date: /home/hoapham/ros2_ws/install/zivid_interfaces/share/zivid_interfaces/cmake/rosidl_cmake_export_typesupport_targets-extras.cmake
-- Up-to-date: /home/hoapham/ros2_ws/install/zivid_interfaces/share/zivid_interfaces/cmake/rosidl_cmake_export_typesupport_libraries-extras.cmake
-- Up-to-date: /home/hoapham/ros2_ws/install/zivid_interfaces/share/zivid_interfaces/cmake/zivid_interfacesConfig.cmake
-- Up-to-date: /home/hoapham/ros2_ws/install/zivid_interfaces/share/zivid_interfaces/cmake/zivid_interfacesConfig-version.cmake
-- Up-to-date: /home/hoapham/ros2_ws/install/zivid_interfaces/share/zivid_interfaces/package.xml
