[0.008s] Invoking command in '/home/hoapham/ros2_ws/build/pointcloud_marker': CMAKE_PREFIX_PATH=${CMAKE_PREFIX_PATH}:/opt/ros/humble /usr/bin/cmake --build /home/hoapham/ros2_ws/build/pointcloud_marker
[0.063s] [ 50%] [32mBuilding CXX object CMakeFiles/pointcloud_marker_node.dir/src/pointcloud_marker_node.cpp.o[0m
[9.717s] [100%] [32m[1mLinking CXX executable pointcloud_marker_node[0m
[10.419s] [100%] Built target pointcloud_marker_node
[10.429s] Invoked command in '/home/hoapham/ros2_ws/build/pointcloud_marker' returned '0': CMAKE_PREFIX_PATH=${CMAKE_PREFIX_PATH}:/opt/ros/humble /usr/bin/cmake --build /home/hoapham/ros2_ws/build/pointcloud_marker
[10.430s] Invoking command in '/home/hoapham/ros2_ws/build/pointcloud_marker': CMAKE_PREFIX_PATH=${CMAKE_PREFIX_PATH}:/opt/ros/humble /usr/bin/cmake --install /home/hoapham/ros2_ws/build/pointcloud_marker
[10.437s] -- Install configuration: ""
[10.437s] -- Installing: /home/hoapham/ros2_ws/install/pointcloud_marker/lib/pointcloud_marker/pointcloud_marker_node
[10.445s] -- Set runtime path of "/home/hoapham/ros2_ws/install/pointcloud_marker/lib/pointcloud_marker/pointcloud_marker_node" to ""
[10.445s] -- Up-to-date: /home/hoapham/ros2_ws/install/pointcloud_marker/share/pointcloud_marker//launch
[10.445s] -- Up-to-date: /home/hoapham/ros2_ws/install/pointcloud_marker/share/pointcloud_marker//launch/marker.launch.py
[10.445s] -- Up-to-date: /home/hoapham/ros2_ws/install/pointcloud_marker/share/ament_index/resource_index/package_run_dependencies/pointcloud_marker
[10.445s] -- Up-to-date: /home/hoapham/ros2_ws/install/pointcloud_marker/share/ament_index/resource_index/parent_prefix_path/pointcloud_marker
[10.445s] -- Up-to-date: /home/hoapham/ros2_ws/install/pointcloud_marker/share/pointcloud_marker/environment/ament_prefix_path.sh
[10.445s] -- Up-to-date: /home/hoapham/ros2_ws/install/pointcloud_marker/share/pointcloud_marker/environment/ament_prefix_path.dsv
[10.445s] -- Up-to-date: /home/hoapham/ros2_ws/install/pointcloud_marker/share/pointcloud_marker/environment/path.sh
[10.445s] -- Up-to-date: /home/hoapham/ros2_ws/install/pointcloud_marker/share/pointcloud_marker/environment/path.dsv
[10.445s] -- Up-to-date: /home/hoapham/ros2_ws/install/pointcloud_marker/share/pointcloud_marker/local_setup.bash
[10.445s] -- Up-to-date: /home/hoapham/ros2_ws/install/pointcloud_marker/share/pointcloud_marker/local_setup.sh
[10.445s] -- Up-to-date: /home/hoapham/ros2_ws/install/pointcloud_marker/share/pointcloud_marker/local_setup.zsh
[10.445s] -- Up-to-date: /home/hoapham/ros2_ws/install/pointcloud_marker/share/pointcloud_marker/local_setup.dsv
[10.445s] -- Installing: /home/hoapham/ros2_ws/install/pointcloud_marker/share/pointcloud_marker/package.dsv
[10.445s] -- Up-to-date: /home/hoapham/ros2_ws/install/pointcloud_marker/share/ament_index/resource_index/packages/pointcloud_marker
[10.445s] -- Up-to-date: /home/hoapham/ros2_ws/install/pointcloud_marker/share/pointcloud_marker/cmake/pointcloud_markerConfig.cmake
[10.445s] -- Up-to-date: /home/hoapham/ros2_ws/install/pointcloud_marker/share/pointcloud_marker/cmake/pointcloud_markerConfig-version.cmake
[10.445s] -- Up-to-date: /home/hoapham/ros2_ws/install/pointcloud_marker/share/pointcloud_marker/package.xml
[10.447s] Invoked command in '/home/hoapham/ros2_ws/build/pointcloud_marker' returned '0': CMAKE_PREFIX_PATH=${CMAKE_PREFIX_PATH}:/opt/ros/humble /usr/bin/cmake --install /home/hoapham/ros2_ws/build/pointcloud_marker
