[0.033s] Invoking command in '/home/hoapham/ros2_ws/build/pointcloud_marker': CMAKE_PREFIX_PATH=/opt/ros/humble /usr/bin/cmake --build /home/hoapham/ros2_ws/build/pointcloud_marker -- -j16 -l16
[0.133s] [100%] Built target pointcloud_marker_node
[0.172s] Invoked command in '/home/hoapham/ros2_ws/build/pointcloud_marker' returned '0': CMAKE_PREFIX_PATH=/opt/ros/humble /usr/bin/cmake --build /home/hoapham/ros2_ws/build/pointcloud_marker -- -j16 -l16
[0.175s] Invoking command in '/home/hoapham/ros2_ws/build/pointcloud_marker': CMAKE_PREFIX_PATH=/opt/ros/humble /usr/bin/cmake --install /home/hoapham/ros2_ws/build/pointcloud_marker
[0.192s] -- Install configuration: ""
[0.192s] -- Up-to-date: /home/hoapham/ros2_ws/install/pointcloud_marker/lib/pointcloud_marker/pointcloud_marker_node
[0.192s] -- Up-to-date: /home/hoapham/ros2_ws/install/pointcloud_marker/share/pointcloud_marker//launch
[0.192s] -- Up-to-date: /home/hoapham/ros2_ws/install/pointcloud_marker/share/pointcloud_marker//launch/marker.launch.py
[0.193s] -- Up-to-date: /home/hoapham/ros2_ws/install/pointcloud_marker/share/ament_index/resource_index/package_run_dependencies/pointcloud_marker
[0.193s] -- Up-to-date: /home/hoapham/ros2_ws/install/pointcloud_marker/share/ament_index/resource_index/parent_prefix_path/pointcloud_marker
[0.193s] -- Up-to-date: /home/hoapham/ros2_ws/install/pointcloud_marker/share/pointcloud_marker/environment/ament_prefix_path.sh
[0.193s] -- Up-to-date: /home/hoapham/ros2_ws/install/pointcloud_marker/share/pointcloud_marker/environment/ament_prefix_path.dsv
[0.193s] -- Up-to-date: /home/hoapham/ros2_ws/install/pointcloud_marker/share/pointcloud_marker/environment/path.sh
[0.193s] -- Up-to-date: /home/hoapham/ros2_ws/install/pointcloud_marker/share/pointcloud_marker/environment/path.dsv
[0.193s] -- Up-to-date: /home/hoapham/ros2_ws/install/pointcloud_marker/share/pointcloud_marker/local_setup.bash
[0.193s] -- Up-to-date: /home/hoapham/ros2_ws/install/pointcloud_marker/share/pointcloud_marker/local_setup.sh
[0.193s] -- Up-to-date: /home/hoapham/ros2_ws/install/pointcloud_marker/share/pointcloud_marker/local_setup.zsh
[0.193s] -- Up-to-date: /home/hoapham/ros2_ws/install/pointcloud_marker/share/pointcloud_marker/local_setup.dsv
[0.193s] -- Installing: /home/hoapham/ros2_ws/install/pointcloud_marker/share/pointcloud_marker/package.dsv
[0.193s] -- Up-to-date: /home/hoapham/ros2_ws/install/pointcloud_marker/share/ament_index/resource_index/packages/pointcloud_marker
[0.194s] -- Up-to-date: /home/hoapham/ros2_ws/install/pointcloud_marker/share/pointcloud_marker/cmake/pointcloud_markerConfig.cmake
[0.194s] -- Up-to-date: /home/hoapham/ros2_ws/install/pointcloud_marker/share/pointcloud_marker/cmake/pointcloud_markerConfig-version.cmake
[0.194s] -- Up-to-date: /home/hoapham/ros2_ws/install/pointcloud_marker/share/pointcloud_marker/package.xml
[0.235s] Invoked command in '/home/hoapham/ros2_ws/build/pointcloud_marker' returned '0': CMAKE_PREFIX_PATH=/opt/ros/humble /usr/bin/cmake --install /home/hoapham/ros2_ws/build/pointcloud_marker
