[0.007s] Invoking command in '/home/hoapham/ros2_ws/build/gui': CMAKE_PREFIX_PATH=${CMAKE_PREFIX_PATH}:/opt/ros/humble /usr/bin/cmake --build /home/hoapham/ros2_ws/build/gui
[0.057s] [ 14%] [34m[1mAutomatic MOC and UIC for target gui[0m
[0.453s] [ 14%] Built target gui_autogen
[0.473s] [35m[1mConsolidate compiler generated dependencies of target gui[0m
[0.510s] [ 28%] [32mBuilding CXX object CMakeFiles/gui.dir/gui_autogen/mocs_compilation.cpp.o[0m
[0.511s] [ 42%] [32mBuilding CXX object CMakeFiles/gui.dir/src/main.cpp.o[0m
[0.511s] [ 57%] [32mBuilding CXX object CMakeFiles/gui.dir/src/hello_gui.cpp.o[0m
[1.144s] In file included from [01m[K/home/hoapham/ros2_ws/src/gui/src/main.cpp:1[m[K:
[1.144s] [01m[K/home/hoapham/ros2_ws/src/gui/include/gui/hello_gui.h:25:10:[m[K [01;31m[Kfatal error: [m[Kstd_srvs/srv/trigger.hpp: No such file or directory
[1.144s]    25 | #include [01;31m[K<std_srvs/srv/trigger.hpp>[m[K
[1.144s]       |          [01;31m[K^~~~~~~~~~~~~~~~~~~~~~~~~~[m[K
[1.144s] compilation terminated.
[1.145s] In file included from [01m[K/home/hoapham/ros2_ws/src/gui/src/hello_gui.cpp:3[m[K:
[1.145s] [01m[K/home/hoapham/ros2_ws/src/gui/include/gui/hello_gui.h:25:10:[m[K [01;31m[Kfatal error: [m[Kstd_srvs/srv/trigger.hpp: No such file or directory
[1.145s]    25 | #include [01;31m[K<std_srvs/srv/trigger.hpp>[m[K
[1.145s]       |          [01;31m[K^~~~~~~~~~~~~~~~~~~~~~~~~~[m[K
[1.145s] compilation terminated.
[1.150s] In file included from [01m[K/home/hoapham/ros2_ws/build/gui/gui_autogen/BMPI5EA7AM/moc_hello_gui.cpp:10[m[K,
[1.150s]                  from [01m[K/home/hoapham/ros2_ws/build/gui/gui_autogen/mocs_compilation.cpp:2[m[K:
[1.150s] [01m[K/home/hoapham/ros2_ws/build/gui/gui_autogen/BMPI5EA7AM/../../../../src/gui/include/gui/hello_gui.h:25:10:[m[K [01;31m[Kfatal error: [m[Kstd_srvs/srv/trigger.hpp: No such file or directory
[1.150s]    25 | #include [01;31m[K<std_srvs/srv/trigger.hpp>[m[K
[1.150s]       |          [01;31m[K^~~~~~~~~~~~~~~~~~~~~~~~~~[m[K
[1.150s] compilation terminated.
[1.153s] gmake[2]: *** [CMakeFiles/gui.dir/build.make:104: CMakeFiles/gui.dir/src/hello_gui.cpp.o] Error 1
[1.153s] gmake[2]: *** Waiting for unfinished jobs....
[1.153s] gmake[2]: *** [CMakeFiles/gui.dir/build.make:90: CMakeFiles/gui.dir/src/main.cpp.o] Error 1
[1.158s] gmake[2]: *** [CMakeFiles/gui.dir/build.make:76: CMakeFiles/gui.dir/gui_autogen/mocs_compilation.cpp.o] Error 1
[1.158s] gmake[1]: *** [CMakeFiles/Makefile2:138: CMakeFiles/gui.dir/all] Error 2
[1.159s] gmake: *** [Makefile:146: all] Error 2
[1.161s] Invoked command in '/home/hoapham/ros2_ws/build/gui' returned '2': CMAKE_PREFIX_PATH=${CMAKE_PREFIX_PATH}:/opt/ros/humble /usr/bin/cmake --build /home/hoapham/ros2_ws/build/gui
