[0.014s] Invoking command in '/home/hoapham/ur_ws/build/ur_simulation_gazebo': AMENT_PREFIX_PATH=/home/hoapham/ur_ws/install/ur_controllers:/home/hoapham/ur_ws/install/ur_msgs:/home/hoapham/ur_ws/install/ur_moveit_config:/home/hoapham/ur_ws/install/ur_dashboard_msgs:${AMENT_PREFIX_PATH} CMAKE_PREFIX_PATH=/home/hoapham/ur_ws/install/ur_controllers:/home/hoapham/ur_ws/install/ur_msgs:/home/hoapham/ur_ws/install/ur_moveit_config:/home/hoapham/ur_ws/install/ur_dashboard_msgs:/opt/ros/humble LD_LIBRARY_PATH=/home/hoapham/ur_ws/install/ur_controllers/lib:/home/hoapham/ur_ws/install/ur_msgs/lib:/home/hoapham/ur_ws/install/ur_dashboard_msgs/lib:${LD_LIBRARY_PATH} PYTHONPATH=/home/hoapham/ur_ws/install/ur_msgs/local/lib/python3.10/dist-packages:/home/hoapham/ur_ws/install/ur_moveit_config/local/lib/python3.10/dist-packages:/home/hoapham/ur_ws/install/ur_dashboard_msgs/local/lib/python3.10/dist-packages:${PYTHONPATH} /usr/bin/cmake /home/hoapham/ur_ws/src/Universal_Robots_ROS2_Gazebo_Simulation/ur_simulation_gazebo -DCMAKE_INSTALL_PREFIX=/home/hoapham/ur_ws/install/ur_simulation_gazebo
[0.059s] -- The C compiler identification is GNU 11.4.0
[0.102s] -- The CXX compiler identification is GNU 11.4.0
[0.107s] -- Detecting C compiler ABI info
[0.168s] -- Detecting C compiler ABI info - done
[0.172s] -- Check for working C compiler: /usr/bin/cc - skipped
[0.172s] -- Detecting C compile features
[0.172s] -- Detecting C compile features - done
[0.174s] -- Detecting CXX compiler ABI info
[0.240s] -- Detecting CXX compiler ABI info - done
[0.244s] -- Check for working CXX compiler: /usr/bin/c++ - skipped
[0.244s] -- Detecting CXX compile features
[0.245s] -- Detecting CXX compile features - done
[0.250s] -- Found ament_cmake: 1.3.11 (/opt/ros/humble/share/ament_cmake/cmake)
[0.359s] -- Found Python3: /usr/bin/python3 (found version "3.10.12") found components: Interpreter 
[0.426s] -- Found launch_testing_ament_cmake: 1.0.8 (/opt/ros/humble/share/launch_testing_ament_cmake/cmake)
[0.428s] -- Found python_cmake_module: 0.10.0 (/opt/ros/humble/share/python_cmake_module/cmake)
[0.443s] -- Found PythonInterp: /usr/bin/python3 (found suitable version "3.10.12", minimum required is "3.6") 
[0.455s] -- Found PythonLibs: /usr/lib/x86_64-linux-gnu/libpython3.10.so (found suitable version "3.10.12", minimum required is "3.5") 
[0.455s] -- Using PYTHON_EXECUTABLE: /usr/bin/python3
[0.455s] -- Using PYTHON_INCLUDE_DIRS: /usr/include/python3.10
[0.455s] -- Using PYTHON_LIBRARIES: /usr/lib/x86_64-linux-gnu/libpython3.10.so
[0.470s] -- Found PythonExtra: .so  
[0.472s] -- Found ament_cmake_pytest: 1.3.11 (/opt/ros/humble/share/ament_cmake_pytest/cmake)
[0.533s] -- Configuring done
[0.535s] -- Generating done
[0.536s] -- Build files have been written to: /home/hoapham/ur_ws/build/ur_simulation_gazebo
[0.541s] Invoked command in '/home/hoapham/ur_ws/build/ur_simulation_gazebo' returned '0': AMENT_PREFIX_PATH=/home/hoapham/ur_ws/install/ur_controllers:/home/hoapham/ur_ws/install/ur_msgs:/home/hoapham/ur_ws/install/ur_moveit_config:/home/hoapham/ur_ws/install/ur_dashboard_msgs:${AMENT_PREFIX_PATH} CMAKE_PREFIX_PATH=/home/hoapham/ur_ws/install/ur_controllers:/home/hoapham/ur_ws/install/ur_msgs:/home/hoapham/ur_ws/install/ur_moveit_config:/home/hoapham/ur_ws/install/ur_dashboard_msgs:/opt/ros/humble LD_LIBRARY_PATH=/home/hoapham/ur_ws/install/ur_controllers/lib:/home/hoapham/ur_ws/install/ur_msgs/lib:/home/hoapham/ur_ws/install/ur_dashboard_msgs/lib:${LD_LIBRARY_PATH} PYTHONPATH=/home/hoapham/ur_ws/install/ur_msgs/local/lib/python3.10/dist-packages:/home/hoapham/ur_ws/install/ur_moveit_config/local/lib/python3.10/dist-packages:/home/hoapham/ur_ws/install/ur_dashboard_msgs/local/lib/python3.10/dist-packages:${PYTHONPATH} /usr/bin/cmake /home/hoapham/ur_ws/src/Universal_Robots_ROS2_Gazebo_Simulation/ur_simulation_gazebo -DCMAKE_INSTALL_PREFIX=/home/hoapham/ur_ws/install/ur_simulation_gazebo
[0.542s] Invoking command in '/home/hoapham/ur_ws/build/ur_simulation_gazebo': AMENT_PREFIX_PATH=/home/hoapham/ur_ws/install/ur_controllers:/home/hoapham/ur_ws/install/ur_msgs:/home/hoapham/ur_ws/install/ur_moveit_config:/home/hoapham/ur_ws/install/ur_dashboard_msgs:${AMENT_PREFIX_PATH} CMAKE_PREFIX_PATH=/home/hoapham/ur_ws/install/ur_controllers:/home/hoapham/ur_ws/install/ur_msgs:/home/hoapham/ur_ws/install/ur_moveit_config:/home/hoapham/ur_ws/install/ur_dashboard_msgs:/opt/ros/humble LD_LIBRARY_PATH=/home/hoapham/ur_ws/install/ur_controllers/lib:/home/hoapham/ur_ws/install/ur_msgs/lib:/home/hoapham/ur_ws/install/ur_dashboard_msgs/lib:${LD_LIBRARY_PATH} PYTHONPATH=/home/hoapham/ur_ws/install/ur_msgs/local/lib/python3.10/dist-packages:/home/hoapham/ur_ws/install/ur_moveit_config/local/lib/python3.10/dist-packages:/home/hoapham/ur_ws/install/ur_dashboard_msgs/local/lib/python3.10/dist-packages:${PYTHONPATH} /usr/bin/cmake --build /home/hoapham/ur_ws/build/ur_simulation_gazebo
[0.575s] Invoked command in '/home/hoapham/ur_ws/build/ur_simulation_gazebo' returned '0': AMENT_PREFIX_PATH=/home/hoapham/ur_ws/install/ur_controllers:/home/hoapham/ur_ws/install/ur_msgs:/home/hoapham/ur_ws/install/ur_moveit_config:/home/hoapham/ur_ws/install/ur_dashboard_msgs:${AMENT_PREFIX_PATH} CMAKE_PREFIX_PATH=/home/hoapham/ur_ws/install/ur_controllers:/home/hoapham/ur_ws/install/ur_msgs:/home/hoapham/ur_ws/install/ur_moveit_config:/home/hoapham/ur_ws/install/ur_dashboard_msgs:/opt/ros/humble LD_LIBRARY_PATH=/home/hoapham/ur_ws/install/ur_controllers/lib:/home/hoapham/ur_ws/install/ur_msgs/lib:/home/hoapham/ur_ws/install/ur_dashboard_msgs/lib:${LD_LIBRARY_PATH} PYTHONPATH=/home/hoapham/ur_ws/install/ur_msgs/local/lib/python3.10/dist-packages:/home/hoapham/ur_ws/install/ur_moveit_config/local/lib/python3.10/dist-packages:/home/hoapham/ur_ws/install/ur_dashboard_msgs/local/lib/python3.10/dist-packages:${PYTHONPATH} /usr/bin/cmake --build /home/hoapham/ur_ws/build/ur_simulation_gazebo
[0.576s] Invoking command in '/home/hoapham/ur_ws/build/ur_simulation_gazebo': AMENT_PREFIX_PATH=/home/hoapham/ur_ws/install/ur_controllers:/home/hoapham/ur_ws/install/ur_msgs:/home/hoapham/ur_ws/install/ur_moveit_config:/home/hoapham/ur_ws/install/ur_dashboard_msgs:${AMENT_PREFIX_PATH} CMAKE_PREFIX_PATH=/home/hoapham/ur_ws/install/ur_controllers:/home/hoapham/ur_ws/install/ur_msgs:/home/hoapham/ur_ws/install/ur_moveit_config:/home/hoapham/ur_ws/install/ur_dashboard_msgs:/opt/ros/humble LD_LIBRARY_PATH=/home/hoapham/ur_ws/install/ur_controllers/lib:/home/hoapham/ur_ws/install/ur_msgs/lib:/home/hoapham/ur_ws/install/ur_dashboard_msgs/lib:${LD_LIBRARY_PATH} PYTHONPATH=/home/hoapham/ur_ws/install/ur_msgs/local/lib/python3.10/dist-packages:/home/hoapham/ur_ws/install/ur_moveit_config/local/lib/python3.10/dist-packages:/home/hoapham/ur_ws/install/ur_dashboard_msgs/local/lib/python3.10/dist-packages:${PYTHONPATH} /usr/bin/cmake --install /home/hoapham/ur_ws/build/ur_simulation_gazebo
[0.582s] -- Install configuration: ""
[0.583s] -- Installing: /home/hoapham/ur_ws/install/ur_simulation_gazebo/share/ur_simulation_gazebo/config
[0.583s] -- Installing: /home/hoapham/ur_ws/install/ur_simulation_gazebo/share/ur_simulation_gazebo/config/ur_controllers.yaml
[0.583s] -- Installing: /home/hoapham/ur_ws/install/ur_simulation_gazebo/share/ur_simulation_gazebo/launch
[0.583s] -- Installing: /home/hoapham/ur_ws/install/ur_simulation_gazebo/share/ur_simulation_gazebo/launch/ur_sim_control.launch.py
[0.584s] -- Installing: /home/hoapham/ur_ws/install/ur_simulation_gazebo/share/ur_simulation_gazebo/launch/ur_sim_moveit.launch.py
[0.584s] -- Installing: /home/hoapham/ur_ws/install/ur_simulation_gazebo/share/ament_index/resource_index/package_run_dependencies/ur_simulation_gazebo
[0.585s] -- Installing: /home/hoapham/ur_ws/install/ur_simulation_gazebo/share/ament_index/resource_index/parent_prefix_path/ur_simulation_gazebo
[0.585s] -- Installing: /home/hoapham/ur_ws/install/ur_simulation_gazebo/share/ur_simulation_gazebo/environment/ament_prefix_path.sh
[0.585s] -- Installing: /home/hoapham/ur_ws/install/ur_simulation_gazebo/share/ur_simulation_gazebo/environment/ament_prefix_path.dsv
[0.585s] -- Installing: /home/hoapham/ur_ws/install/ur_simulation_gazebo/share/ur_simulation_gazebo/environment/path.sh
[0.585s] -- Installing: /home/hoapham/ur_ws/install/ur_simulation_gazebo/share/ur_simulation_gazebo/environment/path.dsv
[0.585s] -- Installing: /home/hoapham/ur_ws/install/ur_simulation_gazebo/share/ur_simulation_gazebo/local_setup.bash
[0.586s] -- Installing: /home/hoapham/ur_ws/install/ur_simulation_gazebo/share/ur_simulation_gazebo/local_setup.sh
[0.586s] -- Installing: /home/hoapham/ur_ws/install/ur_simulation_gazebo/share/ur_simulation_gazebo/local_setup.zsh
[0.586s] -- Installing: /home/hoapham/ur_ws/install/ur_simulation_gazebo/share/ur_simulation_gazebo/local_setup.dsv
[0.586s] -- Installing: /home/hoapham/ur_ws/install/ur_simulation_gazebo/share/ur_simulation_gazebo/package.dsv
[0.586s] -- Installing: /home/hoapham/ur_ws/install/ur_simulation_gazebo/share/ament_index/resource_index/packages/ur_simulation_gazebo
[0.586s] -- Installing: /home/hoapham/ur_ws/install/ur_simulation_gazebo/share/ur_simulation_gazebo/cmake/ur_simulation_gazeboConfig.cmake
[0.586s] -- Installing: /home/hoapham/ur_ws/install/ur_simulation_gazebo/share/ur_simulation_gazebo/cmake/ur_simulation_gazeboConfig-version.cmake
[0.586s] -- Installing: /home/hoapham/ur_ws/install/ur_simulation_gazebo/share/ur_simulation_gazebo/package.xml
[0.588s] Invoked command in '/home/hoapham/ur_ws/build/ur_simulation_gazebo' returned '0': AMENT_PREFIX_PATH=/home/hoapham/ur_ws/install/ur_controllers:/home/hoapham/ur_ws/install/ur_msgs:/home/hoapham/ur_ws/install/ur_moveit_config:/home/hoapham/ur_ws/install/ur_dashboard_msgs:${AMENT_PREFIX_PATH} CMAKE_PREFIX_PATH=/home/hoapham/ur_ws/install/ur_controllers:/home/hoapham/ur_ws/install/ur_msgs:/home/hoapham/ur_ws/install/ur_moveit_config:/home/hoapham/ur_ws/install/ur_dashboard_msgs:/opt/ros/humble LD_LIBRARY_PATH=/home/hoapham/ur_ws/install/ur_controllers/lib:/home/hoapham/ur_ws/install/ur_msgs/lib:/home/hoapham/ur_ws/install/ur_dashboard_msgs/lib:${LD_LIBRARY_PATH} PYTHONPATH=/home/hoapham/ur_ws/install/ur_msgs/local/lib/python3.10/dist-packages:/home/hoapham/ur_ws/install/ur_moveit_config/local/lib/python3.10/dist-packages:/home/hoapham/ur_ws/install/ur_dashboard_msgs/local/lib/python3.10/dist-packages:${PYTHONPATH} /usr/bin/cmake --install /home/hoapham/ur_ws/build/ur_simulation_gazebo
