[0.010s] Invoking command in '/home/hoapham/ros2_ws/build/gui': CMAKE_PREFIX_PATH=${CMAKE_PREFIX_PATH}:/opt/ros/humble /usr/bin/cmake --build /home/hoapham/ros2_ws/build/gui -- -j16 -l16
[0.053s] [ 12%] [34m[1mAutomatic MOC and UIC for target gui[0m
[0.078s] [ 12%] Built target gui_autogen
[0.098s] [35m[1mConsolidate compiler generated dependencies of target gui[0m
[0.139s] [ 25%] [32mBuilding CXX object CMakeFiles/gui.dir/src/main.cpp.o[0m
[4.752s] [01m[K/home/hoapham/ros2_ws/src/gui/src/main.cpp:[m[K In lambda function:
[4.753s] [01m[K/home/hoapham/ros2_ws/src/gui/src/main.cpp:43:28:[m[K [01;31m[Kerror: [m[K‘[01m[Kshared_rviz_panel[m[K’ is not captured
[4.753s]    43 |             auto manager = [01;31m[Kshared_rviz_panel[m[K->getManager();
[4.753s]       |                            [01;31m[K^~~~~~~~~~~~~~~~~[m[K
[4.753s] [01m[K/home/hoapham/ros2_ws/src/gui/src/main.cpp:38:107:[m[K [01;36m[Knote: [m[Kthe lambda has no capture-default
[4.753s]    38 | urrentChanged, [hello_gui, second_window, shared_rviz_widget[01;36m[K][m[K(int index) {
[4.753s]       |                                                             [01;36m[K^[m[K
[4.753s] 
[4.753s] [01m[K/home/hoapham/ros2_ws/src/gui/src/main.cpp:17:10:[m[K [01;36m[Knote: [m[K‘[01m[Kstd::shared_ptr<RvizPanel> shared_rviz_panel[m[K’ declared here
[4.753s]    17 |     auto [01;36m[Kshared_rviz_panel[m[K = std::make_shared<RvizPanel>(&app);
[4.753s]       |          [01;36m[K^~~~~~~~~~~~~~~~~[m[K
[5.621s] gmake[2]: *** [CMakeFiles/gui.dir/build.make:90: CMakeFiles/gui.dir/src/main.cpp.o] Error 1
[5.621s] gmake[1]: *** [CMakeFiles/Makefile2:138: CMakeFiles/gui.dir/all] Error 2
[5.622s] gmake: *** [Makefile:146: all] Error 2
[5.625s] Invoked command in '/home/hoapham/ros2_ws/build/gui' returned '2': CMAKE_PREFIX_PATH=${CMAKE_PREFIX_PATH}:/opt/ros/humble /usr/bin/cmake --build /home/hoapham/ros2_ws/build/gui -- -j16 -l16
