[0.006s] Invoking command in '/home/hoapham/ur_ws/build/ur_moveit_config': CMAKE_PREFIX_PATH=/opt/ros/humble /usr/bin/cmake --build /home/hoapham/ur_ws/build/ur_moveit_config
[0.052s] Built target ament_cmake_python_copy_ur_moveit_config
[0.195s] running egg_info
[0.195s] writing ur_moveit_config.egg-info/PKG-INFO
[0.195s] writing dependency_links to ur_moveit_config.egg-info/dependency_links.txt
[0.195s] writing top-level names to ur_moveit_config.egg-info/top_level.txt
[0.196s] reading manifest file 'ur_moveit_config.egg-info/SOURCES.txt'
[0.197s] writing manifest file 'ur_moveit_config.egg-info/SOURCES.txt'
[0.217s] Built target ament_cmake_python_build_ur_moveit_config_egg
[0.226s] Invoked command in '/home/hoapham/ur_ws/build/ur_moveit_config' returned '0': CMAKE_PREFIX_PATH=/opt/ros/humble /usr/bin/cmake --build /home/hoapham/ur_ws/build/ur_moveit_config
[0.227s] Invoking command in '/home/hoapham/ur_ws/build/ur_moveit_config': CMAKE_PREFIX_PATH=/opt/ros/humble /usr/bin/cmake --install /home/hoapham/ur_ws/build/ur_moveit_config
[0.234s] -- Install configuration: ""
[0.234s] -- Up-to-date: /home/hoapham/ur_ws/install/ur_moveit_config/share/ur_moveit_config/config
[0.234s] -- Up-to-date: /home/hoapham/ur_ws/install/ur_moveit_config/share/ur_moveit_config/config/ompl_planning.yaml
[0.234s] -- Up-to-date: /home/hoapham/ur_ws/install/ur_moveit_config/share/ur_moveit_config/config/ur_servo.yaml
[0.234s] -- Up-to-date: /home/hoapham/ur_ws/install/ur_moveit_config/share/ur_moveit_config/config/joint_limits.yaml
[0.234s] -- Up-to-date: /home/hoapham/ur_ws/install/ur_moveit_config/share/ur_moveit_config/config/kinematics.yaml
[0.234s] -- Up-to-date: /home/hoapham/ur_ws/install/ur_moveit_config/share/ur_moveit_config/config/controllers.yaml
[0.234s] -- Up-to-date: /home/hoapham/ur_ws/install/ur_moveit_config/share/ur_moveit_config/launch
[0.234s] -- Up-to-date: /home/hoapham/ur_ws/install/ur_moveit_config/share/ur_moveit_config/launch/ur_moveit.launch.py
[0.234s] -- Up-to-date: /home/hoapham/ur_ws/install/ur_moveit_config/share/ur_moveit_config/rviz
[0.234s] -- Up-to-date: /home/hoapham/ur_ws/install/ur_moveit_config/share/ur_moveit_config/rviz/view_robot.rviz
[0.234s] -- Up-to-date: /home/hoapham/ur_ws/install/ur_moveit_config/share/ur_moveit_config/srdf
[0.234s] -- Up-to-date: /home/hoapham/ur_ws/install/ur_moveit_config/share/ur_moveit_config/srdf/ur_macro.srdf.xacro
[0.234s] -- Up-to-date: /home/hoapham/ur_ws/install/ur_moveit_config/share/ur_moveit_config/srdf/ur.srdf.xacro
[0.234s] -- Up-to-date: /home/hoapham/ur_ws/install/ur_moveit_config/share/ur_moveit_config/environment/pythonpath.sh
[0.234s] -- Up-to-date: /home/hoapham/ur_ws/install/ur_moveit_config/share/ur_moveit_config/environment/pythonpath.dsv
[0.234s] -- Up-to-date: /home/hoapham/ur_ws/install/ur_moveit_config/local/lib/python3.10/dist-packages/ur_moveit_config-2.7.0-py3.10.egg-info
[0.234s] -- Installing: /home/hoapham/ur_ws/install/ur_moveit_config/local/lib/python3.10/dist-packages/ur_moveit_config-2.7.0-py3.10.egg-info/dependency_links.txt
[0.234s] -- Installing: /home/hoapham/ur_ws/install/ur_moveit_config/local/lib/python3.10/dist-packages/ur_moveit_config-2.7.0-py3.10.egg-info/top_level.txt
[0.235s] -- Installing: /home/hoapham/ur_ws/install/ur_moveit_config/local/lib/python3.10/dist-packages/ur_moveit_config-2.7.0-py3.10.egg-info/SOURCES.txt
[0.235s] -- Installing: /home/hoapham/ur_ws/install/ur_moveit_config/local/lib/python3.10/dist-packages/ur_moveit_config-2.7.0-py3.10.egg-info/PKG-INFO
[0.235s] -- Up-to-date: /home/hoapham/ur_ws/install/ur_moveit_config/local/lib/python3.10/dist-packages/ur_moveit_config
[0.235s] -- Up-to-date: /home/hoapham/ur_ws/install/ur_moveit_config/local/lib/python3.10/dist-packages/ur_moveit_config/__init__.py
[0.235s] -- Up-to-date: /home/hoapham/ur_ws/install/ur_moveit_config/local/lib/python3.10/dist-packages/ur_moveit_config/launch_common.py
[0.253s] Listing '/home/hoapham/ur_ws/install/ur_moveit_config/local/lib/python3.10/dist-packages/ur_moveit_config'...
[0.256s] -- Up-to-date: /home/hoapham/ur_ws/install/ur_moveit_config/local/lib/python3.10/dist-packages/launch_common.py
[0.278s] -- Up-to-date: /home/hoapham/ur_ws/install/ur_moveit_config/share/ament_index/resource_index/package_run_dependencies/ur_moveit_config
[0.279s] -- Up-to-date: /home/hoapham/ur_ws/install/ur_moveit_config/share/ament_index/resource_index/parent_prefix_path/ur_moveit_config
[0.279s] -- Up-to-date: /home/hoapham/ur_ws/install/ur_moveit_config/share/ur_moveit_config/environment/ament_prefix_path.sh
[0.279s] -- Up-to-date: /home/hoapham/ur_ws/install/ur_moveit_config/share/ur_moveit_config/environment/ament_prefix_path.dsv
[0.279s] -- Up-to-date: /home/hoapham/ur_ws/install/ur_moveit_config/share/ur_moveit_config/environment/path.sh
[0.279s] -- Up-to-date: /home/hoapham/ur_ws/install/ur_moveit_config/share/ur_moveit_config/environment/path.dsv
[0.279s] -- Up-to-date: /home/hoapham/ur_ws/install/ur_moveit_config/share/ur_moveit_config/local_setup.bash
[0.279s] -- Up-to-date: /home/hoapham/ur_ws/install/ur_moveit_config/share/ur_moveit_config/local_setup.sh
[0.279s] -- Up-to-date: /home/hoapham/ur_ws/install/ur_moveit_config/share/ur_moveit_config/local_setup.zsh
[0.279s] -- Up-to-date: /home/hoapham/ur_ws/install/ur_moveit_config/share/ur_moveit_config/local_setup.dsv
[0.279s] -- Up-to-date: /home/hoapham/ur_ws/install/ur_moveit_config/share/ur_moveit_config/package.dsv
[0.280s] -- Up-to-date: /home/hoapham/ur_ws/install/ur_moveit_config/share/ament_index/resource_index/packages/ur_moveit_config
[0.280s] -- Up-to-date: /home/hoapham/ur_ws/install/ur_moveit_config/share/ur_moveit_config/cmake/ur_moveit_configConfig.cmake
[0.280s] -- Up-to-date: /home/hoapham/ur_ws/install/ur_moveit_config/share/ur_moveit_config/cmake/ur_moveit_configConfig-version.cmake
[0.280s] -- Up-to-date: /home/hoapham/ur_ws/install/ur_moveit_config/share/ur_moveit_config/package.xml
[0.282s] Invoked command in '/home/hoapham/ur_ws/build/ur_moveit_config' returned '0': CMAKE_PREFIX_PATH=/opt/ros/humble /usr/bin/cmake --install /home/hoapham/ur_ws/build/ur_moveit_config
