[0.008s] Invoking command in '/home/hoapham/ur_ws/build/ur16_control_ui': BYOBU_DATE=%Y-%m-%d CMAKE_PREFIX_PATH=${CMAKE_PREFIX_PATH}:/opt/ros/humble /usr/bin/cmake /home/hoapham/ur_ws/src/ur16_control_ui -DCMAKE_INSTALL_PREFIX=/home/hoapham/ur_ws/install/ur16_control_ui
[0.052s] -- The C compiler identification is GNU 11.4.0
[0.094s] -- The CXX compiler identification is GNU 11.4.0
[0.101s] -- Detecting C compiler ABI info
[0.161s] -- Detecting C compiler ABI info - done
[0.165s] -- Check for working C compiler: /usr/bin/cc - skipped
[0.165s] -- Detecting C compile features
[0.165s] -- Detecting C compile features - done
[0.167s] -- Detecting CXX compiler ABI info
[0.235s] -- Detecting CXX compiler ABI info - done
[0.240s] -- Check for working CXX compiler: /usr/bin/c++ - skipped
[0.240s] -- Detecting CXX compile features
[0.240s] -- Detecting CXX compile features - done
[0.243s] -- Found ament_cmake: 1.3.11 (/opt/ros/humble/share/ament_cmake/cmake)
[0.352s] -- Found Python3: /usr/bin/python3 (found version "3.10.12") found components: Interpreter 
[0.426s] -- Found rclcpp: 16.0.12 (/opt/ros/humble/share/rclcpp/cmake)
[0.463s] -- Found rosidl_generator_c: 3.1.6 (/opt/ros/humble/share/rosidl_generator_c/cmake)
[0.468s] -- Found rosidl_adapter: 3.1.6 (/opt/ros/humble/share/rosidl_adapter/cmake)
[0.475s] -- Found rosidl_generator_cpp: 3.1.6 (/opt/ros/humble/share/rosidl_generator_cpp/cmake)
[0.484s] -- Using all available rosidl_typesupport_c: rosidl_typesupport_fastrtps_c;rosidl_typesupport_introspection_c
[0.497s] -- Using all available rosidl_typesupport_cpp: rosidl_typesupport_fastrtps_cpp;rosidl_typesupport_introspection_cpp
[0.532s] -- Found rmw_implementation_cmake: 6.1.2 (/opt/ros/humble/share/rmw_implementation_cmake/cmake)
[0.535s] -- Found rmw_cyclonedds_cpp: 1.3.4 (/opt/ros/humble/share/rmw_cyclonedds_cpp/cmake)
[0.553s] -- Using RMW implementation 'rmw_cyclonedds_cpp' as default
[0.562s] -- Looking for pthread.h
[0.622s] -- Looking for pthread.h - found
[0.622s] -- Performing Test CMAKE_HAVE_LIBC_PTHREAD
[0.684s] -- Performing Test CMAKE_HAVE_LIBC_PTHREAD - Success
[0.684s] -- Found Threads: TRUE  
[0.721s] -- Found moveit_ros_planning_interface: 2.5.9 (/opt/ros/humble/share/moveit_ros_planning_interface/cmake)
[0.743s] -- Found Boost: /usr/lib/x86_64-linux-gnu/cmake/Boost-1.74.0/BoostConfig.cmake (found version "1.74.0") found components: date_time filesystem program_options system thread 
[0.860s] -- Found Boost: /usr/lib/x86_64-linux-gnu/cmake/Boost-1.74.0/BoostConfig.cmake (found version "1.74.0") found components: chrono date_time filesystem iostreams program_options regex serialization system thread 
[0.901s] -- Found parameter_traits: 0.4.0 (/opt/ros/humble/share/parameter_traits/cmake)
[0.910s] -- Found Eigen3: TRUE (found version "3.4.0") 
[0.913s] -- Found rclcpp_lifecycle: 16.0.12 (/opt/ros/humble/share/rclcpp_lifecycle/cmake)
[0.931s] -- Found Boost: /usr/lib/x86_64-linux-gnu/cmake/Boost-1.74.0/BoostConfig.cmake (found version "1.74.0") found components: filesystem 
[1.016s] -- library: /usr/lib/x86_64-linux-gnu/libcurl.so
[1.040s] -- Ensuring Eigen3 include directory is part of orocos-kdl CMake target
[1.147s] -- Found Boost: /usr/lib/x86_64-linux-gnu/cmake/Boost-1.74.0/BoostConfig.cmake (found version "1.74.0") found components: system filesystem date_time program_options thread chrono 
[1.168s] -- Found Boost: /usr/lib/x86_64-linux-gnu/cmake/Boost-1.74.0/BoostConfig.cmake (found version "1.74.0") found components: thread system filesystem regex date_time program_options 
[1.240s] -- Found Boost: /usr/lib/x86_64-linux-gnu/cmake/Boost-1.74.0/BoostConfig.cmake (found version "1.74.0") found components: system filesystem date_time program_options thread 
[1.260s] -- Found moveit_common: 2.5.9 (/opt/ros/humble/share/moveit_common/cmake)
[1.317s] -- Configuring done
[1.336s] -- Generating done
[1.342s] -- Build files have been written to: /home/hoapham/ur_ws/build/ur16_control_ui
[1.356s] Invoked command in '/home/hoapham/ur_ws/build/ur16_control_ui' returned '0': BYOBU_DATE=%Y-%m-%d CMAKE_PREFIX_PATH=${CMAKE_PREFIX_PATH}:/opt/ros/humble /usr/bin/cmake /home/hoapham/ur_ws/src/ur16_control_ui -DCMAKE_INSTALL_PREFIX=/home/hoapham/ur_ws/install/ur16_control_ui
[1.357s] Invoking command in '/home/hoapham/ur_ws/build/ur16_control_ui': BYOBU_DATE=%Y-%m-%d CMAKE_PREFIX_PATH=${CMAKE_PREFIX_PATH}:/opt/ros/humble /usr/bin/cmake --build /home/hoapham/ur_ws/build/ur16_control_ui -- -j16 -l16
[1.397s] [35m[1mConsolidate compiler generated dependencies of target ur16_control_ui[0m
[1.419s] [ 50%] [32mBuilding CXX object CMakeFiles/ur16_control_ui.dir/src/ur16_control_ui_node.cpp.o[0m
[6.959s] [100%] [32m[1mLinking CXX executable ur16_control_ui[0m
[7.197s] [100%] Built target ur16_control_ui
[7.208s] Invoked command in '/home/hoapham/ur_ws/build/ur16_control_ui' returned '0': BYOBU_DATE=%Y-%m-%d CMAKE_PREFIX_PATH=${CMAKE_PREFIX_PATH}:/opt/ros/humble /usr/bin/cmake --build /home/hoapham/ur_ws/build/ur16_control_ui -- -j16 -l16
[7.216s] Invoking command in '/home/hoapham/ur_ws/build/ur16_control_ui': BYOBU_DATE=%Y-%m-%d CMAKE_PREFIX_PATH=${CMAKE_PREFIX_PATH}:/opt/ros/humble /usr/bin/cmake --install /home/hoapham/ur_ws/build/ur16_control_ui
[7.223s] -- Install configuration: ""
[7.224s] -- Installing: /home/hoapham/ur_ws/install/ur16_control_ui/lib/ur16_control_ui/ur16_control_ui
[7.225s] -- Set runtime path of "/home/hoapham/ur_ws/install/ur16_control_ui/lib/ur16_control_ui/ur16_control_ui" to ""
[7.225s] -- Up-to-date: /home/hoapham/ur_ws/install/ur16_control_ui/include
[7.225s] -- Up-to-date: /home/hoapham/ur_ws/install/ur16_control_ui/include/ur16_control_ui
[7.225s] -- Up-to-date: /home/hoapham/ur_ws/install/ur16_control_ui/include/ur16_control_ui/parser.h
[7.225s] -- Up-to-date: /home/hoapham/ur_ws/install/ur16_control_ui/share/ur16_control_ui/config
[7.225s] -- Up-to-date: /home/hoapham/ur_ws/install/ur16_control_ui/share/ur16_control_ui/config/config.yaml
[7.225s] -- Up-to-date: /home/hoapham/ur_ws/install/ur16_control_ui/share/ament_index/resource_index/package_run_dependencies/ur16_control_ui
[7.225s] -- Up-to-date: /home/hoapham/ur_ws/install/ur16_control_ui/share/ament_index/resource_index/parent_prefix_path/ur16_control_ui
[7.225s] -- Up-to-date: /home/hoapham/ur_ws/install/ur16_control_ui/share/ur16_control_ui/environment/ament_prefix_path.sh
[7.225s] -- Installing: /home/hoapham/ur_ws/install/ur16_control_ui/share/ur16_control_ui/environment/ament_prefix_path.dsv
[7.225s] -- Up-to-date: /home/hoapham/ur_ws/install/ur16_control_ui/share/ur16_control_ui/environment/path.sh
[7.226s] -- Installing: /home/hoapham/ur_ws/install/ur16_control_ui/share/ur16_control_ui/environment/path.dsv
[7.226s] -- Up-to-date: /home/hoapham/ur_ws/install/ur16_control_ui/share/ur16_control_ui/local_setup.bash
[7.226s] -- Up-to-date: /home/hoapham/ur_ws/install/ur16_control_ui/share/ur16_control_ui/local_setup.sh
[7.226s] -- Up-to-date: /home/hoapham/ur_ws/install/ur16_control_ui/share/ur16_control_ui/local_setup.zsh
[7.226s] -- Installing: /home/hoapham/ur_ws/install/ur16_control_ui/share/ur16_control_ui/local_setup.dsv
[7.226s] -- Installing: /home/hoapham/ur_ws/install/ur16_control_ui/share/ur16_control_ui/package.dsv
[7.226s] -- Up-to-date: /home/hoapham/ur_ws/install/ur16_control_ui/share/ament_index/resource_index/packages/ur16_control_ui
[7.226s] -- Up-to-date: /home/hoapham/ur_ws/install/ur16_control_ui/share/ur16_control_ui/cmake/ament_cmake_export_include_directories-extras.cmake
[7.226s] -- Up-to-date: /home/hoapham/ur_ws/install/ur16_control_ui/share/ur16_control_ui/cmake/ur16_control_uiConfig.cmake
[7.226s] -- Up-to-date: /home/hoapham/ur_ws/install/ur16_control_ui/share/ur16_control_ui/cmake/ur16_control_uiConfig-version.cmake
[7.226s] -- Up-to-date: /home/hoapham/ur_ws/install/ur16_control_ui/share/ur16_control_ui/package.xml
[7.228s] Invoked command in '/home/hoapham/ur_ws/build/ur16_control_ui' returned '0': BYOBU_DATE=%Y-%m-%d CMAKE_PREFIX_PATH=${CMAKE_PREFIX_PATH}:/opt/ros/humble /usr/bin/cmake --install /home/hoapham/ur_ws/build/ur16_control_ui
