[01m[K/home/hoapham/ros2_ws/src/gui/src/rviz_preparation.cpp:1:10:[m[K [01;31m[Kfatal error: [m[Kgui/RvizPreparation.h: No such file or directory
    1 | #include [01;31m[K"gui/RvizPreparation.h"[m[K
      |          [01;31m[K^~~~~~~~~~~~~~~~~~~~~~~[m[K
compilation terminated.
gmake[2]: *** [CMakeFiles/gui.dir/build.make:146: CMakeFiles/gui.dir/src/rviz_preparation.cpp.o] Error 1
gmake[2]: *** Waiting for unfinished jobs....
[01m[K/home/hoapham/ros2_ws/src/gui/src/preparation.cpp:3:10:[m[K [01;31m[Kfatal error: [m[Krviz_preparation.h: No such file or directory
    3 | #include [01;31m[K"rviz_preparation.h"[m[K
      |          [01;31m[K^~~~~~~~~~~~~~~~~~~~[m[K
compilation terminated.
gmake[2]: *** [CMakeFiles/gui.dir/build.make:160: CMakeFiles/gui.dir/src/preparation.cpp.o] Error 1
In file included from [01m[K/home/hoapham/ros2_ws/build/gui/gui_autogen/mocs_compilation.cpp:5[m[K:
[01m[K/home/hoapham/ros2_ws/build/gui/gui_autogen/BMPI5EA7AM/moc_rviz_preparation.cpp:73:6:[m[K [01;31m[Kerror: [m[K‘[01m[KRvizPreparation[m[K’ has not been declared
   73 | void [01;31m[KRvizPreparation[m[K::qt_static_metacall(QObject *_o, QMetaObject::Call _c, int _id, void **_a)
      |      [01;31m[K^~~~~~~~~~~~~~~[m[K
[01m[K/home/hoapham/ros2_ws/build/gui/gui_autogen/BMPI5EA7AM/moc_rviz_preparation.cpp:[m[K In function ‘[01m[Kvoid qt_static_metacall(QObject*, QMetaObject::Call, int, void**)[m[K’:
[01m[K/home/hoapham/ros2_ws/build/gui/gui_autogen/BMPI5EA7AM/moc_rviz_preparation.cpp:76:32:[m[K [01;31m[Kerror: [m[K‘[01m[KRvizPreparation[m[K’ does not name a type
   76 |         auto *_t = static_cast<[01;31m[KRvizPreparation[m[K *>(_o);
      |                                [01;31m[K^~~~~~~~~~~~~~~[m[K
[01m[K/home/hoapham/ros2_ws/build/gui/gui_autogen/BMPI5EA7AM/moc_rviz_preparation.cpp:76:48:[m[K [01;31m[Kerror: [m[Kexpected ‘[01m[K>[m[K’ before ‘[01m[K*[m[K’ token
   76 |         auto *_t = static_cast<RvizPreparation [01;31m[K*[m[K>(_o);
      |                                                [01;31m[K^[m[K
[01m[K/home/hoapham/ros2_ws/build/gui/gui_autogen/BMPI5EA7AM/moc_rviz_preparation.cpp:76:48:[m[K [01;31m[Kerror: [m[Kexpected ‘[01m[K([m[K’ before ‘[01m[K*[m[K’ token
   76 |         auto *_t = static_cast<RvizPreparation [01;31m[K*[m[K>(_o);
      |                                                [01;31m[K^[m[K
      |                                                [32m[K([m[K
[01m[K/home/hoapham/ros2_ws/build/gui/gui_autogen/BMPI5EA7AM/moc_rviz_preparation.cpp:76:49:[m[K [01;31m[Kerror: [m[Kexpected primary-expression before ‘[01m[K>[m[K’ token
   76 |         auto *_t = static_cast<RvizPreparation *[01;31m[K>[m[K(_o);
      |                                                 [01;31m[K^[m[K
[01m[K/home/hoapham/ros2_ws/build/gui/gui_autogen/BMPI5EA7AM/moc_rviz_preparation.cpp:76:54:[m[K [01;31m[Kerror: [m[Kexpected ‘[01m[K)[m[K’ before ‘[01m[K;[m[K’ token
   76 |         auto *_t = static_cast<RvizPreparation *>(_o)[01;31m[K;[m[K
      |                                                      [01;31m[K^[m[K
      |                                                      [32m[K)[m[K
[01m[K/home/hoapham/ros2_ws/build/gui/gui_autogen/BMPI5EA7AM/moc_rviz_preparation.cpp:[m[K At global scope:
[01m[K/home/hoapham/ros2_ws/build/gui/gui_autogen/BMPI5EA7AM/moc_rviz_preparation.cpp:86:38:[m[K [01;31m[Kerror: [m[K‘[01m[KRvizPreparation[m[K’ has not been declared
   86 | QT_INIT_METAOBJECT const QMetaObject [01;31m[KRvizPreparation[m[K::staticMetaObject = { {
      |                                      [01;31m[K^~~~~~~~~~~~~~~[m[K
[01m[K/home/hoapham/ros2_ws/build/gui/gui_autogen/BMPI5EA7AM/moc_rviz_preparation.cpp:96:20:[m[K [01;31m[Kerror: [m[K‘[01m[KRvizPreparation[m[K’ has not been declared
   96 | const QMetaObject *[01;31m[KRvizPreparation[m[K::metaObject() const
      |                    [01;31m[K^~~~~~~~~~~~~~~[m[K
[01m[K/home/hoapham/ros2_ws/build/gui/gui_autogen/BMPI5EA7AM/moc_rviz_preparation.cpp:96:50:[m[K [01;31m[Kerror: [m[Knon-member function ‘[01m[Kconst QMetaObject* metaObject()[m[K’ cannot have cv-qualifier
   96 | const QMetaObject *RvizPreparation::metaObject() [01;31m[Kconst[m[K
      |                                                  [01;31m[K^~~~~[m[K
[01m[K/home/hoapham/ros2_ws/build/gui/gui_autogen/BMPI5EA7AM/moc_rviz_preparation.cpp:[m[K In function ‘[01m[Kconst QMetaObject* metaObject()[m[K’:
[01m[K/home/hoapham/ros2_ws/build/gui/gui_autogen/BMPI5EA7AM/moc_rviz_preparation.cpp:98:21:[m[K [01;31m[Kerror: [m[K‘[01m[KQScopedPointer<QObjectData> QObject::d_ptr[m[K’ is protected within this context
   98 |     return QObject::[01;31m[Kd_ptr[m[K->metaObject ? QObject::d_ptr->dynamicMetaObject() : &staticMetaObject;
      |                     [01;31m[K^~~~~[m[K
In file included from [01m[K/usr/include/x86_64-linux-gnu/qt5/QtWidgets/qwidget.h:45[m[K,
                 from [01m[K/usr/include/x86_64-linux-gnu/qt5/QtWidgets/qmainwindow.h:44[m[K,
                 from [01m[K/usr/include/x86_64-linux-gnu/qt5/QtWidgets/QMainWindow:1[m[K,
                 from [01m[K/home/hoapham/ros2_ws/build/gui/gui_autogen/BMPI5EA7AM/../../../../src/gui/include/gui/hello_gui.h:4[m[K,
                 from [01m[K/home/hoapham/ros2_ws/build/gui/gui_autogen/BMPI5EA7AM/moc_hello_gui.cpp:10[m[K,
                 from [01m[K/home/hoapham/ros2_ws/build/gui/gui_autogen/mocs_compilation.cpp:2[m[K:
[01m[K/usr/include/x86_64-linux-gnu/qt5/QtCore/qobject.h:450:33:[m[K [01;36m[Knote: [m[Kdeclared protected here
  450 |     QScopedPointer<QObjectData> [01;36m[Kd_ptr[m[K;
      |                                 [01;36m[K^~~~~[m[K
In file included from [01m[K/home/hoapham/ros2_ws/build/gui/gui_autogen/mocs_compilation.cpp:5[m[K:
[01m[K/home/hoapham/ros2_ws/build/gui/gui_autogen/BMPI5EA7AM/moc_rviz_preparation.cpp:98:21:[m[K [01;31m[Kerror: [m[Kinvalid use of non-static data member ‘[01m[KQObject::d_ptr[m[K’
   98 |     return QObject::[01;31m[Kd_ptr[m[K->metaObject ? QObject::d_ptr->dynamicMetaObject() : &staticMetaObject;
      |                     [01;31m[K^~~~~[m[K
In file included from [01m[K/usr/include/x86_64-linux-gnu/qt5/QtWidgets/qwidget.h:45[m[K,
                 from [01m[K/usr/include/x86_64-linux-gnu/qt5/QtWidgets/qmainwindow.h:44[m[K,
                 from [01m[K/usr/include/x86_64-linux-gnu/qt5/QtWidgets/QMainWindow:1[m[K,
                 from [01m[K/home/hoapham/ros2_ws/build/gui/gui_autogen/BMPI5EA7AM/../../../../src/gui/include/gui/hello_gui.h:4[m[K,
                 from [01m[K/home/hoapham/ros2_ws/build/gui/gui_autogen/BMPI5EA7AM/moc_hello_gui.cpp:10[m[K,
                 from [01m[K/home/hoapham/ros2_ws/build/gui/gui_autogen/mocs_compilation.cpp:2[m[K:
[01m[K/usr/include/x86_64-linux-gnu/qt5/QtCore/qobject.h:450:33:[m[K [01;36m[Knote: [m[Kdeclared here
  450 |     QScopedPointer<QObjectData> [01;36m[Kd_ptr[m[K;
      |                                 [01;36m[K^~~~~[m[K
In file included from [01m[K/home/hoapham/ros2_ws/build/gui/gui_autogen/mocs_compilation.cpp:5[m[K:
[01m[K/home/hoapham/ros2_ws/build/gui/gui_autogen/BMPI5EA7AM/moc_rviz_preparation.cpp:98:50:[m[K [01;31m[Kerror: [m[K‘[01m[KQScopedPointer<QObjectData> QObject::d_ptr[m[K’ is protected within this context
   98 |     return QObject::d_ptr->metaObject ? QObject::[01;31m[Kd_ptr[m[K->dynamicMetaObject() : &staticMetaObject;
      |                                                  [01;31m[K^~~~~[m[K
In file included from [01m[K/usr/include/x86_64-linux-gnu/qt5/QtWidgets/qwidget.h:45[m[K,
                 from [01m[K/usr/include/x86_64-linux-gnu/qt5/QtWidgets/qmainwindow.h:44[m[K,
                 from [01m[K/usr/include/x86_64-linux-gnu/qt5/QtWidgets/QMainWindow:1[m[K,
                 from [01m[K/home/hoapham/ros2_ws/build/gui/gui_autogen/BMPI5EA7AM/../../../../src/gui/include/gui/hello_gui.h:4[m[K,
                 from [01m[K/home/hoapham/ros2_ws/build/gui/gui_autogen/BMPI5EA7AM/moc_hello_gui.cpp:10[m[K,
                 from [01m[K/home/hoapham/ros2_ws/build/gui/gui_autogen/mocs_compilation.cpp:2[m[K:
[01m[K/usr/include/x86_64-linux-gnu/qt5/QtCore/qobject.h:450:33:[m[K [01;36m[Knote: [m[Kdeclared protected here
  450 |     QScopedPointer<QObjectData> [01;36m[Kd_ptr[m[K;
      |                                 [01;36m[K^~~~~[m[K
In file included from [01m[K/home/hoapham/ros2_ws/build/gui/gui_autogen/mocs_compilation.cpp:5[m[K:
[01m[K/home/hoapham/ros2_ws/build/gui/gui_autogen/BMPI5EA7AM/moc_rviz_preparation.cpp:98:50:[m[K [01;31m[Kerror: [m[Kinvalid use of non-static data member ‘[01m[KQObject::d_ptr[m[K’
   98 |     return QObject::d_ptr->metaObject ? QObject::[01;31m[Kd_ptr[m[K->dynamicMetaObject() : &staticMetaObject;
      |                                                  [01;31m[K^~~~~[m[K
In file included from [01m[K/usr/include/x86_64-linux-gnu/qt5/QtWidgets/qwidget.h:45[m[K,
                 from [01m[K/usr/include/x86_64-linux-gnu/qt5/QtWidgets/qmainwindow.h:44[m[K,
                 from [01m[K/usr/include/x86_64-linux-gnu/qt5/QtWidgets/QMainWindow:1[m[K,
                 from [01m[K/home/hoapham/ros2_ws/build/gui/gui_autogen/BMPI5EA7AM/../../../../src/gui/include/gui/hello_gui.h:4[m[K,
                 from [01m[K/home/hoapham/ros2_ws/build/gui/gui_autogen/BMPI5EA7AM/moc_hello_gui.cpp:10[m[K,
                 from [01m[K/home/hoapham/ros2_ws/build/gui/gui_autogen/mocs_compilation.cpp:2[m[K:
[01m[K/usr/include/x86_64-linux-gnu/qt5/QtCore/qobject.h:450:33:[m[K [01;36m[Knote: [m[Kdeclared here
  450 |     QScopedPointer<QObjectData> [01;36m[Kd_ptr[m[K;
      |                                 [01;36m[K^~~~~[m[K
In file included from [01m[K/home/hoapham/ros2_ws/build/gui/gui_autogen/mocs_compilation.cpp:5[m[K:
[01m[K/home/hoapham/ros2_ws/build/gui/gui_autogen/BMPI5EA7AM/moc_rviz_preparation.cpp:[m[K At global scope:
[01m[K/home/hoapham/ros2_ws/build/gui/gui_autogen/BMPI5EA7AM/moc_rviz_preparation.cpp:101:7:[m[K [01;31m[Kerror: [m[K‘[01m[KRvizPreparation[m[K’ has not been declared
  101 | void *[01;31m[KRvizPreparation[m[K::qt_metacast(const char *_clname)
      |       [01;31m[K^~~~~~~~~~~~~~~[m[K
[01m[K/home/hoapham/ros2_ws/build/gui/gui_autogen/BMPI5EA7AM/moc_rviz_preparation.cpp:[m[K In function ‘[01m[Kvoid* qt_metacast(const char*)[m[K’:
[01m[K/home/hoapham/ros2_ws/build/gui/gui_autogen/BMPI5EA7AM/moc_rviz_preparation.cpp:105:35:[m[K [01;31m[Kerror: [m[Kinvalid use of ‘[01m[Kthis[m[K’ in non-member function
  105 |         return static_cast<void*>([01;31m[Kthis[m[K);
      |                                   [01;31m[K^~~~[m[K
[01m[K/home/hoapham/ros2_ws/build/gui/gui_autogen/BMPI5EA7AM/moc_rviz_preparation.cpp:107:67:[m[K [01;31m[Kerror: [m[Kinvalid use of ‘[01m[Kthis[m[K’ in non-member function
  107 |        return static_cast< rviz_common::WindowManagerInterface*>([01;31m[Kthis[m[K);
      |                                                                  [01;31m[K^~~~[m[K

[01m[K/home/hoapham/ros2_ws/build/gui/gui_autogen/BMPI5EA7AM/moc_rviz_preparation.cpp:108:36:[m[K [01;31m[Kerror: [m[Kcannot call member function ‘[01m[Kvirtual void* QMainWindow::qt_metacast(const char*)[m[K’ without object
  108 |     return [01;31m[KQMainWindow::qt_metacast(_clname)[m[K;
      |            [01;31m[K~~~~~~~~~~~~~~~~~~~~~~~~^~~~~~~~~[m[K
[01m[K/home/hoapham/ros2_ws/build/gui/gui_autogen/BMPI5EA7AM/moc_rviz_preparation.cpp:[m[K At global scope:
[01m[K/home/hoapham/ros2_ws/build/gui/gui_autogen/BMPI5EA7AM/moc_rviz_preparation.cpp:111:5:[m[K [01;31m[Kerror: [m[K‘[01m[KRvizPreparation[m[K’ has not been declared
  111 | int [01;31m[KRvizPreparation[m[K::qt_metacall(QMetaObject::Call _c, int _id, void **_a)
      |     [01;31m[K^~~~~~~~~~~~~~~[m[K
[01m[K/home/hoapham/ros2_ws/build/gui/gui_autogen/BMPI5EA7AM/moc_rviz_preparation.cpp:[m[K In function ‘[01m[Kint qt_metacall(QMetaObject::Call, int, void**)[m[K’:
[01m[K/home/hoapham/ros2_ws/build/gui/gui_autogen/BMPI5EA7AM/moc_rviz_preparation.cpp:113:35:[m[K [01;31m[Kerror: [m[Kcannot call member function ‘[01m[Kvirtual int QMainWindow::qt_metacall(QMetaObject::Call, int, void**)[m[K’ without object
  113 |     _id = [01;31m[KQMainWindow::qt_metacall(_c, _id, _a)[m[K;
      |           [01;31m[K~~~~~~~~~~~~~~~~~~~~~~~~^~~~~~~~~~~~~[m[K
[01m[K/home/hoapham/ros2_ws/build/gui/gui_autogen/BMPI5EA7AM/moc_rviz_preparation.cpp:118:32:[m[K [01;31m[Kerror: [m[Kinvalid use of ‘[01m[Kthis[m[K’ in non-member function
  118 |             qt_static_metacall([01;31m[Kthis[m[K, _c, _id, _a);
      |                                [01;31m[K^~~~[m[K
gmake[2]: *** [CMakeFiles/gui.dir/build.make:76: CMakeFiles/gui.dir/gui_autogen/mocs_compilation.cpp.o] Error 1
gmake[1]: *** [CMakeFiles/Makefile2:138: CMakeFiles/gui.dir/all] Error 2
gmake: *** [Makefile:146: all] Error 2
