[0.012s] Invoking command in '/home/hoapham/ros2_ws/build/gui': CMAKE_PREFIX_PATH=${CMAKE_PREFIX_PATH}:/opt/ros/humble /usr/bin/cmake --build /home/hoapham/ros2_ws/build/gui -- -j16 -l16
[0.051s] -- Found ament_cmake: 1.3.11 (/opt/ros/humble/share/ament_cmake/cmake)
[0.137s] -- Found rclcpp: 16.0.12 (/opt/ros/humble/share/rclcpp/cmake)
[0.150s] -- Found rosidl_generator_c: 3.1.6 (/opt/ros/humble/share/rosidl_generator_c/cmake)
[0.152s] -- Found rosidl_adapter: 3.1.6 (/opt/ros/humble/share/rosidl_adapter/cmake)
[0.155s] -- Found rosidl_generator_cpp: 3.1.6 (/opt/ros/humble/share/rosidl_generator_cpp/cmake)
[0.160s] -- Using all available rosidl_typesupport_c: rosidl_typesupport_fastrtps_c;rosidl_typesupport_introspection_c
[0.167s] -- Using all available rosidl_typesupport_cpp: rosidl_typesupport_fastrtps_cpp;rosidl_typesupport_introspection_cpp
[0.184s] -- Found rmw_implementation_cmake: 6.1.2 (/opt/ros/humble/share/rmw_implementation_cmake/cmake)
[0.185s] -- Found rmw_cyclonedds_cpp: 1.3.4 (/opt/ros/humble/share/rmw_cyclonedds_cpp/cmake)
[0.195s] -- Using RMW implementation 'rmw_cyclonedds_cpp' as default
[0.220s] -- Found example_interfaces: 0.9.3 (/opt/ros/humble/share/example_interfaces/cmake)
[0.242s] -- Found action_tutorials_interfaces: 0.20.5 (/opt/ros/humble/share/action_tutorials_interfaces/cmake)
[0.249s] -- Found rclcpp_action: 16.0.12 (/opt/ros/humble/share/rclcpp_action/cmake)
[0.253s] -- Found geometry_msgs: 4.8.0 (/opt/ros/humble/share/geometry_msgs/cmake)
[0.260s] -- Found rviz_default_plugins: 11.2.16 (/opt/ros/humble/share/rviz_default_plugins/cmake)
[0.352s] -- library: /usr/lib/x86_64-linux-gnu/libcurl.so
[0.354s] -- Setting assimp_DIR to: '/opt/ros/humble/share/rviz_assimp_vendor/cmake/../../../opt/rviz_assimp_vendor/lib/cmake/assimp-4.1'
[0.358s] -- Setting OGRE_DIR to: '/opt/ros/humble/share/rviz_ogre_vendor/cmake/../../../opt/rviz_ogre_vendor/lib/OGRE/cmake'
[0.358s] -- Found OGRE
[0.358s] --   static     : OFF
[0.358s] --   components : HLMS;MeshLodGenerator;Overlay;Paging;Property;RTShaderSystem;Terrain;Volume
[0.358s] --   plugins    : Plugin_BSPSceneManager;Plugin_OctreeSceneManager;Plugin_PCZSceneManager;Plugin_ParticleFX;RenderSystem_GL;RenderSystem_GL3Plus;Codec_STBI
[0.358s] --   media      : /opt/ros/humble/opt/rviz_ogre_vendor/share/OGRE/Media
[0.359s] -- OGRE_LIBRARIES: OgreHLMS;OgreMeshLodGenerator;OgreOverlay;OgrePaging;OgreProperty;OgreRTShaderSystem;OgreTerrain;OgreVolume;OgreMain
[0.359s] -- OGRE_LIBRARY_DIRS: /opt/ros/humble/opt/rviz_ogre_vendor/lib
[0.359s] -- OGRE_PLUGINS: Plugin_BSPSceneManager;Plugin_OctreeSceneManager;Plugin_PCZSceneManager;Plugin_ParticleFX;RenderSystem_GL;RenderSystem_GL3Plus;Codec_STBI
[0.359s] -- OGRE_PLUGIN_DIR: /opt/ros/humble/opt/rviz_ogre_vendor/lib/OGRE
[0.359s] -- rviz_ogre_vendor::OgreOverlay for IMPORTED_LOCATION_RELEASE: /opt/ros/humble/opt/rviz_ogre_vendor/lib/libOgreOverlay.so
[0.359s] -- rviz_ogre_vendor::OgreOverlay for IMPORTED_LOCATION_DEBUG: /opt/ros/humble/opt/rviz_ogre_vendor/lib/libOgreOverlay.so
[0.359s] -- rviz_ogre_vendor::OgreMain for IMPORTED_LOCATION_RELEASE: /opt/ros/humble/opt/rviz_ogre_vendor/lib/libOgreMain.so
[0.359s] -- rviz_ogre_vendor::OgreMain for IMPORTED_LOCATION_DEBUG: /opt/ros/humble/opt/rviz_ogre_vendor/lib/libOgreMain.so
[0.394s] -- Ensuring Eigen3 include directory is part of orocos-kdl CMake target
[0.430s] -- Found gui_msgs: 1.1.0 (/home/hoapham/ros2_ws/install/gui_msgs/share/gui_msgs/cmake)
[0.442s] -- Found std_srvs: 4.8.0 (/opt/ros/humble/share/std_srvs/cmake)
[0.454s] -- Found ament_lint_auto: 0.12.12 (/opt/ros/humble/share/ament_lint_auto/cmake)
[0.516s] -- Added test 'copyright' to check source files copyright and LICENSE
[0.518s] -- Added test 'cppcheck' to perform static code analysis on C / C++ code
[0.518s] -- Configured cppcheck include dirs: /home/hoapham/ros2_ws/src/gui/include
[0.518s] -- Configured cppcheck exclude dirs and/or files: 
[0.519s] -- Added test 'cpplint' to check C / C++ code against the Google style
[0.519s] -- Configured cpplint exclude dirs and/or files: 
[0.519s] -- Added test 'flake8' to check Python code syntax and style conventions
[0.520s] -- Added test 'lint_cmake' to check CMake code style
[0.520s] -- Added test 'pep257' to check Python code against some of the docstring style conventions in PEP 257
[0.521s] -- Added test 'uncrustify' to check C / C++ code style
[0.521s] -- Configured uncrustify additional arguments: 
[0.521s] -- Added test 'xmllint' to check XML markup files
[0.522s] -- Configuring done
[0.562s] -- Generating done
[0.566s] -- Build files have been written to: /home/hoapham/ros2_ws/build/gui
[0.606s] [ 11%] [34m[1mAutomatic MOC and UIC for target gui[0m
[0.900s] [ 11%] Built target gui_autogen
[0.914s] [35m[1mConsolidate compiler generated dependencies of target gui[0m
[0.956s] [ 44%] [32mBuilding CXX object CMakeFiles/gui.dir/src/rviz_preparation.cpp.o[0m
[0.956s] [ 44%] [32mBuilding CXX object CMakeFiles/gui.dir/gui_autogen/mocs_compilation.cpp.o[0m
[0.956s] [ 44%] [32mBuilding CXX object CMakeFiles/gui.dir/src/preparation.cpp.o[0m
[0.964s] [01m[K/home/hoapham/ros2_ws/src/gui/src/rviz_preparation.cpp:1:10:[m[K [01;31m[Kfatal error: [m[Kgui/RvizPreparation.h: No such file or directory
[0.965s]     1 | #include [01;31m[K"gui/RvizPreparation.h"[m[K
[0.965s]       |          [01;31m[K^~~~~~~~~~~~~~~~~~~~~~~[m[K
[0.965s] compilation terminated.
[0.966s] gmake[2]: *** [CMakeFiles/gui.dir/build.make:146: CMakeFiles/gui.dir/src/rviz_preparation.cpp.o] Error 1
[0.966s] gmake[2]: *** Waiting for unfinished jobs....
[1.126s] [01m[K/home/hoapham/ros2_ws/src/gui/src/preparation.cpp:3:10:[m[K [01;31m[Kfatal error: [m[Krviz_preparation.h: No such file or directory
[1.126s]     3 | #include [01;31m[K"rviz_preparation.h"[m[K
[1.126s]       |          [01;31m[K^~~~~~~~~~~~~~~~~~~~[m[K
[1.126s] compilation terminated.
[1.131s] gmake[2]: *** [CMakeFiles/gui.dir/build.make:160: CMakeFiles/gui.dir/src/preparation.cpp.o] Error 1
[5.260s] In file included from [01m[K/home/hoapham/ros2_ws/build/gui/gui_autogen/mocs_compilation.cpp:5[m[K:
[5.261s] [01m[K/home/hoapham/ros2_ws/build/gui/gui_autogen/BMPI5EA7AM/moc_rviz_preparation.cpp:73:6:[m[K [01;31m[Kerror: [m[K‘[01m[KRvizPreparation[m[K’ has not been declared
[5.261s]    73 | void [01;31m[KRvizPreparation[m[K::qt_static_metacall(QObject *_o, QMetaObject::Call _c, int _id, void **_a)
[5.261s]       |      [01;31m[K^~~~~~~~~~~~~~~[m[K
[5.270s] [01m[K/home/hoapham/ros2_ws/build/gui/gui_autogen/BMPI5EA7AM/moc_rviz_preparation.cpp:[m[K In function ‘[01m[Kvoid qt_static_metacall(QObject*, QMetaObject::Call, int, void**)[m[K’:
[5.270s] [01m[K/home/hoapham/ros2_ws/build/gui/gui_autogen/BMPI5EA7AM/moc_rviz_preparation.cpp:76:32:[m[K [01;31m[Kerror: [m[K‘[01m[KRvizPreparation[m[K’ does not name a type
[5.270s]    76 |         auto *_t = static_cast<[01;31m[KRvizPreparation[m[K *>(_o);
[5.270s]       |                                [01;31m[K^~~~~~~~~~~~~~~[m[K
[5.270s] [01m[K/home/hoapham/ros2_ws/build/gui/gui_autogen/BMPI5EA7AM/moc_rviz_preparation.cpp:76:48:[m[K [01;31m[Kerror: [m[Kexpected ‘[01m[K>[m[K’ before ‘[01m[K*[m[K’ token
[5.270s]    76 |         auto *_t = static_cast<RvizPreparation [01;31m[K*[m[K>(_o);
[5.270s]       |                                                [01;31m[K^[m[K
[5.270s] [01m[K/home/hoapham/ros2_ws/build/gui/gui_autogen/BMPI5EA7AM/moc_rviz_preparation.cpp:76:48:[m[K [01;31m[Kerror: [m[Kexpected ‘[01m[K([m[K’ before ‘[01m[K*[m[K’ token
[5.270s]    76 |         auto *_t = static_cast<RvizPreparation [01;31m[K*[m[K>(_o);
[5.270s]       |                                                [01;31m[K^[m[K
[5.270s]       |                                                [32m[K([m[K
[5.270s] [01m[K/home/hoapham/ros2_ws/build/gui/gui_autogen/BMPI5EA7AM/moc_rviz_preparation.cpp:76:49:[m[K [01;31m[Kerror: [m[Kexpected primary-expression before ‘[01m[K>[m[K’ token
[5.270s]    76 |         auto *_t = static_cast<RvizPreparation *[01;31m[K>[m[K(_o);
[5.271s]       |                                                 [01;31m[K^[m[K
[5.271s] [01m[K/home/hoapham/ros2_ws/build/gui/gui_autogen/BMPI5EA7AM/moc_rviz_preparation.cpp:76:54:[m[K [01;31m[Kerror: [m[Kexpected ‘[01m[K)[m[K’ before ‘[01m[K;[m[K’ token
[5.271s]    76 |         auto *_t = static_cast<RvizPreparation *>(_o)[01;31m[K;[m[K
[5.271s]       |                                                      [01;31m[K^[m[K
[5.271s]       |                                                      [32m[K)[m[K
[5.271s] [01m[K/home/hoapham/ros2_ws/build/gui/gui_autogen/BMPI5EA7AM/moc_rviz_preparation.cpp:[m[K At global scope:
[5.271s] [01m[K/home/hoapham/ros2_ws/build/gui/gui_autogen/BMPI5EA7AM/moc_rviz_preparation.cpp:86:38:[m[K [01;31m[Kerror: [m[K‘[01m[KRvizPreparation[m[K’ has not been declared
[5.271s]    86 | QT_INIT_METAOBJECT const QMetaObject [01;31m[KRvizPreparation[m[K::staticMetaObject = { {
[5.271s]       |                                      [01;31m[K^~~~~~~~~~~~~~~[m[K
[5.271s] [01m[K/home/hoapham/ros2_ws/build/gui/gui_autogen/BMPI5EA7AM/moc_rviz_preparation.cpp:96:20:[m[K [01;31m[Kerror: [m[K‘[01m[KRvizPreparation[m[K’ has not been declared
[5.271s]    96 | const QMetaObject *[01;31m[KRvizPreparation[m[K::metaObject() const
[5.271s]       |                    [01;31m[K^~~~~~~~~~~~~~~[m[K
[5.271s] [01m[K/home/hoapham/ros2_ws/build/gui/gui_autogen/BMPI5EA7AM/moc_rviz_preparation.cpp:96:50:[m[K [01;31m[Kerror: [m[Knon-member function ‘[01m[Kconst QMetaObject* metaObject()[m[K’ cannot have cv-qualifier
[5.271s]    96 | const QMetaObject *RvizPreparation::metaObject() [01;31m[Kconst[m[K
[5.271s]       |                                                  [01;31m[K^~~~~[m[K
[5.271s] [01m[K/home/hoapham/ros2_ws/build/gui/gui_autogen/BMPI5EA7AM/moc_rviz_preparation.cpp:[m[K In function ‘[01m[Kconst QMetaObject* metaObject()[m[K’:
[5.271s] [01m[K/home/hoapham/ros2_ws/build/gui/gui_autogen/BMPI5EA7AM/moc_rviz_preparation.cpp:98:21:[m[K [01;31m[Kerror: [m[K‘[01m[KQScopedPointer<QObjectData> QObject::d_ptr[m[K’ is protected within this context
[5.271s]    98 |     return QObject::[01;31m[Kd_ptr[m[K->metaObject ? QObject::d_ptr->dynamicMetaObject() : &staticMetaObject;
[5.271s]       |                     [01;31m[K^~~~~[m[K
[5.271s] In file included from [01m[K/usr/include/x86_64-linux-gnu/qt5/QtWidgets/qwidget.h:45[m[K,
[5.271s]                  from [01m[K/usr/include/x86_64-linux-gnu/qt5/QtWidgets/qmainwindow.h:44[m[K,
[5.271s]                  from [01m[K/usr/include/x86_64-linux-gnu/qt5/QtWidgets/QMainWindow:1[m[K,
[5.271s]                  from [01m[K/home/hoapham/ros2_ws/build/gui/gui_autogen/BMPI5EA7AM/../../../../src/gui/include/gui/hello_gui.h:4[m[K,
[5.271s]                  from [01m[K/home/hoapham/ros2_ws/build/gui/gui_autogen/BMPI5EA7AM/moc_hello_gui.cpp:10[m[K,
[5.271s]                  from [01m[K/home/hoapham/ros2_ws/build/gui/gui_autogen/mocs_compilation.cpp:2[m[K:
[5.271s] [01m[K/usr/include/x86_64-linux-gnu/qt5/QtCore/qobject.h:450:33:[m[K [01;36m[Knote: [m[Kdeclared protected here
[5.271s]   450 |     QScopedPointer<QObjectData> [01;36m[Kd_ptr[m[K;
[5.271s]       |                                 [01;36m[K^~~~~[m[K
[5.271s] In file included from [01m[K/home/hoapham/ros2_ws/build/gui/gui_autogen/mocs_compilation.cpp:5[m[K:
[5.271s] [01m[K/home/hoapham/ros2_ws/build/gui/gui_autogen/BMPI5EA7AM/moc_rviz_preparation.cpp:98:21:[m[K [01;31m[Kerror: [m[Kinvalid use of non-static data member ‘[01m[KQObject::d_ptr[m[K’
[5.271s]    98 |     return QObject::[01;31m[Kd_ptr[m[K->metaObject ? QObject::d_ptr->dynamicMetaObject() : &staticMetaObject;
[5.271s]       |                     [01;31m[K^~~~~[m[K
[5.271s] In file included from [01m[K/usr/include/x86_64-linux-gnu/qt5/QtWidgets/qwidget.h:45[m[K,
[5.272s]                  from [01m[K/usr/include/x86_64-linux-gnu/qt5/QtWidgets/qmainwindow.h:44[m[K,
[5.272s]                  from [01m[K/usr/include/x86_64-linux-gnu/qt5/QtWidgets/QMainWindow:1[m[K,
[5.272s]                  from [01m[K/home/hoapham/ros2_ws/build/gui/gui_autogen/BMPI5EA7AM/../../../../src/gui/include/gui/hello_gui.h:4[m[K,
[5.272s]                  from [01m[K/home/hoapham/ros2_ws/build/gui/gui_autogen/BMPI5EA7AM/moc_hello_gui.cpp:10[m[K,
[5.272s]                  from [01m[K/home/hoapham/ros2_ws/build/gui/gui_autogen/mocs_compilation.cpp:2[m[K:
[5.272s] [01m[K/usr/include/x86_64-linux-gnu/qt5/QtCore/qobject.h:450:33:[m[K [01;36m[Knote: [m[Kdeclared here
[5.272s]   450 |     QScopedPointer<QObjectData> [01;36m[Kd_ptr[m[K;
[5.272s]       |                                 [01;36m[K^~~~~[m[K
[5.272s] In file included from [01m[K/home/hoapham/ros2_ws/build/gui/gui_autogen/mocs_compilation.cpp:5[m[K:
[5.272s] [01m[K/home/hoapham/ros2_ws/build/gui/gui_autogen/BMPI5EA7AM/moc_rviz_preparation.cpp:98:50:[m[K [01;31m[Kerror: [m[K‘[01m[KQScopedPointer<QObjectData> QObject::d_ptr[m[K’ is protected within this context
[5.272s]    98 |     return QObject::d_ptr->metaObject ? QObject::[01;31m[Kd_ptr[m[K->dynamicMetaObject() : &staticMetaObject;
[5.272s]       |                                                  [01;31m[K^~~~~[m[K
[5.272s] In file included from [01m[K/usr/include/x86_64-linux-gnu/qt5/QtWidgets/qwidget.h:45[m[K,
[5.272s]                  from [01m[K/usr/include/x86_64-linux-gnu/qt5/QtWidgets/qmainwindow.h:44[m[K,
[5.272s]                  from [01m[K/usr/include/x86_64-linux-gnu/qt5/QtWidgets/QMainWindow:1[m[K,
[5.272s]                  from [01m[K/home/hoapham/ros2_ws/build/gui/gui_autogen/BMPI5EA7AM/../../../../src/gui/include/gui/hello_gui.h:4[m[K,
[5.272s]                  from [01m[K/home/hoapham/ros2_ws/build/gui/gui_autogen/BMPI5EA7AM/moc_hello_gui.cpp:10[m[K,
[5.272s]                  from [01m[K/home/hoapham/ros2_ws/build/gui/gui_autogen/mocs_compilation.cpp:2[m[K:
[5.272s] [01m[K/usr/include/x86_64-linux-gnu/qt5/QtCore/qobject.h:450:33:[m[K [01;36m[Knote: [m[Kdeclared protected here
[5.272s]   450 |     QScopedPointer<QObjectData> [01;36m[Kd_ptr[m[K;
[5.272s]       |                                 [01;36m[K^~~~~[m[K
[5.272s] In file included from [01m[K/home/hoapham/ros2_ws/build/gui/gui_autogen/mocs_compilation.cpp:5[m[K:
[5.272s] [01m[K/home/hoapham/ros2_ws/build/gui/gui_autogen/BMPI5EA7AM/moc_rviz_preparation.cpp:98:50:[m[K [01;31m[Kerror: [m[Kinvalid use of non-static data member ‘[01m[KQObject::d_ptr[m[K’
[5.272s]    98 |     return QObject::d_ptr->metaObject ? QObject::[01;31m[Kd_ptr[m[K->dynamicMetaObject() : &staticMetaObject;
[5.272s]       |                                                  [01;31m[K^~~~~[m[K
[5.272s] In file included from [01m[K/usr/include/x86_64-linux-gnu/qt5/QtWidgets/qwidget.h:45[m[K,
[5.272s]                  from [01m[K/usr/include/x86_64-linux-gnu/qt5/QtWidgets/qmainwindow.h:44[m[K,
[5.272s]                  from [01m[K/usr/include/x86_64-linux-gnu/qt5/QtWidgets/QMainWindow:1[m[K,
[5.272s]                  from [01m[K/home/hoapham/ros2_ws/build/gui/gui_autogen/BMPI5EA7AM/../../../../src/gui/include/gui/hello_gui.h:4[m[K,
[5.272s]                  from [01m[K/home/hoapham/ros2_ws/build/gui/gui_autogen/BMPI5EA7AM/moc_hello_gui.cpp:10[m[K,
[5.272s]                  from [01m[K/home/hoapham/ros2_ws/build/gui/gui_autogen/mocs_compilation.cpp:2[m[K:
[5.272s] [01m[K/usr/include/x86_64-linux-gnu/qt5/QtCore/qobject.h:450:33:[m[K [01;36m[Knote: [m[Kdeclared here
[5.272s]   450 |     QScopedPointer<QObjectData> [01;36m[Kd_ptr[m[K;
[5.272s]       |                                 [01;36m[K^~~~~[m[K
[5.273s] In file included from [01m[K/home/hoapham/ros2_ws/build/gui/gui_autogen/mocs_compilation.cpp:5[m[K:
[5.273s] [01m[K/home/hoapham/ros2_ws/build/gui/gui_autogen/BMPI5EA7AM/moc_rviz_preparation.cpp:[m[K At global scope:
[5.273s] [01m[K/home/hoapham/ros2_ws/build/gui/gui_autogen/BMPI5EA7AM/moc_rviz_preparation.cpp:101:7:[m[K [01;31m[Kerror: [m[K‘[01m[KRvizPreparation[m[K’ has not been declared
[5.273s]   101 | void *[01;31m[KRvizPreparation[m[K::qt_metacast(const char *_clname)
[5.273s]       |       [01;31m[K^~~~~~~~~~~~~~~[m[K
[5.273s] [01m[K/home/hoapham/ros2_ws/build/gui/gui_autogen/BMPI5EA7AM/moc_rviz_preparation.cpp:[m[K In function ‘[01m[Kvoid* qt_metacast(const char*)[m[K’:
[5.273s] [01m[K/home/hoapham/ros2_ws/build/gui/gui_autogen/BMPI5EA7AM/moc_rviz_preparation.cpp:105:35:[m[K [01;31m[Kerror: [m[Kinvalid use of ‘[01m[Kthis[m[K’ in non-member function
[5.273s]   105 |         return static_cast<void*>([01;31m[Kthis[m[K);
[5.273s]       |                                   [01;31m[K^~~~[m[K
[5.273s] [01m[K/home/hoapham/ros2_ws/build/gui/gui_autogen/BMPI5EA7AM/moc_rviz_preparation.cpp:107:67:[m[K [01;31m[Kerror: [m[Kinvalid use of ‘[01m[Kthis[m[K’ in non-member function
[5.273s]   107 |        return static_cast< rviz_common::WindowManagerInterface*>([01;31m[Kthis[m[K);
[5.273s]       |                                                                  [01;31m[K^~~~[m[K
[5.273s] 
[5.273s] [01m[K/home/hoapham/ros2_ws/build/gui/gui_autogen/BMPI5EA7AM/moc_rviz_preparation.cpp:108:36:[m[K [01;31m[Kerror: [m[Kcannot call member function ‘[01m[Kvirtual void* QMainWindow::qt_metacast(const char*)[m[K’ without object
[5.273s]   108 |     return [01;31m[KQMainWindow::qt_metacast(_clname)[m[K;
[5.273s]       |            [01;31m[K~~~~~~~~~~~~~~~~~~~~~~~~^~~~~~~~~[m[K
[5.273s] [01m[K/home/hoapham/ros2_ws/build/gui/gui_autogen/BMPI5EA7AM/moc_rviz_preparation.cpp:[m[K At global scope:
[5.273s] [01m[K/home/hoapham/ros2_ws/build/gui/gui_autogen/BMPI5EA7AM/moc_rviz_preparation.cpp:111:5:[m[K [01;31m[Kerror: [m[K‘[01m[KRvizPreparation[m[K’ has not been declared
[5.273s]   111 | int [01;31m[KRvizPreparation[m[K::qt_metacall(QMetaObject::Call _c, int _id, void **_a)
[5.273s]       |     [01;31m[K^~~~~~~~~~~~~~~[m[K
[5.273s] [01m[K/home/hoapham/ros2_ws/build/gui/gui_autogen/BMPI5EA7AM/moc_rviz_preparation.cpp:[m[K In function ‘[01m[Kint qt_metacall(QMetaObject::Call, int, void**)[m[K’:
[5.273s] [01m[K/home/hoapham/ros2_ws/build/gui/gui_autogen/BMPI5EA7AM/moc_rviz_preparation.cpp:113:35:[m[K [01;31m[Kerror: [m[Kcannot call member function ‘[01m[Kvirtual int QMainWindow::qt_metacall(QMetaObject::Call, int, void**)[m[K’ without object
[5.273s]   113 |     _id = [01;31m[KQMainWindow::qt_metacall(_c, _id, _a)[m[K;
[5.273s]       |           [01;31m[K~~~~~~~~~~~~~~~~~~~~~~~~^~~~~~~~~~~~~[m[K
[5.273s] [01m[K/home/hoapham/ros2_ws/build/gui/gui_autogen/BMPI5EA7AM/moc_rviz_preparation.cpp:118:32:[m[K [01;31m[Kerror: [m[Kinvalid use of ‘[01m[Kthis[m[K’ in non-member function
[5.273s]   118 |             qt_static_metacall([01;31m[Kthis[m[K, _c, _id, _a);
[5.273s]       |                                [01;31m[K^~~~[m[K
[6.044s] gmake[2]: *** [CMakeFiles/gui.dir/build.make:76: CMakeFiles/gui.dir/gui_autogen/mocs_compilation.cpp.o] Error 1
[6.045s] gmake[1]: *** [CMakeFiles/Makefile2:138: CMakeFiles/gui.dir/all] Error 2
[6.045s] gmake: *** [Makefile:146: all] Error 2
[6.050s] Invoked command in '/home/hoapham/ros2_ws/build/gui' returned '2': CMAKE_PREFIX_PATH=${CMAKE_PREFIX_PATH}:/opt/ros/humble /usr/bin/cmake --build /home/hoapham/ros2_ws/build/gui -- -j16 -l16
