[0.018s] Invoking command in '/home/hoapham/ros2_ws/build/pcd_visualizer': CMAKE_PREFIX_PATH=/opt/ros/humble /usr/bin/cmake /home/hoapham/ros2_ws/src/pcd_visualizer -DCMAKE_INSTALL_PREFIX=/home/hoapham/ros2_ws/install/pcd_visualizer
[0.103s] -- The C compiler identification is GNU 11.4.0
[0.145s] -- The CXX compiler identification is GNU 11.4.0
[0.152s] -- Detecting C compiler ABI info
[0.205s] -- Detecting C compiler ABI info - done
[0.209s] -- Check for working C compiler: /usr/bin/cc - skipped
[0.210s] -- Detecting C compile features
[0.211s] -- Detecting C compile features - done
[0.212s] -- Detecting CXX compiler ABI info
[0.274s] -- Detecting CXX compiler ABI info - done
[0.280s] -- Check for working CXX compiler: /usr/bin/c++ - skipped
[0.280s] -- Detecting CXX compile features
[0.280s] -- Detecting CXX compile features - done
[0.282s] -- Found ament_cmake: 1.3.11 (/opt/ros/humble/share/ament_cmake/cmake)
[0.392s] -- Found Python3: /usr/bin/python3 (found version "3.10.12") found components: Interpreter 
[0.450s] -- Found rclcpp: 16.0.12 (/opt/ros/humble/share/rclcpp/cmake)
[0.481s] -- Found rosidl_generator_c: 3.1.6 (/opt/ros/humble/share/rosidl_generator_c/cmake)
[0.484s] -- Found rosidl_adapter: 3.1.6 (/opt/ros/humble/share/rosidl_adapter/cmake)
[0.489s] -- Found rosidl_generator_cpp: 3.1.6 (/opt/ros/humble/share/rosidl_generator_cpp/cmake)
[0.496s] -- Using all available rosidl_typesupport_c: rosidl_typesupport_fastrtps_c;rosidl_typesupport_introspection_c
[0.507s] -- Using all available rosidl_typesupport_cpp: rosidl_typesupport_fastrtps_cpp;rosidl_typesupport_introspection_cpp
[0.537s] -- Found rmw_implementation_cmake: 6.1.2 (/opt/ros/humble/share/rmw_implementation_cmake/cmake)
[0.539s] -- Found rmw_cyclonedds_cpp: 1.3.4 (/opt/ros/humble/share/rmw_cyclonedds_cpp/cmake)
[0.555s] -- Using RMW implementation 'rmw_cyclonedds_cpp' as default
[0.561s] -- Looking for pthread.h
[0.618s] -- Looking for pthread.h - found
[0.618s] -- Performing Test CMAKE_HAVE_LIBC_PTHREAD
[0.675s] -- Performing Test CMAKE_HAVE_LIBC_PTHREAD - Success
[0.675s] -- Found Threads: TRUE  
[0.710s] -- Found sensor_msgs: 4.8.0 (/opt/ros/humble/share/sensor_msgs/cmake)
[0.732s] -- Found pcl_conversions: 2.4.5 (/opt/ros/humble/share/pcl_conversions/cmake)
[0.758s] -- Checking for module 'eigen3'
[0.766s] --   Found eigen3, version 3.4.0
[0.792s] -- Found Eigen: /usr/include/eigen3 (Required is at least version "3.1") 
[0.792s] -- Eigen found (include: /usr/include/eigen3, version: 3.4.0)
[0.815s] -- Checking for module 'flann'
[0.826s] --   Found flann, version 1.9.1
[0.861s] -- Found FLANN: /usr/lib/x86_64-linux-gnu/libflann_cpp.so  
[0.861s] -- FLANN found (include: /usr/include, lib: /usr/lib/x86_64-linux-gnu/libflann_cpp.so)
[1.574s] -- Checking for module 'libusb-1.0'
[1.587s] --   Found libusb-1.0, version 1.0.25
[1.618s] -- Found libusb: /usr/lib/x86_64-linux-gnu/libusb-1.0.so  
[1.619s] -- OpenNI found (version: 1.5.4.0, include: /usr/include/ni, lib: /usr/lib/libOpenNI.so;libusb::libusb)
[1.664s] -- OpenNI2 found (version: 2.2.0.33, include: /usr/include/openni2, lib: /usr/lib/x86_64-linux-gnu/libOpenNI2.so;libusb::libusb)
[1.762s] -- Eigen found (include: /usr/include/eigen3, version: 3.4.0)
[1.766s] -- OpenNI found (version: 1.5.4.0, include: /usr/include/ni, lib: /usr/lib/libOpenNI.so;libusb::libusb)
[1.770s] -- OpenNI2 found (version: 2.2.0.33, include: /usr/include/openni2, lib: /usr/lib/x86_64-linux-gnu/libOpenNI2.so;libusb::libusb)
[1.861s] -- Found Qhull version 8.0.2
[1.957s] -- OpenNI found (version: 1.5.4.0, include: /usr/include/ni, lib: /usr/lib/libOpenNI.so;libusb::libusb)
[2.050s] -- Found PCL_COMMON: /usr/lib/x86_64-linux-gnu/libpcl_common.so  
[2.050s] -- Found PCL_KDTREE: /usr/lib/x86_64-linux-gnu/libpcl_kdtree.so  
[2.051s] -- Found PCL_OCTREE: /usr/lib/x86_64-linux-gnu/libpcl_octree.so  
[2.053s] -- Found PCL_SEARCH: /usr/lib/x86_64-linux-gnu/libpcl_search.so  
[2.054s] -- Found PCL_SAMPLE_CONSENSUS: /usr/lib/x86_64-linux-gnu/libpcl_sample_consensus.so  
[2.055s] -- Found PCL_FILTERS: /usr/lib/x86_64-linux-gnu/libpcl_filters.so  
[2.055s] -- Found PCL_2D: /usr/include/pcl-1.12  
[2.055s] -- Found PCL_GEOMETRY: /usr/include/pcl-1.12  
[2.055s] -- Found PCL_IO: /usr/lib/x86_64-linux-gnu/libpcl_io.so  
[2.056s] -- Found PCL_FEATURES: /usr/lib/x86_64-linux-gnu/libpcl_features.so  
[2.057s] -- Found PCL_ML: /usr/lib/x86_64-linux-gnu/libpcl_ml.so  
[2.057s] -- Found PCL_SEGMENTATION: /usr/lib/x86_64-linux-gnu/libpcl_segmentation.so  
[2.058s] -- Found PCL_VISUALIZATION: /usr/lib/x86_64-linux-gnu/libpcl_visualization.so  
[2.058s] -- Found PCL_SURFACE: /usr/lib/x86_64-linux-gnu/libpcl_surface.so  
[2.059s] -- Found PCL_REGISTRATION: /usr/lib/x86_64-linux-gnu/libpcl_registration.so  
[2.059s] -- Found PCL_KEYPOINTS: /usr/lib/x86_64-linux-gnu/libpcl_keypoints.so  
[2.060s] -- Found PCL_TRACKING: /usr/lib/x86_64-linux-gnu/libpcl_tracking.so  
[2.060s] -- Found PCL_RECOGNITION: /usr/lib/x86_64-linux-gnu/libpcl_recognition.so  
[2.061s] -- Found PCL_STEREO: /usr/lib/x86_64-linux-gnu/libpcl_stereo.so  
[2.061s] -- Found PCL_APPS: /usr/lib/x86_64-linux-gnu/libpcl_apps.so  
[2.062s] -- Found PCL_IN_HAND_SCANNER: /usr/include/pcl-1.12  
[2.062s] -- Found PCL_MODELER: /usr/include/pcl-1.12  
[2.062s] -- Found PCL_POINT_CLOUD_EDITOR: /usr/include/pcl-1.12  
[2.063s] -- Found PCL_OUTOFCORE: /usr/lib/x86_64-linux-gnu/libpcl_outofcore.so  
[2.064s] -- Found PCL_PEOPLE: /usr/lib/x86_64-linux-gnu/libpcl_people.so  
[2.065s] [33mCMake Warning (dev) at CMakeLists.txt:8 (find_package):
[2.065s]   Policy CMP0074 is not set: find_package uses <PackageName>_ROOT variables.
[2.065s]   Run "cmake --help-policy CMP0074" for policy details.  Use the cmake_policy
[2.065s]   command to set the policy and suppress this warning.
[2.065s] 
[2.065s]   CMake variable PCL_ROOT is set to:
[2.065s] 
[2.065s]     /usr
[2.065s] 
[2.065s]   For compatibility, CMake is ignoring the variable.
[2.065s] This warning is for project developers.  Use -Wno-dev to suppress it.
[2.065s] [0m
[2.115s] -- Configuring done
[2.145s] -- Generating done
[2.152s] -- Build files have been written to: /home/hoapham/ros2_ws/build/pcd_visualizer
