[0.012s] Invoking command in '/home/hoapham/ur_ws/build/ur_bringup': AMENT_PREFIX_PATH=/home/hoapham/ur_ws/install/ur_controllers:/home/hoapham/ur_ws/install/ur_msgs:/home/hoapham/ur_ws/install/ur_dashboard_msgs:${AMENT_PREFIX_PATH} CMAKE_PREFIX_PATH=/home/hoapham/ur_ws/install/ur_controllers:/home/hoapham/ur_ws/install/ur_msgs:/home/hoapham/ur_ws/install/ur_dashboard_msgs:/opt/ros/humble LD_LIBRARY_PATH=/home/hoapham/ur_ws/install/ur_controllers/lib:/home/hoapham/ur_ws/install/ur_msgs/lib:/home/hoapham/ur_ws/install/ur_dashboard_msgs/lib:${LD_LIBRARY_PATH} PYTHONPATH=/home/hoapham/ur_ws/install/ur_msgs/local/lib/python3.10/dist-packages:/home/hoapham/ur_ws/install/ur_dashboard_msgs/local/lib/python3.10/dist-packages:${PYTHONPATH} /usr/bin/cmake /home/hoapham/ur_ws/src/Universal_Robots_ROS2_Driver/ur_bringup -DCMAKE_INSTALL_PREFIX=/home/hoapham/ur_ws/install/ur_bringup
[0.080s] -- The C compiler identification is GNU 11.4.0
[0.126s] -- The CXX compiler identification is GNU 11.4.0
[0.133s] -- Detecting C compiler ABI info
[0.197s] -- Detecting C compiler ABI info - done
[0.201s] -- Check for working C compiler: /usr/bin/cc - skipped
[0.201s] -- Detecting C compile features
[0.202s] -- Detecting C compile features - done
[0.204s] -- Detecting CXX compiler ABI info
[0.269s] -- Detecting CXX compiler ABI info - done
[0.273s] -- Check for working CXX compiler: /usr/bin/c++ - skipped
[0.274s] -- Detecting CXX compile features
[0.274s] -- Detecting CXX compile features - done
[0.278s] -- Found ament_cmake: 1.3.11 (/opt/ros/humble/share/ament_cmake/cmake)
[0.395s] -- Found Python3: /usr/bin/python3 (found version "3.10.12") found components: Interpreter 
[0.526s] -- Configuring done
[0.527s] -- Generating done
[0.528s] -- Build files have been written to: /home/hoapham/ur_ws/build/ur_bringup
[0.532s] Invoked command in '/home/hoapham/ur_ws/build/ur_bringup' returned '0': AMENT_PREFIX_PATH=/home/hoapham/ur_ws/install/ur_controllers:/home/hoapham/ur_ws/install/ur_msgs:/home/hoapham/ur_ws/install/ur_dashboard_msgs:${AMENT_PREFIX_PATH} CMAKE_PREFIX_PATH=/home/hoapham/ur_ws/install/ur_controllers:/home/hoapham/ur_ws/install/ur_msgs:/home/hoapham/ur_ws/install/ur_dashboard_msgs:/opt/ros/humble LD_LIBRARY_PATH=/home/hoapham/ur_ws/install/ur_controllers/lib:/home/hoapham/ur_ws/install/ur_msgs/lib:/home/hoapham/ur_ws/install/ur_dashboard_msgs/lib:${LD_LIBRARY_PATH} PYTHONPATH=/home/hoapham/ur_ws/install/ur_msgs/local/lib/python3.10/dist-packages:/home/hoapham/ur_ws/install/ur_dashboard_msgs/local/lib/python3.10/dist-packages:${PYTHONPATH} /usr/bin/cmake /home/hoapham/ur_ws/src/Universal_Robots_ROS2_Driver/ur_bringup -DCMAKE_INSTALL_PREFIX=/home/hoapham/ur_ws/install/ur_bringup
[0.533s] Invoking command in '/home/hoapham/ur_ws/build/ur_bringup': AMENT_PREFIX_PATH=/home/hoapham/ur_ws/install/ur_controllers:/home/hoapham/ur_ws/install/ur_msgs:/home/hoapham/ur_ws/install/ur_dashboard_msgs:${AMENT_PREFIX_PATH} CMAKE_PREFIX_PATH=/home/hoapham/ur_ws/install/ur_controllers:/home/hoapham/ur_ws/install/ur_msgs:/home/hoapham/ur_ws/install/ur_dashboard_msgs:/opt/ros/humble LD_LIBRARY_PATH=/home/hoapham/ur_ws/install/ur_controllers/lib:/home/hoapham/ur_ws/install/ur_msgs/lib:/home/hoapham/ur_ws/install/ur_dashboard_msgs/lib:${LD_LIBRARY_PATH} PYTHONPATH=/home/hoapham/ur_ws/install/ur_msgs/local/lib/python3.10/dist-packages:/home/hoapham/ur_ws/install/ur_dashboard_msgs/local/lib/python3.10/dist-packages:${PYTHONPATH} /usr/bin/cmake --build /home/hoapham/ur_ws/build/ur_bringup
[0.569s] Invoked command in '/home/hoapham/ur_ws/build/ur_bringup' returned '0': AMENT_PREFIX_PATH=/home/hoapham/ur_ws/install/ur_controllers:/home/hoapham/ur_ws/install/ur_msgs:/home/hoapham/ur_ws/install/ur_dashboard_msgs:${AMENT_PREFIX_PATH} CMAKE_PREFIX_PATH=/home/hoapham/ur_ws/install/ur_controllers:/home/hoapham/ur_ws/install/ur_msgs:/home/hoapham/ur_ws/install/ur_dashboard_msgs:/opt/ros/humble LD_LIBRARY_PATH=/home/hoapham/ur_ws/install/ur_controllers/lib:/home/hoapham/ur_ws/install/ur_msgs/lib:/home/hoapham/ur_ws/install/ur_dashboard_msgs/lib:${LD_LIBRARY_PATH} PYTHONPATH=/home/hoapham/ur_ws/install/ur_msgs/local/lib/python3.10/dist-packages:/home/hoapham/ur_ws/install/ur_dashboard_msgs/local/lib/python3.10/dist-packages:${PYTHONPATH} /usr/bin/cmake --build /home/hoapham/ur_ws/build/ur_bringup
[0.570s] Invoking command in '/home/hoapham/ur_ws/build/ur_bringup': AMENT_PREFIX_PATH=/home/hoapham/ur_ws/install/ur_controllers:/home/hoapham/ur_ws/install/ur_msgs:/home/hoapham/ur_ws/install/ur_dashboard_msgs:${AMENT_PREFIX_PATH} CMAKE_PREFIX_PATH=/home/hoapham/ur_ws/install/ur_controllers:/home/hoapham/ur_ws/install/ur_msgs:/home/hoapham/ur_ws/install/ur_dashboard_msgs:/opt/ros/humble LD_LIBRARY_PATH=/home/hoapham/ur_ws/install/ur_controllers/lib:/home/hoapham/ur_ws/install/ur_msgs/lib:/home/hoapham/ur_ws/install/ur_dashboard_msgs/lib:${LD_LIBRARY_PATH} PYTHONPATH=/home/hoapham/ur_ws/install/ur_msgs/local/lib/python3.10/dist-packages:/home/hoapham/ur_ws/install/ur_dashboard_msgs/local/lib/python3.10/dist-packages:${PYTHONPATH} /usr/bin/cmake --install /home/hoapham/ur_ws/build/ur_bringup
[0.576s] -- Install configuration: ""
[0.576s] -- Installing: /home/hoapham/ur_ws/install/ur_bringup/share/ur_bringup/config
[0.576s] -- Installing: /home/hoapham/ur_ws/install/ur_bringup/share/ur_bringup/config/ur5_update_rate.yaml
[0.576s] -- Installing: /home/hoapham/ur_ws/install/ur_bringup/share/ur_bringup/config/ur_controllers.yaml
[0.576s] -- Installing: /home/hoapham/ur_ws/install/ur_bringup/share/ur_bringup/config/ur3_update_rate.yaml
[0.576s] -- Installing: /home/hoapham/ur_ws/install/ur_bringup/share/ur_bringup/config/ur10_update_rate.yaml
[0.577s] -- Installing: /home/hoapham/ur_ws/install/ur_bringup/share/ur_bringup/config/ur16e_update_rate.yaml
[0.577s] -- Installing: /home/hoapham/ur_ws/install/ur_bringup/share/ur_bringup/config/test_velocity_goal_publishers_config.yaml
[0.577s] -- Installing: /home/hoapham/ur_ws/install/ur_bringup/share/ur_bringup/config/test_goal_publishers_config.yaml
[0.577s] -- Installing: /home/hoapham/ur_ws/install/ur_bringup/share/ur_bringup/config/ur10e_update_rate.yaml
[0.577s] -- Installing: /home/hoapham/ur_ws/install/ur_bringup/share/ur_bringup/config/ur5e_update_rate.yaml
[0.577s] -- Installing: /home/hoapham/ur_ws/install/ur_bringup/share/ur_bringup/config/ur3e_update_rate.yaml
[0.577s] -- Installing: /home/hoapham/ur_ws/install/ur_bringup/share/ur_bringup/launch
[0.577s] -- Installing: /home/hoapham/ur_ws/install/ur_bringup/share/ur_bringup/launch/ur3.launch.py
[0.577s] -- Installing: /home/hoapham/ur_ws/install/ur_bringup/share/ur_bringup/launch/ur_dashboard_client.launch.py
[0.577s] -- Installing: /home/hoapham/ur_ws/install/ur_bringup/share/ur_bringup/launch/ur_control.launch.py
[0.577s] -- Installing: /home/hoapham/ur_ws/install/ur_bringup/share/ur_bringup/launch/test_forward_velocity_controller.launch.py
[0.577s] -- Installing: /home/hoapham/ur_ws/install/ur_bringup/share/ur_bringup/launch/ur3e.launch.py
[0.577s] -- Installing: /home/hoapham/ur_ws/install/ur_bringup/share/ur_bringup/launch/test_joint_trajectory_controller.launch.py
[0.577s] -- Installing: /home/hoapham/ur_ws/install/ur_bringup/share/ur_bringup/launch/ur16e.launch.py
[0.577s] -- Installing: /home/hoapham/ur_ws/install/ur_bringup/share/ur_bringup/launch/ur10e.launch.py
[0.577s] -- Installing: /home/hoapham/ur_ws/install/ur_bringup/share/ur_bringup/launch/ur12e.launch.py
[0.577s] -- Installing: /home/hoapham/ur_ws/install/ur_bringup/share/ur_bringup/launch/test_scaled_joint_trajectory_controller.launch.py
[0.578s] -- Installing: /home/hoapham/ur_ws/install/ur_bringup/share/ur_bringup/launch/ur7e.launch.py
[0.578s] -- Installing: /home/hoapham/ur_ws/install/ur_bringup/share/ur_bringup/launch/ur5e.launch.py
[0.578s] -- Installing: /home/hoapham/ur_ws/install/ur_bringup/share/ur_bringup/launch/ur5.launch.py
[0.578s] -- Installing: /home/hoapham/ur_ws/install/ur_bringup/share/ur_bringup/launch/ur10.launch.py
[0.578s] -- Installing: /home/hoapham/ur_ws/install/ur_bringup/lib/ur_bringup/start_ursim.sh
[0.578s] -- Installing: /home/hoapham/ur_ws/install/ur_bringup/share/ament_index/resource_index/package_run_dependencies/ur_bringup
[0.578s] -- Installing: /home/hoapham/ur_ws/install/ur_bringup/share/ament_index/resource_index/parent_prefix_path/ur_bringup
[0.578s] -- Installing: /home/hoapham/ur_ws/install/ur_bringup/share/ur_bringup/environment/ament_prefix_path.sh
[0.578s] -- Installing: /home/hoapham/ur_ws/install/ur_bringup/share/ur_bringup/environment/ament_prefix_path.dsv
[0.579s] -- Installing: /home/hoapham/ur_ws/install/ur_bringup/share/ur_bringup/environment/path.sh
[0.579s] -- Installing: /home/hoapham/ur_ws/install/ur_bringup/share/ur_bringup/environment/path.dsv
[0.579s] -- Installing: /home/hoapham/ur_ws/install/ur_bringup/share/ur_bringup/local_setup.bash
[0.579s] -- Installing: /home/hoapham/ur_ws/install/ur_bringup/share/ur_bringup/local_setup.sh
[0.579s] -- Installing: /home/hoapham/ur_ws/install/ur_bringup/share/ur_bringup/local_setup.zsh
[0.579s] -- Installing: /home/hoapham/ur_ws/install/ur_bringup/share/ur_bringup/local_setup.dsv
[0.579s] -- Installing: /home/hoapham/ur_ws/install/ur_bringup/share/ur_bringup/package.dsv
[0.579s] -- Installing: /home/hoapham/ur_ws/install/ur_bringup/share/ament_index/resource_index/packages/ur_bringup
[0.579s] -- Installing: /home/hoapham/ur_ws/install/ur_bringup/share/ur_bringup/cmake/ur_bringupConfig.cmake
[0.580s] -- Installing: /home/hoapham/ur_ws/install/ur_bringup/share/ur_bringup/cmake/ur_bringupConfig-version.cmake
[0.580s] -- Installing: /home/hoapham/ur_ws/install/ur_bringup/share/ur_bringup/package.xml
[0.581s] Invoked command in '/home/hoapham/ur_ws/build/ur_bringup' returned '0': AMENT_PREFIX_PATH=/home/hoapham/ur_ws/install/ur_controllers:/home/hoapham/ur_ws/install/ur_msgs:/home/hoapham/ur_ws/install/ur_dashboard_msgs:${AMENT_PREFIX_PATH} CMAKE_PREFIX_PATH=/home/hoapham/ur_ws/install/ur_controllers:/home/hoapham/ur_ws/install/ur_msgs:/home/hoapham/ur_ws/install/ur_dashboard_msgs:/opt/ros/humble LD_LIBRARY_PATH=/home/hoapham/ur_ws/install/ur_controllers/lib:/home/hoapham/ur_ws/install/ur_msgs/lib:/home/hoapham/ur_ws/install/ur_dashboard_msgs/lib:${LD_LIBRARY_PATH} PYTHONPATH=/home/hoapham/ur_ws/install/ur_msgs/local/lib/python3.10/dist-packages:/home/hoapham/ur_ws/install/ur_dashboard_msgs/local/lib/python3.10/dist-packages:${PYTHONPATH} /usr/bin/cmake --install /home/hoapham/ur_ws/build/ur_bringup
