[0.012s] Invoking command in '/home/hoapham/ros2_ws/build/pointcloud_marker': BYOBU_DATE=%Y-%m-%d CMAKE_PREFIX_PATH=${CMAKE_PREFIX_PATH}:/opt/ros/humble /usr/bin/cmake --build /home/hoapham/ros2_ws/build/pointcloud_marker -- -j16 -l16
[0.067s] [35m[1mConsolidate compiler generated dependencies of target pointcloud_marker_node[0m
[0.094s] [ 50%] [32mBuilding CXX object CMakeFiles/pointcloud_marker_node.dir/src/pointcloud_marker_node.cpp.o[0m
[11.010s] [100%] [32m[1mLinking CXX executable pointcloud_marker_node[0m
[11.840s] [100%] Built target pointcloud_marker_node
[11.856s] Invoked command in '/home/hoapham/ros2_ws/build/pointcloud_marker' returned '0': BYOBU_DATE=%Y-%m-%d CMAKE_PREFIX_PATH=${CMAKE_PREFIX_PATH}:/opt/ros/humble /usr/bin/cmake --build /home/hoapham/ros2_ws/build/pointcloud_marker -- -j16 -l16
[11.867s] Invoking command in '/home/hoapham/ros2_ws/build/pointcloud_marker': BYOBU_DATE=%Y-%m-%d CMAKE_PREFIX_PATH=${CMAKE_PREFIX_PATH}:/opt/ros/humble /usr/bin/cmake --install /home/hoapham/ros2_ws/build/pointcloud_marker
[11.876s] -- Install configuration: ""
[11.876s] -- Installing: /home/hoapham/ros2_ws/install/pointcloud_marker/lib/pointcloud_marker/pointcloud_marker_node
[11.885s] -- Set runtime path of "/home/hoapham/ros2_ws/install/pointcloud_marker/lib/pointcloud_marker/pointcloud_marker_node" to ""
[11.885s] -- Up-to-date: /home/hoapham/ros2_ws/install/pointcloud_marker/share/pointcloud_marker//launch
[11.885s] -- Up-to-date: /home/hoapham/ros2_ws/install/pointcloud_marker/share/pointcloud_marker//launch/marker.launch.py
[11.885s] -- Up-to-date: /home/hoapham/ros2_ws/install/pointcloud_marker/share/ament_index/resource_index/package_run_dependencies/pointcloud_marker
[11.885s] -- Up-to-date: /home/hoapham/ros2_ws/install/pointcloud_marker/share/ament_index/resource_index/parent_prefix_path/pointcloud_marker
[11.885s] -- Up-to-date: /home/hoapham/ros2_ws/install/pointcloud_marker/share/pointcloud_marker/environment/ament_prefix_path.sh
[11.885s] -- Up-to-date: /home/hoapham/ros2_ws/install/pointcloud_marker/share/pointcloud_marker/environment/ament_prefix_path.dsv
[11.885s] -- Up-to-date: /home/hoapham/ros2_ws/install/pointcloud_marker/share/pointcloud_marker/environment/path.sh
[11.885s] -- Up-to-date: /home/hoapham/ros2_ws/install/pointcloud_marker/share/pointcloud_marker/environment/path.dsv
[11.885s] -- Up-to-date: /home/hoapham/ros2_ws/install/pointcloud_marker/share/pointcloud_marker/local_setup.bash
[11.886s] -- Up-to-date: /home/hoapham/ros2_ws/install/pointcloud_marker/share/pointcloud_marker/local_setup.sh
[11.886s] -- Up-to-date: /home/hoapham/ros2_ws/install/pointcloud_marker/share/pointcloud_marker/local_setup.zsh
[11.886s] -- Up-to-date: /home/hoapham/ros2_ws/install/pointcloud_marker/share/pointcloud_marker/local_setup.dsv
[11.886s] -- Installing: /home/hoapham/ros2_ws/install/pointcloud_marker/share/pointcloud_marker/package.dsv
[11.886s] -- Up-to-date: /home/hoapham/ros2_ws/install/pointcloud_marker/share/ament_index/resource_index/packages/pointcloud_marker
[11.886s] -- Up-to-date: /home/hoapham/ros2_ws/install/pointcloud_marker/share/pointcloud_marker/cmake/pointcloud_markerConfig.cmake
[11.886s] -- Up-to-date: /home/hoapham/ros2_ws/install/pointcloud_marker/share/pointcloud_marker/cmake/pointcloud_markerConfig-version.cmake
[11.886s] -- Up-to-date: /home/hoapham/ros2_ws/install/pointcloud_marker/share/pointcloud_marker/package.xml
[11.889s] Invoked command in '/home/hoapham/ros2_ws/build/pointcloud_marker' returned '0': BYOBU_DATE=%Y-%m-%d CMAKE_PREFIX_PATH=${CMAKE_PREFIX_PATH}:/opt/ros/humble /usr/bin/cmake --install /home/hoapham/ros2_ws/build/pointcloud_marker
