[0.029s] Invoking command in '/home/hoapham/ros2_ws/build/pcd_visualizer': CMAKE_PREFIX_PATH=${CMAKE_PREFIX_PATH}:/opt/ros/humble /usr/bin/cmake --build /home/hoapham/ros2_ws/build/pcd_visualizer -- -j16 -l16
[0.127s] [100%] Built target pcd_publisher
[0.170s] Invoked command in '/home/hoapham/ros2_ws/build/pcd_visualizer' returned '0': CMAKE_PREFIX_PATH=${CMAKE_PREFIX_PATH}:/opt/ros/humble /usr/bin/cmake --build /home/hoapham/ros2_ws/build/pcd_visualizer -- -j16 -l16
[0.176s] Invoking command in '/home/hoapham/ros2_ws/build/pcd_visualizer': CMAKE_PREFIX_PATH=${CMAKE_PREFIX_PATH}:/opt/ros/humble /usr/bin/cmake --install /home/hoapham/ros2_ws/build/pcd_visualizer
[0.198s] -- Install configuration: ""
[0.199s] -- Up-to-date: /home/hoapham/ros2_ws/install/pcd_visualizer/lib/pcd_visualizer/pcd_publisher
[0.200s] -- Up-to-date: /home/hoapham/ros2_ws/install/pcd_visualizer/share/ament_index/resource_index/package_run_dependencies/pcd_visualizer
[0.201s] -- Up-to-date: /home/hoapham/ros2_ws/install/pcd_visualizer/share/ament_index/resource_index/parent_prefix_path/pcd_visualizer
[0.201s] -- Up-to-date: /home/hoapham/ros2_ws/install/pcd_visualizer/share/pcd_visualizer/environment/ament_prefix_path.sh
[0.201s] -- Up-to-date: /home/hoapham/ros2_ws/install/pcd_visualizer/share/pcd_visualizer/environment/ament_prefix_path.dsv
[0.201s] -- Up-to-date: /home/hoapham/ros2_ws/install/pcd_visualizer/share/pcd_visualizer/environment/path.sh
[0.201s] -- Up-to-date: /home/hoapham/ros2_ws/install/pcd_visualizer/share/pcd_visualizer/environment/path.dsv
[0.201s] -- Up-to-date: /home/hoapham/ros2_ws/install/pcd_visualizer/share/pcd_visualizer/local_setup.bash
[0.202s] -- Up-to-date: /home/hoapham/ros2_ws/install/pcd_visualizer/share/pcd_visualizer/local_setup.sh
[0.203s] -- Up-to-date: /home/hoapham/ros2_ws/install/pcd_visualizer/share/pcd_visualizer/local_setup.zsh
[0.203s] -- Up-to-date: /home/hoapham/ros2_ws/install/pcd_visualizer/share/pcd_visualizer/local_setup.dsv
[0.203s] -- Installing: /home/hoapham/ros2_ws/install/pcd_visualizer/share/pcd_visualizer/package.dsv
[0.203s] -- Up-to-date: /home/hoapham/ros2_ws/install/pcd_visualizer/share/ament_index/resource_index/packages/pcd_visualizer
[0.203s] -- Up-to-date: /home/hoapham/ros2_ws/install/pcd_visualizer/share/pcd_visualizer/cmake/pcd_visualizerConfig.cmake
[0.203s] -- Up-to-date: /home/hoapham/ros2_ws/install/pcd_visualizer/share/pcd_visualizer/cmake/pcd_visualizerConfig-version.cmake
[0.206s] -- Up-to-date: /home/hoapham/ros2_ws/install/pcd_visualizer/share/pcd_visualizer/package.xml
[0.260s] Invoked command in '/home/hoapham/ros2_ws/build/pcd_visualizer' returned '0': CMAKE_PREFIX_PATH=${CMAKE_PREFIX_PATH}:/opt/ros/humble /usr/bin/cmake --install /home/hoapham/ros2_ws/build/pcd_visualizer
