[0.022s] Invoking command in '/home/hoapham/ros2_ws/build/rviz_3d_view_controller': CMAKE_PREFIX_PATH=/opt/ros/humble /usr/bin/cmake --build /home/hoapham/ros2_ws/build/rviz_3d_view_controller -- -j16 -l16
[0.061s] [ 25%] [34m[1mAutomatic MOC for target rviz_3d_view_controller[0m
[0.079s] [ 25%] Built target rviz_3d_view_controller_autogen
[0.109s] [100%] Built target rviz_3d_view_controller
[0.172s] Invoked command in '/home/hoapham/ros2_ws/build/rviz_3d_view_controller' returned '0': CMAKE_PREFIX_PATH=/opt/ros/humble /usr/bin/cmake --build /home/hoapham/ros2_ws/build/rviz_3d_view_controller -- -j16 -l16
[0.173s] Invoking command in '/home/hoapham/ros2_ws/build/rviz_3d_view_controller': CMAKE_PREFIX_PATH=/opt/ros/humble /usr/bin/cmake --install /home/hoapham/ros2_ws/build/rviz_3d_view_controller
[0.182s] -- Install configuration: ""
[0.182s] -- Up-to-date: /home/hoapham/ros2_ws/install/rviz_3d_view_controller/share/rviz_3d_view_controller/rviz_plugin/plugin_description.xml
[0.182s] -- Up-to-date: /home/hoapham/ros2_ws/install/rviz_3d_view_controller/lib/librviz_3d_view_controller.so
[0.182s] -- Up-to-date: /home/hoapham/ros2_ws/install/rviz_3d_view_controller/share/rviz_3d_view_controller/environment/library_path.sh
[0.182s] -- Up-to-date: /home/hoapham/ros2_ws/install/rviz_3d_view_controller/share/rviz_3d_view_controller/environment/library_path.dsv
[0.182s] -- Up-to-date: /home/hoapham/ros2_ws/install/rviz_3d_view_controller/share/ament_index/resource_index/package_run_dependencies/rviz_3d_view_controller
[0.182s] -- Up-to-date: /home/hoapham/ros2_ws/install/rviz_3d_view_controller/share/ament_index/resource_index/parent_prefix_path/rviz_3d_view_controller
[0.182s] -- Up-to-date: /home/hoapham/ros2_ws/install/rviz_3d_view_controller/share/rviz_3d_view_controller/environment/ament_prefix_path.sh
[0.182s] -- Up-to-date: /home/hoapham/ros2_ws/install/rviz_3d_view_controller/share/rviz_3d_view_controller/environment/ament_prefix_path.dsv
[0.182s] -- Up-to-date: /home/hoapham/ros2_ws/install/rviz_3d_view_controller/share/rviz_3d_view_controller/environment/path.sh
[0.182s] -- Up-to-date: /home/hoapham/ros2_ws/install/rviz_3d_view_controller/share/rviz_3d_view_controller/environment/path.dsv
[0.182s] -- Up-to-date: /home/hoapham/ros2_ws/install/rviz_3d_view_controller/share/rviz_3d_view_controller/local_setup.bash
[0.182s] -- Up-to-date: /home/hoapham/ros2_ws/install/rviz_3d_view_controller/share/rviz_3d_view_controller/local_setup.sh
[0.182s] -- Up-to-date: /home/hoapham/ros2_ws/install/rviz_3d_view_controller/share/rviz_3d_view_controller/local_setup.zsh
[0.183s] -- Up-to-date: /home/hoapham/ros2_ws/install/rviz_3d_view_controller/share/rviz_3d_view_controller/local_setup.dsv
[0.183s] -- Installing: /home/hoapham/ros2_ws/install/rviz_3d_view_controller/share/rviz_3d_view_controller/package.dsv
[0.183s] -- Up-to-date: /home/hoapham/ros2_ws/install/rviz_3d_view_controller/share/ament_index/resource_index/packages/rviz_3d_view_controller
[0.183s] -- Up-to-date: /home/hoapham/ros2_ws/install/rviz_3d_view_controller/share/ament_index/resource_index/rviz_common__pluginlib__plugin/rviz_3d_view_controller
[0.183s] -- Up-to-date: /home/hoapham/ros2_ws/install/rviz_3d_view_controller/share/rviz_3d_view_controller/cmake/export_rviz_3d_view_controllerExport.cmake
[0.183s] -- Up-to-date: /home/hoapham/ros2_ws/install/rviz_3d_view_controller/share/rviz_3d_view_controller/cmake/export_rviz_3d_view_controllerExport-noconfig.cmake
[0.183s] -- Up-to-date: /home/hoapham/ros2_ws/install/rviz_3d_view_controller/share/rviz_3d_view_controller/cmake/ament_cmake_export_libraries-extras.cmake
[0.183s] -- Up-to-date: /home/hoapham/ros2_ws/install/rviz_3d_view_controller/share/rviz_3d_view_controller/cmake/ament_cmake_export_targets-extras.cmake
[0.183s] -- Up-to-date: /home/hoapham/ros2_ws/install/rviz_3d_view_controller/share/rviz_3d_view_controller/cmake/rviz_3d_view_controllerConfig.cmake
[0.183s] -- Up-to-date: /home/hoapham/ros2_ws/install/rviz_3d_view_controller/share/rviz_3d_view_controller/cmake/rviz_3d_view_controllerConfig-version.cmake
[0.183s] -- Up-to-date: /home/hoapham/ros2_ws/install/rviz_3d_view_controller/share/rviz_3d_view_controller/package.xml
[0.192s] Invoked command in '/home/hoapham/ros2_ws/build/rviz_3d_view_controller' returned '0': CMAKE_PREFIX_PATH=/opt/ros/humble /usr/bin/cmake --install /home/hoapham/ros2_ws/build/rviz_3d_view_controller
