-- The C compiler identification is GNU 11.4.0
-- The CXX compiler identification is GNU 11.4.0
-- Detecting C compiler ABI info
-- Detecting C compiler ABI info - done
-- Check for working C compiler: /usr/bin/cc - skipped
-- Detecting C compile features
-- Detecting C compile features - done
-- Detecting CXX compiler ABI info
-- Detecting CXX compiler ABI info - done
-- Check for working CXX compiler: /usr/bin/c++ - skipped
-- Detecting CXX compile features
-- Detecting CXX compile features - done
[31mCMake Error at /usr/lib/x86_64-linux-gnu/cmake/Qt5/Qt5Config.cmake:28 (find_package):
  Could not find a package configuration file provided by "Qt5Multimedia"
  with any of the following names:

    Qt5MultimediaConfig.cmake
    qt5multimedia-config.cmake

  Add the installation prefix of "Qt5Multimedia" to CMAKE_PREFIX_PATH or set
  "Qt5Multimedia_DIR" to a directory containing one of the above files.  If
  "Qt5Multimedia" provides a separate development package or SDK, be sure it
  has been installed.
Call Stack (most recent call first):
  CMakeLists.txt:18 (find_package)

[0m
-- Configuring incomplete, errors occurred!
See also "/home/hoapham/ros2_ws/build/gui/CMakeFiles/CMakeOutput.log".
