[0.018s] Invoking command in '/home/hoapham/ros2_ws/build/gui': CMAKE_PREFIX_PATH=/opt/ros/humble /usr/bin/cmake /home/hoapham/ros2_ws/src/gui -DCMAKE_INSTALL_PREFIX=/home/hoapham/ros2_ws/install/gui
[0.102s] -- The C compiler identification is GNU 11.4.0
[0.146s] -- The CXX compiler identification is GNU 11.4.0
[0.153s] -- Detecting C compiler ABI info
[0.211s] -- Detecting C compiler ABI info - done
[0.215s] -- Check for working C compiler: /usr/bin/cc - skipped
[0.215s] -- Detecting C compile features
[0.216s] -- Detecting C compile features - done
[0.217s] -- Detecting CXX compiler ABI info
[0.276s] -- Detecting CXX compiler ABI info - done
[0.281s] -- Check for working CXX compiler: /usr/bin/c++ - skipped
[0.281s] -- Detecting CXX compile features
[0.281s] -- Detecting CXX compile features - done
[0.307s] [31mCMake Error at /usr/lib/x86_64-linux-gnu/cmake/Qt5/Qt5Config.cmake:28 (find_package):
[0.307s]   Could not find a package configuration file provided by "Qt5Multimedia"
[0.307s]   with any of the following names:
[0.307s] 
[0.307s]     Qt5MultimediaConfig.cmake
[0.307s]     qt5multimedia-config.cmake
[0.307s] 
[0.307s]   Add the installation prefix of "Qt5Multimedia" to CMAKE_PREFIX_PATH or set
[0.307s]   "Qt5Multimedia_DIR" to a directory containing one of the above files.  If
[0.307s]   "Qt5Multimedia" provides a separate development package or SDK, be sure it
[0.307s]   has been installed.
[0.307s] Call Stack (most recent call first):
[0.307s]   CMakeLists.txt:18 (find_package)
[0.307s] 
[0.308s] [0m
[0.308s] -- Configuring incomplete, errors occurred!
[0.308s] See also "/home/hoapham/ros2_ws/build/gui/CMakeFiles/CMakeOutput.log".
[0.313s] Invoked command in '/home/hoapham/ros2_ws/build/gui' returned '1': CMAKE_PREFIX_PATH=/opt/ros/humble /usr/bin/cmake /home/hoapham/ros2_ws/src/gui -DCMAKE_INSTALL_PREFIX=/home/hoapham/ros2_ws/install/gui
