[35m[1mConsolidate compiler generated dependencies of target ros2_qt_template[0m
[100%] Built target ros2_qt_template
-- Install configuration: ""
-- Installing: /home/hoapham/ros2_ws/install/ros2_qt_template/lib/ros2_qt_template/ros2_qt_template
-- Set runtime path of "/home/hoapham/ros2_ws/install/ros2_qt_template/lib/ros2_qt_template/ros2_qt_template" to ""
-- Installing: /home/hoapham/ros2_ws/install/ros2_qt_template/share/ament_index/resource_index/package_run_dependencies/ros2_qt_template
-- Installing: /home/hoapham/ros2_ws/install/ros2_qt_template/share/ament_index/resource_index/parent_prefix_path/ros2_qt_template
-- Installing: /home/hoapham/ros2_ws/install/ros2_qt_template/share/ros2_qt_template/environment/ament_prefix_path.sh
-- Installing: /home/hoapham/ros2_ws/install/ros2_qt_template/share/ros2_qt_template/environment/ament_prefix_path.dsv
-- Installing: /home/hoapham/ros2_ws/install/ros2_qt_template/share/ros2_qt_template/environment/path.sh
-- Installing: /home/hoapham/ros2_ws/install/ros2_qt_template/share/ros2_qt_template/environment/path.dsv
-- Installing: /home/hoapham/ros2_ws/install/ros2_qt_template/share/ros2_qt_template/local_setup.bash
-- Installing: /home/hoapham/ros2_ws/install/ros2_qt_template/share/ros2_qt_template/local_setup.sh
-- Installing: /home/hoapham/ros2_ws/install/ros2_qt_template/share/ros2_qt_template/local_setup.zsh
-- Installing: /home/hoapham/ros2_ws/install/ros2_qt_template/share/ros2_qt_template/local_setup.dsv
-- Installing: /home/hoapham/ros2_ws/install/ros2_qt_template/share/ros2_qt_template/package.dsv
-- Installing: /home/hoapham/ros2_ws/install/ros2_qt_template/share/ament_index/resource_index/packages/ros2_qt_template
-- Installing: /home/hoapham/ros2_ws/install/ros2_qt_template/share/ros2_qt_template/cmake/ros2_qt_templateConfig.cmake
-- Installing: /home/hoapham/ros2_ws/install/ros2_qt_template/share/ros2_qt_template/cmake/ros2_qt_templateConfig-version.cmake
-- Installing: /home/hoapham/ros2_ws/install/ros2_qt_template/share/ros2_qt_template/package.xml
