[0.024s] Invoking command in '/home/hoapham/ros2_ws/build/ros2_qt_template': CMAKE_PREFIX_PATH=/opt/ros/humble /usr/bin/cmake --build /home/hoapham/ros2_ws/build/ros2_qt_template -- -j16 -l16
[0.052s] [35m[1mConsolidate compiler generated dependencies of target ros2_qt_template[0m
[0.071s] [100%] Built target ros2_qt_template
[0.091s] Invoked command in '/home/hoapham/ros2_ws/build/ros2_qt_template' returned '0': CMAKE_PREFIX_PATH=/opt/ros/humble /usr/bin/cmake --build /home/hoapham/ros2_ws/build/ros2_qt_template -- -j16 -l16
[0.093s] Invoking command in '/home/hoapham/ros2_ws/build/ros2_qt_template': CMAKE_PREFIX_PATH=/opt/ros/humble /usr/bin/cmake --install /home/hoapham/ros2_ws/build/ros2_qt_template
[0.102s] -- Install configuration: ""
[0.103s] -- Installing: /home/hoapham/ros2_ws/install/ros2_qt_template/lib/ros2_qt_template/ros2_qt_template
[0.104s] -- Set runtime path of "/home/hoapham/ros2_ws/install/ros2_qt_template/lib/ros2_qt_template/ros2_qt_template" to ""
[0.104s] -- Installing: /home/hoapham/ros2_ws/install/ros2_qt_template/share/ament_index/resource_index/package_run_dependencies/ros2_qt_template
[0.105s] -- Installing: /home/hoapham/ros2_ws/install/ros2_qt_template/share/ament_index/resource_index/parent_prefix_path/ros2_qt_template
[0.105s] -- Installing: /home/hoapham/ros2_ws/install/ros2_qt_template/share/ros2_qt_template/environment/ament_prefix_path.sh
[0.105s] -- Installing: /home/hoapham/ros2_ws/install/ros2_qt_template/share/ros2_qt_template/environment/ament_prefix_path.dsv
[0.107s] -- Installing: /home/hoapham/ros2_ws/install/ros2_qt_template/share/ros2_qt_template/environment/path.sh
[0.107s] -- Installing: /home/hoapham/ros2_ws/install/ros2_qt_template/share/ros2_qt_template/environment/path.dsv
[0.107s] -- Installing: /home/hoapham/ros2_ws/install/ros2_qt_template/share/ros2_qt_template/local_setup.bash
[0.107s] -- Installing: /home/hoapham/ros2_ws/install/ros2_qt_template/share/ros2_qt_template/local_setup.sh
[0.107s] -- Installing: /home/hoapham/ros2_ws/install/ros2_qt_template/share/ros2_qt_template/local_setup.zsh
[0.107s] -- Installing: /home/hoapham/ros2_ws/install/ros2_qt_template/share/ros2_qt_template/local_setup.dsv
[0.107s] -- Installing: /home/hoapham/ros2_ws/install/ros2_qt_template/share/ros2_qt_template/package.dsv
[0.109s] -- Installing: /home/hoapham/ros2_ws/install/ros2_qt_template/share/ament_index/resource_index/packages/ros2_qt_template
[0.109s] -- Installing: /home/hoapham/ros2_ws/install/ros2_qt_template/share/ros2_qt_template/cmake/ros2_qt_templateConfig.cmake
[0.110s] -- Installing: /home/hoapham/ros2_ws/install/ros2_qt_template/share/ros2_qt_template/cmake/ros2_qt_templateConfig-version.cmake
[0.110s] -- Installing: /home/hoapham/ros2_ws/install/ros2_qt_template/share/ros2_qt_template/package.xml
[0.133s] Invoked command in '/home/hoapham/ros2_ws/build/ros2_qt_template' returned '0': CMAKE_PREFIX_PATH=/opt/ros/humble /usr/bin/cmake --install /home/hoapham/ros2_ws/build/ros2_qt_template
