[0.010s] Invoking command in '/home/hoapham/ros2_ws/build/gui': CMAKE_PREFIX_PATH=${CMAKE_PREFIX_PATH}:/opt/ros/humble /usr/bin/cmake --build /home/hoapham/ros2_ws/build/gui -- -j16 -l16
[0.057s] [ 11%] [34m[1mAutomatic MOC and UIC for target gui[0m
[0.083s] [ 11%] Built target gui_autogen
[0.106s] [35m[1mConsolidate compiler generated dependencies of target gui[0m
[0.149s] [ 22%] [32mBuilding CXX object CMakeFiles/gui.dir/src/preparation.cpp.o[0m
[3.257s] [ 33%] [32m[1mLinking CXX executable gui[0m
[4.851s] [100%] Built target gui
[4.861s] Invoked command in '/home/hoapham/ros2_ws/build/gui' returned '0': CMAKE_PREFIX_PATH=${CMAKE_PREFIX_PATH}:/opt/ros/humble /usr/bin/cmake --build /home/hoapham/ros2_ws/build/gui -- -j16 -l16
[4.869s] Invoking command in '/home/hoapham/ros2_ws/build/gui': CMAKE_PREFIX_PATH=${CMAKE_PREFIX_PATH}:/opt/ros/humble /usr/bin/cmake --install /home/hoapham/ros2_ws/build/gui
[4.874s] -- Install configuration: ""
[4.875s] -- Installing: /home/hoapham/ros2_ws/install/gui/lib/gui/gui
[4.879s] -- Set runtime path of "/home/hoapham/ros2_ws/install/gui/lib/gui/gui" to ""
[4.879s] -- Up-to-date: /home/hoapham/ros2_ws/install/gui/include
[4.879s] -- Up-to-date: /home/hoapham/ros2_ws/install/gui/include/gui
[4.879s] -- Up-to-date: /home/hoapham/ros2_ws/install/gui/include/gui/rviz_preparation.h
[4.879s] -- Up-to-date: /home/hoapham/ros2_ws/install/gui/include/gui/rvizpanel.h
[4.880s] -- Installing: /home/hoapham/ros2_ws/install/gui/include/gui/preparation.h
[4.880s] -- Up-to-date: /home/hoapham/ros2_ws/install/gui/include/gui/rrjoystick.h
[4.880s] -- Up-to-date: /home/hoapham/ros2_ws/install/gui/include/gui/hello_gui.h
[4.880s] -- Up-to-date: /home/hoapham/ros2_ws/install/gui/include/gui/parser.h
[4.880s] -- Up-to-date: /home/hoapham/ros2_ws/install/gui/share/gui//launch
[4.880s] -- Up-to-date: /home/hoapham/ros2_ws/install/gui/share/gui//launch/gui.launch.py
[4.880s] -- Up-to-date: /home/hoapham/ros2_ws/install/gui/share/gui//config
[4.880s] -- Up-to-date: /home/hoapham/ros2_ws/install/gui/share/gui//config/params.yaml
[4.880s] -- Up-to-date: /home/hoapham/ros2_ws/install/gui/share/ament_index/resource_index/package_run_dependencies/gui
[4.880s] -- Up-to-date: /home/hoapham/ros2_ws/install/gui/share/ament_index/resource_index/parent_prefix_path/gui
[4.880s] -- Up-to-date: /home/hoapham/ros2_ws/install/gui/share/gui/environment/ament_prefix_path.sh
[4.880s] -- Up-to-date: /home/hoapham/ros2_ws/install/gui/share/gui/environment/ament_prefix_path.dsv
[4.880s] -- Up-to-date: /home/hoapham/ros2_ws/install/gui/share/gui/environment/path.sh
[4.880s] -- Up-to-date: /home/hoapham/ros2_ws/install/gui/share/gui/environment/path.dsv
[4.880s] -- Up-to-date: /home/hoapham/ros2_ws/install/gui/share/gui/local_setup.bash
[4.880s] -- Up-to-date: /home/hoapham/ros2_ws/install/gui/share/gui/local_setup.sh
[4.880s] -- Up-to-date: /home/hoapham/ros2_ws/install/gui/share/gui/local_setup.zsh
[4.880s] -- Up-to-date: /home/hoapham/ros2_ws/install/gui/share/gui/local_setup.dsv
[4.880s] -- Installing: /home/hoapham/ros2_ws/install/gui/share/gui/package.dsv
[4.880s] -- Up-to-date: /home/hoapham/ros2_ws/install/gui/share/ament_index/resource_index/packages/gui
[4.880s] -- Up-to-date: /home/hoapham/ros2_ws/install/gui/share/gui/cmake/ament_cmake_export_include_directories-extras.cmake
[4.880s] -- Up-to-date: /home/hoapham/ros2_ws/install/gui/share/gui/cmake/ament_cmake_export_dependencies-extras.cmake
[4.880s] -- Up-to-date: /home/hoapham/ros2_ws/install/gui/share/gui/cmake/guiConfig.cmake
[4.880s] -- Up-to-date: /home/hoapham/ros2_ws/install/gui/share/gui/cmake/guiConfig-version.cmake
[4.880s] -- Up-to-date: /home/hoapham/ros2_ws/install/gui/share/gui/package.xml
[4.881s] Invoked command in '/home/hoapham/ros2_ws/build/gui' returned '0': CMAKE_PREFIX_PATH=${CMAKE_PREFIX_PATH}:/opt/ros/humble /usr/bin/cmake --install /home/hoapham/ros2_ws/build/gui
