[0.011s] Invoking command in '/home/hoapham/ur_ws/build/ur16_control_ui': CMAKE_PREFIX_PATH=${CMAKE_PREFIX_PATH}:/opt/ros/humble /usr/bin/cmake /home/hoapham/ur_ws/src/ur16_control_ui -DCMAKE_INSTALL_PREFIX=/home/hoapham/ur_ws/install/ur16_control_ui
[0.109s] -- The C compiler identification is GNU 11.4.0
[0.191s] -- The CXX compiler identification is GNU 11.4.0
[0.201s] -- Detecting C compiler ABI info
[0.284s] -- Detecting C compiler ABI info - done
[0.289s] -- Check for working C compiler: /usr/bin/cc - skipped
[0.290s] -- Detecting C compile features
[0.290s] -- Detecting C compile features - done
[0.293s] -- Detecting CXX compiler ABI info
[0.389s] -- Detecting CXX compiler ABI info - done
[0.394s] -- Check for working CXX compiler: /usr/bin/c++ - skipped
[0.394s] -- Detecting CXX compile features
[0.394s] -- Detecting CXX compile features - done
[0.403s] -- Found ament_cmake: 1.3.11 (/opt/ros/humble/share/ament_cmake/cmake)
[0.548s] -- Found Python3: /usr/bin/python3 (found version "3.10.12") found components: Interpreter 
[0.654s] -- Found rclcpp: 16.0.12 (/opt/ros/humble/share/rclcpp/cmake)
[0.705s] -- Found rosidl_generator_c: 3.1.6 (/opt/ros/humble/share/rosidl_generator_c/cmake)
[0.712s] -- Found rosidl_adapter: 3.1.6 (/opt/ros/humble/share/rosidl_adapter/cmake)
[0.722s] -- Found rosidl_generator_cpp: 3.1.6 (/opt/ros/humble/share/rosidl_generator_cpp/cmake)
[0.736s] -- Using all available rosidl_typesupport_c: rosidl_typesupport_fastrtps_c;rosidl_typesupport_introspection_c
[0.756s] -- Using all available rosidl_typesupport_cpp: rosidl_typesupport_fastrtps_cpp;rosidl_typesupport_introspection_cpp
[0.806s] -- Found rmw_implementation_cmake: 6.1.2 (/opt/ros/humble/share/rmw_implementation_cmake/cmake)
[0.810s] -- Found rmw_cyclonedds_cpp: 1.3.4 (/opt/ros/humble/share/rmw_cyclonedds_cpp/cmake)
[0.837s] -- Using RMW implementation 'rmw_cyclonedds_cpp' as default
[0.848s] -- Looking for pthread.h
[0.932s] -- Looking for pthread.h - found
[0.932s] -- Performing Test CMAKE_HAVE_LIBC_PTHREAD
[1.017s] -- Performing Test CMAKE_HAVE_LIBC_PTHREAD - Success
[1.018s] -- Found Threads: TRUE  
[1.071s] -- Found moveit_ros_planning_interface: 2.5.9 (/opt/ros/humble/share/moveit_ros_planning_interface/cmake)
[1.104s] -- Found Boost: /usr/lib/x86_64-linux-gnu/cmake/Boost-1.74.0/BoostConfig.cmake (found version "1.74.0") found components: date_time filesystem program_options system thread 
[1.263s] -- Found Boost: /usr/lib/x86_64-linux-gnu/cmake/Boost-1.74.0/BoostConfig.cmake (found version "1.74.0") found components: chrono date_time filesystem iostreams program_options regex serialization system thread 
[1.313s] -- Found parameter_traits: 0.4.0 (/opt/ros/humble/share/parameter_traits/cmake)
[1.325s] -- Found Eigen3: TRUE (found version "3.4.0") 
[1.328s] -- Found rclcpp_lifecycle: 16.0.12 (/opt/ros/humble/share/rclcpp_lifecycle/cmake)
[1.356s] -- Found Boost: /usr/lib/x86_64-linux-gnu/cmake/Boost-1.74.0/BoostConfig.cmake (found version "1.74.0") found components: filesystem 
[1.464s] -- library: /usr/lib/x86_64-linux-gnu/libcurl.so
[1.496s] -- Ensuring Eigen3 include directory is part of orocos-kdl CMake target
[1.637s] -- Found Boost: /usr/lib/x86_64-linux-gnu/cmake/Boost-1.74.0/BoostConfig.cmake (found version "1.74.0") found components: system filesystem date_time program_options thread chrono 
[1.663s] -- Found Boost: /usr/lib/x86_64-linux-gnu/cmake/Boost-1.74.0/BoostConfig.cmake (found version "1.74.0") found components: thread system filesystem regex date_time program_options 
[1.753s] -- Found Boost: /usr/lib/x86_64-linux-gnu/cmake/Boost-1.74.0/BoostConfig.cmake (found version "1.74.0") found components: system filesystem date_time program_options thread 
[1.779s] -- Found moveit_common: 2.5.9 (/opt/ros/humble/share/moveit_common/cmake)
[1.856s] -- Configuring done
[1.889s] -- Generating done
[1.895s] -- Build files have been written to: /home/hoapham/ur_ws/build/ur16_control_ui
[1.919s] Invoked command in '/home/hoapham/ur_ws/build/ur16_control_ui' returned '0': CMAKE_PREFIX_PATH=${CMAKE_PREFIX_PATH}:/opt/ros/humble /usr/bin/cmake /home/hoapham/ur_ws/src/ur16_control_ui -DCMAKE_INSTALL_PREFIX=/home/hoapham/ur_ws/install/ur16_control_ui
[1.921s] Invoking command in '/home/hoapham/ur_ws/build/ur16_control_ui': CMAKE_PREFIX_PATH=${CMAKE_PREFIX_PATH}:/opt/ros/humble /usr/bin/cmake --build /home/hoapham/ur_ws/build/ur16_control_ui -- -j16 -l16
[1.976s] [35m[1mConsolidate compiler generated dependencies of target ur16_control_ui[0m
[2.021s] [ 50%] [32mBuilding CXX object CMakeFiles/ur16_control_ui.dir/src/ur16_control_ui_node.cpp.o[0m
[7.810s] [100%] [32m[1mLinking CXX executable ur16_control_ui[0m
[8.227s] [100%] Built target ur16_control_ui
[8.238s] Invoked command in '/home/hoapham/ur_ws/build/ur16_control_ui' returned '0': CMAKE_PREFIX_PATH=${CMAKE_PREFIX_PATH}:/opt/ros/humble /usr/bin/cmake --build /home/hoapham/ur_ws/build/ur16_control_ui -- -j16 -l16
[8.249s] Invoking command in '/home/hoapham/ur_ws/build/ur16_control_ui': CMAKE_PREFIX_PATH=${CMAKE_PREFIX_PATH}:/opt/ros/humble /usr/bin/cmake --install /home/hoapham/ur_ws/build/ur16_control_ui
[8.255s] -- Install configuration: ""
[8.256s] -- Installing: /home/hoapham/ur_ws/install/ur16_control_ui/lib/ur16_control_ui/ur16_control_ui
[8.257s] -- Set runtime path of "/home/hoapham/ur_ws/install/ur16_control_ui/lib/ur16_control_ui/ur16_control_ui" to ""
[8.257s] -- Up-to-date: /home/hoapham/ur_ws/install/ur16_control_ui/include
[8.257s] -- Up-to-date: /home/hoapham/ur_ws/install/ur16_control_ui/include/ur16_control_ui
[8.257s] -- Up-to-date: /home/hoapham/ur_ws/install/ur16_control_ui/include/ur16_control_ui/parser.h
[8.257s] -- Up-to-date: /home/hoapham/ur_ws/install/ur16_control_ui/share/ur16_control_ui//launch
[8.257s] -- Up-to-date: /home/hoapham/ur_ws/install/ur16_control_ui/share/ur16_control_ui//launch/Moveit.launch.py
[8.257s] -- Up-to-date: /home/hoapham/ur_ws/install/ur16_control_ui/share/ur16_control_ui//config
[8.257s] -- Up-to-date: /home/hoapham/ur_ws/install/ur16_control_ui/share/ur16_control_ui//config/config.yaml
[8.257s] -- Up-to-date: /home/hoapham/ur_ws/install/ur16_control_ui/share/ament_index/resource_index/package_run_dependencies/ur16_control_ui
[8.257s] -- Up-to-date: /home/hoapham/ur_ws/install/ur16_control_ui/share/ament_index/resource_index/parent_prefix_path/ur16_control_ui
[8.258s] -- Up-to-date: /home/hoapham/ur_ws/install/ur16_control_ui/share/ur16_control_ui/environment/ament_prefix_path.sh
[8.258s] -- Installing: /home/hoapham/ur_ws/install/ur16_control_ui/share/ur16_control_ui/environment/ament_prefix_path.dsv
[8.258s] -- Up-to-date: /home/hoapham/ur_ws/install/ur16_control_ui/share/ur16_control_ui/environment/path.sh
[8.258s] -- Installing: /home/hoapham/ur_ws/install/ur16_control_ui/share/ur16_control_ui/environment/path.dsv
[8.258s] -- Up-to-date: /home/hoapham/ur_ws/install/ur16_control_ui/share/ur16_control_ui/local_setup.bash
[8.258s] -- Up-to-date: /home/hoapham/ur_ws/install/ur16_control_ui/share/ur16_control_ui/local_setup.sh
[8.258s] -- Up-to-date: /home/hoapham/ur_ws/install/ur16_control_ui/share/ur16_control_ui/local_setup.zsh
[8.258s] -- Installing: /home/hoapham/ur_ws/install/ur16_control_ui/share/ur16_control_ui/local_setup.dsv
[8.258s] -- Installing: /home/hoapham/ur_ws/install/ur16_control_ui/share/ur16_control_ui/package.dsv
[8.258s] -- Up-to-date: /home/hoapham/ur_ws/install/ur16_control_ui/share/ament_index/resource_index/packages/ur16_control_ui
[8.258s] -- Up-to-date: /home/hoapham/ur_ws/install/ur16_control_ui/share/ur16_control_ui/cmake/ament_cmake_export_include_directories-extras.cmake
[8.258s] -- Up-to-date: /home/hoapham/ur_ws/install/ur16_control_ui/share/ur16_control_ui/cmake/ur16_control_uiConfig.cmake
[8.258s] -- Up-to-date: /home/hoapham/ur_ws/install/ur16_control_ui/share/ur16_control_ui/cmake/ur16_control_uiConfig-version.cmake
[8.258s] -- Up-to-date: /home/hoapham/ur_ws/install/ur16_control_ui/share/ur16_control_ui/package.xml
[8.260s] Invoked command in '/home/hoapham/ur_ws/build/ur16_control_ui' returned '0': CMAKE_PREFIX_PATH=${CMAKE_PREFIX_PATH}:/opt/ros/humble /usr/bin/cmake --install /home/hoapham/ur_ws/build/ur16_control_ui
