[0.009s] Invoking command in '/home/hoapham/ros2_ws/build/gui': CMAKE_PREFIX_PATH=${CMAKE_PREFIX_PATH}:/opt/ros/humble /usr/bin/cmake --build /home/hoapham/ros2_ws/build/gui -- -j16 -l16
[0.058s] [ 14%] [34m[1mAutomatic MOC and UIC for target gui[0m
[0.081s] [ 14%] Built target gui_autogen
[0.097s] [35m[1mConsolidate compiler generated dependencies of target gui[0m
[0.134s] [100%] Built target gui
[0.144s] Invoked command in '/home/hoapham/ros2_ws/build/gui' returned '0': CMAKE_PREFIX_PATH=${CMAKE_PREFIX_PATH}:/opt/ros/humble /usr/bin/cmake --build /home/hoapham/ros2_ws/build/gui -- -j16 -l16
[0.154s] Invoking command in '/home/hoapham/ros2_ws/build/gui': CMAKE_PREFIX_PATH=${CMAKE_PREFIX_PATH}:/opt/ros/humble /usr/bin/cmake --install /home/hoapham/ros2_ws/build/gui
[0.159s] -- Install configuration: ""
[0.159s] -- Up-to-date: /home/hoapham/ros2_ws/install/gui/lib/gui/gui
[0.159s] -- Up-to-date: /home/hoapham/ros2_ws/install/gui/include
[0.159s] -- Up-to-date: /home/hoapham/ros2_ws/install/gui/include/gui
[0.159s] -- Up-to-date: /home/hoapham/ros2_ws/install/gui/include/gui/rvizpanel.h
[0.159s] -- Up-to-date: /home/hoapham/ros2_ws/install/gui/include/gui/rrjoystick.h
[0.159s] -- Up-to-date: /home/hoapham/ros2_ws/install/gui/include/gui/hello_gui.h
[0.160s] -- Up-to-date: /home/hoapham/ros2_ws/install/gui/include/gui/parser.h
[0.160s] -- Up-to-date: /home/hoapham/ros2_ws/install/gui/share/gui//launch
[0.160s] -- Up-to-date: /home/hoapham/ros2_ws/install/gui/share/gui//launch/gui.launch.py
[0.160s] -- Up-to-date: /home/hoapham/ros2_ws/install/gui/share/ament_index/resource_index/package_run_dependencies/gui
[0.160s] -- Up-to-date: /home/hoapham/ros2_ws/install/gui/share/ament_index/resource_index/parent_prefix_path/gui
[0.160s] -- Up-to-date: /home/hoapham/ros2_ws/install/gui/share/gui/environment/ament_prefix_path.sh
[0.160s] -- Up-to-date: /home/hoapham/ros2_ws/install/gui/share/gui/environment/ament_prefix_path.dsv
[0.160s] -- Up-to-date: /home/hoapham/ros2_ws/install/gui/share/gui/environment/path.sh
[0.160s] -- Up-to-date: /home/hoapham/ros2_ws/install/gui/share/gui/environment/path.dsv
[0.160s] -- Up-to-date: /home/hoapham/ros2_ws/install/gui/share/gui/local_setup.bash
[0.160s] -- Up-to-date: /home/hoapham/ros2_ws/install/gui/share/gui/local_setup.sh
[0.160s] -- Up-to-date: /home/hoapham/ros2_ws/install/gui/share/gui/local_setup.zsh
[0.160s] -- Up-to-date: /home/hoapham/ros2_ws/install/gui/share/gui/local_setup.dsv
[0.160s] -- Installing: /home/hoapham/ros2_ws/install/gui/share/gui/package.dsv
[0.160s] -- Up-to-date: /home/hoapham/ros2_ws/install/gui/share/ament_index/resource_index/packages/gui
[0.160s] -- Up-to-date: /home/hoapham/ros2_ws/install/gui/share/gui/cmake/ament_cmake_export_include_directories-extras.cmake
[0.160s] -- Up-to-date: /home/hoapham/ros2_ws/install/gui/share/gui/cmake/ament_cmake_export_dependencies-extras.cmake
[0.160s] -- Up-to-date: /home/hoapham/ros2_ws/install/gui/share/gui/cmake/guiConfig.cmake
[0.160s] -- Up-to-date: /home/hoapham/ros2_ws/install/gui/share/gui/cmake/guiConfig-version.cmake
[0.160s] -- Up-to-date: /home/hoapham/ros2_ws/install/gui/share/gui/package.xml
[0.161s] Invoked command in '/home/hoapham/ros2_ws/build/gui' returned '0': CMAKE_PREFIX_PATH=${CMAKE_PREFIX_PATH}:/opt/ros/humble /usr/bin/cmake --install /home/hoapham/ros2_ws/build/gui
