[0.008s] Invoking command in '/home/hoapham/ros2_ws/build/gui_msgs': CMAKE_PREFIX_PATH=${CMAKE_PREFIX_PATH}:/opt/ros/humble /usr/bin/cmake --build /home/hoapham/ros2_ws/build/gui_msgs -- -j16 -l16
[0.031s] -- Found ament_cmake: 1.3.11 (/opt/ros/humble/share/ament_cmake/cmake)
[0.109s] -- Found builtin_interfaces: 1.2.1 (/opt/ros/humble/share/builtin_interfaces/cmake)
[0.125s] -- Found rosidl_generator_c: 3.1.6 (/opt/ros/humble/share/rosidl_generator_c/cmake)
[0.126s] -- Found rosidl_adapter: 3.1.6 (/opt/ros/humble/share/rosidl_adapter/cmake)
[0.129s] -- Found rosidl_generator_cpp: 3.1.6 (/opt/ros/humble/share/rosidl_generator_cpp/cmake)
[0.134s] -- Using all available rosidl_typesupport_c: rosidl_typesupport_fastrtps_c;rosidl_typesupport_introspection_c
[0.141s] -- Using all available rosidl_typesupport_cpp: rosidl_typesupport_fastrtps_cpp;rosidl_typesupport_introspection_cpp
[0.147s] -- Found geometry_msgs: 4.8.0 (/opt/ros/humble/share/geometry_msgs/cmake)
[0.160s] -- Found rosidl_default_generators: 1.2.0 (/opt/ros/humble/share/rosidl_default_generators/cmake)
[0.164s] -- Found action_msgs: 1.2.1 (/opt/ros/humble/share/action_msgs/cmake)
[0.376s] -- Found ament_cmake_ros: 0.10.0 (/opt/ros/humble/share/ament_cmake_ros/cmake)
[0.653s] -- Using all available rosidl_typesupport_c: rosidl_typesupport_fastrtps_c;rosidl_typesupport_introspection_c
[0.763s] -- Using all available rosidl_typesupport_cpp: rosidl_typesupport_fastrtps_cpp;rosidl_typesupport_introspection_cpp
[0.778s] -- Found python_cmake_module: 0.10.0 (/opt/ros/humble/share/python_cmake_module/cmake)
[0.794s] -- Using PYTHON_EXECUTABLE: /usr/bin/python3
[0.794s] -- Using PYTHON_INCLUDE_DIRS: /usr/include/python3.10
[0.794s] -- Using PYTHON_LIBRARIES: /usr/lib/x86_64-linux-gnu/libpython3.10.so
[0.824s] -- Configuring done
[0.854s] -- Generating done
[0.863s] -- Build files have been written to: /home/hoapham/ros2_ws/build/gui_msgs
[0.884s] [  1%] [34m[1mGenerating C code for ROS interfaces[0m
[0.892s] [  2%] [34m[1mGenerating C++ code for ROS interfaces[0m
[0.902s] [  2%] Built target ament_cmake_python_copy_gui_msgs
[1.047s] running egg_info
[1.047s] writing gui_msgs.egg-info/PKG-INFO
[1.047s] writing dependency_links to gui_msgs.egg-info/dependency_links.txt
[1.047s] writing top-level names to gui_msgs.egg-info/top_level.txt
[1.049s] reading manifest file 'gui_msgs.egg-info/SOURCES.txt'
[1.049s] writing manifest file 'gui_msgs.egg-info/SOURCES.txt'
[1.069s] [  2%] Built target ament_cmake_python_build_gui_msgs_egg
[1.232s] [  2%] Built target gui_msgs__cpp
[1.236s] [35m[1mConsolidate compiler generated dependencies of target gui_msgs__rosidl_generator_c[0m
[1.240s] [  5%] [34m[1mGenerating C++ introspection for ROS interfaces[0m
[1.241s] [  7%] [34m[1mGenerating C++ type support dispatch for ROS interfaces[0m
[1.241s] [  7%] [34m[1mGenerating C++ type support for eProsima Fast-RTPS[0m
[1.246s] [  9%] [32mBuilding C object CMakeFiles/gui_msgs__rosidl_generator_c.dir/rosidl_generator_c/gui_msgs/msg/detail/setting_tool__functions.c.o[0m
[1.246s] [  9%] [32mBuilding C object CMakeFiles/gui_msgs__rosidl_generator_c.dir/rosidl_generator_c/gui_msgs/msg/detail/trajectory_setting__functions.c.o[0m
[1.246s] [ 12%] [32mBuilding C object CMakeFiles/gui_msgs__rosidl_generator_c.dir/rosidl_generator_c/gui_msgs/msg/detail/setting_params__functions.c.o[0m
[1.246s] [ 12%] [32mBuilding C object CMakeFiles/gui_msgs__rosidl_generator_c.dir/rosidl_generator_c/gui_msgs/srv/detail/setting_params__functions.c.o[0m
[1.246s] [ 14%] [32mBuilding C object CMakeFiles/gui_msgs__rosidl_generator_c.dir/rosidl_generator_c/gui_msgs/srv/detail/setting_tool__functions.c.o[0m
[1.248s] [ 15%] [32mBuilding C object CMakeFiles/gui_msgs__rosidl_generator_c.dir/rosidl_generator_c/gui_msgs/srv/detail/trajectory_setting__functions.c.o[0m
[1.312s] [ 16%] [32m[1mLinking C shared library libgui_msgs__rosidl_generator_c.so[0m
[1.349s] [ 16%] Built target gui_msgs__rosidl_generator_c
[1.358s] [ 21%] [34m[1mGenerating C type support dispatch for ROS interfaces[0m
[1.358s] [ 21%] [34m[1mGenerating C type support for eProsima Fast-RTPS[0m
[1.358s] [ 21%] [34m[1mGenerating C introspection for ROS interfaces[0m
[1.470s] [35m[1mConsolidate compiler generated dependencies of target gui_msgs__rosidl_typesupport_cpp[0m
[1.484s] [ 28%] [32mBuilding CXX object CMakeFiles/gui_msgs__rosidl_typesupport_cpp.dir/rosidl_typesupport_cpp/gui_msgs/srv/setting_tool__type_support.cpp.o[0m
[1.484s] [ 28%] [32mBuilding CXX object CMakeFiles/gui_msgs__rosidl_typesupport_cpp.dir/rosidl_typesupport_cpp/gui_msgs/msg/setting_tool__type_support.cpp.o[0m
[1.484s] [ 28%] [32mBuilding CXX object CMakeFiles/gui_msgs__rosidl_typesupport_cpp.dir/rosidl_typesupport_cpp/gui_msgs/srv/setting_params__type_support.cpp.o[0m
[1.484s] [ 29%] [32mBuilding CXX object CMakeFiles/gui_msgs__rosidl_typesupport_cpp.dir/rosidl_typesupport_cpp/gui_msgs/msg/setting_params__type_support.cpp.o[0m
[1.484s] [ 28%] [32mBuilding CXX object CMakeFiles/gui_msgs__rosidl_typesupport_cpp.dir/rosidl_typesupport_cpp/gui_msgs/srv/trajectory_setting__type_support.cpp.o[0m
[1.484s] [ 29%] [32mBuilding CXX object CMakeFiles/gui_msgs__rosidl_typesupport_cpp.dir/rosidl_typesupport_cpp/gui_msgs/msg/trajectory_setting__type_support.cpp.o[0m
[1.531s] [35m[1mConsolidate compiler generated dependencies of target gui_msgs__rosidl_typesupport_introspection_cpp[0m
[1.546s] [ 33%] [32mBuilding CXX object CMakeFiles/gui_msgs__rosidl_typesupport_introspection_cpp.dir/rosidl_typesupport_introspection_cpp/gui_msgs/srv/detail/setting_params__type_support.cpp.o[0m
[1.546s] [ 33%] [32mBuilding CXX object CMakeFiles/gui_msgs__rosidl_typesupport_introspection_cpp.dir/rosidl_typesupport_introspection_cpp/gui_msgs/msg/detail/setting_params__type_support.cpp.o[0m
[1.546s] [ 33%] [32mBuilding CXX object CMakeFiles/gui_msgs__rosidl_typesupport_introspection_cpp.dir/rosidl_typesupport_introspection_cpp/gui_msgs/msg/detail/setting_tool__type_support.cpp.o[0m
[1.548s] [ 35%] [32mBuilding CXX object CMakeFiles/gui_msgs__rosidl_typesupport_introspection_cpp.dir/rosidl_typesupport_introspection_cpp/gui_msgs/msg/detail/trajectory_setting__type_support.cpp.o[0m
[1.550s] [ 36%] [32mBuilding CXX object CMakeFiles/gui_msgs__rosidl_typesupport_introspection_cpp.dir/rosidl_typesupport_introspection_cpp/gui_msgs/srv/detail/setting_tool__type_support.cpp.o[0m
[1.551s] [ 38%] [32mBuilding CXX object CMakeFiles/gui_msgs__rosidl_typesupport_introspection_cpp.dir/rosidl_typesupport_introspection_cpp/gui_msgs/srv/detail/trajectory_setting__type_support.cpp.o[0m
[1.708s] [35m[1mConsolidate compiler generated dependencies of target gui_msgs__rosidl_typesupport_fastrtps_cpp[0m
[1.723s] [ 39%] [32mBuilding CXX object CMakeFiles/gui_msgs__rosidl_typesupport_fastrtps_cpp.dir/rosidl_typesupport_fastrtps_cpp/gui_msgs/msg/detail/dds_fastrtps/setting_params__type_support.cpp.o[0m
[1.739s] [35m[1mConsolidate compiler generated dependencies of target gui_msgs__rosidl_typesupport_c[0m
[1.748s] [ 40%] [32mBuilding CXX object CMakeFiles/gui_msgs__rosidl_typesupport_c.dir/rosidl_typesupport_c/gui_msgs/msg/setting_params__type_support.cpp.o[0m
[1.750s] [ 42%] [32mBuilding CXX object CMakeFiles/gui_msgs__rosidl_typesupport_fastrtps_cpp.dir/rosidl_typesupport_fastrtps_cpp/gui_msgs/msg/detail/dds_fastrtps/trajectory_setting__type_support.cpp.o[0m
[1.750s] [ 43%] [32mBuilding CXX object CMakeFiles/gui_msgs__rosidl_typesupport_fastrtps_cpp.dir/rosidl_typesupport_fastrtps_cpp/gui_msgs/msg/detail/dds_fastrtps/setting_tool__type_support.cpp.o[0m
[1.757s] [ 45%] [32mBuilding CXX object CMakeFiles/gui_msgs__rosidl_typesupport_fastrtps_cpp.dir/rosidl_typesupport_fastrtps_cpp/gui_msgs/srv/detail/dds_fastrtps/setting_params__type_support.cpp.o[0m
[1.758s] [ 46%] [32mBuilding CXX object CMakeFiles/gui_msgs__rosidl_typesupport_c.dir/rosidl_typesupport_c/gui_msgs/msg/setting_tool__type_support.cpp.o[0m
[1.760s] [ 47%] [32mBuilding CXX object CMakeFiles/gui_msgs__rosidl_typesupport_fastrtps_cpp.dir/rosidl_typesupport_fastrtps_cpp/gui_msgs/srv/detail/dds_fastrtps/setting_tool__type_support.cpp.o[0m
[1.787s] [ 49%] [32m[1mLinking CXX shared library libgui_msgs__rosidl_typesupport_cpp.so[0m
[1.792s] [ 50%] [32mBuilding CXX object CMakeFiles/gui_msgs__rosidl_typesupport_fastrtps_cpp.dir/rosidl_typesupport_fastrtps_cpp/gui_msgs/srv/detail/dds_fastrtps/trajectory_setting__type_support.cpp.o[0m
[1.796s] [ 52%] [32mBuilding CXX object CMakeFiles/gui_msgs__rosidl_typesupport_c.dir/rosidl_typesupport_c/gui_msgs/msg/trajectory_setting__type_support.cpp.o[0m
[1.823s] [35m[1mConsolidate compiler generated dependencies of target gui_msgs__rosidl_typesupport_fastrtps_c[0m
[1.842s] [ 53%] [32mBuilding CXX object CMakeFiles/gui_msgs__rosidl_typesupport_c.dir/rosidl_typesupport_c/gui_msgs/srv/setting_params__type_support.cpp.o[0m
[1.842s] [ 54%] [32mBuilding CXX object CMakeFiles/gui_msgs__rosidl_typesupport_fastrtps_c.dir/rosidl_typesupport_fastrtps_c/gui_msgs/msg/detail/setting_params__type_support_c.cpp.o[0m
[1.851s] [35m[1mConsolidate compiler generated dependencies of target gui_msgs__rosidl_typesupport_introspection_c[0m
[1.862s] [ 54%] Built target gui_msgs__rosidl_typesupport_cpp
[1.871s] [ 56%] [32mBuilding C object CMakeFiles/gui_msgs__rosidl_typesupport_introspection_c.dir/rosidl_typesupport_introspection_c/gui_msgs/msg/detail/setting_params__type_support.c.o[0m
[1.874s] [ 57%] [32mBuilding CXX object CMakeFiles/gui_msgs__rosidl_typesupport_c.dir/rosidl_typesupport_c/gui_msgs/srv/setting_tool__type_support.cpp.o[0m
[1.877s] [ 59%] [32mBuilding CXX object CMakeFiles/gui_msgs__rosidl_typesupport_fastrtps_c.dir/rosidl_typesupport_fastrtps_c/gui_msgs/msg/detail/setting_tool__type_support_c.cpp.o[0m
[1.910s] [ 60%] [32mBuilding CXX object CMakeFiles/gui_msgs__rosidl_typesupport_c.dir/rosidl_typesupport_c/gui_msgs/srv/trajectory_setting__type_support.cpp.o[0m
[1.914s] [ 64%] [32mBuilding C object CMakeFiles/gui_msgs__rosidl_typesupport_introspection_c.dir/rosidl_typesupport_introspection_c/gui_msgs/msg/detail/trajectory_setting__type_support.c.o[0m
[1.914s] [ 64%] [32mBuilding C object CMakeFiles/gui_msgs__rosidl_typesupport_introspection_c.dir/rosidl_typesupport_introspection_c/gui_msgs/srv/detail/setting_params__type_support.c.o[0m
[1.914s] [ 64%] [32mBuilding CXX object CMakeFiles/gui_msgs__rosidl_typesupport_fastrtps_c.dir/rosidl_typesupport_fastrtps_c/gui_msgs/msg/detail/trajectory_setting__type_support_c.cpp.o[0m
[1.920s] [ 66%] [32mBuilding C object CMakeFiles/gui_msgs__rosidl_typesupport_introspection_c.dir/rosidl_typesupport_introspection_c/gui_msgs/msg/detail/setting_tool__type_support.c.o[0m
[1.921s] [ 67%] [32mBuilding CXX object CMakeFiles/gui_msgs__rosidl_typesupport_fastrtps_c.dir/rosidl_typesupport_fastrtps_c/gui_msgs/srv/detail/setting_params__type_support_c.cpp.o[0m
[1.930s] [ 69%] [32m[1mLinking CXX shared library libgui_msgs__rosidl_typesupport_introspection_cpp.so[0m
[1.931s] [ 70%] [32mBuilding C object CMakeFiles/gui_msgs__rosidl_typesupport_introspection_c.dir/rosidl_typesupport_introspection_c/gui_msgs/srv/detail/setting_tool__type_support.c.o[0m
[1.959s] [ 71%] [32mBuilding C object CMakeFiles/gui_msgs__rosidl_typesupport_introspection_c.dir/rosidl_typesupport_introspection_c/gui_msgs/srv/detail/trajectory_setting__type_support.c.o[0m
[1.964s] [ 73%] [32mBuilding CXX object CMakeFiles/gui_msgs__rosidl_typesupport_fastrtps_c.dir/rosidl_typesupport_fastrtps_c/gui_msgs/srv/detail/setting_tool__type_support_c.cpp.o[0m
[1.994s] [ 74%] [32m[1mLinking CXX shared library libgui_msgs__rosidl_typesupport_c.so[0m
[2.002s] [ 76%] [32mBuilding CXX object CMakeFiles/gui_msgs__rosidl_typesupport_fastrtps_c.dir/rosidl_typesupport_fastrtps_c/gui_msgs/srv/detail/trajectory_setting__type_support_c.cpp.o[0m
[2.005s] [ 76%] Built target gui_msgs__rosidl_typesupport_introspection_cpp
[2.038s] [ 77%] [32m[1mLinking C shared library libgui_msgs__rosidl_typesupport_introspection_c.so[0m
[2.064s] [ 77%] Built target gui_msgs__rosidl_typesupport_c
[2.103s] [ 77%] Built target gui_msgs__rosidl_typesupport_introspection_c
[2.238s] [ 78%] [32m[1mLinking CXX shared library libgui_msgs__rosidl_typesupport_fastrtps_cpp.so[0m
[2.299s] [ 80%] [32m[1mLinking CXX shared library libgui_msgs__rosidl_typesupport_fastrtps_c.so[0m
[2.309s] [ 80%] Built target gui_msgs__rosidl_typesupport_fastrtps_cpp
[2.359s] [ 80%] Built target gui_msgs__rosidl_typesupport_fastrtps_c
[2.378s] [ 80%] Built target gui_msgs
[2.396s] [ 81%] [34m[1mGenerating Python code for ROS interfaces[0m
[2.917s] [ 81%] Built target gui_msgs__py
[2.927s] [35m[1mConsolidate compiler generated dependencies of target gui_msgs__rosidl_generator_py[0m
[2.938s] [ 87%] [32mBuilding C object CMakeFiles/gui_msgs__rosidl_generator_py.dir/rosidl_generator_py/gui_msgs/srv/_setting_tool_s.c.o[0m
[2.938s] [ 87%] [32mBuilding C object CMakeFiles/gui_msgs__rosidl_generator_py.dir/rosidl_generator_py/gui_msgs/msg/_setting_tool_s.c.o[0m
[2.938s] [ 87%] [32mBuilding C object CMakeFiles/gui_msgs__rosidl_generator_py.dir/rosidl_generator_py/gui_msgs/msg/_setting_params_s.c.o[0m
[2.938s] [ 87%] [32mBuilding C object CMakeFiles/gui_msgs__rosidl_generator_py.dir/rosidl_generator_py/gui_msgs/msg/_trajectory_setting_s.c.o[0m
[2.939s] [ 88%] [32mBuilding C object CMakeFiles/gui_msgs__rosidl_generator_py.dir/rosidl_generator_py/gui_msgs/srv/_setting_params_s.c.o[0m
[2.939s] [ 90%] [32mBuilding C object CMakeFiles/gui_msgs__rosidl_generator_py.dir/rosidl_generator_py/gui_msgs/srv/_trajectory_setting_s.c.o[0m
[3.028s] [ 91%] [32m[1mLinking C shared library rosidl_generator_py/gui_msgs/libgui_msgs__rosidl_generator_py.so[0m
[3.064s] [ 91%] Built target gui_msgs__rosidl_generator_py
[3.073s] [35m[1mConsolidate compiler generated dependencies of target gui_msgs__rosidl_typesupport_fastrtps_c__pyext[0m
[3.073s] [35m[1mConsolidate compiler generated dependencies of target gui_msgs__rosidl_typesupport_introspection_c__pyext[0m
[3.073s] [35m[1mConsolidate compiler generated dependencies of target gui_msgs__rosidl_typesupport_c__pyext[0m
[3.083s] [ 95%] [32mBuilding C object CMakeFiles/gui_msgs__rosidl_typesupport_fastrtps_c__pyext.dir/rosidl_generator_py/gui_msgs/_gui_msgs_s.ep.rosidl_typesupport_fastrtps_c.c.o[0m
[3.083s] [ 95%] [32mBuilding C object CMakeFiles/gui_msgs__rosidl_typesupport_c__pyext.dir/rosidl_generator_py/gui_msgs/_gui_msgs_s.ep.rosidl_typesupport_c.c.o[0m
[3.083s] [ 95%] [32mBuilding C object CMakeFiles/gui_msgs__rosidl_typesupport_introspection_c__pyext.dir/rosidl_generator_py/gui_msgs/_gui_msgs_s.ep.rosidl_typesupport_introspection_c.c.o[0m
[3.165s] [100%] [32m[1mLinking C shared library rosidl_generator_py/gui_msgs/gui_msgs_s__rosidl_typesupport_introspection_c.cpython-310-x86_64-linux-gnu.so[0m
[3.165s] [100%] [32m[1mLinking C shared library rosidl_generator_py/gui_msgs/gui_msgs_s__rosidl_typesupport_fastrtps_c.cpython-310-x86_64-linux-gnu.so[0m
[3.165s] [100%] [32m[1mLinking C shared library rosidl_generator_py/gui_msgs/gui_msgs_s__rosidl_typesupport_c.cpython-310-x86_64-linux-gnu.so[0m
[3.197s] [100%] Built target gui_msgs__rosidl_typesupport_introspection_c__pyext
[3.197s] [100%] Built target gui_msgs__rosidl_typesupport_c__pyext
[3.197s] [100%] Built target gui_msgs__rosidl_typesupport_fastrtps_c__pyext
[3.208s] Invoked command in '/home/hoapham/ros2_ws/build/gui_msgs' returned '0': CMAKE_PREFIX_PATH=${CMAKE_PREFIX_PATH}:/opt/ros/humble /usr/bin/cmake --build /home/hoapham/ros2_ws/build/gui_msgs -- -j16 -l16
[3.218s] Invoking command in '/home/hoapham/ros2_ws/build/gui_msgs': CMAKE_PREFIX_PATH=${CMAKE_PREFIX_PATH}:/opt/ros/humble /usr/bin/cmake --install /home/hoapham/ros2_ws/build/gui_msgs
[3.225s] -- Install configuration: ""
[3.226s] -- Installing: /home/hoapham/ros2_ws/install/gui_msgs/share/ament_index/resource_index/rosidl_interfaces/gui_msgs
[3.226s] -- Up-to-date: /home/hoapham/ros2_ws/install/gui_msgs/include/gui_msgs/gui_msgs
[3.226s] -- Up-to-date: /home/hoapham/ros2_ws/install/gui_msgs/include/gui_msgs/gui_msgs/msg
[3.226s] -- Up-to-date: /home/hoapham/ros2_ws/install/gui_msgs/include/gui_msgs/gui_msgs/msg/detail
[3.226s] -- Installing: /home/hoapham/ros2_ws/install/gui_msgs/include/gui_msgs/gui_msgs/msg/detail/setting_params__functions.c
[3.226s] -- Installing: /home/hoapham/ros2_ws/install/gui_msgs/include/gui_msgs/gui_msgs/msg/detail/setting_tool__functions.h
[3.226s] -- Installing: /home/hoapham/ros2_ws/install/gui_msgs/include/gui_msgs/gui_msgs/msg/detail/setting_tool__functions.c
[3.226s] -- Installing: /home/hoapham/ros2_ws/install/gui_msgs/include/gui_msgs/gui_msgs/msg/detail/setting_tool__struct.h
[3.226s] -- Installing: /home/hoapham/ros2_ws/install/gui_msgs/include/gui_msgs/gui_msgs/msg/detail/trajectory_setting__type_support.h
[3.226s] -- Installing: /home/hoapham/ros2_ws/install/gui_msgs/include/gui_msgs/gui_msgs/msg/detail/trajectory_setting__functions.h
[3.226s] -- Installing: /home/hoapham/ros2_ws/install/gui_msgs/include/gui_msgs/gui_msgs/msg/detail/setting_params__struct.h
[3.226s] -- Installing: /home/hoapham/ros2_ws/install/gui_msgs/include/gui_msgs/gui_msgs/msg/detail/trajectory_setting__functions.c
[3.226s] -- Installing: /home/hoapham/ros2_ws/install/gui_msgs/include/gui_msgs/gui_msgs/msg/detail/trajectory_setting__struct.h
[3.227s] -- Installing: /home/hoapham/ros2_ws/install/gui_msgs/include/gui_msgs/gui_msgs/msg/detail/setting_tool__type_support.h
[3.227s] -- Installing: /home/hoapham/ros2_ws/install/gui_msgs/include/gui_msgs/gui_msgs/msg/detail/setting_params__functions.h
[3.227s] -- Installing: /home/hoapham/ros2_ws/install/gui_msgs/include/gui_msgs/gui_msgs/msg/detail/setting_params__type_support.h
[3.227s] -- Installing: /home/hoapham/ros2_ws/install/gui_msgs/include/gui_msgs/gui_msgs/msg/trajectory_setting.h
[3.227s] -- Installing: /home/hoapham/ros2_ws/install/gui_msgs/include/gui_msgs/gui_msgs/msg/setting_params.h
[3.227s] -- Up-to-date: /home/hoapham/ros2_ws/install/gui_msgs/include/gui_msgs/gui_msgs/msg/rosidl_generator_c__visibility_control.h
[3.227s] -- Installing: /home/hoapham/ros2_ws/install/gui_msgs/include/gui_msgs/gui_msgs/msg/setting_tool.h
[3.227s] -- Installing: /home/hoapham/ros2_ws/install/gui_msgs/include/gui_msgs/gui_msgs/srv
[3.227s] -- Installing: /home/hoapham/ros2_ws/install/gui_msgs/include/gui_msgs/gui_msgs/srv/detail
[3.227s] -- Installing: /home/hoapham/ros2_ws/install/gui_msgs/include/gui_msgs/gui_msgs/srv/detail/setting_params__functions.c
[3.227s] -- Installing: /home/hoapham/ros2_ws/install/gui_msgs/include/gui_msgs/gui_msgs/srv/detail/setting_tool__functions.h
[3.228s] -- Installing: /home/hoapham/ros2_ws/install/gui_msgs/include/gui_msgs/gui_msgs/srv/detail/setting_tool__functions.c
[3.228s] -- Installing: /home/hoapham/ros2_ws/install/gui_msgs/include/gui_msgs/gui_msgs/srv/detail/setting_tool__struct.h
[3.228s] -- Installing: /home/hoapham/ros2_ws/install/gui_msgs/include/gui_msgs/gui_msgs/srv/detail/trajectory_setting__type_support.h
[3.228s] -- Installing: /home/hoapham/ros2_ws/install/gui_msgs/include/gui_msgs/gui_msgs/srv/detail/trajectory_setting__functions.h
[3.228s] -- Installing: /home/hoapham/ros2_ws/install/gui_msgs/include/gui_msgs/gui_msgs/srv/detail/setting_params__struct.h
[3.228s] -- Installing: /home/hoapham/ros2_ws/install/gui_msgs/include/gui_msgs/gui_msgs/srv/detail/trajectory_setting__functions.c
[3.228s] -- Installing: /home/hoapham/ros2_ws/install/gui_msgs/include/gui_msgs/gui_msgs/srv/detail/trajectory_setting__struct.h
[3.228s] -- Installing: /home/hoapham/ros2_ws/install/gui_msgs/include/gui_msgs/gui_msgs/srv/detail/setting_tool__type_support.h
[3.228s] -- Installing: /home/hoapham/ros2_ws/install/gui_msgs/include/gui_msgs/gui_msgs/srv/detail/setting_params__functions.h
[3.228s] -- Installing: /home/hoapham/ros2_ws/install/gui_msgs/include/gui_msgs/gui_msgs/srv/detail/setting_params__type_support.h
[3.228s] -- Installing: /home/hoapham/ros2_ws/install/gui_msgs/include/gui_msgs/gui_msgs/srv/trajectory_setting.h
[3.228s] -- Installing: /home/hoapham/ros2_ws/install/gui_msgs/include/gui_msgs/gui_msgs/srv/setting_params.h
[3.229s] -- Installing: /home/hoapham/ros2_ws/install/gui_msgs/include/gui_msgs/gui_msgs/srv/setting_tool.h
[3.229s] -- Up-to-date: /home/hoapham/ros2_ws/install/gui_msgs/share/gui_msgs/environment/library_path.sh
[3.229s] -- Installing: /home/hoapham/ros2_ws/install/gui_msgs/share/gui_msgs/environment/library_path.dsv
[3.229s] -- Installing: /home/hoapham/ros2_ws/install/gui_msgs/lib/libgui_msgs__rosidl_generator_c.so
[3.229s] -- Set runtime path of "/home/hoapham/ros2_ws/install/gui_msgs/lib/libgui_msgs__rosidl_generator_c.so" to ""
[3.229s] -- Up-to-date: /home/hoapham/ros2_ws/install/gui_msgs/include/gui_msgs/gui_msgs
[3.229s] -- Up-to-date: /home/hoapham/ros2_ws/install/gui_msgs/include/gui_msgs/gui_msgs/msg
[3.229s] -- Up-to-date: /home/hoapham/ros2_ws/install/gui_msgs/include/gui_msgs/gui_msgs/msg/detail
[3.229s] -- Installing: /home/hoapham/ros2_ws/install/gui_msgs/include/gui_msgs/gui_msgs/msg/detail/setting_tool__rosidl_typesupport_fastrtps_c.h
[3.229s] -- Installing: /home/hoapham/ros2_ws/install/gui_msgs/include/gui_msgs/gui_msgs/msg/detail/setting_params__rosidl_typesupport_fastrtps_c.h
[3.230s] -- Installing: /home/hoapham/ros2_ws/install/gui_msgs/include/gui_msgs/gui_msgs/msg/detail/trajectory_setting__rosidl_typesupport_fastrtps_c.h
[3.230s] -- Up-to-date: /home/hoapham/ros2_ws/install/gui_msgs/include/gui_msgs/gui_msgs/msg/rosidl_typesupport_fastrtps_c__visibility_control.h
[3.230s] -- Up-to-date: /home/hoapham/ros2_ws/install/gui_msgs/include/gui_msgs/gui_msgs/srv
[3.230s] -- Up-to-date: /home/hoapham/ros2_ws/install/gui_msgs/include/gui_msgs/gui_msgs/srv/detail
[3.230s] -- Installing: /home/hoapham/ros2_ws/install/gui_msgs/include/gui_msgs/gui_msgs/srv/detail/setting_tool__rosidl_typesupport_fastrtps_c.h
[3.230s] -- Installing: /home/hoapham/ros2_ws/install/gui_msgs/include/gui_msgs/gui_msgs/srv/detail/setting_params__rosidl_typesupport_fastrtps_c.h
[3.230s] -- Installing: /home/hoapham/ros2_ws/install/gui_msgs/include/gui_msgs/gui_msgs/srv/detail/trajectory_setting__rosidl_typesupport_fastrtps_c.h
[3.230s] -- Installing: /home/hoapham/ros2_ws/install/gui_msgs/lib/libgui_msgs__rosidl_typesupport_fastrtps_c.so
[3.230s] -- Set runtime path of "/home/hoapham/ros2_ws/install/gui_msgs/lib/libgui_msgs__rosidl_typesupport_fastrtps_c.so" to ""
[3.231s] -- Up-to-date: /home/hoapham/ros2_ws/install/gui_msgs/include/gui_msgs/gui_msgs
[3.231s] -- Up-to-date: /home/hoapham/ros2_ws/install/gui_msgs/include/gui_msgs/gui_msgs/msg
[3.231s] -- Up-to-date: /home/hoapham/ros2_ws/install/gui_msgs/include/gui_msgs/gui_msgs/msg/detail
[3.231s] -- Installing: /home/hoapham/ros2_ws/install/gui_msgs/include/gui_msgs/gui_msgs/msg/detail/trajectory_setting__type_support.hpp
[3.231s] -- Installing: /home/hoapham/ros2_ws/install/gui_msgs/include/gui_msgs/gui_msgs/msg/detail/setting_params__struct.hpp
[3.231s] -- Installing: /home/hoapham/ros2_ws/install/gui_msgs/include/gui_msgs/gui_msgs/msg/detail/trajectory_setting__traits.hpp
[3.231s] -- Installing: /home/hoapham/ros2_ws/install/gui_msgs/include/gui_msgs/gui_msgs/msg/detail/setting_params__type_support.hpp
[3.231s] -- Installing: /home/hoapham/ros2_ws/install/gui_msgs/include/gui_msgs/gui_msgs/msg/detail/setting_tool__traits.hpp
[3.231s] -- Installing: /home/hoapham/ros2_ws/install/gui_msgs/include/gui_msgs/gui_msgs/msg/detail/setting_tool__type_support.hpp
[3.231s] -- Installing: /home/hoapham/ros2_ws/install/gui_msgs/include/gui_msgs/gui_msgs/msg/detail/trajectory_setting__builder.hpp
[3.231s] -- Installing: /home/hoapham/ros2_ws/install/gui_msgs/include/gui_msgs/gui_msgs/msg/detail/setting_params__traits.hpp
[3.231s] -- Installing: /home/hoapham/ros2_ws/install/gui_msgs/include/gui_msgs/gui_msgs/msg/detail/setting_tool__struct.hpp
[3.232s] -- Installing: /home/hoapham/ros2_ws/install/gui_msgs/include/gui_msgs/gui_msgs/msg/detail/setting_params__builder.hpp
[3.232s] -- Installing: /home/hoapham/ros2_ws/install/gui_msgs/include/gui_msgs/gui_msgs/msg/detail/trajectory_setting__struct.hpp
[3.232s] -- Installing: /home/hoapham/ros2_ws/install/gui_msgs/include/gui_msgs/gui_msgs/msg/detail/setting_tool__builder.hpp
[3.232s] -- Installing: /home/hoapham/ros2_ws/install/gui_msgs/include/gui_msgs/gui_msgs/msg/trajectory_setting.hpp
[3.232s] -- Installing: /home/hoapham/ros2_ws/install/gui_msgs/include/gui_msgs/gui_msgs/msg/setting_tool.hpp
[3.232s] -- Up-to-date: /home/hoapham/ros2_ws/install/gui_msgs/include/gui_msgs/gui_msgs/msg/rosidl_generator_cpp__visibility_control.hpp
[3.232s] -- Installing: /home/hoapham/ros2_ws/install/gui_msgs/include/gui_msgs/gui_msgs/msg/setting_params.hpp
[3.232s] -- Up-to-date: /home/hoapham/ros2_ws/install/gui_msgs/include/gui_msgs/gui_msgs/srv
[3.232s] -- Up-to-date: /home/hoapham/ros2_ws/install/gui_msgs/include/gui_msgs/gui_msgs/srv/detail
[3.232s] -- Installing: /home/hoapham/ros2_ws/install/gui_msgs/include/gui_msgs/gui_msgs/srv/detail/trajectory_setting__type_support.hpp
[3.232s] -- Installing: /home/hoapham/ros2_ws/install/gui_msgs/include/gui_msgs/gui_msgs/srv/detail/setting_params__struct.hpp
[3.232s] -- Installing: /home/hoapham/ros2_ws/install/gui_msgs/include/gui_msgs/gui_msgs/srv/detail/trajectory_setting__traits.hpp
[3.233s] -- Installing: /home/hoapham/ros2_ws/install/gui_msgs/include/gui_msgs/gui_msgs/srv/detail/setting_params__type_support.hpp
[3.233s] -- Installing: /home/hoapham/ros2_ws/install/gui_msgs/include/gui_msgs/gui_msgs/srv/detail/setting_tool__traits.hpp
[3.233s] -- Installing: /home/hoapham/ros2_ws/install/gui_msgs/include/gui_msgs/gui_msgs/srv/detail/setting_tool__type_support.hpp
[3.233s] -- Installing: /home/hoapham/ros2_ws/install/gui_msgs/include/gui_msgs/gui_msgs/srv/detail/trajectory_setting__builder.hpp
[3.233s] -- Installing: /home/hoapham/ros2_ws/install/gui_msgs/include/gui_msgs/gui_msgs/srv/detail/setting_params__traits.hpp
[3.233s] -- Installing: /home/hoapham/ros2_ws/install/gui_msgs/include/gui_msgs/gui_msgs/srv/detail/setting_tool__struct.hpp
[3.233s] -- Installing: /home/hoapham/ros2_ws/install/gui_msgs/include/gui_msgs/gui_msgs/srv/detail/setting_params__builder.hpp
[3.233s] -- Installing: /home/hoapham/ros2_ws/install/gui_msgs/include/gui_msgs/gui_msgs/srv/detail/trajectory_setting__struct.hpp
[3.233s] -- Installing: /home/hoapham/ros2_ws/install/gui_msgs/include/gui_msgs/gui_msgs/srv/detail/setting_tool__builder.hpp
[3.233s] -- Installing: /home/hoapham/ros2_ws/install/gui_msgs/include/gui_msgs/gui_msgs/srv/trajectory_setting.hpp
[3.233s] -- Installing: /home/hoapham/ros2_ws/install/gui_msgs/include/gui_msgs/gui_msgs/srv/setting_tool.hpp
[3.234s] -- Installing: /home/hoapham/ros2_ws/install/gui_msgs/include/gui_msgs/gui_msgs/srv/setting_params.hpp
[3.234s] -- Up-to-date: /home/hoapham/ros2_ws/install/gui_msgs/include/gui_msgs/gui_msgs
[3.234s] -- Up-to-date: /home/hoapham/ros2_ws/install/gui_msgs/include/gui_msgs/gui_msgs/msg
[3.234s] -- Up-to-date: /home/hoapham/ros2_ws/install/gui_msgs/include/gui_msgs/gui_msgs/msg/detail
[3.234s] -- Installing: /home/hoapham/ros2_ws/install/gui_msgs/include/gui_msgs/gui_msgs/msg/detail/setting_tool__rosidl_typesupport_fastrtps_cpp.hpp
[3.234s] -- Up-to-date: /home/hoapham/ros2_ws/install/gui_msgs/include/gui_msgs/gui_msgs/msg/detail/dds_fastrtps
[3.234s] -- Installing: /home/hoapham/ros2_ws/install/gui_msgs/include/gui_msgs/gui_msgs/msg/detail/trajectory_setting__rosidl_typesupport_fastrtps_cpp.hpp
[3.234s] -- Installing: /home/hoapham/ros2_ws/install/gui_msgs/include/gui_msgs/gui_msgs/msg/detail/setting_params__rosidl_typesupport_fastrtps_cpp.hpp
[3.234s] -- Up-to-date: /home/hoapham/ros2_ws/install/gui_msgs/include/gui_msgs/gui_msgs/msg/rosidl_typesupport_fastrtps_cpp__visibility_control.h
[3.234s] -- Up-to-date: /home/hoapham/ros2_ws/install/gui_msgs/include/gui_msgs/gui_msgs/srv
[3.234s] -- Up-to-date: /home/hoapham/ros2_ws/install/gui_msgs/include/gui_msgs/gui_msgs/srv/detail
[3.234s] -- Installing: /home/hoapham/ros2_ws/install/gui_msgs/include/gui_msgs/gui_msgs/srv/detail/setting_tool__rosidl_typesupport_fastrtps_cpp.hpp
[3.234s] -- Installing: /home/hoapham/ros2_ws/install/gui_msgs/include/gui_msgs/gui_msgs/srv/detail/dds_fastrtps
[3.234s] -- Installing: /home/hoapham/ros2_ws/install/gui_msgs/include/gui_msgs/gui_msgs/srv/detail/trajectory_setting__rosidl_typesupport_fastrtps_cpp.hpp
[3.234s] -- Installing: /home/hoapham/ros2_ws/install/gui_msgs/include/gui_msgs/gui_msgs/srv/detail/setting_params__rosidl_typesupport_fastrtps_cpp.hpp
[3.235s] -- Installing: /home/hoapham/ros2_ws/install/gui_msgs/lib/libgui_msgs__rosidl_typesupport_fastrtps_cpp.so
[3.235s] -- Set runtime path of "/home/hoapham/ros2_ws/install/gui_msgs/lib/libgui_msgs__rosidl_typesupport_fastrtps_cpp.so" to ""
[3.235s] -- Up-to-date: /home/hoapham/ros2_ws/install/gui_msgs/include/gui_msgs/gui_msgs
[3.235s] -- Up-to-date: /home/hoapham/ros2_ws/install/gui_msgs/include/gui_msgs/gui_msgs/msg
[3.235s] -- Up-to-date: /home/hoapham/ros2_ws/install/gui_msgs/include/gui_msgs/gui_msgs/msg/detail
[3.235s] -- Installing: /home/hoapham/ros2_ws/install/gui_msgs/include/gui_msgs/gui_msgs/msg/detail/trajectory_setting__type_support.c
[3.235s] -- Installing: /home/hoapham/ros2_ws/install/gui_msgs/include/gui_msgs/gui_msgs/msg/detail/trajectory_setting__rosidl_typesupport_introspection_c.h
[3.235s] -- Installing: /home/hoapham/ros2_ws/install/gui_msgs/include/gui_msgs/gui_msgs/msg/detail/setting_tool__type_support.c
[3.235s] -- Installing: /home/hoapham/ros2_ws/install/gui_msgs/include/gui_msgs/gui_msgs/msg/detail/setting_tool__rosidl_typesupport_introspection_c.h
[3.236s] -- Installing: /home/hoapham/ros2_ws/install/gui_msgs/include/gui_msgs/gui_msgs/msg/detail/setting_params__rosidl_typesupport_introspection_c.h
[3.236s] -- Installing: /home/hoapham/ros2_ws/install/gui_msgs/include/gui_msgs/gui_msgs/msg/detail/setting_params__type_support.c
[3.236s] -- Up-to-date: /home/hoapham/ros2_ws/install/gui_msgs/include/gui_msgs/gui_msgs/msg/rosidl_typesupport_introspection_c__visibility_control.h
[3.236s] -- Up-to-date: /home/hoapham/ros2_ws/install/gui_msgs/include/gui_msgs/gui_msgs/srv
[3.236s] -- Up-to-date: /home/hoapham/ros2_ws/install/gui_msgs/include/gui_msgs/gui_msgs/srv/detail
[3.236s] -- Installing: /home/hoapham/ros2_ws/install/gui_msgs/include/gui_msgs/gui_msgs/srv/detail/trajectory_setting__type_support.c
[3.236s] -- Installing: /home/hoapham/ros2_ws/install/gui_msgs/include/gui_msgs/gui_msgs/srv/detail/trajectory_setting__rosidl_typesupport_introspection_c.h
[3.236s] -- Installing: /home/hoapham/ros2_ws/install/gui_msgs/include/gui_msgs/gui_msgs/srv/detail/setting_tool__type_support.c
[3.236s] -- Installing: /home/hoapham/ros2_ws/install/gui_msgs/include/gui_msgs/gui_msgs/srv/detail/setting_tool__rosidl_typesupport_introspection_c.h
[3.236s] -- Installing: /home/hoapham/ros2_ws/install/gui_msgs/include/gui_msgs/gui_msgs/srv/detail/setting_params__rosidl_typesupport_introspection_c.h
[3.236s] -- Installing: /home/hoapham/ros2_ws/install/gui_msgs/include/gui_msgs/gui_msgs/srv/detail/setting_params__type_support.c
[3.237s] -- Installing: /home/hoapham/ros2_ws/install/gui_msgs/lib/libgui_msgs__rosidl_typesupport_introspection_c.so
[3.237s] -- Set runtime path of "/home/hoapham/ros2_ws/install/gui_msgs/lib/libgui_msgs__rosidl_typesupport_introspection_c.so" to ""
[3.237s] -- Installing: /home/hoapham/ros2_ws/install/gui_msgs/lib/libgui_msgs__rosidl_typesupport_c.so
[3.237s] -- Set runtime path of "/home/hoapham/ros2_ws/install/gui_msgs/lib/libgui_msgs__rosidl_typesupport_c.so" to ""
[3.237s] -- Up-to-date: /home/hoapham/ros2_ws/install/gui_msgs/include/gui_msgs/gui_msgs
[3.237s] -- Up-to-date: /home/hoapham/ros2_ws/install/gui_msgs/include/gui_msgs/gui_msgs/msg
[3.237s] -- Up-to-date: /home/hoapham/ros2_ws/install/gui_msgs/include/gui_msgs/gui_msgs/msg/detail
[3.237s] -- Installing: /home/hoapham/ros2_ws/install/gui_msgs/include/gui_msgs/gui_msgs/msg/detail/setting_tool__type_support.cpp
[3.237s] -- Installing: /home/hoapham/ros2_ws/install/gui_msgs/include/gui_msgs/gui_msgs/msg/detail/trajectory_setting__type_support.cpp
[3.238s] -- Installing: /home/hoapham/ros2_ws/install/gui_msgs/include/gui_msgs/gui_msgs/msg/detail/setting_params__rosidl_typesupport_introspection_cpp.hpp
[3.238s] -- Installing: /home/hoapham/ros2_ws/install/gui_msgs/include/gui_msgs/gui_msgs/msg/detail/setting_tool__rosidl_typesupport_introspection_cpp.hpp
[3.238s] -- Installing: /home/hoapham/ros2_ws/install/gui_msgs/include/gui_msgs/gui_msgs/msg/detail/trajectory_setting__rosidl_typesupport_introspection_cpp.hpp
[3.238s] -- Installing: /home/hoapham/ros2_ws/install/gui_msgs/include/gui_msgs/gui_msgs/msg/detail/setting_params__type_support.cpp
[3.238s] -- Up-to-date: /home/hoapham/ros2_ws/install/gui_msgs/include/gui_msgs/gui_msgs/srv
[3.238s] -- Up-to-date: /home/hoapham/ros2_ws/install/gui_msgs/include/gui_msgs/gui_msgs/srv/detail
[3.238s] -- Installing: /home/hoapham/ros2_ws/install/gui_msgs/include/gui_msgs/gui_msgs/srv/detail/setting_tool__type_support.cpp
[3.238s] -- Installing: /home/hoapham/ros2_ws/install/gui_msgs/include/gui_msgs/gui_msgs/srv/detail/trajectory_setting__type_support.cpp
[3.238s] -- Installing: /home/hoapham/ros2_ws/install/gui_msgs/include/gui_msgs/gui_msgs/srv/detail/setting_params__rosidl_typesupport_introspection_cpp.hpp
[3.238s] -- Installing: /home/hoapham/ros2_ws/install/gui_msgs/include/gui_msgs/gui_msgs/srv/detail/setting_tool__rosidl_typesupport_introspection_cpp.hpp
[3.239s] -- Installing: /home/hoapham/ros2_ws/install/gui_msgs/include/gui_msgs/gui_msgs/srv/detail/trajectory_setting__rosidl_typesupport_introspection_cpp.hpp
[3.239s] -- Installing: /home/hoapham/ros2_ws/install/gui_msgs/include/gui_msgs/gui_msgs/srv/detail/setting_params__type_support.cpp
[3.239s] -- Installing: /home/hoapham/ros2_ws/install/gui_msgs/lib/libgui_msgs__rosidl_typesupport_introspection_cpp.so
[3.239s] -- Set runtime path of "/home/hoapham/ros2_ws/install/gui_msgs/lib/libgui_msgs__rosidl_typesupport_introspection_cpp.so" to ""
[3.239s] -- Installing: /home/hoapham/ros2_ws/install/gui_msgs/lib/libgui_msgs__rosidl_typesupport_cpp.so
[3.240s] -- Set runtime path of "/home/hoapham/ros2_ws/install/gui_msgs/lib/libgui_msgs__rosidl_typesupport_cpp.so" to ""
[3.240s] -- Up-to-date: /home/hoapham/ros2_ws/install/gui_msgs/share/gui_msgs/environment/pythonpath.sh
[3.240s] -- Installing: /home/hoapham/ros2_ws/install/gui_msgs/share/gui_msgs/environment/pythonpath.dsv
[3.240s] -- Up-to-date: /home/hoapham/ros2_ws/install/gui_msgs/local/lib/python3.10/dist-packages/gui_msgs-1.1.0-py3.10.egg-info
[3.240s] -- Installing: /home/hoapham/ros2_ws/install/gui_msgs/local/lib/python3.10/dist-packages/gui_msgs-1.1.0-py3.10.egg-info/dependency_links.txt
[3.240s] -- Installing: /home/hoapham/ros2_ws/install/gui_msgs/local/lib/python3.10/dist-packages/gui_msgs-1.1.0-py3.10.egg-info/top_level.txt
[3.240s] -- Installing: /home/hoapham/ros2_ws/install/gui_msgs/local/lib/python3.10/dist-packages/gui_msgs-1.1.0-py3.10.egg-info/SOURCES.txt
[3.240s] -- Installing: /home/hoapham/ros2_ws/install/gui_msgs/local/lib/python3.10/dist-packages/gui_msgs-1.1.0-py3.10.egg-info/PKG-INFO
[3.240s] -- Up-to-date: /home/hoapham/ros2_ws/install/gui_msgs/local/lib/python3.10/dist-packages/gui_msgs
[3.240s] -- Up-to-date: /home/hoapham/ros2_ws/install/gui_msgs/local/lib/python3.10/dist-packages/gui_msgs/msg
[3.240s] -- Installing: /home/hoapham/ros2_ws/install/gui_msgs/local/lib/python3.10/dist-packages/gui_msgs/msg/_setting_params_s.c
[3.241s] -- Installing: /home/hoapham/ros2_ws/install/gui_msgs/local/lib/python3.10/dist-packages/gui_msgs/msg/__init__.py
[3.241s] -- Installing: /home/hoapham/ros2_ws/install/gui_msgs/local/lib/python3.10/dist-packages/gui_msgs/msg/_setting_tool.py
[3.241s] -- Installing: /home/hoapham/ros2_ws/install/gui_msgs/local/lib/python3.10/dist-packages/gui_msgs/msg/_setting_params.py
[3.241s] -- Installing: /home/hoapham/ros2_ws/install/gui_msgs/local/lib/python3.10/dist-packages/gui_msgs/msg/_trajectory_setting.py
[3.241s] -- Installing: /home/hoapham/ros2_ws/install/gui_msgs/local/lib/python3.10/dist-packages/gui_msgs/msg/_setting_tool_s.c
[3.241s] -- Installing: /home/hoapham/ros2_ws/install/gui_msgs/local/lib/python3.10/dist-packages/gui_msgs/msg/_trajectory_setting_s.c
[3.241s] -- Installing: /home/hoapham/ros2_ws/install/gui_msgs/local/lib/python3.10/dist-packages/gui_msgs/__init__.py
[3.241s] -- Installing: /home/hoapham/ros2_ws/install/gui_msgs/local/lib/python3.10/dist-packages/gui_msgs/libgui_msgs__rosidl_generator_py.so
[3.241s] -- Installing: /home/hoapham/ros2_ws/install/gui_msgs/local/lib/python3.10/dist-packages/gui_msgs/srv
[3.242s] -- Installing: /home/hoapham/ros2_ws/install/gui_msgs/local/lib/python3.10/dist-packages/gui_msgs/srv/_setting_params_s.c
[3.242s] -- Installing: /home/hoapham/ros2_ws/install/gui_msgs/local/lib/python3.10/dist-packages/gui_msgs/srv/__init__.py
[3.242s] -- Installing: /home/hoapham/ros2_ws/install/gui_msgs/local/lib/python3.10/dist-packages/gui_msgs/srv/_setting_tool.py
[3.242s] -- Installing: /home/hoapham/ros2_ws/install/gui_msgs/local/lib/python3.10/dist-packages/gui_msgs/srv/_setting_params.py
[3.242s] -- Installing: /home/hoapham/ros2_ws/install/gui_msgs/local/lib/python3.10/dist-packages/gui_msgs/srv/_trajectory_setting.py
[3.242s] -- Installing: /home/hoapham/ros2_ws/install/gui_msgs/local/lib/python3.10/dist-packages/gui_msgs/srv/_setting_tool_s.c
[3.242s] -- Installing: /home/hoapham/ros2_ws/install/gui_msgs/local/lib/python3.10/dist-packages/gui_msgs/srv/_trajectory_setting_s.c
[3.242s] -- Installing: /home/hoapham/ros2_ws/install/gui_msgs/local/lib/python3.10/dist-packages/gui_msgs/gui_msgs_s__rosidl_typesupport_fastrtps_c.cpython-310-x86_64-linux-gnu.so
[3.242s] -- Installing: /home/hoapham/ros2_ws/install/gui_msgs/local/lib/python3.10/dist-packages/gui_msgs/_gui_msgs_s.ep.rosidl_typesupport_fastrtps_c.c
[3.242s] -- Installing: /home/hoapham/ros2_ws/install/gui_msgs/local/lib/python3.10/dist-packages/gui_msgs/_gui_msgs_s.ep.rosidl_typesupport_c.c
[3.242s] -- Installing: /home/hoapham/ros2_ws/install/gui_msgs/local/lib/python3.10/dist-packages/gui_msgs/_gui_msgs_s.ep.rosidl_typesupport_introspection_c.c
[3.243s] -- Installing: /home/hoapham/ros2_ws/install/gui_msgs/local/lib/python3.10/dist-packages/gui_msgs/gui_msgs_s__rosidl_typesupport_introspection_c.cpython-310-x86_64-linux-gnu.so
[3.243s] -- Installing: /home/hoapham/ros2_ws/install/gui_msgs/local/lib/python3.10/dist-packages/gui_msgs/gui_msgs_s__rosidl_typesupport_c.cpython-310-x86_64-linux-gnu.so
[3.269s] Listing '/home/hoapham/ros2_ws/install/gui_msgs/local/lib/python3.10/dist-packages/gui_msgs'...
[3.269s] Compiling '/home/hoapham/ros2_ws/install/gui_msgs/local/lib/python3.10/dist-packages/gui_msgs/__init__.py'...
[3.269s] Listing '/home/hoapham/ros2_ws/install/gui_msgs/local/lib/python3.10/dist-packages/gui_msgs/msg'...
[3.269s] Compiling '/home/hoapham/ros2_ws/install/gui_msgs/local/lib/python3.10/dist-packages/gui_msgs/msg/__init__.py'...
[3.269s] Compiling '/home/hoapham/ros2_ws/install/gui_msgs/local/lib/python3.10/dist-packages/gui_msgs/msg/_setting_params.py'...
[3.269s] Compiling '/home/hoapham/ros2_ws/install/gui_msgs/local/lib/python3.10/dist-packages/gui_msgs/msg/_setting_tool.py'...
[3.269s] Compiling '/home/hoapham/ros2_ws/install/gui_msgs/local/lib/python3.10/dist-packages/gui_msgs/msg/_trajectory_setting.py'...
[3.269s] Listing '/home/hoapham/ros2_ws/install/gui_msgs/local/lib/python3.10/dist-packages/gui_msgs/srv'...
[3.269s] Compiling '/home/hoapham/ros2_ws/install/gui_msgs/local/lib/python3.10/dist-packages/gui_msgs/srv/__init__.py'...
[3.269s] Compiling '/home/hoapham/ros2_ws/install/gui_msgs/local/lib/python3.10/dist-packages/gui_msgs/srv/_setting_params.py'...
[3.269s] Compiling '/home/hoapham/ros2_ws/install/gui_msgs/local/lib/python3.10/dist-packages/gui_msgs/srv/_setting_tool.py'...
[3.269s] Compiling '/home/hoapham/ros2_ws/install/gui_msgs/local/lib/python3.10/dist-packages/gui_msgs/srv/_trajectory_setting.py'...
[3.272s] -- Installing: /home/hoapham/ros2_ws/install/gui_msgs/local/lib/python3.10/dist-packages/gui_msgs/gui_msgs_s__rosidl_typesupport_fastrtps_c.cpython-310-x86_64-linux-gnu.so
[3.272s] -- Set runtime path of "/home/hoapham/ros2_ws/install/gui_msgs/local/lib/python3.10/dist-packages/gui_msgs/gui_msgs_s__rosidl_typesupport_fastrtps_c.cpython-310-x86_64-linux-gnu.so" to ""
[3.272s] -- Installing: /home/hoapham/ros2_ws/install/gui_msgs/local/lib/python3.10/dist-packages/gui_msgs/gui_msgs_s__rosidl_typesupport_introspection_c.cpython-310-x86_64-linux-gnu.so
[3.273s] -- Set runtime path of "/home/hoapham/ros2_ws/install/gui_msgs/local/lib/python3.10/dist-packages/gui_msgs/gui_msgs_s__rosidl_typesupport_introspection_c.cpython-310-x86_64-linux-gnu.so" to ""
[3.273s] -- Installing: /home/hoapham/ros2_ws/install/gui_msgs/local/lib/python3.10/dist-packages/gui_msgs/gui_msgs_s__rosidl_typesupport_c.cpython-310-x86_64-linux-gnu.so
[3.273s] -- Set runtime path of "/home/hoapham/ros2_ws/install/gui_msgs/local/lib/python3.10/dist-packages/gui_msgs/gui_msgs_s__rosidl_typesupport_c.cpython-310-x86_64-linux-gnu.so" to ""
[3.273s] -- Installing: /home/hoapham/ros2_ws/install/gui_msgs/lib/libgui_msgs__rosidl_generator_py.so
[3.273s] -- Set runtime path of "/home/hoapham/ros2_ws/install/gui_msgs/lib/libgui_msgs__rosidl_generator_py.so" to ""
[3.273s] -- Up-to-date: /home/hoapham/ros2_ws/install/gui_msgs/share/gui_msgs/msg/SettingParams.idl
[3.273s] -- Up-to-date: /home/hoapham/ros2_ws/install/gui_msgs/share/gui_msgs/msg/SettingTool.idl
[3.273s] -- Up-to-date: /home/hoapham/ros2_ws/install/gui_msgs/share/gui_msgs/msg/TrajectorySetting.idl
[3.274s] -- Installing: /home/hoapham/ros2_ws/install/gui_msgs/share/gui_msgs/srv/SettingParams.idl
[3.274s] -- Installing: /home/hoapham/ros2_ws/install/gui_msgs/share/gui_msgs/srv/SettingTool.idl
[3.274s] -- Installing: /home/hoapham/ros2_ws/install/gui_msgs/share/gui_msgs/srv/TrajectorySetting.idl
[3.274s] -- Up-to-date: /home/hoapham/ros2_ws/install/gui_msgs/share/gui_msgs/msg/SettingParams.msg
[3.274s] -- Up-to-date: /home/hoapham/ros2_ws/install/gui_msgs/share/gui_msgs/msg/SettingTool.msg
[3.274s] -- Up-to-date: /home/hoapham/ros2_ws/install/gui_msgs/share/gui_msgs/msg/TrajectorySetting.msg
[3.274s] -- Installing: /home/hoapham/ros2_ws/install/gui_msgs/share/gui_msgs/srv/SettingParams.srv
[3.274s] -- Installing: /home/hoapham/ros2_ws/install/gui_msgs/share/gui_msgs/srv/SettingParams_Request.msg
[3.274s] -- Installing: /home/hoapham/ros2_ws/install/gui_msgs/share/gui_msgs/srv/SettingParams_Response.msg
[3.274s] -- Installing: /home/hoapham/ros2_ws/install/gui_msgs/share/gui_msgs/srv/SettingTool.srv
[3.274s] -- Installing: /home/hoapham/ros2_ws/install/gui_msgs/share/gui_msgs/srv/SettingTool_Request.msg
[3.274s] -- Installing: /home/hoapham/ros2_ws/install/gui_msgs/share/gui_msgs/srv/SettingTool_Response.msg
[3.274s] -- Installing: /home/hoapham/ros2_ws/install/gui_msgs/share/gui_msgs/srv/TrajectorySetting.srv
[3.274s] -- Installing: /home/hoapham/ros2_ws/install/gui_msgs/share/gui_msgs/srv/TrajectorySetting_Request.msg
[3.275s] -- Installing: /home/hoapham/ros2_ws/install/gui_msgs/share/gui_msgs/srv/TrajectorySetting_Response.msg
[3.275s] -- Up-to-date: /home/hoapham/ros2_ws/install/gui_msgs/share/ament_index/resource_index/package_run_dependencies/gui_msgs
[3.275s] -- Up-to-date: /home/hoapham/ros2_ws/install/gui_msgs/share/ament_index/resource_index/parent_prefix_path/gui_msgs
[3.275s] -- Up-to-date: /home/hoapham/ros2_ws/install/gui_msgs/share/gui_msgs/environment/ament_prefix_path.sh
[3.275s] -- Installing: /home/hoapham/ros2_ws/install/gui_msgs/share/gui_msgs/environment/ament_prefix_path.dsv
[3.275s] -- Up-to-date: /home/hoapham/ros2_ws/install/gui_msgs/share/gui_msgs/environment/path.sh
[3.275s] -- Installing: /home/hoapham/ros2_ws/install/gui_msgs/share/gui_msgs/environment/path.dsv
[3.275s] -- Up-to-date: /home/hoapham/ros2_ws/install/gui_msgs/share/gui_msgs/local_setup.bash
[3.275s] -- Up-to-date: /home/hoapham/ros2_ws/install/gui_msgs/share/gui_msgs/local_setup.sh
[3.275s] -- Up-to-date: /home/hoapham/ros2_ws/install/gui_msgs/share/gui_msgs/local_setup.zsh
[3.275s] -- Installing: /home/hoapham/ros2_ws/install/gui_msgs/share/gui_msgs/local_setup.dsv
[3.275s] -- Installing: /home/hoapham/ros2_ws/install/gui_msgs/share/gui_msgs/package.dsv
[3.275s] -- Up-to-date: /home/hoapham/ros2_ws/install/gui_msgs/share/ament_index/resource_index/packages/gui_msgs
[3.275s] -- Up-to-date: /home/hoapham/ros2_ws/install/gui_msgs/share/gui_msgs/cmake/export_gui_msgs__rosidl_generator_cExport.cmake
[3.275s] -- Up-to-date: /home/hoapham/ros2_ws/install/gui_msgs/share/gui_msgs/cmake/export_gui_msgs__rosidl_generator_cExport-noconfig.cmake
[3.275s] -- Up-to-date: /home/hoapham/ros2_ws/install/gui_msgs/share/gui_msgs/cmake/export_gui_msgs__rosidl_typesupport_fastrtps_cExport.cmake
[3.276s] -- Up-to-date: /home/hoapham/ros2_ws/install/gui_msgs/share/gui_msgs/cmake/export_gui_msgs__rosidl_typesupport_fastrtps_cExport-noconfig.cmake
[3.276s] -- Up-to-date: /home/hoapham/ros2_ws/install/gui_msgs/share/gui_msgs/cmake/export_gui_msgs__rosidl_generator_cppExport.cmake
[3.276s] -- Up-to-date: /home/hoapham/ros2_ws/install/gui_msgs/share/gui_msgs/cmake/export_gui_msgs__rosidl_typesupport_fastrtps_cppExport.cmake
[3.276s] -- Up-to-date: /home/hoapham/ros2_ws/install/gui_msgs/share/gui_msgs/cmake/export_gui_msgs__rosidl_typesupport_fastrtps_cppExport-noconfig.cmake
[3.276s] -- Up-to-date: /home/hoapham/ros2_ws/install/gui_msgs/share/gui_msgs/cmake/gui_msgs__rosidl_typesupport_introspection_cExport.cmake
[3.276s] -- Up-to-date: /home/hoapham/ros2_ws/install/gui_msgs/share/gui_msgs/cmake/gui_msgs__rosidl_typesupport_introspection_cExport-noconfig.cmake
[3.276s] -- Up-to-date: /home/hoapham/ros2_ws/install/gui_msgs/share/gui_msgs/cmake/gui_msgs__rosidl_typesupport_cExport.cmake
[3.276s] -- Up-to-date: /home/hoapham/ros2_ws/install/gui_msgs/share/gui_msgs/cmake/gui_msgs__rosidl_typesupport_cExport-noconfig.cmake
[3.276s] -- Up-to-date: /home/hoapham/ros2_ws/install/gui_msgs/share/gui_msgs/cmake/gui_msgs__rosidl_typesupport_introspection_cppExport.cmake
[3.276s] -- Up-to-date: /home/hoapham/ros2_ws/install/gui_msgs/share/gui_msgs/cmake/gui_msgs__rosidl_typesupport_introspection_cppExport-noconfig.cmake
[3.276s] -- Up-to-date: /home/hoapham/ros2_ws/install/gui_msgs/share/gui_msgs/cmake/gui_msgs__rosidl_typesupport_cppExport.cmake
[3.276s] -- Up-to-date: /home/hoapham/ros2_ws/install/gui_msgs/share/gui_msgs/cmake/gui_msgs__rosidl_typesupport_cppExport-noconfig.cmake
[3.276s] -- Up-to-date: /home/hoapham/ros2_ws/install/gui_msgs/share/gui_msgs/cmake/export_gui_msgs__rosidl_generator_pyExport.cmake
[3.276s] -- Up-to-date: /home/hoapham/ros2_ws/install/gui_msgs/share/gui_msgs/cmake/export_gui_msgs__rosidl_generator_pyExport-noconfig.cmake
[3.276s] -- Installing: /home/hoapham/ros2_ws/install/gui_msgs/share/gui_msgs/cmake/rosidl_cmake-extras.cmake
[3.276s] -- Up-to-date: /home/hoapham/ros2_ws/install/gui_msgs/share/gui_msgs/cmake/ament_cmake_export_dependencies-extras.cmake
[3.276s] -- Up-to-date: /home/hoapham/ros2_ws/install/gui_msgs/share/gui_msgs/cmake/ament_cmake_export_include_directories-extras.cmake
[3.276s] -- Up-to-date: /home/hoapham/ros2_ws/install/gui_msgs/share/gui_msgs/cmake/ament_cmake_export_libraries-extras.cmake
[3.276s] -- Up-to-date: /home/hoapham/ros2_ws/install/gui_msgs/share/gui_msgs/cmake/ament_cmake_export_targets-extras.cmake
[3.276s] -- Up-to-date: /home/hoapham/ros2_ws/install/gui_msgs/share/gui_msgs/cmake/rosidl_cmake_export_typesupport_targets-extras.cmake
[3.276s] -- Up-to-date: /home/hoapham/ros2_ws/install/gui_msgs/share/gui_msgs/cmake/rosidl_cmake_export_typesupport_libraries-extras.cmake
[3.276s] -- Up-to-date: /home/hoapham/ros2_ws/install/gui_msgs/share/gui_msgs/cmake/gui_msgsConfig.cmake
[3.276s] -- Up-to-date: /home/hoapham/ros2_ws/install/gui_msgs/share/gui_msgs/cmake/gui_msgsConfig-version.cmake
[3.276s] -- Up-to-date: /home/hoapham/ros2_ws/install/gui_msgs/share/gui_msgs/package.xml
[3.278s] Invoked command in '/home/hoapham/ros2_ws/build/gui_msgs' returned '0': CMAKE_PREFIX_PATH=${CMAKE_PREFIX_PATH}:/opt/ros/humble /usr/bin/cmake --install /home/hoapham/ros2_ws/build/gui_msgs
