[0.017s] Invoking command in '/home/hoapham/ros2_ws/build/rviz_3d_view_controller': CMAKE_PREFIX_PATH=/opt/ros/humble /usr/bin/cmake /home/hoapham/ros2_ws/src/rviz2_cloud_annotation/rviz_3d_view_controller -DCMAKE_INSTALL_PREFIX=/home/hoapham/ros2_ws/install/rviz_3d_view_controller
[0.093s] -- The C compiler identification is GNU 11.4.0
[0.142s] -- The CXX compiler identification is GNU 11.4.0
[0.148s] -- Detecting C compiler ABI info
[0.198s] -- Detecting C compiler ABI info - done
[0.202s] -- Check for working C compiler: /usr/bin/cc - skipped
[0.203s] -- Detecting C compile features
[0.203s] -- Detecting C compile features - done
[0.205s] -- Detecting CXX compiler ABI info
[0.267s] -- Detecting CXX compiler ABI info - done
[0.272s] -- Check for working CXX compiler: /usr/bin/c++ - skipped
[0.272s] -- Detecting CXX compile features
[0.272s] -- Detecting CXX compile features - done
[0.275s] -- Found ament_cmake: 1.3.11 (/opt/ros/humble/share/ament_cmake/cmake)
[0.377s] -- Found Python3: /usr/bin/python3 (found version "3.10.12") found components: Interpreter 
[0.441s] -- Found rclcpp: 16.0.12 (/opt/ros/humble/share/rclcpp/cmake)
[0.471s] -- Found rosidl_generator_c: 3.1.6 (/opt/ros/humble/share/rosidl_generator_c/cmake)
[0.475s] -- Found rosidl_adapter: 3.1.6 (/opt/ros/humble/share/rosidl_adapter/cmake)
[0.480s] -- Found rosidl_generator_cpp: 3.1.6 (/opt/ros/humble/share/rosidl_generator_cpp/cmake)
[0.489s] -- Using all available rosidl_typesupport_c: rosidl_typesupport_fastrtps_c;rosidl_typesupport_introspection_c
[0.499s] -- Using all available rosidl_typesupport_cpp: rosidl_typesupport_fastrtps_cpp;rosidl_typesupport_introspection_cpp
[0.530s] -- Found rmw_implementation_cmake: 6.1.2 (/opt/ros/humble/share/rmw_implementation_cmake/cmake)
[0.532s] -- Found rmw_cyclonedds_cpp: 1.3.4 (/opt/ros/humble/share/rmw_cyclonedds_cpp/cmake)
[0.548s] -- Using RMW implementation 'rmw_cyclonedds_cpp' as default
[0.554s] -- Looking for pthread.h
[0.610s] -- Looking for pthread.h - found
[0.610s] -- Performing Test CMAKE_HAVE_LIBC_PTHREAD
[0.668s] -- Performing Test CMAKE_HAVE_LIBC_PTHREAD - Success
[0.668s] -- Found Threads: TRUE  
[0.703s] -- Found rviz_common: 11.2.16 (/opt/ros/humble/share/rviz_common/cmake)
[0.713s] -- Setting assimp_DIR to: '/opt/ros/humble/share/rviz_assimp_vendor/cmake/../../../opt/rviz_assimp_vendor/lib/cmake/assimp-4.1'
[0.720s] -- Setting OGRE_DIR to: '/opt/ros/humble/share/rviz_ogre_vendor/cmake/../../../opt/rviz_ogre_vendor/lib/OGRE/cmake'
[0.722s] -- Found OGRE
[0.722s] --   static     : OFF
[0.722s] --   components : HLMS;MeshLodGenerator;Overlay;Paging;Property;RTShaderSystem;Terrain;Volume
[0.722s] --   plugins    : Plugin_BSPSceneManager;Plugin_OctreeSceneManager;Plugin_PCZSceneManager;Plugin_ParticleFX;RenderSystem_GL;RenderSystem_GL3Plus;Codec_STBI
[0.722s] --   media      : /opt/ros/humble/opt/rviz_ogre_vendor/share/OGRE/Media
[0.722s] -- OGRE_LIBRARIES: OgreHLMS;OgreMeshLodGenerator;OgreOverlay;OgrePaging;OgreProperty;OgreRTShaderSystem;OgreTerrain;OgreVolume;OgreMain
[0.722s] -- OGRE_LIBRARY_DIRS: /opt/ros/humble/opt/rviz_ogre_vendor/lib
[0.722s] -- OGRE_PLUGINS: Plugin_BSPSceneManager;Plugin_OctreeSceneManager;Plugin_PCZSceneManager;Plugin_ParticleFX;RenderSystem_GL;RenderSystem_GL3Plus;Codec_STBI
[0.722s] -- OGRE_PLUGIN_DIR: /opt/ros/humble/opt/rviz_ogre_vendor/lib/OGRE
[0.722s] -- rviz_ogre_vendor::OgreOverlay for IMPORTED_LOCATION_RELEASE: /opt/ros/humble/opt/rviz_ogre_vendor/lib/libOgreOverlay.so
[0.722s] -- rviz_ogre_vendor::OgreOverlay for IMPORTED_LOCATION_DEBUG: /opt/ros/humble/opt/rviz_ogre_vendor/lib/libOgreOverlay.so
[0.722s] -- rviz_ogre_vendor::OgreMain for IMPORTED_LOCATION_RELEASE: /opt/ros/humble/opt/rviz_ogre_vendor/lib/libOgreMain.so
[0.722s] -- rviz_ogre_vendor::OgreMain for IMPORTED_LOCATION_DEBUG: /opt/ros/humble/opt/rviz_ogre_vendor/lib/libOgreMain.so
[0.739s] -- Found ZLIB: /usr/lib/x86_64-linux-gnu/libz.so (found version "1.2.11") 
[0.742s] -- Found OpenGL: /usr/lib/x86_64-linux-gnu/libOpenGL.so   
[0.807s] -- Found X11: /usr/include   
[0.807s] -- Looking for XOpenDisplay in /usr/lib/x86_64-linux-gnu/libX11.so;/usr/lib/x86_64-linux-gnu/libXext.so
[0.858s] -- Looking for XOpenDisplay in /usr/lib/x86_64-linux-gnu/libX11.so;/usr/lib/x86_64-linux-gnu/libXext.so - found
[0.858s] -- Looking for gethostbyname
[0.908s] -- Looking for gethostbyname - found
[0.908s] -- Looking for connect
[0.955s] -- Looking for connect - found
[0.956s] -- Looking for remove
[1.004s] -- Looking for remove - found
[1.004s] -- Looking for shmat
[1.054s] -- Looking for shmat - found
[1.054s] -- Looking for IceConnectionNumber in ICE
[1.101s] -- Looking for IceConnectionNumber in ICE - found
[1.166s] -- library: /usr/lib/x86_64-linux-gnu/libcurl.so
[1.218s] -- Found Eigen3: TRUE (found version "3.4.0") 
[1.218s] -- Ensuring Eigen3 include directory is part of orocos-kdl CMake target
[1.333s] -- Configuring done
[1.361s] -- Generating done
[1.364s] -- Build files have been written to: /home/hoapham/ros2_ws/build/rviz_3d_view_controller
